[25/4/2017 16:38:48] /ghost
[25/4/2017 16:38:54] /ghost
[25/4/2017 16:39:38] /ghost
[25/4/2017 16:56:25] /ghost
[25/4/2017 16:56:55] /ghost
[25/4/2017 16:58:49] /bc [PROMOÇÃO] Ajude o servidor a se manter online e melhorar cada vez mais, faça uma doação! Double Points para todas as doações acima de R$20,00 e Triple Points acima de R$100,00!
[25/4/2017 17:0:6] /bc [PROMOÇÃO] Ajude o servidor a se manter online e melhorar cada vez mais, faça uma doação! Double Points para todas as doações acima de R$20,00 e Triple Points acima de R$100,00!
[25/4/2017 17:2:29] /bc [PROMOÇÃO] Ajude o servidor a se manter online e melhorar cada vez mais, faça uma doação! Double Points para todas as doações acima de R$20,00 e Triple Points acima de R$100,00!
[25/4/2017 17:5:39] /bc [PROMOÇÃO] Ajude o servidor a se manter online e melhorar cada vez mais, faça uma doação! Double Points para todas as doações acima de R$20,00 e Triple Points acima de R$100,00!
[25/4/2017 17:6:21] /ghost
[25/4/2017 17:6:28] /ghost
[25/4/2017 17:7:5] /bc [PROMOÇÃO] Ajude o servidor a se manter online e melhorar cada vez mais, faça uma doação! Double Points para todas as doações acima de R$20,00 e Triple Points acima de R$100,00!
[25/4/2017 17:11:4] /ghost
[25/4/2017 17:11:45] /ghost
[25/4/2017 18:33:5] /bc [PROMOÇÃO] Ajude o servidor a se manter online e melhorar cada vez mais, faça uma doação! Double Points para todas as doações acima de R$20,00 e Triple Points acima de R$100,00!
[25/4/2017 18:33:6] /bc [PROMOÇÃO] Ajude o servidor a se manter online e melhorar cada vez mais, faça uma doação! Double Points para todas as doações acima de R$20,00 e Triple Points acima de R$100,00!
[25/4/2017 18:33:48] /bc [PROMOÇÃO] Ajude o servidor a se manter online e melhorar cada vez mais, faça uma doação! Double Points para todas as doações acima de R$20,00 e Triple Points acima de R$100,00!
[25/4/2017 18:37:45] /bc [PROMOÇÃO] Ajude o servidor a se manter online e melhorar cada vez mais, faça uma doação! Double Points para todas as doações acima de R$20,00 e Triple Points acima de R$100,00!
[25/4/2017 18:40:47] /bc [PROMOÇÃO] Ajude o servidor a se manter online e melhorar cada vez mais, faça uma doação! Double Points para todas as doações acima de R$20,00 e Triple Points acima de R$100,00!
[25/4/2017 18:46:56] /bc [PROMOÇÃO] Ajude o servidor a se manter online e melhorar cada vez mais, faça uma doação! Double Points para todas as doações acima de R$20,00 e Triple Points acima de R$100,00!
[25/4/2017 18:52:18] /bc [PROMOÇÃO] Ajude o servidor a se manter online e melhorar cada vez mais, faça uma doação! Double Points para todas as doações acima de R$20,00 e Triple Points acima de R$100,00!
[25/4/2017 18:53:52] /ghost
[25/4/2017 18:54:49] /ghost
[25/4/2017 18:56:7] /ghost
[25/4/2017 18:56:37] /bc [PROMOÇÃO] Ajude o servidor a se manter online e melhorar cada vez mais, faça uma doação! Double Points para todas as doações acima de R$20,00 e Triple Points acima de R$100,00!
[25/4/2017 18:58:33] /ghost
[25/4/2017 18:58:39] /bc [PROMOÇÃO] Ajude o servidor a se manter online e melhorar cada vez mais, faça uma doação! Double Points para todas as doações acima de R$20,00 e Triple Points acima de R$100,00!
[25/4/2017 18:58:40] /bc [PROMOÇÃO] Ajude o servidor a se manter online e melhorar cada vez mais, faça uma doação! Double Points para todas as doações acima de R$20,00 e Triple Points acima de R$100,00!
[25/4/2017 18:58:40] /bc [PROMOÇÃO] Ajude o servidor a se manter online e melhorar cada vez mais, faça uma doação! Double Points para todas as doações acima de R$20,00 e Triple Points acima de R$100,00!
[25/4/2017 18:58:40] /bc [PROMOÇÃO] Ajude o servidor a se manter online e melhorar cada vez mais, faça uma doação! Double Points para todas as doações acima de R$20,00 e Triple Points acima de R$100,00!
[25/4/2017 19:11:59] /a 2
[25/4/2017 19:12:0] /a 2
[25/4/2017 19:12:3] /a 2
[25/4/2017 19:12:5] /a 2
[25/4/2017 19:12:5] /a 2
[25/4/2017 19:12:6] /a 2
[25/4/2017 19:12:29] /a 2
[25/4/2017 19:12:30] /a 2
[25/4/2017 19:12:35] /m Addon Doll
[25/4/2017 19:12:37] /bc OIA O DOLL
[25/4/2017 19:39:14] /goto Victorzeerah
[25/4/2017 19:39:18] /goto Victorzeerah
