[14/1/2017 16:2:38] /shutdown
[14/1/2017 16:22:59] /i 415
[14/1/2017 16:23:2] /i 415
[14/1/2017 16:23:4] /i 415
[14/1/2017 16:23:5] /i 415
[14/1/2017 16:23:8] /i 415
[14/1/2017 16:23:14] /i 415
[14/1/2017 16:23:18] /i 415
[14/1/2017 16:23:19] /i 415
[14/1/2017 16:23:21] /i 415
[14/1/2017 16:23:25] /i 415
[15/1/2017 12:53:8] /a 3
[15/1/2017 12:53:10] /a 2
[15/1/2017 12:55:35] /t
[15/1/2017 12:55:54] /t
[15/1/2017 12:56:16] /goto behemoth
[15/1/2017 12:56:23] /a 5
[15/1/2017 12:56:32] /t
[16/1/2017 8:27:3] /reload globalevents
[16/1/2017 8:40:9] /reload globalevents
[16/1/2017 8:40:33] /i 5772
[16/1/2017 8:40:49] /r
[16/1/2017 8:42:21] /reload globalevents
[16/1/2017 8:49:31] /reload globalevents
[16/1/2017 8:50:8] /reload globalevents
[16/1/2017 8:55:47] /reload globalevents
[16/1/2017 9:13:55] /save
[16/1/2017 9:35:41] /i 5772
[16/1/2017 9:35:42] /i 5772
[16/1/2017 9:44:51] /t
[16/1/2017 9:44:55] /ghost
[16/1/2017 9:50:23] /r
[16/1/2017 9:55:15] /goto templar'ek
[16/1/2017 10:21:33] /goto mano vey
[16/1/2017 10:21:36] /t
[16/1/2017 11:16:53] /bc CHAMEM SEUS AMIGOS PARA JOGAR O SERVIDOR!!! ARMAS GRATIS NA ALAVANCA!!
[16/1/2017 11:16:55] /bc CHAMEM SEUS AMIGOS PARA JOGAR O SERVIDOR!!! ARMAS GRATIS NA ALAVANCA!!
[16/1/2017 11:16:55] /bc CHAMEM SEUS AMIGOS PARA JOGAR O SERVIDOR!!! ARMAS GRATIS NA ALAVANCA!!
[16/1/2017 11:16:56] /bc CHAMEM SEUS AMIGOS PARA JOGAR O SERVIDOR!!! ARMAS GRATIS NA ALAVANCA!!
[16/1/2017 11:16:57] /bc CHAMEM SEUS AMIGOS PARA JOGAR O SERVIDOR!!! ARMAS GRATIS NA ALAVANCA!!
[16/1/2017 11:16:58] /bc CHAMEM SEUS AMIGOS PARA JOGAR O SERVIDOR!!! ARMAS GRATIS NA ALAVANCA!!
[16/1/2017 11:16:58] /bc CHAMEM SEUS AMIGOS PARA JOGAR O SERVIDOR!!! ARMAS GRATIS NA ALAVANCA!!
[16/1/2017 11:16:59] /bc CHAMEM SEUS AMIGOS PARA JOGAR O SERVIDOR!!! ARMAS GRATIS NA ALAVANCA!!
[16/1/2017 11:16:59] /bc CHAMEM SEUS AMIGOS PARA JOGAR O SERVIDOR!!! ARMAS GRATIS NA ALAVANCA!!
[16/1/2017 11:17:0] /bc CHAMEM SEUS AMIGOS PARA JOGAR O SERVIDOR!!! ARMAS GRATIS NA ALAVANCA!!
[16/1/2017 11:17:1] /bc CHAMEM SEUS AMIGOS PARA JOGAR O SERVIDOR!!! ARMAS GRATIS NA ALAVANCA!!
[16/1/2017 11:17:1] /bc CHAMEM SEUS AMIGOS PARA JOGAR O SERVIDOR!!! ARMAS GRATIS NA ALAVANCA!!
[16/1/2017 11:17:2] /bc CHAMEM SEUS AMIGOS PARA JOGAR O SERVIDOR!!! ARMAS GRATIS NA ALAVANCA!!
[16/1/2017 11:17:2] /bc CHAMEM SEUS AMIGOS PARA JOGAR O SERVIDOR!!! ARMAS GRATIS NA ALAVANCA!!
[16/1/2017 11:17:3] /bc CHAMEM SEUS AMIGOS PARA JOGAR O SERVIDOR!!! ARMAS GRATIS NA ALAVANCA!!
[16/1/2017 12:27:5] /goto berimbal
[16/1/2017 12:27:15] /goto berimbal
[16/1/2017 12:29:32] /r
[17/1/2017 9:51:7] /i 2157
[17/1/2017 10:31:8] /bc CHAMEM SEUS AMIGOS E INIMIGOS! VAMOS ENCHER O SERVIDOR ! ;D
[17/1/2017 10:31:10] /bc CHAMEM SEUS AMIGOS E INIMIGOS! VAMOS ENCHER O SERVIDOR ! ;D
[17/1/2017 10:31:11] /bc CHAMEM SEUS AMIGOS E INIMIGOS! VAMOS ENCHER O SERVIDOR ! ;D
[17/1/2017 10:31:11] /bc CHAMEM SEUS AMIGOS E INIMIGOS! VAMOS ENCHER O SERVIDOR ! ;D
[17/1/2017 10:31:17] /bc CHAMEM SEUS AMIGOS E INIMIGOS! VAMOS ENCHER O SERVIDOR ! ;D
[17/1/2017 10:31:18] /bc CHAMEM SEUS AMIGOS E INIMIGOS! VAMOS ENCHER O SERVIDOR ! ;D
[17/1/2017 10:36:27] /owner sawada
[17/1/2017 10:36:30] /c sawada
[17/1/2017 10:36:51] /t
[17/1/2017 15:52:31] /t
[26/1/2017 8:33:46] /closeserver
[26/1/2017 8:36:12] /i backpack
[26/1/2017 8:38:6] /i new mage staff
[26/1/2017 8:40:51] /i new kina sword
[26/1/2017 8:40:55] /i new kina axe
[26/1/2017 8:40:58] /i new kina club
[26/1/2017 8:41:3] /i new pally bow
[26/1/2017 8:41:15] /m demon
[26/1/2017 8:51:54] /i wand of baiak
[26/1/2017 9:16:39] /a 1
[26/1/2017 9:16:40] /a 1
[26/1/2017 9:16:41] /a 1
[26/1/2017 9:16:41] /owner nobody
[26/1/2017 9:16:43] /a 1
[26/1/2017 9:16:43] /a 1
[26/1/2017 9:16:43] /a 1
[26/1/2017 9:16:43] /a 1
[26/1/2017 9:16:43] /a 1
[26/1/2017 9:16:44] /a 1
[26/1/2017 9:16:44] /owner nobody
[26/1/2017 9:16:46] /a 1
[26/1/2017 9:16:46] /a 1
[26/1/2017 9:16:46] /a 1
[26/1/2017 9:16:46] /a 1
[26/1/2017 9:16:47] /a 1
[26/1/2017 9:16:47] /a 1
[26/1/2017 9:16:47] /a 1
[26/1/2017 9:16:47] /a 1
[26/1/2017 9:16:48] /a 1
[26/1/2017 9:16:48] /a 1
[26/1/2017 9:16:48] /a 1
[26/1/2017 9:16:48] /a 1
[26/1/2017 9:16:49] /a 1
[26/1/2017 9:16:49] /a 1
[26/1/2017 9:16:49] /owner nobody
[26/1/2017 9:16:50] /a 1
[26/1/2017 9:16:50] /a 1
[26/1/2017 9:16:50] /a 1
[26/1/2017 9:16:50] /a 1
[26/1/2017 9:16:51] /a 1
[26/1/2017 9:16:51] /a 1
[26/1/2017 9:16:51] /a 1
[26/1/2017 9:16:51] /a 1
[26/1/2017 9:16:51] /a 1
[26/1/2017 9:16:51] /a 1
[26/1/2017 9:16:51] /owner nobody
[26/1/2017 9:16:52] /a 1
[26/1/2017 9:16:52] /a 1
[26/1/2017 9:16:52] /a 1
[26/1/2017 9:16:52] /a 1
[26/1/2017 9:16:53] /a 1
[26/1/2017 9:16:53] /a 1
[26/1/2017 9:16:53] /a 1
[26/1/2017 9:16:54] /a 1
[26/1/2017 9:16:58] /a 1
[26/1/2017 9:16:58] /a 1
[26/1/2017 9:16:58] /a 1
[26/1/2017 9:16:58] /a 1
[26/1/2017 9:16:59] /a 1
[26/1/2017 9:16:59] /a 1
[26/1/2017 9:16:59] /a 1
[26/1/2017 9:16:59] /a 1
[26/1/2017 9:16:59] /a 1
[26/1/2017 9:17:0] /a 1
[26/1/2017 9:17:0] /a 1
[26/1/2017 9:17:0] /owner nobody
[26/1/2017 9:17:1] /a 1
[26/1/2017 9:17:2] /a 1
[26/1/2017 9:17:2] /a 1
[26/1/2017 9:17:2] /a 1
[26/1/2017 9:17:2] /a 1
[26/1/2017 9:17:2] /a 1
[26/1/2017 9:17:3] /a 1
[26/1/2017 9:17:3] /a 1
[26/1/2017 9:17:4] /a 1
[26/1/2017 9:17:4] /a 1
[26/1/2017 9:17:5] /a 1
[26/1/2017 9:17:5] /a 1
[26/1/2017 9:17:5] /a 1
[26/1/2017 9:17:5] /a 1
[26/1/2017 9:17:5] /a 1
[26/1/2017 9:17:5] /a 1
[26/1/2017 9:17:5] /a 1
[26/1/2017 9:17:5] /a 1
[26/1/2017 9:17:6] /a 1
[26/1/2017 9:17:6] /a 1
[26/1/2017 9:17:6] /a 1
[26/1/2017 9:17:6] /a 1
[26/1/2017 9:17:7] /a 1
[26/1/2017 9:17:7] /a 1
[26/1/2017 9:17:7] /a 1
[26/1/2017 9:17:7] /a 1
[26/1/2017 9:17:8] /a 1
[26/1/2017 9:17:8] /a 1
[26/1/2017 9:17:8] /a 1
[26/1/2017 9:17:11] /a 1
[26/1/2017 9:17:11] /a 1
[26/1/2017 9:17:11] /a 1
[26/1/2017 9:17:11] /a 1
[26/1/2017 9:17:12] /a 1
[26/1/2017 9:17:12] /owner nobody
[26/1/2017 9:17:13] /a 1
[26/1/2017 9:17:13] /a 1
[26/1/2017 9:17:13] /a 1
[26/1/2017 9:17:14] /a 1
[26/1/2017 9:17:14] /a 1
[26/1/2017 9:17:14] /owner nobody
[26/1/2017 9:17:14] /a 1
[26/1/2017 9:17:15] /a 1
[26/1/2017 9:17:15] /a 1
[26/1/2017 9:17:15] /a 1
[26/1/2017 9:17:15] /a 1
[26/1/2017 9:17:16] /a 1
[26/1/2017 9:17:16] /owner nobody
[26/1/2017 9:17:19] /r
[26/1/2017 9:17:21] /r
[26/1/2017 9:17:23] /r
[26/1/2017 9:17:25] /r
[26/1/2017 9:17:27] /r
[26/1/2017 9:17:57] /r
[26/1/2017 9:17:59] /r
[26/1/2017 9:18:1] /r
[26/1/2017 9:18:3] /r
[26/1/2017 9:18:5] /a 1
[26/1/2017 9:18:5] /a 1
[26/1/2017 9:18:6] /a 1
[26/1/2017 9:18:7] /a 1
[26/1/2017 9:18:8] /owner nobody
[26/1/2017 9:18:8] /a 1
[26/1/2017 9:18:9] /a 1
[26/1/2017 9:18:9] /a 1
[26/1/2017 9:18:9] /a 1
[26/1/2017 9:18:9] /a 1
[26/1/2017 9:18:10] /a 1
[26/1/2017 9:18:10] /a 1
[26/1/2017 9:18:10] /a 1
[26/1/2017 9:18:10] /a 1
[26/1/2017 9:18:10] /a 1
[26/1/2017 9:18:11] /a 1
[26/1/2017 9:18:12] /a 1
[26/1/2017 9:18:12] /a 1
[26/1/2017 9:18:12] /a 1
[26/1/2017 9:18:12] /a 1
[26/1/2017 9:18:13] /a 1
[26/1/2017 9:18:13] /a 1
[26/1/2017 9:18:13] /a 1
[26/1/2017 9:18:13] /a 1
[26/1/2017 9:18:13] /a 1
[26/1/2017 9:18:14] /a 1
[26/1/2017 9:18:14] /a 1
[26/1/2017 9:18:29] /a 1
[26/1/2017 9:18:30] /a 1
[26/1/2017 9:18:31] /owner nobody
[26/1/2017 9:18:32] /a 1
[26/1/2017 9:18:32] /a 1
[26/1/2017 9:18:32] /a 1
[26/1/2017 9:18:34] /a 1
[26/1/2017 9:18:34] /a 1
[26/1/2017 9:18:35] /owner nobody
[26/1/2017 9:18:37] /a 1
[26/1/2017 9:18:38] /a 1
[26/1/2017 9:18:38] /a 1
[26/1/2017 9:18:41] /a 1
[26/1/2017 9:18:42] /a 1
[26/1/2017 9:18:42] /a 1
[26/1/2017 9:18:42] /a 1
[26/1/2017 9:18:43] /a 1
[26/1/2017 9:18:44] /owner nobody
[26/1/2017 9:18:45] /a 1
[26/1/2017 9:18:45] /a 1
[26/1/2017 9:18:45] /a 1
[26/1/2017 9:18:46] /a 1
[26/1/2017 9:18:47] /a 1
[26/1/2017 9:18:47] /a 1
[26/1/2017 9:18:47] /a 1
[26/1/2017 9:18:47] /a 1
[26/1/2017 9:18:48] /t
[26/1/2017 9:19:3] /t
[26/1/2017 22:34:53] /closeserver
[26/1/2017 22:34:59] /closeserver
[26/1/2017 22:35:10] /reload globalevents
[30/1/2017 11:14:48] /shutdown
[30/1/2017 11:32:1] /goto mago
[30/1/2017 12:37:34] /c chaos
[30/1/2017 12:38:6] /i letter
[30/1/2017 12:39:30] /c ed da noia
[30/1/2017 12:43:47] /t
[30/1/2017 16:5:31] /t
[30/1/2017 18:13:2] /bc Galera, vou ter que mudar o nome do server pq o dono da otlist ta de graça com a minha cara !!! mas vai continuar tudo mesma coisa, so vou mudar o IP !!!
[30/1/2017 18:13:6] /bc Galera, vou ter que mudar o nome do server pq o dono da otlist ta de graça com a minha cara !!! mas vai continuar tudo mesma coisa, so vou mudar o IP !!!
[30/1/2017 18:13:7] /bc Galera, vou ter que mudar o nome do server pq o dono da otlist ta de graça com a minha cara !!! mas vai continuar tudo mesma coisa, so vou mudar o IP !!!
[30/1/2017 18:13:8] /bc Galera, vou ter que mudar o nome do server pq o dono da otlist ta de graça com a minha cara !!! mas vai continuar tudo mesma coisa, so vou mudar o IP !!!
[30/1/2017 18:13:9] /bc Galera, vou ter que mudar o nome do server pq o dono da otlist ta de graça com a minha cara !!! mas vai continuar tudo mesma coisa, so vou mudar o IP !!!
[30/1/2017 18:13:9] /bc Galera, vou ter que mudar o nome do server pq o dono da otlist ta de graça com a minha cara !!! mas vai continuar tudo mesma coisa, so vou mudar o IP !!!
[30/1/2017 18:13:10] /bc Galera, vou ter que mudar o nome do server pq o dono da otlist ta de graça com a minha cara !!! mas vai continuar tudo mesma coisa, so vou mudar o IP !!!
[30/1/2017 18:13:11] /bc Galera, vou ter que mudar o nome do server pq o dono da otlist ta de graça com a minha cara !!! mas vai continuar tudo mesma coisa, so vou mudar o IP !!!
[30/1/2017 18:13:11] /bc Galera, vou ter que mudar o nome do server pq o dono da otlist ta de graça com a minha cara !!! mas vai continuar tudo mesma coisa, so vou mudar o IP !!!
[30/1/2017 18:13:49] /bc Em breve anuncio o novo IP !!!!!
[30/1/2017 18:13:57] /bc Em breve anuncio o novo IP !!!!!
[30/1/2017 18:13:58] /bc Em breve anuncio o novo IP !!!!!
[30/1/2017 18:13:59] /bc Em breve anuncio o novo IP !!!!!
[30/1/2017 18:14:0] /bc Em breve anuncio o novo IP !!!!!
[30/1/2017 18:17:23] /promote tutor
[30/1/2017 18:17:24] /promote tutor
[30/1/2017 18:39:11] /t
[30/1/2017 18:39:16] /m treiner new
[30/1/2017 18:39:25] /m treiner
[30/1/2017 18:40:15] /r
[30/1/2017 18:44:29] /bc peço que todos salvem o ip numerico do server pois em breve trocaremos de IP !!!! 192.99.139.19
[30/1/2017 18:44:31] /bc peço que todos salvem o ip numerico do server pois em breve trocaremos de IP !!!! 192.99.139.19
[30/1/2017 18:44:32] /bc peço que todos salvem o ip numerico do server pois em breve trocaremos de IP !!!! 192.99.139.19
[30/1/2017 18:44:32] /bc peço que todos salvem o ip numerico do server pois em breve trocaremos de IP !!!! 192.99.139.19
[30/1/2017 18:44:33] /bc peço que todos salvem o ip numerico do server pois em breve trocaremos de IP !!!! 192.99.139.19
[30/1/2017 18:44:33] /bc peço que todos salvem o ip numerico do server pois em breve trocaremos de IP !!!! 192.99.139.19
[30/1/2017 18:44:34] /bc peço que todos salvem o ip numerico do server pois em breve trocaremos de IP !!!! 192.99.139.19
[30/1/2017 18:44:35] /bc peço que todos salvem o ip numerico do server pois em breve trocaremos de IP !!!! 192.99.139.19
[30/1/2017 18:44:35] /bc peço que todos salvem o ip numerico do server pois em breve trocaremos de IP !!!! 192.99.139.19
[30/1/2017 18:44:36] /bc peço que todos salvem o ip numerico do server pois em breve trocaremos de IP !!!! 192.99.139.19
[30/1/2017 18:44:36] /bc peço que todos salvem o ip numerico do server pois em breve trocaremos de IP !!!! 192.99.139.19
[30/1/2017 18:44:37] /bc peço que todos salvem o ip numerico do server pois em breve trocaremos de IP !!!! 192.99.139.19
[30/1/2017 18:44:37] /bc peço que todos salvem o ip numerico do server pois em breve trocaremos de IP !!!! 192.99.139.19
[30/1/2017 18:44:38] /bc peço que todos salvem o ip numerico do server pois em breve trocaremos de IP !!!! 192.99.139.19
[30/1/2017 18:44:39] /bc peço que todos salvem o ip numerico do server pois em breve trocaremos de IP !!!! 192.99.139.19
[30/1/2017 18:44:39] /bc peço que todos salvem o ip numerico do server pois em breve trocaremos de IP !!!! 192.99.139.19
[30/1/2017 18:44:40] /bc peço que todos salvem o ip numerico do server pois em breve trocaremos de IP !!!! 192.99.139.19
[30/1/2017 18:44:40] /bc peço que todos salvem o ip numerico do server pois em breve trocaremos de IP !!!! 192.99.139.19
[30/1/2017 18:44:41] /bc peço que todos salvem o ip numerico do server pois em breve trocaremos de IP !!!! 192.99.139.19
[30/1/2017 18:44:41] /bc peço que todos salvem o ip numerico do server pois em breve trocaremos de IP !!!! 192.99.139.19
[30/1/2017 18:45:42] /bc peço que todos salvem o ip numerico do server pois em breve trocaremos de IP !!!! 192.99.139.19
[30/1/2017 18:45:43] /bc peço que todos salvem o ip numerico do server pois em breve trocaremos de IP !!!! 192.99.139.19
[30/1/2017 18:45:45] /bc peço que todos salvem o ip numerico do server pois em breve trocaremos de IP !!!! 192.99.139.19
[30/1/2017 18:45:45] /bc peço que todos salvem o ip numerico do server pois em breve trocaremos de IP !!!! 192.99.139.19
[30/1/2017 18:45:46] /bc peço que todos salvem o ip numerico do server pois em breve trocaremos de IP !!!! 192.99.139.19
[30/1/2017 18:45:47] /bc peço que todos salvem o ip numerico do server pois em breve trocaremos de IP !!!! 192.99.139.19
[30/1/2017 18:55:16] /bc peço que todos salvem o ip numerico do server pois em breve trocaremos de IP !!!! 192.99.139.19
[30/1/2017 18:55:17] /bc peço que todos salvem o ip numerico do server pois em breve trocaremos de IP !!!! 192.99.139.19
[30/1/2017 18:55:17] /bc peço que todos salvem o ip numerico do server pois em breve trocaremos de IP !!!! 192.99.139.19
[30/1/2017 18:55:18] /bc peço que todos salvem o ip numerico do server pois em breve trocaremos de IP !!!! 192.99.139.19
[30/1/2017 18:55:19] /bc peço que todos salvem o ip numerico do server pois em breve trocaremos de IP !!!! 192.99.139.19
[30/1/2017 18:55:20] /bc peço que todos salvem o ip numerico do server pois em breve trocaremos de IP !!!! 192.99.139.19
[30/1/2017 18:55:20] /bc peço que todos salvem o ip numerico do server pois em breve trocaremos de IP !!!! 192.99.139.19
[30/1/2017 18:55:21] /bc peço que todos salvem o ip numerico do server pois em breve trocaremos de IP !!!! 192.99.139.19
[30/1/2017 18:55:22] /bc peço que todos salvem o ip numerico do server pois em breve trocaremos de IP !!!! 192.99.139.19
[30/1/2017 18:55:23] /bc peço que todos salvem o ip numerico do server pois em breve trocaremos de IP !!!! 192.99.139.19
[30/1/2017 18:55:24] /bc peço que todos salvem o ip numerico do server pois em breve trocaremos de IP !!!! 192.99.139.19
[30/1/2017 18:55:24] /bc peço que todos salvem o ip numerico do server pois em breve trocaremos de IP !!!! 192.99.139.19
[30/1/2017 18:55:25] /bc peço que todos salvem o ip numerico do server pois em breve trocaremos de IP !!!! 192.99.139.19
[30/1/2017 18:55:26] /bc peço que todos salvem o ip numerico do server pois em breve trocaremos de IP !!!! 192.99.139.19
[30/1/2017 18:55:26] /bc peço que todos salvem o ip numerico do server pois em breve trocaremos de IP !!!! 192.99.139.19
[30/1/2017 18:55:27] /bc peço que todos salvem o ip numerico do server pois em breve trocaremos de IP !!!! 192.99.139.19
[30/1/2017 18:55:28] /bc peço que todos salvem o ip numerico do server pois em breve trocaremos de IP !!!! 192.99.139.19
[30/1/2017 18:55:28] /bc peço que todos salvem o ip numerico do server pois em breve trocaremos de IP !!!! 192.99.139.19
[30/1/2017 18:55:29] /bc peço que todos salvem o ip numerico do server pois em breve trocaremos de IP !!!! 192.99.139.19
[30/1/2017 18:55:30] /bc peço que todos salvem o ip numerico do server pois em breve trocaremos de IP !!!! 192.99.139.19
[30/1/2017 18:55:30] /bc peço que todos salvem o ip numerico do server pois em breve trocaremos de IP !!!! 192.99.139.19
[30/1/2017 18:55:31] /bc peço que todos salvem o ip numerico do server pois em breve trocaremos de IP !!!! 192.99.139.19
[30/1/2017 18:55:31] /bc peço que todos salvem o ip numerico do server pois em breve trocaremos de IP !!!! 192.99.139.19
[30/1/2017 18:55:32] /bc peço que todos salvem o ip numerico do server pois em breve trocaremos de IP !!!! 192.99.139.19
[30/1/2017 18:55:32] /bc peço que todos salvem o ip numerico do server pois em breve trocaremos de IP !!!! 192.99.139.19
[30/1/2017 18:55:34] /bc peço que todos salvem o ip numerico do server pois em breve trocaremos de IP !!!! 192.99.139.19
[30/1/2017 18:55:34] /bc peço que todos salvem o ip numerico do server pois em breve trocaremos de IP !!!! 192.99.139.19
[30/1/2017 18:58:29] /reload globalevents
[30/1/2017 18:59:2] /reload globalevents
[30/1/2017 19:3:41] /bc peço que todos salvem o ip numerico do server pois em breve trocaremos de IP !!!! 192.99.139.19
[30/1/2017 19:3:43] /bc peço que todos salvem o ip numerico do server pois em breve trocaremos de IP !!!! 192.99.139.19
[30/1/2017 19:3:43] /bc peço que todos salvem o ip numerico do server pois em breve trocaremos de IP !!!! 192.99.139.19
[30/1/2017 19:3:44] /bc peço que todos salvem o ip numerico do server pois em breve trocaremos de IP !!!! 192.99.139.19
[30/1/2017 19:3:44] /bc peço que todos salvem o ip numerico do server pois em breve trocaremos de IP !!!! 192.99.139.19
[30/1/2017 19:3:45] /bc peço que todos salvem o ip numerico do server pois em breve trocaremos de IP !!!! 192.99.139.19
[30/1/2017 19:3:45] /bc peço que todos salvem o ip numerico do server pois em breve trocaremos de IP !!!! 192.99.139.19
[30/1/2017 19:3:47] /bc peço que todos salvem o ip numerico do server pois em breve trocaremos de IP !!!! 192.99.139.19
[30/1/2017 19:3:47] /bc peço que todos salvem o ip numerico do server pois em breve trocaremos de IP !!!! 192.99.139.19
[30/1/2017 19:3:48] /bc peço que todos salvem o ip numerico do server pois em breve trocaremos de IP !!!! 192.99.139.19
[30/1/2017 19:3:49] /bc peço que todos salvem o ip numerico do server pois em breve trocaremos de IP !!!! 192.99.139.19
[30/1/2017 19:3:49] /bc peço que todos salvem o ip numerico do server pois em breve trocaremos de IP !!!! 192.99.139.19
[30/1/2017 19:19:58] /bc o novo IP do servidor é baiak-max.ml anotem ai pra não haver problemas!!!! Daqui a pouco vou reiniciar o servidor!!
[30/1/2017 19:20:1] /bc o novo IP do servidor é baiak-max.ml anotem ai pra não haver problemas!!!! Daqui a pouco vou reiniciar o servidor!!
[30/1/2017 19:20:2] /bc o novo IP do servidor é baiak-max.ml anotem ai pra não haver problemas!!!! Daqui a pouco vou reiniciar o servidor!!
[30/1/2017 19:20:4] /bc o novo IP do servidor é baiak-max.ml anotem ai pra não haver problemas!!!! Daqui a pouco vou reiniciar o servidor!!
[30/1/2017 19:20:5] /bc o novo IP do servidor é baiak-max.ml anotem ai pra não haver problemas!!!! Daqui a pouco vou reiniciar o servidor!!
[30/1/2017 19:20:5] /bc o novo IP do servidor é baiak-max.ml anotem ai pra não haver problemas!!!! Daqui a pouco vou reiniciar o servidor!!
[30/1/2017 19:20:7] /bc o novo IP do servidor é baiak-max.ml anotem ai pra não haver problemas!!!! Daqui a pouco vou reiniciar o servidor!!
[30/1/2017 19:20:7] /bc o novo IP do servidor é baiak-max.ml anotem ai pra não haver problemas!!!! Daqui a pouco vou reiniciar o servidor!!
[30/1/2017 19:20:22] /bc o novo IP do servidor é baiak-max.ml anotem ai pra não haver problemas!!!! Daqui a pouco vou reiniciar o servidor!!
[30/1/2017 19:20:23] /bc o novo IP do servidor é baiak-max.ml anotem ai pra não haver problemas!!!! Daqui a pouco vou reiniciar o servidor!!
[30/1/2017 19:20:24] /bc o novo IP do servidor é baiak-max.ml anotem ai pra não haver problemas!!!! Daqui a pouco vou reiniciar o servidor!!
[30/1/2017 19:20:25] /bc o novo IP do servidor é baiak-max.ml anotem ai pra não haver problemas!!!! Daqui a pouco vou reiniciar o servidor!!
[30/1/2017 19:20:25] /bc o novo IP do servidor é baiak-max.ml anotem ai pra não haver problemas!!!! Daqui a pouco vou reiniciar o servidor!!
[30/1/2017 19:20:26] /bc o novo IP do servidor é baiak-max.ml anotem ai pra não haver problemas!!!! Daqui a pouco vou reiniciar o servidor!!
[30/1/2017 19:20:27] /bc o novo IP do servidor é baiak-max.ml anotem ai pra não haver problemas!!!! Daqui a pouco vou reiniciar o servidor!!
[30/1/2017 19:20:28] /bc o novo IP do servidor é baiak-max.ml anotem ai pra não haver problemas!!!! Daqui a pouco vou reiniciar o servidor!!
[30/1/2017 19:20:28] /bc o novo IP do servidor é baiak-max.ml anotem ai pra não haver problemas!!!! Daqui a pouco vou reiniciar o servidor!!
[30/1/2017 19:20:29] /bc o novo IP do servidor é baiak-max.ml anotem ai pra não haver problemas!!!! Daqui a pouco vou reiniciar o servidor!!
[30/1/2017 19:20:30] /bc o novo IP do servidor é baiak-max.ml anotem ai pra não haver problemas!!!! Daqui a pouco vou reiniciar o servidor!!
[30/1/2017 19:20:30] /bc o novo IP do servidor é baiak-max.ml anotem ai pra não haver problemas!!!! Daqui a pouco vou reiniciar o servidor!!
[30/1/2017 19:20:31] /bc o novo IP do servidor é baiak-max.ml anotem ai pra não haver problemas!!!! Daqui a pouco vou reiniciar o servidor!!
[30/1/2017 19:20:31] /bc o novo IP do servidor é baiak-max.ml anotem ai pra não haver problemas!!!! Daqui a pouco vou reiniciar o servidor!!
[30/1/2017 19:20:32] /bc o novo IP do servidor é baiak-max.ml anotem ai pra não haver problemas!!!! Daqui a pouco vou reiniciar o servidor!!
[30/1/2017 19:20:33] /bc o novo IP do servidor é baiak-max.ml anotem ai pra não haver problemas!!!! Daqui a pouco vou reiniciar o servidor!!
[30/1/2017 19:20:34] /bc o novo IP do servidor é baiak-max.ml anotem ai pra não haver problemas!!!! Daqui a pouco vou reiniciar o servidor!!
[30/1/2017 19:20:34] /bc o novo IP do servidor é baiak-max.ml anotem ai pra não haver problemas!!!! Daqui a pouco vou reiniciar o servidor!!
[30/1/2017 19:24:22] /bc o novo IP do servidor é baiak-max.ml anotem ai pra não haver problemas!!!! Daqui a pouco vou reiniciar o servidor!!
[30/1/2017 19:24:24] /bc o novo IP do servidor é baiak-max.ml anotem ai pra não haver problemas!!!! Daqui a pouco vou reiniciar o servidor!!
[30/1/2017 19:24:25] /bc o novo IP do servidor é baiak-max.ml anotem ai pra não haver problemas!!!! Daqui a pouco vou reiniciar o servidor!!
[30/1/2017 19:24:26] /bc o novo IP do servidor é baiak-max.ml anotem ai pra não haver problemas!!!! Daqui a pouco vou reiniciar o servidor!!
[30/1/2017 19:24:27] /bc o novo IP do servidor é baiak-max.ml anotem ai pra não haver problemas!!!! Daqui a pouco vou reiniciar o servidor!!
[30/1/2017 19:24:27] /bc o novo IP do servidor é baiak-max.ml anotem ai pra não haver problemas!!!! Daqui a pouco vou reiniciar o servidor!!
[30/1/2017 19:24:28] /bc o novo IP do servidor é baiak-max.ml anotem ai pra não haver problemas!!!! Daqui a pouco vou reiniciar o servidor!!
[30/1/2017 19:24:29] /bc o novo IP do servidor é baiak-max.ml anotem ai pra não haver problemas!!!! Daqui a pouco vou reiniciar o servidor!!
[30/1/2017 19:24:29] /bc o novo IP do servidor é baiak-max.ml anotem ai pra não haver problemas!!!! Daqui a pouco vou reiniciar o servidor!!
[30/1/2017 19:24:30] /bc o novo IP do servidor é baiak-max.ml anotem ai pra não haver problemas!!!! Daqui a pouco vou reiniciar o servidor!!
[30/1/2017 19:24:31] /bc o novo IP do servidor é baiak-max.ml anotem ai pra não haver problemas!!!! Daqui a pouco vou reiniciar o servidor!!
[30/1/2017 19:24:32] /bc o novo IP do servidor é baiak-max.ml anotem ai pra não haver problemas!!!! Daqui a pouco vou reiniciar o servidor!!
[30/1/2017 19:24:33] /bc o novo IP do servidor é baiak-max.ml anotem ai pra não haver problemas!!!! Daqui a pouco vou reiniciar o servidor!!
[30/1/2017 19:24:34] /bc o novo IP do servidor é baiak-max.ml anotem ai pra não haver problemas!!!! Daqui a pouco vou reiniciar o servidor!!
[30/1/2017 19:24:35] /bc o novo IP do servidor é baiak-max.ml anotem ai pra não haver problemas!!!! Daqui a pouco vou reiniciar o servidor!!
[30/1/2017 19:24:35] /bc o novo IP do servidor é baiak-max.ml anotem ai pra não haver problemas!!!! Daqui a pouco vou reiniciar o servidor!!
[30/1/2017 19:24:36] /bc o novo IP do servidor é baiak-max.ml anotem ai pra não haver problemas!!!! Daqui a pouco vou reiniciar o servidor!!
[30/1/2017 19:26:0] /bc o novo IP do servidor é baiak-max.ml anotem ai pra não haver problemas!!!! Daqui a pouco vou reiniciar o servidor!!
[30/1/2017 19:35:16] /bc Daqui 5 minutos vou reiniciar o server!!! E na volta so poderá se conectar pelo IP --> baiak-max.ml
[30/1/2017 19:35:18] /bc Daqui 5 minutos vou reiniciar o server!!! E na volta so poderá se conectar pelo IP --> baiak-max.ml
[30/1/2017 19:35:19] /bc Daqui 5 minutos vou reiniciar o server!!! E na volta so poderá se conectar pelo IP --> baiak-max.ml
[30/1/2017 19:35:20] /bc Daqui 5 minutos vou reiniciar o server!!! E na volta so poderá se conectar pelo IP --> baiak-max.ml
[30/1/2017 19:35:20] /bc Daqui 5 minutos vou reiniciar o server!!! E na volta so poderá se conectar pelo IP --> baiak-max.ml
[30/1/2017 19:35:21] /bc Daqui 5 minutos vou reiniciar o server!!! E na volta so poderá se conectar pelo IP --> baiak-max.ml
[30/1/2017 19:35:22] /bc Daqui 5 minutos vou reiniciar o server!!! E na volta so poderá se conectar pelo IP --> baiak-max.ml
[30/1/2017 19:35:23] /bc Daqui 5 minutos vou reiniciar o server!!! E na volta so poderá se conectar pelo IP --> baiak-max.ml
[30/1/2017 19:35:24] /bc Daqui 5 minutos vou reiniciar o server!!! E na volta so poderá se conectar pelo IP --> baiak-max.ml
[30/1/2017 19:35:24] /bc Daqui 5 minutos vou reiniciar o server!!! E na volta so poderá se conectar pelo IP --> baiak-max.ml
[30/1/2017 19:35:25] /bc Daqui 5 minutos vou reiniciar o server!!! E na volta so poderá se conectar pelo IP --> baiak-max.ml
[30/1/2017 19:35:26] /bc Daqui 5 minutos vou reiniciar o server!!! E na volta so poderá se conectar pelo IP --> baiak-max.ml
[30/1/2017 19:35:26] /bc Daqui 5 minutos vou reiniciar o server!!! E na volta so poderá se conectar pelo IP --> baiak-max.ml
[30/1/2017 19:35:27] /bc Daqui 5 minutos vou reiniciar o server!!! E na volta so poderá se conectar pelo IP --> baiak-max.ml
[30/1/2017 19:35:27] /bc Daqui 5 minutos vou reiniciar o server!!! E na volta so poderá se conectar pelo IP --> baiak-max.ml
[30/1/2017 19:35:28] /bc Daqui 5 minutos vou reiniciar o server!!! E na volta so poderá se conectar pelo IP --> baiak-max.ml
[30/1/2017 19:35:29] /bc Daqui 5 minutos vou reiniciar o server!!! E na volta so poderá se conectar pelo IP --> baiak-max.ml
[30/1/2017 19:35:30] /bc Daqui 5 minutos vou reiniciar o server!!! E na volta so poderá se conectar pelo IP --> baiak-max.ml
[30/1/2017 19:35:31] /bc Daqui 5 minutos vou reiniciar o server!!! E na volta so poderá se conectar pelo IP --> baiak-max.ml
[30/1/2017 19:35:31] /bc Daqui 5 minutos vou reiniciar o server!!! E na volta so poderá se conectar pelo IP --> baiak-max.ml
[30/1/2017 19:35:32] /bc Daqui 5 minutos vou reiniciar o server!!! E na volta so poderá se conectar pelo IP --> baiak-max.ml
[30/1/2017 19:35:33] /bc Daqui 5 minutos vou reiniciar o server!!! E na volta so poderá se conectar pelo IP --> baiak-max.ml
[30/1/2017 19:35:33] /bc Daqui 5 minutos vou reiniciar o server!!! E na volta so poderá se conectar pelo IP --> baiak-max.ml
[30/1/2017 19:35:34] /bc Daqui 5 minutos vou reiniciar o server!!! E na volta so poderá se conectar pelo IP --> baiak-max.ml
[30/1/2017 19:35:34] /bc Daqui 5 minutos vou reiniciar o server!!! E na volta so poderá se conectar pelo IP --> baiak-max.ml
[30/1/2017 19:35:35] /bc Daqui 5 minutos vou reiniciar o server!!! E na volta so poderá se conectar pelo IP --> baiak-max.ml
[30/1/2017 19:35:35] /bc Daqui 5 minutos vou reiniciar o server!!! E na volta so poderá se conectar pelo IP --> baiak-max.ml
[30/1/2017 19:35:36] /bc Daqui 5 minutos vou reiniciar o server!!! E na volta so poderá se conectar pelo IP --> baiak-max.ml
[30/1/2017 19:40:23] /bc VOU REINICIAR O SERVIDOR E VOLTA NA MESMA HORA !!!! se conectem pelo novo IP -> baiak-max.ml
[30/1/2017 19:40:25] /bc VOU REINICIAR O SERVIDOR E VOLTA NA MESMA HORA !!!! se conectem pelo novo IP -> baiak-max.ml
[30/1/2017 19:40:26] /bc VOU REINICIAR O SERVIDOR E VOLTA NA MESMA HORA !!!! se conectem pelo novo IP -> baiak-max.ml
[30/1/2017 19:40:27] /bc VOU REINICIAR O SERVIDOR E VOLTA NA MESMA HORA !!!! se conectem pelo novo IP -> baiak-max.ml
[30/1/2017 19:40:27] /bc VOU REINICIAR O SERVIDOR E VOLTA NA MESMA HORA !!!! se conectem pelo novo IP -> baiak-max.ml
[30/1/2017 19:40:28] /bc VOU REINICIAR O SERVIDOR E VOLTA NA MESMA HORA !!!! se conectem pelo novo IP -> baiak-max.ml
[30/1/2017 19:40:29] /bc VOU REINICIAR O SERVIDOR E VOLTA NA MESMA HORA !!!! se conectem pelo novo IP -> baiak-max.ml
[30/1/2017 19:40:29] /bc VOU REINICIAR O SERVIDOR E VOLTA NA MESMA HORA !!!! se conectem pelo novo IP -> baiak-max.ml
[30/1/2017 19:40:30] /bc VOU REINICIAR O SERVIDOR E VOLTA NA MESMA HORA !!!! se conectem pelo novo IP -> baiak-max.ml
[30/1/2017 19:40:32] /bc VOU REINICIAR O SERVIDOR E VOLTA NA MESMA HORA !!!! se conectem pelo novo IP -> baiak-max.ml
[30/1/2017 19:40:33] /bc VOU REINICIAR O SERVIDOR E VOLTA NA MESMA HORA !!!! se conectem pelo novo IP -> baiak-max.ml
[30/1/2017 19:40:34] /bc VOU REINICIAR O SERVIDOR E VOLTA NA MESMA HORA !!!! se conectem pelo novo IP -> baiak-max.ml
[30/1/2017 19:43:30] /bc Todos problemas foram resolvidos !!! podem jogar a vontade!! Amanha teremos muito mais players!
[30/1/2017 19:43:33] /bc Todos problemas foram resolvidos !!! podem jogar a vontade!! Amanha teremos muito mais players!
[30/1/2017 19:43:34] /bc Todos problemas foram resolvidos !!! podem jogar a vontade!! Amanha teremos muito mais players!
[30/1/2017 19:43:35] /bc Todos problemas foram resolvidos !!! podem jogar a vontade!! Amanha teremos muito mais players!
[30/1/2017 19:43:36] /bc Todos problemas foram resolvidos !!! podem jogar a vontade!! Amanha teremos muito mais players!
[30/1/2017 19:43:37] /bc Todos problemas foram resolvidos !!! podem jogar a vontade!! Amanha teremos muito mais players!
[30/1/2017 19:43:38] /bc Todos problemas foram resolvidos !!! podem jogar a vontade!! Amanha teremos muito mais players!
[30/1/2017 19:43:39] /bc Todos problemas foram resolvidos !!! podem jogar a vontade!! Amanha teremos muito mais players!
[30/1/2017 19:43:40] /bc Todos problemas foram resolvidos !!! podem jogar a vontade!! Amanha teremos muito mais players!
[30/1/2017 19:43:40] /bc Todos problemas foram resolvidos !!! podem jogar a vontade!! Amanha teremos muito mais players!
[30/1/2017 19:43:41] /bc Todos problemas foram resolvidos !!! podem jogar a vontade!! Amanha teremos muito mais players!
[30/1/2017 20:0:20] /bc VOU TER QUE REINICIAR DNV :( ULTIMA VEZ
[30/1/2017 20:0:22] /bc VOU TER QUE REINICIAR DNV :( ULTIMA VEZ
[30/1/2017 20:0:23] /bc VOU TER QUE REINICIAR DNV :( ULTIMA VEZ
[30/1/2017 20:0:24] /bc VOU TER QUE REINICIAR DNV :( ULTIMA VEZ
[30/1/2017 20:0:24] /bc VOU TER QUE REINICIAR DNV :( ULTIMA VEZ
[30/1/2017 20:0:25] /bc VOU TER QUE REINICIAR DNV :( ULTIMA VEZ
[30/1/2017 20:7:20] /a 2
[30/1/2017 20:7:22] /a 2
[30/1/2017 20:7:24] /a 2
[30/1/2017 20:7:27] /a 4
[30/1/2017 20:7:30] /a 6
[30/1/2017 20:7:32] /a 6
[30/1/2017 20:7:34] /t
[30/1/2017 20:11:46] /goto snow
[30/1/2017 20:13:7] /t
[30/1/2017 20:15:49] /goto Snow
[30/1/2017 20:15:55] /r
[30/1/2017 20:16:0] /r
[30/1/2017 20:16:11] /r
[30/1/2017 20:16:18] /r
[30/1/2017 20:16:27] /r
[30/1/2017 20:16:39] /r
[30/1/2017 20:16:41] /t
[31/1/2017 6:38:33] /goto serjo
[31/1/2017 6:38:38] /goto jabuti
[31/1/2017 6:38:45] /t
[31/1/2017 7:12:56] /goto menor no toc
[31/1/2017 7:13:0] /t
[31/1/2017 8:1:59] /i letter
[31/1/2017 8:2:7] /goto Menor No Toc
[31/1/2017 8:2:17] /goto Menor No Toc
[31/1/2017 8:2:49] /t
[31/1/2017 10:34:14] /goto Menor No Toc
[1/2/2017 13:54:20] /shutdown
[2/2/2017 8:50:57] /closeserver
[2/2/2017 8:53:15] /openserver
[2/2/2017 8:53:23] /a 1
[2/2/2017 8:53:24] /a 1
[2/2/2017 8:53:24] /a 1
[2/2/2017 8:53:24] /owner nobody
[2/2/2017 8:53:25] /a 1
[2/2/2017 8:53:26] /a 1
[2/2/2017 8:53:26] /a 1
[2/2/2017 8:53:26] /a 1
[2/2/2017 8:53:27] /a 1
[2/2/2017 8:53:27] /a 1
[2/2/2017 8:53:27] /owner nobody
[2/2/2017 8:53:28] /a 1
[2/2/2017 8:53:28] /a 1
[2/2/2017 8:53:29] /a 1
[2/2/2017 8:53:29] /a 1
[2/2/2017 8:53:29] /a 1
[2/2/2017 8:53:29] /a 1
[2/2/2017 8:53:29] /a 1
[2/2/2017 8:53:30] /a 1
[2/2/2017 8:53:30] /owner nobody
[2/2/2017 8:53:31] /a 1
[2/2/2017 8:53:31] /a 1
[2/2/2017 8:53:31] /a 1
[2/2/2017 8:53:31] /a 1
[2/2/2017 8:53:32] /a 1
[2/2/2017 8:53:32] /a 1
[2/2/2017 8:53:32] /a 1
[2/2/2017 8:53:32] /a 1
[2/2/2017 8:53:32] /a 1
[2/2/2017 8:53:33] /owner nobody
[2/2/2017 8:53:33] /a 1
[2/2/2017 8:53:33] /a 1
[2/2/2017 8:53:34] /a 1
[2/2/2017 8:53:34] /a 1
[2/2/2017 8:53:34] /a 1
[2/2/2017 8:53:34] /a 1
[2/2/2017 8:53:34] /a 1
[2/2/2017 8:53:34] /a 1
[2/2/2017 8:53:34] /a 1
[2/2/2017 8:53:34] /a 1
[2/2/2017 8:53:34] /a 1
[2/2/2017 8:53:36] /a 1
[2/2/2017 8:53:36] /a 1
[2/2/2017 8:53:36] /a 1
[2/2/2017 8:53:37] /a 1
[2/2/2017 8:53:37] /a 1
[2/2/2017 8:53:37] /a 1
[2/2/2017 8:53:37] /a 1
[2/2/2017 8:53:41] /a 1
[2/2/2017 8:53:41] /a 1
[2/2/2017 8:53:41] /a 1
[2/2/2017 8:53:41] /a 1
[2/2/2017 8:53:41] /a 1
[2/2/2017 8:53:42] /owner nobody
[2/2/2017 8:53:43] /a 1
[2/2/2017 8:53:43] /a 1
[2/2/2017 8:53:43] /a 1
[2/2/2017 8:53:43] /a 1
[2/2/2017 8:53:44] /a 1
[2/2/2017 8:53:44] /a 1
[2/2/2017 8:53:44] /a 1
[2/2/2017 8:53:44] /a 1
[2/2/2017 8:53:44] /a 1
[2/2/2017 8:53:44] /a 1
[2/2/2017 8:53:44] /a 1
[2/2/2017 8:53:44] /a 1
[2/2/2017 8:53:45] /a 1
[2/2/2017 8:53:45] /a 1
[2/2/2017 8:53:45] /a 1
[2/2/2017 8:53:46] /a 1
[2/2/2017 8:53:46] /a 1
[2/2/2017 8:53:46] /a 1
[2/2/2017 8:53:46] /a 1
[2/2/2017 8:53:46] /a 1
[2/2/2017 8:53:47] /a 1
[2/2/2017 8:53:48] /up
[2/2/2017 8:53:58] /t
[2/2/2017 8:53:59] /a 1
[2/2/2017 8:53:59] /a 1
[2/2/2017 8:53:59] /a 1
[2/2/2017 8:54:0] /a 1
[2/2/2017 8:54:0] /a 1
[2/2/2017 8:54:0] /a 1
[2/2/2017 8:54:0] /a 1
[2/2/2017 8:54:1] /a 1
[2/2/2017 8:54:1] /a 1
[2/2/2017 8:54:3] /a 1
[2/2/2017 8:54:3] /a 1
[2/2/2017 8:54:4] /a 1
[2/2/2017 8:54:4] /a 1
[2/2/2017 8:54:4] /a 1
[2/2/2017 8:54:4] /a 1
[2/2/2017 8:54:4] /a 1
[2/2/2017 8:54:5] /a 1
[2/2/2017 8:54:5] /a 1
[2/2/2017 8:54:5] /a 1
[2/2/2017 8:54:5] /a 1
[2/2/2017 8:54:5] /a 1
[2/2/2017 8:54:5] /a 1
[2/2/2017 8:54:6] /a 1
[2/2/2017 8:54:6] /a 1
[2/2/2017 8:54:6] /a 1
[2/2/2017 8:54:6] /a 1
[2/2/2017 8:54:6] /a 1
[2/2/2017 8:54:6] /a 1
[2/2/2017 8:54:6] /a 1
[2/2/2017 8:54:6] /a 1
[2/2/2017 8:54:6] /a 1
[2/2/2017 8:54:7] /a 1
[2/2/2017 8:54:7] /a 1
[2/2/2017 8:54:7] /a 1
[2/2/2017 8:54:7] /a 1
[2/2/2017 8:54:8] /owner nobody
[2/2/2017 8:54:9] /a 1
[2/2/2017 8:54:10] /a 1
[2/2/2017 8:54:10] /owner nobody
[2/2/2017 8:54:12] /a 1
[2/2/2017 8:54:12] /a 1
[2/2/2017 8:54:12] /a 1
[2/2/2017 8:54:12] /a 1
[2/2/2017 8:54:12] /a 1
[2/2/2017 8:54:13] /a 1
[2/2/2017 8:54:14] /a 1
[2/2/2017 8:54:14] /a 1
[2/2/2017 8:54:14] /a 1
[2/2/2017 8:54:16] /up
[2/2/2017 8:54:18] /a 1
[2/2/2017 8:54:18] /a 1
[2/2/2017 8:54:18] /a 1
[2/2/2017 8:54:19] /a 1
[2/2/2017 8:54:21] /a 1
[2/2/2017 8:54:21] /a 1
[2/2/2017 8:54:22] /a 1
[2/2/2017 8:54:22] /a 1
[2/2/2017 8:54:22] /a 1
[2/2/2017 8:54:22] /owner nobody
[2/2/2017 8:54:25] /a 1
[2/2/2017 8:54:25] /a 1
[2/2/2017 8:54:26] /a 1
[2/2/2017 8:54:26] /a 1
[2/2/2017 8:54:29] /a 1
[2/2/2017 8:54:29] /a 1
[2/2/2017 8:54:29] /a 1
[2/2/2017 8:54:29] /a 1
[2/2/2017 8:54:30] /a 1
[2/2/2017 8:54:30] /a 1
[2/2/2017 8:54:30] /a 1
[2/2/2017 8:54:30] /owner nobody
[2/2/2017 8:54:32] /t
