[3/1/2017 15:35:7] /a
[3/1/2017 15:35:11] /t
[3/1/2017 15:36:28] /up
[3/1/2017 15:37:21] /a 2
[3/1/2017 15:37:26] /owner Pallyzin Rullex
[3/1/2017 15:37:32] /t
[3/1/2017 15:43:36] /i new pally boots
[3/1/2017 15:43:41] /i new pally ring
[3/1/2017 15:44:15] /goto Pallyzin Rullex
[3/1/2017 15:44:21] /t
[3/1/2017 15:44:32] /goto Pallyzin Rullex
[3/1/2017 15:44:35] /m Demon
[3/1/2017 15:44:37] /ghost
[3/1/2017 15:45:28] /t
[3/1/2017 15:45:30] /up 3
[3/1/2017 15:45:37] /c Pallyzin Rullex
[3/1/2017 15:45:44] /t
[3/1/2017 15:45:51] /up
[3/1/2017 15:45:55] /i new donate bow
[3/1/2017 15:45:55] /up 
[3/1/2017 15:45:57] /up 
[3/1/2017 15:46:7] /t
[3/1/2017 15:46:9] /a 30
[3/1/2017 15:46:12] /a 40
[3/1/2017 15:46:15] /a 10
[3/1/2017 15:46:17] /a 2
[3/1/2017 15:46:21] /c Pallyzin Rullex
[3/1/2017 15:46:23] /m Dragon
[3/1/2017 15:46:34] /m Dragon
[3/1/2017 15:46:44] /m Demon
[3/1/2017 15:47:8] /m Pallyzin Rullex
[3/1/2017 15:47:13] /c Pallyzin Rullex
[3/1/2017 15:47:41] /m Demon
[3/1/2017 15:47:50] /addskill Pallyzin Rullex, level, 300
[3/1/2017 15:48:3] /clean
[3/1/2017 15:48:5] /t
[3/1/2017 15:48:19] /a 10
[3/1/2017 15:48:24] /c Pallyzin Rullex
[3/1/2017 15:48:44] /t
[3/1/2017 15:48:46] /up 
[3/1/2017 15:48:50] /a 10
[3/1/2017 15:48:53] /a 2
[3/1/2017 15:48:55] /c Pallyzin Rullex
[3/1/2017 15:52:15] /t
[3/1/2017 15:52:51] /a 100
[3/1/2017 15:52:53] /a 100
[3/1/2017 15:53:2] /a 40
[3/1/2017 15:53:9] /c Xera meu ovo
[3/1/2017 15:53:20] /addskill Xera meu ovo, level, 387
[3/1/2017 15:53:27] /t
[3/1/2017 15:53:38] /i bakcpáck
[3/1/2017 15:53:42] /i backpack
[3/1/2017 15:53:50] /i 7900
[3/1/2017 15:53:57] /i 7899
[3/1/2017 15:54:2] /i 7894
[3/1/2017 15:54:8] /i new mage boots
[3/1/2017 15:54:37] /i new donate staff
[3/1/2017 15:54:49] /i 8918
[3/1/2017 15:54:55] /i
[3/1/2017 15:54:58] /i 2184
[3/1/2017 15:55:10] /i 8903
[3/1/2017 15:55:28] /r
[3/1/2017 15:55:32] /goto Xera meu ovo
[3/1/2017 15:56:40] /addskill Xera meu ovo, magic, 40
[3/1/2017 15:56:53] /addskill Xera meu ovo, magic, 10
[3/1/2017 15:57:5] /addskill Xera meu ovo, magic, 10
[3/1/2017 15:57:7] /t
[3/1/2017 16:9:34] /addskill Pallyzin Rullex, distance, 15
[3/1/2017 16:9:39] /t
[3/1/2017 16:12:10] /ghost
[3/1/2017 16:12:17] /i 2160
[3/1/2017 16:12:24] /i bakcpack
[3/1/2017 16:12:30] /i 9971
[3/1/2017 16:12:35] /i backpack
[3/1/2017 16:18:57] /c
[3/1/2017 16:18:58] /c Rikzera Rush
[3/1/2017 16:19:7] /t
[3/1/2017 16:19:21] /a 2
[3/1/2017 16:19:42] /i dodge stone
[3/1/2017 16:19:44] /i critical stone
[3/1/2017 16:19:47] /i event coin
[3/1/2017 16:19:52] /i cave exclusiva
[3/1/2017 16:19:55] /i double exp
[3/1/2017 16:19:59] /i event coin
[3/1/2017 16:20:3] /i event coin
[3/1/2017 16:21:13] /i regeneration boots
[3/1/2017 16:21:21] /i 2641
[3/1/2017 16:21:23] /i 2641
[3/1/2017 16:21:41] /i 9971
[3/1/2017 16:21:41] /i 9971
[3/1/2017 16:21:42] /i 9971
[3/1/2017 16:22:8] /a
[3/1/2017 16:22:9] /a
[3/1/2017 16:22:25] /a
[3/1/2017 16:22:49] /i cave exclusiva
[3/1/2017 16:23:18] /i magma boots
[3/1/2017 16:23:22] /i magma legsd
[3/1/2017 16:23:26] /i magma legs
[3/1/2017 16:23:28] /i magma helment
[3/1/2017 16:23:37] /i magma helmet
[3/1/2017 16:23:41] /i magma armor
[3/1/2017 16:25:34] /up 3
[3/1/2017 16:25:38] /m Guarda costa do god
[3/1/2017 16:25:46] /m Guarda Costa do God
[3/1/2017 16:25:50] /t
[3/1/2017 16:26:17] /b Mais tarde faço evento da backpack ^-^
[3/1/2017 16:41:53] /c Evolution
[3/1/2017 16:42:48] /i 9971
[3/1/2017 16:44:2] /c Saco Tiltado
[3/1/2017 16:46:0] /c aquilessemmedo
[3/1/2017 16:48:0] /i backpack
[3/1/2017 16:48:6] /i backpack
[3/1/2017 16:49:37] /c Evolution
[3/1/2017 16:49:39] /t
[3/1/2017 16:50:0] /c Hide on bush
[3/1/2017 16:53:43] /b Mais tarde vou fazer evento da backpack, valendo dodge/kk's/critical/cave exclusiva etc..
[3/1/2017 17:1:15] /m Treinner
[3/1/2017 17:1:36] /i new mage staff
[3/1/2017 17:3:38] /r
[3/1/2017 17:7:27] /up 3
[3/1/2017 17:7:32] /c Marolar
[3/1/2017 17:7:34] /c Fotogenico
[3/1/2017 17:9:3] /c Adm Light
[3/1/2017 17:9:29] /t
[3/1/2017 17:9:40] /i 2160
[3/1/2017 17:9:46] /i 9971
[3/1/2017 17:10:5] /up 4
[3/1/2017 17:10:6] /c Texx
[3/1/2017 17:12:8] /t Texx
[3/1/2017 17:12:9] /t
[3/1/2017 17:13:3] /goto Adm light
[3/1/2017 17:14:22] /t Fotogenico
[3/1/2017 17:14:25] /t Marolar
[3/1/2017 17:14:29] /t
[3/1/2017 17:17:2] /up 3
[3/1/2017 17:17:9] /c Palizaum
[3/1/2017 17:18:13] /t Palizaum
[3/1/2017 17:18:27] /t
[3/1/2017 17:19:10] /c Now
[3/1/2017 17:19:21] /i new donate staff
[3/1/2017 17:28:4] /b Pessoal o deley do push, vai ser arrumado!
[3/1/2017 17:35:42] /c Zereff
[3/1/2017 17:43:38] /i new donate staff
[3/1/2017 17:45:6] /b Pessoal o push vai ser arrumado, relembrando!
[3/1/2017 17:50:10] /c My chups
[3/1/2017 18:6:46] /bc grenn 21:06 Pallyzinho monster [430]: gogo na quest do set ae
[3/1/2017 18:7:45] /bc grenn 21:06 Pallyzinho monster [430]: gogo na quest do set ae
[3/1/2017 18:8:4] /bc grenn 21:06 Pallyzinho monster [430]: gogo na quest do set ae
[3/1/2017 18:10:55] /c Billao
[3/1/2017 18:11:48] /bc grenn 21:11 Pallyzinho monster [430]: VAMO QUEST DO SET
[3/1/2017 18:55:31] /kick Marisco
[3/1/2017 18:58:5] /mc
[3/1/2017 18:58:6] /goto Billao
[3/1/2017 18:59:34] /i 9931
[3/1/2017 19:0:26] /goto Pallyzin Rullex
[3/1/2017 19:0:30] /i new pally armor
[3/1/2017 19:0:34] /i new pally legs
[3/1/2017 19:0:57] /i new pally helmet
[3/1/2017 19:1:11] /i new pally shield
[3/1/2017 19:1:18] /t
[3/1/2017 20:6:34] /b Pessoal, novamente o PUSH VAI SER ARRUMA DE MADRUGADA!
[3/1/2017 20:7:54] /b Salve pessoal!
[3/1/2017 20:8:25] /t
[3/1/2017 20:9:42] /ghost
[3/1/2017 20:9:52] /a 2
[3/1/2017 20:9:57] /i doll
[3/1/2017 20:11:3] /b SEGUINTE, VOU FAZER O EVENTO DA BACKPACK AGORA (O TP FICA NO TEMPLO ->), AS REGRAS SÃO CLARAS, VIER COM MC NENHUM DAS DUAS CONTAS VAI PARTICIPAR, VOU FICAR VENDO PLAYER POR PLAYER. ACABANDO AS BACKPACK OS EVENTOS ACABA! PODEM VIM! 
[3/1/2017 20:11:7] /b SEGUINTE, VOU FAZER O EVENTO DA BACKPACK AGORA (O TP FICA NO TEMPLO ->), AS REGRAS SÃO CLARAS, VIER COM MC NENHUM DAS DUAS CONTAS VAI PARTICIPAR, VOU FICAR VENDO PLAYER POR PLAYER. ACABANDO AS BACKPACK OS EVENTOS ACABA! PODEM VIM! 
[3/1/2017 20:11:7] /b SEGUINTE, VOU FAZER O EVENTO DA BACKPACK AGORA (O TP FICA NO TEMPLO ->), AS REGRAS SÃO CLARAS, VIER COM MC NENHUM DAS DUAS CONTAS VAI PARTICIPAR, VOU FICAR VENDO PLAYER POR PLAYER. ACABANDO AS BACKPACK OS EVENTOS ACABA! PODEM VIM! 
[3/1/2017 20:11:8] /b SEGUINTE, VOU FAZER O EVENTO DA BACKPACK AGORA (O TP FICA NO TEMPLO ->), AS REGRAS SÃO CLARAS, VIER COM MC NENHUM DAS DUAS CONTAS VAI PARTICIPAR, VOU FICAR VENDO PLAYER POR PLAYER. ACABANDO AS BACKPACK OS EVENTOS ACABA! PODEM VIM! 
[3/1/2017 20:11:8] /b SEGUINTE, VOU FAZER O EVENTO DA BACKPACK AGORA (O TP FICA NO TEMPLO ->), AS REGRAS SÃO CLARAS, VIER COM MC NENHUM DAS DUAS CONTAS VAI PARTICIPAR, VOU FICAR VENDO PLAYER POR PLAYER. ACABANDO AS BACKPACK OS EVENTOS ACABA! PODEM VIM! 
[3/1/2017 20:11:8] /b SEGUINTE, VOU FAZER O EVENTO DA BACKPACK AGORA (O TP FICA NO TEMPLO ->), AS REGRAS SÃO CLARAS, VIER COM MC NENHUM DAS DUAS CONTAS VAI PARTICIPAR, VOU FICAR VENDO PLAYER POR PLAYER. ACABANDO AS BACKPACK OS EVENTOS ACABA! PODEM VIM! 
[3/1/2017 20:11:9] /b SEGUINTE, VOU FAZER O EVENTO DA BACKPACK AGORA (O TP FICA NO TEMPLO ->), AS REGRAS SÃO CLARAS, VIER COM MC NENHUM DAS DUAS CONTAS VAI PARTICIPAR, VOU FICAR VENDO PLAYER POR PLAYER. ACABANDO AS BACKPACK OS EVENTOS ACABA! PODEM VIM! 
[3/1/2017 20:11:14] /ghost
[3/1/2017 20:11:30] /b SEGUINTE, VOU FAZER O EVENTO DA BACKPACK AGORA (O TP FICA NO TEMPLO ->), AS REGRAS SÃO CLARAS, VIER COM MC NENHUM DAS DUAS CONTAS VAI PARTICIPAR, VOU FICAR VENDO PLAYER POR PLAYER. ACABANDO AS BACKPACK OS EVENTOS ACABA! PODEM VIM! 
[3/1/2017 20:11:31] /b SEGUINTE, VOU FAZER O EVENTO DA BACKPACK AGORA (O TP FICA NO TEMPLO ->), AS REGRAS SÃO CLARAS, VIER COM MC NENHUM DAS DUAS CONTAS VAI PARTICIPAR, VOU FICAR VENDO PLAYER POR PLAYER. ACABANDO AS BACKPACK OS EVENTOS ACABA! PODEM VIM! 
[3/1/2017 20:11:31] /b SEGUINTE, VOU FAZER O EVENTO DA BACKPACK AGORA (O TP FICA NO TEMPLO ->), AS REGRAS SÃO CLARAS, VIER COM MC NENHUM DAS DUAS CONTAS VAI PARTICIPAR, VOU FICAR VENDO PLAYER POR PLAYER. ACABANDO AS BACKPACK OS EVENTOS ACABA! PODEM VIM! 
[3/1/2017 20:11:32] /b SEGUINTE, VOU FAZER O EVENTO DA BACKPACK AGORA (O TP FICA NO TEMPLO ->), AS REGRAS SÃO CLARAS, VIER COM MC NENHUM DAS DUAS CONTAS VAI PARTICIPAR, VOU FICAR VENDO PLAYER POR PLAYER. ACABANDO AS BACKPACK OS EVENTOS ACABA! PODEM VIM! 
[3/1/2017 20:11:32] /b SEGUINTE, VOU FAZER O EVENTO DA BACKPACK AGORA (O TP FICA NO TEMPLO ->), AS REGRAS SÃO CLARAS, VIER COM MC NENHUM DAS DUAS CONTAS VAI PARTICIPAR, VOU FICAR VENDO PLAYER POR PLAYER. ACABANDO AS BACKPACK OS EVENTOS ACABA! PODEM VIM! 
[3/1/2017 20:11:32] /b SEGUINTE, VOU FAZER O EVENTO DA BACKPACK AGORA (O TP FICA NO TEMPLO ->), AS REGRAS SÃO CLARAS, VIER COM MC NENHUM DAS DUAS CONTAS VAI PARTICIPAR, VOU FICAR VENDO PLAYER POR PLAYER. ACABANDO AS BACKPACK OS EVENTOS ACABA! PODEM VIM! 
[3/1/2017 20:11:33] /b SEGUINTE, VOU FAZER O EVENTO DA BACKPACK AGORA (O TP FICA NO TEMPLO ->), AS REGRAS SÃO CLARAS, VIER COM MC NENHUM DAS DUAS CONTAS VAI PARTICIPAR, VOU FICAR VENDO PLAYER POR PLAYER. ACABANDO AS BACKPACK OS EVENTOS ACABA! PODEM VIM! 
[3/1/2017 20:11:39] /b SEGUINTE, VOU FAZER O EVENTO DA BACKPACK AGORA (O TP FICA NO TEMPLO ->), AS REGRAS SÃO CLARAS, VIER COM MC NENHUM DAS DUAS CONTAS VAI PARTICIPAR, VOU FICAR VENDO PLAYER POR PLAYER. ACABANDO AS BACKPACK OS EVENTOS ACABA! PODEM VIM! 
[3/1/2017 20:11:47] /b SEGUINTE, VOU FAZER O EVENTO DA BACKPACK AGORA (O TP FICA NO TEMPLO ->), AS REGRAS SÃO CLARAS, VIER COM MC NENHUM DAS DUAS CONTAS VAI PARTICIPAR, VOU FICAR VENDO PLAYER POR PLAYER. ACABANDO AS BACKPACK OS EVENTOS ACABA! PODEM VIM! 
[3/1/2017 20:11:48] /b SEGUINTE, VOU FAZER O EVENTO DA BACKPACK AGORA (O TP FICA NO TEMPLO ->), AS REGRAS SÃO CLARAS, VIER COM MC NENHUM DAS DUAS CONTAS VAI PARTICIPAR, VOU FICAR VENDO PLAYER POR PLAYER. ACABANDO AS BACKPACK OS EVENTOS ACABA! PODEM VIM! 
[3/1/2017 20:11:48] /b SEGUINTE, VOU FAZER O EVENTO DA BACKPACK AGORA (O TP FICA NO TEMPLO ->), AS REGRAS SÃO CLARAS, VIER COM MC NENHUM DAS DUAS CONTAS VAI PARTICIPAR, VOU FICAR VENDO PLAYER POR PLAYER. ACABANDO AS BACKPACK OS EVENTOS ACABA! PODEM VIM! 
[3/1/2017 20:11:48] /b SEGUINTE, VOU FAZER O EVENTO DA BACKPACK AGORA (O TP FICA NO TEMPLO ->), AS REGRAS SÃO CLARAS, VIER COM MC NENHUM DAS DUAS CONTAS VAI PARTICIPAR, VOU FICAR VENDO PLAYER POR PLAYER. ACABANDO AS BACKPACK OS EVENTOS ACABA! PODEM VIM! 
[3/1/2017 20:11:49] /b SEGUINTE, VOU FAZER O EVENTO DA BACKPACK AGORA (O TP FICA NO TEMPLO ->), AS REGRAS SÃO CLARAS, VIER COM MC NENHUM DAS DUAS CONTAS VAI PARTICIPAR, VOU FICAR VENDO PLAYER POR PLAYER. ACABANDO AS BACKPACK OS EVENTOS ACABA! PODEM VIM! 
[3/1/2017 20:12:6] /b SEGUINTE, VOU FAZER O EVENTO DA BACKPACK AGORA (O TP FICA NO TEMPLO ->), AS REGRAS SÃO CLARAS, VIER COM MC NENHUM DAS DUAS CONTAS VAI PARTICIPAR, VOU FICAR VENDO PLAYER POR PLAYER. ACABANDO AS BACKPACK OS EVENTOS ACABA! PODEM VIM! 
[3/1/2017 20:12:7] /b SEGUINTE, VOU FAZER O EVENTO DA BACKPACK AGORA (O TP FICA NO TEMPLO ->), AS REGRAS SÃO CLARAS, VIER COM MC NENHUM DAS DUAS CONTAS VAI PARTICIPAR, VOU FICAR VENDO PLAYER POR PLAYER. ACABANDO AS BACKPACK OS EVENTOS ACABA! PODEM VIM! 
[3/1/2017 20:12:20] /b QUEM FICAR DANDO UE, MAGIA OU QUALQUER CARALHA NAO VAI PARTICIPAR! <3
[3/1/2017 20:12:21] /b QUEM FICAR DANDO UE, MAGIA OU QUALQUER CARALHA NAO VAI PARTICIPAR! <3
[3/1/2017 20:12:21] /b QUEM FICAR DANDO UE, MAGIA OU QUALQUER CARALHA NAO VAI PARTICIPAR! <3
[3/1/2017 20:12:21] /b QUEM FICAR DANDO UE, MAGIA OU QUALQUER CARALHA NAO VAI PARTICIPAR! <3
[3/1/2017 20:12:22] /b QUEM FICAR DANDO UE, MAGIA OU QUALQUER CARALHA NAO VAI PARTICIPAR! <3
[3/1/2017 20:12:22] /b QUEM FICAR DANDO UE, MAGIA OU QUALQUER CARALHA NAO VAI PARTICIPAR! <3
[3/1/2017 20:12:29] /a 2
[3/1/2017 20:12:36] /a 10
[3/1/2017 20:12:43] /b SEGUINTE, VOU FAZER O EVENTO DA BACKPACK AGORA (O TP FICA NO TEMPLO ->), AS REGRAS SÃO CLARAS, VIER COM MC NENHUM DAS DUAS CONTAS VAI PARTICIPAR, VOU FICAR VENDO PLAYER POR PLAYER. ACABANDO AS BACKPACK OS EVENTOS ACABA! PODEM VIM! 
[3/1/2017 20:12:44] /b SEGUINTE, VOU FAZER O EVENTO DA BACKPACK AGORA (O TP FICA NO TEMPLO ->), AS REGRAS SÃO CLARAS, VIER COM MC NENHUM DAS DUAS CONTAS VAI PARTICIPAR, VOU FICAR VENDO PLAYER POR PLAYER. ACABANDO AS BACKPACK OS EVENTOS ACABA! PODEM VIM! 
[3/1/2017 20:12:44] /b SEGUINTE, VOU FAZER O EVENTO DA BACKPACK AGORA (O TP FICA NO TEMPLO ->), AS REGRAS SÃO CLARAS, VIER COM MC NENHUM DAS DUAS CONTAS VAI PARTICIPAR, VOU FICAR VENDO PLAYER POR PLAYER. ACABANDO AS BACKPACK OS EVENTOS ACABA! PODEM VIM! 
[3/1/2017 20:12:44] /b SEGUINTE, VOU FAZER O EVENTO DA BACKPACK AGORA (O TP FICA NO TEMPLO ->), AS REGRAS SÃO CLARAS, VIER COM MC NENHUM DAS DUAS CONTAS VAI PARTICIPAR, VOU FICAR VENDO PLAYER POR PLAYER. ACABANDO AS BACKPACK OS EVENTOS ACABA! PODEM VIM! 
[3/1/2017 20:12:45] /b SEGUINTE, VOU FAZER O EVENTO DA BACKPACK AGORA (O TP FICA NO TEMPLO ->), AS REGRAS SÃO CLARAS, VIER COM MC NENHUM DAS DUAS CONTAS VAI PARTICIPAR, VOU FICAR VENDO PLAYER POR PLAYER. ACABANDO AS BACKPACK OS EVENTOS ACABA! PODEM VIM! 
[3/1/2017 20:12:45] /b SEGUINTE, VOU FAZER O EVENTO DA BACKPACK AGORA (O TP FICA NO TEMPLO ->), AS REGRAS SÃO CLARAS, VIER COM MC NENHUM DAS DUAS CONTAS VAI PARTICIPAR, VOU FICAR VENDO PLAYER POR PLAYER. ACABANDO AS BACKPACK OS EVENTOS ACABA! PODEM VIM! 
[3/1/2017 20:12:46] /b SEGUINTE, VOU FAZER O EVENTO DA BACKPACK AGORA (O TP FICA NO TEMPLO ->), AS REGRAS SÃO CLARAS, VIER COM MC NENHUM DAS DUAS CONTAS VAI PARTICIPAR, VOU FICAR VENDO PLAYER POR PLAYER. ACABANDO AS BACKPACK OS EVENTOS ACABA! PODEM VIM! 
[3/1/2017 20:12:48] /b SEGUINTE, VOU FAZER O EVENTO DA BACKPACK AGORA (O TP FICA NO TEMPLO ->), AS REGRAS SÃO CLARAS, VIER COM MC NENHUM DAS DUAS CONTAS VAI PARTICIPAR, VOU FICAR VENDO PLAYER POR PLAYER. ACABANDO AS BACKPACK OS EVENTOS ACABA! PODEM VIM! 
[3/1/2017 20:12:48] /b SEGUINTE, VOU FAZER O EVENTO DA BACKPACK AGORA (O TP FICA NO TEMPLO ->), AS REGRAS SÃO CLARAS, VIER COM MC NENHUM DAS DUAS CONTAS VAI PARTICIPAR, VOU FICAR VENDO PLAYER POR PLAYER. ACABANDO AS BACKPACK OS EVENTOS ACABA! PODEM VIM! 
[3/1/2017 20:12:49] /b SEGUINTE, VOU FAZER O EVENTO DA BACKPACK AGORA (O TP FICA NO TEMPLO ->), AS REGRAS SÃO CLARAS, VIER COM MC NENHUM DAS DUAS CONTAS VAI PARTICIPAR, VOU FICAR VENDO PLAYER POR PLAYER. ACABANDO AS BACKPACK OS EVENTOS ACABA! PODEM VIM! 
[3/1/2017 20:12:55] /mc
[3/1/2017 20:14:48] /i doll
[3/1/2017 20:15:37] /i doll
[3/1/2017 20:16:33] /i doll
[3/1/2017 20:16:52] /mc
[3/1/2017 20:19:58] /a
[3/1/2017 20:19:59] /a
[3/1/2017 20:20:0] /a
[3/1/2017 20:20:10] /a
[3/1/2017 20:20:10] /a
[3/1/2017 20:26:25] /b Ultimas duas
[3/1/2017 20:26:40] /b Acabou rs
[3/1/2017 20:26:43] /b Depois faço mais!
[3/1/2017 20:26:48] /ghost
[3/1/2017 20:26:49] /a 2
[3/1/2017 20:27:13] /goto Adm light
[3/1/2017 20:27:17] /ghost
[3/1/2017 20:27:18] /a
[3/1/2017 20:27:45] /a
[3/1/2017 20:28:9] /goto Pallyzin Rullex
[3/1/2017 20:28:19] /i addon doll
[3/1/2017 20:29:2] /t
[3/1/2017 20:29:6] /ghost
[3/1/2017 21:26:7] /promote Anti Anuncio
[3/1/2017 21:26:13] /promote Anti anuncio
[3/1/2017 21:26:34] /promote Anti Anuncio
[3/1/2017 21:26:52] /attr group 2
[3/1/2017 21:27:9] /attr group 4
[3/1/2017 21:27:22] /attr group 3
[3/1/2017 21:28:25] /t
[3/1/2017 21:33:33] /b Pessoal, o char " Jerulin" não sou eu rs
[3/1/2017 21:35:24] /up 4
[3/1/2017 21:35:31] /c Anti Anuncio
[3/1/2017 21:35:34] /m Demon
[3/1/2017 21:35:38] /c Anti Anuncio
[3/1/2017 21:35:39] /c Anti Anuncio
[3/1/2017 21:35:43] /c Anti Anuncio
[3/1/2017 21:35:46] /c Anti Anuncio
[3/1/2017 21:35:47] /c Anti Anuncio
[3/1/2017 21:35:48] /c Anti Anuncio
[3/1/2017 21:35:52] /c Anti Anuncio
[3/1/2017 21:35:54] /c Anti Anuncio
[3/1/2017 21:35:55] /c Anti Anuncio
[3/1/2017 21:35:55] /c Anti Anuncio
[3/1/2017 21:35:56] /c Anti Anuncio
[3/1/2017 21:35:56] /c Anti Anuncio
[3/1/2017 21:35:56] /c Anti Anuncio
[3/1/2017 21:35:57] /c Anti Anuncio
[3/1/2017 21:35:57] /c Anti Anuncio
[3/1/2017 21:35:57] /c Anti Anuncio
[3/1/2017 21:35:58] /c Anti Anuncio
[3/1/2017 21:35:58] /c Anti Anuncio
[3/1/2017 21:35:58] /c Anti Anuncio
[3/1/2017 21:36:0] /c Anti Anuncio/c Anti Anuncio/c Anti Anuncio
[3/1/2017 21:36:0] /c Anti Anuncio
[3/1/2017 21:36:1] /c Anti Anuncio
[3/1/2017 21:36:1] /c Anti Anuncio
[3/1/2017 21:36:2] /c Anti Anuncio
[3/1/2017 21:36:2] /c Anti Anuncio
[3/1/2017 21:36:2] /c Anti Anuncio
[3/1/2017 21:36:3] /c Anti Anuncio
[3/1/2017 21:36:3] /c Anti Anuncio
[3/1/2017 21:36:4] /c Anti Anuncio
[3/1/2017 21:36:4] /c Anti Anuncio
[3/1/2017 21:36:5] /c Anti Anuncio
[3/1/2017 21:36:5] /c Anti Anuncio
[3/1/2017 21:36:6] /c Anti Anuncio
[3/1/2017 21:36:6] /c Anti Anuncio
[3/1/2017 21:36:7] /c Anti Anuncio
[3/1/2017 21:36:9] /c Anti Anuncio
[3/1/2017 21:36:10] /c Anti Anuncio
[3/1/2017 21:36:15] /c Anti Anuncio
[3/1/2017 21:36:20] /c Anti Anuncio
[3/1/2017 21:36:59] /t
[3/1/2017 21:37:11] /i 9971
[3/1/2017 21:37:13] /i 8871
[3/1/2017 21:40:30] /up 4
[3/1/2017 21:40:35] /down
[3/1/2017 21:41:8] /goto Itachi Uchiha
[3/1/2017 21:41:54] /i 7424
[3/1/2017 21:42:33] /c Itachi Uchiha
[3/1/2017 21:43:4] /t Itachi Uchiha
[3/1/2017 21:43:5] /t
[3/1/2017 21:44:11] /c Luidizin
[3/1/2017 21:44:27] /i 9971
[3/1/2017 21:44:29] /i 9971
[3/1/2017 21:46:58] /goto Itachi Uchiha
[3/1/2017 21:47:10] /t
[3/1/2017 21:50:9] /addskill [CM] Jerulino, level, -1
[3/1/2017 21:52:30] /kick Pallyzin Rullex
[3/1/2017 21:57:50] /t Anti Anuncio
[3/1/2017 21:57:59] /addskill Anti Anuncio, level, -6
[3/1/2017 21:58:24] /addskill Anti Anuncio, level, -1
[3/1/2017 21:58:36] /up 4
[3/1/2017 21:58:40] /up 4
[3/1/2017 21:58:42] /up 3
[3/1/2017 21:58:44] /c Texx
[3/1/2017 21:58:55] /t Texx
[3/1/2017 21:58:56] /t
[4/1/2017 14:24:39] /addskill Pallyzin Rullex, distance, 1
[4/1/2017 14:24:41] /save
[4/1/2017 14:26:21] /b Pessoal não esquecem de ficar dominando castle, fazer quest . Mas pra frente terá novidades! <3
[4/1/2017 14:27:18] /c Old Pallyzin
[4/1/2017 14:29:15] /up 
[4/1/2017 14:29:18] /a 4
[4/1/2017 14:29:36] /i new paladin bow
[4/1/2017 14:29:53] /i new paladin bow
[4/1/2017 14:30:16] /i new pally bow
[4/1/2017 14:30:21] /c Pallyzin Rullex
[4/1/2017 14:31:58] /t
[4/1/2017 14:32:55] /c Name suck
[4/1/2017 14:33:1] /c Name Suke
[4/1/2017 14:33:57] /c Gaber Ed
[4/1/2017 14:34:6] /i 9971
[4/1/2017 14:34:8] /i 9971
[4/1/2017 14:42:1] /c Tomalegrau
[4/1/2017 15:2:52] /ghost
[4/1/2017 15:4:2] /ghost
[4/1/2017 15:5:4] /a 2
[4/1/2017 15:10:28] /i 9971
[4/1/2017 15:10:28] /i 9971
[4/1/2017 15:10:28] /i 9971
[4/1/2017 15:10:29] /i 9971
[4/1/2017 15:10:29] /i 9971
[4/1/2017 15:10:29] /i 9971
[4/1/2017 15:11:41] /i doll
[4/1/2017 15:13:0] /b SEGUINTE VOU FAZER AGORA EVENT DA BACKPACK! REGRAS: NÃO FICA DANDO UE, NÃO TRAZER MC, EVITAR CHAR NIVEL 8! OS PREMIOS ESTÃO BONS (NÃO TEM DONATE)! ESPERO QUE GOSTEM DO EVENTO!
[4/1/2017 15:13:1] /b SEGUINTE VOU FAZER AGORA EVENT DA BACKPACK! REGRAS: NÃO FICA DANDO UE, NÃO TRAZER MC, EVITAR CHAR NIVEL 8! OS PREMIOS ESTÃO BONS (NÃO TEM DONATE)! ESPERO QUE GOSTEM DO EVENTO!
[4/1/2017 15:13:1] /b SEGUINTE VOU FAZER AGORA EVENT DA BACKPACK! REGRAS: NÃO FICA DANDO UE, NÃO TRAZER MC, EVITAR CHAR NIVEL 8! OS PREMIOS ESTÃO BONS (NÃO TEM DONATE)! ESPERO QUE GOSTEM DO EVENTO!
[4/1/2017 15:13:1] /b SEGUINTE VOU FAZER AGORA EVENT DA BACKPACK! REGRAS: NÃO FICA DANDO UE, NÃO TRAZER MC, EVITAR CHAR NIVEL 8! OS PREMIOS ESTÃO BONS (NÃO TEM DONATE)! ESPERO QUE GOSTEM DO EVENTO!
[4/1/2017 15:13:1] /b SEGUINTE VOU FAZER AGORA EVENT DA BACKPACK! REGRAS: NÃO FICA DANDO UE, NÃO TRAZER MC, EVITAR CHAR NIVEL 8! OS PREMIOS ESTÃO BONS (NÃO TEM DONATE)! ESPERO QUE GOSTEM DO EVENTO!
[4/1/2017 15:13:1] /b SEGUINTE VOU FAZER AGORA EVENT DA BACKPACK! REGRAS: NÃO FICA DANDO UE, NÃO TRAZER MC, EVITAR CHAR NIVEL 8! OS PREMIOS ESTÃO BONS (NÃO TEM DONATE)! ESPERO QUE GOSTEM DO EVENTO!
[4/1/2017 15:13:1] /b SEGUINTE VOU FAZER AGORA EVENT DA BACKPACK! REGRAS: NÃO FICA DANDO UE, NÃO TRAZER MC, EVITAR CHAR NIVEL 8! OS PREMIOS ESTÃO BONS (NÃO TEM DONATE)! ESPERO QUE GOSTEM DO EVENTO!
[4/1/2017 15:13:1] /b SEGUINTE VOU FAZER AGORA EVENT DA BACKPACK! REGRAS: NÃO FICA DANDO UE, NÃO TRAZER MC, EVITAR CHAR NIVEL 8! OS PREMIOS ESTÃO BONS (NÃO TEM DONATE)! ESPERO QUE GOSTEM DO EVENTO!
[4/1/2017 15:13:1] /b SEGUINTE VOU FAZER AGORA EVENT DA BACKPACK! REGRAS: NÃO FICA DANDO UE, NÃO TRAZER MC, EVITAR CHAR NIVEL 8! OS PREMIOS ESTÃO BONS (NÃO TEM DONATE)! ESPERO QUE GOSTEM DO EVENTO!
[4/1/2017 15:13:1] /b SEGUINTE VOU FAZER AGORA EVENT DA BACKPACK! REGRAS: NÃO FICA DANDO UE, NÃO TRAZER MC, EVITAR CHAR NIVEL 8! OS PREMIOS ESTÃO BONS (NÃO TEM DONATE)! ESPERO QUE GOSTEM DO EVENTO!
[4/1/2017 15:13:1] /b SEGUINTE VOU FAZER AGORA EVENT DA BACKPACK! REGRAS: NÃO FICA DANDO UE, NÃO TRAZER MC, EVITAR CHAR NIVEL 8! OS PREMIOS ESTÃO BONS (NÃO TEM DONATE)! ESPERO QUE GOSTEM DO EVENTO!
[4/1/2017 15:13:1] /b SEGUINTE VOU FAZER AGORA EVENT DA BACKPACK! REGRAS: NÃO FICA DANDO UE, NÃO TRAZER MC, EVITAR CHAR NIVEL 8! OS PREMIOS ESTÃO BONS (NÃO TEM DONATE)! ESPERO QUE GOSTEM DO EVENTO!
[4/1/2017 15:13:1] /b SEGUINTE VOU FAZER AGORA EVENT DA BACKPACK! REGRAS: NÃO FICA DANDO UE, NÃO TRAZER MC, EVITAR CHAR NIVEL 8! OS PREMIOS ESTÃO BONS (NÃO TEM DONATE)! ESPERO QUE GOSTEM DO EVENTO!
[4/1/2017 15:13:1] /b SEGUINTE VOU FAZER AGORA EVENT DA BACKPACK! REGRAS: NÃO FICA DANDO UE, NÃO TRAZER MC, EVITAR CHAR NIVEL 8! OS PREMIOS ESTÃO BONS (NÃO TEM DONATE)! ESPERO QUE GOSTEM DO EVENTO!
[4/1/2017 15:13:1] /b SEGUINTE VOU FAZER AGORA EVENT DA BACKPACK! REGRAS: NÃO FICA DANDO UE, NÃO TRAZER MC, EVITAR CHAR NIVEL 8! OS PREMIOS ESTÃO BONS (NÃO TEM DONATE)! ESPERO QUE GOSTEM DO EVENTO!
[4/1/2017 15:13:2] /b SEGUINTE VOU FAZER AGORA EVENT DA BACKPACK! REGRAS: NÃO FICA DANDO UE, NÃO TRAZER MC, EVITAR CHAR NIVEL 8! OS PREMIOS ESTÃO BONS (NÃO TEM DONATE)! ESPERO QUE GOSTEM DO EVENTO!
[4/1/2017 15:13:2] /b SEGUINTE VOU FAZER AGORA EVENT DA BACKPACK! REGRAS: NÃO FICA DANDO UE, NÃO TRAZER MC, EVITAR CHAR NIVEL 8! OS PREMIOS ESTÃO BONS (NÃO TEM DONATE)! ESPERO QUE GOSTEM DO EVENTO!
[4/1/2017 15:13:2] /b SEGUINTE VOU FAZER AGORA EVENT DA BACKPACK! REGRAS: NÃO FICA DANDO UE, NÃO TRAZER MC, EVITAR CHAR NIVEL 8! OS PREMIOS ESTÃO BONS (NÃO TEM DONATE)! ESPERO QUE GOSTEM DO EVENTO!
[4/1/2017 15:13:2] /b SEGUINTE VOU FAZER AGORA EVENT DA BACKPACK! REGRAS: NÃO FICA DANDO UE, NÃO TRAZER MC, EVITAR CHAR NIVEL 8! OS PREMIOS ESTÃO BONS (NÃO TEM DONATE)! ESPERO QUE GOSTEM DO EVENTO!
[4/1/2017 15:13:2] /b SEGUINTE VOU FAZER AGORA EVENT DA BACKPACK! REGRAS: NÃO FICA DANDO UE, NÃO TRAZER MC, EVITAR CHAR NIVEL 8! OS PREMIOS ESTÃO BONS (NÃO TEM DONATE)! ESPERO QUE GOSTEM DO EVENTO!
[4/1/2017 15:13:2] /b SEGUINTE VOU FAZER AGORA EVENT DA BACKPACK! REGRAS: NÃO FICA DANDO UE, NÃO TRAZER MC, EVITAR CHAR NIVEL 8! OS PREMIOS ESTÃO BONS (NÃO TEM DONATE)! ESPERO QUE GOSTEM DO EVENTO!
[4/1/2017 15:13:2] /b SEGUINTE VOU FAZER AGORA EVENT DA BACKPACK! REGRAS: NÃO FICA DANDO UE, NÃO TRAZER MC, EVITAR CHAR NIVEL 8! OS PREMIOS ESTÃO BONS (NÃO TEM DONATE)! ESPERO QUE GOSTEM DO EVENTO!
[4/1/2017 15:13:2] /b SEGUINTE VOU FAZER AGORA EVENT DA BACKPACK! REGRAS: NÃO FICA DANDO UE, NÃO TRAZER MC, EVITAR CHAR NIVEL 8! OS PREMIOS ESTÃO BONS (NÃO TEM DONATE)! ESPERO QUE GOSTEM DO EVENTO!
[4/1/2017 15:13:2] /b SEGUINTE VOU FAZER AGORA EVENT DA BACKPACK! REGRAS: NÃO FICA DANDO UE, NÃO TRAZER MC, EVITAR CHAR NIVEL 8! OS PREMIOS ESTÃO BONS (NÃO TEM DONATE)! ESPERO QUE GOSTEM DO EVENTO!
[4/1/2017 15:13:2] /b SEGUINTE VOU FAZER AGORA EVENT DA BACKPACK! REGRAS: NÃO FICA DANDO UE, NÃO TRAZER MC, EVITAR CHAR NIVEL 8! OS PREMIOS ESTÃO BONS (NÃO TEM DONATE)! ESPERO QUE GOSTEM DO EVENTO!
[4/1/2017 15:13:2] /b SEGUINTE VOU FAZER AGORA EVENT DA BACKPACK! REGRAS: NÃO FICA DANDO UE, NÃO TRAZER MC, EVITAR CHAR NIVEL 8! OS PREMIOS ESTÃO BONS (NÃO TEM DONATE)! ESPERO QUE GOSTEM DO EVENTO!
[4/1/2017 15:13:2] /b SEGUINTE VOU FAZER AGORA EVENT DA BACKPACK! REGRAS: NÃO FICA DANDO UE, NÃO TRAZER MC, EVITAR CHAR NIVEL 8! OS PREMIOS ESTÃO BONS (NÃO TEM DONATE)! ESPERO QUE GOSTEM DO EVENTO!
[4/1/2017 15:13:2] /b SEGUINTE VOU FAZER AGORA EVENT DA BACKPACK! REGRAS: NÃO FICA DANDO UE, NÃO TRAZER MC, EVITAR CHAR NIVEL 8! OS PREMIOS ESTÃO BONS (NÃO TEM DONATE)! ESPERO QUE GOSTEM DO EVENTO!
[4/1/2017 15:13:2] /b SEGUINTE VOU FAZER AGORA EVENT DA BACKPACK! REGRAS: NÃO FICA DANDO UE, NÃO TRAZER MC, EVITAR CHAR NIVEL 8! OS PREMIOS ESTÃO BONS (NÃO TEM DONATE)! ESPERO QUE GOSTEM DO EVENTO!
[4/1/2017 15:13:2] /b SEGUINTE VOU FAZER AGORA EVENT DA BACKPACK! REGRAS: NÃO FICA DANDO UE, NÃO TRAZER MC, EVITAR CHAR NIVEL 8! OS PREMIOS ESTÃO BONS (NÃO TEM DONATE)! ESPERO QUE GOSTEM DO EVENTO!
[4/1/2017 15:13:2] /b SEGUINTE VOU FAZER AGORA EVENT DA BACKPACK! REGRAS: NÃO FICA DANDO UE, NÃO TRAZER MC, EVITAR CHAR NIVEL 8! OS PREMIOS ESTÃO BONS (NÃO TEM DONATE)! ESPERO QUE GOSTEM DO EVENTO!
[4/1/2017 15:13:2] /b SEGUINTE VOU FAZER AGORA EVENT DA BACKPACK! REGRAS: NÃO FICA DANDO UE, NÃO TRAZER MC, EVITAR CHAR NIVEL 8! OS PREMIOS ESTÃO BONS (NÃO TEM DONATE)! ESPERO QUE GOSTEM DO EVENTO!
[4/1/2017 15:13:2] /b SEGUINTE VOU FAZER AGORA EVENT DA BACKPACK! REGRAS: NÃO FICA DANDO UE, NÃO TRAZER MC, EVITAR CHAR NIVEL 8! OS PREMIOS ESTÃO BONS (NÃO TEM DONATE)! ESPERO QUE GOSTEM DO EVENTO!
[4/1/2017 15:13:2] /b SEGUINTE VOU FAZER AGORA EVENT DA BACKPACK! REGRAS: NÃO FICA DANDO UE, NÃO TRAZER MC, EVITAR CHAR NIVEL 8! OS PREMIOS ESTÃO BONS (NÃO TEM DONATE)! ESPERO QUE GOSTEM DO EVENTO!
[4/1/2017 15:13:2] /b SEGUINTE VOU FAZER AGORA EVENT DA BACKPACK! REGRAS: NÃO FICA DANDO UE, NÃO TRAZER MC, EVITAR CHAR NIVEL 8! OS PREMIOS ESTÃO BONS (NÃO TEM DONATE)! ESPERO QUE GOSTEM DO EVENTO!
[4/1/2017 15:13:2] /b SEGUINTE VOU FAZER AGORA EVENT DA BACKPACK! REGRAS: NÃO FICA DANDO UE, NÃO TRAZER MC, EVITAR CHAR NIVEL 8! OS PREMIOS ESTÃO BONS (NÃO TEM DONATE)! ESPERO QUE GOSTEM DO EVENTO!
[4/1/2017 15:13:2] /b SEGUINTE VOU FAZER AGORA EVENT DA BACKPACK! REGRAS: NÃO FICA DANDO UE, NÃO TRAZER MC, EVITAR CHAR NIVEL 8! OS PREMIOS ESTÃO BONS (NÃO TEM DONATE)! ESPERO QUE GOSTEM DO EVENTO!
[4/1/2017 15:13:2] /b SEGUINTE VOU FAZER AGORA EVENT DA BACKPACK! REGRAS: NÃO FICA DANDO UE, NÃO TRAZER MC, EVITAR CHAR NIVEL 8! OS PREMIOS ESTÃO BONS (NÃO TEM DONATE)! ESPERO QUE GOSTEM DO EVENTO!
[4/1/2017 15:13:2] /b SEGUINTE VOU FAZER AGORA EVENT DA BACKPACK! REGRAS: NÃO FICA DANDO UE, NÃO TRAZER MC, EVITAR CHAR NIVEL 8! OS PREMIOS ESTÃO BONS (NÃO TEM DONATE)! ESPERO QUE GOSTEM DO EVENTO!
[4/1/2017 15:13:2] /b SEGUINTE VOU FAZER AGORA EVENT DA BACKPACK! REGRAS: NÃO FICA DANDO UE, NÃO TRAZER MC, EVITAR CHAR NIVEL 8! OS PREMIOS ESTÃO BONS (NÃO TEM DONATE)! ESPERO QUE GOSTEM DO EVENTO!
[4/1/2017 15:13:2] /b SEGUINTE VOU FAZER AGORA EVENT DA BACKPACK! REGRAS: NÃO FICA DANDO UE, NÃO TRAZER MC, EVITAR CHAR NIVEL 8! OS PREMIOS ESTÃO BONS (NÃO TEM DONATE)! ESPERO QUE GOSTEM DO EVENTO!
[4/1/2017 15:13:2] /b SEGUINTE VOU FAZER AGORA EVENT DA BACKPACK! REGRAS: NÃO FICA DANDO UE, NÃO TRAZER MC, EVITAR CHAR NIVEL 8! OS PREMIOS ESTÃO BONS (NÃO TEM DONATE)! ESPERO QUE GOSTEM DO EVENTO!
[4/1/2017 15:13:2] /b SEGUINTE VOU FAZER AGORA EVENT DA BACKPACK! REGRAS: NÃO FICA DANDO UE, NÃO TRAZER MC, EVITAR CHAR NIVEL 8! OS PREMIOS ESTÃO BONS (NÃO TEM DONATE)! ESPERO QUE GOSTEM DO EVENTO!
[4/1/2017 15:13:2] /b SEGUINTE VOU FAZER AGORA EVENT DA BACKPACK! REGRAS: NÃO FICA DANDO UE, NÃO TRAZER MC, EVITAR CHAR NIVEL 8! OS PREMIOS ESTÃO BONS (NÃO TEM DONATE)! ESPERO QUE GOSTEM DO EVENTO!
[4/1/2017 15:13:2] /b SEGUINTE VOU FAZER AGORA EVENT DA BACKPACK! REGRAS: NÃO FICA DANDO UE, NÃO TRAZER MC, EVITAR CHAR NIVEL 8! OS PREMIOS ESTÃO BONS (NÃO TEM DONATE)! ESPERO QUE GOSTEM DO EVENTO!
[4/1/2017 15:13:2] /b SEGUINTE VOU FAZER AGORA EVENT DA BACKPACK! REGRAS: NÃO FICA DANDO UE, NÃO TRAZER MC, EVITAR CHAR NIVEL 8! OS PREMIOS ESTÃO BONS (NÃO TEM DONATE)! ESPERO QUE GOSTEM DO EVENTO!
[4/1/2017 15:13:2] /b SEGUINTE VOU FAZER AGORA EVENT DA BACKPACK! REGRAS: NÃO FICA DANDO UE, NÃO TRAZER MC, EVITAR CHAR NIVEL 8! OS PREMIOS ESTÃO BONS (NÃO TEM DONATE)! ESPERO QUE GOSTEM DO EVENTO!
[4/1/2017 15:13:2] /b SEGUINTE VOU FAZER AGORA EVENT DA BACKPACK! REGRAS: NÃO FICA DANDO UE, NÃO TRAZER MC, EVITAR CHAR NIVEL 8! OS PREMIOS ESTÃO BONS (NÃO TEM DONATE)! ESPERO QUE GOSTEM DO EVENTO!
[4/1/2017 15:13:2] /b SEGUINTE VOU FAZER AGORA EVENT DA BACKPACK! REGRAS: NÃO FICA DANDO UE, NÃO TRAZER MC, EVITAR CHAR NIVEL 8! OS PREMIOS ESTÃO BONS (NÃO TEM DONATE)! ESPERO QUE GOSTEM DO EVENTO!
[4/1/2017 15:13:2] /b SEGUINTE VOU FAZER AGORA EVENT DA BACKPACK! REGRAS: NÃO FICA DANDO UE, NÃO TRAZER MC, EVITAR CHAR NIVEL 8! OS PREMIOS ESTÃO BONS (NÃO TEM DONATE)! ESPERO QUE GOSTEM DO EVENTO!
[4/1/2017 15:13:3] /b SEGUINTE VOU FAZER AGORA EVENT DA BACKPACK! REGRAS: NÃO FICA DANDO UE, NÃO TRAZER MC, EVITAR CHAR NIVEL 8! OS PREMIOS ESTÃO BONS (NÃO TEM DONATE)! ESPERO QUE GOSTEM DO EVENTO!
[4/1/2017 15:13:3] /b SEGUINTE VOU FAZER AGORA EVENT DA BACKPACK! REGRAS: NÃO FICA DANDO UE, NÃO TRAZER MC, EVITAR CHAR NIVEL 8! OS PREMIOS ESTÃO BONS (NÃO TEM DONATE)! ESPERO QUE GOSTEM DO EVENTO!
[4/1/2017 15:13:3] /b SEGUINTE VOU FAZER AGORA EVENT DA BACKPACK! REGRAS: NÃO FICA DANDO UE, NÃO TRAZER MC, EVITAR CHAR NIVEL 8! OS PREMIOS ESTÃO BONS (NÃO TEM DONATE)! ESPERO QUE GOSTEM DO EVENTO!
[4/1/2017 15:13:3] /b SEGUINTE VOU FAZER AGORA EVENT DA BACKPACK! REGRAS: NÃO FICA DANDO UE, NÃO TRAZER MC, EVITAR CHAR NIVEL 8! OS PREMIOS ESTÃO BONS (NÃO TEM DONATE)! ESPERO QUE GOSTEM DO EVENTO!
[4/1/2017 15:13:3] /b SEGUINTE VOU FAZER AGORA EVENT DA BACKPACK! REGRAS: NÃO FICA DANDO UE, NÃO TRAZER MC, EVITAR CHAR NIVEL 8! OS PREMIOS ESTÃO BONS (NÃO TEM DONATE)! ESPERO QUE GOSTEM DO EVENTO!
[4/1/2017 15:13:3] /b SEGUINTE VOU FAZER AGORA EVENT DA BACKPACK! REGRAS: NÃO FICA DANDO UE, NÃO TRAZER MC, EVITAR CHAR NIVEL 8! OS PREMIOS ESTÃO BONS (NÃO TEM DONATE)! ESPERO QUE GOSTEM DO EVENTO!
[4/1/2017 15:13:3] /b SEGUINTE VOU FAZER AGORA EVENT DA BACKPACK! REGRAS: NÃO FICA DANDO UE, NÃO TRAZER MC, EVITAR CHAR NIVEL 8! OS PREMIOS ESTÃO BONS (NÃO TEM DONATE)! ESPERO QUE GOSTEM DO EVENTO!
[4/1/2017 15:13:3] /b SEGUINTE VOU FAZER AGORA EVENT DA BACKPACK! REGRAS: NÃO FICA DANDO UE, NÃO TRAZER MC, EVITAR CHAR NIVEL 8! OS PREMIOS ESTÃO BONS (NÃO TEM DONATE)! ESPERO QUE GOSTEM DO EVENTO!
[4/1/2017 15:13:3] /b SEGUINTE VOU FAZER AGORA EVENT DA BACKPACK! REGRAS: NÃO FICA DANDO UE, NÃO TRAZER MC, EVITAR CHAR NIVEL 8! OS PREMIOS ESTÃO BONS (NÃO TEM DONATE)! ESPERO QUE GOSTEM DO EVENTO!
[4/1/2017 15:13:3] /b SEGUINTE VOU FAZER AGORA EVENT DA BACKPACK! REGRAS: NÃO FICA DANDO UE, NÃO TRAZER MC, EVITAR CHAR NIVEL 8! OS PREMIOS ESTÃO BONS (NÃO TEM DONATE)! ESPERO QUE GOSTEM DO EVENTO!
[4/1/2017 15:13:3] /b SEGUINTE VOU FAZER AGORA EVENT DA BACKPACK! REGRAS: NÃO FICA DANDO UE, NÃO TRAZER MC, EVITAR CHAR NIVEL 8! OS PREMIOS ESTÃO BONS (NÃO TEM DONATE)! ESPERO QUE GOSTEM DO EVENTO!
[4/1/2017 15:13:3] /b SEGUINTE VOU FAZER AGORA EVENT DA BACKPACK! REGRAS: NÃO FICA DANDO UE, NÃO TRAZER MC, EVITAR CHAR NIVEL 8! OS PREMIOS ESTÃO BONS (NÃO TEM DONATE)! ESPERO QUE GOSTEM DO EVENTO!
[4/1/2017 15:13:3] /b SEGUINTE VOU FAZER AGORA EVENT DA BACKPACK! REGRAS: NÃO FICA DANDO UE, NÃO TRAZER MC, EVITAR CHAR NIVEL 8! OS PREMIOS ESTÃO BONS (NÃO TEM DONATE)! ESPERO QUE GOSTEM DO EVENTO!
[4/1/2017 15:13:18] /ghost
[4/1/2017 15:13:38] /t Juniorpvpphs
[4/1/2017 15:13:43] /kick Juniorpvpphs
[4/1/2017 15:13:48] /b SEGUINTE VOU FAZER AGORA EVENT DA BACKPACK! REGRAS: NÃO FICA DANDO UE, NÃO TRAZER MC, EVITAR CHAR NIVEL 8! OS PREMIOS ESTÃO BONS (NÃO TEM DONATE)! ESPERO QUE GOSTEM DO EVENTO!
[4/1/2017 15:13:49] /b SEGUINTE VOU FAZER AGORA EVENT DA BACKPACK! REGRAS: NÃO FICA DANDO UE, NÃO TRAZER MC, EVITAR CHAR NIVEL 8! OS PREMIOS ESTÃO BONS (NÃO TEM DONATE)! ESPERO QUE GOSTEM DO EVENTO!
[4/1/2017 15:14:37] /b SEGUINTE VOU FAZER AGORA EVENT DA BACKPACK! REGRAS: NÃO FICA DANDO UE, NÃO TRAZER MC, EVITAR CHAR NIVEL 8! OS PREMIOS ESTÃO BONS (NÃO TEM DONATE)! ESPERO QUE GOSTEM DO EVENTO!
[4/1/2017 15:15:4] /b Pessoal posso tá um pouco lento, por que to com lag. Posso cair sem querer, mas volto rapido! VAMOS COMEÇAR!
[4/1/2017 15:15:20] /b Ultima aviso, ACABOU as backpack ACABOU O EVENTO!
[4/1/2017 15:15:20] /b Ultima aviso, ACABOU as backpack ACABOU O EVENTO!
[4/1/2017 15:15:20] /b Ultima aviso, ACABOU as backpack ACABOU O EVENTO!
[4/1/2017 15:15:21] /b Ultima aviso, ACABOU as backpack ACABOU O EVENTO!
[4/1/2017 15:15:21] /b Ultima aviso, ACABOU as backpack ACABOU O EVENTO!
[4/1/2017 15:15:21] /b Ultima aviso, ACABOU as backpack ACABOU O EVENTO!
[4/1/2017 15:15:22] /b Ultima aviso, ACABOU as backpack ACABOU O EVENTO!
[4/1/2017 15:15:32] /kick Pally
[4/1/2017 15:17:12] /b LEVEM A BP JUNTO
[4/1/2017 15:17:44] /b Evento fica no tp do lado do tp do castle
[4/1/2017 15:18:57] /i doll
[4/1/2017 15:23:29] /i doll
[4/1/2017 15:24:34] /i doll
[4/1/2017 15:24:41] /a
[4/1/2017 15:24:43] /a 3
[4/1/2017 15:24:44] /a 2
[4/1/2017 15:24:46] /c Pally
[4/1/2017 15:24:48] /a
[4/1/2017 15:24:55] /c Pally
[4/1/2017 15:24:56] /a
[4/1/2017 15:25:0] /a 2
[4/1/2017 15:25:2] /a 3
[4/1/2017 15:27:41] /i doll
[4/1/2017 15:28:35] /b ULTIMAS 4 BP
[4/1/2017 15:29:15] /a 5
[4/1/2017 15:29:21] /t Lord Teresina
[4/1/2017 15:29:22] /a 4
[4/1/2017 15:29:36] /b ULTIMA DUAS PB
[4/1/2017 15:29:57] /b UlTIMA PB!
[4/1/2017 15:30:22] /b Pessoal relaxa! A gente vai fazer mais eventos!
[4/1/2017 15:30:26] /b EVENTO DA BACKPACK ACABOU!
[4/1/2017 15:30:31] /b A sala será arrumada!
[4/1/2017 15:30:41] /b A noite talvez faço outro!
[4/1/2017 15:30:46] /t Ne on
[4/1/2017 15:30:50] /t Xronkyzserah Rush
[4/1/2017 15:30:54] /a
[4/1/2017 15:31:18] /t Osman
[4/1/2017 15:31:47] /a
[4/1/2017 15:32:41] /ghost
[4/1/2017 15:32:41] /t
[4/1/2017 15:32:45] /clean
[4/1/2017 15:33:39] /c Bodde da capital
[4/1/2017 15:33:47] /c Bodde da capital
[4/1/2017 15:34:2] /ghost
[4/1/2017 15:35:15] /c Sopa de barata
[4/1/2017 15:35:38] /c Querominharma
[4/1/2017 15:36:49] /goto Trinity
[4/1/2017 15:37:17] /t
[4/1/2017 15:38:48] /c Redifusion
[4/1/2017 15:38:57] /c Redifuzion
[4/1/2017 15:39:38] /c Leohzera tankor
[4/1/2017 15:40:24] /up 3
[4/1/2017 15:40:27] /c Lord teresina
[4/1/2017 15:40:39] /t Lord teresina
[4/1/2017 15:40:39] /t
[4/1/2017 15:40:49] /c Starglock
[4/1/2017 15:42:2] /addskill [CM
[4/1/2017 15:42:14] /addskill [CM] Jerulino, level, -6
[4/1/2017 15:43:15] /c Ozor
[4/1/2017 15:44:35] /t
[4/1/2017 15:45:20] /goto Jardan
[4/1/2017 15:47:30] /t
[4/1/2017 15:47:36] /c Vini
[4/1/2017 15:48:35] /c Cartao de visita
[4/1/2017 15:49:12] /goto Jardan
[4/1/2017 15:49:18] /t
[4/1/2017 15:50:7] /b Não sei se vocês sabem, mas addons dá atributos (bons ainda) ^-^
[4/1/2017 15:50:18] /c Dash aka
[4/1/2017 15:50:39] /c Rapidin
[4/1/2017 15:51:10] /c Rapidiin
[4/1/2017 15:51:13] /a
[4/1/2017 15:53:21] /t
[4/1/2017 15:54:17] /c Sopa de barata
[4/1/2017 15:54:27] /t
[4/1/2017 15:54:58] /bc red 18:54 Beiiker Frezz [405]: GO QUEST RENERATION BOOTS VEM FAST
[4/1/2017 15:55:7] /bc red 18:54 Beiiker Frezz [405]: GO QUEST RENERATI
[4/1/2017 15:55:41] /c Chuurumela
[4/1/2017 15:55:53] /c Churumela
[4/1/2017 15:56:18] /t
[4/1/2017 15:56:42] /t
[4/1/2017 16:0:47] /up
[4/1/2017 16:0:50] /c Fabim
[4/1/2017 16:2:13] /b 19:01 New record: 145 players are logged in. VALEU GALERA <3
[4/1/2017 16:2:14] /b 19:01 New record: 145 players are logged in. VALEU GALERA <3
[4/1/2017 16:2:14] /b 19:01 New record: 145 players are logged in. VALEU GALERA <3
[4/1/2017 16:2:14] /b 19:01 New record: 145 players are logged in. VALEU GALERA <3
[4/1/2017 16:2:57] /c Pudzianovski
[4/1/2017 16:3:11] /up
[4/1/2017 16:3:14] /up 
[4/1/2017 16:3:16] /c Pudzianovski
[4/1/2017 16:4:25] /i 7424
[4/1/2017 16:4:26] /i 7424
[4/1/2017 16:4:26] /i 7424
[4/1/2017 16:4:26] /i 7424
[4/1/2017 16:4:27] /i 7424
[4/1/2017 16:4:27] /i 7424
[4/1/2017 16:4:27] /i 7424
[4/1/2017 16:4:28] /i 7424
[4/1/2017 16:4:28] /i 7424
[4/1/2017 16:4:28] /i 7424
[4/1/2017 16:4:34] /c /i 7424
[4/1/2017 16:4:35] /i 7424
[4/1/2017 16:4:36] /i 7424
[4/1/2017 16:4:36] /i 7424
[4/1/2017 16:4:41] /c Pudzianovski
[4/1/2017 16:4:44] /c Pudzianovski
[4/1/2017 16:6:17] /t
[4/1/2017 16:6:49] /goto Pudzianovski
[4/1/2017 16:6:53] /i 2641
[4/1/2017 16:6:54] /i 2641
[4/1/2017 16:6:54] /i 2641
[4/1/2017 16:6:54] /i 2641
[4/1/2017 16:6:54] /i 2641
[4/1/2017 16:6:55] /i 2641
[4/1/2017 16:6:55] /i 2641
[4/1/2017 16:7:34] /i 2641
[4/1/2017 16:7:34] /i 2641
[4/1/2017 16:7:35] /i 2641
[4/1/2017 16:7:35] /i 2641
[4/1/2017 16:7:35] /i 2641
[4/1/2017 16:7:42] /i 2641
[4/1/2017 16:7:43] /i 2641
[4/1/2017 16:7:43] /i 2641
[4/1/2017 16:9:21] /t
[4/1/2017 16:9:41] /i 9971 
[4/1/2017 16:9:41] /i 9971 
[4/1/2017 16:9:42] /i 9971 
[4/1/2017 16:9:42] /i 9971 
[4/1/2017 16:9:56] /c Bilau
[4/1/2017 16:11:26] /c Cyclone
[4/1/2017 16:12:5] /c Isbiguivaldina
[4/1/2017 16:12:13] /t
[4/1/2017 16:12:32] /up
[4/1/2017 16:12:34] /c Khaserk
[4/1/2017 16:12:36] /a
[4/1/2017 16:12:37] /a
[4/1/2017 16:12:41] /up 2
[4/1/2017 16:12:42] /c Khaserk
[4/1/2017 16:12:54] /t Khaserk
[4/1/2017 16:12:55] /t
[4/1/2017 16:13:26] /goto Gaara
[4/1/2017 16:14:23] /t
[4/1/2017 16:15:6] /c Lord OSny hp
[4/1/2017 16:15:11] /c Lord SOny Hp
[4/1/2017 16:22:8] /c Mao De Ouro
[4/1/2017 16:22:15] /c Mao De Ouro
[4/1/2017 16:22:49] /c Druiidsx Rush
[4/1/2017 16:23:3] /i addon doll
[4/1/2017 16:23:17] /up 3
[4/1/2017 16:23:25] /c Pudzianovski
[4/1/2017 16:23:33] /down
[4/1/2017 16:23:34] /up
[4/1/2017 16:23:38] /t
[4/1/2017 16:24:50] /b Pessoal não esquecem de visitar a pagina do ot no facebook (BR-BAIAK) <3
[4/1/2017 16:24:50] /b Pessoal não esquecem de visitar a pagina do ot no facebook (BR-BAIAK) <3
[4/1/2017 16:24:50] /b Pessoal não esquecem de visitar a pagina do ot no facebook (BR-BAIAK) <3
[4/1/2017 16:24:50] /b Pessoal não esquecem de visitar a pagina do ot no facebook (BR-BAIAK) <3
[4/1/2017 16:24:51] /b Pessoal não esquecem de visitar a pagina do ot no facebook (BR-BAIAK) <3
[4/1/2017 16:25:7] /goto Ze bonitinho
[4/1/2017 16:25:17] /i Zaoan Legs
[4/1/2017 16:26:54] /t
[4/1/2017 16:27:7] /c Marijuanna
[4/1/2017 16:27:57] /up 3
[4/1/2017 16:28:1] /c 19:27 Ze bonitinho [307]: mds isso q é ot 19:27 Mahor Push [8]: Cm  19:27 Sekk [8]: !rank 19:27 Sekk [8]: !rank level 19:27 Ze bonitinho [307]: donatei aki slc
[4/1/2017 16:28:5] /c Mahor Push
[4/1/2017 16:28:17] /t Mahor Push
[4/1/2017 16:28:19] /t
[4/1/2017 16:28:34] /up 3
[4/1/2017 16:28:35] /c Rapidiin
[4/1/2017 16:28:43] /i 7424
[4/1/2017 16:28:43] /i 7424
[4/1/2017 16:28:43] /i 7424
[4/1/2017 16:28:43] /i 7424
[4/1/2017 16:28:44] /i 7424
[4/1/2017 16:28:44] /i 7424
[4/1/2017 16:28:49] /t Rapidiin
[4/1/2017 16:28:49] /t
[4/1/2017 16:29:11] /goto Ze bonitinho
[4/1/2017 16:30:18] /c Ze bonitinho
[4/1/2017 16:32:41] /t
[4/1/2017 16:32:53] /a 2
[4/1/2017 16:32:59] /t
[4/1/2017 16:33:1] /up 3
[4/1/2017 16:33:4] /c Marijuanna
[4/1/2017 16:33:9] /m Brimstone Bug
[4/1/2017 16:33:11] /r
[4/1/2017 16:33:18] /m Brimstone Bug
[4/1/2017 16:33:23] /r
[4/1/2017 16:33:26] /t
[4/1/2017 16:33:39] /a 3
[4/1/2017 16:33:40] /a 3
[4/1/2017 16:34:28] /c Marijuanna
[4/1/2017 16:34:49] /t Marijuanna
[4/1/2017 16:34:53] /t
[4/1/2017 16:35:26] /up 3
[4/1/2017 16:35:48] /t
[4/1/2017 16:35:53] /c Flash
[4/1/2017 16:36:16] /r
[4/1/2017 16:38:18] /i new donate axe
[4/1/2017 16:38:56] /i 7424
[4/1/2017 16:38:57] /i 7424
[4/1/2017 16:38:57] /i 7424
[4/1/2017 16:38:57] /i 7424
[4/1/2017 16:38:57] /i 7424
[4/1/2017 16:38:57] /i 7424
[4/1/2017 16:38:58] /i 7424
[4/1/2017 16:38:58] /i 7424
[4/1/2017 16:38:58] /i 7424
[4/1/2017 16:39:1] /t
[4/1/2017 16:39:14] /bc green 19:37 Beiiker Frezz [406]: GO GO QUEST AMULET FAST
[4/1/2017 16:40:19] /t
[4/1/2017 16:41:13] /c Mineirinho
[4/1/2017 16:41:51] /goto Rikezerah Rush
[4/1/2017 16:42:13] /c Gaber ed
[4/1/2017 16:42:17] /c Rikezera Rush
[4/1/2017 16:42:22] /a
[4/1/2017 16:42:28] /c Rikzera Rush
[4/1/2017 16:42:31] /t
[4/1/2017 16:43:30] /ghost
[4/1/2017 16:43:46] /c My Name Is Alenda
[4/1/2017 16:44:55] /t
[4/1/2017 16:45:1] /ghost
[4/1/2017 16:45:26] /t
[4/1/2017 16:45:56] /t
[4/1/2017 16:46:16] /goto Jardan
[4/1/2017 16:46:24] /a
[4/1/2017 16:46:36] /t
[4/1/2017 16:46:40] /up 3
[4/1/2017 16:46:42] /c Ziggy
[4/1/2017 16:46:51] /t Ziggy
[4/1/2017 16:47:1] /goto Rikezerah Rush
[4/1/2017 16:47:13] /t
[4/1/2017 16:47:17] /ghost
[4/1/2017 16:47:24] /t
[4/1/2017 16:48:4] /goto Pow
[4/1/2017 16:48:20] /c Lukes
[4/1/2017 16:49:2] /c Senhor furtado
[4/1/2017 16:54:21] /t
[4/1/2017 16:58:38] /a 3
[4/1/2017 16:58:39] /a
[4/1/2017 16:58:41] /a
[4/1/2017 16:58:43] /ghost
[4/1/2017 16:58:52] /a
[4/1/2017 16:59:0] /ghost
[4/1/2017 16:59:2] /a
[4/1/2017 17:0:30] /bc green  19:59 Lord Teresina [338]: INVITO PLAYER LEVEL 250+ PARA GUILD POINTS GOGOG
[4/1/2017 17:0:31] /bc green  19:59 Lord Teresina [338]: INVITO PLAYER LEVEL 250+ PARA GUILD POINTS GOGOG
[4/1/2017 17:0:32] /bc green  19:59 Lord Teresina [338]: INVITO PLAYER LEVEL 250+ PARA GUILD POINTS GOGOG
[4/1/2017 17:0:33] /bc green  19:59 Lord Teresina [338]: INVITO PLAYER LEVEL 250+ PARA GUILD POINTS GOGOG
[4/1/2017 17:0:33] /bc green  19:59 Lord Teresina [338]: INVITO PLAYER LEVEL 250+ PARA GUILD POINTS GOGOG
[4/1/2017 17:2:6] /goto Diiogo Olooucoh
[4/1/2017 17:2:9] /ghost
[4/1/2017 17:2:18] /r
[4/1/2017 17:2:20] /r
[4/1/2017 17:2:22] /r
[4/1/2017 17:2:35] /c Bilau
[4/1/2017 17:2:37] /ghost
[4/1/2017 17:2:40] /t
[4/1/2017 17:3:30] /i backpack
[4/1/2017 17:3:33] /i bakcáclk
[4/1/2017 17:3:38] /i backpack
[4/1/2017 17:3:41] /i backpack
[4/1/2017 17:3:58] /bc green  19:59 Lord Teresina [338]: INVITO PLAYER LEVEL 250+ PARA GUILD POINTS GOGOG
[4/1/2017 17:4:10] /goto Roshamull
[4/1/2017 17:4:12] /mc
[4/1/2017 17:4:54] /c Go temple
[4/1/2017 17:4:55] /t
[4/1/2017 17:5:52] /up 3
[4/1/2017 17:8:32] /addskill Anti Anuncio, level, 300
[4/1/2017 17:8:58] /addskill Anti Anuncio, level, -300
[4/1/2017 17:9:6] /t
[4/1/2017 17:9:23] /up 4
[4/1/2017 17:9:25] /up 3
[4/1/2017 17:9:28] /c Anti anuncio
[4/1/2017 17:9:48] /i 9971
[4/1/2017 17:9:50] /i 9971
[4/1/2017 17:10:36] /t Anti anuncio
[4/1/2017 17:10:52] /t
[4/1/2017 17:12:15] /addskill Anti anuncio, level, 450
[4/1/2017 17:13:48] /goto Bali Hai
[4/1/2017 17:13:51] /ghost
[4/1/2017 17:14:22] /i 8903
[4/1/2017 17:14:55] /i 3972
[4/1/2017 17:15:2] /t
[4/1/2017 17:16:14] /ghost
[9/1/2017 15:25:48] /up 3
[9/1/2017 15:25:52] /down
[9/1/2017 15:30:33] /c Pallyzin Rullex
[9/1/2017 15:30:43] /up 2
[9/1/2017 15:30:48] /a
[9/1/2017 15:30:48] /a
[9/1/2017 15:30:50] /a
[9/1/2017 15:30:51] /a
[9/1/2017 15:30:58] /c Pallyzin Rullex
[9/1/2017 15:31:26] /addskill Pallyzin Rullex, distance, 3
[9/1/2017 15:31:50] /addskill Pallyzin Rullex, distance, 9
[9/1/2017 15:31:57] /save
[9/1/2017 15:32:19] /save
[9/1/2017 15:32:35] /addskill Pallyzin Rullex, distance, 3
[9/1/2017 15:33:8] /addskill Pallyzin Rullex, distance, 1
[9/1/2017 15:33:15] /addskill Pallyzin Rullex, distance, 1
[9/1/2017 15:33:18] /addskill Pallyzin Rullex, distance, 1
[9/1/2017 15:33:20] /addskill Pallyzin Rullex, distance, 1
[9/1/2017 15:34:41] /i dodge stone
[9/1/2017 15:34:45] /i critical stone
[9/1/2017 15:36:5] /save
[9/1/2017 15:38:17] /addskill Pallyzin Rullex, level, 100
[9/1/2017 15:38:45] /addskill Pallyzin Rullex, level, 55
[9/1/2017 15:38:49] /t
[9/1/2017 15:38:54] /t Pallyzin Rullex
[10/1/2017 17:48:59] /addskill Pallyzin Rullex, magic, 80
[10/1/2017 17:49:19] /r
[10/1/2017 17:49:38] /addskill Pallyzin Rullex, magic, 8
[10/1/2017 17:49:45] /addskill Pallyzin Rullex, magic, 8
[10/1/2017 17:50:0] /addskill Pallyzin Rullex, magic, 8
[10/1/2017 17:50:6] /addskill Pallyzin Rullex, magic, 10
[10/1/2017 17:50:17] /save
[10/1/2017 17:50:29] /addskill Pallyzin Rullex, magic, 25
[10/1/2017 17:50:34] /addskill Pallyzin Rullex, magic, 40
[10/1/2017 17:50:43] /i addon doll
[10/1/2017 17:51:26] /addskill Pallyzin Rullex, distance, 1
[10/1/2017 17:51:41] /addskill Pallyzin Rullex, distance, 1
[10/1/2017 17:51:53] /save
[10/1/2017 19:54:54] /addskill Pallyzin Rullex, magic, 15
[10/1/2017 19:55:5] /addskill Pallyzin Rullex, magic, 30
[10/1/2017 19:55:38] /addskill Pallyzin Rullex, magic, 50
[10/1/2017 19:56:8] /addskill Pallyzin Rullex, magic, 65
[10/1/2017 19:56:45] /t
[10/1/2017 19:57:3] /goto Lider Volkoff
[10/1/2017 19:57:16] /goto Rapha Volkoff
[10/1/2017 19:57:18] /t
[10/1/2017 19:59:19] /addskill Pallyzin Rullex, magic, 70
[10/1/2017 20:2:53] /t Pallyzin Rullex
[10/1/2017 20:4:49] /goto Menina veneno
[10/1/2017 20:4:53] /c Pallyzin Rullex
[10/1/2017 20:8:44] /t
[10/1/2017 20:8:54] /t Pallyzin Rullex
[11/1/2017 9:49:56] /ghost
[11/1/2017 9:50:2] /ghost
[11/1/2017 9:50:17] /addskill Pallyzin Rullex, distance, 100
[11/1/2017 9:50:32] /save
[11/1/2017 10:24:15] /addskill Pallyzin Rullex, distance, 100
[11/1/2017 10:24:33] /save
[11/1/2017 10:24:43] /addskill Pallyzin Rullex, distance, 300
[11/1/2017 10:25:6] /addskill Pallyzin Rullex, magic, 100
[11/1/2017 10:25:22] /addskill Pallyzin Rullex, distance, 200
[11/1/2017 10:25:38] /save
[11/1/2017 10:25:56] /addskill Pallyzin Rullex, magic, 200
[11/1/2017 10:26:7] /addskill Pallyzin Rullex, magic, 500
[11/1/2017 10:26:17] /addskill Pallyzin Rullex, magic, 1000
[11/1/2017 10:26:57] /i new palladin bow
[11/1/2017 10:27:6] /up 3
[11/1/2017 10:27:11] /c Pallyzin Rullex
[11/1/2017 10:27:14] /i new pally bow
[11/1/2017 10:27:23] /i new pally boots
[11/1/2017 10:27:38] /i dodge stone
[11/1/2017 10:27:50] /t Pallyzin Rullex
[11/1/2017 11:10:23] /save
[11/1/2017 11:10:36] /b Pessoal o char Pallyzin Rullex, foi deletado do jogo.
[11/1/2017 11:10:38] /t
