[16/7/2017 18:36:51] /a 2
[16/7/2017 18:37:15] /a 4
[16/7/2017 18:37:16] /ghost
[16/7/2017 18:37:17] /a 4
[16/7/2017 18:37:17] /a 4
[16/7/2017 18:37:19] /ghost
[16/7/2017 18:37:28] /a 4
[16/7/2017 18:37:29] /a 4
[16/7/2017 18:37:29] /a 4
[16/7/2017 18:37:30] /a 4
[16/7/2017 18:37:30] /a 4
[16/7/2017 18:37:31] /a 4
[16/7/2017 18:38:14] /a 5
[16/7/2017 19:7:53] /c Bode Gaiato
[16/7/2017 19:7:55] /goto Bode Gaiato
[16/7/2017 19:8:2] /goto Bode Gaiato
[16/7/2017 19:8:4] /c Bode Gaiato
[16/7/2017 19:8:6] /up 3
[16/7/2017 19:8:7] /c Bode Gaiato
[16/7/2017 19:8:9] /ghost
[16/7/2017 19:8:32] /t Bode Gaiato
[16/7/2017 19:8:33] /ghost
[16/7/2017 19:8:34] /t
[16/7/2017 19:9:8] /ghost
[16/7/2017 19:11:11] /ghost
[16/7/2017 19:11:20] /t
[16/7/2017 19:12:16] /ghost
[16/7/2017 19:12:26] /a 2
[16/7/2017 19:12:35] /a 4
[16/7/2017 19:13:6] /ghost
[16/7/2017 19:13:26] /t
[16/7/2017 19:15:1] /a 4
[16/7/2017 19:16:1] /t
[16/7/2017 19:24:29] /bc green Galera, Vou Criar um GRUPO NO WHATS DE TIBIA -- PRA O SERVIDOR,  ADICIONEM EU NO WPP 81983304358
[16/7/2017 19:25:15] /bc green Galera, Vou Criar um GRUPO NO WHATS DE TIBIA -- PRA O SERVIDOR,  ADICIONEM EU NO WPP 81983304358
[16/7/2017 19:25:49] /bc green Galera, Vou Criar um GRUPO NO WHATS DE TIBIA -- PRA O SERVIDOR,  ADICIONEM EU NO WPP 81983304358
[16/7/2017 19:27:13] /goto Raiza
[16/7/2017 19:27:20] /a 4
[16/7/2017 19:27:21] /a 4
[16/7/2017 19:27:21] /a 4
[16/7/2017 19:27:21] /a 4
[16/7/2017 19:27:22] /a 4
[16/7/2017 19:27:43] /a 4
[16/7/2017 19:27:46] /a 4
[16/7/2017 19:27:46] /a 4
[16/7/2017 19:27:47] /a 4
[16/7/2017 19:28:13] /goto Raiza
[16/7/2017 19:28:31] /goto Hawk
[16/7/2017 19:28:33] /goto Hawk
[16/7/2017 19:28:34] /goto Hawk
[16/7/2017 19:28:36] /goto Hawk
[16/7/2017 19:28:38] /goto Hawk
[16/7/2017 19:28:39] /goto Hawk
[16/7/2017 19:28:41] /goto Hawk
[16/7/2017 19:28:43] /goto Hawk
[16/7/2017 19:28:45] /goto Hawk
[16/7/2017 19:28:47] /goto Hawk
[16/7/2017 19:42:22] /goto hawk
[16/7/2017 19:42:24] /c Diniz
[16/7/2017 19:42:26] /t
[16/7/2017 19:50:18] /ghost
[16/7/2017 19:51:8] /ghost
[16/7/2017 19:51:10] /goto raiza
[16/7/2017 19:51:11] /t
[16/7/2017 19:51:34] /goto Slayzer
[16/7/2017 19:51:36] /t
[16/7/2017 19:51:38] /goto Hawk
[16/7/2017 19:51:53] /c Diniz
[16/7/2017 19:51:54] /t
[16/7/2017 19:54:7] /kick diniz
[16/7/2017 19:54:12] /kick Aello
[16/7/2017 19:54:23] /kick Aello
[16/7/2017 19:55:52] /goto Aello
[16/7/2017 19:55:54] /c diniz
[16/7/2017 19:56:38] /goto aello
[16/7/2017 19:56:44] /t
[16/7/2017 19:56:53] /goto aello
[16/7/2017 19:56:54] /c diniz
[16/7/2017 19:56:56] /t
[16/7/2017 19:57:29] /kick Aewehueh
[16/7/2017 19:57:31] /kick Diniz
[16/7/2017 19:57:33] /kick Aello
[16/7/2017 19:59:38] /goto aello
[16/7/2017 19:59:39] /ghost
[16/7/2017 19:59:41] /ghost
[16/7/2017 19:59:58] /t
[16/7/2017 20:0:5] /goto Aello
[16/7/2017 20:0:7] /ghost
[16/7/2017 20:0:12] /kick Aello
[16/7/2017 20:0:16] /kick Aewehueh
[16/7/2017 20:0:17] /ghost
[16/7/2017 20:0:20] /c Diniz
[16/7/2017 20:0:24] /t
[16/7/2017 20:1:18] /goto Aello
[16/7/2017 20:1:21] /c Diniz
[16/7/2017 20:1:21] /t
[16/7/2017 20:1:57] /kick diniz
[16/7/2017 20:2:0] /t diniz
[16/7/2017 20:2:2] /kick aello
[16/7/2017 20:3:57] /goto Raizer
[16/7/2017 20:4:0] /goto Raiz
[16/7/2017 20:4:3] /goto Raize
[16/7/2017 20:4:6] /goto Aello
[16/7/2017 20:5:2] /goto aello
[16/7/2017 20:5:5] /ghost
[16/7/2017 20:5:14] /c aello
[16/7/2017 20:5:15] /c aello
[16/7/2017 20:5:17] /c aello
[16/7/2017 20:5:18] /c aello
[16/7/2017 20:5:23] /a 50
[16/7/2017 20:5:25] /a 20
[16/7/2017 20:5:26] /c aello
[16/7/2017 20:5:28] /a 10
[16/7/2017 20:5:29] /c aello
[16/7/2017 20:5:30] /ghost
[16/7/2017 20:6:23] /bc green Galera uma Dica Algums players querem trocar item aqui por item em outro ot não aconselho trocar essa noite pq o adm vai resetar os items de quem pegou ontem sobre uma parada que rolo então nao trokem so aparti de amanhã se não vai sumir
[16/7/2017 20:7:20] /goto Aewehueh
[16/7/2017 20:7:25] /c aello
[16/7/2017 20:7:55] /kick Aewehueh
[16/7/2017 20:7:58] /kick aello
[16/7/2017 20:8:13] /goto aello
[16/7/2017 20:8:13] /goto aello
[16/7/2017 20:8:14] /goto aello
[16/7/2017 20:8:16] /t aello
[16/7/2017 20:8:17] /t
[16/7/2017 20:8:25] /goto aello
[16/7/2017 20:8:28] /c power ranger
[16/7/2017 20:8:30] /t
[16/7/2017 20:9:2] /goto aello
[16/7/2017 20:9:3] /c Aewehueh
[16/7/2017 20:9:4] /t
[16/7/2017 20:9:49] /goto Aewehueh
[16/7/2017 20:9:50] /c aello
[16/7/2017 20:10:1] /c power ranger
[16/7/2017 20:10:5] /t
[16/7/2017 20:10:21] /kick Aewehueh
[16/7/2017 20:10:23] /kick aello
[16/7/2017 20:10:25] /kick power ranger
[16/7/2017 20:10:40] /goto Chuck
[16/7/2017 20:10:46] /t
[16/7/2017 20:10:53] /goto Slayzer
[16/7/2017 20:10:54] /t
[16/7/2017 20:10:59] /goto Raiza
[16/7/2017 20:11:1] /t
[16/7/2017 20:11:31] /goto Aewehueh
[16/7/2017 20:11:32] /c aello
[16/7/2017 20:11:34] /c power ranger
[16/7/2017 20:11:35] /t
[16/7/2017 20:11:51] /goto Aewehueh
[16/7/2017 20:11:54] /t
[16/7/2017 20:11:58] /goto Aewehueh
[16/7/2017 20:12:2] /c power ranger
[16/7/2017 20:12:30] /kick Aewehueh
[16/7/2017 20:12:43] /goto Aewehueh
[16/7/2017 20:12:47] /c power ranger
[16/7/2017 20:12:50] /c aello
[16/7/2017 20:13:22] /t
[16/7/2017 20:13:43] /goto Aewehueh
[16/7/2017 20:13:48] /c power ranger
[16/7/2017 20:13:49] /c Hawk
[16/7/2017 20:14:2] /t
[16/7/2017 20:15:14] /goto aello
[16/7/2017 20:15:16] /goto power ranger
[16/7/2017 20:15:17] /c aello
[16/7/2017 20:15:23] /c Aewehueh
[16/7/2017 20:15:32] /goto hawk
[16/7/2017 20:15:58] /goto hawk
[16/7/2017 20:16:2] /kick hawk
[16/7/2017 20:16:13] /goto Aewehueh
[16/7/2017 20:16:21] /goto Aewehueh
[16/7/2017 20:16:51] /kick Aewehueh
[16/7/2017 20:16:53] /kick aello
[16/7/2017 20:16:56] /kick power ranger
[16/7/2017 20:17:0] /t
[16/7/2017 20:18:41] /goto Aewehueh
[16/7/2017 20:18:48] /c Diniz
[16/7/2017 20:18:57] /t
[16/7/2017 20:24:25] /goto Im'panic
[16/7/2017 20:24:54] /a 4
[16/7/2017 20:25:12] /a 4
[16/7/2017 20:25:14] /a 4
[16/7/2017 20:25:15] /a 4
[16/7/2017 20:25:20] /a 4
[16/7/2017 20:25:38] /t
[16/7/2017 20:26:5] /ghost
[16/7/2017 20:26:7] /ghost
[16/7/2017 20:26:21] /kick diniz
[16/7/2017 20:35:3] /bc green , Liguem pro PROCON PQ TA FODA
[16/7/2017 20:55:40] /up 3
[16/7/2017 20:55:42] /c Belth Wintershade
[16/7/2017 20:55:43] /ghost
[16/7/2017 20:59:58] /goto francis.silva23
[16/7/2017 21:14:6] /bc green não trokem items até amanhã pois os items roubados que foram jogados no chão seram retirados ! [GM] Gabryel
[16/7/2017 21:14:41] /bc green não trokem items até amanhã pois os items roubados que foram jogados no chão seram retirados ! [GM] Gabryel
[16/7/2017 21:16:11] /bc green GALERA OT NÃO VAI RESETAR ,NADA VAI RESETAR, VCS NÃO ENTENDERAM DEIXA DEIXA KKKK
[16/7/2017 21:17:36] /bc green DUVIDAS 81983304358
[16/7/2017 21:18:16] /ghost
[16/7/2017 21:18:20] /t
[16/7/2017 21:18:35] /a 4
[16/7/2017 21:18:38] /a 2
[16/7/2017 21:18:39] /ghost
[16/7/2017 21:19:53] /a 4
[16/7/2017 21:19:53] /a 4
[16/7/2017 21:19:54] /a 4
[16/7/2017 21:19:54] /a 4
[16/7/2017 21:19:54] /a 4
[16/7/2017 21:19:55] /a 4
[16/7/2017 21:19:55] /a 4
[16/7/2017 21:19:56] /a 4
[16/7/2017 21:19:57] /a 4
[16/7/2017 21:19:57] /a 4
[16/7/2017 21:19:58] /a 4
[16/7/2017 21:19:58] /a 4
[16/7/2017 21:19:58] /a 4
[16/7/2017 21:19:59] /a 4
[16/7/2017 21:20:0] /a 4
[16/7/2017 21:20:0] /a 4
[16/7/2017 21:20:0] /a 4
[16/7/2017 21:20:1] /a 4
[16/7/2017 21:20:2] /a 4
[16/7/2017 21:20:2] /a 4
[16/7/2017 21:20:3] /a 4
[16/7/2017 21:20:6] /a 4
[16/7/2017 21:20:6] /a 4
[16/7/2017 21:20:7] /a 4
[16/7/2017 21:20:9] /a 4
[16/7/2017 21:20:10] /a 4
[16/7/2017 21:20:11] /a 4
[16/7/2017 21:20:13] /a 2
[16/7/2017 21:21:7] /a 4
[16/7/2017 21:21:8] /a 4
[16/7/2017 21:23:11] /a 4
[16/7/2017 21:23:11] /a 4
[16/7/2017 21:23:11] /a 4
[16/7/2017 21:23:12] /a 4
[16/7/2017 21:23:12] /a 4
[16/7/2017 21:23:12] /a 4
[16/7/2017 21:23:21] /a 4
[16/7/2017 21:23:22] /a 4
[16/7/2017 21:23:23] /a 4
[16/7/2017 21:23:23] /a 4
[16/7/2017 21:23:24] /a 4
[16/7/2017 21:23:25] /a 4
[16/7/2017 21:23:50] /a 4
[16/7/2017 21:24:14] /a 4
[16/7/2017 21:24:20] /a 4
[16/7/2017 21:24:21] /a 4
[16/7/2017 21:26:53] /a 4
[16/7/2017 21:27:1] /ghost
[16/7/2017 21:27:2] /t
[16/7/2017 21:27:4] /up 3
[16/7/2017 21:30:28] /t
[16/7/2017 21:32:15] /a 4
[16/7/2017 21:32:17] /a 4
[16/7/2017 21:32:19] /a 4
[16/7/2017 21:33:21] /a 4
[16/7/2017 21:34:19] /bc green -- EI GALERA BORA CRIAR UM GRUPO DAQUI DO SERVIDOR ADICIONEM EU NO WHATS 81983304358
[16/7/2017 21:36:47] /t
[16/7/2017 21:41:8] /goto Belth Wintershade
[16/7/2017 21:41:11] /a
[16/7/2017 21:41:12] /t
[16/7/2017 22:42:29] /ghost
[16/7/2017 22:43:32] /goto account manager
[16/7/2017 22:43:37] /a 4
[16/7/2017 22:43:38] /a 4
[16/7/2017 22:43:39] /a 4
[16/7/2017 22:43:39] /a 4
[16/7/2017 22:45:36] /m Demon
[16/7/2017 22:47:25] /goto Firme forte um
[16/7/2017 22:47:32] /goto Firma forte um
[16/7/2017 22:47:55] /a 4
[16/7/2017 22:47:56] /a 4
[16/7/2017 22:47:57] /a 4
[16/7/2017 22:47:58] /a 4
[16/7/2017 22:49:49] /goto Gyndrax
[16/7/2017 22:50:10] /a 2
[16/7/2017 22:50:13] /a 2
[16/7/2017 22:50:37] /a 4
[16/7/2017 22:53:56] /mute Fllkv
[16/7/2017 22:54:5] /goto Networks
[16/7/2017 22:54:14] /c
[16/7/2017 22:54:15] /t
[16/7/2017 22:54:31] /ghost
[17/7/2017 10:23:34] /bc green Salve Salve !
[17/7/2017 10:34:12] /ghost
[17/7/2017 10:35:19] /ghost
[17/7/2017 10:37:18] /ghost
[17/7/2017 10:38:8] /bc green vai com bum bum tam tam vem com bum tam tam vai meche o bum bum tam tam
[17/7/2017 10:38:28] /ghost
[17/7/2017 11:25:19] /goto Dark magic
[17/7/2017 11:26:22] /a 4
[17/7/2017 11:26:37] /a 2
[17/7/2017 11:26:41] /a 2
[17/7/2017 11:27:12] /ghost
[17/7/2017 11:27:13] /ghost
[17/7/2017 11:49:2] /goto Sabrininha
[17/7/2017 11:49:12] /goto Sabrininha
[17/7/2017 13:8:18] /goto El Maestro
[17/7/2017 13:8:19] /t
[17/7/2017 13:8:28] /ghost
[17/7/2017 13:8:37] /mute Bunda Vai
[17/7/2017 13:8:52] /a 2
[17/7/2017 13:8:55] /ghost
[17/7/2017 14:37:30] /t
[17/7/2017 14:40:27] /ghost
[17/7/2017 14:40:33] /goto [ADM] Rubens
[17/7/2017 14:40:35] /ghost
[17/7/2017 14:54:30] /ghost
[17/7/2017 14:54:41] /a 5
[17/7/2017 14:54:42] /a 5
[17/7/2017 14:54:43] /a 5
[17/7/2017 14:54:44] /a 5
[17/7/2017 14:54:44] /a 5
[17/7/2017 14:54:45] /a 5
[17/7/2017 14:54:45] /a 5
[17/7/2017 14:54:46] /a 5
[17/7/2017 14:54:47] /a 5
[17/7/2017 14:54:47] /a 5
[17/7/2017 14:54:48] /a 5
[17/7/2017 14:54:48] /a 5
[17/7/2017 14:54:50] /a 5
[17/7/2017 14:54:50] /a 5
[17/7/2017 14:54:52] /a 4
[17/7/2017 14:54:57] /a 2
[17/7/2017 14:55:13] /a 4
[17/7/2017 14:55:16] /a 2
[17/7/2017 14:55:48] /a 4
[17/7/2017 14:55:55] /a 4
[17/7/2017 14:55:58] /a 4
[17/7/2017 14:55:59] /a 4
[17/7/2017 14:55:59] /a 4
[17/7/2017 14:56:0] /a 4
[17/7/2017 14:56:45] /ghost
[17/7/2017 14:57:2] /ghost
[17/7/2017 14:57:25] /a 4
[17/7/2017 14:57:26] /a 4
[17/7/2017 14:57:26] /a 4
[17/7/2017 14:57:27] /a 4
[17/7/2017 14:57:28] /a 4
[17/7/2017 14:57:29] /a 4
[17/7/2017 14:57:29] /a 4
[17/7/2017 14:57:30] /a 4
[17/7/2017 14:58:20] /goto Death
[17/7/2017 15:23:17] /t
[17/7/2017 15:24:28] /a 4
[17/7/2017 15:24:43] /goto Escravo Sexsual
[17/7/2017 15:24:47] /up 3
[17/7/2017 15:24:54] /c Escravo Sexsual
[17/7/2017 15:25:26] /t Escravo Sexsual
[17/7/2017 15:25:28] /down
[17/7/2017 15:25:30] /down
[17/7/2017 15:25:35] /a
[17/7/2017 15:25:38] /a 2
[17/7/2017 15:26:2] /a 5
[17/7/2017 15:26:4] /a 4
[17/7/2017 15:26:5] /a 4
[17/7/2017 15:26:8] /a 4
[17/7/2017 15:26:9] /a 4
[17/7/2017 15:26:15] /a 4
[17/7/2017 15:26:35] /a 4
[17/7/2017 15:26:41] /a 6
[17/7/2017 20:21:57] /t
[17/7/2017 20:22:4] /up 3
[17/7/2017 20:22:4] /c Alpinha
[17/7/2017 20:22:28] /t
[17/7/2017 20:22:29] /ghost
[17/7/2017 20:22:31] /up 3
[17/7/2017 20:22:33] /ghost
[17/7/2017 20:23:54] /t
[17/7/2017 20:24:18] /ghost
[17/7/2017 20:24:35] /c Alpinha
[17/7/2017 20:32:54] /goto Alpinha
[17/7/2017 20:44:28] /goto Alpinha
[17/7/2017 20:44:33] /goto Alpinha
[18/7/2017 11:49:2] /a 2
[18/7/2017 15:38:22] /ghost
[18/7/2017 15:43:45] /t
[18/7/2017 15:44:30] /a 4
[18/7/2017 15:44:32] /a 4
[18/7/2017 15:44:39] /a 4
[18/7/2017 15:44:55] /a 4
[18/7/2017 15:45:0] /a 4
[18/7/2017 15:45:30] /down
[18/7/2017 15:45:52] /c Manu Du Corre
[18/7/2017 16:8:57] /a 2
[18/7/2017 16:8:58] /a 2
[18/7/2017 16:8:59] /a 2
[18/7/2017 16:9:0] /a 2
[18/7/2017 16:27:19] /t
[18/7/2017 16:27:20] /ghost
[18/7/2017 16:27:44] /a 4
[18/7/2017 16:27:45] /a 4
[18/7/2017 16:27:48] /a 4
[18/7/2017 16:27:48] /a 4
[18/7/2017 16:27:49] /a 4
[18/7/2017 16:27:49] /a 4
[18/7/2017 16:27:50] /a 4
[18/7/2017 16:27:50] /a 4
[18/7/2017 16:27:51] /a 4
[18/7/2017 16:27:52] /a 4
[18/7/2017 16:27:52] /a 4
[18/7/2017 16:27:53] /a 4
[18/7/2017 16:27:53] /a 4
[18/7/2017 16:27:54] /a 4
[18/7/2017 16:27:55] /a 4
[18/7/2017 16:27:56] /a 4
[18/7/2017 16:27:56] /a 4
[18/7/2017 16:27:57] /a 4
[18/7/2017 16:27:57] /a 4
[18/7/2017 16:28:1] /a 4
[18/7/2017 16:28:1] /a 4
[18/7/2017 16:28:2] /a 4
[18/7/2017 16:28:2] /a 4
[18/7/2017 16:28:3] /up
[18/7/2017 16:28:6] /up 2
[18/7/2017 16:28:10] /down
[18/7/2017 16:28:12] /a 10
[18/7/2017 16:28:20] /t
[18/7/2017 16:28:25] /a 50
[18/7/2017 16:28:26] /c Manu Du Corre
[18/7/2017 16:28:27] /ghost
[18/7/2017 16:28:32] /a 4
[18/7/2017 16:28:35] /c Manu Du Corre
[18/7/2017 16:28:37] /a 2
[18/7/2017 16:28:40] /a 1
[18/7/2017 21:33:18] /t
[18/7/2017 21:33:19] /up 3
[18/7/2017 21:33:21] /c Lady boladona
[18/7/2017 21:34:14] /t Lady boladona
[18/7/2017 21:34:14] /t
[18/7/2017 21:34:16] /ghost
[19/7/2017 8:23:13] /goto [ADM] Rubens
[19/7/2017 8:23:15] /goto [ADM] Rubens
[19/7/2017 8:23:16] /goto [ADM] Rubens
[19/7/2017 17:27:52] /goto Tekileiro
[19/7/2017 17:27:56] /up 3
[19/7/2017 17:27:58] /c tekileiro
[19/7/2017 17:28:6] /mute Tekileiro
[19/7/2017 17:28:12] /t Tekileiro
[19/7/2017 17:28:13] /t
[19/7/2017 17:28:18] /ghost
[19/7/2017 21:53:30] /ghost
[19/7/2017 21:53:31] /t
[20/7/2017 10:47:4] /goto Scavusca
[20/7/2017 11:41:23] /ghost
[20/7/2017 11:41:26] /ghost
[20/7/2017 11:41:37] /t
[20/7/2017 13:11:38] /ghost
[20/7/2017 13:21:11] /a 4
[20/7/2017 13:21:12] /a 4
[20/7/2017 13:21:13] /a 4
[20/7/2017 13:21:14] /a 4
[20/7/2017 13:21:17] /a 4
[20/7/2017 13:21:18] /a 4
[20/7/2017 13:21:20] /a 4
[20/7/2017 13:21:20] /a 4
[20/7/2017 13:21:21] /a 4
[20/7/2017 13:21:23] /a 4
[20/7/2017 13:30:14] /a 10
[20/7/2017 13:30:16] /a 4
[20/7/2017 13:30:17] /a 10
[20/7/2017 13:30:19] /a 4
[20/7/2017 13:30:19] /a 4
[20/7/2017 13:30:20] /a 4
[20/7/2017 13:42:52] /a 4
[20/7/2017 13:42:55] /a 4
[20/7/2017 13:42:58] /a 4
[20/7/2017 13:42:59] /a 4
[20/7/2017 13:43:0] /a 4
[20/7/2017 13:43:1] /a 4
[20/7/2017 13:43:1] /a 4
[20/7/2017 14:19:34] /t
[20/7/2017 14:19:36] /ghost
[20/7/2017 14:24:11] /goto Joga facil sz
[20/7/2017 14:24:23] /t
[20/7/2017 14:27:51] /t
[20/7/2017 14:36:10] /goto kai
[20/7/2017 14:36:11] /t
[20/7/2017 14:36:12] /up 3
[20/7/2017 14:36:13] /c kai
[20/7/2017 14:36:14] /ghost
[20/7/2017 14:37:1] /t kai
[20/7/2017 14:37:12] /ghost
[20/7/2017 14:37:12] /t
[20/7/2017 15:3:28] /up 3
[20/7/2017 15:3:31] /mc lacritica
[20/7/2017 15:3:35] /mc lacritica
[20/7/2017 15:3:41] /down
[20/7/2017 15:3:42] /down
[20/7/2017 15:3:45] /up 3
[20/7/2017 15:3:48] /up 3
[20/7/2017 15:3:49] /up
[20/7/2017 15:3:50] /up
[20/7/2017 15:3:51] /c Lynx
[20/7/2017 15:3:53] /ghost
[20/7/2017 15:5:2] /c Flowep
[20/7/2017 15:5:22] /t Flowep
[20/7/2017 15:5:23] /t Lynx
[20/7/2017 15:5:25] /down
[20/7/2017 15:5:26] /down
[20/7/2017 15:5:39] /t
[20/7/2017 15:5:44] /bc green [PROMOÇÃO OS 30 PRIMEIROS QUE LOGAREM NO OT , GANHARAM UMA ARMA DONATE, IP > B@iak-war.c$m TROQUE AS LETRAS @ POR A É A LETRA $ POR  O   <  <   LEMBRANDO SO PARA OS 30 PRIMEIROS ENTÃO ENTRE AGORA ESTOU ESPERANDO VOCÊS
[20/7/2017 15:5:48] /bc green [PROMOÇÃO OS 30 PRIMEIROS QUE LOGAREM NO OT , GANHARAM UMA ARMA DONATE, IP > B@iak-war.c$m TROQUE AS LETRAS @ POR A É A LETRA $ POR  O   <  <   LEMBRANDO SO PARA OS 30 PRIMEIROS ENTÃO ENTRE AGORA ESTOU ESPERANDO VOCÊS
[20/7/2017 15:6:28] /ghost
[20/7/2017 15:7:10] /ghost
[20/7/2017 15:8:19] /c link boy
[20/7/2017 15:9:48] /bc [PROMOÇÃO OS 30 PRIMEIROS QUE LOGAREM NO OT , GANHARAM UMA ARMA DONATE, IP > B@iak-war.c$m TROQUE AS LETRAS @ POR A É A LETRA $ POR  O   <  <   LEMBRANDO SO PARA OS 30 PRIMEIROS ENTÃO ENTRE AGORA ESTOU ESPERANDO VOCÊS
[20/7/2017 15:9:49] /t
[20/7/2017 15:10:3] /up 3
[20/7/2017 15:10:4] /c mago of evill
[20/7/2017 15:15:9] /bc [PROMOÇÃO OS 30 PRIMEIROS QUE LOGAREM NO OT , GANHARAM UMA ARMA DONATE, IP > B@iak-war.c$m TROQUE AS LETRAS @ POR A É A LETRA $ POR  O   <  <   LEMBRANDO SO PARA OS 30 PRIMEIROS ENTÃO ENTRE AGORA ESTOU ESPERANDO VOCÊS
