[19/6/2017 23:47:45] /a 
[19/6/2017 23:48:11] /bc Olá galera, qualquer duvida no HELP CHANNEL
[19/6/2017 23:48:52] /ghost
[19/6/2017 23:51:1] /goto murlock
[19/6/2017 23:51:32] /c grim reaper
[19/6/2017 23:51:35] /c grim reaper
[19/6/2017 23:51:39] /c grim reaper
[19/6/2017 23:51:40] /c grim reaper
[19/6/2017 23:51:40] /c grim reaper
[19/6/2017 23:51:44] /m
[19/6/2017 23:51:47] /m demon
[19/6/2017 23:52:4] /ghost
[19/6/2017 23:52:8] /t
[19/6/2017 23:52:12] /up
[19/6/2017 23:52:13] /up
[19/6/2017 23:52:14] /up
[19/6/2017 23:52:20] /m exp bug
[19/6/2017 23:52:26] /t
[19/6/2017 23:52:36] /a 2
[19/6/2017 23:53:10] /a 2
[19/6/2017 23:54:21] /ghost
[19/6/2017 23:56:49] /wp
[19/6/2017 23:57:36] /cliport
[19/6/2017 23:58:15] /goto mago negro
[20/6/2017 0:4:42] /goto blackz owned
[20/6/2017 0:4:44] /goto blackz owned
[20/6/2017 0:4:46] /goto blackz owned
[20/6/2017 0:4:48] /goto blackz owned
[20/6/2017 0:4:49] /goto blackz owned
[20/6/2017 0:4:53] /ghost
[20/6/2017 0:4:55] /ghost
[20/6/2017 0:5:0] /ghost
[20/6/2017 0:5:1] /goto blackz owned
[20/6/2017 0:5:43] /a 4
[20/6/2017 0:5:49] /a 4
[20/6/2017 0:5:55] /ghost
[20/6/2017 0:6:15] /t
[20/6/2017 0:6:29] /cliport
[20/6/2017 0:8:14] /t
[20/6/2017 0:8:39] /ghost
[20/6/2017 0:8:53] /ghost
[20/6/2017 0:9:6] /goto clayverson
[20/6/2017 0:9:8] /goto clayverson
[20/6/2017 0:10:17] /goto eternal
[20/6/2017 0:12:10] /bc Qualquer duvida no "AJUDA channel"
[20/6/2017 0:15:53] /goto maduro presi
[20/6/2017 0:20:4] /t la lakris
[20/6/2017 0:20:7] /t
[20/6/2017 0:20:25] /goto ed following
[20/6/2017 0:21:50] /a 5
[20/6/2017 0:21:53] /a 5
[20/6/2017 0:21:56] /up
[20/6/2017 0:22:3] /up
[20/6/2017 0:22:10] /up
[20/6/2017 0:22:19] /up
[20/6/2017 0:22:26] /a 5
[20/6/2017 0:22:28] /a 5
[20/6/2017 0:22:30] /a 5
[20/6/2017 0:22:30] /a 5
[20/6/2017 0:22:32] /a 5
[20/6/2017 0:22:33] /a 5
[20/6/2017 0:22:34] /a 5
[20/6/2017 0:22:35] /a 5
[20/6/2017 0:22:39] /up
[20/6/2017 0:22:42] /up
[20/6/2017 0:22:42] /up
[20/6/2017 0:22:44] /a 5
[20/6/2017 0:22:47] /a 
[20/6/2017 0:22:48] /a 
[20/6/2017 0:22:49] /a 
[20/6/2017 0:22:51] /up
[20/6/2017 0:22:52] /up
[20/6/2017 0:22:52] /up
[20/6/2017 0:22:53] /up
[20/6/2017 0:22:57] /down
[20/6/2017 0:22:58] /down
[20/6/2017 0:22:59] /down
[20/6/2017 0:23:2] /down
[20/6/2017 0:23:3] /up
[20/6/2017 0:23:8] /a 5
[20/6/2017 0:23:23] /t
[20/6/2017 0:25:19] /goto draken elite
[20/6/2017 0:28:57] /up
[20/6/2017 0:28:59] /up
[20/6/2017 0:29:3] /up
[20/6/2017 0:29:7] /down
[20/6/2017 0:29:8] /down
[20/6/2017 0:29:9] /down
[20/6/2017 0:29:10] /down
[20/6/2017 0:29:11] /down
[20/6/2017 0:31:51] /goto rei
[20/6/2017 0:34:17] /bc Team para promotion quest saida 1 minuto no tp ! gogogogo
[20/6/2017 0:35:22] /bc Team para promotion quest saida 1 minuto no tp ! gogogogo
[20/6/2017 0:35:23] /bc Team para promotion quest saida 1 minuto no tp ! gogogogo
[20/6/2017 0:35:43] /t
[20/6/2017 0:36:15] /ghost
[20/6/2017 2:11:35] /goto Hard
[20/6/2017 3:11:23] /goto El Loco
[20/6/2017 3:22:28] /c sir pinguelo
[20/6/2017 3:22:37] /goto lord pinguelo
[20/6/2017 3:22:56] /a 5
[20/6/2017 3:22:57] /a 5
[20/6/2017 3:22:59] /a 5
[20/6/2017 3:23:37] /t
[20/6/2017 3:24:53] /goto ze pinguelo
[20/6/2017 3:24:59] /t
[20/6/2017 3:25:32] /c ze pinguelo
[20/6/2017 3:25:43] /t ze pinguelo
[20/6/2017 3:26:1] /t ze pinguelo
[20/6/2017 3:26:2] /c ze pinguelo
[20/6/2017 3:26:21] /goto ei seu bunda mole
[20/6/2017 3:26:27] /goto ei seu bunda mole
[20/6/2017 3:27:58] /a
[20/6/2017 3:28:0] /a
[20/6/2017 3:28:7] /a
[20/6/2017 3:28:25] /a
[20/6/2017 3:28:39] /a
[20/6/2017 3:28:46] /a
[20/6/2017 3:28:50] /a
[20/6/2017 3:28:57] /a
[20/6/2017 3:29:14] /goto ei seu bunda mole
[20/6/2017 3:29:27] /ghost
[20/6/2017 3:30:3] /goto ei seu bunda mole
[20/6/2017 3:31:9] /c ze pinguelo
[20/6/2017 3:31:22] /a 5
[20/6/2017 3:31:25] /a 5
[20/6/2017 3:31:28] /a 5
[20/6/2017 3:31:30] /a 5
[20/6/2017 3:31:33] /a 5
[20/6/2017 3:31:55] /a 5
[20/6/2017 3:31:56] /a 5
[20/6/2017 3:31:57] /a 5
[20/6/2017 3:31:58] /a 5
[20/6/2017 3:32:0] /a 5
[20/6/2017 3:32:1] /a 5
[20/6/2017 3:32:2] /a 5
[20/6/2017 3:32:3] /a 5
[20/6/2017 3:32:3] /a 5
[20/6/2017 3:32:4] /a 5
[20/6/2017 3:32:5] /a 5
[20/6/2017 3:32:6] /a 5
[20/6/2017 3:32:7] /a 5
[20/6/2017 3:32:19] /a 5
[20/6/2017 3:32:46] /c ze pinguelo
[20/6/2017 3:32:52] /c ei seu bunda mole
[20/6/2017 3:32:59] /a 5
[20/6/2017 3:33:1] /a 5
[20/6/2017 3:33:2] /a 5
[20/6/2017 3:33:4] /a 5
[20/6/2017 3:33:4] /a 5
[20/6/2017 3:33:5] /a 5
[20/6/2017 3:33:8] /a 5
[20/6/2017 3:33:10] /c ei seu bunda mole
[20/6/2017 3:33:12] /c ze pinguelo
[20/6/2017 3:33:14] /a 5
[20/6/2017 3:33:15] /a 5
[20/6/2017 3:33:20] /a 5
[20/6/2017 3:33:21] /a 5
[20/6/2017 3:33:22] /a 5
[20/6/2017 3:33:22] /a 5
[20/6/2017 3:33:23] /a 5
[20/6/2017 3:33:24] /a 5
[20/6/2017 3:33:47] /a 5
[20/6/2017 3:33:52] /a 5
[20/6/2017 3:34:26] /a 5
[20/6/2017 3:35:6] /goto npc promotion
[20/6/2017 3:35:14] /goto promotion
[20/6/2017 3:35:44] /goto champion massive water elemental
[20/6/2017 3:35:53] /goto champion massive water elemental
[20/6/2017 3:36:0] /goto champion massive water elemental
[20/6/2017 3:37:5] /goto new promoter
[20/6/2017 3:37:12] /c ei seu bunda mole
[20/6/2017 3:37:17] /c ze pinguelo
[20/6/2017 3:37:53] /t
[20/6/2017 3:38:8] /ghost
[20/6/2017 3:38:13] /goto ze pinguelo
[20/6/2017 3:38:30] /c Destroyer Killer
[20/6/2017 3:39:24] /t
[20/6/2017 3:40:53] /m new promoter
[20/6/2017 3:41:11] /goto ze pinguelo
[20/6/2017 3:41:42] /t
[20/6/2017 3:42:18] /c new promoter
[20/6/2017 3:43:14] /goto ze pinguelo
[20/6/2017 3:43:19] /c new promoter
[20/6/2017 3:43:23] /t
[20/6/2017 3:47:38] /t
[20/6/2017 3:48:30] /goto ze pinguelo
[20/6/2017 3:48:39] /t ze pinguelo
[20/6/2017 3:48:42] /t
[20/6/2017 3:49:17] /goto zombie event
[20/6/2017 3:49:23] /goto event zombie
[20/6/2017 3:49:28] /a 5
[20/6/2017 3:49:45] /a 5
[20/6/2017 3:49:49] /a 5
[20/6/2017 3:49:53] /a 5
[20/6/2017 3:49:55] /a 5
[20/6/2017 3:50:6] /c ze pinguelo
[20/6/2017 3:51:7] /c ze pinguelo
[20/6/2017 3:51:9] /ghost
[20/6/2017 3:51:29] /up
[20/6/2017 3:51:36] /ghost
[20/6/2017 3:51:46] /a 50
[20/6/2017 3:51:48] /a 5
[20/6/2017 3:51:50] /a 5]
[20/6/2017 3:51:52] /a 5
[20/6/2017 3:51:55] /down
[20/6/2017 3:51:56] /down
[20/6/2017 3:51:58] /a 5
[20/6/2017 3:51:59] /a 5
[20/6/2017 3:52:1] /a 5
[20/6/2017 3:52:4] /a 5
[20/6/2017 3:52:11] /up
[20/6/2017 3:52:14] /up
[20/6/2017 3:52:31] /a 50
[20/6/2017 3:52:34] /a 5
[20/6/2017 3:52:35] /a 5
[20/6/2017 3:52:36] /a 5
[20/6/2017 3:52:45] /t
[20/6/2017 3:53:24] /up
[20/6/2017 3:53:41] /goto ze pinguelo
[20/6/2017 3:55:16] /goto boss striker
[20/6/2017 3:55:21] /goto striker
[20/6/2017 3:56:0] /c ze pinguelo
[20/6/2017 3:56:3] /c ze pinguelo
[20/6/2017 3:56:15] /c ze pinguelo
[20/6/2017 3:56:16] /c ze pinguelo
[20/6/2017 3:56:17] /c ze pinguelo
[20/6/2017 3:56:19] /c ze pinguelo
[20/6/2017 3:56:20] /c ze pinguelo
[20/6/2017 3:56:58] /c ze pinguelo
[20/6/2017 3:57:53] /a 50
[20/6/2017 3:57:55] /a 5
[20/6/2017 3:57:56] /a 5
[20/6/2017 3:58:2] /a 5
[20/6/2017 3:58:17] /goto ze pinguelo
[20/6/2017 3:58:30] /a 
[20/6/2017 3:58:31] /a 
[20/6/2017 3:58:38] /up
[20/6/2017 3:58:44] /c ze pinguelo
[20/6/2017 3:59:2] /c ze pinguelo
[20/6/2017 3:59:4] /c ze pinguelo
[20/6/2017 3:59:6] /c ze pinguelo
[20/6/2017 3:59:8] /c ze pinguelo
[20/6/2017 3:59:9] /c ze pinguelo
[20/6/2017 3:59:12] /c ze pinguelo
[20/6/2017 3:59:16] /a 
[20/6/2017 3:59:18] /c ze pinguelo
[20/6/2017 3:59:23] /a 
[20/6/2017 3:59:49] /c ze pinguelo
[20/6/2017 4:0:1] /c ze pinguelo
[20/6/2017 4:0:4] /c ze pinguelo]
[20/6/2017 4:0:6] /c ze pinguelo
[20/6/2017 4:0:8] /c ze pinguelo
[20/6/2017 4:0:9] /c ze pinguelo
[20/6/2017 4:0:23] /up
[20/6/2017 4:0:27] /c ze pinguelo
[20/6/2017 4:1:8] /up
[20/6/2017 4:1:21] /t ze pinguelo
[20/6/2017 4:1:29] /m guarda do god
[20/6/2017 4:1:31] /m guarda do god
[20/6/2017 4:1:33] /t
[20/6/2017 4:1:44] /up
[20/6/2017 4:1:46] /up
[20/6/2017 4:1:47] /up
[20/6/2017 4:1:48] /up
[20/6/2017 4:1:51] /up
[20/6/2017 4:2:4] /c ze pinguelo
[20/6/2017 4:2:9] /ghost
[20/6/2017 4:2:23] /m guarda do god
[20/6/2017 4:2:31] /m guard of god
[20/6/2017 4:3:7] /m the boss strike
[20/6/2017 4:3:10] /m the boss strike
[20/6/2017 4:3:16] /m the boss strike
[20/6/2017 4:3:20] /m the boss strike
[20/6/2017 4:3:29] /m boss strike
[20/6/2017 4:3:35] /m boss striike
[20/6/2017 4:3:42] /m the boss striike
[20/6/2017 4:3:44] /m the boss striiker
[20/6/2017 4:4:3] /m the Boss Striike
[20/6/2017 4:4:6] /m demon
[20/6/2017 4:4:28] /m guarda do god
[20/6/2017 4:4:30] /m guarda do god
[20/6/2017 4:4:47] /m eternal 
[20/6/2017 4:4:52] /m phantom lord
[20/6/2017 4:5:43] /ghost
[20/6/2017 4:6:52] /t Ze Pinguelo
[20/6/2017 4:6:54] /t
[20/6/2017 4:7:28] /up 4
[20/6/2017 4:7:35] /c ze pinguelo
[20/6/2017 4:7:51] /t ze pinguelo
[20/6/2017 4:7:52] /t
[20/6/2017 4:8:3] /a 5
[20/6/2017 4:8:26] /c ze pinguelo
[20/6/2017 4:9:28] /goto ze pinguelo
[20/6/2017 4:9:39] /a 3
[20/6/2017 4:9:51] /a 3
[20/6/2017 4:9:54] /a 3
[20/6/2017 4:10:1] /c ze pinguelo
[20/6/2017 4:10:9] /a 3
[20/6/2017 4:10:10] /a 3
[20/6/2017 4:10:14] /a 4
[20/6/2017 4:10:16] /a 4
[20/6/2017 4:10:18] /a 4
[20/6/2017 4:10:19] /a 4
[20/6/2017 4:10:20] /a 4
[20/6/2017 4:10:21] /a 4
[20/6/2017 4:10:22] /a 4
[20/6/2017 4:10:23] /a 4
[20/6/2017 4:10:24] /a 4
[20/6/2017 4:10:24] /a 4
[20/6/2017 4:10:25] /a 4
[20/6/2017 4:10:26] /a 4
[20/6/2017 4:10:27] /a 4
[20/6/2017 4:10:27] /a 4
[20/6/2017 4:10:28] /a 4
[20/6/2017 4:10:29] /a 4
[20/6/2017 4:10:30] /a 4
[20/6/2017 4:10:31] /a 4
[20/6/2017 4:10:32] /a 4
[20/6/2017 4:10:33] /a 4
[20/6/2017 4:10:44] /a 4
[20/6/2017 4:10:52] /a 4
[20/6/2017 4:10:59] /a 4
[20/6/2017 4:11:21] /t ze pinguelo
[20/6/2017 4:11:57] /a
[20/6/2017 4:12:12] /a
[20/6/2017 4:12:17] /a
[20/6/2017 4:12:18] /a
[20/6/2017 4:12:23] /t
[20/6/2017 4:12:33] /t
[20/6/2017 4:13:42] /a
[20/6/2017 4:13:44] /a
[20/6/2017 4:13:45] /a
[20/6/2017 4:13:46] /a
[20/6/2017 4:13:46] /a
[20/6/2017 4:13:47] /a
[20/6/2017 4:13:48] /a
[20/6/2017 4:13:54] /a
[20/6/2017 4:13:55] /a
[20/6/2017 4:13:55] /a
[20/6/2017 4:14:1] /c ze pinguelo
[20/6/2017 4:14:2] /c ze pinguelo
[20/6/2017 4:14:4] /c ze pinguelo
[20/6/2017 4:14:5] /c ze pinguelo
[20/6/2017 4:14:7] /c ze pinguelo
[20/6/2017 4:14:9] /c ze pinguelo
[20/6/2017 4:14:15] /a
[20/6/2017 4:14:26] /a
[20/6/2017 4:14:28] /c ze pinguelo
[20/6/2017 4:15:7] /a
[20/6/2017 4:15:9] /a
[20/6/2017 4:15:33] /a 
[20/6/2017 4:15:41] /c ze pinguelo
[20/6/2017 4:15:45] /a
[20/6/2017 4:15:55] /ghost
[20/6/2017 4:15:58] /ghost
[20/6/2017 4:16:28] /ghost
[20/6/2017 4:16:31] /ghost
[20/6/2017 4:16:38] /a
[20/6/2017 4:16:40] /a
[20/6/2017 4:16:51] /a
[20/6/2017 4:16:57] /c ze pinguelo
[20/6/2017 4:16:58] /c ze pinguelo
[20/6/2017 4:16:59] /c ze pinguelo
[20/6/2017 4:17:1] /c ze pinguelo
[20/6/2017 4:17:2] /c ze pinguelo
[20/6/2017 4:17:3] /c ze pinguelo
[20/6/2017 4:17:5] /c ze pinguelo
[20/6/2017 4:17:6] /c ze pinguelo
[20/6/2017 4:17:7] /c ze pinguelo
[20/6/2017 4:17:8] /c ze pinguelo
[20/6/2017 4:17:10] /c ze pinguelo
[20/6/2017 4:17:14] /c ze pinguelo
[20/6/2017 4:17:19] /c ze pinguelo
[20/6/2017 4:17:19] /c ze pinguelo
[20/6/2017 4:17:20] /c ze pinguelo
[20/6/2017 4:17:22] /c ze pinguelo
[20/6/2017 4:17:25] /a
[20/6/2017 4:17:27] /a
[20/6/2017 4:17:30] /c ze pinguelo
[20/6/2017 4:17:31] /c ze pinguelo
[20/6/2017 4:17:33] /c ze pinguelo
[20/6/2017 4:17:34] /c ze pinguelo
[20/6/2017 4:17:36] /a
[20/6/2017 4:17:37] /c ze pinguelo
[20/6/2017 4:17:45] /a
[20/6/2017 4:17:48] /c ze pinguelo
[20/6/2017 4:17:50] /c ze pinguelo
[20/6/2017 4:17:51] /c ze pinguelo
[20/6/2017 4:17:54] /c ze pinguelo
[20/6/2017 4:17:57] /a
[20/6/2017 4:17:59] /a
[20/6/2017 4:18:1] /c ze pinguelo
[20/6/2017 4:18:2] /c ze pinguelo
[20/6/2017 4:18:3] /c ze pinguelo
[20/6/2017 4:18:3] /c ze pinguelo
[20/6/2017 4:18:4] /c ze pinguelo
[20/6/2017 4:18:7] /t
[20/6/2017 4:18:20] /t ze pinguelo
