[13/2/2017 7:55:18] /ghost
[13/2/2017 8:4:1] /goto vuvuzela africana
[13/2/2017 8:4:18] /t
[13/2/2017 9:44:16] /i regeneration boots
[13/2/2017 9:44:18] /i regeneration boots
[13/2/2017 9:44:19] /i regeneration boots
[13/2/2017 9:44:20] /i regeneration boots
[13/2/2017 9:44:28] /i bag
[13/2/2017 10:46:30] /i bag
[13/2/2017 10:46:35] /i regeneration boots
[13/2/2017 10:46:40] /i 2157
[13/2/2017 10:46:56] /i 8981
[13/2/2017 10:47:0] /i regeneration boots
[13/2/2017 10:47:7] /i 8981
[13/2/2017 10:47:13] /goto fixxy
[13/2/2017 10:47:20] /c fixxy
[13/2/2017 10:48:0] /t
[13/2/2017 10:52:28] /t
[13/2/2017 11:21:56] /i 8981
[13/2/2017 11:22:0] /goto cannabis
[13/2/2017 11:23:35] /t cannabis
[13/2/2017 11:23:36] /t
[13/2/2017 11:29:18] /goto War Ao Vivo
[13/2/2017 11:29:28] /c febem
[13/2/2017 11:29:29] /t
[13/2/2017 11:34:26] /goto War Ao Vivo
[13/2/2017 11:34:38] /t
[13/2/2017 11:35:18] /kick febem
[13/2/2017 11:35:38] /goto war ao vivo
[13/2/2017 11:35:40] /c febem
[13/2/2017 11:35:55] /t
[13/2/2017 11:58:5] /c nocturno
[13/2/2017 13:26:13] /addskill Marijuana Haxixada, level
[13/2/2017 13:26:15] /addskill Marijuana Haxixada, level
[13/2/2017 13:26:36] /t
[13/2/2017 13:29:5] /promote Shock
[13/2/2017 13:29:10] /promote Shock
[13/2/2017 13:29:11] /promote Shock
[13/2/2017 13:29:12] /promote Shock
[13/2/2017 13:30:19] /i bag
[13/2/2017 13:30:26] /i 2157
[13/2/2017 13:30:42] /i new donate staff
[13/2/2017 13:30:50] /i regeneration boots
[13/2/2017 13:45:44] /goto tutor
[13/2/2017 13:45:49] /promote tutor
[13/2/2017 13:45:50] /promote tutor
[13/2/2017 14:26:56] /goto pwned
[13/2/2017 14:27:2] /t
[13/2/2017 14:58:18] /ghost
[13/2/2017 14:58:29] /ghost
[14/2/2017 9:6:1] /mute Pablao, 60
[14/2/2017 9:6:10] /mute Pablao,10
[14/2/2017 9:6:18] /mute Pablao ,10
[14/2/2017 10:12:15] /ghost
[14/2/2017 10:12:32] /ghost
[14/2/2017 10:59:48] /c Albatrozz
[14/2/2017 11:35:49] /bc CHAMEM SEUS AMIGOS !!! VAMOS ENCHER O SERVIDOR!!
[14/2/2017 11:35:51] /bc CHAMEM SEUS AMIGOS !!! VAMOS ENCHER O SERVIDOR!!
[14/2/2017 11:35:52] /bc CHAMEM SEUS AMIGOS !!! VAMOS ENCHER O SERVIDOR!!
[14/2/2017 11:35:53] /bc CHAMEM SEUS AMIGOS !!! VAMOS ENCHER O SERVIDOR!!
[14/2/2017 11:35:53] /bc CHAMEM SEUS AMIGOS !!! VAMOS ENCHER O SERVIDOR!!
[14/2/2017 11:35:54] /bc CHAMEM SEUS AMIGOS !!! VAMOS ENCHER O SERVIDOR!!
[14/2/2017 11:35:55] /bc CHAMEM SEUS AMIGOS !!! VAMOS ENCHER O SERVIDOR!!
[14/2/2017 12:38:7] /i premium point
[14/2/2017 12:41:14] /i 2345
[15/2/2017 6:52:18] /ghost
[15/2/2017 6:52:32] /ghost
[15/2/2017 8:28:45] /i 2345
[15/2/2017 8:40:46] /up
[15/2/2017 8:40:48] /up
[15/2/2017 8:40:54] /up
[15/2/2017 8:41:0] /i 2346
[15/2/2017 8:41:8] /i 2348
[15/2/2017 8:43:45] /i Receipt
[15/2/2017 8:44:10] /i Gingerbread Recipe
[15/2/2017 8:44:53] /t
[15/2/2017 9:22:43] /save
[15/2/2017 9:26:17] /save
[15/2/2017 9:26:24] /bc  O SERVIDOR VOLTA EM 2 MIN !!!
[15/2/2017 9:26:25] /bc  O SERVIDOR VOLTA EM 2 MIN !!!
[15/2/2017 9:26:26] /bc  O SERVIDOR VOLTA EM 2 MIN !!!
[15/2/2017 9:26:27] /bc  O SERVIDOR VOLTA EM 2 MIN !!!
[15/2/2017 9:26:28] /bc  O SERVIDOR VOLTA EM 2 MIN !!!
[15/2/2017 9:26:30] /bc  O SERVIDOR VOLTA EM 2 MIN !!!
[15/2/2017 9:26:31] /bc  O SERVIDOR VOLTA EM 2 MIN !!!
[15/2/2017 9:26:31] /bc  O SERVIDOR VOLTA EM 2 MIN !!!
[15/2/2017 9:26:32] /bc  O SERVIDOR VOLTA EM 2 MIN !!!
[15/2/2017 9:26:33] /bc  O SERVIDOR VOLTA EM 2 MIN !!!
[15/2/2017 9:26:34] /bc  O SERVIDOR VOLTA EM 2 MIN !!!
[15/2/2017 9:26:34] /bc  O SERVIDOR VOLTA EM 2 MIN !!!
[15/2/2017 9:38:32] /b ALGUEM ONLINE ?
[15/2/2017 9:38:35] /b ALGUEM ONLINE ?
[15/2/2017 9:38:37] /b ALGUEM ONLINE ?
[15/2/2017 9:38:38] /b ALGUEM ONLINE ?
[15/2/2017 9:38:38] /b ALGUEM ONLINE ?
[15/2/2017 9:39:19] /b alguem lvl 400+ online ?
[15/2/2017 9:39:20] /b alguem lvl 400+ online ?
[15/2/2017 9:39:21] /b alguem lvl 400+ online ?
[15/2/2017 9:39:22] /b alguem lvl 400+ online ?
[15/2/2017 9:39:23] /b alguem lvl 400+ online ?
[15/2/2017 9:39:24] /b alguem lvl 400+ online ?
[15/2/2017 9:39:24] /b alguem lvl 400+ online ?
[15/2/2017 9:39:25] /b alguem lvl 400+ online ?
[15/2/2017 9:39:38] /c Zlathan
[15/2/2017 9:39:40] /ghost
[15/2/2017 9:41:49] /ghost
[15/2/2017 9:42:54] /ghost
[15/2/2017 9:43:28] /reload actions
[15/2/2017 9:43:33] /reload actions
[15/2/2017 9:45:34] /reload globalevents
[15/2/2017 9:46:3] /reload globalevents
[15/2/2017 9:46:26] /r
[15/2/2017 9:46:30] /r
[15/2/2017 9:46:31] /r
[15/2/2017 9:46:32] /r
[15/2/2017 9:51:6] /t
[15/2/2017 9:52:39] /ghost
[15/2/2017 9:57:1] /reload globalevents
[15/2/2017 10:34:53] /i new kina club
[15/2/2017 10:35:3] /ghost
[15/2/2017 10:35:11] /ghost
[15/2/2017 20:37:39] /ghost
[15/2/2017 20:40:25] /ghost
[15/2/2017 20:40:43] /t
[15/2/2017 20:50:50] /t
[16/2/2017 9:20:59] /bc PARA PASSAR NA PORTA DO FREE POINTS TEM QUE TER LEVEL 400!!!
[16/2/2017 9:21:1] /bc PARA PASSAR NA PORTA DO FREE POINTS TEM QUE TER LEVEL 400!!!
[16/2/2017 9:21:2] /bc PARA PASSAR NA PORTA DO FREE POINTS TEM QUE TER LEVEL 400!!!
[16/2/2017 9:21:3] /bc PARA PASSAR NA PORTA DO FREE POINTS TEM QUE TER LEVEL 400!!!
[16/2/2017 9:21:4] /bc PARA PASSAR NA PORTA DO FREE POINTS TEM QUE TER LEVEL 400!!!
[16/2/2017 9:21:4] /bc PARA PASSAR NA PORTA DO FREE POINTS TEM QUE TER LEVEL 400!!!
[16/2/2017 9:21:5] /bc PARA PASSAR NA PORTA DO FREE POINTS TEM QUE TER LEVEL 400!!!
[16/2/2017 9:21:5] /bc PARA PASSAR NA PORTA DO FREE POINTS TEM QUE TER LEVEL 400!!!
[16/2/2017 9:21:6] /bc PARA PASSAR NA PORTA DO FREE POINTS TEM QUE TER LEVEL 400!!!
[16/2/2017 9:21:7] /bc PARA PASSAR NA PORTA DO FREE POINTS TEM QUE TER LEVEL 400!!!
[16/2/2017 9:21:7] /bc PARA PASSAR NA PORTA DO FREE POINTS TEM QUE TER LEVEL 400!!!
[16/2/2017 9:21:7] /bc PARA PASSAR NA PORTA DO FREE POINTS TEM QUE TER LEVEL 400!!!
[16/2/2017 9:21:8] /bc PARA PASSAR NA PORTA DO FREE POINTS TEM QUE TER LEVEL 400!!!
[16/2/2017 9:21:8] /bc PARA PASSAR NA PORTA DO FREE POINTS TEM QUE TER LEVEL 400!!!
[16/2/2017 9:21:10] /bc PARA PASSAR NA PORTA DO FREE POINTS TEM QUE TER LEVEL 400!!!
[16/2/2017 9:21:10] /bc PARA PASSAR NA PORTA DO FREE POINTS TEM QUE TER LEVEL 400!!!
[16/2/2017 9:21:11] /bc PARA PASSAR NA PORTA DO FREE POINTS TEM QUE TER LEVEL 400!!!
[16/2/2017 9:21:11] /bc PARA PASSAR NA PORTA DO FREE POINTS TEM QUE TER LEVEL 400!!!
[16/2/2017 9:21:12] /bc PARA PASSAR NA PORTA DO FREE POINTS TEM QUE TER LEVEL 400!!!
[16/2/2017 9:30:47] /i letter
[16/2/2017 9:30:52] /goto glock da rajada
[16/2/2017 9:31:2] /goto Glock da rajda
[16/2/2017 9:31:41] /c Glock da rajda
[16/2/2017 9:31:56] /c Glock da rajda
[16/2/2017 9:32:11] /t
[16/2/2017 9:52:6] /i letter
[16/2/2017 9:52:43] /goto Glock da rajda
[16/2/2017 9:54:30] /t
[16/2/2017 10:8:15] /i 89 81
[16/2/2017 10:8:21] /i 8981
[16/2/2017 10:8:25] /goto tres d
[16/2/2017 10:8:33] /c tres d
[16/2/2017 10:8:36] /c tres d
[16/2/2017 10:9:1] /t
[16/2/2017 10:9:31] /goto Glock da rajda
[16/2/2017 10:9:33] /kick Glock da rajda
[16/2/2017 10:9:38] /kick Glock da rajda
[16/2/2017 10:9:47] /t
[16/2/2017 11:16:54] /t Gui Here
[16/2/2017 11:47:31] /goto Lucas Muller
[16/2/2017 11:47:46] /a 4
[16/2/2017 11:47:54] /a 4
[16/2/2017 11:48:24] /t
[16/2/2017 11:54:29] /i 50 premium points
[16/2/2017 11:54:37] /c magezim
[16/2/2017 12:8:44] /goto Maconha
[16/2/2017 12:9:19] /t
[16/2/2017 12:12:53] /i double exp
[16/2/2017 12:12:56] /goto direito
[16/2/2017 12:13:42] /t
[16/2/2017 12:14:56] /goto maconha
[16/2/2017 12:15:25] /t
[16/2/2017 12:38:34] /i 50 premium points
[16/2/2017 12:48:36] /goto Narguile's
[16/2/2017 12:49:53] /t Narguile's
[16/2/2017 12:49:54] /t
[16/2/2017 12:49:58] /kick Narguile's
[16/2/2017 14:36:57] /i addon doll
[16/2/2017 14:36:59] /goto direito
[16/2/2017 14:37:21] /t
[16/2/2017 14:37:33] /ghost
[16/2/2017 14:37:52] /ghost
[16/2/2017 14:47:4] /goto ken
[16/2/2017 14:50:1] /up
[16/2/2017 14:50:4] /up
[16/2/2017 14:50:5] /up
[16/2/2017 14:50:9] /c Seraqvem
[16/2/2017 14:50:31] /t
[16/2/2017 19:25:27] /bc O SITE DO OT É O MESMO QUE O IP !!! QUEM NAO ESTIVER CONSEGUINDO ACESSAR DEVERÁ PAUSAR O ANTIVIRUS!!!
[16/2/2017 19:25:29] /bc O SITE DO OT É O MESMO QUE O IP !!! QUEM NAO ESTIVER CONSEGUINDO ACESSAR DEVERÁ PAUSAR O ANTIVIRUS!!!
[16/2/2017 19:25:30] /bc O SITE DO OT É O MESMO QUE O IP !!! QUEM NAO ESTIVER CONSEGUINDO ACESSAR DEVERÁ PAUSAR O ANTIVIRUS!!!
[16/2/2017 19:25:31] /bc O SITE DO OT É O MESMO QUE O IP !!! QUEM NAO ESTIVER CONSEGUINDO ACESSAR DEVERÁ PAUSAR O ANTIVIRUS!!!
[16/2/2017 19:25:32] /bc O SITE DO OT É O MESMO QUE O IP !!! QUEM NAO ESTIVER CONSEGUINDO ACESSAR DEVERÁ PAUSAR O ANTIVIRUS!!!
[16/2/2017 19:25:33] /bc O SITE DO OT É O MESMO QUE O IP !!! QUEM NAO ESTIVER CONSEGUINDO ACESSAR DEVERÁ PAUSAR O ANTIVIRUS!!!
[16/2/2017 19:25:34] /bc O SITE DO OT É O MESMO QUE O IP !!! QUEM NAO ESTIVER CONSEGUINDO ACESSAR DEVERÁ PAUSAR O ANTIVIRUS!!!
[16/2/2017 19:25:34] /bc O SITE DO OT É O MESMO QUE O IP !!! QUEM NAO ESTIVER CONSEGUINDO ACESSAR DEVERÁ PAUSAR O ANTIVIRUS!!!
[16/2/2017 19:25:35] /bc O SITE DO OT É O MESMO QUE O IP !!! QUEM NAO ESTIVER CONSEGUINDO ACESSAR DEVERÁ PAUSAR O ANTIVIRUS!!!
[16/2/2017 19:25:35] /bc O SITE DO OT É O MESMO QUE O IP !!! QUEM NAO ESTIVER CONSEGUINDO ACESSAR DEVERÁ PAUSAR O ANTIVIRUS!!!
[16/2/2017 19:25:36] /bc O SITE DO OT É O MESMO QUE O IP !!! QUEM NAO ESTIVER CONSEGUINDO ACESSAR DEVERÁ PAUSAR O ANTIVIRUS!!!
[16/2/2017 19:25:36] /bc O SITE DO OT É O MESMO QUE O IP !!! QUEM NAO ESTIVER CONSEGUINDO ACESSAR DEVERÁ PAUSAR O ANTIVIRUS!!!
[16/2/2017 19:25:37] /bc O SITE DO OT É O MESMO QUE O IP !!! QUEM NAO ESTIVER CONSEGUINDO ACESSAR DEVERÁ PAUSAR O ANTIVIRUS!!!
[16/2/2017 19:25:38] /bc O SITE DO OT É O MESMO QUE O IP !!! QUEM NAO ESTIVER CONSEGUINDO ACESSAR DEVERÁ PAUSAR O ANTIVIRUS!!!
[16/2/2017 19:25:38] /bc O SITE DO OT É O MESMO QUE O IP !!! QUEM NAO ESTIVER CONSEGUINDO ACESSAR DEVERÁ PAUSAR O ANTIVIRUS!!!
[16/2/2017 19:25:39] /bc O SITE DO OT É O MESMO QUE O IP !!! QUEM NAO ESTIVER CONSEGUINDO ACESSAR DEVERÁ PAUSAR O ANTIVIRUS!!!
[16/2/2017 19:25:39] /bc O SITE DO OT É O MESMO QUE O IP !!! QUEM NAO ESTIVER CONSEGUINDO ACESSAR DEVERÁ PAUSAR O ANTIVIRUS!!!
[16/2/2017 19:25:40] /bc O SITE DO OT É O MESMO QUE O IP !!! QUEM NAO ESTIVER CONSEGUINDO ACESSAR DEVERÁ PAUSAR O ANTIVIRUS!!!
[16/2/2017 21:21:12] /goto Bubble
[16/2/2017 21:21:15] /t
[17/2/2017 7:4:58] /goto top empire
[17/2/2017 7:5:7] /ghost
[17/2/2017 7:5:17] /ghost
[17/2/2017 7:5:22] /t
[17/2/2017 7:38:40] /c Old Prin
[17/2/2017 7:40:8] /i double exp
[17/2/2017 7:40:10] /goto old prin
[17/2/2017 7:40:13] /goto old prin
[17/2/2017 7:43:11] /t
[17/2/2017 7:57:57] /goto Old Prin
[17/2/2017 7:57:59] /t
[17/2/2017 8:9:2] /clean
[17/2/2017 8:9:48] /ghost
[17/2/2017 8:9:50] /ghost
[17/2/2017 8:10:18] /bc Galera, entra no site ai e ve se ta entrando normal !!!
[17/2/2017 8:10:21] /bc Galera, entra no site ai e ve se ta entrando normal !!!
[17/2/2017 8:10:22] /bc Galera, entra no site ai e ve se ta entrando normal !!!
[17/2/2017 8:10:22] /bc Galera, entra no site ai e ve se ta entrando normal !!!
[17/2/2017 8:10:23] /bc Galera, entra no site ai e ve se ta entrando normal !!!
[17/2/2017 8:10:23] /bc Galera, entra no site ai e ve se ta entrando normal !!!
[17/2/2017 8:10:24] /bc Galera, entra no site ai e ve se ta entrando normal !!!
[17/2/2017 8:10:24] /bc Galera, entra no site ai e ve se ta entrando normal !!!
[17/2/2017 8:10:25] /bc Galera, entra no site ai e ve se ta entrando normal !!!
[17/2/2017 8:10:26] /bc Galera, entra no site ai e ve se ta entrando normal !!!
[17/2/2017 8:10:26] /bc Galera, entra no site ai e ve se ta entrando normal !!!
[17/2/2017 8:10:28] /bc Galera, entra no site ai e ve se ta entrando normal !!!
[17/2/2017 8:10:33] /clean
[17/2/2017 8:13:3] /clean
[17/2/2017 8:31:30] /i letter
[17/2/2017 8:31:47] /goto old prin
[17/2/2017 8:32:42] /t
[17/2/2017 9:14:42] /ghost
[17/2/2017 9:15:9] /ghost
[17/2/2017 10:0:58] /ghost
[17/2/2017 10:1:22] /ghost
[17/2/2017 10:8:55] /goto Primeiro Comando
[17/2/2017 10:9:2] /t
[17/2/2017 10:9:26] /c primeiro comando
[17/2/2017 10:9:48] /m rei
[17/2/2017 10:9:56] /t
[17/2/2017 10:21:18] /t joga facil
[17/2/2017 15:0:16] /t sr winboll
[18/2/2017 9:41:18] /goto extra
[18/2/2017 11:39:9] /ghost
[18/2/2017 11:39:45] /ghost
[18/2/2017 12:21:16] /c Jhon Snoow
[18/2/2017 13:14:17] /t
[18/2/2017 19:36:59] /t
