[23/12/2016 14:4:39] /closeserver
[23/12/2016 14:7:27] /a 2
[23/12/2016 14:7:37] /owner nobody
[23/12/2016 14:7:41] /owner nobody
[23/12/2016 14:7:47] /owner nobody
[23/12/2016 14:7:47] /owner nobody
[23/12/2016 14:7:50] /owner nobody
[23/12/2016 14:7:53] /owner nobody
[23/12/2016 14:8:1] /owner nobody
[23/12/2016 14:8:6] /owner nobody
[23/12/2016 14:8:8] /owner nobody
[26/12/2016 9:19:6] /t
[26/12/2016 9:26:48] /owner nobody
[26/12/2016 9:26:50] /owner nobody
[26/12/2016 9:26:54] /owner nobody
[26/12/2016 9:27:4] /owner nobody
[26/12/2016 9:27:6] /owner nobody
[26/12/2016 9:27:8] /owner nobody
[26/12/2016 9:27:11] /owner nobody
[26/12/2016 9:27:21] /a 2
[26/12/2016 9:27:24] /owner nobody
[26/12/2016 9:27:31] /up
[26/12/2016 9:27:32] /owner nobody
[26/12/2016 9:27:38] /owner nobody
[26/12/2016 9:27:40] /owner nobody
[26/12/2016 9:27:43] /owner nobody
[26/12/2016 9:27:45] /owner nobody
[26/12/2016 9:27:48] /owner nobody
[26/12/2016 9:27:51] /owner nobody
[26/12/2016 9:27:52] /owner nobody
[26/12/2016 9:27:58] /down
[26/12/2016 9:28:3] /down
[26/12/2016 9:28:17] /owner nobody
[26/12/2016 9:28:19] /owner nobody
[26/12/2016 9:28:23] /owner nobody
[26/12/2016 9:28:29] /owner nobody
[26/12/2016 9:28:35] /owner nobody
[26/12/2016 9:28:41] /owner nobody
[26/12/2016 9:28:46] /owner nobody
[26/12/2016 9:28:55] /owner nobody
[26/12/2016 9:28:55] /owner nobody
[26/12/2016 9:29:1] /owner nobody
[26/12/2016 9:29:3] /owner nobody
[26/12/2016 9:29:14] /up
[26/12/2016 9:29:15] /owner nobody
[26/12/2016 9:29:18] /r
[26/12/2016 9:29:22] /r
[26/12/2016 9:29:26] /r
[26/12/2016 9:29:29] /r
[26/12/2016 9:29:31] /r
[26/12/2016 9:29:38] /r
[26/12/2016 9:29:41] /r
[26/12/2016 9:29:44] /r
[26/12/2016 9:29:47] /r
[26/12/2016 9:29:52] /r
[26/12/2016 9:29:55] /r
[26/12/2016 9:29:58] /r
[26/12/2016 9:30:0] /r
[26/12/2016 9:30:2] /r
[26/12/2016 9:30:8] /r
[26/12/2016 9:30:11] /a 2
[26/12/2016 9:30:33] /down
[26/12/2016 9:30:34] /down
[26/12/2016 9:30:51] /owner nobody
[26/12/2016 9:30:53] /owner nobody
[26/12/2016 9:30:55] /owner nobody
[26/12/2016 9:30:58] /owner nobody
[26/12/2016 9:31:2] /owner nobody
[26/12/2016 9:31:6] /owner nobody
[26/12/2016 9:31:13] /owner nobody
[26/12/2016 9:31:27] /owner nobody
[26/12/2016 9:31:40] /owner nobody
[26/12/2016 9:31:59] /a 1
[26/12/2016 9:31:59] /a 1
[26/12/2016 9:31:59] /a 1
[26/12/2016 9:32:1] /a 1
[26/12/2016 9:32:1] /a 1
[26/12/2016 9:32:2] /a 1
[26/12/2016 9:32:2] /a 1
[26/12/2016 9:32:2] /a 1
[26/12/2016 9:32:2] /a 1
[26/12/2016 9:32:2] /a 1
[26/12/2016 9:32:2] /a 1
[26/12/2016 9:32:2] /a 1
[26/12/2016 9:32:4] /a 1
[26/12/2016 9:32:4] /a 1
[26/12/2016 9:32:4] /a 1
[26/12/2016 9:32:4] /a 1
[26/12/2016 9:32:6] /owner nobody
[26/12/2016 9:32:8] /a 1
[26/12/2016 9:32:8] /a 1
[26/12/2016 9:32:8] /a 1
[26/12/2016 9:32:10] /a 1
[26/12/2016 9:32:10] /a 1
[26/12/2016 9:32:10] /a 1
[26/12/2016 9:32:10] /a 1
[26/12/2016 9:32:10] /a 1
[26/12/2016 9:32:10] /a 1
[26/12/2016 9:32:10] /a 1
[26/12/2016 9:32:10] /a 1
[26/12/2016 9:32:11] /owner nobody
[26/12/2016 9:32:13] /a 1
[26/12/2016 9:32:13] /a 1
[26/12/2016 9:32:14] /a 1
[26/12/2016 9:32:14] /a 1
[26/12/2016 9:32:14] /owner nobody
[26/12/2016 9:32:16] /a 1
[26/12/2016 9:32:16] /a 1
[26/12/2016 9:32:16] /a 1
[26/12/2016 9:32:16] /a 1
[26/12/2016 9:32:16] /a 1
[26/12/2016 9:32:16] /a 1
[26/12/2016 9:32:17] /a 1
[26/12/2016 9:32:17] /a 1
[26/12/2016 9:32:18] /owner nobody
[26/12/2016 9:32:19] /owner nobody
[26/12/2016 9:32:19] /a 1
[26/12/2016 9:32:20] /a 1
[26/12/2016 9:32:20] /a 1
[26/12/2016 9:32:20] /a 1
[26/12/2016 9:32:20] /a 1
[26/12/2016 9:32:20] /a 1
[26/12/2016 9:32:21] /a 1
[26/12/2016 9:32:21] /a 1
[26/12/2016 9:32:21] /a 1
[26/12/2016 9:32:22] /owner nobody
[26/12/2016 9:32:24] /a 1
[26/12/2016 9:32:24] /a 1
[26/12/2016 9:32:24] /a 1
[26/12/2016 9:32:24] /a 1
[26/12/2016 9:32:24] /a 1
[26/12/2016 9:32:24] /a 1
[26/12/2016 9:32:24] /a 1
[26/12/2016 9:32:24] /a 1
[26/12/2016 9:32:33] /a 1
[26/12/2016 9:32:33] /a 1
[26/12/2016 9:32:34] /owner nobody
[26/12/2016 9:32:36] /a 1
[26/12/2016 9:32:36] /a 1
[26/12/2016 9:32:40] /a 1
[26/12/2016 9:32:41] /a 1
[26/12/2016 9:32:41] /owner nobody
[26/12/2016 9:32:43] /a 1
[26/12/2016 9:32:43] /a 1
[26/12/2016 9:32:52] /a 1
[26/12/2016 9:32:52] /a 1
[26/12/2016 9:32:52] /a 1
[26/12/2016 9:32:52] /a 1
[26/12/2016 9:32:52] /a 1
[26/12/2016 9:32:52] /a 1
[26/12/2016 9:32:54] /a 1
[26/12/2016 9:32:54] /a 1
[26/12/2016 9:32:55] /a 1
[26/12/2016 9:32:55] /a 1
[26/12/2016 9:32:55] /a 1
[26/12/2016 9:32:55] /a 1
[26/12/2016 9:32:55] /a 1
[26/12/2016 9:32:55] /a 1
[26/12/2016 9:32:56] /a 1
[26/12/2016 9:32:56] /a 1
[26/12/2016 9:32:56] /a 1
[26/12/2016 9:32:56] /a 1
[26/12/2016 9:32:56] /a 1
[26/12/2016 9:32:56] /a 1
[26/12/2016 9:32:56] /a 1
[26/12/2016 9:32:56] /a 1
[26/12/2016 9:32:57] /a 1
[26/12/2016 9:32:59] /a 1
[26/12/2016 9:32:59] /a 1
[26/12/2016 9:32:59] /a 1
[26/12/2016 9:32:59] /a 1
[26/12/2016 9:32:59] /a 1
[26/12/2016 9:33:0] /a 1
[26/12/2016 9:33:0] /a 1
[26/12/2016 9:33:0] /a 1
[26/12/2016 9:33:0] /a 1
[26/12/2016 9:33:0] /a 1
[26/12/2016 9:33:0] /a 1
[26/12/2016 9:33:0] /a 1
[26/12/2016 9:33:0] /a 1
[26/12/2016 9:33:0] /a 1
[26/12/2016 9:33:0] /a 1
[26/12/2016 9:33:1] /a 1
[26/12/2016 9:33:1] /a 1
[26/12/2016 9:33:3] /a 1
[26/12/2016 9:33:3] /a 1
[26/12/2016 9:33:3] /a 1
[26/12/2016 9:33:3] /a 1
[26/12/2016 9:33:3] /a 1
[26/12/2016 9:33:3] /a 1
[26/12/2016 9:33:3] /a 1
[26/12/2016 9:33:3] /a 1
[26/12/2016 9:33:4] /a 1
[26/12/2016 9:33:5] /a 1
[26/12/2016 9:33:5] /a 1
[26/12/2016 9:33:6] /owner nobody
[26/12/2016 9:33:9] /a 1
[26/12/2016 9:33:9] /a 1
[26/12/2016 9:33:9] /a 1
[26/12/2016 9:33:9] /a 1
[26/12/2016 9:33:9] /a 1
[26/12/2016 9:33:10] /a 1
[26/12/2016 9:33:10] /owner nobody
[26/12/2016 9:33:11] /a 1
[26/12/2016 9:33:11] /a 1
[26/12/2016 9:33:11] /a 1
[26/12/2016 9:33:12] /a 1
[26/12/2016 9:33:12] /a 1
[26/12/2016 9:33:12] /a 1
[26/12/2016 9:33:13] /a 1
[26/12/2016 9:33:14] /owner nobody
[26/12/2016 9:33:15] /a 1
[26/12/2016 9:33:16] /a 1
[26/12/2016 9:33:16] /a 1
[26/12/2016 9:33:17] /a 1
[26/12/2016 9:33:17] /owner nobody
[26/12/2016 9:33:19] /a 1
[26/12/2016 9:33:19] /a 1
[26/12/2016 9:33:19] /a 1
[26/12/2016 9:33:19] /a 1
[26/12/2016 9:33:21] /a 1
[26/12/2016 9:33:21] /a 1
[26/12/2016 9:33:21] /a 1
[26/12/2016 9:33:21] /a 1
[26/12/2016 9:33:21] /a 1
[26/12/2016 9:33:21] /a 1
[26/12/2016 9:33:21] /a 1
[26/12/2016 9:33:21] /a 1
[26/12/2016 9:33:24] /owner nobody
[26/12/2016 9:33:26] /a 1
[26/12/2016 9:33:26] /a 1
[26/12/2016 9:33:27] /a 1
[26/12/2016 9:33:27] /a 1
[26/12/2016 9:33:27] /a 1
[26/12/2016 9:33:27] /owner nobody
[26/12/2016 9:34:39] /a 1
[26/12/2016 9:34:39] /a 1
[26/12/2016 9:34:40] /a 1
[26/12/2016 9:34:40] /a 1
[26/12/2016 9:34:40] /a 1
[26/12/2016 9:34:40] /a 1
[26/12/2016 9:34:40] /a 1
[26/12/2016 9:34:40] /a 1
[26/12/2016 9:34:40] /a 1
[26/12/2016 9:34:41] /a 1
[26/12/2016 9:34:41] /a 1
[26/12/2016 9:34:41] /a 1
[26/12/2016 9:34:41] /a 1
[26/12/2016 9:34:41] /a 1
[26/12/2016 9:34:42] /a 1
[26/12/2016 9:34:42] /a 1
[26/12/2016 9:34:42] /a 1
[26/12/2016 9:34:43] /owner nobody
[26/12/2016 9:34:44] /a 1
[26/12/2016 9:34:44] /a 1
[26/12/2016 9:34:45] /a 1
[26/12/2016 9:34:45] /a 1
[26/12/2016 9:34:45] /a 1
[26/12/2016 9:34:45] /a 1
[26/12/2016 9:34:45] /a 1
[26/12/2016 9:34:45] /a 1
[26/12/2016 9:34:46] /a 1
[26/12/2016 9:34:46] /a 1
[26/12/2016 9:34:46] /a 1
[26/12/2016 9:34:46] /a 1
[26/12/2016 9:34:46] /a 1
[26/12/2016 9:34:46] /a 1
[26/12/2016 9:34:47] /a 1
[26/12/2016 9:34:47] /a 1
[26/12/2016 9:34:47] /a 1
[26/12/2016 9:34:47] /a 1
[26/12/2016 9:34:47] /a 1
[26/12/2016 9:34:48] /a 1
[26/12/2016 9:34:48] /a 1
[26/12/2016 9:34:48] /a 1
[26/12/2016 9:34:48] /a 1
[26/12/2016 9:34:48] /a 1
[26/12/2016 9:34:48] /a 1
[26/12/2016 9:34:48] /a 1
[26/12/2016 9:34:49] /a 1
[26/12/2016 9:34:49] /a 1
[26/12/2016 9:34:50] /a 1
[26/12/2016 9:34:51] /a 1
[26/12/2016 9:34:51] /a 1
[26/12/2016 9:34:51] /a 1
[26/12/2016 9:34:51] /a 1
[26/12/2016 9:34:51] /a 1
[26/12/2016 9:34:51] /a 1
[26/12/2016 9:34:51] /a 1
[26/12/2016 9:34:51] /a 1
[26/12/2016 9:34:51] /a 1
[26/12/2016 9:34:51] /a 1
[26/12/2016 9:34:51] /a 1
[26/12/2016 9:34:51] /a 1
[26/12/2016 9:34:52] /a 1
[26/12/2016 9:34:52] /a 1
[26/12/2016 9:34:52] /a 1
[26/12/2016 9:34:53] /a 1
[26/12/2016 9:34:54] /owner nobody
[26/12/2016 9:34:55] /a 1
[26/12/2016 9:34:55] /a 1
[26/12/2016 9:34:55] /a 1
[26/12/2016 9:34:56] /a 1
[26/12/2016 9:34:56] /a 1
[26/12/2016 9:34:58] /a 1
[26/12/2016 9:34:58] /a 1
[26/12/2016 9:34:58] /a 1
[26/12/2016 9:34:58] /a 1
[26/12/2016 9:34:58] /a 1
[26/12/2016 9:34:58] /owner nobody
[26/12/2016 9:34:58] /a 1
[26/12/2016 9:34:59] /owner nobody
[26/12/2016 9:35:0] /a 1
[26/12/2016 9:35:1] /a 1
[26/12/2016 9:35:1] /a 1
[26/12/2016 9:35:1] /a 1
[26/12/2016 9:35:1] /a 1
[26/12/2016 9:35:1] /a 1
[26/12/2016 9:35:2] /a 1
[26/12/2016 9:35:2] /a 1
[26/12/2016 9:35:3] /a 1
[26/12/2016 9:35:4] /a 1
[26/12/2016 9:35:4] /a 1
[26/12/2016 9:35:4] /a 1
[26/12/2016 9:35:4] /a 1
[26/12/2016 9:35:4] /a 1
[26/12/2016 9:35:4] /a 1
[26/12/2016 9:35:4] /a 1
[26/12/2016 9:35:4] /a 1
[26/12/2016 9:35:4] /a 1
[26/12/2016 9:35:4] /a 1
[26/12/2016 9:35:4] /a 1
[26/12/2016 9:35:4] /a 1
[26/12/2016 9:35:4] /a 1
[26/12/2016 9:35:4] /a 1
[26/12/2016 9:35:4] /a 1
[26/12/2016 9:35:5] /a 1
[26/12/2016 9:35:7] /a 1
[26/12/2016 9:35:8] /a 1
[26/12/2016 9:35:8] /a 1
[26/12/2016 9:35:8] /a 1
[26/12/2016 9:35:8] /a 1
[26/12/2016 9:35:8] /a 1
[26/12/2016 9:35:9] /a 1
[26/12/2016 9:35:9] /a 1
[26/12/2016 9:35:9] /a 1
[26/12/2016 9:35:9] /a 1
[26/12/2016 9:35:10] /a 1
[26/12/2016 9:35:10] /a 1
[26/12/2016 9:35:10] /a 1
[26/12/2016 9:35:23] /t
[26/12/2016 9:35:30] /ghost
[26/12/2016 11:41:17] /openserver
[26/12/2016 13:25:52] /goto blessed
[26/12/2016 13:32:21] /t
[26/12/2016 21:3:48] /i 9225
[27/12/2016 9:43:36] /goto pinchado
[27/12/2016 9:44:2] /goto skype
[27/12/2016 9:44:5] /t
[27/12/2016 10:26:46] /goto kiola loko
[27/12/2016 10:27:4] /t
[27/12/2016 18:20:16] /t
[27/12/2016 19:0:43] /goto frajola
[27/12/2016 19:0:46] /t
[28/12/2016 7:40:58] /mute Supremo Kox, 10
[28/12/2016 9:11:39] /up
[28/12/2016 9:11:41] /up
[28/12/2016 9:11:42] /up
[28/12/2016 9:11:45] /ghost
[28/12/2016 9:11:47] /c snow
[28/12/2016 9:14:6] /t snow
[28/12/2016 9:14:7] /ghost
[28/12/2016 9:14:8] /t
[2/1/2017 19:6:35] /kick Skyriim
[2/1/2017 20:17:52] /goto brinstone bug
[2/1/2017 20:17:59] /goto brimstone bug
[2/1/2017 20:40:2] /goto jardan
[2/1/2017 20:40:13] /t
[2/1/2017 20:49:29] /t
[3/1/2017 9:49:5] /t
[3/1/2017 9:49:10] /closeserver
[3/1/2017 10:34:13] /i dice
[3/1/2017 11:15:28] /closeserver
[3/1/2017 11:15:47] /a 1
[3/1/2017 11:16:46] /r
[3/1/2017 11:19:25] /openserver
[3/1/2017 11:19:35] /closeserver
[3/1/2017 11:44:37] /reload globalevents
[3/1/2017 11:52:38] /reload globalevents
[3/1/2017 11:58:12] /reload globalevents
[3/1/2017 12:1:7] /openserver
[3/1/2017 12:2:38] /goto volkoff
[3/1/2017 12:3:0] /ghost
[3/1/2017 12:7:15] /save
[3/1/2017 12:17:19] /goto snow
[3/1/2017 12:17:25] /t
[3/1/2017 12:20:25] /goto snow
[3/1/2017 12:20:33] /i new donate staff
[3/1/2017 12:20:34] /goto sonow
[3/1/2017 12:20:37] /goto snow
[3/1/2017 12:20:42] /t
[3/1/2017 12:27:39] /i backpack
[3/1/2017 12:27:47] /i new donate bow
[3/1/2017 12:27:51] /i new donate bow
[3/1/2017 12:27:52] /i new donate bow
[3/1/2017 12:27:53] /i new donate bow
[3/1/2017 12:27:55] /i new donate bow
[3/1/2017 12:29:23] /goto Pallyzinho monster
[3/1/2017 12:29:41] /i 2157
[3/1/2017 12:44:38] /up
[3/1/2017 12:44:41] /up
[3/1/2017 12:44:45] /up
[3/1/2017 12:44:47] /c Custom Idm
[3/1/2017 12:46:0] /t
[3/1/2017 12:47:50] /goto surpreza
[3/1/2017 12:47:52] /t
[3/1/2017 13:13:48] /i new donate staff
[3/1/2017 17:3:16] /goto [CM] Jerulino
[3/1/2017 17:3:25] /ghost
[3/1/2017 17:11:2] /up
[3/1/2017 17:11:7] /up
[3/1/2017 17:12:30] /ghost
[3/1/2017 17:14:17] /t
[3/1/2017 17:44:39] /goto bruxa
[3/1/2017 19:57:11] /reload globalevents
[3/1/2017 20:2:4] /i new donate staff
[3/1/2017 20:21:32] /goto jerulino
[3/1/2017 20:21:41] /goto [CM] Jerulino
[3/1/2017 20:21:44] /a 2
[3/1/2017 20:21:46] /a 2
[3/1/2017 20:21:51] /a 2
[3/1/2017 20:21:58] /goto jerulino
[3/1/2017 20:22:10] /goto [CM] Jerulino
[3/1/2017 20:22:13] /a 2
[3/1/2017 20:22:16] /a 4
[3/1/2017 20:22:19] /a 1
[3/1/2017 20:22:21] /ghost
[3/1/2017 20:40:3] /ghost
[3/1/2017 20:47:26] /save
[3/1/2017 20:47:35] /bc VOU REINICIAR RAPIDINHO PRA ARRUMAR O PUSH !!!
[3/1/2017 20:47:40] /bc VOU REINICIAR RAPIDINHO PRA ARRUMAR O PUSH !!!
[3/1/2017 20:47:41] /bc VOU REINICIAR RAPIDINHO PRA ARRUMAR O PUSH !!!
[3/1/2017 20:47:41] /bc VOU REINICIAR RAPIDINHO PRA ARRUMAR O PUSH !!!
[3/1/2017 20:47:42] /bc VOU REINICIAR RAPIDINHO PRA ARRUMAR O PUSH !!!
[3/1/2017 20:47:43] /bc VOU REINICIAR RAPIDINHO PRA ARRUMAR O PUSH !!!
[3/1/2017 20:47:44] /bc VOU REINICIAR RAPIDINHO PRA ARRUMAR O PUSH !!!
[3/1/2017 20:47:44] /bc VOU REINICIAR RAPIDINHO PRA ARRUMAR O PUSH !!!
[3/1/2017 20:47:45] /bc VOU REINICIAR RAPIDINHO PRA ARRUMAR O PUSH !!!
[3/1/2017 20:48:27] /save
[3/1/2017 20:49:24] /save
[3/1/2017 20:49:36] /bc Volta na mesma hora !!!
[3/1/2017 20:49:37] /bc Volta na mesma hora !!!
[3/1/2017 20:49:38] /bc Volta na mesma hora !!!
[3/1/2017 20:49:38] /bc Volta na mesma hora !!!
[3/1/2017 20:49:39] /bc Volta na mesma hora !!!
[3/1/2017 20:58:47] /reload globalevents
[4/1/2017 8:3:12] /goto coldzera
[4/1/2017 8:3:15] /t
[4/1/2017 8:4:50] /goto yagod
[4/1/2017 8:4:52] /t
[4/1/2017 8:7:52] /goto Arqueiro Azul
[4/1/2017 8:8:0] /t
[4/1/2017 8:13:10] /goto brasstemp
[4/1/2017 8:13:18] /t
[4/1/2017 8:24:25] /i new donate staff
[4/1/2017 8:24:56] /i new donate staff
[4/1/2017 8:29:4] /i new donate staff
[4/1/2017 8:29:5] /i new donate staff
[4/1/2017 8:29:6] /i new donate staff
[4/1/2017 8:29:7] /i new donate staff
[4/1/2017 8:29:7] /i new donate staff
[4/1/2017 8:29:8] /i new donate staff
[4/1/2017 8:29:51] /t
[4/1/2017 8:43:57] /goto dantedruid
[4/1/2017 8:46:57] /goto nois
[4/1/2017 8:47:5] /c nois
[4/1/2017 8:47:11] /c firsty
[4/1/2017 8:55:12] /i new donate staff
[4/1/2017 8:55:18] /i new donate staff
[4/1/2017 8:55:19] /i new donate staff
[4/1/2017 9:10:18] /goto The Crazy Amazing
[4/1/2017 9:10:30] /t
[4/1/2017 9:15:4] /clean
[4/1/2017 9:31:3] /goto jerulino
[4/1/2017 9:31:11] /goto luiz rush
[4/1/2017 9:31:18] /goto hide on bush
[4/1/2017 9:31:21] /goto hide on bush
[4/1/2017 9:31:27] /goto lambisgal
[4/1/2017 9:31:34] /goto papa dinnos
[4/1/2017 9:31:36] /t
[4/1/2017 10:5:56] /c Druid Lokoo
[4/1/2017 10:13:30] /goto Xullz Dominante
[4/1/2017 10:13:53] /t
[4/1/2017 10:22:13] /goto Top Mage
[4/1/2017 10:25:16] /i letter
[4/1/2017 10:28:33] /i backpack
[4/1/2017 10:28:47] /goto trinity
[4/1/2017 10:29:22] /goto trinity
[4/1/2017 10:29:30] /i new donate staff
[4/1/2017 10:29:31] /i new donate staff
[4/1/2017 10:29:32] /i new donate staff
[4/1/2017 10:29:32] /i new donate staff
[4/1/2017 10:29:33] /i new donate staff
[4/1/2017 10:29:33] /i new donate staff
[4/1/2017 10:29:34] /i new donate staff
[4/1/2017 10:29:34] /i new donate staff
[4/1/2017 10:29:35] /i new donate staff
[4/1/2017 10:29:35] /i new donate staff
[4/1/2017 10:29:36] /i new donate staff
[4/1/2017 10:29:36] /goto trinity
[4/1/2017 10:29:37] /goto trinity
[4/1/2017 10:29:37] /goto trinity
[4/1/2017 10:29:41] /goto trinity
[4/1/2017 10:29:43] /i new donate staff
[4/1/2017 10:29:43] /i new donate staff
[4/1/2017 10:29:44] /i new donate staff
[4/1/2017 10:29:44] /i new donate staff
[4/1/2017 10:29:45] /i new donate staff
[4/1/2017 10:29:46] /i new donate staff
[4/1/2017 10:29:46] /i new donate staff
[4/1/2017 10:29:47] /i new donate staff
[4/1/2017 10:29:47] /i new donate staff
[4/1/2017 10:29:57] /i new donate bow
[4/1/2017 10:29:59] /i new donate bow
[4/1/2017 10:30:0] /i new donate bow
[4/1/2017 10:30:1] /i new donate bow
[4/1/2017 10:30:2] /i new donate bow
[4/1/2017 10:30:3] /i new donate bow
[4/1/2017 10:30:3] /i new donate bow
[4/1/2017 10:30:4] /i new donate bow
[4/1/2017 10:30:4] /i new donate bow
[4/1/2017 10:30:24] /t
[4/1/2017 10:38:28] /goto trinity
[4/1/2017 10:38:31] /i letter
[4/1/2017 10:39:31] /goto trinity
[4/1/2017 10:41:31] /t
[4/1/2017 10:58:0] /i letter
[4/1/2017 10:58:49] /c mystica
[4/1/2017 10:59:15] /t
[4/1/2017 11:5:36] /goto auto 4000 foreach 'screenplayers' $players | if [$playersaround.7 >= 1] {pm ?$players.name' SITE/IP --> BR-BA1AK , C0M // R.E.S.E.T 04-01 // ((ENTROU GANHA ARMA)) // DIVERSOS SITEMAS E EVENTOS AUTOMATICOS // UPDATE DE FERIAS // FULL PELEGO // ESPERO
[4/1/2017 11:5:40] /goto trinity
[4/1/2017 11:5:45] /i backpack
[4/1/2017 11:5:48] /i new donate sword
[4/1/2017 11:5:49] /i new donate sword
[4/1/2017 11:5:49] /i new donate sword
[4/1/2017 11:5:50] /i new donate sword
[4/1/2017 11:5:51] /i new donate sword
[4/1/2017 11:5:51] /i new donate sword
[4/1/2017 11:5:51] /i new donate sword
[4/1/2017 11:5:52] /i new donate sword
[4/1/2017 11:5:52] /i new donate sword
[4/1/2017 11:5:53] /i new donate sword
[4/1/2017 11:5:54] /i new donate sword
[4/1/2017 11:5:54] /i new donate sword
[4/1/2017 11:5:55] /i new donate sword
[4/1/2017 11:5:57] /i new donate sword
[4/1/2017 11:42:24] /i backpack
[4/1/2017 11:42:29] /i new donate staff
[4/1/2017 11:42:32] /i new donate staff
[4/1/2017 11:42:33] /i new donate staff
[4/1/2017 11:42:33] /i new donate staff
[4/1/2017 11:42:34] /i new donate staff
[4/1/2017 11:42:34] /i new donate staff
[4/1/2017 11:42:38] /i new donate staff
[4/1/2017 11:42:39] /i new donate staff
[4/1/2017 11:42:39] /i new donate staff
[4/1/2017 11:42:40] /i new donate staff
[4/1/2017 11:42:40] /i new donate staff
[4/1/2017 11:42:41] /i new donate staff
[4/1/2017 11:42:41] /i new donate staff
[4/1/2017 11:42:42] /i new donate staff
[4/1/2017 11:42:42] /i new donate staff
[4/1/2017 11:42:43] /i new donate staff
[4/1/2017 11:42:43] /i new donate staff
[4/1/2017 11:42:44] /i new donate staff
[4/1/2017 11:42:44] /i new donate staff
[4/1/2017 11:42:46] /i new donate staff
[4/1/2017 11:42:50] /i backpack
[4/1/2017 11:42:57] /i new donate bow
[4/1/2017 11:42:58] /i new donate bow
[4/1/2017 11:43:1] /i new donate bow
[4/1/2017 11:43:1] /i new donate bow
[4/1/2017 11:43:2] /i new donate bow
[4/1/2017 11:43:2] /i new donate bow
[4/1/2017 11:43:3] /i new donate bow
[4/1/2017 11:43:3] /i new donate bow
[4/1/2017 11:43:4] /i new donate bow
[4/1/2017 11:43:5] /i new donate bow
[4/1/2017 11:43:5] /i new donate bow
[4/1/2017 11:43:13] /i backpack
[4/1/2017 11:43:17] /i new donate sword
[4/1/2017 11:43:20] /i new donate sword
[4/1/2017 11:43:20] /i new donate sword
[4/1/2017 11:43:21] /i new donate sword
[4/1/2017 11:43:22] /i new donate sword
[4/1/2017 11:43:23] /i new donate sword
[4/1/2017 11:43:23] /i new donate sword
[4/1/2017 11:43:23] /i new donate sword
[4/1/2017 11:43:24] /i new donate sword
[4/1/2017 11:43:25] /i new donate sword
[4/1/2017 11:43:25] /i new donate sword
[4/1/2017 11:43:26] /i new donate sword
[4/1/2017 11:43:43] /t
[4/1/2017 12:14:26] /i backpack
[4/1/2017 12:14:30] /i new donate staff
[4/1/2017 12:14:31] /i new donate staff
[4/1/2017 12:14:32] /i new donate staff
[4/1/2017 12:14:33] /i new donate staff
[4/1/2017 12:14:33] /i new donate staff
[4/1/2017 12:14:34] /i new donate staff
[4/1/2017 12:14:34] /i new donate staff
[4/1/2017 12:14:35] /i new donate staff
[4/1/2017 12:14:36] /i new donate staff
[4/1/2017 12:14:37] /i new donate staff
[4/1/2017 12:14:37] /i new donate staff
[4/1/2017 12:14:38] /i new donate staff
[4/1/2017 12:14:38] /i new donate staff
[4/1/2017 12:14:39] /i new donate staff
[4/1/2017 12:14:40] /i new donate staff
[4/1/2017 12:14:40] /i new donate staff
[4/1/2017 12:14:41] /i new donate staff
[4/1/2017 12:14:42] /i new donate staff
[4/1/2017 12:14:42] /i new donate staff
[4/1/2017 12:14:43] /i new donate staff
[4/1/2017 12:14:43] /i new donate staff
[4/1/2017 12:14:56] /t
[4/1/2017 12:15:24] /i new donate bow
[4/1/2017 12:15:26] /i new donate bow
[4/1/2017 12:15:27] /i new donate bow
[4/1/2017 12:15:28] /i new donate bow
[4/1/2017 12:15:28] /i new donate bow
[4/1/2017 12:15:29] /i new donate bow
[4/1/2017 12:15:30] /i new donate bow
[4/1/2017 12:15:30] /i new donate bow
[4/1/2017 12:15:31] /i new donate bow
[4/1/2017 12:15:31] /i new donate bow
[4/1/2017 12:15:32] /i new donate bow
[4/1/2017 12:15:33] /i new donate bow
[4/1/2017 12:15:33] /i new donate bow
[4/1/2017 12:15:34] /i new donate bow
[4/1/2017 12:15:35] /i new donate bow
[4/1/2017 12:15:35] /i new donate bow
[4/1/2017 12:15:35] /i new donate bow
[4/1/2017 12:15:36] /i new donate bow
[4/1/2017 12:15:36] /i new donate bow
[4/1/2017 12:15:37] /i new donate bow
[4/1/2017 12:15:38] /i new donate bow
[4/1/2017 12:15:38] /i new donate bow
[4/1/2017 12:55:49] /i new mage staff
[4/1/2017 15:30:56] /a 5
[4/1/2017 15:30:58] /a 4
[4/1/2017 15:31:15] /a 2
[4/1/2017 15:31:41] /t
[4/1/2017 15:33:43] /i backpack
[4/1/2017 15:33:48] /i new mage staff
[4/1/2017 15:34:43] /c mago babidi
[4/1/2017 15:34:53] /t
[4/1/2017 16:49:43] /goto jardan
[4/1/2017 16:50:19] /t
[4/1/2017 17:11:53] /goto Xronkyszerah Rush
[4/1/2017 17:11:58] /c Rikzera Rush
[4/1/2017 17:12:0] /t
[4/1/2017 17:13:1] /goto Hellzork
[4/1/2017 17:13:13] /i new sword kina
[4/1/2017 17:13:28] /i new kina sword
[4/1/2017 17:13:34] /c Hellzork
[4/1/2017 17:13:53] /t
[4/1/2017 18:54:21] /t
[4/1/2017 19:7:4] /kick trinity
[4/1/2017 19:23:12] /c Diiogo Olooucoh
[4/1/2017 20:8:37] /t
[4/1/2017 20:30:43] /goto Artigo Alguma Coisa
[4/1/2017 20:31:33] /r
[4/1/2017 20:31:35] /t
[4/1/2017 20:32:12] /goto satanic
[4/1/2017 20:32:15] /i new kina sword
[4/1/2017 20:32:43] /t
[4/1/2017 21:4:41] /reload globalevents
[4/1/2017 21:23:34] /r
[5/1/2017 6:58:34] /goto bruno oz
[5/1/2017 7:0:59] /t
[5/1/2017 8:34:39] /goto niino
[5/1/2017 8:34:46] /t
[5/1/2017 9:15:46] /goto erremo
[5/1/2017 9:15:51] /a 5
[5/1/2017 9:15:55] /a 5
[5/1/2017 9:15:58] /c erremo
[5/1/2017 9:16:4] /t
[5/1/2017 9:34:56] /i 5468
[5/1/2017 9:35:18] /c skynz
[5/1/2017 9:35:25] /t
[5/1/2017 10:32:5] /c wait
[5/1/2017 10:37:21] /c ola
[5/1/2017 10:37:32] /i new donate staff
[5/1/2017 10:45:16] /c Guhziin Kittcome
[5/1/2017 10:45:21] /i new donate staff
[5/1/2017 10:51:50] /goto Wait
[5/1/2017 10:51:54] /i new donate staff
[5/1/2017 10:51:57] /i new donate staff
[5/1/2017 10:51:58] /i new donate staff
[5/1/2017 10:52:1] /i new donate staff
[5/1/2017 10:52:17] /c rabanete
[5/1/2017 10:53:27] /c koyuu
[5/1/2017 11:2:41] /i 8981
[5/1/2017 11:5:19] /goto tiu hard
[5/1/2017 11:5:36] /t
[5/1/2017 11:12:8] /goto niino
[5/1/2017 11:18:52] /i Skill stone [DODGE]
[5/1/2017 11:18:57] /t
[5/1/2017 11:19:20] /i dodge stone
[5/1/2017 11:19:22] /t
[5/1/2017 11:32:43] /i backpack
[5/1/2017 11:32:54] /i 2157
[5/1/2017 11:32:56] /i 2157
[5/1/2017 11:32:58] /i 2157
[5/1/2017 11:32:58] /i 2157
[5/1/2017 11:32:59] /i 2157
[5/1/2017 11:33:0] /i 2157
[5/1/2017 11:33:33] /i event coin
[5/1/2017 11:33:35] /i event coin
[5/1/2017 11:33:35] /i event coin
[5/1/2017 11:33:38] /i event coin
[5/1/2017 11:34:37] /goto Willzs Tankmode
[5/1/2017 11:35:6] /t
[5/1/2017 11:36:41] /goto Willzs Tankmode
[5/1/2017 11:36:49] /goto Willzs Tankmode
[5/1/2017 11:37:49] /goto Willzs Tankmode
[5/1/2017 11:39:6] /goto Willzs Tankmode
[5/1/2017 11:41:50] /goto Mafuumafuu
[5/1/2017 11:42:22] /goto panico na tv
[5/1/2017 11:42:34] /c panico na tv
[5/1/2017 11:43:7] /i new donate staff
[5/1/2017 11:43:9] /i new donate staff
[5/1/2017 11:43:10] /i new donate staff
[5/1/2017 11:43:11] /i new donate staff
[5/1/2017 11:43:12] /i new donate staff
[5/1/2017 13:20:16] /clean
[5/1/2017 16:11:17] /goto Vuduzin
[5/1/2017 16:11:32] /down
[5/1/2017 16:11:43] /t king mago
[5/1/2017 16:11:45] /t
[5/1/2017 18:29:45] /goto xala xazam
[5/1/2017 18:29:52] /t
[5/1/2017 19:29:7] /save
[5/1/2017 19:30:30] /bc O SERVIDOR VAI REINICIAR RAPIDINHO E VOLTA NO MESMO MOMENTO!!
[5/1/2017 19:30:31] /bc O SERVIDOR VAI REINICIAR RAPIDINHO E VOLTA NO MESMO MOMENTO!!
[5/1/2017 19:30:32] /bc O SERVIDOR VAI REINICIAR RAPIDINHO E VOLTA NO MESMO MOMENTO!!
[5/1/2017 19:30:33] /bc O SERVIDOR VAI REINICIAR RAPIDINHO E VOLTA NO MESMO MOMENTO!!
[5/1/2017 19:30:33] /bc O SERVIDOR VAI REINICIAR RAPIDINHO E VOLTA NO MESMO MOMENTO!!
[5/1/2017 19:30:34] /bc O SERVIDOR VAI REINICIAR RAPIDINHO E VOLTA NO MESMO MOMENTO!!
[5/1/2017 19:30:34] /bc O SERVIDOR VAI REINICIAR RAPIDINHO E VOLTA NO MESMO MOMENTO!!
[5/1/2017 19:30:34] /bc O SERVIDOR VAI REINICIAR RAPIDINHO E VOLTA NO MESMO MOMENTO!!
[5/1/2017 19:30:35] /bc O SERVIDOR VAI REINICIAR RAPIDINHO E VOLTA NO MESMO MOMENTO!!
[5/1/2017 19:30:35] /bc O SERVIDOR VAI REINICIAR RAPIDINHO E VOLTA NO MESMO MOMENTO!!
[5/1/2017 19:33:55] /goto Sekk
[5/1/2017 19:34:2] /t
[5/1/2017 20:22:57] /goto nitiv
[5/1/2017 20:23:46] /goto roy navan
[5/1/2017 20:24:2] /t
[5/1/2017 20:37:51] /goto mr estevao
[5/1/2017 20:37:53] /t
[5/1/2017 20:43:51] /goto rei do ot
[5/1/2017 20:43:54] /t
[6/1/2017 8:26:29] /goto Passa tempo msm
[6/1/2017 8:26:48] /t
[6/1/2017 8:33:53] /bc VOU REINICIAR O SERVER RAPIDINHOO 111
[6/1/2017 8:33:58] /bc VOU REINICIAR O SERVER RAPIDINHOO !!!
[6/1/2017 8:33:59] /bc VOU REINICIAR O SERVER RAPIDINHOO !!!
[6/1/2017 8:33:59] /bc VOU REINICIAR O SERVER RAPIDINHOO !!!
[6/1/2017 8:34:0] /bc VOU REINICIAR O SERVER RAPIDINHOO !!!
[6/1/2017 8:34:1] /bc VOU REINICIAR O SERVER RAPIDINHOO !!!
[6/1/2017 8:34:1] /bc VOU REINICIAR O SERVER RAPIDINHOO !!!
[6/1/2017 8:34:2] /bc VOU REINICIAR O SERVER RAPIDINHOO !!!
[6/1/2017 8:34:3] /bc VOU REINICIAR O SERVER RAPIDINHOO !!!
[6/1/2017 8:43:26] /goto Mago Bolado
[6/1/2017 8:44:13] /t
[6/1/2017 8:47:39] /i 8981
[6/1/2017 8:47:45] /goto vuduzin
[6/1/2017 8:47:53] /goto vuduzin
[6/1/2017 8:50:1] /t
[6/1/2017 9:8:7] /addskill Victorzeerah, magic level
[6/1/2017 9:8:9] /addskill Victorzeerah, magic level
[6/1/2017 9:8:10] /addskill Victorzeerah, magic level
[6/1/2017 9:8:11] /addskill Victorzeerah, magic level
[6/1/2017 9:40:4] /c druid rush
[6/1/2017 9:46:20] /i new donate bow
[6/1/2017 9:46:24] /goto mikael pally
[6/1/2017 9:47:15] /t
[6/1/2017 9:47:29] /goto ronaldo rulesz
[6/1/2017 9:47:41] /c ronaldo rulesz
[6/1/2017 10:8:46] /goto Mitrovic Fusion
[6/1/2017 10:13:43] /i new donate staff
[6/1/2017 10:13:46] /i new donate staff
[6/1/2017 10:13:46] /i new donate staff
[6/1/2017 10:13:47] /i new donate staff
[6/1/2017 10:13:48] /i new donate staff
[6/1/2017 10:13:55] /c water fox
[6/1/2017 10:14:54] /i backpack
[6/1/2017 10:15:2] /i dodge stone
[6/1/2017 10:15:10] /i critical stone
[6/1/2017 10:15:24] /i 8981
[6/1/2017 10:15:26] /i 8981
[6/1/2017 10:15:27] /i 8981
[6/1/2017 10:28:3] /c Komocu yashota
[6/1/2017 10:28:21] /t
[6/1/2017 12:4:11] /bc O LAG JA VAI PASSAR !!! 
[6/1/2017 12:4:19] /bc O LAG JA VAI PASSAR !!! 
[6/1/2017 13:40:17] /reload globalevents
[6/1/2017 13:51:23] /goto Komocu yashota
[6/1/2017 13:53:20] /t
[6/1/2017 14:2:5] /goto Lincki
[6/1/2017 14:2:11] /c Lincki
[6/1/2017 14:2:18] /t
[6/1/2017 14:2:32] /goto tiu hard
[6/1/2017 14:3:25] /goto vilao
[6/1/2017 14:9:7] /bc QUEM QUER GANHAR 1 SEMANA DE PROXY ? =D
[6/1/2017 14:9:9] /bc QUEM QUER GANHAR 1 SEMANA DE PROXY ? =D
[6/1/2017 14:9:10] /bc QUEM QUER GANHAR 1 SEMANA DE PROXY ? =D
[6/1/2017 14:9:11] /bc QUEM QUER GANHAR 1 SEMANA DE PROXY ? =D
[6/1/2017 14:9:11] /bc QUEM QUER GANHAR 1 SEMANA DE PROXY ? =D
[6/1/2017 14:9:12] /bc QUEM QUER GANHAR 1 SEMANA DE PROXY ? =D
[6/1/2017 14:12:13] /bc VOU TIRAR UM PRINT NO TEMPLO AGORA PARA UM EVENTO DE SORTEIO !!! QUEM QUISER APARECER BROTA NO TEMPLO
[6/1/2017 14:12:16] /bc VOU TIRAR UM PRINT NO TEMPLO AGORA PARA UM EVENTO DE SORTEIO !!! QUEM QUISER APARECER BROTA NO TEMPLO
[6/1/2017 14:12:17] /bc VOU TIRAR UM PRINT NO TEMPLO AGORA PARA UM EVENTO DE SORTEIO !!! QUEM QUISER APARECER BROTA NO TEMPLO
[6/1/2017 14:12:17] /bc VOU TIRAR UM PRINT NO TEMPLO AGORA PARA UM EVENTO DE SORTEIO !!! QUEM QUISER APARECER BROTA NO TEMPLO
[6/1/2017 14:12:18] /bc VOU TIRAR UM PRINT NO TEMPLO AGORA PARA UM EVENTO DE SORTEIO !!! QUEM QUISER APARECER BROTA NO TEMPLO
[6/1/2017 14:12:18] /bc VOU TIRAR UM PRINT NO TEMPLO AGORA PARA UM EVENTO DE SORTEIO !!! QUEM QUISER APARECER BROTA NO TEMPLO
[6/1/2017 14:12:19] /bc VOU TIRAR UM PRINT NO TEMPLO AGORA PARA UM EVENTO DE SORTEIO !!! QUEM QUISER APARECER BROTA NO TEMPLO
[6/1/2017 14:12:19] /bc VOU TIRAR UM PRINT NO TEMPLO AGORA PARA UM EVENTO DE SORTEIO !!! QUEM QUISER APARECER BROTA NO TEMPLO
[6/1/2017 14:12:20] /bc VOU TIRAR UM PRINT NO TEMPLO AGORA PARA UM EVENTO DE SORTEIO !!! QUEM QUISER APARECER BROTA NO TEMPLO
[6/1/2017 14:12:21] /bc VOU TIRAR UM PRINT NO TEMPLO AGORA PARA UM EVENTO DE SORTEIO !!! QUEM QUISER APARECER BROTA NO TEMPLO
[6/1/2017 14:12:23] /bc VOU TIRAR UM PRINT NO TEMPLO AGORA PARA UM EVENTO DE SORTEIO !!! QUEM QUISER APARECER BROTA NO TEMPLO
[6/1/2017 14:12:24] /bc VOU TIRAR UM PRINT NO TEMPLO AGORA PARA UM EVENTO DE SORTEIO !!! QUEM QUISER APARECER BROTA NO TEMPLO
[6/1/2017 14:12:31] /bc VOU TIRAR UM PRINT NO TEMPLO AGORA PARA UM EVENTO DE SORTEIO !!! QUEM QUISER APARECER BROTA NO TEMPLO
[6/1/2017 14:12:32] /bc VOU TIRAR UM PRINT NO TEMPLO AGORA PARA UM EVENTO DE SORTEIO !!! QUEM QUISER APARECER BROTA NO TEMPLO
[6/1/2017 14:12:33] /bc VOU TIRAR UM PRINT NO TEMPLO AGORA PARA UM EVENTO DE SORTEIO !!! QUEM QUISER APARECER BROTA NO TEMPLO
[6/1/2017 14:14:14] /bc JA TIREI O PRINT!!! EM BREVE NO SITE ESTARA EXPLICANDO O EVENTO
[6/1/2017 14:14:16] /bc JA TIREI O PRINT!!! EM BREVE NO SITE ESTARA EXPLICANDO O EVENTO
[6/1/2017 14:14:17] /bc JA TIREI O PRINT!!! EM BREVE NO SITE ESTARA EXPLICANDO O EVENTO
[6/1/2017 14:14:18] /bc JA TIREI O PRINT!!! EM BREVE NO SITE ESTARA EXPLICANDO O EVENTO
[6/1/2017 14:14:19] /bc JA TIREI O PRINT!!! EM BREVE NO SITE ESTARA EXPLICANDO O EVENTO
[6/1/2017 14:14:19] /bc JA TIREI O PRINT!!! EM BREVE NO SITE ESTARA EXPLICANDO O EVENTO
[6/1/2017 14:14:20] /bc JA TIREI O PRINT!!! EM BREVE NO SITE ESTARA EXPLICANDO O EVENTO
[6/1/2017 14:18:50] /goto opss
[6/1/2017 14:55:41] /bc JA FOI POSTADO NO SITE DO OT COMO CONCORRER A 1 SEMANA DE PROXY NO PING TUNNEL !!! SERÃO 5 GANHADORES
[6/1/2017 14:55:42] /bc JA FOI POSTADO NO SITE DO OT COMO CONCORRER A 1 SEMANA DE PROXY NO PING TUNNEL !!! SERÃO 5 GANHADORES
[6/1/2017 14:55:43] /bc JA FOI POSTADO NO SITE DO OT COMO CONCORRER A 1 SEMANA DE PROXY NO PING TUNNEL !!! SERÃO 5 GANHADORES
[6/1/2017 14:55:44] /bc JA FOI POSTADO NO SITE DO OT COMO CONCORRER A 1 SEMANA DE PROXY NO PING TUNNEL !!! SERÃO 5 GANHADORES
[6/1/2017 14:55:45] /bc JA FOI POSTADO NO SITE DO OT COMO CONCORRER A 1 SEMANA DE PROXY NO PING TUNNEL !!! SERÃO 5 GANHADORES
[6/1/2017 14:55:46] /bc JA FOI POSTADO NO SITE DO OT COMO CONCORRER A 1 SEMANA DE PROXY NO PING TUNNEL !!! SERÃO 5 GANHADORES
[6/1/2017 14:55:46] /bc JA FOI POSTADO NO SITE DO OT COMO CONCORRER A 1 SEMANA DE PROXY NO PING TUNNEL !!! SERÃO 5 GANHADORES
[6/1/2017 14:55:47] /bc JA FOI POSTADO NO SITE DO OT COMO CONCORRER A 1 SEMANA DE PROXY NO PING TUNNEL !!! SERÃO 5 GANHADORES
[6/1/2017 14:55:47] /bc JA FOI POSTADO NO SITE DO OT COMO CONCORRER A 1 SEMANA DE PROXY NO PING TUNNEL !!! SERÃO 5 GANHADORES
[6/1/2017 14:55:48] /bc JA FOI POSTADO NO SITE DO OT COMO CONCORRER A 1 SEMANA DE PROXY NO PING TUNNEL !!! SERÃO 5 GANHADORES
[6/1/2017 14:55:48] /bc JA FOI POSTADO NO SITE DO OT COMO CONCORRER A 1 SEMANA DE PROXY NO PING TUNNEL !!! SERÃO 5 GANHADORES
[6/1/2017 14:55:49] /bc JA FOI POSTADO NO SITE DO OT COMO CONCORRER A 1 SEMANA DE PROXY NO PING TUNNEL !!! SERÃO 5 GANHADORES
[6/1/2017 14:55:49] /bc JA FOI POSTADO NO SITE DO OT COMO CONCORRER A 1 SEMANA DE PROXY NO PING TUNNEL !!! SERÃO 5 GANHADORES
[6/1/2017 14:55:50] /bc JA FOI POSTADO NO SITE DO OT COMO CONCORRER A 1 SEMANA DE PROXY NO PING TUNNEL !!! SERÃO 5 GANHADORES
[6/1/2017 14:56:20] /bc JA FOI POSTADO NO SITE DO OT COMO CONCORRER A 1 SEMANA DE PROXY NO PING TUNNEL !!! SERÃO 5 GANHADORES
[6/1/2017 14:56:21] /bc JA FOI POSTADO NO SITE DO OT COMO CONCORRER A 1 SEMANA DE PROXY NO PING TUNNEL !!! SERÃO 5 GANHADORES
[6/1/2017 14:56:22] /bc JA FOI POSTADO NO SITE DO OT COMO CONCORRER A 1 SEMANA DE PROXY NO PING TUNNEL !!! SERÃO 5 GANHADORES
[6/1/2017 14:56:22] /bc JA FOI POSTADO NO SITE DO OT COMO CONCORRER A 1 SEMANA DE PROXY NO PING TUNNEL !!! SERÃO 5 GANHADORES
[6/1/2017 14:56:23] /bc JA FOI POSTADO NO SITE DO OT COMO CONCORRER A 1 SEMANA DE PROXY NO PING TUNNEL !!! SERÃO 5 GANHADORES
[6/1/2017 14:56:24] /bc JA FOI POSTADO NO SITE DO OT COMO CONCORRER A 1 SEMANA DE PROXY NO PING TUNNEL !!! SERÃO 5 GANHADORES
[7/1/2017 7:56:42] /goto Sail
[7/1/2017 12:45:26] /t
[9/1/2017 7:32:8] /i dodge stone
[9/1/2017 7:32:12] /i critical stone
[9/1/2017 7:32:16] /i bag
[9/1/2017 7:32:28] /goto pao com ovo
[9/1/2017 7:34:15] /t
