[17/4/2017 21:44:43] /save
[18/4/2017 8:57:59] /promote medley
[18/4/2017 8:58:1] /promote medley
[18/4/2017 8:58:2] /promote medley
[18/4/2017 8:58:3] /promote medley
[18/4/2017 8:58:3] /promote medley
[18/4/2017 8:58:5] /promote medley
[18/4/2017 8:58:7] /promote medley
[18/4/2017 8:58:19] /promote medley
[18/4/2017 9:2:11] /t
[18/4/2017 9:3:3] /goto medley
[18/4/2017 9:3:9] /goto medley
[18/4/2017 9:3:32] /goto hydra vip 2
[18/4/2017 9:3:53] /goto medley
[18/4/2017 9:4:48] /t
[18/4/2017 9:24:38] /t
[18/4/2017 9:28:34] /ghost
[18/4/2017 9:28:50] /ghost
[18/4/2017 9:30:52] /i 11094
[18/4/2017 9:31:4] /i 457
[18/4/2017 9:32:2] /i 457
[18/4/2017 9:32:5] /i 457
[18/4/2017 9:32:17] /i 457
[18/4/2017 9:32:51] /i 457
[18/4/2017 9:32:53] /i 457
[18/4/2017 9:32:55] /i 457
[18/4/2017 9:36:56] /reload globalevents
[18/4/2017 9:37:10] /reload globalevents
[18/4/2017 9:37:30] /i 457
[18/4/2017 9:37:31] /i 457
[18/4/2017 9:37:34] /i 457
[18/4/2017 9:37:36] /i 457
[18/4/2017 9:37:38] /i 457
[18/4/2017 9:37:39] /i 457
[18/4/2017 9:37:41] /i 457
[18/4/2017 9:37:43] /i 457
[18/4/2017 9:37:45] /i 457
[18/4/2017 9:37:46] /i 457
[18/4/2017 9:37:48] /i 457
[18/4/2017 9:37:50] /i 457
[18/4/2017 9:37:51] /i 457
[18/4/2017 9:37:55] /i 457
[18/4/2017 9:38:0] /i 457
[18/4/2017 9:38:3] /i 457
[18/4/2017 9:39:2] /i 11094
[18/4/2017 9:40:16] /ghost
[18/4/2017 9:42:0] /ghost
[18/4/2017 9:42:48] /ghost
[18/4/2017 9:42:53] /ghost
[18/4/2017 9:43:28] /i 11094
[18/4/2017 9:43:33] /i 11094
[18/4/2017 9:44:0] /ghost
[18/4/2017 9:56:21] /c Stolec Pierdolec
[18/4/2017 10:8:24] /bc Chamem seus amigos pro server! Iniciamos hoje, servidor serio, com updates semanais!!!!
[18/4/2017 10:8:25] /bc Chamem seus amigos pro server! Iniciamos hoje, servidor serio, com updates semanais!!!!
[18/4/2017 10:8:26] /bc Chamem seus amigos pro server! Iniciamos hoje, servidor serio, com updates semanais!!!!
[18/4/2017 10:8:27] /bc Chamem seus amigos pro server! Iniciamos hoje, servidor serio, com updates semanais!!!!
[18/4/2017 10:8:27] /bc Chamem seus amigos pro server! Iniciamos hoje, servidor serio, com updates semanais!!!!
[18/4/2017 10:8:28] /bc Chamem seus amigos pro server! Iniciamos hoje, servidor serio, com updates semanais!!!!
[18/4/2017 10:8:28] /bc Chamem seus amigos pro server! Iniciamos hoje, servidor serio, com updates semanais!!!!
[18/4/2017 10:8:29] /bc Chamem seus amigos pro server! Iniciamos hoje, servidor serio, com updates semanais!!!!
[18/4/2017 10:8:32] /bc Chamem seus amigos pro server! Iniciamos hoje, servidor serio, com updates semanais!!!!
[18/4/2017 10:8:32] /bc Chamem seus amigos pro server! Iniciamos hoje, servidor serio, com updates semanais!!!!
[18/4/2017 10:8:33] /bc Chamem seus amigos pro server! Iniciamos hoje, servidor serio, com updates semanais!!!!
[18/4/2017 10:8:33] /bc Chamem seus amigos pro server! Iniciamos hoje, servidor serio, com updates semanais!!!!
[18/4/2017 11:18:13] /t
[18/4/2017 11:27:18] /bc QUANDO CHEGAR A 50 ON TERÁ EVENTO VALENDO DOUBLE EXP E CAVE EXCLUSIVA !! GOGOGO
[18/4/2017 11:27:19] /bc QUANDO CHEGAR A 50 ON TERÁ EVENTO VALENDO DOUBLE EXP E CAVE EXCLUSIVA !! GOGOGO
[18/4/2017 11:27:20] /bc QUANDO CHEGAR A 50 ON TERÁ EVENTO VALENDO DOUBLE EXP E CAVE EXCLUSIVA !! GOGOGO
[18/4/2017 11:27:21] /bc QUANDO CHEGAR A 50 ON TERÁ EVENTO VALENDO DOUBLE EXP E CAVE EXCLUSIVA !! GOGOGO
[18/4/2017 11:27:21] /bc QUANDO CHEGAR A 50 ON TERÁ EVENTO VALENDO DOUBLE EXP E CAVE EXCLUSIVA !! GOGOGO
[18/4/2017 11:27:22] /bc QUANDO CHEGAR A 50 ON TERÁ EVENTO VALENDO DOUBLE EXP E CAVE EXCLUSIVA !! GOGOGO
[18/4/2017 11:27:22] /bc QUANDO CHEGAR A 50 ON TERÁ EVENTO VALENDO DOUBLE EXP E CAVE EXCLUSIVA !! GOGOGO
[18/4/2017 11:27:23] /bc QUANDO CHEGAR A 50 ON TERÁ EVENTO VALENDO DOUBLE EXP E CAVE EXCLUSIVA !! GOGOGO
[18/4/2017 11:53:34] /bc  O PROBLEMA DO SITE FOI CORRIGIDO !!! PODEM ACESSAR SUAS CONTAS !!!
[18/4/2017 11:53:37] /bc  O PROBLEMA DO SITE FOI CORRIGIDO !!! PODEM ACESSAR SUAS CONTAS !!!
[18/4/2017 11:53:38] /bc  O PROBLEMA DO SITE FOI CORRIGIDO !!! PODEM ACESSAR SUAS CONTAS !!!
[18/4/2017 11:53:39] /bc  O PROBLEMA DO SITE FOI CORRIGIDO !!! PODEM ACESSAR SUAS CONTAS !!!
[18/4/2017 11:53:39] /bc  O PROBLEMA DO SITE FOI CORRIGIDO !!! PODEM ACESSAR SUAS CONTAS !!!
[18/4/2017 11:53:40] /bc  O PROBLEMA DO SITE FOI CORRIGIDO !!! PODEM ACESSAR SUAS CONTAS !!!
[18/4/2017 11:53:41] /bc  O PROBLEMA DO SITE FOI CORRIGIDO !!! PODEM ACESSAR SUAS CONTAS !!!
[18/4/2017 11:53:41] /bc  O PROBLEMA DO SITE FOI CORRIGIDO !!! PODEM ACESSAR SUAS CONTAS !!!
[18/4/2017 11:53:42] /bc  O PROBLEMA DO SITE FOI CORRIGIDO !!! PODEM ACESSAR SUAS CONTAS !!!
[18/4/2017 11:53:43] /bc  O PROBLEMA DO SITE FOI CORRIGIDO !!! PODEM ACESSAR SUAS CONTAS !!!
[18/4/2017 11:53:43] /bc  O PROBLEMA DO SITE FOI CORRIGIDO !!! PODEM ACESSAR SUAS CONTAS !!!
[18/4/2017 11:53:44] /bc  O PROBLEMA DO SITE FOI CORRIGIDO !!! PODEM ACESSAR SUAS CONTAS !!!
[18/4/2017 11:53:44] /bc  O PROBLEMA DO SITE FOI CORRIGIDO !!! PODEM ACESSAR SUAS CONTAS !!!
[18/4/2017 12:11:50] /ghost
[18/4/2017 12:11:56] /ghost
[18/4/2017 12:45:11] /goto Shayera
[18/4/2017 12:53:40] /promote shayera
[18/4/2017 12:55:52] /promote Shayera
[18/4/2017 13:4:52] /promote shayera
[18/4/2017 13:4:59] /promote Shayera
[18/4/2017 13:15:8] /goto dougras
[18/4/2017 13:15:12] /t
[18/4/2017 14:0:55] /bc O SERVIDOR ESTÁ ANUNCIANDO O HORARIO ERRADO DOS EVENTOS !!! HOJE MESMO SERÁ CORRIGIDO
[18/4/2017 14:0:57] /bc O SERVIDOR ESTÁ ANUNCIANDO O HORARIO ERRADO DOS EVENTOS !!! HOJE MESMO SERÁ CORRIGIDO
[18/4/2017 14:0:58] /bc O SERVIDOR ESTÁ ANUNCIANDO O HORARIO ERRADO DOS EVENTOS !!! HOJE MESMO SERÁ CORRIGIDO
[18/4/2017 14:0:58] /bc O SERVIDOR ESTÁ ANUNCIANDO O HORARIO ERRADO DOS EVENTOS !!! HOJE MESMO SERÁ CORRIGIDO
[18/4/2017 14:0:59] /bc O SERVIDOR ESTÁ ANUNCIANDO O HORARIO ERRADO DOS EVENTOS !!! HOJE MESMO SERÁ CORRIGIDO
[18/4/2017 14:0:59] /bc O SERVIDOR ESTÁ ANUNCIANDO O HORARIO ERRADO DOS EVENTOS !!! HOJE MESMO SERÁ CORRIGIDO
[18/4/2017 14:1:0] /bc O SERVIDOR ESTÁ ANUNCIANDO O HORARIO ERRADO DOS EVENTOS !!! HOJE MESMO SERÁ CORRIGIDO
[18/4/2017 14:1:0] /bc O SERVIDOR ESTÁ ANUNCIANDO O HORARIO ERRADO DOS EVENTOS !!! HOJE MESMO SERÁ CORRIGIDO
[18/4/2017 14:1:1] /bc O SERVIDOR ESTÁ ANUNCIANDO O HORARIO ERRADO DOS EVENTOS !!! HOJE MESMO SERÁ CORRIGIDO
[18/4/2017 14:1:1] /bc O SERVIDOR ESTÁ ANUNCIANDO O HORARIO ERRADO DOS EVENTOS !!! HOJE MESMO SERÁ CORRIGIDO
[18/4/2017 14:1:2] /bc O SERVIDOR ESTÁ ANUNCIANDO O HORARIO ERRADO DOS EVENTOS !!! HOJE MESMO SERÁ CORRIGIDO
[18/4/2017 14:1:2] /bc O SERVIDOR ESTÁ ANUNCIANDO O HORARIO ERRADO DOS EVENTOS !!! HOJE MESMO SERÁ CORRIGIDO
[18/4/2017 14:1:3] /bc O SERVIDOR ESTÁ ANUNCIANDO O HORARIO ERRADO DOS EVENTOS !!! HOJE MESMO SERÁ CORRIGIDO
[18/4/2017 14:1:3] /bc O SERVIDOR ESTÁ ANUNCIANDO O HORARIO ERRADO DOS EVENTOS !!! HOJE MESMO SERÁ CORRIGIDO
[18/4/2017 14:1:3] /bc O SERVIDOR ESTÁ ANUNCIANDO O HORARIO ERRADO DOS EVENTOS !!! HOJE MESMO SERÁ CORRIGIDO
[18/4/2017 14:1:4] /bc O SERVIDOR ESTÁ ANUNCIANDO O HORARIO ERRADO DOS EVENTOS !!! HOJE MESMO SERÁ CORRIGIDO
[18/4/2017 14:1:8] /bc O SERVIDOR ESTÁ ANUNCIANDO O HORARIO ERRADO DOS EVENTOS !!! HOJE MESMO SERÁ CORRIGIDO
[18/4/2017 14:1:10] /bc O SERVIDOR ESTÁ ANUNCIANDO O HORARIO ERRADO DOS EVENTOS !!! HOJE MESMO SERÁ CORRIGIDO
[18/4/2017 14:15:12] /demote Support
[18/4/2017 14:15:14] /demote Support
[18/4/2017 14:15:23] /demote support
[18/4/2017 14:15:25] /t
[18/4/2017 14:30:21] /goto puc
[18/4/2017 14:30:37] /c Gabrielshoow
[18/4/2017 14:31:19] /t
[18/4/2017 14:31:48] /c maker kina
[18/4/2017 14:31:55] /t
[18/4/2017 14:32:3] /goto Gabrielshoow
[18/4/2017 14:48:34] /clean
[18/4/2017 14:52:55] /clean
[18/4/2017 14:58:9] /clean
[18/4/2017 14:58:15] /t
[18/4/2017 15:20:56] /clean
[18/4/2017 16:47:8] /goto Pingueludo
[18/4/2017 16:47:10] /t
[18/4/2017 20:34:29] /bc GALERA, EM BREVE (HOJE OU AMANHA) MIGRAREMOS O SERVIDOR PARA UMA MAQUINA MELHOR PARA FICAR MAIS LISO E ACABAR COM O LAG !!!
[18/4/2017 20:34:30] /bc GALERA, EM BREVE (HOJE OU AMANHA) MIGRAREMOS O SERVIDOR PARA UMA MAQUINA MELHOR PARA FICAR MAIS LISO E ACABAR COM O LAG !!!
[18/4/2017 20:34:31] /bc GALERA, EM BREVE (HOJE OU AMANHA) MIGRAREMOS O SERVIDOR PARA UMA MAQUINA MELHOR PARA FICAR MAIS LISO E ACABAR COM O LAG !!!
[18/4/2017 20:34:32] /bc GALERA, EM BREVE (HOJE OU AMANHA) MIGRAREMOS O SERVIDOR PARA UMA MAQUINA MELHOR PARA FICAR MAIS LISO E ACABAR COM O LAG !!!
[18/4/2017 20:34:33] /bc GALERA, EM BREVE (HOJE OU AMANHA) MIGRAREMOS O SERVIDOR PARA UMA MAQUINA MELHOR PARA FICAR MAIS LISO E ACABAR COM O LAG !!!
[18/4/2017 20:34:34] /bc GALERA, EM BREVE (HOJE OU AMANHA) MIGRAREMOS O SERVIDOR PARA UMA MAQUINA MELHOR PARA FICAR MAIS LISO E ACABAR COM O LAG !!!
[18/4/2017 20:34:34] /bc GALERA, EM BREVE (HOJE OU AMANHA) MIGRAREMOS O SERVIDOR PARA UMA MAQUINA MELHOR PARA FICAR MAIS LISO E ACABAR COM O LAG !!!
[18/4/2017 20:34:35] /bc GALERA, EM BREVE (HOJE OU AMANHA) MIGRAREMOS O SERVIDOR PARA UMA MAQUINA MELHOR PARA FICAR MAIS LISO E ACABAR COM O LAG !!!
[18/4/2017 20:34:36] /bc GALERA, EM BREVE (HOJE OU AMANHA) MIGRAREMOS O SERVIDOR PARA UMA MAQUINA MELHOR PARA FICAR MAIS LISO E ACABAR COM O LAG !!!
[18/4/2017 20:34:36] /bc GALERA, EM BREVE (HOJE OU AMANHA) MIGRAREMOS O SERVIDOR PARA UMA MAQUINA MELHOR PARA FICAR MAIS LISO E ACABAR COM O LAG !!!
[18/4/2017 20:34:37] /bc GALERA, EM BREVE (HOJE OU AMANHA) MIGRAREMOS O SERVIDOR PARA UMA MAQUINA MELHOR PARA FICAR MAIS LISO E ACABAR COM O LAG !!!
[18/4/2017 20:34:37] /bc GALERA, EM BREVE (HOJE OU AMANHA) MIGRAREMOS O SERVIDOR PARA UMA MAQUINA MELHOR PARA FICAR MAIS LISO E ACABAR COM O LAG !!!
[18/4/2017 20:34:43] /bc GALERA, EM BREVE (HOJE OU AMANHA) MIGRAREMOS O SERVIDOR PARA UMA MAQUINA MELHOR PARA FICAR MAIS LISO E ACABAR COM O LAG !!!
[18/4/2017 20:34:44] /bc GALERA, EM BREVE (HOJE OU AMANHA) MIGRAREMOS O SERVIDOR PARA UMA MAQUINA MELHOR PARA FICAR MAIS LISO E ACABAR COM O LAG !!!
[18/4/2017 20:34:44] /bc GALERA, EM BREVE (HOJE OU AMANHA) MIGRAREMOS O SERVIDOR PARA UMA MAQUINA MELHOR PARA FICAR MAIS LISO E ACABAR COM O LAG !!!
[18/4/2017 20:34:46] /bc GALERA, EM BREVE (HOJE OU AMANHA) MIGRAREMOS O SERVIDOR PARA UMA MAQUINA MELHOR PARA FICAR MAIS LISO E ACABAR COM O LAG !!!
[18/4/2017 20:34:46] /bc GALERA, EM BREVE (HOJE OU AMANHA) MIGRAREMOS O SERVIDOR PARA UMA MAQUINA MELHOR PARA FICAR MAIS LISO E ACABAR COM O LAG !!!
[18/4/2017 20:34:47] /bc GALERA, EM BREVE (HOJE OU AMANHA) MIGRAREMOS O SERVIDOR PARA UMA MAQUINA MELHOR PARA FICAR MAIS LISO E ACABAR COM O LAG !!!
[18/4/2017 20:34:47] /bc GALERA, EM BREVE (HOJE OU AMANHA) MIGRAREMOS O SERVIDOR PARA UMA MAQUINA MELHOR PARA FICAR MAIS LISO E ACABAR COM O LAG !!!
[18/4/2017 20:34:48] /bc GALERA, EM BREVE (HOJE OU AMANHA) MIGRAREMOS O SERVIDOR PARA UMA MAQUINA MELHOR PARA FICAR MAIS LISO E ACABAR COM O LAG !!!
[18/4/2017 20:34:48] /bc GALERA, EM BREVE (HOJE OU AMANHA) MIGRAREMOS O SERVIDOR PARA UMA MAQUINA MELHOR PARA FICAR MAIS LISO E ACABAR COM O LAG !!!
[18/4/2017 20:34:49] /bc GALERA, EM BREVE (HOJE OU AMANHA) MIGRAREMOS O SERVIDOR PARA UMA MAQUINA MELHOR PARA FICAR MAIS LISO E ACABAR COM O LAG !!!
[18/4/2017 20:34:49] /bc GALERA, EM BREVE (HOJE OU AMANHA) MIGRAREMOS O SERVIDOR PARA UMA MAQUINA MELHOR PARA FICAR MAIS LISO E ACABAR COM O LAG !!!
[18/4/2017 20:34:50] /bc GALERA, EM BREVE (HOJE OU AMANHA) MIGRAREMOS O SERVIDOR PARA UMA MAQUINA MELHOR PARA FICAR MAIS LISO E ACABAR COM O LAG !!!
[18/4/2017 20:34:50] /bc GALERA, EM BREVE (HOJE OU AMANHA) MIGRAREMOS O SERVIDOR PARA UMA MAQUINA MELHOR PARA FICAR MAIS LISO E ACABAR COM O LAG !!!
[18/4/2017 20:34:51] /bc GALERA, EM BREVE (HOJE OU AMANHA) MIGRAREMOS O SERVIDOR PARA UMA MAQUINA MELHOR PARA FICAR MAIS LISO E ACABAR COM O LAG !!!
[18/4/2017 20:34:51] /bc GALERA, EM BREVE (HOJE OU AMANHA) MIGRAREMOS O SERVIDOR PARA UMA MAQUINA MELHOR PARA FICAR MAIS LISO E ACABAR COM O LAG !!!
[18/4/2017 20:34:52] /bc GALERA, EM BREVE (HOJE OU AMANHA) MIGRAREMOS O SERVIDOR PARA UMA MAQUINA MELHOR PARA FICAR MAIS LISO E ACABAR COM O LAG !!!
[18/4/2017 20:34:52] /bc GALERA, EM BREVE (HOJE OU AMANHA) MIGRAREMOS O SERVIDOR PARA UMA MAQUINA MELHOR PARA FICAR MAIS LISO E ACABAR COM O LAG !!!
[18/4/2017 20:34:53] /bc GALERA, EM BREVE (HOJE OU AMANHA) MIGRAREMOS O SERVIDOR PARA UMA MAQUINA MELHOR PARA FICAR MAIS LISO E ACABAR COM O LAG !!!
[18/4/2017 20:34:53] /bc GALERA, EM BREVE (HOJE OU AMANHA) MIGRAREMOS O SERVIDOR PARA UMA MAQUINA MELHOR PARA FICAR MAIS LISO E ACABAR COM O LAG !!!
[18/4/2017 20:34:54] /bc GALERA, EM BREVE (HOJE OU AMANHA) MIGRAREMOS O SERVIDOR PARA UMA MAQUINA MELHOR PARA FICAR MAIS LISO E ACABAR COM O LAG !!!
[18/4/2017 20:38:24] /goto sou rei
[18/4/2017 20:38:42] /promote Sou Rei
[18/4/2017 20:38:43] /promote Sou Rei
[18/4/2017 20:38:44] /promote Sou Rei
[18/4/2017 20:38:45] /promote Sou Rei
[18/4/2017 20:38:45] /promote Sou Rei
[18/4/2017 20:39:38] /goto sou rei
[18/4/2017 21:4:20] /t
[18/4/2017 21:32:30] /bc ESSA MADRUGADA O SERVIDOR VAI SER MIGRADO DE HOST PARA ACABAR COM O LAG !!! SÓ FICARA OFF POR 5 MIN EM TORNO DE 4H DA MADRUGA !!!
[18/4/2017 21:32:31] /bc ESSA MADRUGADA O SERVIDOR VAI SER MIGRADO DE HOST PARA ACABAR COM O LAG !!! SÓ FICARA OFF POR 5 MIN EM TORNO DE 4H DA MADRUGA !!!
[18/4/2017 21:32:32] /bc ESSA MADRUGADA O SERVIDOR VAI SER MIGRADO DE HOST PARA ACABAR COM O LAG !!! SÓ FICARA OFF POR 5 MIN EM TORNO DE 4H DA MADRUGA !!!
[18/4/2017 21:32:32] /bc ESSA MADRUGADA O SERVIDOR VAI SER MIGRADO DE HOST PARA ACABAR COM O LAG !!! SÓ FICARA OFF POR 5 MIN EM TORNO DE 4H DA MADRUGA !!!
[18/4/2017 21:32:33] /bc ESSA MADRUGADA O SERVIDOR VAI SER MIGRADO DE HOST PARA ACABAR COM O LAG !!! SÓ FICARA OFF POR 5 MIN EM TORNO DE 4H DA MADRUGA !!!
[18/4/2017 21:32:33] /bc ESSA MADRUGADA O SERVIDOR VAI SER MIGRADO DE HOST PARA ACABAR COM O LAG !!! SÓ FICARA OFF POR 5 MIN EM TORNO DE 4H DA MADRUGA !!!
[18/4/2017 21:32:34] /bc ESSA MADRUGADA O SERVIDOR VAI SER MIGRADO DE HOST PARA ACABAR COM O LAG !!! SÓ FICARA OFF POR 5 MIN EM TORNO DE 4H DA MADRUGA !!!
[18/4/2017 21:32:34] /bc ESSA MADRUGADA O SERVIDOR VAI SER MIGRADO DE HOST PARA ACABAR COM O LAG !!! SÓ FICARA OFF POR 5 MIN EM TORNO DE 4H DA MADRUGA !!!
[18/4/2017 21:32:35] /bc ESSA MADRUGADA O SERVIDOR VAI SER MIGRADO DE HOST PARA ACABAR COM O LAG !!! SÓ FICARA OFF POR 5 MIN EM TORNO DE 4H DA MADRUGA !!!
[18/4/2017 21:32:39] /bc ESSA MADRUGADA O SERVIDOR VAI SER MIGRADO DE HOST PARA ACABAR COM O LAG !!! SÓ FICARA OFF POR 5 MIN EM TORNO DE 4H DA MADRUGA !!!
[18/4/2017 21:32:40] /bc ESSA MADRUGADA O SERVIDOR VAI SER MIGRADO DE HOST PARA ACABAR COM O LAG !!! SÓ FICARA OFF POR 5 MIN EM TORNO DE 4H DA MADRUGA !!!
[18/4/2017 21:32:40] /bc ESSA MADRUGADA O SERVIDOR VAI SER MIGRADO DE HOST PARA ACABAR COM O LAG !!! SÓ FICARA OFF POR 5 MIN EM TORNO DE 4H DA MADRUGA !!!
[18/4/2017 21:32:43] /bc ESSA MADRUGADA O SERVIDOR VAI SER MIGRADO DE HOST PARA ACABAR COM O LAG !!! SÓ FICARA OFF POR 5 MIN EM TORNO DE 4H DA MADRUGA !!!
[18/4/2017 21:32:44] /bc ESSA MADRUGADA O SERVIDOR VAI SER MIGRADO DE HOST PARA ACABAR COM O LAG !!! SÓ FICARA OFF POR 5 MIN EM TORNO DE 4H DA MADRUGA !!!
[18/4/2017 21:32:45] /bc ESSA MADRUGADA O SERVIDOR VAI SER MIGRADO DE HOST PARA ACABAR COM O LAG !!! SÓ FICARA OFF POR 5 MIN EM TORNO DE 4H DA MADRUGA !!!
[18/4/2017 21:32:45] /bc ESSA MADRUGADA O SERVIDOR VAI SER MIGRADO DE HOST PARA ACABAR COM O LAG !!! SÓ FICARA OFF POR 5 MIN EM TORNO DE 4H DA MADRUGA !!!
[18/4/2017 21:32:46] /bc ESSA MADRUGADA O SERVIDOR VAI SER MIGRADO DE HOST PARA ACABAR COM O LAG !!! SÓ FICARA OFF POR 5 MIN EM TORNO DE 4H DA MADRUGA !!!
[18/4/2017 21:32:46] /bc ESSA MADRUGADA O SERVIDOR VAI SER MIGRADO DE HOST PARA ACABAR COM O LAG !!! SÓ FICARA OFF POR 5 MIN EM TORNO DE 4H DA MADRUGA !!!
[18/4/2017 21:32:47] /bc ESSA MADRUGADA O SERVIDOR VAI SER MIGRADO DE HOST PARA ACABAR COM O LAG !!! SÓ FICARA OFF POR 5 MIN EM TORNO DE 4H DA MADRUGA !!!
[18/4/2017 21:32:48] /bc ESSA MADRUGADA O SERVIDOR VAI SER MIGRADO DE HOST PARA ACABAR COM O LAG !!! SÓ FICARA OFF POR 5 MIN EM TORNO DE 4H DA MADRUGA !!!
[18/4/2017 21:32:48] /bc ESSA MADRUGADA O SERVIDOR VAI SER MIGRADO DE HOST PARA ACABAR COM O LAG !!! SÓ FICARA OFF POR 5 MIN EM TORNO DE 4H DA MADRUGA !!!
[18/4/2017 21:32:49] /bc ESSA MADRUGADA O SERVIDOR VAI SER MIGRADO DE HOST PARA ACABAR COM O LAG !!! SÓ FICARA OFF POR 5 MIN EM TORNO DE 4H DA MADRUGA !!!
[18/4/2017 21:32:50] /bc ESSA MADRUGADA O SERVIDOR VAI SER MIGRADO DE HOST PARA ACABAR COM O LAG !!! SÓ FICARA OFF POR 5 MIN EM TORNO DE 4H DA MADRUGA !!!
[18/4/2017 21:32:50] /bc ESSA MADRUGADA O SERVIDOR VAI SER MIGRADO DE HOST PARA ACABAR COM O LAG !!! SÓ FICARA OFF POR 5 MIN EM TORNO DE 4H DA MADRUGA !!!
[18/4/2017 21:32:52] /bc ESSA MADRUGADA O SERVIDOR VAI SER MIGRADO DE HOST PARA ACABAR COM O LAG !!! SÓ FICARA OFF POR 5 MIN EM TORNO DE 4H DA MADRUGA !!!
[18/4/2017 21:32:53] /bc ESSA MADRUGADA O SERVIDOR VAI SER MIGRADO DE HOST PARA ACABAR COM O LAG !!! SÓ FICARA OFF POR 5 MIN EM TORNO DE 4H DA MADRUGA !!!
[18/4/2017 21:52:4] /t
[18/4/2017 22:3:24] /reload monsters
[18/4/2017 22:9:5] /t
[18/4/2017 23:29:7] /up
[18/4/2017 23:29:15] /t
[19/4/2017 8:47:41] /n riona
[19/4/2017 8:47:43] /t
[19/4/2017 8:56:25] /reload globalevents
[19/4/2017 9:8:39] /reload globalevents
[19/4/2017 9:33:15] /goto kiinho ti paralyza
[19/4/2017 9:44:15] /bc GALERA, O PUSH ESTÁ SENDO ARRUMADO !!! DAQUI ALGUNS MINUTOS ESTARA 100%
[19/4/2017 9:44:16] /bc GALERA, O PUSH ESTÁ SENDO ARRUMADO !!! DAQUI ALGUNS MINUTOS ESTARA 100%
[19/4/2017 9:44:17] /bc GALERA, O PUSH ESTÁ SENDO ARRUMADO !!! DAQUI ALGUNS MINUTOS ESTARA 100%
[19/4/2017 9:44:17] /bc GALERA, O PUSH ESTÁ SENDO ARRUMADO !!! DAQUI ALGUNS MINUTOS ESTARA 100%
[19/4/2017 9:44:19] /bc GALERA, O PUSH ESTÁ SENDO ARRUMADO !!! DAQUI ALGUNS MINUTOS ESTARA 100%
[19/4/2017 9:44:19] /bc GALERA, O PUSH ESTÁ SENDO ARRUMADO !!! DAQUI ALGUNS MINUTOS ESTARA 100%
[19/4/2017 9:44:20] /bc GALERA, O PUSH ESTÁ SENDO ARRUMADO !!! DAQUI ALGUNS MINUTOS ESTARA 100%
[19/4/2017 9:44:20] /bc GALERA, O PUSH ESTÁ SENDO ARRUMADO !!! DAQUI ALGUNS MINUTOS ESTARA 100%
[19/4/2017 9:44:21] /bc GALERA, O PUSH ESTÁ SENDO ARRUMADO !!! DAQUI ALGUNS MINUTOS ESTARA 100%
[19/4/2017 9:44:21] /bc GALERA, O PUSH ESTÁ SENDO ARRUMADO !!! DAQUI ALGUNS MINUTOS ESTARA 100%
[19/4/2017 9:44:22] /bc GALERA, O PUSH ESTÁ SENDO ARRUMADO !!! DAQUI ALGUNS MINUTOS ESTARA 100%
[19/4/2017 9:44:22] /bc GALERA, O PUSH ESTÁ SENDO ARRUMADO !!! DAQUI ALGUNS MINUTOS ESTARA 100%
[19/4/2017 9:49:18] /save
[19/4/2017 10:9:41] /a 2
[19/4/2017 10:10:28] /c apollo
[19/4/2017 10:11:43] /t
[19/4/2017 10:28:28] /goto apollo
[19/4/2017 10:29:29] /t
[19/4/2017 10:36:10] /bc QUER SABER COMO AJUDAR A ACABAR COM O LAG? LEIA A NEWS QUE POSTEI NO SITE AGORA !!! ( EM BAIXO DO LOGO DAS GUILDS)
[19/4/2017 10:36:11] /bc QUER SABER COMO AJUDAR A ACABAR COM O LAG? LEIA A NEWS QUE POSTEI NO SITE AGORA !!! ( EM BAIXO DO LOGO DAS GUILDS)
[19/4/2017 10:36:12] /bc QUER SABER COMO AJUDAR A ACABAR COM O LAG? LEIA A NEWS QUE POSTEI NO SITE AGORA !!! ( EM BAIXO DO LOGO DAS GUILDS)
[19/4/2017 10:36:12] /bc QUER SABER COMO AJUDAR A ACABAR COM O LAG? LEIA A NEWS QUE POSTEI NO SITE AGORA !!! ( EM BAIXO DO LOGO DAS GUILDS)
[19/4/2017 10:36:13] /bc QUER SABER COMO AJUDAR A ACABAR COM O LAG? LEIA A NEWS QUE POSTEI NO SITE AGORA !!! ( EM BAIXO DO LOGO DAS GUILDS)
[19/4/2017 10:36:13] /bc QUER SABER COMO AJUDAR A ACABAR COM O LAG? LEIA A NEWS QUE POSTEI NO SITE AGORA !!! ( EM BAIXO DO LOGO DAS GUILDS)
[19/4/2017 10:36:14] /bc QUER SABER COMO AJUDAR A ACABAR COM O LAG? LEIA A NEWS QUE POSTEI NO SITE AGORA !!! ( EM BAIXO DO LOGO DAS GUILDS)
[19/4/2017 10:36:14] /bc QUER SABER COMO AJUDAR A ACABAR COM O LAG? LEIA A NEWS QUE POSTEI NO SITE AGORA !!! ( EM BAIXO DO LOGO DAS GUILDS)
[19/4/2017 10:36:15] /bc QUER SABER COMO AJUDAR A ACABAR COM O LAG? LEIA A NEWS QUE POSTEI NO SITE AGORA !!! ( EM BAIXO DO LOGO DAS GUILDS)
[19/4/2017 10:36:15] /bc QUER SABER COMO AJUDAR A ACABAR COM O LAG? LEIA A NEWS QUE POSTEI NO SITE AGORA !!! ( EM BAIXO DO LOGO DAS GUILDS)
[19/4/2017 10:36:16] /bc QUER SABER COMO AJUDAR A ACABAR COM O LAG? LEIA A NEWS QUE POSTEI NO SITE AGORA !!! ( EM BAIXO DO LOGO DAS GUILDS)
[19/4/2017 10:36:16] /bc QUER SABER COMO AJUDAR A ACABAR COM O LAG? LEIA A NEWS QUE POSTEI NO SITE AGORA !!! ( EM BAIXO DO LOGO DAS GUILDS)
[19/4/2017 10:36:16] /bc QUER SABER COMO AJUDAR A ACABAR COM O LAG? LEIA A NEWS QUE POSTEI NO SITE AGORA !!! ( EM BAIXO DO LOGO DAS GUILDS)
[19/4/2017 10:36:17] /bc QUER SABER COMO AJUDAR A ACABAR COM O LAG? LEIA A NEWS QUE POSTEI NO SITE AGORA !!! ( EM BAIXO DO LOGO DAS GUILDS)
[19/4/2017 10:36:17] /bc QUER SABER COMO AJUDAR A ACABAR COM O LAG? LEIA A NEWS QUE POSTEI NO SITE AGORA !!! ( EM BAIXO DO LOGO DAS GUILDS)
[19/4/2017 10:36:18] /bc QUER SABER COMO AJUDAR A ACABAR COM O LAG? LEIA A NEWS QUE POSTEI NO SITE AGORA !!! ( EM BAIXO DO LOGO DAS GUILDS)
[19/4/2017 10:36:18] /bc QUER SABER COMO AJUDAR A ACABAR COM O LAG? LEIA A NEWS QUE POSTEI NO SITE AGORA !!! ( EM BAIXO DO LOGO DAS GUILDS)
[19/4/2017 10:36:19] /bc QUER SABER COMO AJUDAR A ACABAR COM O LAG? LEIA A NEWS QUE POSTEI NO SITE AGORA !!! ( EM BAIXO DO LOGO DAS GUILDS)
[19/4/2017 10:36:19] /bc QUER SABER COMO AJUDAR A ACABAR COM O LAG? LEIA A NEWS QUE POSTEI NO SITE AGORA !!! ( EM BAIXO DO LOGO DAS GUILDS)
[19/4/2017 10:36:19] /bc QUER SABER COMO AJUDAR A ACABAR COM O LAG? LEIA A NEWS QUE POSTEI NO SITE AGORA !!! ( EM BAIXO DO LOGO DAS GUILDS)
[19/4/2017 10:36:20] /bc QUER SABER COMO AJUDAR A ACABAR COM O LAG? LEIA A NEWS QUE POSTEI NO SITE AGORA !!! ( EM BAIXO DO LOGO DAS GUILDS)
[19/4/2017 10:36:44] /bc PEÇO QUE TODOS LEIAM A NEWS QUE ACABEI DE POSTAR NO SITE DO SERVER ( ABAIXO DO LOGO DAS MELHORES GUILDS)
[19/4/2017 10:36:46] /bc PEÇO QUE TODOS LEIAM A NEWS QUE ACABEI DE POSTAR NO SITE DO SERVER ( ABAIXO DO LOGO DAS MELHORES GUILDS)
[19/4/2017 10:36:46] /bc PEÇO QUE TODOS LEIAM A NEWS QUE ACABEI DE POSTAR NO SITE DO SERVER ( ABAIXO DO LOGO DAS MELHORES GUILDS)
[19/4/2017 10:36:47] /bc PEÇO QUE TODOS LEIAM A NEWS QUE ACABEI DE POSTAR NO SITE DO SERVER ( ABAIXO DO LOGO DAS MELHORES GUILDS)
[19/4/2017 10:36:48] /bc PEÇO QUE TODOS LEIAM A NEWS QUE ACABEI DE POSTAR NO SITE DO SERVER ( ABAIXO DO LOGO DAS MELHORES GUILDS)
[19/4/2017 10:36:48] /bc PEÇO QUE TODOS LEIAM A NEWS QUE ACABEI DE POSTAR NO SITE DO SERVER ( ABAIXO DO LOGO DAS MELHORES GUILDS)
[19/4/2017 10:36:49] /bc PEÇO QUE TODOS LEIAM A NEWS QUE ACABEI DE POSTAR NO SITE DO SERVER ( ABAIXO DO LOGO DAS MELHORES GUILDS)
[19/4/2017 10:36:49] /bc PEÇO QUE TODOS LEIAM A NEWS QUE ACABEI DE POSTAR NO SITE DO SERVER ( ABAIXO DO LOGO DAS MELHORES GUILDS)
[19/4/2017 10:36:49] /bc PEÇO QUE TODOS LEIAM A NEWS QUE ACABEI DE POSTAR NO SITE DO SERVER ( ABAIXO DO LOGO DAS MELHORES GUILDS)
[19/4/2017 10:36:50] /bc PEÇO QUE TODOS LEIAM A NEWS QUE ACABEI DE POSTAR NO SITE DO SERVER ( ABAIXO DO LOGO DAS MELHORES GUILDS)
[19/4/2017 10:36:50] /bc PEÇO QUE TODOS LEIAM A NEWS QUE ACABEI DE POSTAR NO SITE DO SERVER ( ABAIXO DO LOGO DAS MELHORES GUILDS)
[19/4/2017 10:36:51] /bc PEÇO QUE TODOS LEIAM A NEWS QUE ACABEI DE POSTAR NO SITE DO SERVER ( ABAIXO DO LOGO DAS MELHORES GUILDS)
[19/4/2017 10:36:51] /bc PEÇO QUE TODOS LEIAM A NEWS QUE ACABEI DE POSTAR NO SITE DO SERVER ( ABAIXO DO LOGO DAS MELHORES GUILDS)
[19/4/2017 10:36:51] /bc PEÇO QUE TODOS LEIAM A NEWS QUE ACABEI DE POSTAR NO SITE DO SERVER ( ABAIXO DO LOGO DAS MELHORES GUILDS)
[19/4/2017 10:36:52] /bc PEÇO QUE TODOS LEIAM A NEWS QUE ACABEI DE POSTAR NO SITE DO SERVER ( ABAIXO DO LOGO DAS MELHORES GUILDS)
[19/4/2017 10:36:52] /bc PEÇO QUE TODOS LEIAM A NEWS QUE ACABEI DE POSTAR NO SITE DO SERVER ( ABAIXO DO LOGO DAS MELHORES GUILDS)
[19/4/2017 10:36:54] /bc PEÇO QUE TODOS LEIAM A NEWS QUE ACABEI DE POSTAR NO SITE DO SERVER ( ABAIXO DO LOGO DAS MELHORES GUILDS)
[19/4/2017 10:36:54] /bc PEÇO QUE TODOS LEIAM A NEWS QUE ACABEI DE POSTAR NO SITE DO SERVER ( ABAIXO DO LOGO DAS MELHORES GUILDS)
[19/4/2017 10:36:55] /bc PEÇO QUE TODOS LEIAM A NEWS QUE ACABEI DE POSTAR NO SITE DO SERVER ( ABAIXO DO LOGO DAS MELHORES GUILDS)
[19/4/2017 10:36:56] /bc QUER SABER COMO AJUDAR A ACABAR COM O LAG? LEIA A NEWS QUE POSTEI NO SITE AGORA !!! ( EM BAIXO DO LOGO DAS GUILDS)
[19/4/2017 10:36:56] /bc QUER SABER COMO AJUDAR A ACABAR COM O LAG? LEIA A NEWS QUE POSTEI NO SITE AGORA !!! ( EM BAIXO DO LOGO DAS GUILDS)
[19/4/2017 10:36:57] /bc QUER SABER COMO AJUDAR A ACABAR COM O LAG? LEIA A NEWS QUE POSTEI NO SITE AGORA !!! ( EM BAIXO DO LOGO DAS GUILDS)
[19/4/2017 10:36:57] /bc PEÇO QUE TODOS LEIAM A NEWS QUE ACABEI DE POSTAR NO SITE DO SERVER ( ABAIXO DO LOGO DAS MELHORES GUILDS)
[19/4/2017 10:36:58] /bc PEÇO QUE TODOS LEIAM A NEWS QUE ACABEI DE POSTAR NO SITE DO SERVER ( ABAIXO DO LOGO DAS MELHORES GUILDS)
[19/4/2017 10:36:58] /bc PEÇO QUE TODOS LEIAM A NEWS QUE ACABEI DE POSTAR NO SITE DO SERVER ( ABAIXO DO LOGO DAS MELHORES GUILDS)
[19/4/2017 10:36:59] /bc QUER SABER COMO AJUDAR A ACABAR COM O LAG? LEIA A NEWS QUE POSTEI NO SITE AGORA !!! ( EM BAIXO DO LOGO DAS GUILDS)
[19/4/2017 10:36:59] /bc QUER SABER COMO AJUDAR A ACABAR COM O LAG? LEIA A NEWS QUE POSTEI NO SITE AGORA !!! ( EM BAIXO DO LOGO DAS GUILDS)
[19/4/2017 10:37:0] /bc QUER SABER COMO AJUDAR A ACABAR COM O LAG? LEIA A NEWS QUE POSTEI NO SITE AGORA !!! ( EM BAIXO DO LOGO DAS GUILDS)
[19/4/2017 10:37:0] /bc PEÇO QUE TODOS LEIAM A NEWS QUE ACABEI DE POSTAR NO SITE DO SERVER ( ABAIXO DO LOGO DAS MELHORES GUILDS)
[19/4/2017 10:37:1] /bc PEÇO QUE TODOS LEIAM A NEWS QUE ACABEI DE POSTAR NO SITE DO SERVER ( ABAIXO DO LOGO DAS MELHORES GUILDS)
[19/4/2017 10:37:1] /bc PEÇO QUE TODOS LEIAM A NEWS QUE ACABEI DE POSTAR NO SITE DO SERVER ( ABAIXO DO LOGO DAS MELHORES GUILDS)
[19/4/2017 10:37:2] /bc PEÇO QUE TODOS LEIAM A NEWS QUE ACABEI DE POSTAR NO SITE DO SERVER ( ABAIXO DO LOGO DAS MELHORES GUILDS)
[19/4/2017 10:37:2] /bc PEÇO QUE TODOS LEIAM A NEWS QUE ACABEI DE POSTAR NO SITE DO SERVER ( ABAIXO DO LOGO DAS MELHORES GUILDS)
[19/4/2017 10:37:3] /bc PEÇO QUE TODOS LEIAM A NEWS QUE ACABEI DE POSTAR NO SITE DO SERVER ( ABAIXO DO LOGO DAS MELHORES GUILDS)
[19/4/2017 10:37:3] /bc PEÇO QUE TODOS LEIAM A NEWS QUE ACABEI DE POSTAR NO SITE DO SERVER ( ABAIXO DO LOGO DAS MELHORES GUILDS)
[19/4/2017 10:37:4] /bc PEÇO QUE TODOS LEIAM A NEWS QUE ACABEI DE POSTAR NO SITE DO SERVER ( ABAIXO DO LOGO DAS MELHORES GUILDS)
[19/4/2017 10:37:4] /bc PEÇO QUE TODOS LEIAM A NEWS QUE ACABEI DE POSTAR NO SITE DO SERVER ( ABAIXO DO LOGO DAS MELHORES GUILDS)
[19/4/2017 10:37:5] /bc PEÇO QUE TODOS LEIAM A NEWS QUE ACABEI DE POSTAR NO SITE DO SERVER ( ABAIXO DO LOGO DAS MELHORES GUILDS)
[19/4/2017 10:37:5] /bc PEÇO QUE TODOS LEIAM A NEWS QUE ACABEI DE POSTAR NO SITE DO SERVER ( ABAIXO DO LOGO DAS MELHORES GUILDS)
[19/4/2017 11:22:27] /r
[19/4/2017 11:22:30] /r
[19/4/2017 11:28:5] /t
[19/4/2017 11:44:37] /i new pally bow
[19/4/2017 11:44:43] /goto daaado
[19/4/2017 11:45:7] /t
[19/4/2017 12:2:22] /t
[19/4/2017 13:47:0] /t
[19/4/2017 14:21:4] /goto daaado
[19/4/2017 14:21:25] /t
[19/4/2017 15:57:30] /t
[19/4/2017 16:32:5] /i newm age staff
[19/4/2017 16:32:9] /goto apollo
[19/4/2017 16:32:18] /i new mage staff
[19/4/2017 16:34:11] /t
[19/4/2017 16:36:53] /i stamina potion
[19/4/2017 16:36:56] /goto apollo
[19/4/2017 16:37:33] /t
