[6/2/2017 13:0:37] /closeserver
[6/2/2017 13:1:11] /a 2
[6/2/2017 13:1:15] /i 12195
[6/2/2017 13:1:17] /t
[6/2/2017 13:8:50] /openserver
[6/2/2017 13:41:21] /goto dani vip
[6/2/2017 13:41:28] /goto Killador Eyas
[6/2/2017 13:41:47] /a 2
[6/2/2017 13:41:50] /owner nobody
[6/2/2017 13:41:54] /a 4
[6/2/2017 13:41:56] /t
[6/2/2017 13:48:51] /goto Killador Eyas
[6/2/2017 13:48:54] /t
[6/2/2017 14:29:45] /promote tutor
[6/2/2017 14:29:47] /promote tutor
[6/2/2017 15:28:17] /bc CHAMEM SEUS AMIGOS PARA O SERVIDOR!! EM BREVE ESTARÁ LOTADO.!
[6/2/2017 15:28:18] /bc CHAMEM SEUS AMIGOS PARA O SERVIDOR!! EM BREVE ESTARÁ LOTADO.!
[6/2/2017 15:28:19] /bc CHAMEM SEUS AMIGOS PARA O SERVIDOR!! EM BREVE ESTARÁ LOTADO.!
[6/2/2017 15:28:19] /bc CHAMEM SEUS AMIGOS PARA O SERVIDOR!! EM BREVE ESTARÁ LOTADO.!
[6/2/2017 15:28:20] /bc CHAMEM SEUS AMIGOS PARA O SERVIDOR!! EM BREVE ESTARÁ LOTADO.!
[6/2/2017 15:28:21] /bc CHAMEM SEUS AMIGOS PARA O SERVIDOR!! EM BREVE ESTARÁ LOTADO.!
[6/2/2017 15:28:21] /bc CHAMEM SEUS AMIGOS PARA O SERVIDOR!! EM BREVE ESTARÁ LOTADO.!
[6/2/2017 21:29:42] /owner nobody
[7/2/2017 7:7:3] /bc CHAMEM SEUS AMIGOS PARA O SERVIDOR!!!
[7/2/2017 7:7:4] /bc CHAMEM SEUS AMIGOS PARA O SERVIDOR!!!
[7/2/2017 7:7:4] /bc CHAMEM SEUS AMIGOS PARA O SERVIDOR!!!
[7/2/2017 7:7:6] /bc CHAMEM SEUS AMIGOS PARA O SERVIDOR!!!
[7/2/2017 7:7:7] /bc CHAMEM SEUS AMIGOS PARA O SERVIDOR!!!
[7/2/2017 7:7:7] /bc CHAMEM SEUS AMIGOS PARA O SERVIDOR!!!
[7/2/2017 7:7:8] /bc CHAMEM SEUS AMIGOS PARA O SERVIDOR!!!
[7/2/2017 7:7:8] /bc CHAMEM SEUS AMIGOS PARA O SERVIDOR!!!
[8/2/2017 7:48:32] /goto elite platanil
[8/2/2017 7:48:58] /t
[8/2/2017 8:15:53] /ghost
[8/2/2017 8:16:34] /ghost
[8/2/2017 9:3:13] /goto voz da verdade
[8/2/2017 9:5:18] /t
[8/2/2017 9:28:46] /t
[8/2/2017 9:29:32] /a 2
[8/2/2017 9:29:34] /owner Killer Root
[8/2/2017 9:29:37] /c Killer Root
[8/2/2017 9:31:31] /t
[8/2/2017 11:3:1] /goto fixxy
[8/2/2017 11:3:14] /goto Fixxy
[8/2/2017 11:3:18] /goto Fixxy
[8/2/2017 11:3:22] /goto Fixxy
[8/2/2017 11:3:24] /goto Fixxy
[8/2/2017 11:3:25] /goto Fixxy
[8/2/2017 11:3:38] /goto Fixxy
[8/2/2017 11:3:41] /t
[8/2/2017 11:20:14] /bc CHAMEM SEUS AMIGOS PARA O SERVER!!!
[8/2/2017 11:20:16] /bc CHAMEM SEUS AMIGOS PARA O SERVER!!!
[8/2/2017 11:20:17] /bc CHAMEM SEUS AMIGOS PARA O SERVER!!!
[8/2/2017 11:20:17] /bc CHAMEM SEUS AMIGOS PARA O SERVER!!!
[8/2/2017 11:20:18] /bc CHAMEM SEUS AMIGOS PARA O SERVER!!!
[8/2/2017 11:20:18] /bc CHAMEM SEUS AMIGOS PARA O SERVER!!!
[8/2/2017 11:20:19] /bc CHAMEM SEUS AMIGOS PARA O SERVER!!!
[8/2/2017 11:20:20] /bc CHAMEM SEUS AMIGOS PARA O SERVER!!!
[8/2/2017 11:20:20] /bc CHAMEM SEUS AMIGOS PARA O SERVER!!!
[8/2/2017 11:20:21] /bc CHAMEM SEUS AMIGOS PARA O SERVER!!!
[8/2/2017 11:20:22] /bc CHAMEM SEUS AMIGOS PARA O SERVER!!!
[8/2/2017 11:20:23] /bc CHAMEM SEUS AMIGOS PARA O SERVER!!!
[8/2/2017 11:20:23] /bc CHAMEM SEUS AMIGOS PARA O SERVER!!!
[8/2/2017 11:20:23] /bc CHAMEM SEUS AMIGOS PARA O SERVER!!!
[8/2/2017 11:20:24] /bc CHAMEM SEUS AMIGOS PARA O SERVER!!!
[8/2/2017 11:20:24] /bc CHAMEM SEUS AMIGOS PARA O SERVER!!!
[8/2/2017 11:20:25] /bc CHAMEM SEUS AMIGOS PARA O SERVER!!!
[8/2/2017 11:20:25] /bc CHAMEM SEUS AMIGOS PARA O SERVER!!!
[8/2/2017 11:20:26] /bc CHAMEM SEUS AMIGOS PARA O SERVER!!!
[8/2/2017 11:20:27] /bc CHAMEM SEUS AMIGOS PARA O SERVER!!!
[8/2/2017 11:20:27] /bc CHAMEM SEUS AMIGOS PARA O SERVER!!!
[8/2/2017 11:20:28] /bc CHAMEM SEUS AMIGOS PARA O SERVER!!!
[8/2/2017 11:20:28] /bc CHAMEM SEUS AMIGOS PARA O SERVER!!!
[8/2/2017 11:25:2] /i cave exclusiva
[8/2/2017 11:25:5] /i cave exclusiva
[8/2/2017 11:25:12] /goto fixxy
[8/2/2017 11:25:26] /c fixxy
[8/2/2017 11:25:47] /t
[8/2/2017 11:34:48] /t
[8/2/2017 11:54:2] /i 2157
[8/2/2017 11:54:13] /goto Paralyze in china
[8/2/2017 11:54:44] /i letter
[8/2/2017 11:55:8] /goto Paralyze in china
[8/2/2017 11:55:20] /c Paralyze in china
[8/2/2017 12:52:12] /goto medley
[8/2/2017 12:52:14] /t
[8/2/2017 19:51:4] /up
[8/2/2017 19:51:7] /up
[8/2/2017 19:51:8] /up
[8/2/2017 19:51:15] /i 3152
[8/2/2017 19:51:17] /i 3152
[8/2/2017 19:51:20] /i 3152
[8/2/2017 19:51:25] /i 3152
[8/2/2017 19:51:27] /i 3152
[8/2/2017 19:51:30] /i 3152
[8/2/2017 19:51:32] /i 3152
[8/2/2017 19:51:34] /i 3152
[8/2/2017 19:51:36] /i 3152
[8/2/2017 19:51:40] /i 3152
[8/2/2017 19:51:43] /i 3152
[8/2/2017 19:51:45] /i 3152
[8/2/2017 19:51:47] /i 3152
[8/2/2017 19:51:58] /i 9146
[8/2/2017 19:52:0] /i 9146
[8/2/2017 19:52:2] /i 9146
[8/2/2017 19:52:3] /i 9146
[8/2/2017 19:52:5] /i 9146
[8/2/2017 19:52:8] /i 9146
[8/2/2017 19:52:9] /i 9146
[8/2/2017 19:52:11] /i 9146
[8/2/2017 19:52:13] /i 9146
[8/2/2017 19:52:15] /i 9146
[8/2/2017 19:52:16] /i 9146
[8/2/2017 19:52:18] /i 9146
[8/2/2017 19:52:22] /t
[8/2/2017 20:40:36] /t
[8/2/2017 20:52:27] /bc DAQUI A POUCO VOU REINICIAR O OT PARA ATUALIZAÇÃO DO TEMPLO !!!
[8/2/2017 20:52:30] /bc DAQUI A POUCO VOU REINICIAR O OT PARA ATUALIZAÇÃO DO TEMPLO !!!
[8/2/2017 20:52:31] /bc DAQUI A POUCO VOU REINICIAR O OT PARA ATUALIZAÇÃO DO TEMPLO !!!
[8/2/2017 20:52:31] /bc DAQUI A POUCO VOU REINICIAR O OT PARA ATUALIZAÇÃO DO TEMPLO !!!
[8/2/2017 21:17:26] /save
[8/2/2017 21:17:36] /b DAQUI 3 MINUTOS VOU REINICIAR O SERVIDOR RAPIDINHO !!!
[8/2/2017 21:17:39] /b DAQUI 3 MINUTOS VOU REINICIAR O SERVIDOR RAPIDINHO !!!
[8/2/2017 21:17:40] /b DAQUI 3 MINUTOS VOU REINICIAR O SERVIDOR RAPIDINHO !!!
[8/2/2017 21:17:41] /b DAQUI 3 MINUTOS VOU REINICIAR O SERVIDOR RAPIDINHO !!!
[8/2/2017 21:17:42] /b DAQUI 3 MINUTOS VOU REINICIAR O SERVIDOR RAPIDINHO !!!
[8/2/2017 21:17:43] /b DAQUI 3 MINUTOS VOU REINICIAR O SERVIDOR RAPIDINHO !!!
[8/2/2017 21:17:43] /b DAQUI 3 MINUTOS VOU REINICIAR O SERVIDOR RAPIDINHO !!!
[8/2/2017 21:17:44] /b DAQUI 3 MINUTOS VOU REINICIAR O SERVIDOR RAPIDINHO !!!
[8/2/2017 21:17:45] /b DAQUI 3 MINUTOS VOU REINICIAR O SERVIDOR RAPIDINHO !!!
[8/2/2017 21:21:20] /t
[8/2/2017 21:30:40] /save
[8/2/2017 21:30:53] /bc Vou reiniciar o server agora !!! é RAPIDINHOOO!!
[8/2/2017 21:30:57] /bc Vou reiniciar o server agora !!! é RAPIDINHOOO!!
[8/2/2017 21:30:58] /bc Vou reiniciar o server agora !!! é RAPIDINHOOO!!
[8/2/2017 21:30:59] /bc Vou reiniciar o server agora !!! é RAPIDINHOOO!!
[8/2/2017 21:31:1] /bc Vou reiniciar o server agora !!! é RAPIDINHOOO!!
[8/2/2017 21:31:1] /bc Vou reiniciar o server agora !!! é RAPIDINHOOO!!
[8/2/2017 21:31:2] /bc Vou reiniciar o server agora !!! é RAPIDINHOOO!!
[8/2/2017 21:31:2] /bc Vou reiniciar o server agora !!! é RAPIDINHOOO!!
[8/2/2017 21:31:3] /bc Vou reiniciar o server agora !!! é RAPIDINHOOO!!
[8/2/2017 21:31:3] /bc Vou reiniciar o server agora !!! é RAPIDINHOOO!!
[8/2/2017 21:31:4] /bc Vou reiniciar o server agora !!! é RAPIDINHOOO!!
[8/2/2017 21:31:5] /bc Vou reiniciar o server agora !!! é RAPIDINHOOO!!
[8/2/2017 21:31:5] /bc Vou reiniciar o server agora !!! é RAPIDINHOOO!!
[8/2/2017 21:31:6] /bc Vou reiniciar o server agora !!! é RAPIDINHOOO!!
[8/2/2017 21:31:6] /bc Vou reiniciar o server agora !!! é RAPIDINHOOO!!
[8/2/2017 21:31:7] /bc Vou reiniciar o server agora !!! é RAPIDINHOOO!!
[8/2/2017 21:31:19] /shutdown
[9/2/2017 8:38:19] /goto Vuvuzela Africana
[9/2/2017 8:38:34] /t
[9/2/2017 9:28:36] /t
[9/2/2017 9:34:15] /promote Shock
[9/2/2017 9:34:17] /promote Shock
[9/2/2017 9:34:18] /promote Shock
[9/2/2017 9:34:20] /promote Shock
[9/2/2017 9:39:28] /i letter
[9/2/2017 9:40:7] /goto Vuvuzela Koreana
[9/2/2017 9:40:46] /t
[9/2/2017 11:24:3] /t Princesa Juh
[9/2/2017 12:20:52] /goto Vuvuzela Africana
[9/2/2017 12:21:3] /t
[9/2/2017 12:38:26] /goto Vuvuzela Africana
[9/2/2017 12:38:49] /t
