[5/6/2017 13:17:1] /closeserver
[5/6/2017 13:17:5] /t
[5/6/2017 13:26:52] /openserver
[5/6/2017 13:27:2] /closeserver
[5/6/2017 13:49:14] /closeserver
[5/6/2017 13:49:27] /t
[5/6/2017 13:51:0] /openserver
[5/6/2017 13:51:31] /closeserver
[5/6/2017 14:9:52] /save
[5/6/2017 15:10:17] /openserver
[5/6/2017 15:10:59] /closeserver
[5/6/2017 15:21:49] /reload globalevents
[5/6/2017 15:27:15] /openserver
[5/6/2017 15:27:31] /reload globalevents
[5/6/2017 15:27:58] /c Medley
[5/6/2017 15:28:0] /c Medley
[5/6/2017 15:28:0] /c Medley
[5/6/2017 15:28:0] /c Medley
[5/6/2017 15:28:1] /c Medley
[5/6/2017 15:28:1] /c Medley
[5/6/2017 15:28:2] /c Medley
[5/6/2017 15:28:4] /c Medley
[5/6/2017 15:28:4] /c Medley
[5/6/2017 15:28:4] /c Medley
[5/6/2017 15:28:7] /c rubim
[5/6/2017 15:28:11] /promote rubim
[5/6/2017 15:28:12] /promote rubim
[5/6/2017 15:28:13] /promote rubim
[5/6/2017 15:28:13] /promote rubim
[5/6/2017 15:28:14] /promote rubim
[5/6/2017 15:28:15] /promote rubim
[5/6/2017 15:28:23] /closeserver
[5/6/2017 15:29:8] /reload globalevents
[5/6/2017 15:30:53] /openserver
[5/6/2017 15:31:15] /ghost
[5/6/2017 15:31:58] /reload globalevents
[5/6/2017 15:33:18] /closeserver
[5/6/2017 15:35:6] /openserver
[5/6/2017 15:37:3] /goto super pai
[5/6/2017 15:37:38] /goto rubim
[5/6/2017 15:41:38] /goto lucaz
[5/6/2017 15:45:49] /goto lucaz
[5/6/2017 16:16:53] /promote Clayverson
[5/6/2017 16:16:53] /promote Clayverson
[5/6/2017 16:16:54] /promote Clayverson
[5/6/2017 16:16:55] /promote Clayverson
[5/6/2017 16:16:55] /promote Clayverson
[5/6/2017 16:24:47] /i backpack
[5/6/2017 16:24:52] /i cave exclusiva
[5/6/2017 16:24:54] /goto lucaz
[5/6/2017 16:25:29] /i cave exclusiva
[5/6/2017 16:25:41] /t
[5/6/2017 16:32:59] /goto paulove
[5/6/2017 16:33:4] /t
[5/6/2017 16:43:52] /goto Lucaz
[5/6/2017 16:44:49] /t
[5/6/2017 16:54:57] /t
[5/6/2017 17:14:10] /goto expert
[5/6/2017 17:14:19] /goto thunder foz
[5/6/2017 17:14:22] /goto thunder fox
[5/6/2017 17:15:25] /goto lucaz
[5/6/2017 17:15:35] /goto darnt
[5/6/2017 17:15:49] /t
[5/6/2017 17:44:18] /goto Lucaz
[5/6/2017 17:44:44] /t
[5/6/2017 17:45:40] /a 2
[5/6/2017 17:45:44] /c lucaz
[5/6/2017 17:45:46] /t
[5/6/2017 17:47:50] /bc Galera !!! o ot foi lançado agorinha mesmo e ja temos bastante gente on !!! Vai ser sucesso. 17:47 Uptime: 2 hours and 12 minutes.
[5/6/2017 17:47:52] /bc Galera !!! o ot foi lançado agorinha mesmo e ja temos bastante gente on !!! Vai ser sucesso. 17:47 Uptime: 2 hours and 12 minutes.
[5/6/2017 17:47:52] /bc Galera !!! o ot foi lançado agorinha mesmo e ja temos bastante gente on !!! Vai ser sucesso. 17:47 Uptime: 2 hours and 12 minutes.
[5/6/2017 17:47:53] /bc Galera !!! o ot foi lançado agorinha mesmo e ja temos bastante gente on !!! Vai ser sucesso. 17:47 Uptime: 2 hours and 12 minutes.
[5/6/2017 17:47:54] /bc Galera !!! o ot foi lançado agorinha mesmo e ja temos bastante gente on !!! Vai ser sucesso. 17:47 Uptime: 2 hours and 12 minutes.
[5/6/2017 17:47:54] /bc Galera !!! o ot foi lançado agorinha mesmo e ja temos bastante gente on !!! Vai ser sucesso. 17:47 Uptime: 2 hours and 12 minutes.
[5/6/2017 17:47:54] /bc Galera !!! o ot foi lançado agorinha mesmo e ja temos bastante gente on !!! Vai ser sucesso. 17:47 Uptime: 2 hours and 12 minutes.
[5/6/2017 17:47:55] /bc Galera !!! o ot foi lançado agorinha mesmo e ja temos bastante gente on !!! Vai ser sucesso. 17:47 Uptime: 2 hours and 12 minutes.
[5/6/2017 17:48:7] /bc Galera !!! o ot foi lançado agorinha mesmo e ja temos bastante gente on !!! Vai ser sucesso. 17:47 Uptime: 2 hours and 12 minutes.
[5/6/2017 17:48:8] /bc Galera !!! o ot foi lançado agorinha mesmo e ja temos bastante gente on !!! Vai ser sucesso. 17:47 Uptime: 2 hours and 12 minutes.
[5/6/2017 17:48:8] /bc Galera !!! o ot foi lançado agorinha mesmo e ja temos bastante gente on !!! Vai ser sucesso. 17:47 Uptime: 2 hours and 12 minutes.
[5/6/2017 17:48:9] /bc Galera !!! o ot foi lançado agorinha mesmo e ja temos bastante gente on !!! Vai ser sucesso. 17:47 Uptime: 2 hours and 12 minutes.
[5/6/2017 17:48:10] /bc Galera !!! o ot foi lançado agorinha mesmo e ja temos bastante gente on !!! Vai ser sucesso. 17:47 Uptime: 2 hours and 12 minutes.
[5/6/2017 17:48:10] /bc Galera !!! o ot foi lançado agorinha mesmo e ja temos bastante gente on !!! Vai ser sucesso. 17:47 Uptime: 2 hours and 12 minutes.
[5/6/2017 17:48:11] /bc Galera !!! o ot foi lançado agorinha mesmo e ja temos bastante gente on !!! Vai ser sucesso. 17:47 Uptime: 2 hours and 12 minutes.
[5/6/2017 17:48:11] /bc Galera !!! o ot foi lançado agorinha mesmo e ja temos bastante gente on !!! Vai ser sucesso. 17:47 Uptime: 2 hours and 12 minutes.
[5/6/2017 17:48:12] /bc Galera !!! o ot foi lançado agorinha mesmo e ja temos bastante gente on !!! Vai ser sucesso. 17:47 Uptime: 2 hours and 12 minutes.
[5/6/2017 17:48:13] /bc Galera !!! o ot foi lançado agorinha mesmo e ja temos bastante gente on !!! Vai ser sucesso. 17:47 Uptime: 2 hours and 12 minutes.
[5/6/2017 17:48:13] /bc Galera !!! o ot foi lançado agorinha mesmo e ja temos bastante gente on !!! Vai ser sucesso. 17:47 Uptime: 2 hours and 12 minutes.
[5/6/2017 17:48:13] /bc Galera !!! o ot foi lançado agorinha mesmo e ja temos bastante gente on !!! Vai ser sucesso. 17:47 Uptime: 2 hours and 12 minutes.
[5/6/2017 17:48:13] /bc Galera !!! o ot foi lançado agorinha mesmo e ja temos bastante gente on !!! Vai ser sucesso. 17:47 Uptime: 2 hours and 12 minutes.
[5/6/2017 17:48:14] /bc Galera !!! o ot foi lançado agorinha mesmo e ja temos bastante gente on !!! Vai ser sucesso. 17:47 Uptime: 2 hours and 12 minutes.
[5/6/2017 17:48:14] /bc Galera !!! o ot foi lançado agorinha mesmo e ja temos bastante gente on !!! Vai ser sucesso. 17:47 Uptime: 2 hours and 12 minutes.
[5/6/2017 17:48:14] /bc Galera !!! o ot foi lançado agorinha mesmo e ja temos bastante gente on !!! Vai ser sucesso. 17:47 Uptime: 2 hours and 12 minutes.
[5/6/2017 17:48:15] /bc Galera !!! o ot foi lançado agorinha mesmo e ja temos bastante gente on !!! Vai ser sucesso. 17:47 Uptime: 2 hours and 12 minutes.
[5/6/2017 17:48:15] /bc Galera !!! o ot foi lançado agorinha mesmo e ja temos bastante gente on !!! Vai ser sucesso. 17:47 Uptime: 2 hours and 12 minutes.
[5/6/2017 17:48:16] /bc Galera !!! o ot foi lançado agorinha mesmo e ja temos bastante gente on !!! Vai ser sucesso. 17:47 Uptime: 2 hours and 12 minutes.
[5/6/2017 17:48:16] /bc Galera !!! o ot foi lançado agorinha mesmo e ja temos bastante gente on !!! Vai ser sucesso. 17:47 Uptime: 2 hours and 12 minutes.
[5/6/2017 17:48:16] /bc Galera !!! o ot foi lançado agorinha mesmo e ja temos bastante gente on !!! Vai ser sucesso. 17:47 Uptime: 2 hours and 12 minutes.
[5/6/2017 17:48:17] /bc Galera !!! o ot foi lançado agorinha mesmo e ja temos bastante gente on !!! Vai ser sucesso. 17:47 Uptime: 2 hours and 12 minutes.
[5/6/2017 17:48:17] /bc Galera !!! o ot foi lançado agorinha mesmo e ja temos bastante gente on !!! Vai ser sucesso. 17:47 Uptime: 2 hours and 12 minutes.
[5/6/2017 17:48:17] /bc Galera !!! o ot foi lançado agorinha mesmo e ja temos bastante gente on !!! Vai ser sucesso. 17:47 Uptime: 2 hours and 12 minutes.
[5/6/2017 17:48:18] /bc Galera !!! o ot foi lançado agorinha mesmo e ja temos bastante gente on !!! Vai ser sucesso. 17:47 Uptime: 2 hours and 12 minutes.
[5/6/2017 17:48:18] /bc Galera !!! o ot foi lançado agorinha mesmo e ja temos bastante gente on !!! Vai ser sucesso. 17:47 Uptime: 2 hours and 12 minutes.
[5/6/2017 17:48:19] /bc Galera !!! o ot foi lançado agorinha mesmo e ja temos bastante gente on !!! Vai ser sucesso. 17:47 Uptime: 2 hours and 12 minutes.
[5/6/2017 17:48:19] /bc Galera !!! o ot foi lançado agorinha mesmo e ja temos bastante gente on !!! Vai ser sucesso. 17:47 Uptime: 2 hours and 12 minutes.
[5/6/2017 17:48:19] /bc Galera !!! o ot foi lançado agorinha mesmo e ja temos bastante gente on !!! Vai ser sucesso. 17:47 Uptime: 2 hours and 12 minutes.
[5/6/2017 17:48:19] /bc Galera !!! o ot foi lançado agorinha mesmo e ja temos bastante gente on !!! Vai ser sucesso. 17:47 Uptime: 2 hours and 12 minutes.
[5/6/2017 17:48:20] /bc Galera !!! o ot foi lançado agorinha mesmo e ja temos bastante gente on !!! Vai ser sucesso. 17:47 Uptime: 2 hours and 12 minutes.
[5/6/2017 17:48:20] /bc Galera !!! o ot foi lançado agorinha mesmo e ja temos bastante gente on !!! Vai ser sucesso. 17:47 Uptime: 2 hours and 12 minutes.
[5/6/2017 17:48:20] /bc Galera !!! o ot foi lançado agorinha mesmo e ja temos bastante gente on !!! Vai ser sucesso. 17:47 Uptime: 2 hours and 12 minutes.
[5/6/2017 17:48:21] /bc Galera !!! o ot foi lançado agorinha mesmo e ja temos bastante gente on !!! Vai ser sucesso. 17:47 Uptime: 2 hours and 12 minutes.
[5/6/2017 17:48:21] /bc Galera !!! o ot foi lançado agorinha mesmo e ja temos bastante gente on !!! Vai ser sucesso. 17:47 Uptime: 2 hours and 12 minutes.
[5/6/2017 17:48:21] /bc Galera !!! o ot foi lançado agorinha mesmo e ja temos bastante gente on !!! Vai ser sucesso. 17:47 Uptime: 2 hours and 12 minutes.
[5/6/2017 17:48:22] /bc Galera !!! o ot foi lançado agorinha mesmo e ja temos bastante gente on !!! Vai ser sucesso. 17:47 Uptime: 2 hours and 12 minutes.
[5/6/2017 17:48:22] /bc Galera !!! o ot foi lançado agorinha mesmo e ja temos bastante gente on !!! Vai ser sucesso. 17:47 Uptime: 2 hours and 12 minutes.
[5/6/2017 17:48:23] /bc Galera !!! o ot foi lançado agorinha mesmo e ja temos bastante gente on !!! Vai ser sucesso. 17:47 Uptime: 2 hours and 12 minutes.
[5/6/2017 17:48:23] /bc Galera !!! o ot foi lançado agorinha mesmo e ja temos bastante gente on !!! Vai ser sucesso. 17:47 Uptime: 2 hours and 12 minutes.
[5/6/2017 17:48:23] /bc Galera !!! o ot foi lançado agorinha mesmo e ja temos bastante gente on !!! Vai ser sucesso. 17:47 Uptime: 2 hours and 12 minutes.
[5/6/2017 17:48:24] /bc Galera !!! o ot foi lançado agorinha mesmo e ja temos bastante gente on !!! Vai ser sucesso. 17:47 Uptime: 2 hours and 12 minutes.
[5/6/2017 17:48:24] /bc Galera !!! o ot foi lançado agorinha mesmo e ja temos bastante gente on !!! Vai ser sucesso. 17:47 Uptime: 2 hours and 12 minutes.
[5/6/2017 17:48:24] /bc Galera !!! o ot foi lançado agorinha mesmo e ja temos bastante gente on !!! Vai ser sucesso. 17:47 Uptime: 2 hours and 12 minutes.
[5/6/2017 17:49:9] /goto stax
[5/6/2017 17:49:16] /promote stax
[5/6/2017 17:49:17] /promote stax
[5/6/2017 17:49:19] /promote stax
[5/6/2017 17:49:19] /promote stax
[5/6/2017 17:49:21] /promote stax
[5/6/2017 17:51:0] /t
[5/6/2017 17:53:26] /t
[5/6/2017 17:54:34] /bc THE BOSS STRIKER NA CITY NOVAMENTE VEM GERAL !!!! <3
[5/6/2017 17:54:35] /bc THE BOSS STRIKER NA CITY NOVAMENTE VEM GERAL !!!! <3
[5/6/2017 17:54:36] /bc THE BOSS STRIKER NA CITY NOVAMENTE VEM GERAL !!!! <3
[5/6/2017 17:54:37] /bc THE BOSS STRIKER NA CITY NOVAMENTE VEM GERAL !!!! <3
[5/6/2017 17:54:37] /bc THE BOSS STRIKER NA CITY NOVAMENTE VEM GERAL !!!! <3
[5/6/2017 17:54:38] /bc THE BOSS STRIKER NA CITY NOVAMENTE VEM GERAL !!!! <3
[5/6/2017 17:54:38] /bc THE BOSS STRIKER NA CITY NOVAMENTE VEM GERAL !!!! <3
[5/6/2017 17:54:39] /bc THE BOSS STRIKER NA CITY NOVAMENTE VEM GERAL !!!! <3
[5/6/2017 17:54:39] /bc THE BOSS STRIKER NA CITY NOVAMENTE VEM GERAL !!!! <3
[5/6/2017 17:54:40] /bc THE BOSS STRIKER NA CITY NOVAMENTE VEM GERAL !!!! <3
[5/6/2017 17:54:40] /bc THE BOSS STRIKER NA CITY NOVAMENTE VEM GERAL !!!! <3
[5/6/2017 17:54:41] /bc THE BOSS STRIKER NA CITY NOVAMENTE VEM GERAL !!!! <3
[5/6/2017 17:54:41] /bc THE BOSS STRIKER NA CITY NOVAMENTE VEM GERAL !!!! <3
[5/6/2017 17:54:41] /bc THE BOSS STRIKER NA CITY NOVAMENTE VEM GERAL !!!! <3
[5/6/2017 17:54:42] /bc THE BOSS STRIKER NA CITY NOVAMENTE VEM GERAL !!!! <3
[5/6/2017 17:54:42] /bc THE BOSS STRIKER NA CITY NOVAMENTE VEM GERAL !!!! <3
[5/6/2017 17:54:43] /bc THE BOSS STRIKER NA CITY NOVAMENTE VEM GERAL !!!! <3
[5/6/2017 17:54:43] /bc THE BOSS STRIKER NA CITY NOVAMENTE VEM GERAL !!!! <3
[5/6/2017 17:54:44] /bc THE BOSS STRIKER NA CITY NOVAMENTE VEM GERAL !!!! <3
[5/6/2017 17:54:44] /bc THE BOSS STRIKER NA CITY NOVAMENTE VEM GERAL !!!! <3
[5/6/2017 17:54:45] /bc THE BOSS STRIKER NA CITY NOVAMENTE VEM GERAL !!!! <3
[5/6/2017 17:54:45] /bc THE BOSS STRIKER NA CITY NOVAMENTE VEM GERAL !!!! <3
[5/6/2017 17:54:45] /bc THE BOSS STRIKER NA CITY NOVAMENTE VEM GERAL !!!! <3
[5/6/2017 17:54:46] /bc THE BOSS STRIKER NA CITY NOVAMENTE VEM GERAL !!!! <3
[5/6/2017 17:54:46] /bc THE BOSS STRIKER NA CITY NOVAMENTE VEM GERAL !!!! <3
[5/6/2017 17:54:46] /bc THE BOSS STRIKER NA CITY NOVAMENTE VEM GERAL !!!! <3
[5/6/2017 17:54:47] /bc THE BOSS STRIKER NA CITY NOVAMENTE VEM GERAL !!!! <3
[5/6/2017 17:54:47] /bc THE BOSS STRIKER NA CITY NOVAMENTE VEM GERAL !!!! <3
[5/6/2017 17:54:48] /bc THE BOSS STRIKER NA CITY NOVAMENTE VEM GERAL !!!! <3
[5/6/2017 17:54:48] /bc THE BOSS STRIKER NA CITY NOVAMENTE VEM GERAL !!!! <3
[5/6/2017 17:54:49] /bc THE BOSS STRIKER NA CITY NOVAMENTE VEM GERAL !!!! <3
[5/6/2017 17:54:49] /bc THE BOSS STRIKER NA CITY NOVAMENTE VEM GERAL !!!! <3
[5/6/2017 17:54:49] /bc THE BOSS STRIKER NA CITY NOVAMENTE VEM GERAL !!!! <3
[5/6/2017 17:54:51] /bc THE BOSS STRIKER NA CITY NOVAMENTE VEM GERAL !!!! <3
[5/6/2017 17:54:51] /bc THE BOSS STRIKER NA CITY NOVAMENTE VEM GERAL !!!! <3
[5/6/2017 17:54:52] /bc THE BOSS STRIKER NA CITY NOVAMENTE VEM GERAL !!!! <3
[5/6/2017 17:54:52] /bc THE BOSS STRIKER NA CITY NOVAMENTE VEM GERAL !!!! <3
[5/6/2017 17:54:53] /bc THE BOSS STRIKER NA CITY NOVAMENTE VEM GERAL !!!! <3
[5/6/2017 17:54:54] /bc THE BOSS STRIKER NA CITY NOVAMENTE VEM GERAL !!!! <3
[5/6/2017 17:54:54] /bc THE BOSS STRIKER NA CITY NOVAMENTE VEM GERAL !!!! <3
[5/6/2017 17:54:54] /bc THE BOSS STRIKER NA CITY NOVAMENTE VEM GERAL !!!! <3
[5/6/2017 17:54:54] /bc THE BOSS STRIKER NA CITY NOVAMENTE VEM GERAL !!!! <3
[5/6/2017 17:54:55] /bc THE BOSS STRIKER NA CITY NOVAMENTE VEM GERAL !!!! <3
[5/6/2017 17:54:55] /bc THE BOSS STRIKER NA CITY NOVAMENTE VEM GERAL !!!! <3
[5/6/2017 17:54:55] /bc THE BOSS STRIKER NA CITY NOVAMENTE VEM GERAL !!!! <3
[5/6/2017 17:54:56] /bc THE BOSS STRIKER NA CITY NOVAMENTE VEM GERAL !!!! <3
[5/6/2017 17:54:56] /bc THE BOSS STRIKER NA CITY NOVAMENTE VEM GERAL !!!! <3
[5/6/2017 18:2:19] /goto Mylla
[5/6/2017 18:2:24] /kick Mylla
[5/6/2017 18:2:32] /t mylla
[5/6/2017 18:2:36] /t mylla
[5/6/2017 18:2:48] /kick Salvatore Chup Chup
[5/6/2017 18:2:55] /t admin
[5/6/2017 18:2:58] /c Salvatore Chup Chup
[5/6/2017 18:4:58] /goto jhon mike
[5/6/2017 18:5:18] /promote Jhon Mike
[5/6/2017 18:5:20] /promote Jhon Mike
[5/6/2017 18:5:20] /promote Jhon Mike
[5/6/2017 18:5:22] /promote Jhon Mike
[5/6/2017 18:5:22] /promote Jhon Mike
[5/6/2017 18:5:22] /promote Jhon Mike
[5/6/2017 18:6:17] /t
[5/6/2017 18:13:2] /goto kobayashi
[5/6/2017 18:13:7] /t
[5/6/2017 18:52:15] /goto tulin
[5/6/2017 18:52:20] /t tulin
[5/6/2017 18:52:31] /t
[5/6/2017 22:34:59] /bc BOSS NA CITY !!! VEM GERAL
[5/6/2017 22:35:1] /bc BOSS NA CITY !!! VEM GERAL
[5/6/2017 22:35:1] /bc BOSS NA CITY !!! VEM GERAL
[5/6/2017 22:35:1] /bc BOSS NA CITY !!! VEM GERAL
[5/6/2017 22:35:2] /bc BOSS NA CITY !!! VEM GERAL
[5/6/2017 22:35:2] /bc BOSS NA CITY !!! VEM GERAL
[5/6/2017 22:35:2] /bc BOSS NA CITY !!! VEM GERAL
[5/6/2017 22:35:3] /bc BOSS NA CITY !!! VEM GERAL
[5/6/2017 22:35:3] /bc BOSS NA CITY !!! VEM GERAL
[5/6/2017 22:35:3] /bc BOSS NA CITY !!! VEM GERAL
[5/6/2017 22:35:4] /bc BOSS NA CITY !!! VEM GERAL
[5/6/2017 22:35:4] /bc BOSS NA CITY !!! VEM GERAL
[5/6/2017 22:35:5] /bc BOSS NA CITY !!! VEM GERAL
[5/6/2017 22:35:5] /bc BOSS NA CITY !!! VEM GERAL
[5/6/2017 22:35:5] /bc BOSS NA CITY !!! VEM GERAL
[5/6/2017 22:35:5] /bc BOSS NA CITY !!! VEM GERAL
[5/6/2017 22:35:6] /bc BOSS NA CITY !!! VEM GERAL
[5/6/2017 22:35:6] /bc BOSS NA CITY !!! VEM GERAL
[5/6/2017 22:35:6] /bc BOSS NA CITY !!! VEM GERAL
[5/6/2017 22:35:7] /bc BOSS NA CITY !!! VEM GERAL
[5/6/2017 22:35:7] /bc BOSS NA CITY !!! VEM GERAL
[5/6/2017 22:35:7] /bc BOSS NA CITY !!! VEM GERAL
[5/6/2017 22:35:8] /bc BOSS NA CITY !!! VEM GERAL
[5/6/2017 22:35:8] /bc BOSS NA CITY !!! VEM GERAL
[5/6/2017 22:35:8] /bc BOSS NA CITY !!! VEM GERAL
[5/6/2017 22:35:9] /bc BOSS NA CITY !!! VEM GERAL
[5/6/2017 22:35:9] /bc BOSS NA CITY !!! VEM GERAL
[5/6/2017 22:35:9] /bc BOSS NA CITY !!! VEM GERAL
[5/6/2017 22:35:15] /m the boss striker
[5/6/2017 22:35:18] /bc BOSS NA CITY !!! VEM GERAL
[5/6/2017 22:35:19] /bc BOSS NA CITY !!! VEM GERAL
[5/6/2017 22:35:19] /bc BOSS NA CITY !!! VEM GERAL
[5/6/2017 22:35:20] /bc BOSS NA CITY !!! VEM GERAL
[5/6/2017 22:35:20] /bc BOSS NA CITY !!! VEM GERAL
[5/6/2017 22:35:21] /bc BOSS NA CITY !!! VEM GERAL
[5/6/2017 22:35:21] /bc BOSS NA CITY !!! VEM GERAL
[5/6/2017 22:35:21] /bc BOSS NA CITY !!! VEM GERAL
[5/6/2017 22:35:21] /bc BOSS NA CITY !!! VEM GERAL
[5/6/2017 22:35:22] /bc BOSS NA CITY !!! VEM GERAL
[5/6/2017 22:35:22] /bc BOSS NA CITY !!! VEM GERAL
[5/6/2017 22:35:23] /bc BOSS NA CITY !!! VEM GERAL
[5/6/2017 22:35:24] /bc BOSS NA CITY !!! VEM GERAL
[5/6/2017 22:35:24] /bc BOSS NA CITY !!! VEM GERAL
[5/6/2017 22:35:24] /bc BOSS NA CITY !!! VEM GERAL
[5/6/2017 22:35:24] /bc BOSS NA CITY !!! VEM GERAL
[5/6/2017 22:35:25] /bc BOSS NA CITY !!! VEM GERAL
[5/6/2017 22:35:25] /bc BOSS NA CITY !!! VEM GERAL
[5/6/2017 22:35:25] /bc BOSS NA CITY !!! VEM GERAL
[5/6/2017 23:38:23] /c lucaz
[6/6/2017 0:42:8] /t
[6/6/2017 8:52:18] /goto cu de vaca
[6/6/2017 8:52:27] /goto proks
[6/6/2017 8:52:41] /t
[6/6/2017 9:18:26] /m addon doll
[6/6/2017 10:8:2] /bc 10:06 New record: 97 players are logged in.
[6/6/2017 10:8:3] /bc 10:06 New record: 97 players are logged in.
[6/6/2017 10:10:50] /bc 10:10 New record: 100 players are logged in.
[6/6/2017 10:10:51] /bc 10:10 New record: 100 players are logged in.
[6/6/2017 10:10:51] /bc 10:10 New record: 100 players are logged in.
[6/6/2017 10:10:52] /bc 10:10 New record: 100 players are logged in.
[6/6/2017 10:10:52] /bc 10:10 New record: 100 players are logged in.
[6/6/2017 10:10:53] /bc 10:10 New record: 100 players are logged in.
[6/6/2017 11:23:31] /i bag
[6/6/2017 11:23:35] /i cave exclusiva
[6/6/2017 11:23:36] /i cave exclusiva
[6/6/2017 11:24:5] /goto Druidzin
[6/6/2017 11:26:10] /t
[6/6/2017 11:31:11] /t
[6/6/2017 11:33:44] /i new mage staff
[6/6/2017 11:34:7] /a 2
[6/6/2017 11:34:18] /c tulin
[6/6/2017 11:34:53] /t
[6/6/2017 11:53:51] /goto cradylle
[6/6/2017 11:53:59] /goto Sanguinarios
[6/6/2017 11:54:2] /t Sanguinarios
[6/6/2017 11:54:39] /t
[6/6/2017 12:7:33] /reload actions
[6/6/2017 12:8:12] /t
[6/6/2017 12:17:49] /reload talkactions
[6/6/2017 12:20:19] /goto death
[6/6/2017 12:20:28] /t
[6/6/2017 12:22:13] /i 457
[6/6/2017 12:26:39] /i 457
[6/6/2017 12:26:40] /i 457
[6/6/2017 12:27:8] /i 457
[6/6/2017 12:27:11] /i 457
[6/6/2017 12:27:24] /i 457
[6/6/2017 12:27:26] /i 457
[6/6/2017 12:27:28] /i 457
[6/6/2017 12:27:43] /i 457
[6/6/2017 12:27:44] /i 457
[6/6/2017 12:27:45] /i 457
[6/6/2017 12:27:46] /i 457
[6/6/2017 12:27:47] /i 457
[6/6/2017 12:36:55] /i 457
[6/6/2017 12:36:56] /i 457
[6/6/2017 12:36:57] /i 457
[6/6/2017 12:36:58] /i 457
[6/6/2017 12:37:0] /i 457
[6/6/2017 12:37:2] /i 457
[6/6/2017 12:37:3] /i 457
[6/6/2017 12:37:4] /i 457
[6/6/2017 12:37:5] /i 457
[6/6/2017 12:37:8] /i 457
[6/6/2017 12:37:9] /i 457
[6/6/2017 12:37:10] /i 457
[6/6/2017 12:37:11] /i 457
[6/6/2017 12:37:12] /i 457
[6/6/2017 12:37:13] /i 457
[6/6/2017 12:37:14] /i 457
[6/6/2017 12:37:15] /i 457
[6/6/2017 12:37:16] /i 457
[6/6/2017 12:37:16] /i 457
[6/6/2017 12:37:17] /i 457
[6/6/2017 12:37:19] /i 457
[6/6/2017 12:37:20] /i 457
[6/6/2017 12:37:22] /i 457
[6/6/2017 12:37:22] /i 457
[6/6/2017 12:37:24] /i 457
[6/6/2017 12:37:26] /i 457
[6/6/2017 12:37:28] /i 457
[6/6/2017 12:37:30] /i 457
[6/6/2017 12:37:31] /i 457
[6/6/2017 12:37:33] /i 457
[6/6/2017 12:37:38] /i 457
[6/6/2017 12:37:39] /i 457
[6/6/2017 12:37:40] /i 457
[6/6/2017 12:37:41] /i 457
[6/6/2017 12:37:42] /i 457
[6/6/2017 12:37:43] /i 457
[6/6/2017 12:37:44] /i 457
[6/6/2017 12:37:47] /i 457
[6/6/2017 12:37:47] /i 457
[6/6/2017 12:37:48] /i 457
[6/6/2017 12:37:49] /i 457
[6/6/2017 12:37:50] /i 457
[6/6/2017 12:37:54] /i 457
[6/6/2017 12:37:55] /i 457
[6/6/2017 12:37:56] /i 457
[6/6/2017 12:37:58] /i 457
[6/6/2017 12:37:59] /i 457
[6/6/2017 12:38:1] /i 457
[6/6/2017 12:38:2] /i 457
[6/6/2017 12:38:3] /i 457
[6/6/2017 12:38:4] /i 457
[6/6/2017 12:38:5] /i 457
[6/6/2017 12:38:6] /i 457
[6/6/2017 12:38:7] /i 457
[6/6/2017 12:38:9] /i 457
[6/6/2017 12:38:10] /i 457
[6/6/2017 12:38:12] /i 457
[6/6/2017 12:38:13] /i 457
[6/6/2017 12:38:14] /i 457
[6/6/2017 12:38:15] /i 457
[6/6/2017 12:38:16] /i 457
[6/6/2017 12:38:17] /i 457
[6/6/2017 12:38:18] /i 457
[6/6/2017 12:38:19] /i 457
[6/6/2017 12:38:20] /i 457
[6/6/2017 12:38:22] /i 457
[6/6/2017 12:38:23] /i 457
[6/6/2017 12:38:24] /i 457
[6/6/2017 12:38:24] /i 457
[6/6/2017 12:38:26] /i 457
[6/6/2017 12:38:26] /i 457
[6/6/2017 12:38:28] /i 457
[6/6/2017 12:38:28] /i 457
[6/6/2017 12:38:31] /i 457
[6/6/2017 12:38:34] /i 457
[6/6/2017 12:38:35] /i 457
[6/6/2017 12:38:35] /i 457
[6/6/2017 12:38:36] /i 457
[6/6/2017 12:38:37] /i 457
[6/6/2017 12:38:38] /i 457
[6/6/2017 12:39:11] /goto green phantom
[6/6/2017 12:39:16] /t
[6/6/2017 13:23:21] /reload npcs
[6/6/2017 13:57:48] /goto finger killer
[6/6/2017 13:57:53] /t
[6/6/2017 14:18:1] /r
[6/6/2017 14:18:3] /r
[6/6/2017 14:18:4] /r
[6/6/2017 14:18:5] /r
[6/6/2017 14:18:5] /r
[6/6/2017 14:18:10] /r
[6/6/2017 14:18:11] /r
[6/6/2017 14:18:22] /r
[6/6/2017 14:18:23] /r
[6/6/2017 14:18:23] /r
[6/6/2017 14:18:30] /r
[6/6/2017 14:18:30] /r
[6/6/2017 14:18:30] /r
[6/6/2017 14:18:30] /r
[6/6/2017 14:18:31] /r
[6/6/2017 14:18:31] /r
[6/6/2017 14:18:31] /r
[6/6/2017 14:18:32] /r
[6/6/2017 14:18:37] /r
[6/6/2017 14:18:38] /r
[6/6/2017 14:18:40] /r
[6/6/2017 14:18:43] /r
[6/6/2017 14:18:44] /r
[6/6/2017 14:18:44] /r
[6/6/2017 14:18:44] /r
[6/6/2017 14:18:44] /r
[6/6/2017 14:18:44] /r
[6/6/2017 14:18:45] /r
[6/6/2017 14:18:45] /r
[6/6/2017 14:18:45] /r
[6/6/2017 14:18:45] /r
[6/6/2017 14:18:45] /r
[6/6/2017 14:18:46] /r
[6/6/2017 14:18:46] /r
[6/6/2017 14:18:46] /r
[6/6/2017 14:18:47] /r
[6/6/2017 14:18:47] /r
[6/6/2017 14:18:47] /r
[6/6/2017 14:18:47] /r
[6/6/2017 14:18:47] /r
[6/6/2017 14:18:47] /r
[6/6/2017 14:18:47] /r
[6/6/2017 14:18:48] /r
[6/6/2017 14:18:48] /r
[6/6/2017 14:18:48] /r
[6/6/2017 14:18:48] /r
[6/6/2017 14:18:48] /r
[6/6/2017 14:18:48] /r
[6/6/2017 14:18:49] /r
[6/6/2017 14:18:49] /r
[6/6/2017 14:25:9] /save
[6/6/2017 14:25:18] /r
[6/6/2017 14:25:24] /r
[6/6/2017 14:25:24] /r
[6/6/2017 14:25:25] /r
[6/6/2017 14:25:25] /r
[6/6/2017 14:25:26] /r
[6/6/2017 14:25:27] /r
[6/6/2017 14:25:31] /r
[6/6/2017 14:25:32] /r
[6/6/2017 14:25:32] /r
[6/6/2017 14:25:32] /r
[6/6/2017 14:25:37] /r
[6/6/2017 14:25:38] /r
[6/6/2017 14:25:39] /r
[6/6/2017 14:25:39] /r
[6/6/2017 14:26:2] /r
[6/6/2017 14:26:7] /r
[6/6/2017 14:26:7] /r
[6/6/2017 14:26:7] /r
[6/6/2017 14:26:7] /r
[6/6/2017 14:26:8] /r
[6/6/2017 14:26:18] /m phantom lord
[6/6/2017 14:28:22] /r
[6/6/2017 14:28:22] /r
[6/6/2017 14:28:23] /r
[6/6/2017 14:28:23] /r
[6/6/2017 14:28:23] /r
[6/6/2017 14:28:24] /r
[6/6/2017 14:28:24] /r
[6/6/2017 14:28:24] /r
[6/6/2017 14:28:25] /r
[6/6/2017 14:28:25] /r
[6/6/2017 14:28:25] /r
[6/6/2017 14:28:26] /r
[6/6/2017 14:28:26] /r
[6/6/2017 14:28:26] /r
[6/6/2017 14:28:26] /r
[6/6/2017 14:28:26] /r
[6/6/2017 14:28:26] /r
[6/6/2017 14:28:39] /r
[6/6/2017 14:28:39] /r
[6/6/2017 14:28:39] /r
[6/6/2017 14:28:39] /r
[6/6/2017 14:28:39] /r
[6/6/2017 14:28:39] /r
[6/6/2017 14:28:39] /r
[6/6/2017 14:28:39] /r
[6/6/2017 14:28:39] /r
[6/6/2017 14:28:40] /r
[6/6/2017 14:28:40] /r
[6/6/2017 14:28:40] /r
[6/6/2017 14:28:41] /r
[6/6/2017 14:28:41] /r
[6/6/2017 14:28:41] /r
[6/6/2017 14:28:41] /r
[6/6/2017 14:28:41] /r
[6/6/2017 14:28:41] /r
[6/6/2017 14:28:41] /r
[6/6/2017 14:28:41] /r
[6/6/2017 14:28:41] /r
[6/6/2017 14:28:42] /r
[6/6/2017 14:28:42] /r
[6/6/2017 14:28:42] /r
[6/6/2017 14:28:42] /r
[6/6/2017 14:28:42] /r
[6/6/2017 14:28:42] /r
[6/6/2017 14:28:43] /r
[6/6/2017 14:28:43] /r
[6/6/2017 14:28:43] /r
[6/6/2017 14:28:43] /r
[6/6/2017 14:28:43] /r
[6/6/2017 14:28:44] /r
[6/6/2017 14:28:51] /r
[6/6/2017 14:28:51] /r
[6/6/2017 14:28:51] /r
[6/6/2017 14:29:16] /r
[6/6/2017 14:29:17] /r
[6/6/2017 14:29:17] /r
[6/6/2017 14:29:17] /r
[6/6/2017 14:29:18] /r
[6/6/2017 14:29:18] /r
[6/6/2017 14:29:19] /r
[6/6/2017 14:29:19] /r
[6/6/2017 14:29:19] /r
[6/6/2017 14:29:19] /r
[6/6/2017 14:29:20] /r
[6/6/2017 14:29:20] /r
[6/6/2017 14:29:21] /r
[6/6/2017 14:29:21] /r
[6/6/2017 14:29:21] /r
[6/6/2017 14:29:21] /r
[6/6/2017 14:29:21] /r
[6/6/2017 14:29:21] /r
[6/6/2017 14:29:21] /r
[6/6/2017 14:29:21] /r
[6/6/2017 14:29:21] /r
[6/6/2017 14:29:22] /r
[6/6/2017 14:29:22] /r
[6/6/2017 14:29:22] /r
[6/6/2017 14:29:22] /r
[6/6/2017 14:29:22] /r
[6/6/2017 14:29:23] /r
[6/6/2017 14:29:23] /r
[6/6/2017 14:29:23] /r
[6/6/2017 14:29:23] /r
[6/6/2017 14:29:23] /r
[6/6/2017 14:29:24] /r
[6/6/2017 14:29:24] /r
[6/6/2017 14:29:24] /r
[6/6/2017 14:29:24] /r
[6/6/2017 14:29:25] /r
[6/6/2017 14:29:25] /r
[6/6/2017 14:29:25] /r
[6/6/2017 14:29:26] /r
[6/6/2017 14:29:26] /r
[6/6/2017 14:29:28] /save
[6/6/2017 14:29:59] /r
[6/6/2017 14:30:8] /bc O SERVIDOR VAI SER REINICIADO RAPIDINHO !!!
[6/6/2017 14:30:9] /bc O SERVIDOR VAI SER REINICIADO RAPIDINHO !!!
[6/6/2017 14:30:9] /bc O SERVIDOR VAI SER REINICIADO RAPIDINHO !!!
[6/6/2017 14:30:10] /bc O SERVIDOR VAI SER REINICIADO RAPIDINHO !!!
[6/6/2017 14:30:10] /bc O SERVIDOR VAI SER REINICIADO RAPIDINHO !!!
[6/6/2017 14:30:10] /bc O SERVIDOR VAI SER REINICIADO RAPIDINHO !!!
[6/6/2017 14:30:12] /bc O SERVIDOR VAI SER REINICIADO RAPIDINHO !!!
[6/6/2017 14:30:12] /bc O SERVIDOR VAI SER REINICIADO RAPIDINHO !!!
[6/6/2017 14:30:12] /bc O SERVIDOR VAI SER REINICIADO RAPIDINHO !!!
[6/6/2017 14:30:12] /bc O SERVIDOR VAI SER REINICIADO RAPIDINHO !!!
[6/6/2017 14:30:12] /bc O SERVIDOR VAI SER REINICIADO RAPIDINHO !!!
[6/6/2017 14:30:12] /bc O SERVIDOR VAI SER REINICIADO RAPIDINHO !!!
[6/6/2017 14:30:13] /bc O SERVIDOR VAI SER REINICIADO RAPIDINHO !!!
[6/6/2017 14:30:13] /bc O SERVIDOR VAI SER REINICIADO RAPIDINHO !!!
[6/6/2017 14:30:14] /bc O SERVIDOR VAI SER REINICIADO RAPIDINHO !!!
[6/6/2017 14:30:14] /bc O SERVIDOR VAI SER REINICIADO RAPIDINHO !!!
[6/6/2017 14:30:14] /bc O SERVIDOR VAI SER REINICIADO RAPIDINHO !!!
[6/6/2017 14:30:15] /bc O SERVIDOR VAI SER REINICIADO RAPIDINHO !!!
[6/6/2017 14:30:16] /bc O SERVIDOR VAI SER REINICIADO RAPIDINHO !!!
[6/6/2017 14:30:16] /bc O SERVIDOR VAI SER REINICIADO RAPIDINHO !!!
[6/6/2017 14:30:17] /bc O SERVIDOR VAI SER REINICIADO RAPIDINHO !!!
[6/6/2017 14:30:17] /bc O SERVIDOR VAI SER REINICIADO RAPIDINHO !!!
[6/6/2017 14:30:17] /bc O SERVIDOR VAI SER REINICIADO RAPIDINHO !!!
[6/6/2017 14:30:18] /bc O SERVIDOR VAI SER REINICIADO RAPIDINHO !!!
[6/6/2017 14:30:18] /bc O SERVIDOR VAI SER REINICIADO RAPIDINHO !!!
[6/6/2017 14:30:18] /bc O SERVIDOR VAI SER REINICIADO RAPIDINHO !!!
[6/6/2017 14:30:19] /bc O SERVIDOR VAI SER REINICIADO RAPIDINHO !!!
[6/6/2017 14:30:19] /bc O SERVIDOR VAI SER REINICIADO RAPIDINHO !!!
[6/6/2017 14:30:20] /bc O SERVIDOR VAI SER REINICIADO RAPIDINHO !!!
[6/6/2017 14:30:20] /bc O SERVIDOR VAI SER REINICIADO RAPIDINHO !!!
[6/6/2017 14:30:20] /bc O SERVIDOR VAI SER REINICIADO RAPIDINHO !!!
[6/6/2017 14:30:20] /bc O SERVIDOR VAI SER REINICIADO RAPIDINHO !!!
[6/6/2017 14:30:21] /bc O SERVIDOR VAI SER REINICIADO RAPIDINHO !!!
[6/6/2017 14:30:24] /save
[6/6/2017 14:31:29] /r
[6/6/2017 14:31:29] /r
[6/6/2017 14:33:32] /save
[6/6/2017 14:36:15] /save
[6/6/2017 14:36:18] /shutdown
[6/6/2017 15:24:32] /clean
[6/6/2017 15:42:24] /clean
[6/6/2017 15:53:54] /clean
[6/6/2017 15:54:3] /bc STAFF PAREM DE INVASAO POR UM TEMPO !!!
[6/6/2017 15:54:3] /bc STAFF PAREM DE INVASAO POR UM TEMPO !!!
[6/6/2017 15:54:4] /bc STAFF PAREM DE INVASAO POR UM TEMPO !!!
[6/6/2017 15:54:4] /bc STAFF PAREM DE INVASAO POR UM TEMPO !!!
[6/6/2017 15:54:5] /bc STAFF PAREM DE INVASAO POR UM TEMPO !!!
[6/6/2017 15:54:6] /bc STAFF PAREM DE INVASAO POR UM TEMPO !!!
[6/6/2017 15:54:6] /bc STAFF PAREM DE INVASAO POR UM TEMPO !!!
[6/6/2017 15:54:7] /bc STAFF PAREM DE INVASAO POR UM TEMPO !!!
[6/6/2017 16:43:10] /goto Perry
[6/6/2017 16:43:39] /t
[6/6/2017 17:13:22] /goto Rubim
[6/6/2017 17:14:12] /reload actions
[6/6/2017 18:35:32] /bc 18:35 New record: 171 players are logged in.
[6/6/2017 18:35:33] /bc 18:35 New record: 171 players are logged in.
[6/6/2017 18:35:34] /bc 18:35 New record: 171 players are logged in.
[6/6/2017 18:35:34] /bc 18:35 New record: 171 players are logged in.
[6/6/2017 18:35:35] /bc 18:35 New record: 171 players are logged in.
[6/6/2017 18:35:35] /bc 18:35 New record: 171 players are logged in.
[6/6/2017 18:35:36] /bc 18:35 New record: 171 players are logged in.
[6/6/2017 18:35:36] /bc 18:35 New record: 171 players are logged in.
[6/6/2017 18:35:37] /bc 18:35 New record: 171 players are logged in.
[6/6/2017 18:35:37] /bc 18:35 New record: 171 players are logged in.
[6/6/2017 18:35:38] /bc 18:35 New record: 171 players are logged in.
[6/6/2017 18:35:40] /bc 18:35 New record: 171 players are logged in.
[6/6/2017 18:35:40] /bc 18:35 New record: 171 players are logged in.
[6/6/2017 18:35:41] /bc 18:35 New record: 171 players are logged in.
[6/6/2017 18:35:41] /bc 18:35 New record: 171 players are logged in.
[6/6/2017 18:35:42] /bc 18:35 New record: 171 players are logged in.
[6/6/2017 18:35:42] /bc 18:35 New record: 171 players are logged in.
[6/6/2017 18:35:42] /bc 18:35 New record: 171 players are logged in.
[6/6/2017 18:35:43] /bc 18:35 New record: 171 players are logged in.
[6/6/2017 18:35:43] /bc 18:35 New record: 171 players are logged in.
[6/6/2017 18:35:44] /bc 18:35 New record: 171 players are logged in.
[6/6/2017 18:35:44] /bc 18:35 New record: 171 players are logged in.
[6/6/2017 18:37:47] /ghost
[6/6/2017 18:38:2] /ghost
[6/6/2017 23:1:48] /t
[6/6/2017 23:42:59] /i magic sulphur
[6/6/2017 23:43:5] /goto Minerador de Elite
[6/6/2017 23:44:12] /t
[7/6/2017 0:8:56] /goto aello
[7/6/2017 0:16:35] /goto aello
[7/6/2017 9:25:0] /goto finger killer
[7/6/2017 9:25:4] /t
[7/6/2017 9:27:14] /t
[7/6/2017 10:59:55] /ghost
[7/6/2017 10:59:58] /ghost
[7/6/2017 11:14:15] /goto finger killer
[7/6/2017 11:14:18] /t
[7/6/2017 11:24:33] /goto francis on
[7/6/2017 11:38:29] /goto kevin on
[7/6/2017 12:12:2] /goto nortox
[7/6/2017 12:37:38] /t
[7/6/2017 12:37:49] /bc 12:37 New record: 200 players are logged in.
[7/6/2017 12:37:49] /bc 12:37 New record: 200 players are logged in.
[7/6/2017 12:37:50] /bc 12:37 New record: 200 players are logged in.
[7/6/2017 12:37:50] /bc 12:37 New record: 200 players are logged in.
[7/6/2017 12:37:51] /bc 12:37 New record: 200 players are logged in.
[7/6/2017 12:37:51] /bc 12:37 New record: 200 players are logged in.
[7/6/2017 12:37:51] /bc 12:37 New record: 200 players are logged in.
[7/6/2017 12:37:52] /bc 12:37 New record: 200 players are logged in.
[7/6/2017 12:37:52] /bc 12:37 New record: 200 players are logged in.
[7/6/2017 12:37:53] /bc 12:37 New record: 200 players are logged in.
[7/6/2017 12:37:53] /bc 12:37 New record: 200 players are logged in.
[7/6/2017 12:37:53] /bc 12:37 New record: 200 players are logged in.
[7/6/2017 12:37:54] /bc 12:37 New record: 200 players are logged in.
[7/6/2017 12:37:54] /bc 12:37 New record: 200 players are logged in.
[7/6/2017 12:37:55] /bc 12:37 New record: 200 players are logged in.
[7/6/2017 12:37:55] /bc 12:37 New record: 200 players are logged in.
[7/6/2017 12:37:55] /bc 12:37 New record: 200 players are logged in.
[7/6/2017 12:37:56] /bc 12:37 New record: 200 players are logged in.
[7/6/2017 12:37:56] /bc 12:37 New record: 200 players are logged in.
[7/6/2017 12:37:57] /bc 12:37 New record: 200 players are logged in.
[7/6/2017 12:37:57] /bc 12:37 New record: 200 players are logged in.
[7/6/2017 12:37:57] /bc 12:37 New record: 200 players are logged in.
[7/6/2017 12:37:58] /bc 12:37 New record: 200 players are logged in.
[7/6/2017 12:37:58] /bc 12:37 New record: 200 players are logged in.
[7/6/2017 12:45:56] /t
[7/6/2017 12:50:40] /clean
[7/6/2017 13:13:49] /bc green auto 200 listas 'Mining Baiakinho' | setcolor 255 215 0 | useongrounditem 3456 4463 |         <<<< HK DE MINERAR
[7/6/2017 13:13:51] /bc green auto 200 listas 'Mining Baiakinho' | setcolor 255 215 0 | useongrounditem 3456 4463 |         <<<< HK DE MINERAR
[7/6/2017 13:13:52] /bc green auto 200 listas 'Mining Baiakinho' | setcolor 255 215 0 | useongrounditem 3456 4463 |         <<<< HK DE MINERAR
[7/6/2017 13:13:53] /bc green auto 200 listas 'Mining Baiakinho' | setcolor 255 215 0 | useongrounditem 3456 4463 |         <<<< HK DE MINERAR
[7/6/2017 13:13:53] /bc green auto 200 listas 'Mining Baiakinho' | setcolor 255 215 0 | useongrounditem 3456 4463 |         <<<< HK DE MINERAR
[7/6/2017 13:13:54] /bc green auto 200 listas 'Mining Baiakinho' | setcolor 255 215 0 | useongrounditem 3456 4463 |         <<<< HK DE MINERAR
[7/6/2017 13:13:54] /bc green auto 200 listas 'Mining Baiakinho' | setcolor 255 215 0 | useongrounditem 3456 4463 |         <<<< HK DE MINERAR
[7/6/2017 13:13:55] /bc green auto 200 listas 'Mining Baiakinho' | setcolor 255 215 0 | useongrounditem 3456 4463 |         <<<< HK DE MINERAR
[7/6/2017 13:13:55] /bc green auto 200 listas 'Mining Baiakinho' | setcolor 255 215 0 | useongrounditem 3456 4463 |         <<<< HK DE MINERAR
[7/6/2017 13:13:56] /bc green auto 200 listas 'Mining Baiakinho' | setcolor 255 215 0 | useongrounditem 3456 4463 |         <<<< HK DE MINERAR
[7/6/2017 13:13:56] /bc green auto 200 listas 'Mining Baiakinho' | setcolor 255 215 0 | useongrounditem 3456 4463 |         <<<< HK DE MINERAR
[7/6/2017 13:13:56] /bc green auto 200 listas 'Mining Baiakinho' | setcolor 255 215 0 | useongrounditem 3456 4463 |         <<<< HK DE MINERAR
[7/6/2017 13:13:57] /bc green auto 200 listas 'Mining Baiakinho' | setcolor 255 215 0 | useongrounditem 3456 4463 |         <<<< HK DE MINERAR
[7/6/2017 13:13:57] /bc green auto 200 listas 'Mining Baiakinho' | setcolor 255 215 0 | useongrounditem 3456 4463 |         <<<< HK DE MINERAR
[7/6/2017 13:13:57] /bc green auto 200 listas 'Mining Baiakinho' | setcolor 255 215 0 | useongrounditem 3456 4463 |         <<<< HK DE MINERAR
[7/6/2017 13:13:58] /bc green auto 200 listas 'Mining Baiakinho' | setcolor 255 215 0 | useongrounditem 3456 4463 |         <<<< HK DE MINERAR
[7/6/2017 13:13:58] /bc green auto 200 listas 'Mining Baiakinho' | setcolor 255 215 0 | useongrounditem 3456 4463 |         <<<< HK DE MINERAR
[7/6/2017 13:13:59] /bc green auto 200 listas 'Mining Baiakinho' | setcolor 255 215 0 | useongrounditem 3456 4463 |         <<<< HK DE MINERAR
[7/6/2017 13:13:59] /bc green auto 200 listas 'Mining Baiakinho' | setcolor 255 215 0 | useongrounditem 3456 4463 |         <<<< HK DE MINERAR
[7/6/2017 13:14:0] /bc green auto 200 listas 'Mining Baiakinho' | setcolor 255 215 0 | useongrounditem 3456 4463 |         <<<< HK DE MINERAR
[7/6/2017 13:14:1] /bc green auto 200 listas 'Mining Baiakinho' | setcolor 255 215 0 | useongrounditem 3456 4463 |         <<<< HK DE MINERAR
[7/6/2017 13:25:56] /goto snob
[7/6/2017 13:26:15] /t
[7/6/2017 14:38:51] /t
[7/6/2017 14:47:37] /bc O BOSS STRIKER ESTÁ NA CITY VENHAM !!!
[7/6/2017 14:47:39] /bc O BOSS STRIKER ESTÁ NA CITY VENHAM !!!
[7/6/2017 14:47:39] /bc O BOSS STRIKER ESTÁ NA CITY VENHAM !!!
[7/6/2017 14:47:40] /bc O BOSS STRIKER ESTÁ NA CITY VENHAM !!!
[7/6/2017 14:47:40] /bc O BOSS STRIKER ESTÁ NA CITY VENHAM !!!
[7/6/2017 14:47:41] /bc O BOSS STRIKER ESTÁ NA CITY VENHAM !!!
[7/6/2017 14:47:41] /bc O BOSS STRIKER ESTÁ NA CITY VENHAM !!!
[7/6/2017 14:47:42] /bc O BOSS STRIKER ESTÁ NA CITY VENHAM !!!
[7/6/2017 14:47:43] /bc O BOSS STRIKER ESTÁ NA CITY VENHAM !!!
[7/6/2017 14:47:44] /bc O BOSS STRIKER ESTÁ NA CITY VENHAM !!!
[7/6/2017 14:47:50] /m the boss striker
[7/6/2017 14:47:52] /bc O BOSS STRIKER ESTÁ NA CITY VENHAM !!!
[7/6/2017 14:47:53] /bc O BOSS STRIKER ESTÁ NA CITY VENHAM !!!
[7/6/2017 14:47:53] /bc O BOSS STRIKER ESTÁ NA CITY VENHAM !!!
[7/6/2017 14:47:54] /bc O BOSS STRIKER ESTÁ NA CITY VENHAM !!!
[7/6/2017 14:47:55] /bc O BOSS STRIKER ESTÁ NA CITY VENHAM !!!
[7/6/2017 14:47:55] /bc O BOSS STRIKER ESTÁ NA CITY VENHAM !!!
[7/6/2017 14:47:56] /bc O BOSS STRIKER ESTÁ NA CITY VENHAM !!!
[7/6/2017 14:47:56] /bc O BOSS STRIKER ESTÁ NA CITY VENHAM !!!
[7/6/2017 14:47:56] /bc O BOSS STRIKER ESTÁ NA CITY VENHAM !!!
[7/6/2017 14:47:57] /bc O BOSS STRIKER ESTÁ NA CITY VENHAM !!!
[7/6/2017 14:47:58] /bc O BOSS STRIKER ESTÁ NA CITY VENHAM !!!
[7/6/2017 14:47:58] /bc O BOSS STRIKER ESTÁ NA CITY VENHAM !!!
[7/6/2017 14:47:59] /bc O BOSS STRIKER ESTÁ NA CITY VENHAM !!!
[7/6/2017 14:47:59] /bc O BOSS STRIKER ESTÁ NA CITY VENHAM !!!
[7/6/2017 14:48:0] /bc O BOSS STRIKER ESTÁ NA CITY VENHAM !!!
[7/6/2017 14:48:0] /bc O BOSS STRIKER ESTÁ NA CITY VENHAM !!!
[7/6/2017 14:48:0] /bc O BOSS STRIKER ESTÁ NA CITY VENHAM !!!
[7/6/2017 14:48:1] /bc O BOSS STRIKER ESTÁ NA CITY VENHAM !!!
[7/6/2017 14:48:1] /bc O BOSS STRIKER ESTÁ NA CITY VENHAM !!!
[7/6/2017 14:48:2] /bc O BOSS STRIKER ESTÁ NA CITY VENHAM !!!
[7/6/2017 14:48:2] /bc O BOSS STRIKER ESTÁ NA CITY VENHAM !!!
[7/6/2017 14:48:2] /bc O BOSS STRIKER ESTÁ NA CITY VENHAM !!!
[7/6/2017 14:48:3] /bc O BOSS STRIKER ESTÁ NA CITY VENHAM !!!
[7/6/2017 14:48:3] /bc O BOSS STRIKER ESTÁ NA CITY VENHAM !!!
[7/6/2017 14:48:4] /bc O BOSS STRIKER ESTÁ NA CITY VENHAM !!!
[7/6/2017 14:48:4] /bc O BOSS STRIKER ESTÁ NA CITY VENHAM !!!
[7/6/2017 14:48:5] /bc O BOSS STRIKER ESTÁ NA CITY VENHAM !!!
[7/6/2017 14:48:6] /bc O BOSS STRIKER ESTÁ NA CITY VENHAM !!!
[7/6/2017 14:48:6] /bc O BOSS STRIKER ESTÁ NA CITY VENHAM !!!
[7/6/2017 14:48:7] /bc O BOSS STRIKER ESTÁ NA CITY VENHAM !!!
[7/6/2017 14:48:7] /bc O BOSS STRIKER ESTÁ NA CITY VENHAM !!!
[7/6/2017 14:48:7] /bc O BOSS STRIKER ESTÁ NA CITY VENHAM !!!
[7/6/2017 14:48:8] /bc O BOSS STRIKER ESTÁ NA CITY VENHAM !!!
[7/6/2017 14:48:8] /bc O BOSS STRIKER ESTÁ NA CITY VENHAM !!!
[7/6/2017 14:48:9] /bc O BOSS STRIKER ESTÁ NA CITY VENHAM !!!
[7/6/2017 14:48:10] /bc O BOSS STRIKER ESTÁ NA CITY VENHAM !!!
[7/6/2017 14:48:10] /bc O BOSS STRIKER ESTÁ NA CITY VENHAM !!!
[7/6/2017 14:48:10] /bc O BOSS STRIKER ESTÁ NA CITY VENHAM !!!
[7/6/2017 14:48:10] /bc O BOSS STRIKER ESTÁ NA CITY VENHAM !!!
[7/6/2017 14:48:10] /bc O BOSS STRIKER ESTÁ NA CITY VENHAM !!!
[7/6/2017 14:48:11] /bc O BOSS STRIKER ESTÁ NA CITY VENHAM !!!
[7/6/2017 14:48:11] /bc O BOSS STRIKER ESTÁ NA CITY VENHAM !!!
[7/6/2017 14:48:12] /bc O BOSS STRIKER ESTÁ NA CITY VENHAM !!!
[7/6/2017 14:48:12] /bc O BOSS STRIKER ESTÁ NA CITY VENHAM !!!
[7/6/2017 14:48:12] /bc O BOSS STRIKER ESTÁ NA CITY VENHAM !!!
[7/6/2017 14:48:12] /bc O BOSS STRIKER ESTÁ NA CITY VENHAM !!!
[7/6/2017 14:48:13] /bc O BOSS STRIKER ESTÁ NA CITY VENHAM !!!
[7/6/2017 14:48:13] /bc O BOSS STRIKER ESTÁ NA CITY VENHAM !!!
[7/6/2017 14:48:14] /bc O BOSS STRIKER ESTÁ NA CITY VENHAM !!!
[7/6/2017 14:48:15] /bc O BOSS STRIKER ESTÁ NA CITY VENHAM !!!
[7/6/2017 14:48:15] /bc O BOSS STRIKER ESTÁ NA CITY VENHAM !!!
[7/6/2017 14:48:18] /bc O BOSS STRIKER ESTÁ NA CITY VENHAM !!!
[7/6/2017 14:50:1] /goto finger killer
[7/6/2017 14:50:4] /t
[7/6/2017 14:57:55] /goto rrabetao
[7/6/2017 14:58:3] /goto makzin
[7/6/2017 15:23:47] /t
[7/6/2017 16:3:22] /reload monsters
[7/6/2017 16:3:25] /up
[7/6/2017 16:3:26] /up
[7/6/2017 16:3:30] /up
[7/6/2017 16:3:35] /m guarda costas do god
[7/6/2017 16:3:56] /r
[7/6/2017 16:4:4] /t
[7/6/2017 16:4:36] /bc GALERA GUARDA COSTAS DO GOD NA CITY VEM ALL !!!!
[7/6/2017 16:4:38] /mode 2
[7/6/2017 16:4:42] /mode 1
[7/6/2017 16:4:45] /bc GALERA GUARDA COSTAS DO GOD NA CITY VEM ALL !!!!
[7/6/2017 16:4:46] /bc GALERA GUARDA COSTAS DO GOD NA CITY VEM ALL !!!!
[7/6/2017 16:4:46] /bc GALERA GUARDA COSTAS DO GOD NA CITY VEM ALL !!!!
[7/6/2017 16:4:46] /bc GALERA GUARDA COSTAS DO GOD NA CITY VEM ALL !!!!
[7/6/2017 16:4:47] /bc GALERA GUARDA COSTAS DO GOD NA CITY VEM ALL !!!!
[7/6/2017 16:4:47] /bc GALERA GUARDA COSTAS DO GOD NA CITY VEM ALL !!!!
[7/6/2017 16:4:48] /bc GALERA GUARDA COSTAS DO GOD NA CITY VEM ALL !!!!
[7/6/2017 16:4:48] /bc GALERA GUARDA COSTAS DO GOD NA CITY VEM ALL !!!!
[7/6/2017 16:4:49] /bc GALERA GUARDA COSTAS DO GOD NA CITY VEM ALL !!!!
[7/6/2017 16:4:49] /bc GALERA GUARDA COSTAS DO GOD NA CITY VEM ALL !!!!
[7/6/2017 16:4:49] /bc GALERA GUARDA COSTAS DO GOD NA CITY VEM ALL !!!!
[7/6/2017 16:4:50] /bc GALERA GUARDA COSTAS DO GOD NA CITY VEM ALL !!!!
[7/6/2017 16:4:50] /bc GALERA GUARDA COSTAS DO GOD NA CITY VEM ALL !!!!
[7/6/2017 16:4:50] /bc GALERA GUARDA COSTAS DO GOD NA CITY VEM ALL !!!!
[7/6/2017 16:4:51] /bc GALERA GUARDA COSTAS DO GOD NA CITY VEM ALL !!!!
[7/6/2017 16:4:57] /bc GALERA GUARDA COSTAS DO GOD NA CITY VEM ALL !!!! ( server no pvp por enquanto)
[7/6/2017 16:4:58] /bc GALERA GUARDA COSTAS DO GOD NA CITY VEM ALL !!!! ( server no pvp por enquanto)
[7/6/2017 16:4:59] /bc GALERA GUARDA COSTAS DO GOD NA CITY VEM ALL !!!! ( server no pvp por enquanto)
[7/6/2017 16:4:59] /bc GALERA GUARDA COSTAS DO GOD NA CITY VEM ALL !!!! ( server no pvp por enquanto)
[7/6/2017 16:5:0] /bc GALERA GUARDA COSTAS DO GOD NA CITY VEM ALL !!!! ( server no pvp por enquanto)
[7/6/2017 16:5:0] /bc GALERA GUARDA COSTAS DO GOD NA CITY VEM ALL !!!! ( server no pvp por enquanto)
[7/6/2017 16:5:1] /bc GALERA GUARDA COSTAS DO GOD NA CITY VEM ALL !!!! ( server no pvp por enquanto)
[7/6/2017 16:5:1] /bc GALERA GUARDA COSTAS DO GOD NA CITY VEM ALL !!!! ( server no pvp por enquanto)
[7/6/2017 16:5:1] /bc GALERA GUARDA COSTAS DO GOD NA CITY VEM ALL !!!! ( server no pvp por enquanto)
[7/6/2017 16:5:2] /bc GALERA GUARDA COSTAS DO GOD NA CITY VEM ALL !!!! ( server no pvp por enquanto)
[7/6/2017 16:5:2] /bc GALERA GUARDA COSTAS DO GOD NA CITY VEM ALL !!!! ( server no pvp por enquanto)
[7/6/2017 16:5:3] /bc GALERA GUARDA COSTAS DO GOD NA CITY VEM ALL !!!! ( server no pvp por enquanto)
[7/6/2017 16:5:4] /bc GALERA GUARDA COSTAS DO GOD NA CITY VEM ALL !!!! ( server no pvp por enquanto)
[7/6/2017 16:5:4] /bc GALERA GUARDA COSTAS DO GOD NA CITY VEM ALL !!!! ( server no pvp por enquanto)
[7/6/2017 16:5:11] /m guarda costas do god
[7/6/2017 16:5:47] /mute Perry, 20
[7/6/2017 16:8:2] /mode 2
[7/6/2017 16:11:56] /goto Perry
[7/6/2017 16:12:5] /goto Perry
[7/6/2017 16:12:7] /goto Perry
[7/6/2017 16:12:9] /goto Perry
[7/6/2017 16:12:11] /goto Perry
[7/6/2017 16:12:14] /t
[7/6/2017 17:46:4] /goto Prohibited Style
[7/6/2017 17:48:30] /clean
[7/6/2017 17:52:41] /goto finger killer
[7/6/2017 17:52:46] /t
[7/6/2017 17:58:16] /r
[7/6/2017 17:58:19] /r
[7/6/2017 17:58:23] /r
[7/6/2017 17:58:26] /r
[7/6/2017 17:58:34] /r
[7/6/2017 17:58:35] /r
[7/6/2017 17:58:50] /clean
[7/6/2017 18:37:29] /up
[7/6/2017 18:37:30] /up
[7/6/2017 18:37:32] /up
[7/6/2017 18:37:37] /m morgaroth
[7/6/2017 18:37:53] /t
[7/6/2017 18:40:8] /bc PORRA QUEM E O ADM NOOB QUE APERTA VARIAS VEZES A PORRA DA ALAVANCA DE INVASAO CARALHO?
[7/6/2017 18:40:9] /bc PORRA QUEM E O ADM NOOB QUE APERTA VARIAS VEZES A PORRA DA ALAVANCA DE INVASAO CARALHO?
[7/6/2017 18:40:10] /bc PORRA QUEM E O ADM NOOB QUE APERTA VARIAS VEZES A PORRA DA ALAVANCA DE INVASAO CARALHO?
[7/6/2017 18:40:11] /bc PORRA QUEM E O ADM NOOB QUE APERTA VARIAS VEZES A PORRA DA ALAVANCA DE INVASAO CARALHO?
[7/6/2017 18:40:11] /bc PORRA QUEM E O ADM NOOB QUE APERTA VARIAS VEZES A PORRA DA ALAVANCA DE INVASAO CARALHO?
[7/6/2017 18:40:12] /bc PORRA QUEM E O ADM NOOB QUE APERTA VARIAS VEZES A PORRA DA ALAVANCA DE INVASAO CARALHO?
[7/6/2017 18:40:12] /bc PORRA QUEM E O ADM NOOB QUE APERTA VARIAS VEZES A PORRA DA ALAVANCA DE INVASAO CARALHO?
[7/6/2017 18:40:13] /bc PORRA QUEM E O ADM NOOB QUE APERTA VARIAS VEZES A PORRA DA ALAVANCA DE INVASAO CARALHO?
[7/6/2017 18:40:13] /bc PORRA QUEM E O ADM NOOB QUE APERTA VARIAS VEZES A PORRA DA ALAVANCA DE INVASAO CARALHO?
[7/6/2017 18:40:14] /bc PORRA QUEM E O ADM NOOB QUE APERTA VARIAS VEZES A PORRA DA ALAVANCA DE INVASAO CARALHO?
[7/6/2017 18:41:17] /r
[7/6/2017 18:41:19] /r
[7/6/2017 18:41:20] /r
[7/6/2017 18:41:21] /r
[7/6/2017 18:41:21] /r
[7/6/2017 18:41:21] /r
[7/6/2017 18:41:23] /r
[7/6/2017 18:41:23] /r
[7/6/2017 18:41:23] /r
[7/6/2017 18:41:24] /r
[7/6/2017 18:42:1] /r
[7/6/2017 18:42:8] /r
[7/6/2017 18:42:8] /r
[7/6/2017 18:42:14] /r
[7/6/2017 18:42:15] /r
[7/6/2017 18:42:15] /r
[7/6/2017 18:42:15] /r
[7/6/2017 18:42:15] /r
[7/6/2017 18:42:15] /r
[7/6/2017 18:42:15] /r
[7/6/2017 18:42:16] /r
[7/6/2017 18:42:16] /r
[7/6/2017 18:42:16] /r
[7/6/2017 18:42:16] /r
[7/6/2017 18:42:16] /r
[7/6/2017 18:42:17] /r
[7/6/2017 18:42:17] /r
[7/6/2017 18:42:17] /r
[7/6/2017 18:42:17] /r
[7/6/2017 18:42:17] /r
[7/6/2017 18:42:18] /r
[7/6/2017 18:42:18] /r
[7/6/2017 18:43:7] /r
[7/6/2017 18:43:11] /r
[7/6/2017 18:43:13] /r
[7/6/2017 18:44:26] /bc TODOS ADM ABRE O CHAT ADIMINISTRAÇÃO AGORA!!
[7/6/2017 18:44:27] /bc TODOS ADM ABRE O CHAT ADIMINISTRAÇÃO AGORA!!
[7/6/2017 18:44:28] /bc TODOS ADM ABRE O CHAT ADIMINISTRAÇÃO AGORA!!
[7/6/2017 18:44:29] /bc TODOS ADM ABRE O CHAT ADIMINISTRAÇÃO AGORA!!
[7/6/2017 18:44:29] /bc TODOS ADM ABRE O CHAT ADIMINISTRAÇÃO AGORA!!
[7/6/2017 18:44:30] /bc TODOS ADM ABRE O CHAT ADIMINISTRAÇÃO AGORA!!
[7/6/2017 18:44:30] /bc TODOS ADM ABRE O CHAT ADIMINISTRAÇÃO AGORA!!
[7/6/2017 18:44:30] /bc TODOS ADM ABRE O CHAT ADIMINISTRAÇÃO AGORA!!
[7/6/2017 18:44:31] /bc TODOS ADM ABRE O CHAT ADIMINISTRAÇÃO AGORA!!
[7/6/2017 18:44:31] /bc TODOS ADM ABRE O CHAT ADIMINISTRAÇÃO AGORA!!
[7/6/2017 18:44:32] /bc TODOS ADM ABRE O CHAT ADIMINISTRAÇÃO AGORA!!
[7/6/2017 18:44:32] /bc TODOS ADM ABRE O CHAT ADIMINISTRAÇÃO AGORA!!
[7/6/2017 18:44:32] /bc TODOS ADM ABRE O CHAT ADIMINISTRAÇÃO AGORA!!
[7/6/2017 18:44:32] /bc TODOS ADM ABRE O CHAT ADIMINISTRAÇÃO AGORA!!
[7/6/2017 18:44:33] /bc TODOS ADM ABRE O CHAT ADIMINISTRAÇÃO AGORA!!
[7/6/2017 18:44:33] /bc TODOS ADM ABRE O CHAT ADIMINISTRAÇÃO AGORA!!
[7/6/2017 18:44:34] /bc TODOS ADM ABRE O CHAT ADIMINISTRAÇÃO AGORA!!
[7/6/2017 18:44:34] /bc TODOS ADM ABRE O CHAT ADIMINISTRAÇÃO AGORA!!
[7/6/2017 18:44:34] /bc TODOS ADM ABRE O CHAT ADIMINISTRAÇÃO AGORA!!
[7/6/2017 18:44:34] /bc TODOS ADM ABRE O CHAT ADIMINISTRAÇÃO AGORA!!
[7/6/2017 18:48:58] /promote Jhon Mike
[7/6/2017 18:48:58] /promote Jhon Mike
[7/6/2017 18:48:59] /promote Jhon Mike
[7/6/2017 18:48:59] /promote Jhon Mike
[7/6/2017 18:49:0] /promote Jhon Mike
[7/6/2017 18:49:0] /promote Jhon Mike
[7/6/2017 23:18:59] /up
[7/6/2017 23:18:59] /up
[7/6/2017 23:19:0] /up
[7/6/2017 23:19:3] /i 457
[7/6/2017 23:19:6] /t
[7/6/2017 23:32:17] /promote Clayverson
[7/6/2017 23:32:18] /promote Clayverson
[7/6/2017 23:32:18] /promote Clayverson
[7/6/2017 23:32:20] /promote Clayverson
[7/6/2017 23:32:20] /promote Clayverson
[7/6/2017 23:32:21] /promote Clayverson
[7/6/2017 23:32:24] /kick Clayverson
[7/6/2017 23:42:34] /goto fortuna on
[7/6/2017 23:42:54] /r 100
[7/6/2017 23:42:56] /r 100
[7/6/2017 23:43:36] /i double exp
[7/6/2017 23:43:38] /i double exp
[7/6/2017 23:43:39] /i double exp
[7/6/2017 23:43:39] /i double exp
[7/6/2017 23:43:39] /i double exp
[7/6/2017 23:43:40] /i double exp
[7/6/2017 23:43:40] /i double exp
[7/6/2017 23:43:41] /i double exp
[7/6/2017 23:43:41] /i double exp
[7/6/2017 23:43:42] /i double exp
[7/6/2017 23:43:42] /i double exp
[7/6/2017 23:43:43] /i double exp
[7/6/2017 23:43:44] /i double exp
[7/6/2017 23:43:44] /i double exp
[7/6/2017 23:43:45] /i double exp
[7/6/2017 23:43:45] /i double exp
[7/6/2017 23:43:45] /i double exp
[7/6/2017 23:43:46] /i double exp
[7/6/2017 23:43:46] /i double exp
[7/6/2017 23:43:47] /i double exp
[7/6/2017 23:43:53] /i bag
[7/6/2017 23:44:3] /i cave exclusiva
[7/6/2017 23:44:4] /i cave exclusiva
[7/6/2017 23:44:5] /i cave exclusiva
[7/6/2017 23:44:6] /i cave exclusiva
[7/6/2017 23:44:6] /i cave exclusiva
[7/6/2017 23:44:7] /i cave exclusiva
[7/6/2017 23:44:8] /i cave exclusiva
[7/6/2017 23:44:44] /goto lucaz
[7/6/2017 23:45:4] /t
[7/6/2017 23:45:41] /goto expert
[7/6/2017 23:46:3] /t
[7/6/2017 23:56:2] /i backpack
[7/6/2017 23:56:5] /i gold ingot
[7/6/2017 23:57:1] /t
[8/6/2017 0:6:20] /goto baylor
[8/6/2017 0:6:34] /t
[8/6/2017 8:39:40] /t
[8/6/2017 8:42:30] /t
[8/6/2017 9:57:34] /goto tulim
[8/6/2017 9:57:37] /goto tulin
[8/6/2017 9:57:51] /goto Tulin
[8/6/2017 10:12:49] /m the boss striker
[8/6/2017 10:12:53] /bc BOSS NA CITY
[8/6/2017 10:12:53] /bc BOSS NA CITY
[8/6/2017 10:12:54] /bc BOSS NA CITY
[8/6/2017 10:12:54] /bc BOSS NA CITY
[8/6/2017 10:12:55] /bc BOSS NA CITY
[8/6/2017 10:12:55] /bc BOSS NA CITY
[8/6/2017 10:12:55] /bc BOSS NA CITY
[8/6/2017 10:12:56] /bc BOSS NA CITY
[8/6/2017 10:12:56] /bc BOSS NA CITY
[8/6/2017 10:12:56] /bc BOSS NA CITY
[8/6/2017 10:12:57] /bc BOSS NA CITY
[8/6/2017 10:12:57] /bc BOSS NA CITY
[8/6/2017 10:12:58] /bc BOSS NA CITY
[8/6/2017 10:12:58] /bc BOSS NA CITY
[8/6/2017 10:12:58] /bc BOSS NA CITY
[8/6/2017 10:12:59] /bc BOSS NA CITY
[8/6/2017 10:12:59] /bc BOSS NA CITY
[8/6/2017 10:13:1] /bc BOSS NA CITY
[8/6/2017 10:13:1] /bc BOSS NA CITY
[8/6/2017 10:13:2] /bc BOSS NA CITY
[8/6/2017 10:13:2] /bc BOSS NA CITY
[8/6/2017 10:13:2] /bc BOSS NA CITY
[8/6/2017 10:13:3] /bc BOSS NA CITY
[8/6/2017 10:13:3] /bc BOSS NA CITY
[8/6/2017 10:13:3] /bc BOSS NA CITY
[8/6/2017 10:13:4] /bc BOSS NA CITY
[8/6/2017 10:13:4] /bc BOSS NA CITY
[8/6/2017 10:13:5] /bc BOSS NA CITY
[8/6/2017 10:13:5] /bc BOSS NA CITY
[8/6/2017 10:13:5] /bc BOSS NA CITY
[8/6/2017 10:13:6] /bc BOSS NA CITY
[8/6/2017 10:13:6] /bc BOSS NA CITY
[8/6/2017 10:13:7] /bc BOSS NA CITY
[8/6/2017 10:38:33] /goto pandoro
[8/6/2017 10:44:18] /bc green TS do servidor --> ts3.baixarei.net:784
[8/6/2017 10:44:19] /bc green TS do servidor --> ts3.baixarei.net:784
[8/6/2017 10:44:20] /bc green TS do servidor --> ts3.baixarei.net:784
[8/6/2017 10:44:20] /bc green TS do servidor --> ts3.baixarei.net:784
[8/6/2017 10:44:21] /bc green TS do servidor --> ts3.baixarei.net:784
[8/6/2017 10:44:21] /bc green TS do servidor --> ts3.baixarei.net:784
[8/6/2017 10:44:22] /bc green TS do servidor --> ts3.baixarei.net:784
[8/6/2017 10:44:22] /bc green TS do servidor --> ts3.baixarei.net:784
[8/6/2017 10:44:23] /bc green TS do servidor --> ts3.baixarei.net:784
[8/6/2017 10:44:23] /bc green TS do servidor --> ts3.baixarei.net:784
[8/6/2017 10:44:23] /bc green TS do servidor --> ts3.baixarei.net:784
[8/6/2017 10:44:24] /bc green TS do servidor --> ts3.baixarei.net:784
[8/6/2017 10:44:24] /bc green TS do servidor --> ts3.baixarei.net:784
[8/6/2017 10:44:25] /bc green TS do servidor --> ts3.baixarei.net:784
[8/6/2017 10:44:25] /bc green TS do servidor --> ts3.baixarei.net:784
[8/6/2017 10:44:25] /bc green TS do servidor --> ts3.baixarei.net:784
[8/6/2017 10:44:26] /bc green TS do servidor --> ts3.baixarei.net:784
[8/6/2017 10:44:26] /bc green TS do servidor --> ts3.baixarei.net:784
[8/6/2017 10:44:26] /bc green TS do servidor --> ts3.baixarei.net:784
[8/6/2017 10:44:27] /bc green TS do servidor --> ts3.baixarei.net:784
[8/6/2017 10:44:27] /bc green TS do servidor --> ts3.baixarei.net:784
[8/6/2017 10:44:27] /bc green TS do servidor --> ts3.baixarei.net:784
[8/6/2017 10:44:28] /bc green TS do servidor --> ts3.baixarei.net:784
[8/6/2017 10:44:28] /bc green TS do servidor --> ts3.baixarei.net:784
[8/6/2017 10:44:28] /bc green TS do servidor --> ts3.baixarei.net:784
[8/6/2017 10:44:29] /bc green TS do servidor --> ts3.baixarei.net:784
[8/6/2017 10:56:18] /clean
[8/6/2017 10:56:29] /goto mantra
[8/6/2017 10:56:38] /goto paulo kina
[8/6/2017 10:56:40] /t
[8/6/2017 11:7:13] /bc GoGo Team ... ( Quest Promotion ) Go Fast ..........  have 6 player now
[8/6/2017 11:7:14] /bc GoGo Team ... ( Quest Promotion ) Go Fast ..........  have 6 player now
[8/6/2017 11:7:15] /bc GoGo Team ... ( Quest Promotion ) Go Fast ..........  have 6 player now
[8/6/2017 11:7:15] /bc GoGo Team ... ( Quest Promotion ) Go Fast ..........  have 6 player now
[8/6/2017 11:7:16] /bc GoGo Team ... ( Quest Promotion ) Go Fast ..........  have 6 player now
[8/6/2017 11:7:16] /bc GoGo Team ... ( Quest Promotion ) Go Fast ..........  have 6 player now
[8/6/2017 11:7:17] /bc GoGo Team ... ( Quest Promotion ) Go Fast ..........  have 6 player now
[8/6/2017 11:7:17] /bc GoGo Team ... ( Quest Promotion ) Go Fast ..........  have 6 player now
[8/6/2017 11:7:18] /bc GoGo Team ... ( Quest Promotion ) Go Fast ..........  have 6 player now
[8/6/2017 11:30:54] /t
[8/6/2017 11:51:35] /i 8535
[8/6/2017 11:55:30] /reload talkaction
[8/6/2017 11:56:2] /reload talkactions
[8/6/2017 11:56:37] /clean
[8/6/2017 11:57:36] /reload talkactions
[8/6/2017 11:58:2] /clean
[8/6/2017 12:17:9] /goto Destroyer Killer
[8/6/2017 12:18:15] /t
[8/6/2017 12:25:53] /goto Crover
[8/6/2017 12:26:26] /goto perry
[8/6/2017 12:26:31] /goto crover
[8/6/2017 12:27:5] /t
