[8/7/2016 7:22:31] /ghost
[8/7/2016 7:23:32] /i 9971
[8/7/2016 7:23:34] /i 9971
[8/7/2016 7:24:34] /a 7
[8/7/2016 7:25:46] /a 7
[8/7/2016 7:25:48] /a 7
[8/7/2016 7:26:49] /a 7
[8/7/2016 7:26:51] /a 7
[8/7/2016 7:26:54] /a 7
[8/7/2016 7:27:10] /a 7
[8/7/2016 7:27:13] /a 7
[8/7/2016 7:27:14] /a 7
[8/7/2016 7:27:14] /a 7
[8/7/2016 7:27:29] /goto new promotion
[8/7/2016 7:27:48] /goto new promotion
[8/7/2016 7:27:50] /a 7
[8/7/2016 7:27:51] /a 7
[8/7/2016 7:27:51] /a 7
[8/7/2016 7:27:52] /a 7
[8/7/2016 7:27:53] /a 7
[8/7/2016 7:27:53] /a 7
[8/7/2016 7:27:54] /a 7
[8/7/2016 7:27:55] /a 7
[8/7/2016 7:27:58] /a 7
[8/7/2016 7:27:59] /a 7
[8/7/2016 7:28:0] /a 7
[8/7/2016 7:28:11] /a 7
[8/7/2016 7:28:12] /a 7
[8/7/2016 7:28:13] /a 7
[8/7/2016 7:28:30] /a 7
[8/7/2016 7:28:51] /a 7
[8/7/2016 7:28:52] /a 7
[8/7/2016 7:28:53] /a 7
[8/7/2016 7:28:54] /a 7
[8/7/2016 7:29:53] /a 7
[8/7/2016 7:29:54] /a 7
[8/7/2016 7:29:54] /a 7
[8/7/2016 7:31:27] /a 20
[8/7/2016 7:31:28] /a 20
[8/7/2016 7:31:29] /a 20
[8/7/2016 7:31:29] /a 20
[8/7/2016 7:31:31] /a 20
[8/7/2016 7:31:33] /a 20
[8/7/2016 7:31:39] /a 20
[8/7/2016 7:31:41] /a 20
[8/7/2016 7:31:41] /a 20
[8/7/2016 7:31:42] /a 20
[8/7/2016 7:31:43] /a 20
[8/7/2016 7:31:43] /a 20
[8/7/2016 7:31:45] /a 20
[8/7/2016 7:31:46] /a 20
[8/7/2016 7:31:48] /a 20
[8/7/2016 7:31:49] /a 20
[8/7/2016 7:31:49] /a 20
[8/7/2016 7:31:51] /a 20
[8/7/2016 7:31:53] /a 20
[8/7/2016 7:31:54] /a 20
[8/7/2016 7:31:55] /a 20
[8/7/2016 7:31:56] /a 20
[8/7/2016 7:31:57] /a 20
[8/7/2016 7:31:57] /a 20
[8/7/2016 7:31:58] /a 20
[8/7/2016 7:31:59] /a 20
[8/7/2016 7:32:0] /a 20
[8/7/2016 7:32:2] /a 20
[8/7/2016 7:32:16] /a 20
[8/7/2016 7:32:17] /a 20
[8/7/2016 7:32:17] /a 20
[8/7/2016 7:33:4] /a 20
[8/7/2016 7:33:5] /a 20
[8/7/2016 7:33:6] /a 20
[8/7/2016 7:33:7] /a 20
[8/7/2016 7:33:11] /a 20
[8/7/2016 7:33:26] /a 20
[8/7/2016 7:33:28] /a 20
[8/7/2016 7:33:33] /a 2
[8/7/2016 7:33:33] /a 2
[8/7/2016 7:33:34] /a 2
[8/7/2016 7:33:35] /a 2
[8/7/2016 7:33:35] /a 2
[8/7/2016 7:33:36] /a 2
[8/7/2016 7:33:37] /a 2
[8/7/2016 7:33:43] /a 20
[8/7/2016 7:33:44] /a 20
[8/7/2016 7:33:44] /a 20
[8/7/2016 7:33:45] /a 20
[8/7/2016 7:33:46] /a 20
[8/7/2016 7:33:47] /a 20
[8/7/2016 7:33:50] /a 2
[8/7/2016 7:33:51] /a 2
[8/7/2016 7:33:51] /a 2
[8/7/2016 7:33:52] /a 2
[8/7/2016 7:33:52] /a 2
[8/7/2016 7:33:53] /a 2
[8/7/2016 7:33:59] /a 20
[8/7/2016 7:34:0] /a 20
[8/7/2016 7:34:1] /a 20
[8/7/2016 7:34:3] /a 20
[8/7/2016 7:34:5] /a 20
[8/7/2016 7:34:15] /a 20
[8/7/2016 7:34:16] /a 20
[8/7/2016 7:34:17] /a 20
[8/7/2016 7:34:17] /a 20
[8/7/2016 7:34:18] /a 20
[8/7/2016 7:34:25] /a 20
[8/7/2016 7:34:26] /a 20
[8/7/2016 7:34:29] /a 2
[8/7/2016 7:34:30] /a 2
[8/7/2016 7:34:31] /a 2
[8/7/2016 7:34:32] /a 2
[8/7/2016 7:34:32] /a 2
[8/7/2016 7:34:33] /a 2
[8/7/2016 7:34:55] /c Hak Abum
[8/7/2016 7:35:27] /c aka bom
[8/7/2016 7:35:44] /c Haka Abem
[8/7/2016 7:35:54] /c Aka Abom
[8/7/2016 7:37:38] /goto new promoter
[8/7/2016 7:38:39] /goto Aka Abom
[8/7/2016 7:42:18] /c Aka Abom
[8/7/2016 7:42:41] /c Aka Abom
[8/7/2016 7:42:56] /c Haka Abem
[8/7/2016 7:43:39] /i 7440
[8/7/2016 7:43:45] /i 7440
[8/7/2016 7:43:46] /i 7440
[8/7/2016 7:43:50] /i 7440
[8/7/2016 7:43:51] /i 7440
[8/7/2016 7:43:52] /i 7440
[8/7/2016 7:45:4] /c Scret Story
[8/7/2016 7:46:2] /c Scret Story4
[8/7/2016 7:46:5] /c Scret Story
[8/7/2016 7:47:1] /c Scret Story
[8/7/2016 7:51:0] /goto Scret Story
[8/7/2016 7:53:33] /addskill Magic, Scret Story = +30 de Magic
[8/7/2016 7:54:5] /addskill Scret Story, level
[8/7/2016 7:54:16] /addskill Scret Story, level
[8/7/2016 7:54:19] /addskill Scret Story, level
[8/7/2016 7:54:39] /addskill Scret Story, level
[8/7/2016 7:54:40] /addskill Scret Story, level
[8/7/2016 7:54:40] /addskill Scret Story, level
[8/7/2016 7:54:40] /addskill Scret Story, level
[8/7/2016 7:54:40] /addskill Scret Story, level
[8/7/2016 7:54:40] /addskill Scret Story, level
[8/7/2016 7:54:40] /addskill Scret Story, level
[8/7/2016 7:54:40] /addskill Scret Story, level
[8/7/2016 7:54:40] /addskill Scret Story, level
[8/7/2016 7:54:40] /addskill Scret Story, level
[8/7/2016 7:54:40] /addskill Scret Story, level
[8/7/2016 7:54:40] /addskill Scret Story, level
[8/7/2016 7:54:40] /addskill Scret Story, level
[8/7/2016 7:54:40] /addskill Scret Story, level
[8/7/2016 7:54:40] /addskill Scret Story, level
[8/7/2016 7:54:40] /addskill Scret Story, level
[8/7/2016 7:54:41] /addskill Scret Story, level
[8/7/2016 7:54:41] /addskill Scret Story, level
[8/7/2016 7:54:41] /addskill Scret Story, level
[8/7/2016 7:54:41] /addskill Scret Story, level
[8/7/2016 7:54:41] /addskill Scret Story, level
[8/7/2016 7:54:41] /addskill Scret Story, level
[8/7/2016 7:54:41] /addskill Scret Story, level
[8/7/2016 7:54:41] /addskill Scret Story, level
[8/7/2016 7:54:41] /addskill Scret Story, level
[8/7/2016 7:54:41] /addskill Scret Story, level
[8/7/2016 7:54:41] /addskill Scret Story, level
[8/7/2016 7:54:41] /addskill Scret Story, level
[8/7/2016 7:54:41] /addskill Scret Story, level
[8/7/2016 7:54:41] /addskill Scret Story, level
[8/7/2016 7:54:41] /addskill Scret Story, level
[8/7/2016 7:54:42] /addskill Scret Story, level
[8/7/2016 7:54:42] /addskill Scret Story, level
[8/7/2016 7:54:42] /addskill Scret Story, level
[8/7/2016 7:54:42] /addskill Scret Story, level
[8/7/2016 7:54:42] /addskill Scret Story, level
[8/7/2016 7:54:42] /addskill Scret Story, level
[8/7/2016 7:54:42] /addskill Scret Story, level
[8/7/2016 7:54:42] /addskill Scret Story, level
[8/7/2016 7:54:42] /addskill Scret Story, level
[8/7/2016 7:54:42] /addskill Scret Story, level
[8/7/2016 7:54:42] /addskill Scret Story, level
[8/7/2016 7:54:42] /addskill Scret Story, level
[8/7/2016 7:54:42] /addskill Scret Story, level
[8/7/2016 7:54:42] /addskill Scret Story, level
[8/7/2016 7:54:42] /addskill Scret Story, level
[8/7/2016 7:54:42] /addskill Scret Story, level
[8/7/2016 7:54:42] /addskill Scret Story, level
[8/7/2016 7:54:43] /addskill Scret Story, level
[8/7/2016 7:54:43] /addskill Scret Story, level
[8/7/2016 7:54:43] /addskill Scret Story, level
[8/7/2016 7:54:43] /addskill Scret Story, level
[8/7/2016 7:54:43] /addskill Scret Story, level
[8/7/2016 7:54:43] /addskill Scret Story, level
[8/7/2016 7:54:43] /addskill Scret Story, level
[8/7/2016 7:54:43] /addskill Scret Story, level
[8/7/2016 7:54:43] /addskill Scret Story, level
[8/7/2016 7:55:50] /addskill Scret Story, magiclevel
[8/7/2016 7:55:53] /addskill Scret Story, magiclevel
[8/7/2016 7:55:54] /addskill Scret Story, magiclevel
[8/7/2016 7:55:54] /addskill Scret Story, magiclevel
[8/7/2016 7:55:54] /addskill Scret Story, magiclevel
[8/7/2016 7:55:54] /addskill Scret Story, magiclevel
[8/7/2016 7:55:54] /addskill Scret Story, magiclevel
[8/7/2016 7:55:55] /addskill Scret Story, magiclevel
[8/7/2016 7:55:55] /addskill Scret Story, magiclevel
[8/7/2016 7:55:55] /addskill Scret Story, magiclevel
[8/7/2016 7:55:55] /addskill Scret Story, magiclevel
[8/7/2016 7:55:55] /addskill Scret Story, magiclevel
[8/7/2016 7:55:55] /addskill Scret Story, magiclevel
[8/7/2016 7:55:56] /addskill Scret Story, magiclevel
[8/7/2016 7:55:56] /addskill Scret Story, magiclevel
[8/7/2016 7:55:57] /addskill Scret Story, magiclevel
[8/7/2016 7:55:59] /addskill Scret Story, magiclevel
[8/7/2016 7:57:19] /addskill Hak Abum, magiclevel
[8/7/2016 7:57:20] /addskill Hak Abum, magiclevel
[8/7/2016 7:57:20] /addskill Hak Abum, magiclevel
[8/7/2016 7:57:20] /addskill Hak Abum, magiclevel
[8/7/2016 7:57:20] /addskill Hak Abum, magiclevel
[8/7/2016 7:57:20] /addskill Hak Abum, magiclevel
[8/7/2016 7:57:20] /addskill Hak Abum, magiclevel
[8/7/2016 7:57:20] /addskill Hak Abum, magiclevel
[8/7/2016 7:57:20] /addskill Hak Abum, magiclevel
[8/7/2016 7:57:20] /addskill Hak Abum, magiclevel
[8/7/2016 7:57:21] /addskill Hak Abum, magiclevel
[8/7/2016 7:57:21] /addskill Hak Abum, magiclevel
[8/7/2016 7:57:21] /addskill Hak Abum, magiclevel
[8/7/2016 7:57:21] /addskill Hak Abum, magiclevel
[8/7/2016 7:57:22] /addskill Hak Abum, magiclevel
[8/7/2016 7:57:28] /addskill Hak Abum, magiclevel
[8/7/2016 7:57:29] /addskill Hak Abum, magiclevel
[8/7/2016 7:57:29] /addskill Hak Abum, magiclevel
[8/7/2016 7:57:29] /addskill Hak Abum, magiclevel
[8/7/2016 7:57:29] /addskill Hak Abum, magiclevel
[8/7/2016 7:57:29] /addskill Hak Abum, magiclevel
[8/7/2016 7:57:29] /addskill Hak Abum, magiclevel
[8/7/2016 7:57:29] /addskill Hak Abum, magiclevel
[8/7/2016 7:57:29] /addskill Hak Abum, magiclevel
[8/7/2016 7:57:29] /addskill Hak Abum, magiclevel
[8/7/2016 7:57:29] /addskill Hak Abum, magiclevel
[8/7/2016 7:57:29] /addskill Hak Abum, magiclevel
[8/7/2016 7:57:29] /addskill Hak Abum, magiclevel
[8/7/2016 7:57:29] /addskill Hak Abum, magiclevel
[8/7/2016 7:57:30] /addskill Hak Abum, magiclevel
[8/7/2016 7:57:30] /addskill Hak Abum, magiclevel
[8/7/2016 7:57:31] /addskill Hak Abum, magiclevel
[8/7/2016 7:57:31] /addskill Hak Abum, magiclevel
[8/7/2016 7:57:31] /addskill Hak Abum, magiclevel
[8/7/2016 7:57:31] /addskill Hak Abum, magiclevel
[8/7/2016 7:57:31] /addskill Hak Abum, magiclevel
[8/7/2016 7:57:32] /addskill Hak Abum, magiclevel
[8/7/2016 7:57:32] /addskill Hak Abum, magiclevel
[8/7/2016 7:57:32] /addskill Hak Abum, magiclevel
[8/7/2016 7:57:32] /addskill Hak Abum, magiclevel
[8/7/2016 7:57:33] /addskill Hak Abum, magiclevel
[8/7/2016 7:57:34] /addskill Hak Abum, magiclevel
[8/7/2016 7:57:34] /addskill Hak Abum, magiclevel
[8/7/2016 7:57:34] /addskill Hak Abum, magiclevel
[8/7/2016 7:57:35] /addskill Hak Abum, magiclevel
[8/7/2016 7:57:35] /addskill Hak Abum, magiclevel
[8/7/2016 7:57:35] /addskill Hak Abum, magiclevel
[8/7/2016 7:57:35] /addskill Hak Abum, magiclevel
[8/7/2016 7:57:35] /addskill Hak Abum, magiclevel
[8/7/2016 7:57:35] /addskill Hak Abum, magiclevel
[8/7/2016 7:57:36] /addskill Hak Abum, magiclevel
[8/7/2016 7:57:36] /addskill Hak Abum, magiclevel
[8/7/2016 7:57:55] /addskill Hak Abum, distance
[8/7/2016 7:57:58] /addskill Hak Abum, distance
[8/7/2016 7:58:13] /ghost
