[22/6/2017 10:54:2] /c Clayverson
[22/6/2017 10:54:27] /c Clayverson
[22/6/2017 10:58:13] /t
[22/6/2017 22:27:35] /bc PARA OS NOVOS PLAYERS, QUE NÂO SABEM COMO USAR O AUTOLOOT E MINING, NA PAGINA DO FACEBOOK: https://www.facebook.com/Baiakinho-1305789806137280/ TEM UM TUTORIAL LÀ! :D
[23/6/2017 11:35:35] /t Push Easy
[23/6/2017 11:37:31] /t Push Easy
[26/6/2017 15:30:10] /t Joga Facil Sz
[26/6/2017 17:7:3] /c Between Aka Parcel
[26/6/2017 18:36:0] /c Cdm Violantions
[26/6/2017 22:5:57] /t Fearless
[27/6/2017 13:31:32] /t Dumbi
[27/6/2017 13:31:42] /t Dumbi
[27/6/2017 13:35:38] /kick Troca De itens
[27/6/2017 13:35:54] /kick Troca de itens
[27/6/2017 13:42:54] /c Troca de itens
[27/6/2017 13:42:57] /up
[27/6/2017 13:42:59] /up
[27/6/2017 13:43:2] /up
[27/6/2017 13:43:5] /c Troca De Itens
[27/6/2017 13:43:43] /t Troca de itens
[27/6/2017 13:43:43] /t
[27/6/2017 14:26:28] /goto Gustaviinho Dashow
[27/6/2017 14:26:36] /t
[27/6/2017 15:37:12] /kick Shaky Douster
[27/6/2017 16:14:44] /goto Aello
[27/6/2017 16:15:3] /t
[27/6/2017 16:15:12] /goto Psy Trance
[27/6/2017 16:16:42] /goto Psy Trance
[27/6/2017 16:16:49] /goto Psy Trance
[27/6/2017 16:16:50] /goto Psy Trance
[27/6/2017 16:17:33] /a
[27/6/2017 16:18:5] /goto Psy Trance
[27/6/2017 16:18:11] /goto Storm Crazy
[27/6/2017 16:18:18] /goto Storm Crazy
[27/6/2017 16:18:38] /goto Storm Crazy
[27/6/2017 16:19:1] /t
[27/6/2017 16:19:15] /goto Storm Crazy
[27/6/2017 16:19:17] /goto Storm Crazy
[27/6/2017 16:19:18] /goto Storm Crazy
[27/6/2017 16:19:20] /goto Storm Crazy
[27/6/2017 16:19:21] /goto Storm Crazy
[27/6/2017 16:19:22] /goto Storm Crazy
[27/6/2017 16:19:27] /goto Storm Crazy /goto Storm Crazy
[27/6/2017 16:19:28] /goto Storm Crazy
[27/6/2017 16:20:27] /t
[27/6/2017 17:51:39] /goto Erik
[27/6/2017 17:51:51] /t
[27/6/2017 18:12:44] /kick Assessin Creeds
