[8/11/2016 1:15:17] /b Galera desculpa o tempo offline deu uns problemas na reinstalação não consegui volta o ot rapido como tinha prometido, foi reinstalado todo o dedicado com novas conexões, principalmente no site que estava tendo muitos ataques e caindo direto...
[8/11/2016 1:15:29] /b Podem jogar tranquilos agora que não ficará mais offline!
[8/11/2016 1:16:51] /i 9146
[8/11/2016 1:16:53] /i 9146
[8/11/2016 1:16:54] /i 9146
[8/11/2016 1:16:58] /i 9146
[8/11/2016 1:17:0] /i 9146
[8/11/2016 1:17:9] /i 11094
[8/11/2016 1:17:18] /i 11059
[8/11/2016 1:23:44] /i 9225
[8/11/2016 10:57:54] /ghost
[8/11/2016 10:57:57] /ghost
[8/11/2016 13:40:5] /goto Fujyro Nakomby
[8/11/2016 13:40:12] /goto Fujyro Nakomby
[8/11/2016 13:40:15] /ghost
[8/11/2016 13:40:18] /ghost
[8/11/2016 13:40:31] /t
[9/11/2016 14:48:16] /kick Foxskwzy
[9/11/2016 14:48:57] /ghost
[9/11/2016 14:49:2] /ghost
[9/11/2016 14:49:8] /a 1
[9/11/2016 14:49:11] /ghost
[9/11/2016 14:49:18] /ghost
[9/11/2016 14:50:32] /i 9146
[9/11/2016 14:50:34] /i 9146
[9/11/2016 14:50:35] /i 9146
[9/11/2016 14:50:38] /i 9146
[9/11/2016 14:50:48] /i 11059
[14/11/2016 11:40:23] /i New Pally Bow
[14/11/2016 11:40:25] /i New Pally axe
[14/11/2016 11:40:40] /i new knight sword
[14/11/2016 11:40:48] /i New Kina Club
[14/11/2016 11:41:52] /i New Mage Helmet
[14/11/2016 11:57:32] /i New Mage Staff
[15/11/2016 0:37:37] /t
[15/11/2016 0:38:34] /goto dodge seller
[15/11/2016 0:42:22] /t
[15/11/2016 11:59:5] /t
[15/11/2016 12:1:10] /i 9932
[15/11/2016 12:1:21] /i 12649
[15/11/2016 12:2:33] /i pair of soft boots
[15/11/2016 12:2:39] /i 6131
[15/11/2016 12:2:40] /i 6133
[15/11/2016 12:2:42] /r
[15/11/2016 12:2:54] /i boots of waterwalking
[16/11/2016 5:16:46] /t
[16/11/2016 5:17:2] /goto richard henrique
[16/11/2016 5:17:8] /a 2
[16/11/2016 5:20:49] /attr set name mega axe
[16/11/2016 5:21:0] /attr name lol
[16/11/2016 5:21:6] /attr name "lol"
[16/11/2016 5:21:10] /attr name, lol
[16/11/2016 5:21:14] /attr name
[16/11/2016 5:21:20] /attr name testando axe
[16/11/2016 5:22:12] /a 2
[16/11/2016 5:22:16] /a 2
[16/11/2016 5:22:16] /a 2
[16/11/2016 5:22:16] /a 2
[16/11/2016 5:22:17] /a 2
[16/11/2016 5:22:17] /a 2
[16/11/2016 5:22:17] /a 2
[16/11/2016 5:22:18] /a 2
[16/11/2016 5:22:19] /a 2
[16/11/2016 5:22:19] /a 2
[16/11/2016 5:22:21] /t
[25/4/2017 16:37:38] /cliport
