[2/7/2017 22:38:6] /t
[2/7/2017 22:38:21] /a 200
[2/7/2017 22:38:27] /t
[2/7/2017 22:39:23] /up 3
[2/7/2017 22:39:27] /c Jean Grey
[2/7/2017 22:39:29] /ghost
[2/7/2017 22:40:46] /t Jean Grey
[2/7/2017 22:41:2] /t
[2/7/2017 22:45:43] /bc 22:45 Quiit Laska [473]: GOGO NEED PLAYERS PRA QUEST PROMOTE GOGO PEDE PT NO TEMPLO
[2/7/2017 22:45:44] /bc 22:45 Quiit Laska [473]: GOGO NEED PLAYERS PRA QUEST PROMOTE GOGO PEDE PT NO TEMPLO
[2/7/2017 22:45:44] /bc 22:45 Quiit Laska [473]: GOGO NEED PLAYERS PRA QUEST PROMOTE GOGO PEDE PT NO TEMPLO
[2/7/2017 22:45:45] /bc 22:45 Quiit Laska [473]: GOGO NEED PLAYERS PRA QUEST PROMOTE GOGO PEDE PT NO TEMPLO
[2/7/2017 22:45:45] /bc 22:45 Quiit Laska [473]: GOGO NEED PLAYERS PRA QUEST PROMOTE GOGO PEDE PT NO TEMPLO
[2/7/2017 22:45:46] /bc 22:45 Quiit Laska [473]: GOGO NEED PLAYERS PRA QUEST PROMOTE GOGO PEDE PT NO TEMPLO
[2/7/2017 22:45:47] /bc 22:45 Quiit Laska [473]: GOGO NEED PLAYERS PRA QUEST PROMOTE GOGO PEDE PT NO TEMPLO
[2/7/2017 22:46:1] /bc 22:45 Quiit Laska [473]: GOGO NEED PLAYERS PRA QUEST PROMOTE GOGO PEDE PT NO TEMPLO
[2/7/2017 22:47:14] /bc 22:45 Quiit Laska [473]: GOGO NEED PLAYERS PRA QUEST PROMOTE GOGO PEDE PT NO TEMPLO
[2/7/2017 22:50:51] /c Braga
[2/7/2017 22:51:36] /goto Proxy Mage
[2/7/2017 22:52:10] /owner  Porxy mage
[2/7/2017 22:52:15] /owner Proxy Mage
[2/7/2017 22:52:32] /goto Braga
[2/7/2017 22:52:49] /c Proxy Mage
[2/7/2017 22:53:41] /t
[2/7/2017 22:53:53] /a 200
[2/7/2017 22:54:6] /a 10
[2/7/2017 22:54:50] /c certz
[2/7/2017 22:55:30] /c Braga
[2/7/2017 23:14:59] /t
[2/7/2017 23:17:7] /goto Aello
[2/7/2017 23:19:11] /goto Zadico
[2/7/2017 23:22:9] /t
[2/7/2017 23:22:33] /c Lucinha Delicinha
[2/7/2017 23:23:34] /c Lucinha Delicinha
[2/7/2017 23:31:57] /goto Zadico
[2/7/2017 23:32:26] /i 2160
[2/7/2017 23:34:18] /t
[3/7/2017 0:1:20] /goto Sophia Daputa
[3/7/2017 0:1:29] /i 7819
[3/7/2017 0:1:32] /r
[3/7/2017 0:1:38] /i 7816
[3/7/2017 0:1:40] /r
[3/7/2017 0:1:42] /i 7819
[3/7/2017 0:1:44] /r
[3/7/2017 0:1:49] /i 7814
[3/7/2017 0:1:51] /r
[3/7/2017 0:2:1] /r
[3/7/2017 0:2:3] /r
[3/7/2017 0:2:5] /i 7814
[3/7/2017 0:2:9] /r
[3/7/2017 0:2:10] /r
[3/7/2017 0:2:14] /i 7814
[3/7/2017 0:3:12] /t
[3/7/2017 0:3:20] /goto Sophia Daputa
[3/7/2017 0:27:14] /t
[3/7/2017 0:32:27] /c Ronny Flow
[3/7/2017 0:33:11] /c Ronny Flow
[3/7/2017 0:34:38] /c Ronny Flow
[3/7/2017 0:36:1] /c Ronny Flow
[3/7/2017 2:21:25] /ghost
[3/7/2017 12:31:16] /goto Ruffuz Lenhador
[3/7/2017 12:31:18] /t
[3/7/2017 12:34:2] /goto [ADM] Rubens
[3/7/2017 16:36:0] /goto Hated By All
[3/7/2017 17:11:21] /goto Ze Pinguelo
[3/7/2017 17:11:35] /ghost
[3/7/2017 17:13:50] /ghost
[3/7/2017 17:13:50] /t
[3/7/2017 17:15:31] /goto Ze Pinguelo
[3/7/2017 17:15:45] /ghost
[3/7/2017 17:16:10] /m Treinner
[3/7/2017 17:16:43] /ghost
[3/7/2017 17:16:55] /goto Blayde
[3/7/2017 17:17:4] /i 2160
[3/7/2017 17:17:8] /i 9971
[3/7/2017 17:17:16] /c Blayde
[3/7/2017 17:17:41] /goto Ze Pinguelo
[3/7/2017 17:17:52] /r
[3/7/2017 17:17:56] /r
[3/7/2017 17:18:22] /i 1026
[3/7/2017 17:18:27] /i 1026
[3/7/2017 17:18:31] /i 1026
[3/7/2017 17:18:34] /r
[3/7/2017 17:18:36] /r
[3/7/2017 17:18:39] /r
[3/7/2017 17:18:47] /m Treinner
[3/7/2017 17:19:0] /r
[3/7/2017 17:19:3] /r
[3/7/2017 17:19:10] /r 2
[3/7/2017 17:19:11] /r
[3/7/2017 17:19:15] /r
[3/7/2017 17:19:17] /r
[3/7/2017 17:19:22] /m treinner
[3/7/2017 17:19:26] /m treinner
[3/7/2017 17:20:5] /c Ze Pinguelo
[3/7/2017 17:20:18] /save
[3/7/2017 17:25:13] /goto Blayde
[3/7/2017 17:25:56] /t
[3/7/2017 17:27:33] /ghost
[3/7/2017 17:28:21] /goto emelie
[3/7/2017 17:38:19] /r
[3/7/2017 17:49:10] /ghost
[3/7/2017 17:54:11] /goto Invzx
[3/7/2017 17:54:21] /goto Invzxx
[3/7/2017 17:54:37] /m Dragon
[3/7/2017 17:54:55] /t
[3/7/2017 17:59:27] /i ring promotion
[3/7/2017 18:14:38] /goto Npc Promotion
[3/7/2017 18:17:33] /goto Ruffuz Lenhador
[3/7/2017 18:17:35] /t
