[3/7/2017 18:57:28] /ghost
[3/7/2017 18:58:36] /t
[3/7/2017 18:58:39] /t
[3/7/2017 18:58:51] /t
[3/7/2017 18:59:0] /goto [ADM] Rubens
[3/7/2017 18:59:12] /goto [ADM] Harper
[3/7/2017 19:34:52] /a 30
[3/7/2017 19:34:59] /r
[3/7/2017 19:35:3] /c Isaac Newton
[3/7/2017 19:37:20] /t
[3/7/2017 20:5:43] /up 3
[3/7/2017 20:5:59] /addskill The Strong Garen, axe
[3/7/2017 20:6:6] /addskill The Strong Garen, axe
[3/7/2017 20:6:18] /addskill The Strong Garen, axe
[3/7/2017 20:6:20] /addskill The Strong Garen, axe
[3/7/2017 20:6:22] /addskill The Strong Garen, axe
[3/7/2017 20:6:24] /addskill The Strong Garen, axe
[3/7/2017 20:6:34] /save
[3/7/2017 21:8:25] /t
[3/7/2017 21:11:21] /a 3
[3/7/2017 21:11:32] /c The Strong Garen
[3/7/2017 21:11:34] /r
[3/7/2017 21:11:41] /attr group 2
[3/7/2017 21:11:44] /attr group 2
[3/7/2017 21:11:49] /r
[3/7/2017 21:11:51] /r
[3/7/2017 21:11:52] /r
[3/7/2017 21:11:53] /r
[3/7/2017 21:12:13] /t The Strong Garen
[3/7/2017 21:12:23] /c The Strong Garen
[3/7/2017 21:12:28] /attr group 3
[3/7/2017 21:12:45] /t The strong garen
[3/7/2017 21:14:50] /goto Kovolsk
[3/7/2017 21:14:57] /t
[3/7/2017 21:15:10] /goto Baiano Neto
[3/7/2017 21:19:3] /t
[3/7/2017 21:45:17] /goto Ciroc
[3/7/2017 21:50:24] /a 50
[3/7/2017 21:50:37] /c The Strong Garen
[3/7/2017 21:51:8] /addskill The Strong Garen, shielding
[3/7/2017 21:51:10] /addskill The Strong Garen, shielding
[3/7/2017 21:51:11] /addskill The Strong Garen, shielding
[3/7/2017 21:51:11] /addskill The Strong Garen, shielding
[3/7/2017 21:51:18] /addskill The Strong Garen, shielding
[3/7/2017 21:51:19] /addskill The Strong Garen, shielding
[3/7/2017 21:51:19] /addskill The Strong Garen, shielding
[3/7/2017 21:51:20] /addskill The Strong Garen, shielding
[3/7/2017 21:51:21] /addskill The Strong Garen, shielding
[3/7/2017 21:51:22] /addskill The Strong Garen, shielding
[3/7/2017 21:51:23] /addskill The Strong Garen, shielding
[3/7/2017 21:51:23] /addskill The Strong Garen, shielding
[3/7/2017 21:51:24] /addskill The Strong Garen, shielding
[3/7/2017 21:51:24] /addskill The Strong Garen, shielding
[3/7/2017 21:51:25] /addskill The Strong Garen, shielding
[3/7/2017 21:51:25] /addskill The Strong Garen, shielding
[3/7/2017 21:51:27] /addskill The Strong Garen, shielding
[3/7/2017 21:51:28] /addskill The Strong Garen, shielding
[3/7/2017 21:51:28] /addskill The Strong Garen, shielding
[3/7/2017 21:51:29] /addskill The Strong Garen, shielding
[3/7/2017 21:51:29] /addskill The Strong Garen, shielding
[3/7/2017 21:51:35] /t
[3/7/2017 21:51:57] /t The Strong Garen
[3/7/2017 22:39:2] /i baiakinho doll
[3/7/2017 22:58:44] /ghost
[3/7/2017 22:59:20] /i 7900
[3/7/2017 22:59:24] /i 7899
[3/7/2017 22:59:29] /i 7894
[3/7/2017 22:59:34] /i galaxy spellbook
[3/7/2017 22:59:56] /i paw amuçet
[3/7/2017 23:0:2] /i 2184
[3/7/2017 23:0:7] /goto 5a4ef6877725b809dea3764d9bd17cc8831bd07
[3/7/2017 23:0:16] /goto Lokipfzz
[3/7/2017 23:1:40] /t
[3/7/2017 23:19:3] /i 2160
[3/7/2017 23:19:13] /i 9971
[3/7/2017 23:21:58] /t
[3/7/2017 23:25:54] /r
[3/7/2017 23:26:28] /i backpack
[3/7/2017 23:26:40] /i new mage helmet
[3/7/2017 23:26:43] /i new mage armor
[3/7/2017 23:26:47] /i new mage legs
[3/7/2017 23:26:55] /i new mage boots
[3/7/2017 23:26:59] /i new mage spellbook
[3/7/2017 23:27:4] /i new mage wand
[3/7/2017 23:27:16] /i new mage staff
[3/7/2017 23:30:23] /goto Xinedz
[3/7/2017 23:30:40] /goto Nineds
[3/7/2017 23:30:50] /goto Xinedsz
[3/7/2017 23:30:59] /goto Xineds 
[3/7/2017 23:31:56] /t
[3/7/2017 23:31:58] /up 3
[3/7/2017 23:32:3] /c Marechal Vooltz
[3/7/2017 23:34:54] /t Marechal Vooltz
[3/7/2017 23:48:12] /goto Vippzzy
[3/7/2017 23:48:44] /t
[3/7/2017 23:52:59] /goto Vippzzy
[3/7/2017 23:54:7] /t
[3/7/2017 23:58:49] /goto Sophia Daputa
[4/7/2017 0:5:6] /goto Dasdas
[4/7/2017 0:5:29] /c Camell Doublexz
[4/7/2017 0:13:32] /ghost
[4/7/2017 10:12:51] /goto The Hoky
[4/7/2017 10:33:52] /goto Lacrita
[4/7/2017 10:40:44] /t
[4/7/2017 11:27:42] /c Yaukz
[4/7/2017 11:31:9] /t
[4/7/2017 13:9:45] /c Dark Sous
[4/7/2017 13:9:49] /c Dark Souls
[4/7/2017 13:9:51] /ghost
[4/7/2017 13:9:57] /i backpack
[4/7/2017 13:17:20] /i dodge stone
[4/7/2017 13:17:22] /i critical stone
[4/7/2017 13:18:41] /i new mage ring
[4/7/2017 13:21:42] /t
[4/7/2017 13:22:18] /t
[4/7/2017 13:24:16] /i critical stone
[4/7/2017 13:26:3] /z
[4/7/2017 13:26:43] /c Dark Wizz
[4/7/2017 14:25:16] /t
[4/7/2017 14:28:25] /ghost
[4/7/2017 22:53:5] /ghost
[4/7/2017 22:56:37] /i new mage shield
[4/7/2017 22:56:42] /i new pally shield
[4/7/2017 23:1:42] /a 200
[4/7/2017 23:7:50] /t Ozodrack Sierr
[4/7/2017 23:8:38] /t Revolta Roots
[4/7/2017 23:10:6] /t Evil Pucker
[4/7/2017 23:19:31] /i 2160
[4/7/2017 23:19:59] /i 2160
[4/7/2017 23:22:52] /goto Dark Wizz
[4/7/2017 23:23:7] /i new mage ring
[4/7/2017 23:24:56] /newtype 64
[4/7/2017 23:25:55] /goto Dark Wizz
[4/7/2017 23:28:10] /ghost
[4/7/2017 23:29:34] /t
[4/7/2017 23:59:43] /i new mage ring
[5/7/2017 0:3:43] /i new pally ring
