[16/1/2017 12:29:41] /ghost
[16/1/2017 12:29:56] /mc
[16/1/2017 14:44:21] /i 2184
[16/1/2017 14:45:28] /goto [ADM] ~ Pikaseca 
[16/1/2017 14:45:41] /t
[16/1/2017 14:47:41] /c Zika Do Baguio
[16/1/2017 14:47:46] /ghost
[16/1/2017 14:50:9] /a 2
[16/1/2017 14:50:17] /i new donate staff
[16/1/2017 14:50:18] /c Gandalf
[16/1/2017 14:50:51] /i new mage staff
[16/1/2017 14:51:47] /t
[16/1/2017 14:53:39] /t
[16/1/2017 14:53:42] /ghost
[16/1/2017 18:45:23] /ghost
[16/1/2017 18:47:38] /goto Dona Maria
[16/1/2017 18:47:48] /goto Elite Knightzin
[16/1/2017 18:47:52] /c Dona maria
[16/1/2017 18:48:6] /t
[17/1/2017 15:55:27] /ghost
