[5/5/2017 14:19:21] /mute Gabrielshoow, 4000
[5/5/2017 14:19:26] /mute Gabrielshoow, 4000
[5/5/2017 14:20:50] /mute Support Space, 25
[5/5/2017 14:22:36] /mute Support Space, 25
[5/5/2017 14:31:30] /mute Wtp Lucas Da Tank, 500
[5/5/2017 14:33:4] /mute Deus On, 15
[5/5/2017 14:38:29] /mute Pedrao Alcoollatra Demais, 15
[5/5/2017 14:40:59] /mute Pedrao Alcoollatra Demais, 15
[5/5/2017 15:4:48] /mute Cabron, 500
[5/5/2017 15:5:55] /mute Take On Me, 500
[5/5/2017 15:7:28] /mute Full Magebot, 500
[5/5/2017 15:31:35] /mute Pedrao Alcoollatra Demais, 80
[5/5/2017 15:54:23] /mute Theuzin, 100
[5/5/2017 16:20:46] /mute Boas Kiwis Breack, 100
[5/5/2017 16:24:42] /mute Boas Kiwis Breack, 100
[5/5/2017 16:28:17] /mute Boas Kiwis Breack, 50
[5/5/2017 16:28:33] /mute Boas Kiwis Breack, 50
[5/5/2017 16:30:28] /mute Boas Kiwis Breack, 50
[5/5/2017 16:34:28] /mute Boas Kiwis Breack, 15
[5/5/2017 16:34:45] /mute Boas Kiwis Breack, 25
[5/5/2017 16:35:29] /mute Boas Kiwis Breack, 25
[5/5/2017 16:35:46] /mute Boas Kiwis Breack, 25
[5/5/2017 16:37:1] /mute Take On Me, 15
[5/5/2017 16:38:29] /mute Take On Me, 10
[5/5/2017 16:38:59] /mute Take On Me, 5
[5/5/2017 16:39:7] /mute Take On Me, 5
[5/5/2017 16:40:42] /mute Rafinha Sz, 10
[5/5/2017 16:41:9] /mute Elder Dash, 10
[5/5/2017 16:41:16] /mute Elder Dash, 10
[5/5/2017 16:41:48] /mute Royal Peladin, 10
[5/5/2017 16:42:45] /mute Take On Me, 10
[5/5/2017 16:43:7] /mute Boas Kiwis Breack, 10
[5/5/2017 16:43:17] /mute Take On Me, 10
[5/5/2017 16:43:28] /mute Boas Kiwis Breack, 10
[5/5/2017 16:43:41] /mute Take On Me, 10
[5/5/2017 16:44:8] /mute Dela Vegas, 10
[5/5/2017 16:45:16] /mute Rafinha Sz, 10
[5/5/2017 16:45:20] /mute Rafinha Sz, 10
[5/5/2017 16:45:21] /mute Rafinha Sz, 10
[5/5/2017 16:45:36] /mute Dela Vegas, 10
[5/5/2017 16:45:54] /mute Dela Vegas, 10
[5/5/2017 16:46:13] /mute Royal Peladin, 10
[5/5/2017 16:46:38] /mute Grota Do Neno, 10
[5/5/2017 16:46:54] /mute Rafinha Sz, 10
[5/5/2017 16:46:58] /mute Rafinha Sz, 10
[5/5/2017 16:47:13] /mute Boas Kiwis Breack, 10
[5/5/2017 16:47:42] /mute Dela Vegas, 10
[5/5/2017 16:48:11] /mute Dela Vegas, 10
[5/5/2017 16:48:17] /mute Dela Vegas, 10
[5/5/2017 16:48:45] /mute Rafinha Sz, 10
[5/5/2017 16:48:56] /mute Grota Do Neno, 10
[5/5/2017 16:49:7] /mute Royal Peladin, 10
[5/5/2017 16:49:19] /mute Royal Peladin, 10
[5/5/2017 16:49:29] /mute Royal Peladin, 10
[5/5/2017 16:49:50] /mute Boas Kiwis Breack, 10
[5/5/2017 16:50:24] /mute Mage Prozyew, 10
[5/5/2017 16:50:37] /mute Mage Prozyew, 10
[5/5/2017 16:50:49] /mute Rafinha Sz, 10
[5/5/2017 16:51:11] /mute Rafinha Sz, 10
[5/5/2017 16:52:9] /mute Boas Kiwis Breack, 10
[5/5/2017 16:53:8] /mute Boas Kiwis Breack, 5
[5/5/2017 16:53:27] /mute Boas Kiwis Breack, 5
[5/5/2017 16:53:38] /mute Boas Kiwis Breack, 5
[5/5/2017 16:53:51] /mute Boas Kiwis Breack, 5
[5/5/2017 16:55:21] /mute Cave Rat, 2
[5/5/2017 16:55:45] /mute Cave Rat, 2
[5/5/2017 16:56:42] /mute Boas Kiwis Breack, 2
[5/5/2017 16:57:10] /mute Rafinha Sz, 10
[5/5/2017 16:58:51] /mute Dela Vegas, 15
[5/5/2017 16:59:3] /mute Dela Vegas, 5
[5/5/2017 16:59:15] /mute Elder Dash, 10
[5/5/2017 17:23:42] /mute Green Mary, 10
[5/5/2017 17:25:22] /mute No'flow, 100
[5/5/2017 22:33:39] /mute No'flow, 15
[5/5/2017 23:24:4] /mute Paulatejano, 100
[6/5/2017 0:3:6] /mute Take On Me, 1000
