[12/5/2016 19:7:52] /waredron go
[12/5/2016 19:18:25] /waredron go
[12/5/2016 19:36:42] /waredron go
[12/5/2016 19:36:44] /waredron go
[12/5/2016 23:55:57] /waredron invite, AFTERDAWN
[12/5/2016 23:56:4] /waredron invite,afterdawn
[12/5/2016 23:57:5] /waredron ,go
[13/5/2016 0:1:39] /waredron ,go
[13/5/2016 0:1:43] /waredron ,go
[13/5/2016 0:1:47] /waredron , GO
[13/5/2016 0:1:49] /waredron , go
[13/5/2016 0:1:51] /waredron ,go
[13/5/2016 0:4:43] /waredron ,go
[13/5/2016 0:4:44] /waredron ,go
[13/5/2016 0:4:52] /waredron ,go
[13/5/2016 0:6:40] /waredron ,go
[13/5/2016 0:6:41] /waredron ,go
[4/6/2016 17:43:12] /waredron invite, IGNIS
[4/6/2016 17:45:8] /waredron go
[4/6/2016 18:36:38] /waredron invite, golden cartel
[4/6/2016 18:41:38] /waredron invite, guildcontra
[4/6/2016 18:41:44] /waredron invite, golden cartel
[4/6/2016 18:43:10] /waredron invite, golden cartel
[4/6/2016 18:44:16] /waredron invite, golden cartel
[4/6/2016 18:44:53] /waredron invite, golden cartel
[4/6/2016 18:45:20] /waredron invite, golden cartel
[4/6/2016 18:45:48] /waredron accept, Golden Cartel.
[4/6/2016 18:45:53] /waredron accept, Golden Cartel
[4/6/2016 18:45:57] /waredron go
[4/6/2016 19:1:11] /waredron go
[4/6/2016 19:1:13] /waredron go
[4/6/2016 19:8:36] /waredron go
[4/6/2016 19:21:44] /waredron go
[4/6/2016 19:22:32] /waredron go
[4/6/2016 19:28:5] /waredron go
[4/6/2016 19:36:25] /waredron go
[4/6/2016 19:40:43] /waredron go
