[9/6/2017 15:3:26] /a 3
[9/6/2017 15:3:29] /t
[9/6/2017 15:3:35] /clean 1
[9/6/2017 15:7:33] /clean 2
[9/6/2017 15:8:28] /clean 2
[9/6/2017 15:8:31] /a
[9/6/2017 15:9:53] /clean 2
[9/6/2017 15:10:13] /goto alison on
[9/6/2017 15:10:14] /t
[9/6/2017 15:14:32] /a
[9/6/2017 15:14:33] /a
[9/6/2017 15:14:35] /a
[9/6/2017 15:14:39] /a 3
[9/6/2017 15:14:42] /a
[9/6/2017 15:14:53] /t
[9/6/2017 15:14:55] /a
[9/6/2017 15:14:56] /a
[9/6/2017 15:15:57] /ghost
[9/6/2017 15:19:37] /a 3
[9/6/2017 15:19:42] /a 3
[9/6/2017 15:19:44] /t
[9/6/2017 15:20:32] /clean 2
[9/6/2017 15:21:52] /i new pally boots
[9/6/2017 15:22:14] /i new pally boow
[9/6/2017 15:22:16] /i new pally bow
[9/6/2017 15:22:26] /i new pally armor
[9/6/2017 15:22:32] /i cave excluisva
[9/6/2017 15:22:36] /i cave exclusiva
[9/6/2017 15:23:25] /giveitem Riquinho,8981
[9/6/2017 15:23:34] /giveitem Riquinho,12637
[9/6/2017 15:23:41] /giveitem Riquinho,12654
[9/6/2017 15:23:48] /giveitem Riquinho,12639
[9/6/2017 15:23:49] /t
[9/6/2017 15:24:19] /i dodge stone
[9/6/2017 15:24:28] /giveitem Riquinho,12575
[9/6/2017 15:24:29] /t
[9/6/2017 15:25:0] /goto alison on
[9/6/2017 15:25:4] /t
[9/6/2017 15:27:43] /goto alison on
[9/6/2017 15:28:0] /goto riquinho
[9/6/2017 15:28:13] /goto alison on
[9/6/2017 15:29:44] /t
[9/6/2017 15:44:12] /goto frinzer on
[9/6/2017 16:29:19] /a 3
[9/6/2017 16:29:24] /t
[9/6/2017 16:29:28] /a 10
[9/6/2017 16:45:44] /t
[9/6/2017 16:45:53] /goto alison on
[9/6/2017 16:46:1] /t
[9/6/2017 17:39:1] /newtype 75
[9/6/2017 17:39:3] /ghost
[9/6/2017 17:39:57] /kick type
[9/6/2017 17:40:0] /kick type
[9/6/2017 17:40:0] /kick type
[9/6/2017 17:40:0] /kick type
[9/6/2017 17:40:1] /kick type
[9/6/2017 17:40:1] /kick type
[9/6/2017 17:40:1] /kick type
[9/6/2017 17:40:2] /kick type
[9/6/2017 17:40:2] /kick type
[9/6/2017 17:40:3] /kick type
[9/6/2017 17:40:3] /kick type
[9/6/2017 17:40:3] /kick type
[9/6/2017 17:40:4] /kick type
[9/6/2017 17:40:4] /kick type
[9/6/2017 17:40:5] /kick type
[9/6/2017 17:40:5] /kick type
[9/6/2017 17:40:6] /kick type
[9/6/2017 17:40:6] /kick type
[9/6/2017 17:40:6] /kick type
[9/6/2017 17:40:7] /kick type
[9/6/2017 17:40:7] /kick type
[9/6/2017 17:41:13] /ghost
[9/6/2017 17:43:11] /ghost
[9/6/2017 17:49:18] /r
[9/6/2017 17:49:25] /i 1025
[9/6/2017 17:51:54] /up
[9/6/2017 17:51:57] /up
[9/6/2017 17:52:2] /up
[9/6/2017 17:52:15] /ghost
[9/6/2017 17:52:15] /goto Zadico
[9/6/2017 17:52:18] /t
[9/6/2017 17:52:19] /up
[9/6/2017 17:52:20] /up
[9/6/2017 17:52:20] /up
[9/6/2017 17:52:20] /up
[9/6/2017 17:52:24] /ghost
[9/6/2017 17:53:40] /giveitem Radar,12655
[9/6/2017 17:53:45] /t
[9/6/2017 17:54:14] /giveitem Scavuscaa,12655
[9/6/2017 17:56:44] /giveitem Scavuscaa,8981
[9/6/2017 17:57:3] /giveitem Consciencia Humana,8981
[9/6/2017 17:59:9] /b NAO RESPONDO PM (APENAS NO "AJUDA". (SE FOR MANDA PM PEDINDO ITENS NEM TENTA".
[9/6/2017 18:0:3] /i
[9/6/2017 18:4:17] /goto Pally Combo Fast
[9/6/2017 18:4:37] /goto Zypy
[9/6/2017 18:12:4] /ghost
[9/6/2017 18:12:8] /goto marllin on
[9/6/2017 18:24:7] /t
[9/6/2017 18:24:10] /a  3
[9/6/2017 18:26:13] /t
[9/6/2017 18:26:16] /clean 1
[9/6/2017 18:27:26] /goto opss tree
[9/6/2017 18:27:30] /goto ops tree
[9/6/2017 18:27:41] /i backpack
[9/6/2017 18:27:45] /i new mage armor
[9/6/2017 18:27:47] /i new mage legs
[9/6/2017 18:27:50] /i new mage book
[9/6/2017 18:27:52] /i new mage spellbook
[9/6/2017 18:27:55] /i new mage helmet
[9/6/2017 18:27:59] /i new mage staff
[9/6/2017 18:28:11] /i new mage booots
[9/6/2017 18:28:12] /i new mage booots
[9/6/2017 18:28:14] /i new mage boots
[9/6/2017 18:30:1] /c ops tree
[9/6/2017 18:30:2] /c ops tree
[9/6/2017 18:38:41] /ghost
[9/6/2017 18:38:44] /newtype 75
[9/6/2017 18:50:14] /ghost
[9/6/2017 18:53:53] /t
[9/6/2017 18:55:11] /bc -> THE BOSS STRIKER ENFRENTE AO TEMPLO <- VENHA ALL !
[9/6/2017 18:55:12] /bc -> THE BOSS STRIKER ENFRENTE AO TEMPLO <- VENHA ALL !
[9/6/2017 18:55:13] /bc -> THE BOSS STRIKER ENFRENTE AO TEMPLO <- VENHA ALL !
[9/6/2017 18:55:13] /bc -> THE BOSS STRIKER ENFRENTE AO TEMPLO <- VENHA ALL !
[9/6/2017 18:55:18] /m the boss striker
[9/6/2017 18:55:20] /bc -> THE BOSS STRIKER ENFRENTE AO TEMPLO <- VENHA ALL !
[9/6/2017 18:55:21] /bc -> THE BOSS STRIKER ENFRENTE AO TEMPLO <- VENHA ALL !
[9/6/2017 18:55:21] /bc -> THE BOSS STRIKER ENFRENTE AO TEMPLO <- VENHA ALL !
[9/6/2017 18:56:20] /bc -> THE BOSS STRIKER ENFRENTE AO TEMPLO <- VENHA ALL !
[9/6/2017 18:56:21] /bc -> THE BOSS STRIKER ENFRENTE AO TEMPLO <- VENHA ALL !
[9/6/2017 18:56:21] /bc -> THE BOSS STRIKER ENFRENTE AO TEMPLO <- VENHA ALL !
[9/6/2017 18:56:44] /bc -> THE BOSS STRIKER ENFRENTE AO TEMPLO <- VENHA ALL !
[9/6/2017 18:56:44] /bc -> THE BOSS STRIKER ENFRENTE AO TEMPLO <- VENHA ALL !
[9/6/2017 18:56:45] /bc -> THE BOSS STRIKER ENFRENTE AO TEMPLO <- VENHA ALL !
[9/6/2017 18:57:7] /bc -> THE BOSS STRIKER ENFRENTE AO TEMPLO <- VENHA ALL !
[9/6/2017 18:57:19] /m addon doll
[9/6/2017 18:57:21] /m addon doll
[9/6/2017 19:5:28] /goto lorena on
[9/6/2017 19:5:32] /goto lorena on
[9/6/2017 19:5:33] /goto lorena on
[9/6/2017 19:5:34] /goto lorena on
[9/6/2017 19:5:36] /goto lorena on
[9/6/2017 19:5:42] /t
[9/6/2017 19:7:27] /goto Mega Tanker
[9/6/2017 19:7:39] /t
[9/6/2017 22:6:47] /c [adm] harper
[9/6/2017 22:7:39] /t
[9/6/2017 22:10:2] /demote lukitas
[9/6/2017 22:10:31] /t
[9/6/2017 22:17:11] /bc -> THE BOSS STRIKER ENFRENTE AO TEMPLO (2 BOSSING DE ADDON DOLL)".
[9/6/2017 22:17:12] /bc -> THE BOSS STRIKER ENFRENTE AO TEMPLO (2 BOSSING DE ADDON DOLL)".
[9/6/2017 22:17:12] /bc -> THE BOSS STRIKER ENFRENTE AO TEMPLO (2 BOSSING DE ADDON DOLL)".
[9/6/2017 22:17:17] /m the boss striker
[9/6/2017 22:17:19] /bc -> THE BOSS STRIKER ENFRENTE AO TEMPLO (2 BOSSING DE ADDON DOLL)".
[9/6/2017 22:17:20] /bc -> THE BOSS STRIKER ENFRENTE AO TEMPLO (2 BOSSING DE ADDON DOLL)".
[9/6/2017 22:17:20] /bc -> THE BOSS STRIKER ENFRENTE AO TEMPLO (2 BOSSING DE ADDON DOLL)".
[9/6/2017 22:17:24] /bc -> THE BOSS STRIKER ENFRENTE AO TEMPLO (2 BOSSING DE ADDON DOLL)".
[9/6/2017 22:17:33] /bc -> THE BOSS STRIKER ENFRENTE AO TEMPLO (2 BOSSING DE ADDON DOLL)".
[9/6/2017 22:17:34] /bc -> THE BOSS STRIKER ENFRENTE AO TEMPLO (2 BOSSING DE ADDON DOLL)".
[9/6/2017 22:17:52] /m addon doll
[9/6/2017 22:17:54] /m addon doll
[9/6/2017 22:17:56] /bc -> THE BOSS STRIKER ENFRENTE AO TEMPLO (2 BOSSING DE ADDON DOLL)".
[9/6/2017 22:17:57] /bc -> THE BOSS STRIKER ENFRENTE AO TEMPLO (2 BOSSING DE ADDON DOLL)".
[9/6/2017 22:17:58] /bc -> THE BOSS STRIKER ENFRENTE AO TEMPLO (2 BOSSING DE ADDON DOLL)".
[9/6/2017 22:17:59] /bc -> THE BOSS STRIKER ENFRENTE AO TEMPLO (2 BOSSING DE ADDON DOLL)".
[9/6/2017 22:18:27] /bc -> THE BOSS STRIKER ENFRENTE AO TEMPLO (2 BOSSING DE ADDON DOLL)".
[9/6/2017 22:18:37] /bc -> THE BOSS STRIKER ENFRENTE AO TEMPLO (2 BOSSING DE ADDON DOLL)".
[9/6/2017 22:18:42] /m king of baiak
[9/6/2017 22:18:44] /m king of baiak
[9/6/2017 22:19:28] /m addon doll
[9/6/2017 22:23:14] /goto kina esperto
[9/6/2017 22:30:9] /t
[9/6/2017 22:32:4] /t
[10/6/2017 0:17:13] /goto hyde
[10/6/2017 0:17:16] /goto lucaz
[10/6/2017 0:19:56] /ghost
[10/6/2017 0:20:20] /ghost
[10/6/2017 0:22:4] /goto lucaz
[10/6/2017 0:22:36] /t
[10/6/2017 0:22:41] /t
[10/6/2017 0:23:45] /up
[10/6/2017 0:23:47] /t
[10/6/2017 0:24:30] /goto lucaz
[10/6/2017 0:24:32] /t
[10/6/2017 0:24:48] /goto lucaz
[10/6/2017 0:25:7] /goto lucaz
[10/6/2017 0:37:21] /ghost
[10/6/2017 0:37:23] /ghost
[10/6/2017 0:37:26] /t
[10/6/2017 2:6:12] /goto hyde
[10/6/2017 2:6:29] /goto Muniz On
[10/6/2017 2:7:48] /goto muniz
[10/6/2017 2:7:51] /goto muniz on
[10/6/2017 2:8:29] /t
[10/6/2017 2:10:53] /goto Muniz On
[10/6/2017 2:10:57] /t
[10/6/2017 2:11:18] /goto muniz onn
[10/6/2017 2:11:19] /goto muniz on
[10/6/2017 2:11:22] /goto muniz on
[10/6/2017 2:11:34] /goto muniz on
[10/6/2017 2:11:46] /goto muniz on
[10/6/2017 2:11:49] /goto muniz on
[10/6/2017 2:11:54] /goto muniz on
[10/6/2017 2:12:5] /goto muniz on
[10/6/2017 2:12:7] /goto muniz on
[10/6/2017 2:12:16] /goto muniz on
[10/6/2017 2:12:19] /goto muniz on
[10/6/2017 2:12:22] /goto muniz on
[10/6/2017 2:12:25] /goto muniz on
[10/6/2017 2:12:54] /goto muniz on
[10/6/2017 2:13:19] /t
[10/6/2017 2:13:23] /goto muniz on
[10/6/2017 2:14:16] /goto muniz on
[10/6/2017 2:20:27] /goto muniz on
[10/6/2017 2:20:37] /goto muniz on
[10/6/2017 2:25:33] /goto muniz on
[10/6/2017 2:30:59] /goto hyde
[10/6/2017 2:36:50] /goto muniz on
[10/6/2017 11:41:11] /goto konam
[10/6/2017 11:46:58] /goto konam
[10/6/2017 11:47:11] /goto konam
[10/6/2017 11:47:47] /i backpack
[10/6/2017 11:48:43] /i new mage helmet
[10/6/2017 11:48:51] /i new mage staff
[10/6/2017 12:2:6] /i new mage boots
[10/6/2017 12:2:12] /i new mage armor
[10/6/2017 12:2:24] /goto alison on
[10/6/2017 12:2:44] /c  alison on
[10/6/2017 12:3:44] /i promote ring
[10/6/2017 18:54:37] /giveitem
[10/6/2017 18:54:51] /giveitem GOD FRANCIS,12655
[10/6/2017 18:55:0] /giveitem chola nown,12655
[10/6/2017 18:55:24] /giveitem chola nown,12575
[10/6/2017 18:55:31] /i new mage boots
[10/6/2017 18:55:41] /giveitem chola nown,12644
[10/6/2017 18:55:48] /giveitem chola nown,8981
[10/6/2017 18:55:56] /i critical stone
[10/6/2017 18:56:4] /giveitem chola nown,12396
[10/6/2017 18:56:55] /giveitem GOD FRANCIS,12396
[10/6/2017 18:56:58] /giveitem GOD FRANCIS,12396
[10/6/2017 18:57:25] /c chola nown
[10/6/2017 18:57:26] /i magma coat
[10/6/2017 18:57:37] /i magma monocle
[10/6/2017 18:57:40] /i magma legs
[10/6/2017 18:57:47] /i magma legs
[10/6/2017 18:57:54] /i new mage spellbook
[10/6/2017 18:58:27] /clean 1
[10/6/2017 18:58:55] /bc THE BOSS STRIKER ENFRENTE AO (TEMPLO) !
[10/6/2017 18:58:55] /bc THE BOSS STRIKER ENFRENTE AO (TEMPLO) !
[10/6/2017 18:58:56] /bc THE BOSS STRIKER ENFRENTE AO (TEMPLO) !
[10/6/2017 18:58:56] /bc THE BOSS STRIKER ENFRENTE AO (TEMPLO) !
[10/6/2017 18:58:57] /bc THE BOSS STRIKER ENFRENTE AO (TEMPLO) !
[10/6/2017 18:58:57] /bc THE BOSS STRIKER ENFRENTE AO (TEMPLO) !
[10/6/2017 18:58:57] /bc THE BOSS STRIKER ENFRENTE AO (TEMPLO) !
[10/6/2017 18:58:58] /bc THE BOSS STRIKER ENFRENTE AO (TEMPLO) !
[10/6/2017 18:58:59] /bc THE BOSS STRIKER ENFRENTE AO (TEMPLO) !
[10/6/2017 18:58:59] /bc THE BOSS STRIKER ENFRENTE AO (TEMPLO) !
[10/6/2017 18:58:59] /bc THE BOSS STRIKER ENFRENTE AO (TEMPLO) !
[10/6/2017 18:59:0] /bc THE BOSS STRIKER ENFRENTE AO (TEMPLO) !
[10/6/2017 18:59:1] /bc THE BOSS STRIKER ENFRENTE AO (TEMPLO) !
[10/6/2017 18:59:2] /bc THE BOSS STRIKER ENFRENTE AO (TEMPLO) !
[10/6/2017 18:59:3] /bc THE BOSS STRIKER ENFRENTE AO (TEMPLO) !
[10/6/2017 18:59:4] /bc THE BOSS STRIKER ENFRENTE AO (TEMPLO) !
[10/6/2017 18:59:4] /bc THE BOSS STRIKER ENFRENTE AO (TEMPLO) !
[10/6/2017 18:59:5] /bc THE BOSS STRIKER ENFRENTE AO (TEMPLO) !
[10/6/2017 18:59:7] /bc THE BOSS STRIKER ENFRENTE AO (TEMPLO) !
[10/6/2017 18:59:13] /m the boss striker
[10/6/2017 18:59:15] /bc THE BOSS STRIKER ENFRENTE AO (TEMPLO) !
[10/6/2017 18:59:15] /bc THE BOSS STRIKER ENFRENTE AO (TEMPLO) !
[10/6/2017 18:59:16] /bc THE BOSS STRIKER ENFRENTE AO (TEMPLO) !
[10/6/2017 18:59:33] /bc THE BOSS STRIKER ENFRENTE AO (TEMPLO) !
[10/6/2017 19:0:7] /bc THE BOSS STRIKER ENFRENTE AO (TEMPLO) !
[10/6/2017 19:1:51] /m addon doll
[10/6/2017 19:1:52] /m addon doll
[10/6/2017 19:3:9] /i new mage ring
[10/6/2017 19:3:26] /giveitem GOD FRANCIS,12658
[10/6/2017 19:3:33] /giveitem chola nown,12658
[10/6/2017 19:3:35] /i paw amulet
[10/6/2017 19:3:41] /giveitem chola nown,2218
[10/6/2017 19:3:50] /giveitem GOD FRANCIS,2218
[10/6/2017 19:8:52] /m king of baiak
[10/6/2017 19:8:54] /m king of baiak
[10/6/2017 19:10:45] /t
[10/6/2017 19:10:58] /bc #INVASAO CITY !!!!!!! XD
[10/6/2017 19:10:59] /bc #INVASAO CITY !!!!!!! XD
[10/6/2017 19:10:59] /bc #INVASAO CITY !!!!!!! XD
[10/6/2017 19:11:0] /bc #INVASAO CITY !!!!!!! XD
[10/6/2017 19:11:0] /bc #INVASAO CITY !!!!!!! XD
[10/6/2017 19:11:1] /bc #INVASAO CITY !!!!!!! XD
[10/6/2017 19:11:5] /bc #INVASAO CITY !!!!!!! XD
[10/6/2017 19:11:8] /t
[10/6/2017 19:11:26] /t
[10/6/2017 19:11:36] /t
[10/6/2017 19:11:49] /goto chola nown
[10/6/2017 19:13:53] /t
[10/6/2017 19:14:0] /newtype 75
[10/6/2017 19:14:2] /ghost
[10/6/2017 19:14:7] /clean 1
[10/6/2017 19:16:42] /ghost
[10/6/2017 19:19:42] /goto chola nown
[10/6/2017 19:19:52] /goto chola nown
[10/6/2017 19:20:8] /goto pirikita
[10/6/2017 19:21:2] /t
[10/6/2017 19:21:44] /goto chola nown
[10/6/2017 19:22:3] /goto chola nown
[10/6/2017 19:23:36] /goto chola nown
[10/6/2017 19:23:45] /goto chola nown
[10/6/2017 19:25:23] /goto chola nown
[10/6/2017 19:29:21] /goto chola nown
[10/6/2017 19:29:23] /goto chola nown
[10/6/2017 19:29:25] /goto chola nown
[10/6/2017 19:29:26] /goto chola nown
[10/6/2017 19:32:7] /goto chola nown
[10/6/2017 19:32:13] /i new mage backpack
[10/6/2017 19:32:17] /i new backpack
[10/6/2017 19:32:32] /i backpack
[10/6/2017 19:32:36] /i new mage staff
[10/6/2017 19:32:37] /i new mage staff
[10/6/2017 19:32:37] /i new mage staff
[10/6/2017 19:32:38] /i new mage staff
[10/6/2017 19:32:39] /i new mage staff
[10/6/2017 19:32:41] /i new mage boots
[10/6/2017 19:32:42] /i new mage boots
[10/6/2017 19:32:43] /i new mage boots
[10/6/2017 19:32:43] /i new mage boots
[10/6/2017 19:32:44] /i new mage boots
[10/6/2017 19:32:57] /up
[10/6/2017 19:32:59] /t
[10/6/2017 19:33:45] /clean 1
[10/6/2017 20:0:13] /goto chola nown
[10/6/2017 20:0:17] /goto chola nown
[10/6/2017 20:1:47] /goto messi
[10/6/2017 20:1:52] /goto messi
[10/6/2017 20:2:16] /goto messi
[10/6/2017 20:2:29] /goto messi
[10/6/2017 20:5:51] /goto muniz on
[10/6/2017 20:5:55] /goto Kabulosu On
[10/6/2017 20:6:7] /goto chola nown
[10/6/2017 20:6:25] /goto messi
[10/6/2017 20:6:28] /goto chola nown
[10/6/2017 20:6:32] /goto chola nown
[10/6/2017 20:10:40] /goto chola nown
[10/6/2017 20:11:1] /goto Awesome Maylay
[10/6/2017 20:11:19] /t
[10/6/2017 20:11:44] /bc ULTIMO BOSSING (ENFRENTE AO TEMPLO DE HOJE) VENHA ALL ..
[10/6/2017 20:11:45] /bc ULTIMO BOSSING (ENFRENTE AO TEMPLO DE HOJE) VENHA ALL ..
[10/6/2017 20:11:45] /bc ULTIMO BOSSING (ENFRENTE AO TEMPLO DE HOJE) VENHA ALL ..
[10/6/2017 20:11:45] /bc ULTIMO BOSSING (ENFRENTE AO TEMPLO DE HOJE) VENHA ALL ..
[10/6/2017 20:11:46] /bc ULTIMO BOSSING (ENFRENTE AO TEMPLO DE HOJE) VENHA ALL ..
[10/6/2017 20:11:46] /bc ULTIMO BOSSING (ENFRENTE AO TEMPLO DE HOJE) VENHA ALL ..
[10/6/2017 20:11:46] /bc ULTIMO BOSSING (ENFRENTE AO TEMPLO DE HOJE) VENHA ALL ..
[10/6/2017 20:11:47] /bc ULTIMO BOSSING (ENFRENTE AO TEMPLO DE HOJE) VENHA ALL ..
[10/6/2017 20:11:47] /bc ULTIMO BOSSING (ENFRENTE AO TEMPLO DE HOJE) VENHA ALL ..
[10/6/2017 20:11:53] /m the boss sstriker
[10/6/2017 20:11:54] /m the boss sstriker
[10/6/2017 20:11:56] /m the boss sstriker
[10/6/2017 20:12:1] /m the boss striker
[10/6/2017 20:12:3] /bc ULTIMO BOSSING (ENFRENTE AO TEMPLO DE HOJE) VENHA ALL ..
[10/6/2017 20:12:4] /bc ULTIMO BOSSING (ENFRENTE AO TEMPLO DE HOJE) VENHA ALL ..
[10/6/2017 20:12:4] /bc ULTIMO BOSSING (ENFRENTE AO TEMPLO DE HOJE) VENHA ALL ..
[10/6/2017 20:12:5] /bc ULTIMO BOSSING (ENFRENTE AO TEMPLO DE HOJE) VENHA ALL ..
[10/6/2017 20:12:10] /bc ULTIMO BOSSING (ENFRENTE AO TEMPLO DE HOJE) VENHA ALL ..
[10/6/2017 20:12:20] /bc ULTIMO BOSSING (ENFRENTE AO TEMPLO DE HOJE) VENHA ALL ..
[10/6/2017 20:12:25] /bc ULTIMO BOSSING (ENFRENTE AO TEMPLO DE HOJE) VENHA ALL ..
[10/6/2017 20:12:31] /bc ULTIMO BOSSING (ENFRENTE AO TEMPLO DE HOJE) VENHA ALL ..
[10/6/2017 20:12:50] /bc ULTIMO BOSSING (ENFRENTE AO TEMPLO DE HOJE) VENHA ALL ..
[10/6/2017 20:12:51] /bc ULTIMO BOSSING (ENFRENTE AO TEMPLO DE HOJE) VENHA ALL ..
[10/6/2017 20:12:54] /bc ULTIMO BOSSING (ENFRENTE AO TEMPLO DE HOJE) VENHA ALL ..
[10/6/2017 20:13:4] /m the boss striker
[10/6/2017 20:13:6] /m king of baiak
[10/6/2017 20:13:8] /m addon doll
[10/6/2017 20:13:14] /bc ULTIMO BOSSING (ENFRENTE AO TEMPLO DE HOJE) VENHA ALL ..
[10/6/2017 20:13:25] /bc ULTIMO BOSSING (ENFRENTE AO TEMPLO DE HOJE) VENHA ALL ..
[10/6/2017 20:13:26] /bc ULTIMO BOSSING (ENFRENTE AO TEMPLO DE HOJE) VENHA ALL ..
[10/6/2017 20:14:4] /bc ULTIMO BOSSING (ENFRENTE AO TEMPLO DE HOJE) VENHA ALL ..
[10/6/2017 20:14:18] /goto chola nown
[10/6/2017 20:14:58] /bc ULTIMO BOSSING (ENFRENTE AO TEMPLO DE HOJE) VENHA ALL ..
[10/6/2017 20:14:59] /bc ULTIMO BOSSING (ENFRENTE AO TEMPLO DE HOJE) VENHA ALL ..
[10/6/2017 20:14:59] /bc ULTIMO BOSSING (ENFRENTE AO TEMPLO DE HOJE) VENHA ALL ..
[10/6/2017 20:15:20] /bc ULTIMO BOSSING (ENFRENTE AO TEMPLO DE HOJE) VENHA ALL ..
[10/6/2017 20:15:26] /m addon doll
[10/6/2017 20:18:41] /clean 2
[10/6/2017 20:20:26] /goto chola nown
[10/6/2017 20:40:2] /i dodge stone
[10/6/2017 20:40:13] /i critical stone
[10/6/2017 20:40:31] /i new mage spellbook
[10/6/2017 20:40:51] /clean 2
[10/6/2017 20:59:30] /goto scavuscaa
[10/6/2017 21:2:56] /t
[10/6/2017 21:3:7] /up
[10/6/2017 21:3:14] /t
[10/6/2017 21:3:39] /t
[10/6/2017 21:4:11] /up
[10/6/2017 21:4:49] /t
[10/6/2017 21:7:24] /t
[10/6/2017 21:7:53] /t
[10/6/2017 21:11:50] /goto king carnage
[10/6/2017 21:19:53] /up
[10/6/2017 21:25:30] /goto messi
[10/6/2017 21:36:6] /t
[10/6/2017 21:36:18] /t
[10/6/2017 21:47:2] /t
[10/6/2017 21:47:16] /t
[10/6/2017 21:48:40] /t
[10/6/2017 21:50:25] /a 3
[10/6/2017 21:53:40] /goto messi
[12/6/2017 11:1:30] /goto pally combo fast
[12/6/2017 11:1:40] /goto alucard
[12/6/2017 11:3:6] /up
[12/6/2017 11:3:12] /t
[12/6/2017 21:44:39] /bc  -> THE BOSS STRIKER ENFRENTE AO TEMPLO, CORAJOSOS ?   <33333
[12/6/2017 21:44:49] /bc  -> THE BOSS STRIKER ENFRENTE AO TEMPLO, CORAJOSOS ?   <33333
[12/6/2017 21:44:51] /bc  -> THE BOSS STRIKER ENFRENTE AO TEMPLO, CORAJOSOS ?   <33333
[12/6/2017 21:44:57] /m the boss striker
[12/6/2017 21:45:0] /bc  -> THE BOSS STRIKER ENFRENTE AO TEMPLO, CORAJOSOS ?   <33333
[12/6/2017 21:45:1] /bc  -> THE BOSS STRIKER ENFRENTE AO TEMPLO, CORAJOSOS ?   <33333
[12/6/2017 21:45:4] /bc  -> THE BOSS STRIKER ENFRENTE AO TEMPLO, CORAJOSOS ?   <33333
[12/6/2017 21:45:4] /bc  -> THE BOSS STRIKER ENFRENTE AO TEMPLO, CORAJOSOS ?   <33333
[12/6/2017 21:45:20] /m addon doll
[12/6/2017 21:45:23] /bc  -> THE BOSS STRIKER ENFRENTE AO TEMPLO, CORAJOSOS ?   <33333
[12/6/2017 21:45:24] /bc  -> THE BOSS STRIKER ENFRENTE AO TEMPLO, CORAJOSOS ?   <33333
[12/6/2017 21:45:24] /bc  -> THE BOSS STRIKER ENFRENTE AO TEMPLO, CORAJOSOS ?   <33333
[12/6/2017 21:46:30] /bc  -> THE BOSS STRIKER ENFRENTE AO TEMPLO, CORAJOSOS ?   <33333
[12/6/2017 21:46:37] /bc  -> THE BOSS STRIKER ENFRENTE AO TEMPLO, CORAJOSOS ?   <33333
[12/6/2017 21:46:45] /bc  -> THE BOSS STRIKER ENFRENTE AO TEMPLO, CORAJOSOS ?   <33333
[12/6/2017 21:46:51] /bc  -> THE BOSS STRIKER ENFRENTE AO TEMPLO, CORAJOSOS ?   <33333
[12/6/2017 21:47:1] /t
[12/6/2017 21:47:10] /t
[12/6/2017 21:47:23] /m addon doll
[13/6/2017 18:55:32] /i new mage armor
[13/6/2017 18:55:34] /i new mage legs
[13/6/2017 18:55:37] /i new mage helmet
[13/6/2017 18:55:39] /i new mage boots
[13/6/2017 18:55:42] /i new mage spellbook
[13/6/2017 18:55:44] /r
[13/6/2017 18:55:53] /i backpack
[13/6/2017 18:56:8] /i new mage amulet
[13/6/2017 18:56:12] /i new amulet
[13/6/2017 18:56:19] /i new spellbook
[13/6/2017 18:56:24] /i new mage spellbook
[13/6/2017 18:56:31] /i super addon doll
[13/6/2017 18:56:32] /i super addon dolll
[13/6/2017 18:56:39] /i addon doll
[13/6/2017 18:56:40] /i addon doll
[13/6/2017 18:56:41] /i addon doll
[13/6/2017 18:56:42] /i addon doll
[13/6/2017 18:56:42] /i addon doll
[13/6/2017 18:56:46] /i dodge stone
[13/6/2017 18:56:49] /i dodge stone
[13/6/2017 18:56:53] /i critical stone
[13/6/2017 18:57:1] /i critical stone
[13/6/2017 18:57:8] /i gold ingot
[13/6/2017 18:57:25] /addskill Belth Wintershade,magic level,115
[13/6/2017 18:58:15] /addskill Belth Wintershade,level,250
[13/6/2017 18:58:26] /goto Belth Wintershade
[13/6/2017 18:58:39] /t
[13/6/2017 19:0:41] /i new mage backpack
[13/6/2017 19:0:47] /i new backpack
[13/6/2017 19:0:51] /i new backpack
[14/6/2017 20:4:18] /ghost
[14/6/2017 20:4:25] /newtype 75
[14/6/2017 20:4:48] /clean 2
[14/6/2017 20:4:54] /ghost
[14/6/2017 20:4:56] /goto chola nown
[14/6/2017 20:5:0] /t
[14/6/2017 20:5:16] /ghost
[14/6/2017 20:7:27] /ghost
[14/6/2017 20:7:31] /ghost
[14/6/2017 20:7:38] /ghost
[14/6/2017 20:7:41] /goto chola nown
[14/6/2017 20:7:50] /i new mage staff
[14/6/2017 20:7:51] /i new mage staff
[14/6/2017 20:7:56] /i new mage staff
[14/6/2017 20:8:0] /i new mage staff
[14/6/2017 20:8:3] /i new mage boots
[14/6/2017 20:8:4] /i new mage boots
[14/6/2017 20:8:5] /i new mage boots
[14/6/2017 20:8:9] /i new mage boots
[14/6/2017 20:8:11] /t
[14/6/2017 20:8:16] /ghost
[14/6/2017 20:9:46] /ghost
[14/6/2017 20:9:47] /i new mage legs
[14/6/2017 20:9:50] /i new mage armor
[14/6/2017 20:9:52] /i new mage helmet
[14/6/2017 20:9:55] /i new mage ring
[14/6/2017 20:10:0] /i new amulet
[14/6/2017 20:10:8] /i new mage spellbook
[14/6/2017 20:10:10] /a 20
[14/6/2017 20:10:53] /i backpack
[14/6/2017 20:11:26] /i stamina refiller
[14/6/2017 20:11:34] /i stamina infinita
[14/6/2017 20:11:37] /t
[14/6/2017 20:11:51] /t
[14/6/2017 20:11:53] /a 10
[14/6/2017 20:11:54] /a 10
[14/6/2017 20:11:54] /a 10
[14/6/2017 20:12:13] /i blessing amulet
[14/6/2017 20:12:15] /t
[14/6/2017 20:12:37] /a 20
[14/6/2017 20:12:38] /a 20
[14/6/2017 20:12:40] /a 20
[14/6/2017 20:13:6] /a 2
[14/6/2017 20:13:47] /goto chola nown
[14/6/2017 20:13:54] /t
[14/6/2017 20:14:1] /goto chola nown
[14/6/2017 20:14:4] /t
[14/6/2017 20:16:56] /ghost
[14/6/2017 20:17:15] /bc (THE BOSS STRIKER) ENFRENTE AO TEMPLO !!!!!! XD
[14/6/2017 20:17:16] /bc (THE BOSS STRIKER) ENFRENTE AO TEMPLO !!!!!! XD
[14/6/2017 20:17:17] /bc (THE BOSS STRIKER) ENFRENTE AO TEMPLO !!!!!! XD
[14/6/2017 20:17:17] /bc (THE BOSS STRIKER) ENFRENTE AO TEMPLO !!!!!! XD
[14/6/2017 20:17:18] /bc (THE BOSS STRIKER) ENFRENTE AO TEMPLO !!!!!! XD
[14/6/2017 20:17:18] /bc (THE BOSS STRIKER) ENFRENTE AO TEMPLO !!!!!! XD
[14/6/2017 20:17:18] /bc (THE BOSS STRIKER) ENFRENTE AO TEMPLO !!!!!! XD
[14/6/2017 20:17:19] /bc (THE BOSS STRIKER) ENFRENTE AO TEMPLO !!!!!! XD
[14/6/2017 20:17:25] /m the boss striker
[14/6/2017 20:19:0] /bc 20:18 Cyanore [429]: quest promotiom
[14/6/2017 20:19:4] /m addon doll
[14/6/2017 20:19:7] /m addon doll
[14/6/2017 20:19:34] /clean 2
[14/6/2017 20:20:19] /m addon doll
[14/6/2017 20:28:2] /goto Poisvemquetemnenem
[14/6/2017 20:34:25] /ghost
[14/6/2017 20:34:41] /ghost
[14/6/2017 20:35:52] /ghost
[14/6/2017 20:36:1] /goto chola nown
[14/6/2017 20:36:10] /kick chola nown
[14/6/2017 20:36:14] /goto Chola Nown
[14/6/2017 20:36:16] /kick chola nown
[14/6/2017 20:36:18] /kick chola nown
[14/6/2017 20:36:20] /kick chola nown
[14/6/2017 20:36:22] /kick chola nown
[14/6/2017 20:36:24] /kick chola nown
[14/6/2017 20:42:39] /goto Milk Shake
[14/6/2017 20:42:47] /t
[14/6/2017 20:42:48] /goto mdma
[14/6/2017 20:43:4] /goto Cdm Rp Do Devaka
[14/6/2017 20:43:9] /ghost
[14/6/2017 20:48:35] /ghost
[14/6/2017 20:48:37] /goto xabi
[14/6/2017 20:48:45] /t
[14/6/2017 20:48:50] /goto chola nown
[14/6/2017 20:48:53] /t
[14/6/2017 20:49:32] /ghost
[14/6/2017 20:54:46] /goto Satan Hussein
[14/6/2017 20:55:14] !antidupe
[14/6/2017 20:59:31] /c cirox
[14/6/2017 20:59:32] /c ciroc
[14/6/2017 21:0:10] /t
[14/6/2017 21:2:43] /ghost
[14/6/2017 21:2:44] /goto xabi
[14/6/2017 21:2:45] /t
[14/6/2017 21:2:49] /ghost
[14/6/2017 21:10:13] /bc (THE BOSS STRIKER+KING OF BAIAK+3 ADDON DOLL BOSSING NA CITY) !
[14/6/2017 21:10:13] /bc (THE BOSS STRIKER+KING OF BAIAK+3 ADDON DOLL BOSSING NA CITY) !
[14/6/2017 21:10:14] /bc (THE BOSS STRIKER+KING OF BAIAK+3 ADDON DOLL BOSSING NA CITY) !
[14/6/2017 21:10:14] /bc (THE BOSS STRIKER+KING OF BAIAK+3 ADDON DOLL BOSSING NA CITY) !
[14/6/2017 21:10:15] /bc (THE BOSS STRIKER+KING OF BAIAK+3 ADDON DOLL BOSSING NA CITY) !
[14/6/2017 21:10:15] /bc (THE BOSS STRIKER+KING OF BAIAK+3 ADDON DOLL BOSSING NA CITY) !
[14/6/2017 21:10:16] /bc (THE BOSS STRIKER+KING OF BAIAK+3 ADDON DOLL BOSSING NA CITY) !
[14/6/2017 21:10:16] /bc (THE BOSS STRIKER+KING OF BAIAK+3 ADDON DOLL BOSSING NA CITY) !
[14/6/2017 21:10:16] /bc (THE BOSS STRIKER+KING OF BAIAK+3 ADDON DOLL BOSSING NA CITY) !
[14/6/2017 21:10:16] /bc (THE BOSS STRIKER+KING OF BAIAK+3 ADDON DOLL BOSSING NA CITY) !
[14/6/2017 21:10:20] /m the boss striker
[14/6/2017 21:10:27] /bc (THE BOSS STRIKER+KING OF BAIAK+3 ADDON DOLL BOSSING NA CITY) !
[14/6/2017 21:10:29] /bc (THE BOSS STRIKER+KING OF BAIAK+3 ADDON DOLL BOSSING NA CITY) !
[14/6/2017 21:10:29] /bc (THE BOSS STRIKER+KING OF BAIAK+3 ADDON DOLL BOSSING NA CITY) !
[14/6/2017 21:10:30] /bc (THE BOSS STRIKER+KING OF BAIAK+3 ADDON DOLL BOSSING NA CITY) !
[14/6/2017 21:10:31] /bc (THE BOSS STRIKER+KING OF BAIAK+3 ADDON DOLL BOSSING NA CITY) !
[14/6/2017 21:10:40] /m king of baiak
[14/6/2017 21:10:48] /m addon doll
[14/6/2017 21:10:50] /m addon doll
[14/6/2017 21:10:52] /m addon doll
[14/6/2017 21:15:5] /m king of baiak
[14/6/2017 21:15:7] /m addon doll
[14/6/2017 21:15:8] /ghost
[14/6/2017 21:15:12] /goto chola nown
[14/6/2017 21:15:15] /goto xabi
[14/6/2017 21:15:17] /goto chola nown
[14/6/2017 21:15:20] /t
[14/6/2017 21:17:36] /bc CHAMEM SEUS AMIGOS , VAMOS BOTAR 250+ ON? BOSSING DONATE EM BREVE COM 250 ONLINE !!! EMBREVE...
[14/6/2017 21:33:23] /goto xabi
[14/6/2017 21:33:27] /goto chola nown
[14/6/2017 21:34:47] /up
[14/6/2017 21:34:48] /up
[14/6/2017 21:34:48] /up
[14/6/2017 21:34:49] /up
[14/6/2017 21:34:50] /t
[14/6/2017 21:35:24] /t
[15/6/2017 2:49:48] /ghost
[15/6/2017 11:45:27] /newtype 75
[15/6/2017 11:47:18] /ghost
[15/6/2017 11:47:21] /goto chola nown
[15/6/2017 11:47:24] /goto xabi
[15/6/2017 11:47:27] /goto chola nown
[15/6/2017 11:47:30] /t
[15/6/2017 11:47:46] /t
[15/6/2017 11:49:0] /kick Celline Dark Ice
[15/6/2017 11:49:31] /ghost
[15/6/2017 11:50:37] /bc THE BOSS STRIKER (ENFRENTE AO TEMPLO) + 2 ADDON DOLL BOSSING!
[15/6/2017 11:50:38] /bc THE BOSS STRIKER (ENFRENTE AO TEMPLO) + 2 ADDON DOLL BOSSING!
[15/6/2017 11:50:38] /bc THE BOSS STRIKER (ENFRENTE AO TEMPLO) + 2 ADDON DOLL BOSSING!
[15/6/2017 11:50:38] /bc THE BOSS STRIKER (ENFRENTE AO TEMPLO) + 2 ADDON DOLL BOSSING!
[15/6/2017 11:50:39] /bc THE BOSS STRIKER (ENFRENTE AO TEMPLO) + 2 ADDON DOLL BOSSING!
[15/6/2017 11:50:39] /bc THE BOSS STRIKER (ENFRENTE AO TEMPLO) + 2 ADDON DOLL BOSSING!
[15/6/2017 11:50:40] /bc THE BOSS STRIKER (ENFRENTE AO TEMPLO) + 2 ADDON DOLL BOSSING!
[15/6/2017 11:50:40] /bc THE BOSS STRIKER (ENFRENTE AO TEMPLO) + 2 ADDON DOLL BOSSING!
[15/6/2017 11:50:53] /m the boss striker
[15/6/2017 11:53:1] /m addon doll
[15/6/2017 11:53:4] /m addon doll
[15/6/2017 11:53:6] /m addon doll
[15/6/2017 11:53:12] /a 3
[15/6/2017 11:53:17] /m king of baiak
[15/6/2017 11:56:45] /ghost
[15/6/2017 11:56:47] /goto frontier on
[15/6/2017 11:57:8] /goto Billyzinhow
[15/6/2017 11:57:16] /t
[15/6/2017 11:58:29] /ghost
[15/6/2017 11:58:34] /goto Wojciech
[15/6/2017 11:59:23] /n bulma
[15/6/2017 12:0:23] /c kros
[15/6/2017 12:1:31] /t
[15/6/2017 12:1:33] /a 300
[15/6/2017 12:1:34] /a 20
[15/6/2017 12:1:35] /a 20
[15/6/2017 12:1:35] /a 20
[15/6/2017 12:1:35] /a 20
[15/6/2017 12:1:37] /a 20
[15/6/2017 12:1:37] /a 20
[15/6/2017 12:1:37] /a 20
[15/6/2017 12:1:38] /a 20
[15/6/2017 12:1:38] /a 20
[15/6/2017 12:1:39] /a 20
[15/6/2017 12:1:40] /a 20
[15/6/2017 12:1:40] /a 20
[15/6/2017 12:1:40] /a 20
[15/6/2017 12:1:43] /c konam
[15/6/2017 12:1:51] /c    Wojciech
[15/6/2017 12:1:55] /i 1481
[15/6/2017 12:1:56] /i 1481
[15/6/2017 12:1:58] /i 1481
[15/6/2017 12:2:10] /i 1481
[15/6/2017 12:4:37] /t  Konam
[15/6/2017 12:4:40] /t Wojciech
[15/6/2017 12:4:50] /t
[15/6/2017 12:14:26] /i addon doll
[15/6/2017 12:16:4] /bc SE TIVER 260+ ATE 14:00 BOSSING DONATE NA CITY (DROPA ITENS DONATE) 260+ 
[15/6/2017 12:16:47] /newtype 266
[15/6/2017 12:17:23] /newtype 75
[15/6/2017 12:18:12] /bc SE TIVER 260+ ATE 14:00 BOSSING DONATE NA CITY (DROPA ITENS DONATE) 260+ 
[15/6/2017 12:18:13] /bc SE TIVER 260+ ATE 14:00 BOSSING DONATE NA CITY (DROPA ITENS DONATE) 260+ 
[15/6/2017 12:20:3] /bc  260+ ONLINE BOSSING DONATE NA CITY (BOSSING DONATE EM GALERA, VAMOS BATER ESSA META 260+?) ATE 14:00 ..
[15/6/2017 12:21:3] /mute Pika,3
[15/6/2017 12:25:34] /bc  260+ ONLINE BOSSING DONATE NA CITY (BOSSING DONATE EM GALERA, VAMOS BATER ESSA META 260+?) ATE 14:00 ..
[15/6/2017 12:33:4] /bc  260+ ONLINE BOSSING DONATE NA CITY (BOSSING DONATE EM GALERA, VAMOS BATER ESSA META 260+?) ATE 14:00 ..
[15/6/2017 12:35:6] /bc  260+ ONLINE BOSSING DONATE NA CITY (BOSSING DONATE EM GALERA, VAMOS BATER ESSA META 260+?) ATE 14:00 ..
[15/6/2017 12:43:21] /bc  260+ ONLINE BOSSING DONATE NA CITY (BOSSING DONATE EM GALERA, VAMOS BATER ESSA META 260+?) ATE 14:00 ..
[15/6/2017 12:47:19] /bc  260+ ONLINE BOSSING DONATE NA CITY (BOSSING DONATE EM GALERA, VAMOS BATER ESSA META 260+?) ATE 14:00 ..
[15/6/2017 12:52:15] /bc  260+ ONLINE BOSSING DONATE NA CITY (BOSSING DONATE EM GALERA, VAMOS BATER ESSA META 260+?) ATE 14:00 ..
[15/6/2017 13:18:25] /bc 13:30 (BOSSING DONATE ENFRENTE AO TEMPLO SE PREPAREM)..
[15/6/2017 13:18:25] /bc 13:30 (BOSSING DONATE ENFRENTE AO TEMPLO SE PREPAREM)..
[15/6/2017 13:18:26] /bc 13:30 (BOSSING DONATE ENFRENTE AO TEMPLO SE PREPAREM)..
[15/6/2017 13:18:26] /bc 13:30 (BOSSING DONATE ENFRENTE AO TEMPLO SE PREPAREM)..
[15/6/2017 13:18:27] /bc 13:30 (BOSSING DONATE ENFRENTE AO TEMPLO SE PREPAREM)..
[15/6/2017 13:18:27] /bc 13:30 (BOSSING DONATE ENFRENTE AO TEMPLO SE PREPAREM)..
[15/6/2017 13:18:27] /bc 13:30 (BOSSING DONATE ENFRENTE AO TEMPLO SE PREPAREM)..
[15/6/2017 13:18:28] /bc 13:30 (BOSSING DONATE ENFRENTE AO TEMPLO SE PREPAREM)..
[15/6/2017 13:19:31] /bc 13:30 (BOSSING DONATE ENFRENTE AO TEMPLO SE PREPAREM)..
[15/6/2017 13:19:37] /bc 13:30 (BOSSING DONATE ENFRENTE AO TEMPLO SE PREPAREM)..
[15/6/2017 13:20:46] /bc 13:30 (BOSSING DONATE ENFRENTE AO TEMPLO SE PREPAREM)..
[15/6/2017 13:24:6] /bc 13:30 (BOSSING DONATE ENFRENTE AO TEMPLO SE PREPAREM)..
[15/6/2017 13:25:33] /bc 13:30 (BOSSING DONATE ENFRENTE AO TEMPLO SE PREPAREM)..
[15/6/2017 13:31:13] /bc BOSSING DONATE ENFRENTE AO TEMPLO !!!!!! VENHAM TODOS , NO-PVP POR 1 MOMENTO ..
[15/6/2017 13:31:14] /bc BOSSING DONATE ENFRENTE AO TEMPLO !!!!!! VENHAM TODOS , NO-PVP POR 1 MOMENTO ..
[15/6/2017 13:31:14] /bc BOSSING DONATE ENFRENTE AO TEMPLO !!!!!! VENHAM TODOS , NO-PVP POR 1 MOMENTO ..
[15/6/2017 13:31:15] /ghost
[15/6/2017 13:31:16] /mode 2
[15/6/2017 13:31:18] /mode 1
[15/6/2017 13:31:20] /mode 3
[15/6/2017 13:31:22] /mode 2
[15/6/2017 13:31:30] /mode 1
[15/6/2017 13:31:46] /bc ENFRENTE AO TEMPLO (BOSSING DONATE) VENHAM TODOS ALL 
[15/6/2017 13:31:47] /bc ENFRENTE AO TEMPLO (BOSSING DONATE) VENHAM TODOS ALL 
[15/6/2017 13:31:47] /bc ENFRENTE AO TEMPLO (BOSSING DONATE) VENHAM TODOS ALL 
[15/6/2017 13:31:48] /bc ENFRENTE AO TEMPLO (BOSSING DONATE) VENHAM TODOS ALL 
[15/6/2017 13:31:48] /bc ENFRENTE AO TEMPLO (BOSSING DONATE) VENHAM TODOS ALL 
[15/6/2017 13:31:48] /bc ENFRENTE AO TEMPLO (BOSSING DONATE) VENHAM TODOS ALL 
[15/6/2017 13:31:49] /bc ENFRENTE AO TEMPLO (BOSSING DONATE) VENHAM TODOS ALL 
[15/6/2017 13:31:49] /bc ENFRENTE AO TEMPLO (BOSSING DONATE) VENHAM TODOS ALL 
[15/6/2017 13:31:49] /bc ENFRENTE AO TEMPLO (BOSSING DONATE) VENHAM TODOS ALL 
[15/6/2017 13:31:50] /bc ENFRENTE AO TEMPLO (BOSSING DONATE) VENHAM TODOS ALL 
[15/6/2017 13:31:50] /bc ENFRENTE AO TEMPLO (BOSSING DONATE) VENHAM TODOS ALL 
[15/6/2017 13:31:50] /bc ENFRENTE AO TEMPLO (BOSSING DONATE) VENHAM TODOS ALL 
[15/6/2017 13:32:11] /m GUARDA COSTAS DO GOD
[15/6/2017 13:32:17] /bc ENFRENTE AO TEMPLO (BOSSING DONATE) VENHAM TODOS ALL 
[15/6/2017 13:32:19] /bc ENFRENTE AO TEMPLO (BOSSING DONATE) VENHAM TODOS ALL 
[15/6/2017 13:32:19] /bc ENFRENTE AO TEMPLO (BOSSING DONATE) VENHAM TODOS ALL 
[15/6/2017 13:32:19] /bc ENFRENTE AO TEMPLO (BOSSING DONATE) VENHAM TODOS ALL 
[15/6/2017 13:32:24] /i 2160
[15/6/2017 13:32:31] /t
[15/6/2017 13:32:47] /m Guarda Costas Do GOD
[15/6/2017 13:32:49] /m Guarda Costas Do GOD
[15/6/2017 13:34:12] /mode 2
[15/6/2017 13:34:19] /bc ENFRENTE AO TEMPLO (BOSSING DONATE) VENHAM TODOS ALL 
[15/6/2017 13:34:20] /bc ENFRENTE AO TEMPLO (BOSSING DONATE) VENHAM TODOS ALL 
[15/6/2017 13:34:20] /bc ENFRENTE AO TEMPLO (BOSSING DONATE) VENHAM TODOS ALL 
[15/6/2017 13:34:21] /bc ENFRENTE AO TEMPLO (BOSSING DONATE) VENHAM TODOS ALL 
[15/6/2017 13:34:21] /bc ENFRENTE AO TEMPLO (BOSSING DONATE) VENHAM TODOS ALL 
[15/6/2017 13:34:23] /bc ENFRENTE AO TEMPLO (BOSSING DONATE) VENHAM TODOS ALL 
[15/6/2017 13:34:23] /bc ENFRENTE AO TEMPLO (BOSSING DONATE) VENHAM TODOS ALL 
[15/6/2017 13:34:24] /bc ENFRENTE AO TEMPLO (BOSSING DONATE) VENHAM TODOS ALL 
[15/6/2017 13:34:25] /bc ENFRENTE AO TEMPLO (BOSSING DONATE) VENHAM TODOS ALL 
[15/6/2017 13:34:25] /bc ENFRENTE AO TEMPLO (BOSSING DONATE) VENHAM TODOS ALL 
[15/6/2017 13:34:26] /bc ENFRENTE AO TEMPLO (BOSSING DONATE) VENHAM TODOS ALL 
[15/6/2017 13:34:37] /bc ENFRENTE AO TEMPLO (BOSSING DONATE) VENHAM TODOS ALL 
[15/6/2017 13:35:30] /diceevent
[15/6/2017 13:35:48] /r
[15/6/2017 13:37:6] /m the boss striker
[15/6/2017 13:37:16] /m addon doll
[15/6/2017 13:37:17] /m addon doll
[15/6/2017 13:38:39] /attr health -999999
[15/6/2017 13:39:16] /goto  ciroc
[15/6/2017 13:40:40] /goto chola nown
[15/6/2017 13:40:49] /goto black skull
[15/6/2017 13:42:40] /goto  xabi
[15/6/2017 13:44:33] /ghost
[15/6/2017 13:45:36] /vip
[15/6/2017 13:45:40] /vip add
[15/6/2017 13:45:46] /vip add GOD FRANCIS,30
[15/6/2017 13:45:51] /vip add,GOD FRANCIS ,30
[15/6/2017 13:45:54] /vip
[15/6/2017 13:46:7] /vip add 30, GOD FRANCIS
[15/6/2017 13:46:22] /vip add 30 , Chola Nown
[15/6/2017 13:46:26] /vip
[15/6/2017 13:46:37] /vip add 30 Chola Nown
[15/6/2017 13:46:46] /ghost
[15/6/2017 13:46:48] /goto chola nown
[15/6/2017 13:46:53] /kick chola nown
[15/6/2017 13:47:9] /kick chola nown
[15/6/2017 13:47:14] /kick Chola Nown
[15/6/2017 13:47:17] /clean 1
[15/6/2017 13:47:22] /kick Chola Nown
[15/6/2017 13:47:42] /goto chola nown
[15/6/2017 13:47:50] /down
[15/6/2017 13:47:53] /up
[15/6/2017 13:48:9] /a 3
[15/6/2017 13:48:11] /down
[15/6/2017 13:48:15] /c chola nown
[15/6/2017 13:48:20] /c chola nwon
[15/6/2017 13:48:24] /up
[15/6/2017 13:48:25] /up
[15/6/2017 13:48:27] /c Chola Nown
[15/6/2017 13:48:30] /r
[15/6/2017 13:48:33] /c Chola Nown
[15/6/2017 13:48:35] /c Chola Nown
[15/6/2017 13:48:36] /c Chola Nown
[15/6/2017 13:48:38] /c Chola Nown
[15/6/2017 13:48:43] /i 1481
[15/6/2017 13:48:44] /i 1481
[15/6/2017 13:48:46] /c Chola Nown
[15/6/2017 13:48:47] /r
[15/6/2017 13:48:48] /r
[15/6/2017 13:48:51] /r
[15/6/2017 13:48:55] /r
[15/6/2017 13:48:56] /r
[15/6/2017 13:49:3] /t
[15/6/2017 13:52:0] /t
[15/6/2017 13:57:20] /ghost
[15/6/2017 14:0:40] /newtype 75
[15/6/2017 14:0:47] /newtype [ADM] Rubens,75
[15/6/2017 14:0:50] /newtype 75,[ADM] Rubens
[15/6/2017 14:28:5] /newtype 75
[15/6/2017 14:30:48] /ghost
[15/6/2017 14:30:54] /goto Xx Kinin
[15/6/2017 14:31:8] /clean 1
[15/6/2017 14:31:20] /ghost
[15/6/2017 14:31:54] /ghost
[15/6/2017 14:34:22] /goto Black Skull
[15/6/2017 14:34:28] /goto Chola Nown
[15/6/2017 14:34:32] /goto luan mage
[15/6/2017 14:54:45] /goto scavuca
[15/6/2017 14:54:49] /goto Scavusca
[15/6/2017 14:56:13] /t
[15/6/2017 14:57:0] /t
[15/6/2017 14:57:20] /up
[15/6/2017 15:7:52] /newtype 75
[15/6/2017 15:7:53] /ghost
[15/6/2017 18:21:52] /ghost
[15/6/2017 18:22:3] /ghost
[15/6/2017 18:22:7] /ghost
[15/6/2017 18:22:25] /i backpack
[15/6/2017 18:22:32] /i new kina legs
[15/6/2017 18:22:35] /i new kina armor
[15/6/2017 18:22:37] /i new kina helmet
[15/6/2017 18:22:45] /i new kina boots
[15/6/2017 18:22:49] /i new kina shield
[15/6/2017 18:23:6] /i new kina sword
[15/6/2017 18:23:10] /i new kina axe
[15/6/2017 18:23:16] /i new kina ring
[15/6/2017 18:23:24] /i new amulet
[15/6/2017 18:23:34] /goto sd na orelha
[15/6/2017 18:23:39] /goto sd na orelha
[15/6/2017 18:23:52] /t
[15/6/2017 18:24:7] /up
[15/6/2017 18:25:17] /t
[15/6/2017 18:25:51] /vip
[15/6/2017 18:25:58] /vip add 5 Sd Na Orelha
[15/6/2017 18:26:14] /goto sd na orelha
[15/6/2017 18:26:19] /t
[15/6/2017 18:26:24] /goto sd na orelha
[15/6/2017 18:26:26] /t
[15/6/2017 18:41:59] /goto sd na nuka
[15/6/2017 18:42:7] /goto chola nown
[15/6/2017 18:42:11] /t
[15/6/2017 18:42:14] /ghost
[15/6/2017 18:42:18] /ghost
[15/6/2017 18:55:47] /goto chola nown
[15/6/2017 18:55:48] /goto xabi
[15/6/2017 18:55:53] /goto sd na nuka
[15/6/2017 18:55:55] /t
[15/6/2017 18:56:19] /bc THE BOSS STRIKER +1 ADDON DOLL ENFRENTE AO TEMPLO) VENHA ALL ..
[15/6/2017 18:56:24] /bc THE BOSS STRIKER +1 ADDON DOLL ENFRENTE AO TEMPLO) VENHA ALL ..
[15/6/2017 18:56:25] /bc THE BOSS STRIKER +1 ADDON DOLL ENFRENTE AO TEMPLO) VENHA ALL ..
[15/6/2017 18:56:25] /bc THE BOSS STRIKER +1 ADDON DOLL ENFRENTE AO TEMPLO) VENHA ALL ..
[15/6/2017 18:56:38] /bc THE BOSS STRIKER +1 ADDON DOLL ENFRENTE AO TEMPLO) VENHA ALL ..
[15/6/2017 18:56:43] /m the boss striker
[15/6/2017 18:56:48] /m addon doll
[15/6/2017 18:58:2] /m king of baiak
[15/6/2017 18:58:3] /m king of baiak
[15/6/2017 18:58:7] /m addon doll
[15/6/2017 19:9:30] /goto sd na orelha
[15/6/2017 19:45:37] /goto mlk tenso
[15/6/2017 19:45:59] /down
[15/6/2017 19:46:39] /kick Capitao Zumm
[15/6/2017 19:46:43] /kick Kilmes
[15/6/2017 19:46:47] /kick Paulo kina
[15/6/2017 19:47:7] /t
[15/6/2017 19:48:13] /goto mlk tenso
[15/6/2017 19:48:24] /goto awesome prox
[15/6/2017 19:48:32] /goto super
[15/6/2017 19:48:36] /goto lewandovisk
[15/6/2017 19:48:37] /goto lewandoviskoi
[15/6/2017 19:48:38] /goto lewandoviski
[15/6/2017 19:48:44] /goto super orelha
[15/6/2017 19:50:13] /attr health -9999999999
[15/6/2017 19:50:15] /m Massive Fire Elemental
[15/6/2017 19:50:32] /attr health -999999999999
[15/6/2017 19:50:34] /attr health -999999999999
[15/6/2017 19:50:35] /attr health -9999999999999
[15/6/2017 19:50:37] /m Massive Water Elemental
[15/6/2017 19:55:51] /goto tango hehe
[15/6/2017 19:55:53] /goto tango he he 
[15/6/2017 20:13:18] /goto Thoth Paladino
[15/6/2017 20:13:22] /t
[15/6/2017 20:58:0] /goto Psy Trance
[15/6/2017 20:58:4] /t
[15/6/2017 20:58:15] /goto Clayverson
[15/6/2017 20:58:21] /goto xabi
[15/6/2017 20:58:23] /t
[15/6/2017 20:58:26] /goto sd na orelha
[15/6/2017 20:58:33] /t
[15/6/2017 20:59:23] /t
[15/6/2017 21:3:41] /t
[15/6/2017 21:8:38] /a 3
[15/6/2017 21:8:45] /a 
[15/6/2017 21:9:25] /bc BKCASTLE -> ABERTO ATE AS 22:30 A GUILD VENCEDORA FICA COM O CASTELO POR 24H (MONTEM SEU TEAM E DOMINE).
[15/6/2017 21:9:26] /bc BKCASTLE -> ABERTO ATE AS 22:30 A GUILD VENCEDORA FICA COM O CASTELO POR 24H (MONTEM SEU TEAM E DOMINE).
[15/6/2017 21:9:26] /bc BKCASTLE -> ABERTO ATE AS 22:30 A GUILD VENCEDORA FICA COM O CASTELO POR 24H (MONTEM SEU TEAM E DOMINE).
[15/6/2017 21:10:3] /bc BKCASTLE -> ABERTO ATE AS 22:30 A GUILD VENCEDORA FICA COM O CASTELO POR 24H (MONTEM SEU TEAM E DOMINE).
[15/6/2017 21:14:0] /t
[15/6/2017 21:32:27] /bc BKCASTLE -> ABERTO ATE AS 22:30 A GUILD VENCEDORA FICA COM O CASTELO POR 24H (MONTEM SEU TEAM E DOMINE).
[15/6/2017 21:32:29] /bc BKCASTLE -> ABERTO ATE AS 22:30 A GUILD VENCEDORA FICA COM O CASTELO POR 24H (MONTEM SEU TEAM E DOMINE).
[15/6/2017 21:32:42] /t
[15/6/2017 21:32:46] /bc BKCASTLE -> ABERTO ATE AS 22:30 A GUILD VENCEDORA FICA COM O CASTELO POR 24H (MONTEM SEU TEAM E DOMINE).
[15/6/2017 21:40:58] /goto chola nown
[15/6/2017 21:41:0] /goto xabi
[15/6/2017 21:41:6] /goto sd na orelha
[15/6/2017 21:41:32] /bc BKCASTLE -> ABERTO ATE AS 22:30 A GUILD VENCEDORA FICA COM O CASTELO POR 24H (MONTEM SEU TEAM E DOMINE).
[15/6/2017 21:41:33] /bc BKCASTLE -> ABERTO ATE AS 22:30 A GUILD VENCEDORA FICA COM O CASTELO POR 24H (MONTEM SEU TEAM E DOMINE).
[15/6/2017 21:41:33] /bc BKCASTLE -> ABERTO ATE AS 22:30 A GUILD VENCEDORA FICA COM O CASTELO POR 24H (MONTEM SEU TEAM E DOMINE).
[15/6/2017 21:51:12] /bc BKCASTLE -> ABERTO ATE AS 22:30 A GUILD VENCEDORA FICA COM O CASTELO POR 24H (MONTEM SEU TEAM E DOMINE).
[15/6/2017 22:30:42] /goto chola nown
[15/6/2017 22:31:2] /bc THE BOSS STRIKER ENFRENTE AO TEMPLO + ADDON DOLL.
[15/6/2017 22:31:3] /bc THE BOSS STRIKER ENFRENTE AO TEMPLO + ADDON DOLL.
[15/6/2017 22:31:3] /bc THE BOSS STRIKER ENFRENTE AO TEMPLO + ADDON DOLL.
[15/6/2017 22:31:3] /bc THE BOSS STRIKER ENFRENTE AO TEMPLO + ADDON DOLL.
[15/6/2017 22:31:5] /bc THE BOSS STRIKER ENFRENTE AO TEMPLO + ADDON DOLL.
[15/6/2017 22:31:5] /bc THE BOSS STRIKER ENFRENTE AO TEMPLO + ADDON DOLL.
[15/6/2017 22:31:8] /m  the boss striker
[15/6/2017 22:31:12] /bc THE BOSS STRIKER ENFRENTE AO TEMPLO + ADDON DOLL.
[15/6/2017 22:31:13] /bc THE BOSS STRIKER ENFRENTE AO TEMPLO + ADDON DOLL.
[15/6/2017 22:31:13] /bc THE BOSS STRIKER ENFRENTE AO TEMPLO + ADDON DOLL.
[15/6/2017 22:31:13] /bc THE BOSS STRIKER ENFRENTE AO TEMPLO + ADDON DOLL.
[15/6/2017 22:31:18] /bc THE BOSS STRIKER ENFRENTE AO TEMPLO + ADDON DOLL.
[15/6/2017 22:31:19] /bc THE BOSS STRIKER ENFRENTE AO TEMPLO + ADDON DOLL.
[15/6/2017 22:31:19] /bc THE BOSS STRIKER ENFRENTE AO TEMPLO + ADDON DOLL.
[15/6/2017 22:31:21] /m addon doll
[15/6/2017 22:31:23] /bc THE BOSS STRIKER ENFRENTE AO TEMPLO + ADDON DOLL.
[15/6/2017 22:31:24] /bc THE BOSS STRIKER ENFRENTE AO TEMPLO + ADDON DOLL.
[15/6/2017 22:31:25] /bc THE BOSS STRIKER ENFRENTE AO TEMPLO + ADDON DOLL.
[15/6/2017 22:32:5] /bc THE BOSS STRIKER ENFRENTE AO TEMPLO + ADDON DOLL.
[15/6/2017 22:32:5] /bc THE BOSS STRIKER ENFRENTE AO TEMPLO + ADDON DOLL.
[15/6/2017 22:32:6] /bc THE BOSS STRIKER ENFRENTE AO TEMPLO + ADDON DOLL.
[15/6/2017 22:32:6] /bc THE BOSS STRIKER ENFRENTE AO TEMPLO + ADDON DOLL.
[15/6/2017 22:32:7] /bc THE BOSS STRIKER ENFRENTE AO TEMPLO + ADDON DOLL.
[15/6/2017 22:32:7] /bc THE BOSS STRIKER ENFRENTE AO TEMPLO + ADDON DOLL.
[15/6/2017 22:32:13] /m addon doll
[15/6/2017 22:32:22] /bc THE BOSS STRIKER ENFRENTE AO TEMPLO + ADDON DOLL.
[15/6/2017 22:32:22] /bc THE BOSS STRIKER ENFRENTE AO TEMPLO + ADDON DOLL.
[15/6/2017 22:32:23] /bc THE BOSS STRIKER ENFRENTE AO TEMPLO + ADDON DOLL.
[15/6/2017 22:32:23] /bc THE BOSS STRIKER ENFRENTE AO TEMPLO + ADDON DOLL.
[15/6/2017 22:32:23] /bc THE BOSS STRIKER ENFRENTE AO TEMPLO + ADDON DOLL.
[15/6/2017 22:32:29] /m king of baiak
[15/6/2017 22:32:38] /bc THE BOSS STRIKER ENFRENTE AO TEMPLO + ADDON DOLL.
[15/6/2017 22:32:38] /bc THE BOSS STRIKER ENFRENTE AO TEMPLO + ADDON DOLL.
[15/6/2017 22:32:39] /bc THE BOSS STRIKER ENFRENTE AO TEMPLO + ADDON DOLL.
[15/6/2017 22:32:45] /m addon doll
[15/6/2017 22:33:21] /goto Gustavito
[15/6/2017 22:34:12] /goto chola nown
[15/6/2017 22:34:14] /goto sd na orelha
[15/6/2017 22:34:16] /t
[15/6/2017 22:34:19] /t
[15/6/2017 23:34:35] /t
[15/6/2017 23:34:41] /t
[15/6/2017 23:37:12] /t
[15/6/2017 23:37:16] /t
[15/6/2017 23:39:26] /t
[15/6/2017 23:40:15] /t
[15/6/2017 23:42:58] /a 3
[15/6/2017 23:43:13] /t
[15/6/2017 23:44:48] /t
[16/6/2017 0:9:13] /goto satanas
[16/6/2017 0:9:21] /goto Zika Da Paramax
[16/6/2017 0:9:54] /goto Marighella
[16/6/2017 0:11:38] /i backpack
[16/6/2017 0:11:45] /i new amulet
[16/6/2017 0:11:50] /i new mage legs
[16/6/2017 0:11:51] /i new mage armor
[16/6/2017 0:11:54] /i new mage helmet
[16/6/2017 0:11:55] /i new mage boots
[16/6/2017 0:11:58] /i new mage staff
[16/6/2017 0:12:0] /i new mage spellbook
[16/6/2017 0:12:4] /i new mage ring
[16/6/2017 0:13:2] /t
[16/6/2017 0:13:30] /i new backpack
[16/6/2017 9:41:56] /ghost
[16/6/2017 9:41:58] /ghost
[16/6/2017 9:42:0] /ghost
[16/6/2017 9:42:3] /newtype 75
[22/6/2017 10:59:42] /ghost
[22/6/2017 10:59:43] /ghost
[22/6/2017 10:59:45] /newtype 7
[22/6/2017 10:59:47] /newtype 75
[22/6/2017 11:10:29] /ghost
[22/6/2017 11:10:32] /goto hi push me
[22/6/2017 11:10:54] /ghost
[22/6/2017 11:13:1] /bc THE BOSS STRIKER (ENFRENTE AO TEMPLO) !
[22/6/2017 11:13:2] /bc THE BOSS STRIKER (ENFRENTE AO TEMPLO) !
[22/6/2017 11:13:4] /bc THE BOSS STRIKER (ENFRENTE AO TEMPLO) !
[22/6/2017 11:13:4] /bc THE BOSS STRIKER (ENFRENTE AO TEMPLO) !
[22/6/2017 11:13:5] /bc THE BOSS STRIKER (ENFRENTE AO TEMPLO) !
[22/6/2017 11:13:6] /bc THE BOSS STRIKER (ENFRENTE AO TEMPLO) !
[22/6/2017 11:13:15] /m the boss striker
[22/6/2017 11:13:17] /bc THE BOSS STRIKER (ENFRENTE AO TEMPLO) !
[22/6/2017 11:13:27] /bc THE BOSS STRIKER (ENFRENTE AO TEMPLO) !
[22/6/2017 11:13:30] /bc THE BOSS STRIKER (ENFRENTE AO TEMPLO) !
[22/6/2017 11:15:0] /t
[22/6/2017 11:15:12] /t
[22/6/2017 11:15:27] /t
[22/6/2017 11:17:53] /t
[22/6/2017 11:18:22] /t
[22/6/2017 11:18:49] /t
[22/6/2017 11:21:20] /ghost
[22/6/2017 11:21:21] /up
[22/6/2017 11:21:41] /t
[22/6/2017 11:21:46] /a 30
[22/6/2017 12:26:9] /goto Ermony
[22/6/2017 12:26:12] /vip
[22/6/2017 12:26:20] /vip add
[22/6/2017 12:26:28] /vip add 90 Ermony
[22/6/2017 12:26:29] /t
[22/6/2017 12:26:33] /goto Ermony
[22/6/2017 12:26:39] /kick Ermony
[22/6/2017 12:26:40] /goto Ermony
[22/6/2017 12:26:43] /t Ermony
[22/6/2017 12:26:44] /t
[22/6/2017 12:28:4] /i Paper 
[22/6/2017 12:28:22] /t Ermony
[22/6/2017 12:28:28] /i paper
[22/6/2017 12:28:32] /c ermony
[22/6/2017 12:28:44] /c ermony
[22/6/2017 12:28:46] /i paper
[22/6/2017 12:29:15] /i dodge stone
[22/6/2017 12:29:19] /goto Ermony
[22/6/2017 12:29:23] /i dodge stone
[22/6/2017 12:29:33] /i critical stone
[22/6/2017 12:29:43] /i critical stone
[22/6/2017 16:7:37] /goto Belth Wintershade
[22/6/2017 16:7:46] /i new mage staff
[22/6/2017 16:7:50] /i new mage boots
[22/6/2017 22:32:49] /newtype
[22/6/2017 22:32:50] /newtype 75
[22/6/2017 22:32:55] /ghost
[22/6/2017 22:42:15] /up
[22/6/2017 22:42:15] /up
[22/6/2017 22:42:15] /up
[22/6/2017 22:42:28] /t
[22/6/2017 22:43:10] /ghost
[22/6/2017 22:43:14] /goto kovalski
[22/6/2017 22:43:24] /t
[22/6/2017 22:43:28] /ghost
[22/6/2017 23:7:26] /clean 1
[22/6/2017 23:28:9] /ghost
[22/6/2017 23:28:11] /goto Iitajai
[22/6/2017 23:28:25] /t Iitajai
[22/6/2017 23:28:26] /t
[22/6/2017 23:28:31] /ghost
[23/6/2017 0:39:30] /newtype 75
[23/6/2017 4:36:49] /ghost
[23/6/2017 14:20:50] /newtype 75
[23/6/2017 14:20:52] /ghost
[23/6/2017 14:24:24] /i new mage staff
[23/6/2017 14:24:42] /ghost
[23/6/2017 14:24:44] /goto kina topo
[23/6/2017 14:24:45] /goto kina top
[23/6/2017 14:24:51] /giveitem
[23/6/2017 14:25:3] /giveitem GOD FRANCIS,12655
[23/6/2017 14:25:9] /giveitem Alison on,12655
[23/6/2017 14:25:12] /i new mage boots
[23/6/2017 14:25:22] /giveitem Alison on,12644
[23/6/2017 14:25:31] /vip add 5 Alison On
[23/6/2017 14:30:35] /c Talezkasd
[23/6/2017 14:30:36] /ghost
[23/6/2017 14:30:48] /ghost
[23/6/2017 14:30:49] /t
[23/6/2017 14:30:59] /ghost
[23/6/2017 14:31:3] /newtype 75
[23/6/2017 14:33:41] /b SERVIDOR NAO IRA RESETAR   !!! (NAO ACREDITEM EM BLA BLA).
[23/6/2017 14:33:47] /b SERVIDOR NAO IRA RESETAR   !!! (NAO ACREDITEM EM BLA BLA).
[23/6/2017 14:33:48] /b SERVIDOR NAO IRA RESETAR   !!! (NAO ACREDITEM EM BLA BLA).
[23/6/2017 14:34:35] /b SERVIDOR NAO IRA RESETAR   !!! (NAO ACREDITEM EM BLA BLA).
[23/6/2017 14:35:43] /newtype 75
[23/6/2017 14:36:23] /b SERVIDOR NAO IRA RESETAR   !!! (NAO ACREDITEM EM BLA BLA).
[23/6/2017 14:36:39] /newtype 302
[23/6/2017 14:38:23] /mute Luquinha'owna
[23/6/2017 14:42:31] /ghost
[23/6/2017 14:42:33] /goto alison on
[23/6/2017 14:42:38] /ghost
[23/6/2017 16:55:24] /ghost
[23/6/2017 16:55:41] /clean 1
[23/6/2017 20:4:41] /goto chola nown
[23/6/2017 20:4:46] /goto King Carnage
[23/6/2017 20:4:57] /newtype 75
[23/6/2017 20:4:59] /ghost
[23/6/2017 20:5:9] /goto xabi
[23/6/2017 20:13:21] /ghost
[23/6/2017 22:15:42] /goto Fandangoszerah
[23/6/2017 22:15:47] /goto chola nown
[23/6/2017 22:15:53] /goto King Carnage
[23/6/2017 22:16:7] /goto xabi
[23/6/2017 23:1:26] /goto chola nown
[23/6/2017 23:1:33] /newtype 75
[23/6/2017 23:1:36] /ghost
[24/6/2017 0:26:29] /goto Existing
[24/6/2017 0:26:32] /r
[24/6/2017 0:45:45] /ghost
[24/6/2017 0:45:46] /goto xabi
[24/6/2017 0:45:49] /goto xabi
[24/6/2017 0:45:58] /goto clayverson
[24/6/2017 0:46:19] /mute Asaito
[24/6/2017 0:47:16] /goto asaito
[24/6/2017 0:58:1] /goto asaito
[24/6/2017 0:58:4] /ghost
[24/6/2017 10:28:47] /newtype 75
[24/6/2017 10:28:54] /clean 1
[24/6/2017 10:31:45] /b QUAL A BOAAA? xddd
[24/6/2017 10:33:13] /b DUVIDAS CTRL+T !
[24/6/2017 10:34:43] /r
[24/6/2017 10:36:18] /r
[24/6/2017 10:37:2] /goto Mineirador
[24/6/2017 10:37:6] /a 10
[24/6/2017 10:37:8] /a 10
[24/6/2017 10:37:11] /c Mineirador
[24/6/2017 10:37:43] /t
[24/6/2017 10:39:45] /r
[24/6/2017 10:40:33] /n bazir
[24/6/2017 10:40:35] /s bazir
[24/6/2017 10:42:9] /i 10765
[24/6/2017 10:42:13] /c Embrasado
[24/6/2017 10:42:18] /ghost
[24/6/2017 10:42:34] /t Embrasado
[24/6/2017 10:42:41] /c Embrasado
[24/6/2017 10:42:51] /attr skull 5
[24/6/2017 10:42:53] /ghost
[24/6/2017 10:43:15] /attr skull 3
[24/6/2017 10:43:22] /t Embrasado
[24/6/2017 10:43:23] /t
[24/6/2017 10:44:14] /t
[24/6/2017 10:45:15] /goto lupper
[24/6/2017 10:52:34] /c Embrasado
[24/6/2017 10:52:39] /ghost
[24/6/2017 10:52:53] /ghost
[24/6/2017 10:53:14] /t Embrasado
[24/6/2017 10:54:55] /r
[24/6/2017 10:55:9] /ghost
[24/6/2017 11:39:51] /clean 1
[24/6/2017 11:41:42] /clean
[24/6/2017 13:3:49] /addskill
[24/6/2017 13:3:56] /addskill Belth Wintershade,magic level
[24/6/2017 13:4:1] /addskill Belth Wintershade,magic level, 10
[24/6/2017 13:4:4] /addskill Belth Wintershade,magic level, 10
[24/6/2017 13:4:21] /addskill Belth Wintershade,magic level, 2
[24/6/2017 13:5:20] /t
[24/6/2017 13:5:24] /up
[24/6/2017 13:5:25] /up
[24/6/2017 13:5:25] /up
[24/6/2017 13:5:25] /up
[24/6/2017 13:5:29] /i 1386
[24/6/2017 13:5:29] /i 1387
[24/6/2017 13:5:30] /r
[24/6/2017 13:5:38] /attr position 160 57 7
[24/6/2017 13:5:42] /attr set position
[24/6/2017 13:5:43] /attr set position 160
[24/6/2017 13:5:44] /attr set position 160 65
[24/6/2017 13:5:46] /attr set position 160 54 7
[24/6/2017 13:5:48] /attr set position 160 54 
[24/6/2017 13:5:49] /attr set position 160 54 8
[24/6/2017 13:5:53] /r
[24/6/2017 13:5:54] /r
[24/6/2017 13:5:58] /goto frost dragon
[24/6/2017 13:6:9] /up
[24/6/2017 13:6:12] /goto frost dragon
[24/6/2017 13:6:24] /goto frost dragon
[24/6/2017 13:6:46] /goto donate frost dragon
[24/6/2017 13:6:55] /goto donate frost dragon
[24/6/2017 13:8:54] /goto donate frost dragon
[24/6/2017 13:8:55] /goto donate frost dragon
[24/6/2017 13:9:1] /goto donate frost dragon
[24/6/2017 13:9:2] /goto donate frost dragon
[24/6/2017 13:9:5] /goto donate frost dragon
[24/6/2017 13:9:7] /goto donate frost dragon
[24/6/2017 13:9:8] /goto donate frost dragon
[24/6/2017 13:9:8] /goto donate frost dragon
[24/6/2017 13:9:9] /goto donate frost dragon
[24/6/2017 13:9:9] /goto donate frost dragon
[24/6/2017 13:9:10] /t
[24/6/2017 13:9:19] /goto grim reaper vip ii
[24/6/2017 13:9:28] /up
[24/6/2017 13:9:36] /c alison on
[24/6/2017 13:10:15] /c Belth Wintershade
[24/6/2017 13:10:17] /t
[24/6/2017 13:13:50] /goto alison on
[24/6/2017 13:13:56] /t
[24/6/2017 13:14:19] /goto alison on
[24/6/2017 13:14:28] /down
[24/6/2017 13:14:30] /down
[24/6/2017 13:14:31] /down
[24/6/2017 13:14:32] /down
[24/6/2017 13:14:38] /r
[24/6/2017 13:14:50] /attr  action 13
[24/6/2017 13:14:51] /attr  action 13
[24/6/2017 13:14:58] /a 3
[24/6/2017 13:15:4] /r
[24/6/2017 13:15:4] /r
[24/6/2017 13:15:5] /r
[24/6/2017 13:15:11] /r
[24/6/2017 13:15:11] /r
[24/6/2017 13:15:19] /i 1932
[24/6/2017 13:15:27] /i 3366
[24/6/2017 13:15:31] /r
[24/6/2017 13:15:32] /r
[24/6/2017 13:15:33] /r
[24/6/2017 13:15:34] /r
[24/6/2017 13:15:35] /r
[24/6/2017 13:15:38] /r
[24/6/2017 13:15:41] /r
[24/6/2017 13:15:43] /r
[24/6/2017 13:15:45] /r
[24/6/2017 13:15:45] /r
[24/6/2017 13:15:46] /r
[24/6/2017 13:15:48] /r
[24/6/2017 13:16:1] /up
[24/6/2017 13:16:9] /up
[24/6/2017 13:16:13] /r
[24/6/2017 13:16:18] /r
[24/6/2017 13:16:19] /r
[24/6/2017 13:16:59] /goto alison on
[24/6/2017 13:17:13] /ghost
[24/6/2017 13:17:58] /ghost
[24/6/2017 13:18:56] /goto Belth Wintershade
[24/6/2017 13:19:8] /i 7443
[24/6/2017 13:19:21] /t
[24/6/2017 13:27:14] /t Belth Wintershade
[24/6/2017 13:29:5] /goto Drak
[24/6/2017 13:29:55] /goto Belth Wintershade
[24/6/2017 13:29:58] /i time ring
[24/6/2017 13:30:0] /i time ring
[24/6/2017 13:30:0] /i time ring
[24/6/2017 13:30:12] /i dwarven ring
[24/6/2017 13:30:19] /i dwarven ring
[24/6/2017 13:30:40] /goto alisono n
[24/6/2017 13:30:42] /goto alison on
[24/6/2017 13:30:47] /goto alison on
[24/6/2017 13:34:24] /goto champion sea serpent
[24/6/2017 13:36:22] /c Belth Wintershade
[24/6/2017 13:45:33] /goto drak
[24/6/2017 13:45:49] /goto behavior
[24/6/2017 13:46:21] /a 3
[24/6/2017 13:46:25] /a 3
[24/6/2017 13:46:25] /a 3
[24/6/2017 13:46:25] /a 3
[24/6/2017 13:46:26] /a 3
[24/6/2017 13:47:7] /c Belth Wintershade
[24/6/2017 13:48:22] /goto champion bog rider
[24/6/2017 13:48:40] /c Belth Wintershade
[24/6/2017 13:49:59] /c Belth Wintershade
[24/6/2017 13:50:58] /goto behavior
[24/6/2017 13:51:18] /goto  Belth Wintershade
[24/6/2017 13:51:23] /r
[24/6/2017 13:52:53] /clean 1
[24/6/2017 13:58:2] /goto behavior
[24/6/2017 13:58:58] /goto behavior
[24/6/2017 13:59:25] /goto behavior
[24/6/2017 14:6:27] /t
[24/6/2017 14:6:49] /i gold ingot
[24/6/2017 14:7:13] /i adito grav
[24/6/2017 14:7:47] /c Belth Wintershade
[24/6/2017 14:8:19] /r
[24/6/2017 14:8:19] /r
[24/6/2017 14:8:20] /r
[24/6/2017 19:38:13] /t
[24/6/2017 19:39:22] /goto jack
[24/6/2017 19:39:39] /newtype 75
[24/6/2017 19:39:40] /ghost
[24/6/2017 19:49:34] /ghost
[24/6/2017 19:49:45] /i new mage legs
[24/6/2017 19:49:48] /ghost
[24/6/2017 19:50:2] /ghost
[24/6/2017 19:50:10] /i new mage armor
[24/6/2017 19:50:13] /ghost
[24/6/2017 20:21:36] /clean 1
[24/6/2017 20:23:11] /newtype 75
[24/6/2017 20:35:20] /ghost
[24/6/2017 20:36:47] /t
[24/6/2017 20:36:53] /ghost
[24/6/2017 20:38:1] /bc 20:37 Xian [500]: GO PROMOTE QUEST JA TEM BLOCKER FULL DNT E DODGE 5/10
[24/6/2017 20:38:12] /bc Xian [500]: GO PROMOTE QUEST JA TEM BLOCKER FULL DNT E DODGE 5/10
[24/6/2017 20:38:34] /bc Xian [500]: GO PROMOTE QUEST JA TEM BLOCKER FULL DNT E DODGE 5/10
[24/6/2017 20:38:53] /bc Xian [500]: GO PROMOTE QUEST JA TEM BLOCKER FULL DNT E DODGE 5/10
[24/6/2017 20:39:16] /attr skull 5
[24/6/2017 20:39:41] /attr skull 3
[24/6/2017 20:39:42] /attr skull 4
[24/6/2017 20:39:44] /attr skull 4
[24/6/2017 20:39:53] /bc Xian [500]: GO PROMOTE QUEST JA TEM BLOCKER FULL DNT E DODGE 5/10
[24/6/2017 20:40:14] /ghost
[24/6/2017 20:40:17] /goto behoiver
[24/6/2017 20:40:26] /goto behavior
[24/6/2017 20:40:29] /ghost
[24/6/2017 20:45:51] /attr health -99999999
[24/6/2017 20:54:39] /a 300
[24/6/2017 20:54:47] /goto castle frost dragon
[24/6/2017 20:54:59] /c konam
[24/6/2017 20:57:26] /t Konam
[24/6/2017 20:57:28] /ghost
[24/6/2017 20:57:34] /t
[24/6/2017 20:58:12] /goto castle frost dragon
[24/6/2017 20:58:20] /goto castle frost dragon
[24/6/2017 20:58:24] /goto castle frost dragon
[24/6/2017 20:58:31] /goto castle frost dragon
[24/6/2017 20:58:36] /goto castle frost dragon
[24/6/2017 20:58:38] /goto castle frost dragon
[24/6/2017 20:58:53] /goto castle frost dragon
[24/6/2017 20:58:58] /goto castle frost dragon
[24/6/2017 20:58:59] /goto castle frost dragon
[24/6/2017 20:59:16] /goto castle frost dragon
[24/6/2017 20:59:32] /goto castle dragon lord
[24/6/2017 20:59:37] /goto castle dragon lord
[24/6/2017 20:59:58] /t
[24/6/2017 21:0:3] /goto castle frost dragon
[24/6/2017 21:0:6] /goto castle frost dragon
[24/6/2017 21:0:20] /goto castle frost dragon
[24/6/2017 21:0:31] /goto castle frost dragon
[24/6/2017 21:0:33] /goto castle frost dragon
[24/6/2017 21:0:42] /goto castle frost dragon
[24/6/2017 21:0:43] /goto castle frost dragon
[24/6/2017 21:0:57] /a 3
[24/6/2017 21:1:4] /goto konam
[24/6/2017 21:1:8] /goto castle frost dragon
[24/6/2017 21:1:10] /goto castle frost dragon
[24/6/2017 21:1:11] /goto castle frost dragon
[24/6/2017 21:1:21] /c konam
[24/6/2017 21:1:23] /ghost
[24/6/2017 21:8:57] /t  Konam
[24/6/2017 21:8:57] /t
[24/6/2017 21:9:3] /clean 1
[24/6/2017 21:9:38] /ghost
[24/6/2017 21:9:53] /goto Asaitop I
[24/6/2017 21:12:36] /mute Luquinha'owna
[24/6/2017 21:12:46] /ghost
[24/6/2017 21:18:1] /goto eu aki
[24/6/2017 21:22:7] /goto Blackout Ball
[24/6/2017 21:22:27] /s bazir
[24/6/2017 21:23:2] /r
[24/6/2017 21:23:11] /t
[24/6/2017 21:39:19] /ghost
[24/6/2017 21:39:20] /goto Consciencia Humana
[24/6/2017 21:39:33] /ghost
[24/6/2017 21:45:39] /ghost
[24/6/2017 21:45:47] /goto konam
[24/6/2017 21:46:8] /t
[24/6/2017 21:46:11] /ghost
[24/6/2017 23:21:7] /newtype 75
[25/6/2017 12:47:14] /newtype 75
[25/6/2017 12:47:19] /clean 1
[25/6/2017 12:47:39] /ghost
[25/6/2017 12:47:41] /goto rabetao
[25/6/2017 12:47:43] /t
[25/6/2017 12:49:18] /ghost
[25/6/2017 16:12:48] /ghost
[25/6/2017 16:12:49] /goto Ei Seu Bunda Mole
[25/6/2017 16:12:59] /ghost
[25/6/2017 16:14:1] /t
[25/6/2017 16:18:4] /t
[25/6/2017 16:18:23] /ghost
[25/6/2017 16:18:27] /goto speed exploer
[25/6/2017 16:18:29] /goto speed explorer
[25/6/2017 16:18:31] /ghost
[25/6/2017 16:18:32] /up
[25/6/2017 18:54:32] /ghost 
[25/6/2017 18:54:38] /goto Sou Araujo
[25/6/2017 18:54:55] /ghost
[25/6/2017 18:54:57] /t
[25/6/2017 18:57:48] /clean 1              
[25/6/2017 19:1:27] /goto [adm] harper
[25/6/2017 19:3:32] /t
[25/6/2017 19:4:26] /goto Fandangoszerah
[25/6/2017 19:4:36] /t
[25/6/2017 19:5:57] /i blessing amulet
[25/6/2017 19:6:5] /giveitem GOD FRANCIS,2160
[25/6/2017 19:6:17] /giveitem Fandangoszerah,7889
[25/6/2017 19:6:34] /i dodge stone
[25/6/2017 19:6:47] /giveitem GOD FRANCIS,12575
[25/6/2017 19:7:6] /t
[26/6/2017 9:38:35] /ghost
[26/6/2017 9:38:38] /newtype 75
[26/6/2017 9:38:43] /clean 1
[26/6/2017 9:38:48] /ghost
[26/6/2017 9:39:4] /mute Luquinha'owna
[26/6/2017 9:39:13] /mute Luquinha'owna
[26/6/2017 9:39:15] /mute Luquinha'owna
[26/6/2017 11:28:21] /mute Bagulho Of Veloster Returns
[26/6/2017 11:28:23] /r
[26/6/2017 11:28:31] /mute Luquinha'owna
[26/6/2017 11:29:11] /r
[26/6/2017 11:29:22] /r
[26/6/2017 11:30:7] /attr health -99999999
[26/6/2017 11:31:11] /attr skull 3
[26/6/2017 11:32:1] /attr skull 2
[26/6/2017 11:32:3] /attr skull 2
[26/6/2017 11:32:7] /attr skull 2
[26/6/2017 11:32:8] /attr skull 2
[26/6/2017 11:32:13] /attr skull 2
[26/6/2017 11:32:14] /attr skull 2
[26/6/2017 11:34:33] /clean 1
[26/6/2017 11:35:10] /m dragoin
[26/6/2017 11:35:11] /m dragon
[26/6/2017 11:36:32] /m dragon
[26/6/2017 11:37:19] /attr skull 3
[26/6/2017 11:37:21] /attr skull 3
[26/6/2017 11:37:30] /attr skull 0
[26/6/2017 11:39:2] /attr health -1
[26/6/2017 11:39:14] /attr  health -5
[26/6/2017 11:41:41] /ghost
[26/6/2017 13:35:11] /ghost
[26/6/2017 13:35:12] /ghost
[26/6/2017 13:35:30] /i 2160
[26/6/2017 15:9:22] /t
[26/6/2017 15:10:14] /owner nobody
[26/6/2017 18:7:57] /t
[26/6/2017 18:8:16] /t
[26/6/2017 18:12:13] /ghost
[26/6/2017 23:7:28] /newtype 75
[26/6/2017 23:9:31] /clean 1
[26/6/2017 23:18:0] /attr skull 1
[26/6/2017 23:21:10] /attr health -9999999999
[26/6/2017 23:22:47] /attr health 999999999
[26/6/2017 23:22:52] /attr health -9999
[26/6/2017 23:25:37] /t
[26/6/2017 23:25:42] /i 2614
[26/6/2017 23:25:45] /r
[26/6/2017 23:25:49] /i 2614
[26/6/2017 23:25:50] /i 2614
[26/6/2017 23:25:51] /i 2614
[26/6/2017 23:25:51] /i 2614
[26/6/2017 23:26:40] /c [adm] rubens
[26/6/2017 23:27:14] /attr health -999999999
[26/6/2017 23:28:3] /r
[26/6/2017 23:31:49] /r
[26/6/2017 23:32:37] /attr skull 5
[26/6/2017 23:33:3] /attr skull 4
[26/6/2017 23:33:5] /attr skull 4
[26/6/2017 23:33:8] /attr skull 4
[26/6/2017 23:33:9] /attr skull 4
[26/6/2017 23:33:11] /attr skull 4
[26/6/2017 23:33:12] /attr skull 4
[26/6/2017 23:33:13] /attr skull 4
[26/6/2017 23:33:14] /attr skull 4
[26/6/2017 23:33:16] /attr skull 4
[26/6/2017 23:33:17] /attr skull 4
[26/6/2017 23:33:18] /attr skull 4
[26/6/2017 23:33:21] /attr skull 4
[26/6/2017 23:34:0] /attr skull 0
[26/6/2017 23:36:52] /bc DUVIDAS NO "AJUDA" CTRL+T
[26/6/2017 23:43:43] /attr  health -99999999999
[26/6/2017 23:45:2] /attr  health -99999999999
[26/6/2017 23:45:3] /attr  health -99999999999
[26/6/2017 23:45:4] /attr  health -99999999999
[26/6/2017 23:45:5] /attr  health -99999999999
[26/6/2017 23:45:5] /attr  health -99999999999
[26/6/2017 23:45:6] /attr  health -99999999999
[26/6/2017 23:45:7] /attr  health -99999999999
[26/6/2017 23:45:8] /attr  health -99999999999
[26/6/2017 23:45:35] /attr health -9999999999
[26/6/2017 23:45:36] /attr health -9999999999
[26/6/2017 23:45:36] /attr health -9999999999
[26/6/2017 23:45:37] /attr health -9999999999
[26/6/2017 23:45:39] /attr health -9999999999
[26/6/2017 23:45:40] /attr health -9999999999
[26/6/2017 23:45:41] /attr health -9999999999
[26/6/2017 23:45:42] /attr health -9999999999
[26/6/2017 23:45:44] /ghost
[26/6/2017 23:45:47] /attr health -9999999999
[26/6/2017 23:45:49] /attr health -9999999999
[26/6/2017 23:45:51] /attr health -9999999999
[26/6/2017 23:45:52] /attr health -9999999999
[26/6/2017 23:45:53] /attr health -9999999999
[26/6/2017 23:45:54] /attr health -9999999999
[26/6/2017 23:46:4] /attr health -9999999999
[26/6/2017 23:46:6] /ghost
[27/6/2017 0:9:8] /goto Mlk Lerdao
[27/6/2017 0:9:12] /t
[27/6/2017 0:14:18] /t
[27/6/2017 1:32:38] /clean 1
[27/6/2017 2:15:46] /up
[27/6/2017 2:19:19] /t
[27/6/2017 2:40:45] /i ice cube
[27/6/2017 2:40:47] /i ice cube
[27/6/2017 2:41:32] /i ice cube
[27/6/2017 2:41:32] /i ice cube
[27/6/2017 2:41:33] /i ice cube
[27/6/2017 2:41:33] /i ice cube
[27/6/2017 2:41:33] /i ice cube
[27/6/2017 2:41:34] /i ice cube
[27/6/2017 2:41:34] /i ice cube
[27/6/2017 2:41:34] /i ice cube
[27/6/2017 2:41:40] /i ice cube
[27/6/2017 2:41:41] /i ice cube
[27/6/2017 2:41:42] /i ice cube
[27/6/2017 2:41:42] /i ice cube
[27/6/2017 2:41:42] /i ice cube
[27/6/2017 2:41:43] /i ice cube
[27/6/2017 2:41:44] /i ice cube
[27/6/2017 2:41:44] /i ice cube
[27/6/2017 2:41:45] /i ice cube
[27/6/2017 2:41:45] /i ice cube
[27/6/2017 2:41:46] /i ice cube
[27/6/2017 2:41:55] /i 1652
[27/6/2017 2:41:55] /i 1652
[27/6/2017 2:41:57] /i 1652
[27/6/2017 2:41:57] /i 1652
[27/6/2017 2:41:58] /i 1652
[27/6/2017 2:41:58] /i 1652
[27/6/2017 2:41:59] /i 1652
[27/6/2017 2:42:5] /r
[27/6/2017 2:43:37] /n obi
[27/6/2017 2:43:39] /n obi
[27/6/2017 2:43:44] /goto obi
[27/6/2017 2:43:53] /n Obi
[27/6/2017 2:43:55] /r
[27/6/2017 2:44:1] /goto destroyer killer
[27/6/2017 2:44:6] /n Obi
[27/6/2017 2:44:10] /n Obi
[27/6/2017 2:46:55] /goto destroyer killer
[27/6/2017 2:47:20] /r
[27/6/2017 2:47:21] /r
[27/6/2017 2:47:29] /r
[27/6/2017 2:47:44] /i 11879
[27/6/2017 2:47:55] /i 9146
[27/6/2017 2:48:11] /goto Destroyer Killer
[27/6/2017 2:58:3] /i surprise box
[27/6/2017 2:58:40] /goto Belth Wintershade
[27/6/2017 2:58:42] /i surprise box
[27/6/2017 2:58:43] /i surprise box
[27/6/2017 2:58:43] /i surprise box
[27/6/2017 2:58:58] /i surprise box
[27/6/2017 2:58:58] /i surprise box
[27/6/2017 2:58:58] /i surprise box
[27/6/2017 2:58:59] /i surprise box
[27/6/2017 2:58:59] /i surprise box
[27/6/2017 2:59:10] /i surprise box
[27/6/2017 2:59:11] /i surprise box
[27/6/2017 2:59:11] /i surprise box
[27/6/2017 2:59:11] /i surprise box
[27/6/2017 2:59:12] /i surprise box
[27/6/2017 2:59:12] /i surprise box
[27/6/2017 2:59:13] /i surprise box
[27/6/2017 2:59:13] /i surprise box
[27/6/2017 2:59:14] /i surprise box
[27/6/2017 2:59:14] /i surprise box
[27/6/2017 2:59:15] /i surprise box
[27/6/2017 2:59:31] /i surprise box
[27/6/2017 2:59:31] /i surprise box
[27/6/2017 2:59:32] /i surprise box
[27/6/2017 2:59:32] /i surprise box
[27/6/2017 2:59:32] /i surprise box
[27/6/2017 2:59:33] /i surprise box
[27/6/2017 2:59:34] /i surprise box
[27/6/2017 2:59:34] /i surprise box
[27/6/2017 2:59:34] /i surprise box
[27/6/2017 2:59:35] /i surprise box
[27/6/2017 2:59:35] /i surprise box
[27/6/2017 2:59:36] /i surprise box
[27/6/2017 2:59:36] /i surprise box
[27/6/2017 3:3:25] /c Belth Wintershade
[27/6/2017 3:3:27] /i surprise box
[27/6/2017 3:3:28] /i surprise box
[27/6/2017 3:3:28] /i surprise box
[27/6/2017 3:3:28] /i surprise box
[27/6/2017 3:3:29] /i surprise box
[27/6/2017 3:3:29] /i surprise box
[27/6/2017 3:3:29] /i surprise box
[27/6/2017 3:3:30] /i surprise box
[27/6/2017 3:3:30] /i surprise box
[27/6/2017 3:3:31] /i surprise box
[27/6/2017 3:3:31] /i surprise box
[27/6/2017 3:3:31] /i surprise box
[27/6/2017 3:3:32] /i surprise box
[27/6/2017 3:3:32] /i surprise box
[27/6/2017 3:3:32] /i surprise box
[27/6/2017 3:3:33] /i surprise box
[27/6/2017 3:3:33] /i surprise box
[27/6/2017 3:3:34] /i surprise box
[27/6/2017 3:3:34] /i surprise box
[27/6/2017 3:3:35] /i surprise box
[27/6/2017 3:3:35] /i surprise box
[27/6/2017 3:3:35] /i surprise box
[27/6/2017 3:3:36] /i surprise box
[27/6/2017 3:3:36] /i surprise box
[27/6/2017 3:3:36] /i surprise box
[27/6/2017 3:6:24] /c Belth Wintershade
[27/6/2017 3:6:29] /i surprise box
[27/6/2017 3:6:29] /i surprise box
[27/6/2017 3:6:30] /i surprise box
[27/6/2017 3:6:30] /i surprise box
[27/6/2017 3:6:30] /i surprise box
[27/6/2017 3:6:31] /i surprise box
[27/6/2017 3:6:31] /i surprise box
[27/6/2017 3:6:31] /i surprise box
[27/6/2017 3:6:32] /i surprise box
[27/6/2017 3:6:32] /i surprise box
[27/6/2017 3:6:33] /i surprise box
[27/6/2017 3:6:33] /i surprise box
[27/6/2017 3:6:33] /i surprise box
[27/6/2017 3:6:34] /i surprise box
[27/6/2017 3:6:34] /i surprise box
[27/6/2017 3:6:34] /i surprise box
[27/6/2017 3:6:35] /i surprise box
[27/6/2017 3:6:35] /i surprise box
[27/6/2017 3:6:35] /i surprise box
[27/6/2017 3:6:36] /i surprise box
[27/6/2017 3:6:38] /ghost
[27/6/2017 3:19:45] /i dice
[27/6/2017 3:21:20] /c Belth Wintershade
[27/6/2017 3:21:43] /t
[27/6/2017 16:36:53] /ghost
[27/6/2017 16:36:56] /newtype 75
[27/6/2017 16:37:59] /t
