[11/7/2016 11:19:4] /ghost
[11/7/2016 11:19:11] /t
[11/7/2016 11:19:43] /a 2
[11/7/2016 11:22:11] /addskill Haka Abom, distance
[11/7/2016 11:22:13] /addskill Haka Abom, distance
[11/7/2016 11:22:14] /addskill Haka Abom, distance
[11/7/2016 11:22:15] /addskill Haka Abom, distance
[11/7/2016 11:22:16] /addskill Haka Abom, distance
[11/7/2016 11:22:21] /addskill Haka Abom, distance
[11/7/2016 11:22:24] /addskill Haka Abom, distance
[11/7/2016 11:22:25] /addskill Haka Abom, distance
[11/7/2016 11:22:25] /addskill Haka Abom, distance
[11/7/2016 11:22:26] /addskill Haka Abom, distance
[11/7/2016 11:22:27] /addskill Haka Abom, distance
[11/7/2016 11:22:28] /addskill Haka Abom, distance
[11/7/2016 11:22:28] /addskill Haka Abom, distance
[11/7/2016 11:22:30] /addskill Haka Abom, distance
[11/7/2016 11:22:43] /addskill Haka Abom, level
[11/7/2016 11:22:44] /addskill Haka Abom, level
[11/7/2016 11:22:44] /addskill Haka Abom, level
[11/7/2016 11:22:45] /addskill Haka Abom, level
[11/7/2016 11:22:46] /addskill Haka Abom, level
[11/7/2016 11:22:46] /addskill Haka Abom, level
[11/7/2016 11:22:47] /addskill Haka Abom, level
[11/7/2016 11:22:48] /addskill Haka Abom, level
[11/7/2016 11:22:48] /addskill Haka Abom, level
[11/7/2016 11:22:49] /addskill Haka Abom, level
[11/7/2016 11:22:50] /addskill Haka Abom, level
[11/7/2016 11:22:51] /addskill Haka Abom, level
[11/7/2016 11:22:51] /addskill Haka Abom, level
[11/7/2016 11:22:52] /addskill Haka Abom, level
[11/7/2016 11:22:53] /addskill Haka Abom, level
[11/7/2016 11:22:53] /addskill Haka Abom, level
[11/7/2016 11:22:58] /addskill Haka Abom, level
[11/7/2016 11:22:59] /addskill Haka Abom, level
[11/7/2016 11:23:0] /addskill Haka Abom, level
[11/7/2016 11:23:0] /addskill Haka Abom, level
[11/7/2016 11:23:1] /addskill Haka Abom, level
[11/7/2016 11:23:2] /addskill Haka Abom, level
[11/7/2016 11:23:2] /addskill Haka Abom, level
[11/7/2016 11:23:3] /addskill Haka Abom, level
[11/7/2016 11:23:4] /addskill Haka Abom, level
[11/7/2016 11:23:6] /addskill Haka Abom, level
[11/7/2016 11:23:7] /addskill Haka Abom, level
[11/7/2016 11:23:7] /addskill Haka Abom, level
[11/7/2016 11:23:8] /addskill Haka Abom, level
[11/7/2016 11:23:9] /addskill Haka Abom, level
[11/7/2016 11:23:9] /addskill Haka Abom, level
[11/7/2016 11:23:10] /addskill Haka Abom, level
[11/7/2016 11:23:11] /addskill Haka Abom, level
[11/7/2016 11:23:11] /addskill Haka Abom, level
[11/7/2016 11:23:12] /addskill Haka Abom, level
[11/7/2016 11:23:13] /addskill Haka Abom, level
[11/7/2016 11:23:14] /addskill Haka Abom, level
[11/7/2016 11:23:14] /addskill Haka Abom, level
[11/7/2016 11:23:15] /addskill Haka Abom, level
[11/7/2016 11:23:16] /addskill Haka Abom, level
[11/7/2016 11:23:16] /addskill Haka Abom, level
[11/7/2016 11:23:17] /addskill Haka Abom, level
[11/7/2016 11:23:18] /addskill Haka Abom, level
[11/7/2016 11:23:19] /addskill Haka Abom, level
[11/7/2016 11:23:20] /addskill Haka Abom, level
[11/7/2016 11:23:21] /addskill Haka Abom, level
[11/7/2016 11:23:54] /i 2000
[11/7/2016 11:24:4] /i 8981
[11/7/2016 11:24:5] /i 8981
[11/7/2016 11:24:6] /i 8981
[11/7/2016 11:24:6] /i 8981
[11/7/2016 11:24:7] /i 8981
[11/7/2016 11:24:14] /i 7443
[11/7/2016 11:24:14] /i 7443
[11/7/2016 11:24:15] /i 7443
[11/7/2016 11:24:16] /i 7443
[11/7/2016 11:24:16] /i 7443
[11/7/2016 11:24:17] /i 7443
[11/7/2016 11:24:18] /i 7443
[11/7/2016 11:24:18] /i 7443
[11/7/2016 11:24:19] /i 7443
[11/7/2016 11:24:20] /i 7443
[11/7/2016 11:24:20] /i 7443
[11/7/2016 11:24:24] /i 7443
[11/7/2016 11:25:34] /i 2000
[11/7/2016 11:25:51] /i 6527
[11/7/2016 11:25:52] /i 6527
[11/7/2016 11:25:52] /i 6527
[11/7/2016 11:25:53] /i 6527
[11/7/2016 11:25:58] /i 2000
[11/7/2016 11:26:0] /i 6527
[11/7/2016 11:26:1] /i 6527
[11/7/2016 11:26:2] /i 6527
[11/7/2016 11:26:3] /i 6527
[11/7/2016 11:26:3] /i 6527
[11/7/2016 11:26:7] /i 6527
[11/7/2016 11:26:8] /i 6527
[11/7/2016 11:26:9] /i 6527
[11/7/2016 11:26:10] /i 6527
[11/7/2016 11:26:10] /i 6527
[11/7/2016 11:26:11] /i 6527
[11/7/2016 11:26:12] /i 6527
[11/7/2016 11:26:12] /i 6527
[11/7/2016 11:26:13] /i 6527
[11/7/2016 11:26:14] /i 6527
[11/7/2016 11:26:14] /i 6527
[11/7/2016 11:26:15] /i 6527
[11/7/2016 11:26:16] /i 6527
[11/7/2016 11:26:16] /i 6527
[11/7/2016 11:26:17] /i 6527
[11/7/2016 11:26:18] /i 6527
[11/7/2016 11:26:19] /i 6527
[11/7/2016 11:26:31] /i 6527
[11/7/2016 11:26:31] /i 6527
[11/7/2016 11:26:32] /i 6527
[11/7/2016 11:26:56] /addskill Minii, magiclevel
[11/7/2016 11:26:57] /addskill Minii, magiclevel
[11/7/2016 11:26:58] /addskill Minii, magiclevel
[11/7/2016 11:26:59] /addskill Minii, magiclevel
[11/7/2016 11:26:59] /addskill Minii, magiclevel
[11/7/2016 11:27:0] /addskill Minii, magiclevel
[11/7/2016 11:27:1] /addskill Minii, magiclevel
[11/7/2016 11:27:1] /addskill Minii, magiclevel
[11/7/2016 11:27:2] /addskill Minii, magiclevel
[11/7/2016 11:27:3] /addskill Minii, magiclevel
[11/7/2016 11:27:3] /addskill Minii, magiclevel
[11/7/2016 11:27:4] /addskill Minii, magiclevel
[11/7/2016 11:27:5] /addskill Minii, magiclevel
[11/7/2016 11:27:5] /addskill Minii, magiclevel
[11/7/2016 11:27:6] /addskill Minii, magiclevel
[11/7/2016 11:27:7] /addskill Minii, magiclevel
[11/7/2016 11:27:7] /addskill Minii, magiclevel
[11/7/2016 11:27:8] /addskill Minii, magiclevel
[11/7/2016 11:27:9] /addskill Minii, magiclevel
[11/7/2016 11:27:10] /addskill Minii, magiclevel
[11/7/2016 11:27:11] /addskill Minii, magiclevel
[11/7/2016 11:27:12] /addskill Minii, magiclevel
[11/7/2016 11:27:12] /addskill Minii, magiclevel
[11/7/2016 11:27:21] /addskill Minii, magiclevel
[11/7/2016 11:27:22] /addskill Minii, magiclevel
[11/7/2016 11:27:23] /addskill Minii, magiclevel
[11/7/2016 11:27:23] /addskill Minii, magiclevel
[11/7/2016 11:27:24] /addskill Minii, magiclevel
[11/7/2016 11:27:25] /addskill Minii, magiclevel
[11/7/2016 11:27:25] /addskill Minii, magiclevel
[11/7/2016 11:27:26] /addskill Minii, magiclevel
[11/7/2016 11:27:27] /addskill Minii, magiclevel
[11/7/2016 11:27:27] /addskill Minii, magiclevel
[11/7/2016 11:27:28] /addskill Minii, magiclevel
[11/7/2016 11:27:29] /addskill Minii, magiclevel
[11/7/2016 11:27:30] /addskill Minii, magiclevel
[11/7/2016 11:27:30] /addskill Minii, magiclevel
[11/7/2016 11:27:31] /addskill Minii, magiclevel
[11/7/2016 11:27:32] /addskill Minii, magiclevel
[11/7/2016 11:27:33] /addskill Minii, magiclevel
[11/7/2016 11:27:33] /addskill Minii, magiclevel
[11/7/2016 11:27:38] /addskill Minii, magiclevel
[11/7/2016 11:27:39] /addskill Minii, magiclevel
[11/7/2016 11:27:40] /addskill Minii, magiclevel
[11/7/2016 11:27:40] /addskill Minii, magiclevel
[11/7/2016 11:27:55] /addskill Minii, magiclevel
[11/7/2016 11:27:55] /addskill Minii, magiclevel
[11/7/2016 11:27:55] /addskill Minii, magiclevel
[11/7/2016 11:27:55] /addskill Minii, magiclevel
[11/7/2016 11:27:55] /addskill Minii, magiclevel
[11/7/2016 11:27:55] /addskill Minii, magiclevel
[11/7/2016 11:27:55] /addskill Minii, magiclevel
[11/7/2016 11:27:55] /addskill Minii, magiclevel
[11/7/2016 11:27:55] /addskill Minii, magiclevel
[11/7/2016 11:27:55] /addskill Minii, magiclevel
[11/7/2016 11:27:56] /addskill Minii, magiclevel
[11/7/2016 11:27:56] /addskill Minii, magiclevel
[11/7/2016 11:27:56] /addskill Minii, magiclevel
[11/7/2016 11:27:56] /addskill Minii, magiclevel
[11/7/2016 11:27:56] /addskill Minii, magiclevel
[11/7/2016 11:27:56] /addskill Minii, magiclevel
[11/7/2016 11:27:56] /addskill Minii, magiclevel
[11/7/2016 11:27:56] /addskill Minii, magiclevel
[11/7/2016 11:27:56] /addskill Minii, magiclevel
[11/7/2016 11:27:56] /addskill Minii, magiclevel
[11/7/2016 11:27:56] /addskill Minii, magiclevel
[11/7/2016 11:27:56] /addskill Minii, magiclevel
[11/7/2016 11:27:56] /addskill Minii, magiclevel
[11/7/2016 11:27:56] /addskill Minii, magiclevel
[11/7/2016 11:27:56] /addskill Minii, magiclevel
[11/7/2016 11:27:56] /addskill Minii, magiclevel
[11/7/2016 11:27:57] /addskill Minii, magiclevel
[11/7/2016 11:27:57] /addskill Minii, magiclevel
[11/7/2016 11:27:57] /addskill Minii, magiclevel
[11/7/2016 11:27:57] /addskill Minii, magiclevel
[11/7/2016 11:27:57] /addskill Minii, magiclevel
[11/7/2016 11:27:57] /addskill Minii, magiclevel
[11/7/2016 11:27:57] /addskill Minii, magiclevel
[11/7/2016 11:27:57] /addskill Minii, magiclevel
[11/7/2016 11:27:57] /addskill Minii, magiclevel
[11/7/2016 11:27:57] /addskill Minii, magiclevel
[11/7/2016 11:27:57] /addskill Minii, magiclevel
[11/7/2016 11:27:57] /addskill Minii, magiclevel
[11/7/2016 11:27:57] /addskill Minii, magiclevel
[11/7/2016 11:27:57] /addskill Minii, magiclevel
[11/7/2016 11:27:57] /addskill Minii, magiclevel
[11/7/2016 11:27:57] /addskill Minii, magiclevel
[11/7/2016 11:27:57] /addskill Minii, magiclevel
[11/7/2016 11:27:57] /addskill Minii, magiclevel
[11/7/2016 11:27:57] /addskill Minii, magiclevel
[11/7/2016 11:27:57] /addskill Minii, magiclevel
[11/7/2016 11:27:58] /addskill Minii, magiclevel
[11/7/2016 11:27:58] /addskill Minii, magiclevel
[11/7/2016 11:27:58] /addskill Minii, magiclevel
[11/7/2016 11:27:58] /addskill Minii, magiclevel
[11/7/2016 11:27:58] /addskill Minii, magiclevel
[11/7/2016 11:27:58] /addskill Minii, magiclevel
[11/7/2016 11:27:58] /addskill Minii, magiclevel
[11/7/2016 11:27:58] /addskill Minii, magiclevel
[11/7/2016 11:27:58] /addskill Minii, magiclevel
[11/7/2016 11:27:58] /addskill Minii, magiclevel
[11/7/2016 11:27:58] /addskill Minii, magiclevel
[11/7/2016 11:27:58] /addskill Minii, magiclevel
[11/7/2016 11:27:58] /addskill Minii, magiclevel
[11/7/2016 11:27:58] /addskill Minii, magiclevel
[11/7/2016 11:27:59] /addskill Minii, magiclevel
[11/7/2016 11:27:59] /addskill Minii, magiclevel
[11/7/2016 11:27:59] /addskill Minii, magiclevel
[11/7/2016 11:27:59] /addskill Minii, magiclevel
[11/7/2016 11:27:59] /addskill Minii, magiclevel
[11/7/2016 11:27:59] /addskill Minii, magiclevel
[11/7/2016 11:27:59] /addskill Minii, magiclevel
[11/7/2016 11:27:59] /addskill Minii, magiclevel
[11/7/2016 11:27:59] /addskill Minii, magiclevel
[11/7/2016 11:27:59] /addskill Minii, magiclevel
[11/7/2016 11:27:59] /addskill Minii, magiclevel
[11/7/2016 11:27:59] /addskill Minii, magiclevel
[11/7/2016 11:27:59] /addskill Minii, magiclevel
[11/7/2016 11:27:59] /addskill Minii, magiclevel
[11/7/2016 11:27:59] /addskill Minii, magiclevel
[11/7/2016 11:27:59] /addskill Minii, magiclevel
[11/7/2016 11:27:59] /addskill Minii, magiclevel
[11/7/2016 11:27:59] /addskill Minii, magiclevel
[11/7/2016 11:27:59] /addskill Minii, magiclevel
[11/7/2016 11:27:59] /addskill Minii, magiclevel
[11/7/2016 11:28:0] /addskill Minii, magiclevel
[11/7/2016 11:28:0] /addskill Minii, magiclevel
[11/7/2016 11:28:0] /addskill Minii, magiclevel
[11/7/2016 11:28:0] /addskill Minii, magiclevel
[11/7/2016 11:28:7] /addskill Minii, magiclevel
[11/7/2016 11:28:7] /addskill Minii, magiclevel
[11/7/2016 11:28:7] /addskill Minii, magiclevel
[11/7/2016 11:28:7] /addskill Minii, magiclevel
[11/7/2016 11:28:7] /addskill Minii, magiclevel
[11/7/2016 11:28:7] /addskill Minii, magiclevel
[11/7/2016 11:28:7] /addskill Minii, magiclevel
[11/7/2016 11:28:8] /addskill Minii, magiclevel
[11/7/2016 11:28:8] /addskill Minii, magiclevel
[11/7/2016 11:28:8] /addskill Minii, magiclevel
[11/7/2016 11:28:8] /addskill Minii, magiclevel
[11/7/2016 11:28:8] /addskill Minii, magiclevel
[11/7/2016 11:28:8] /addskill Minii, magiclevel
[11/7/2016 11:28:8] /addskill Minii, magiclevel
[11/7/2016 11:28:8] /addskill Minii, magiclevel
[11/7/2016 11:28:8] /addskill Minii, magiclevel
[11/7/2016 11:28:8] /addskill Minii, magiclevel
[11/7/2016 11:28:8] /addskill Minii, magiclevel
[11/7/2016 11:28:8] /addskill Minii, magiclevel
[11/7/2016 11:28:8] /addskill Minii, magiclevel
[11/7/2016 11:28:8] /addskill Minii, magiclevel
[11/7/2016 11:28:8] /addskill Minii, magiclevel
[11/7/2016 11:28:8] /addskill Minii, magiclevel
[11/7/2016 11:28:9] /addskill Minii, magiclevel
[11/7/2016 11:28:9] /addskill Minii, magiclevel
[11/7/2016 11:28:9] /addskill Minii, magiclevel
[11/7/2016 11:28:9] /addskill Minii, magiclevel
[11/7/2016 11:28:9] /addskill Minii, magiclevel
[11/7/2016 11:28:9] /addskill Minii, magiclevel
[11/7/2016 11:28:27] /addskill Minii, level
[11/7/2016 11:28:28] /addskill Minii, level
[11/7/2016 11:28:28] /addskill Minii, level
[11/7/2016 11:28:28] /addskill Minii, level
[11/7/2016 11:28:28] /addskill Minii, level
[11/7/2016 11:28:28] /addskill Minii, level
[11/7/2016 11:28:28] /addskill Minii, level
[11/7/2016 11:28:28] /addskill Minii, level
[11/7/2016 11:28:28] /addskill Minii, level
[11/7/2016 11:28:28] /addskill Minii, level
[11/7/2016 11:28:28] /addskill Minii, level
[11/7/2016 11:28:28] /addskill Minii, level
[11/7/2016 11:28:28] /addskill Minii, level
[11/7/2016 11:28:28] /addskill Minii, level
[11/7/2016 11:28:29] /addskill Minii, level
[11/7/2016 11:28:29] /addskill Minii, level
[11/7/2016 11:28:29] /addskill Minii, level
[11/7/2016 11:28:29] /addskill Minii, level
[11/7/2016 11:28:29] /addskill Minii, level
[11/7/2016 11:28:29] /addskill Minii, level
[11/7/2016 11:28:29] /addskill Minii, level
[11/7/2016 11:28:29] /addskill Minii, level
[11/7/2016 11:28:29] /addskill Minii, level
[11/7/2016 11:28:29] /addskill Minii, level
[11/7/2016 11:28:29] /addskill Minii, level
[11/7/2016 11:28:29] /addskill Minii, level
[11/7/2016 11:28:29] /addskill Minii, level
[11/7/2016 11:28:29] /addskill Minii, level
[11/7/2016 11:28:29] /addskill Minii, level
[11/7/2016 11:28:29] /addskill Minii, level
[11/7/2016 11:28:29] /addskill Minii, level
[11/7/2016 11:28:29] /addskill Minii, level
[11/7/2016 11:28:29] /addskill Minii, level
[11/7/2016 11:28:29] /addskill Minii, level
[11/7/2016 11:28:30] /addskill Minii, level
[11/7/2016 11:28:30] /addskill Minii, level
[11/7/2016 11:28:30] /addskill Minii, level
[11/7/2016 11:28:30] /addskill Minii, level
[11/7/2016 11:28:30] /addskill Minii, level
[11/7/2016 11:28:30] /addskill Minii, level
[11/7/2016 11:28:30] /addskill Minii, level
[11/7/2016 11:28:30] /addskill Minii, level
[11/7/2016 11:28:30] /addskill Minii, level
[11/7/2016 11:28:30] /addskill Minii, level
[11/7/2016 11:28:30] /addskill Minii, level
[11/7/2016 11:28:30] /addskill Minii, level
[11/7/2016 11:28:30] /addskill Minii, level
[11/7/2016 11:28:30] /addskill Minii, level
[11/7/2016 11:28:30] /addskill Minii, level
[11/7/2016 11:28:30] /addskill Minii, level
[11/7/2016 11:28:31] /addskill Minii, level
[11/7/2016 11:28:31] /addskill Minii, level
[11/7/2016 11:28:31] /addskill Minii, level
[11/7/2016 11:28:31] /addskill Minii, level
[11/7/2016 11:28:31] /addskill Minii, level
[11/7/2016 11:28:31] /addskill Minii, level
[11/7/2016 11:28:31] /addskill Minii, level
[11/7/2016 11:28:31] /addskill Minii, level
[11/7/2016 11:28:31] /addskill Minii, level
[11/7/2016 11:28:31] /addskill Minii, level
[11/7/2016 11:28:31] /addskill Minii, level
[11/7/2016 11:28:31] /addskill Minii, level
[11/7/2016 11:28:31] /addskill Minii, level
[11/7/2016 11:28:31] /addskill Minii, level
[11/7/2016 11:28:31] /addskill Minii, level
[11/7/2016 11:28:31] /addskill Minii, level
[11/7/2016 11:28:32] /addskill Minii, level
[11/7/2016 11:28:32] /addskill Minii, level
[11/7/2016 11:28:32] /addskill Minii, level
[11/7/2016 11:28:32] /addskill Minii, level
[11/7/2016 11:28:32] /addskill Minii, level
[11/7/2016 11:28:32] /addskill Minii, level
[11/7/2016 11:28:32] /addskill Minii, level
[11/7/2016 11:28:32] /addskill Minii, level
[11/7/2016 11:28:32] /addskill Minii, level
[11/7/2016 11:28:32] /addskill Minii, level
[11/7/2016 11:28:32] /addskill Minii, level
[11/7/2016 11:28:32] /addskill Minii, level
[11/7/2016 11:28:32] /addskill Minii, level
[11/7/2016 11:28:32] /addskill Minii, level
[11/7/2016 11:28:32] /addskill Minii, level
[11/7/2016 11:28:32] /addskill Minii, level
[11/7/2016 11:28:32] /addskill Minii, level
[11/7/2016 11:28:33] /addskill Minii, level
[11/7/2016 11:28:33] /addskill Minii, level
[11/7/2016 11:28:33] /addskill Minii, level
[11/7/2016 11:28:33] /addskill Minii, level
[11/7/2016 11:28:33] /addskill Minii, level
[11/7/2016 11:28:33] /addskill Minii, level
[11/7/2016 11:28:33] /addskill Minii, level
[11/7/2016 11:28:33] /addskill Minii, level
[11/7/2016 11:28:33] /addskill Minii, level
[11/7/2016 11:28:33] /addskill Minii, level
[11/7/2016 11:28:33] /addskill Minii, level
[11/7/2016 11:28:33] /addskill Minii, level
[11/7/2016 11:28:33] /addskill Minii, level
[11/7/2016 11:28:33] /addskill Minii, level
[11/7/2016 11:28:33] /addskill Minii, level
[11/7/2016 11:28:33] /addskill Minii, level
[11/7/2016 11:28:33] /addskill Minii, level
[11/7/2016 11:28:33] /addskill Minii, level
[11/7/2016 11:28:33] /addskill Minii, level
[11/7/2016 11:28:34] /addskill Minii, level
[11/7/2016 11:28:34] /addskill Minii, level
[11/7/2016 11:28:34] /addskill Minii, level
[11/7/2016 11:28:34] /addskill Minii, level
[11/7/2016 11:28:34] /addskill Minii, level
[11/7/2016 11:28:34] /addskill Minii, level
[11/7/2016 11:28:34] /addskill Minii, level
[11/7/2016 11:28:34] /addskill Minii, level
[11/7/2016 11:28:34] /addskill Minii, level
[11/7/2016 11:28:34] /addskill Minii, level
[11/7/2016 11:28:34] /addskill Minii, level
[11/7/2016 11:28:34] /addskill Minii, level
[11/7/2016 11:28:34] /addskill Minii, level
[11/7/2016 11:28:34] /addskill Minii, level
[11/7/2016 11:28:34] /addskill Minii, level
[11/7/2016 11:28:35] /addskill Minii, level
[11/7/2016 11:28:35] /addskill Minii, level
[11/7/2016 11:28:35] /addskill Minii, level
[11/7/2016 11:28:35] /addskill Minii, level
[11/7/2016 11:28:35] /addskill Minii, level
[11/7/2016 11:28:35] /addskill Minii, level
[11/7/2016 11:28:35] /addskill Minii, level
[11/7/2016 11:28:35] /addskill Minii, level
[11/7/2016 11:28:35] /addskill Minii, level
[11/7/2016 11:28:35] /addskill Minii, level
[11/7/2016 11:28:35] /addskill Minii, level
[11/7/2016 11:28:35] /addskill Minii, level
[11/7/2016 11:28:35] /addskill Minii, level
[11/7/2016 11:28:35] /addskill Minii, level
[11/7/2016 11:28:35] /addskill Minii, level
[11/7/2016 11:28:35] /addskill Minii, level
[11/7/2016 11:28:36] /addskill Minii, level
[11/7/2016 11:28:36] /addskill Minii, level
[11/7/2016 11:28:36] /addskill Minii, level
[11/7/2016 11:28:36] /addskill Minii, level
[11/7/2016 11:28:36] /addskill Minii, level
[11/7/2016 11:28:36] /addskill Minii, level
[11/7/2016 11:28:36] /addskill Minii, level
[11/7/2016 11:28:36] /addskill Minii, level
[11/7/2016 11:28:36] /addskill Minii, level
[11/7/2016 11:28:36] /addskill Minii, level
[11/7/2016 11:28:36] /addskill Minii, level
[11/7/2016 11:28:36] /addskill Minii, level
[11/7/2016 11:28:36] /addskill Minii, level
[11/7/2016 11:28:36] /addskill Minii, level
[11/7/2016 11:28:36] /addskill Minii, level
[11/7/2016 11:28:37] /addskill Minii, level
[11/7/2016 11:28:37] /addskill Minii, level
[11/7/2016 11:28:37] /addskill Minii, level
[11/7/2016 11:28:37] /addskill Minii, level
[11/7/2016 11:28:37] /addskill Minii, level
[11/7/2016 11:28:37] /addskill Minii, level
[11/7/2016 11:28:37] /addskill Minii, level
[11/7/2016 11:28:37] /addskill Minii, level
[11/7/2016 11:28:37] /addskill Minii, level
[11/7/2016 11:28:37] /addskill Minii, level
[11/7/2016 11:28:37] /addskill Minii, level
[11/7/2016 11:28:37] /addskill Minii, level
[11/7/2016 11:28:37] /addskill Minii, level
[11/7/2016 11:28:37] /addskill Minii, level
[11/7/2016 11:28:37] /addskill Minii, level
[11/7/2016 11:28:37] /addskill Minii, level
[11/7/2016 11:28:37] /addskill Minii, level
[11/7/2016 11:28:38] /addskill Minii, level
[11/7/2016 11:28:38] /addskill Minii, level
[11/7/2016 11:28:38] /addskill Minii, level
[11/7/2016 11:28:38] /addskill Minii, level
[11/7/2016 11:28:38] /addskill Minii, level
[11/7/2016 11:28:38] /addskill Minii, level
[11/7/2016 11:28:38] /addskill Minii, level
[11/7/2016 11:28:38] /addskill Minii, level
[11/7/2016 11:28:38] /addskill Minii, level
[11/7/2016 11:28:38] /addskill Minii, level
[11/7/2016 11:28:38] /addskill Minii, level
[11/7/2016 11:28:38] /addskill Minii, level
[11/7/2016 11:28:38] /addskill Minii, level
[11/7/2016 11:28:38] /addskill Minii, level
[11/7/2016 11:28:38] /addskill Minii, level
[11/7/2016 11:28:38] /addskill Minii, level
[11/7/2016 11:28:38] /addskill Minii, level
[11/7/2016 11:28:44] /addskill Minii, level
[11/7/2016 11:28:45] /addskill Minii, level
[11/7/2016 11:28:45] /addskill Minii, level
[11/7/2016 11:28:45] /addskill Minii, level
[11/7/2016 11:28:45] /addskill Minii, level
[11/7/2016 11:28:45] /addskill Minii, level
[11/7/2016 11:28:45] /addskill Minii, level
[11/7/2016 11:28:45] /addskill Minii, level
[11/7/2016 11:28:45] /addskill Minii, level
[11/7/2016 11:28:45] /addskill Minii, level
[11/7/2016 11:28:45] /addskill Minii, level
[11/7/2016 11:28:45] /addskill Minii, level
[11/7/2016 11:28:45] /addskill Minii, level
[11/7/2016 11:28:45] /addskill Minii, level
[11/7/2016 11:28:45] /addskill Minii, level
[11/7/2016 11:28:45] /addskill Minii, level
[11/7/2016 11:28:45] /addskill Minii, level
[11/7/2016 11:28:45] /addskill Minii, level
[11/7/2016 11:28:45] /addskill Minii, level
[11/7/2016 11:28:45] /addskill Minii, level
[11/7/2016 11:28:45] /addskill Minii, level
[11/7/2016 11:28:45] /addskill Minii, level
[11/7/2016 11:28:46] /addskill Minii, level
[11/7/2016 11:28:46] /addskill Minii, level
[11/7/2016 11:28:46] /addskill Minii, level
[11/7/2016 11:28:46] /addskill Minii, level
[11/7/2016 11:28:46] /addskill Minii, level
[11/7/2016 11:28:46] /addskill Minii, level
[11/7/2016 11:28:46] /addskill Minii, level
[11/7/2016 11:28:46] /addskill Minii, level
[11/7/2016 11:28:46] /addskill Minii, level
[11/7/2016 11:28:46] /addskill Minii, level
[11/7/2016 11:28:46] /addskill Minii, level
[11/7/2016 11:28:46] /addskill Minii, level
[11/7/2016 11:28:46] /addskill Minii, level
[11/7/2016 11:29:10] /i 12396
[11/7/2016 11:29:22] /i 12575
[11/7/2016 11:29:27] /i 12575
[11/7/2016 11:29:29] /i 12396
[11/7/2016 11:31:46] /addskill Hak Abum, level
[11/7/2016 11:31:46] /addskill Hak Abum, level
[11/7/2016 11:31:47] /addskill Hak Abum, level
[11/7/2016 11:31:47] /addskill Hak Abum, level
[11/7/2016 11:31:47] /addskill Hak Abum, level
[11/7/2016 11:31:47] /addskill Hak Abum, level
[11/7/2016 11:31:47] /addskill Hak Abum, level
[11/7/2016 11:31:47] /addskill Hak Abum, level
[11/7/2016 11:31:47] /addskill Hak Abum, level
[11/7/2016 11:31:47] /addskill Hak Abum, level
[11/7/2016 11:31:47] /addskill Hak Abum, level
[11/7/2016 11:31:47] /addskill Hak Abum, level
[11/7/2016 11:31:47] /addskill Hak Abum, level
[11/7/2016 11:31:47] /addskill Hak Abum, level
[11/7/2016 11:31:47] /addskill Hak Abum, level
[11/7/2016 11:31:47] /addskill Hak Abum, level
[11/7/2016 11:31:47] /addskill Hak Abum, level
[11/7/2016 11:31:47] /addskill Hak Abum, level
[11/7/2016 11:31:47] /addskill Hak Abum, level
[11/7/2016 11:31:47] /addskill Hak Abum, level
[11/7/2016 11:31:47] /addskill Hak Abum, level
[11/7/2016 11:31:48] /addskill Hak Abum, level
[11/7/2016 11:31:48] /addskill Hak Abum, level
[11/7/2016 11:31:48] /addskill Hak Abum, level
[11/7/2016 11:31:48] /addskill Hak Abum, level
[11/7/2016 11:31:48] /addskill Hak Abum, level
[11/7/2016 11:31:48] /addskill Hak Abum, level
[11/7/2016 11:31:48] /addskill Hak Abum, level
[11/7/2016 11:31:48] /addskill Hak Abum, level
[11/7/2016 11:31:48] /addskill Hak Abum, level
[11/7/2016 11:31:48] /addskill Hak Abum, level
[11/7/2016 11:31:48] /addskill Hak Abum, level
[11/7/2016 11:31:48] /addskill Hak Abum, level
[11/7/2016 11:31:48] /addskill Hak Abum, level
[11/7/2016 11:31:48] /addskill Hak Abum, level
[11/7/2016 11:31:48] /addskill Hak Abum, level
[11/7/2016 11:31:48] /addskill Hak Abum, level
[11/7/2016 11:31:48] /addskill Hak Abum, level
[11/7/2016 11:31:48] /addskill Hak Abum, level
[11/7/2016 11:31:48] /addskill Hak Abum, level
[11/7/2016 11:31:48] /addskill Hak Abum, level
[11/7/2016 11:31:48] /addskill Hak Abum, level
[11/7/2016 11:31:48] /addskill Hak Abum, level
[11/7/2016 11:31:49] /addskill Hak Abum, level
[11/7/2016 11:31:49] /addskill Hak Abum, level
[11/7/2016 11:31:49] /addskill Hak Abum, level
[11/7/2016 11:31:49] /addskill Hak Abum, level
[11/7/2016 11:31:49] /addskill Hak Abum, level
[11/7/2016 11:31:49] /addskill Hak Abum, level
[11/7/2016 11:31:49] /addskill Hak Abum, level
[11/7/2016 11:31:49] /addskill Hak Abum, level
[11/7/2016 11:31:49] /addskill Hak Abum, level
[11/7/2016 11:31:49] /addskill Hak Abum, level
[11/7/2016 11:31:49] /addskill Hak Abum, level
[11/7/2016 11:31:49] /addskill Hak Abum, level
[11/7/2016 11:31:49] /addskill Hak Abum, level
[11/7/2016 11:31:49] /addskill Hak Abum, level
[11/7/2016 11:31:49] /addskill Hak Abum, level
[11/7/2016 11:31:49] /addskill Hak Abum, level
[11/7/2016 11:31:49] /addskill Hak Abum, level
[11/7/2016 11:31:49] /addskill Hak Abum, level
[11/7/2016 11:31:50] /addskill Hak Abum, level
[11/7/2016 11:31:50] /addskill Hak Abum, level
[11/7/2016 11:31:50] /addskill Hak Abum, level
[11/7/2016 11:31:50] /addskill Hak Abum, level
[11/7/2016 11:31:50] /addskill Hak Abum, level
[11/7/2016 11:31:50] /addskill Hak Abum, level
[11/7/2016 11:31:50] /addskill Hak Abum, level
[11/7/2016 11:31:50] /addskill Hak Abum, level
[11/7/2016 11:31:50] /addskill Hak Abum, level
[11/7/2016 11:31:50] /addskill Hak Abum, level
[11/7/2016 11:31:50] /addskill Hak Abum, level
[11/7/2016 11:31:50] /addskill Hak Abum, level
[11/7/2016 11:31:50] /addskill Hak Abum, level
[11/7/2016 11:31:50] /addskill Hak Abum, level
[11/7/2016 11:31:50] /addskill Hak Abum, level
[11/7/2016 11:31:50] /addskill Hak Abum, level
[11/7/2016 11:31:50] /addskill Hak Abum, level
[11/7/2016 11:31:50] /addskill Hak Abum, level
[11/7/2016 11:31:50] /addskill Hak Abum, level
[11/7/2016 11:31:50] /addskill Hak Abum, level
[11/7/2016 11:31:50] /addskill Hak Abum, level
[11/7/2016 11:31:50] /addskill Hak Abum, level
[11/7/2016 11:31:50] /addskill Hak Abum, level
[11/7/2016 11:31:51] /addskill Hak Abum, level
[11/7/2016 11:31:51] /addskill Hak Abum, level
[11/7/2016 11:31:51] /addskill Hak Abum, level
[11/7/2016 11:31:51] /addskill Hak Abum, level
[11/7/2016 11:31:51] /addskill Hak Abum, level
[11/7/2016 11:31:51] /addskill Hak Abum, level
[11/7/2016 11:31:51] /addskill Hak Abum, level
[11/7/2016 11:31:51] /addskill Hak Abum, level
[11/7/2016 11:31:51] /addskill Hak Abum, level
[11/7/2016 11:31:51] /addskill Hak Abum, level
[11/7/2016 11:31:51] /addskill Hak Abum, level
[11/7/2016 11:31:51] /addskill Hak Abum, level
[11/7/2016 11:31:51] /addskill Hak Abum, level
[11/7/2016 11:31:51] /addskill Hak Abum, level
[11/7/2016 11:31:51] /addskill Hak Abum, level
[11/7/2016 11:31:51] /addskill Hak Abum, level
[11/7/2016 11:31:51] /addskill Hak Abum, level
[11/7/2016 11:31:51] /addskill Hak Abum, level
[11/7/2016 11:31:51] /addskill Hak Abum, level
[11/7/2016 11:31:51] /addskill Hak Abum, level
[11/7/2016 11:31:51] /addskill Hak Abum, level
[11/7/2016 11:31:51] /addskill Hak Abum, level
[11/7/2016 11:31:51] /addskill Hak Abum, level
[11/7/2016 11:31:52] /addskill Hak Abum, level
[11/7/2016 11:31:52] /addskill Hak Abum, level
[11/7/2016 11:31:52] /addskill Hak Abum, level
[11/7/2016 11:31:52] /addskill Hak Abum, level
[11/7/2016 11:31:52] /addskill Hak Abum, level
[11/7/2016 11:31:52] /addskill Hak Abum, level
[11/7/2016 11:31:52] /addskill Hak Abum, level
[11/7/2016 11:31:52] /addskill Hak Abum, level
[11/7/2016 11:31:52] /addskill Hak Abum, level
[11/7/2016 11:31:52] /addskill Hak Abum, level
[11/7/2016 11:31:52] /addskill Hak Abum, level
[11/7/2016 11:31:52] /addskill Hak Abum, level
[11/7/2016 11:31:52] /addskill Hak Abum, level
[11/7/2016 11:31:52] /addskill Hak Abum, level
[11/7/2016 11:31:52] /addskill Hak Abum, level
[11/7/2016 11:31:52] /addskill Hak Abum, level
[11/7/2016 11:31:53] /addskill Hak Abum, level
[11/7/2016 11:32:24] /addskill Hak Abum, distance
[11/7/2016 11:32:24] /addskill Hak Abum, distance
[11/7/2016 11:32:24] /addskill Hak Abum, distance
[11/7/2016 11:32:25] /addskill Hak Abum, distance
[11/7/2016 11:32:25] /addskill Hak Abum, distance
[11/7/2016 11:32:25] /addskill Hak Abum, distance
[11/7/2016 11:32:25] /addskill Hak Abum, distance
[11/7/2016 11:32:25] /addskill Hak Abum, distance
[11/7/2016 11:32:25] /addskill Hak Abum, distance
[11/7/2016 11:32:25] /addskill Hak Abum, distance
[11/7/2016 11:32:25] /addskill Hak Abum, distance
[11/7/2016 11:32:25] /addskill Hak Abum, distance
[11/7/2016 11:32:25] /addskill Hak Abum, distance
[11/7/2016 11:32:25] /addskill Hak Abum, distance
[11/7/2016 11:32:25] /addskill Hak Abum, distance
[11/7/2016 11:32:25] /addskill Hak Abum, distance
[11/7/2016 11:32:25] /addskill Hak Abum, distance
[11/7/2016 11:32:25] /addskill Hak Abum, distance
[11/7/2016 11:32:25] /addskill Hak Abum, distance
[11/7/2016 11:32:25] /addskill Hak Abum, distance
[11/7/2016 11:32:26] /addskill Hak Abum, distance
[11/7/2016 11:32:26] /addskill Hak Abum, distance
[11/7/2016 11:32:26] /addskill Hak Abum, distance
[11/7/2016 11:32:26] /addskill Hak Abum, distance
[11/7/2016 11:32:27] /addskill Hak Abum, distance
[11/7/2016 11:32:28] /addskill Hak Abum, distance
[11/7/2016 11:32:28] /addskill Hak Abum, distance
[11/7/2016 11:32:28] /addskill Hak Abum, distance
[11/7/2016 11:32:28] /addskill Hak Abum, distance
[11/7/2016 11:32:28] /addskill Hak Abum, distance
[11/7/2016 11:32:28] /addskill Hak Abum, distance
[11/7/2016 11:32:28] /addskill Hak Abum, distance
[11/7/2016 11:32:28] /addskill Hak Abum, distance
[11/7/2016 11:32:28] /addskill Hak Abum, distance
[11/7/2016 11:32:28] /addskill Hak Abum, distance
[11/7/2016 11:32:28] /addskill Hak Abum, distance
[11/7/2016 11:32:29] /addskill Hak Abum, distance
[11/7/2016 11:32:29] /addskill Hak Abum, distance
[11/7/2016 11:32:29] /addskill Hak Abum, distance
[11/7/2016 11:32:29] /addskill Hak Abum, distance
[11/7/2016 11:32:29] /addskill Hak Abum, distance
[11/7/2016 11:32:29] /addskill Hak Abum, distance
[11/7/2016 11:32:29] /addskill Hak Abum, distance
[11/7/2016 11:32:29] /addskill Hak Abum, distance
[11/7/2016 11:32:29] /addskill Hak Abum, distance
[11/7/2016 11:32:29] /addskill Hak Abum, distance
[11/7/2016 11:32:29] /addskill Hak Abum, distance
[11/7/2016 11:32:29] /addskill Hak Abum, distance
[11/7/2016 11:32:29] /addskill Hak Abum, distance
[11/7/2016 11:32:29] /addskill Hak Abum, distance
[11/7/2016 11:32:29] /addskill Hak Abum, distance
[11/7/2016 11:32:29] /addskill Hak Abum, distance
[11/7/2016 11:32:29] /addskill Hak Abum, distance
[11/7/2016 11:32:29] /addskill Hak Abum, distance
[11/7/2016 11:32:29] /addskill Hak Abum, distance
[11/7/2016 11:32:29] /addskill Hak Abum, distance
[11/7/2016 11:32:30] /addskill Hak Abum, distance
[11/7/2016 11:32:30] /addskill Hak Abum, distance
[11/7/2016 11:32:30] /addskill Hak Abum, distance
[11/7/2016 11:32:30] /addskill Hak Abum, distance
[11/7/2016 11:32:30] /addskill Hak Abum, distance
[11/7/2016 11:32:30] /addskill Hak Abum, distance
[11/7/2016 11:32:30] /addskill Hak Abum, distance
[11/7/2016 11:32:30] /addskill Hak Abum, distance
[11/7/2016 11:32:30] /addskill Hak Abum, distance
[11/7/2016 11:32:30] /addskill Hak Abum, distance
[11/7/2016 11:32:30] /addskill Hak Abum, distance
[11/7/2016 11:32:30] /addskill Hak Abum, distance
[11/7/2016 11:32:50] /ghost
