[8/6/2017 12:30:39] /ghost
[8/6/2017 13:17:16] /clean
[8/6/2017 13:17:39] /r
[8/6/2017 13:17:40] /r
[8/6/2017 13:17:41] /r
[8/6/2017 13:48:8] /goto finger killer
[8/6/2017 13:48:11] /t
[8/6/2017 14:8:18] /goto privacy
[8/6/2017 14:8:38] /t
[8/6/2017 14:38:53] /goto tulin
[8/6/2017 14:38:57] /t
[8/6/2017 14:42:1] /t
[8/6/2017 15:37:56] /m guarda costas do god
[8/6/2017 15:38:2] /bc BOSS DONATE NA CITY
[8/6/2017 15:38:2] /bc BOSS DONATE NA CITY
[8/6/2017 15:38:3] /bc BOSS DONATE NA CITY
[8/6/2017 15:38:3] /bc BOSS DONATE NA CITY
[8/6/2017 15:38:4] /bc BOSS DONATE NA CITY
[8/6/2017 15:38:4] /bc BOSS DONATE NA CITY
[8/6/2017 15:38:5] /bc BOSS DONATE NA CITY
[8/6/2017 15:38:6] /bc BOSS DONATE NA CITY
[8/6/2017 15:38:6] /bc BOSS DONATE NA CITY
[8/6/2017 15:38:7] /bc BOSS DONATE NA CITY
[8/6/2017 15:38:7] /bc BOSS DONATE NA CITY
[8/6/2017 15:38:7] /bc BOSS DONATE NA CITY
[8/6/2017 15:38:8] /bc BOSS DONATE NA CITY
[8/6/2017 15:38:8] /bc BOSS DONATE NA CITY
[8/6/2017 15:38:8] /bc BOSS DONATE NA CITY
[8/6/2017 15:38:9] /bc BOSS DONATE NA CITY
[8/6/2017 15:38:9] /bc BOSS DONATE NA CITY
[8/6/2017 15:38:9] /bc BOSS DONATE NA CITY
[8/6/2017 15:38:10] /bc BOSS DONATE NA CITY
[8/6/2017 15:38:10] /bc BOSS DONATE NA CITY
[8/6/2017 15:38:10] /m guarda costas do god
[8/6/2017 15:38:11] /m guarda costas do god
[8/6/2017 15:38:11] /m guarda costas do god
[8/6/2017 15:38:11] /m guarda costas do god
[8/6/2017 15:38:18] /r
[8/6/2017 15:38:21] /r
[8/6/2017 15:38:23] /r
[8/6/2017 15:38:26] /r
[8/6/2017 15:47:24] /goto skynz
[8/6/2017 15:47:34] /t
[8/6/2017 15:51:23] /goto skynz
[8/6/2017 15:51:31] /t
[8/6/2017 15:58:12] /b SOBRE DONATE PM !!!! [PROMOÇÕES] SÓ VEM!
[8/6/2017 15:58:13] /b SOBRE DONATE PM !!!! [PROMOÇÕES] SÓ VEM!
[8/6/2017 15:58:14] /b SOBRE DONATE PM !!!! [PROMOÇÕES] SÓ VEM!
[8/6/2017 15:58:14] /b SOBRE DONATE PM !!!! [PROMOÇÕES] SÓ VEM!
[8/6/2017 15:58:14] /b SOBRE DONATE PM !!!! [PROMOÇÕES] SÓ VEM!
[8/6/2017 15:58:15] /b SOBRE DONATE PM !!!! [PROMOÇÕES] SÓ VEM!
[8/6/2017 15:58:15] /b SOBRE DONATE PM !!!! [PROMOÇÕES] SÓ VEM!
[8/6/2017 15:58:16] /b SOBRE DONATE PM !!!! [PROMOÇÕES] SÓ VEM!
[8/6/2017 15:58:16] /b SOBRE DONATE PM !!!! [PROMOÇÕES] SÓ VEM!
[8/6/2017 15:58:16] /b SOBRE DONATE PM !!!! [PROMOÇÕES] SÓ VEM!
[8/6/2017 15:58:16] /b SOBRE DONATE PM !!!! [PROMOÇÕES] SÓ VEM!
[8/6/2017 15:58:17] /b SOBRE DONATE PM !!!! [PROMOÇÕES] SÓ VEM!
[8/6/2017 15:58:17] /b SOBRE DONATE PM !!!! [PROMOÇÕES] SÓ VEM!
[8/6/2017 15:58:18] /b SOBRE DONATE PM !!!! [PROMOÇÕES] SÓ VEM!
[8/6/2017 15:58:18] /b SOBRE DONATE PM !!!! [PROMOÇÕES] SÓ VEM!
[8/6/2017 15:58:19] /b SOBRE DONATE PM !!!! [PROMOÇÕES] SÓ VEM!
[8/6/2017 15:58:19] /b SOBRE DONATE PM !!!! [PROMOÇÕES] SÓ VEM!
[8/6/2017 15:58:19] /b SOBRE DONATE PM !!!! [PROMOÇÕES] SÓ VEM!
[8/6/2017 15:58:20] /b SOBRE DONATE PM !!!! [PROMOÇÕES] SÓ VEM!
[8/6/2017 15:58:20] /b SOBRE DONATE PM !!!! [PROMOÇÕES] SÓ VEM!
[8/6/2017 15:58:21] /b SOBRE DONATE PM !!!! [PROMOÇÕES] SÓ VEM!
[8/6/2017 15:58:23] /b SOBRE DONATE PM !!!! [PROMOÇÕES] SÓ VEM!
[8/6/2017 16:0:12] /t
[8/6/2017 16:4:12] /goto lucaz
[8/6/2017 16:4:16] /t
[8/6/2017 16:13:0] /goto lucaz
[8/6/2017 16:13:13] /goto lucaz
[8/6/2017 16:13:17] /goto lucaz
[8/6/2017 16:13:19] /goto lucaz
[8/6/2017 16:26:52] /t
[8/6/2017 16:30:1] /goto feniix
[8/6/2017 16:30:18] /goto darnt
[8/6/2017 16:30:28] /goto ziggy
[8/6/2017 16:30:42] /goto drogo
[8/6/2017 16:30:44] /t
[8/6/2017 17:12:14] /t
[8/6/2017 17:17:33] /reload talkactions
[8/6/2017 17:35:4] /r
[8/6/2017 17:35:6] /r
[8/6/2017 17:35:10] /t
[8/6/2017 17:35:49] /i new mage staff
[8/6/2017 17:39:25] /clean
[8/6/2017 22:54:41] /i new pallybow
[8/6/2017 22:54:47] /i new pally bow
[8/6/2017 22:56:4] /c super pai
[8/6/2017 22:56:12] /t
[8/6/2017 22:58:30] /bc PAGSEGURO CONSERTADO !!
[8/6/2017 22:58:30] /bc PAGSEGURO CONSERTADO !!
[8/6/2017 22:58:31] /bc PAGSEGURO CONSERTADO !!
[8/6/2017 22:58:33] /bc PAGSEGURO CONSERTADO !!
[8/6/2017 22:58:34] /bc PAGSEGURO CONSERTADO !!
[8/6/2017 22:58:34] /bc PAGSEGURO CONSERTADO !!
[8/6/2017 22:58:35] /bc PAGSEGURO CONSERTADO !!
[8/6/2017 22:58:36] /bc PAGSEGURO CONSERTADO !!
[8/6/2017 22:58:36] /bc PAGSEGURO CONSERTADO !!
[8/6/2017 22:58:37] /bc PAGSEGURO CONSERTADO !!
[8/6/2017 22:58:37] /bc PAGSEGURO CONSERTADO !!
[8/6/2017 22:58:38] /bc PAGSEGURO CONSERTADO !!
[8/6/2017 22:58:38] /bc PAGSEGURO CONSERTADO !!
[8/6/2017 22:58:39] /bc PAGSEGURO CONSERTADO !!
[8/6/2017 22:58:40] /bc PAGSEGURO CONSERTADO !!
[8/6/2017 22:58:40] /bc PAGSEGURO CONSERTADO !!
[8/6/2017 22:58:42] /bc PAGSEGURO CONSERTADO !!
[8/6/2017 22:58:42] /bc PAGSEGURO CONSERTADO !!
[8/6/2017 22:58:43] /bc PAGSEGURO CONSERTADO !!
[8/6/2017 22:58:43] /bc PAGSEGURO CONSERTADO !!
[8/6/2017 22:58:44] /bc PAGSEGURO CONSERTADO !!
[8/6/2017 22:58:44] /bc PAGSEGURO CONSERTADO !!
[8/6/2017 22:58:45] /bc PAGSEGURO CONSERTADO !!
[8/6/2017 22:58:45] /bc PAGSEGURO CONSERTADO !!
[8/6/2017 22:58:46] /bc PAGSEGURO CONSERTADO !!
[8/6/2017 22:58:46] /bc PAGSEGURO CONSERTADO !!
[8/6/2017 22:58:46] /bc PAGSEGURO CONSERTADO !!
[8/6/2017 22:58:47] /bc PAGSEGURO CONSERTADO !!
[8/6/2017 22:58:47] /bc PAGSEGURO CONSERTADO !!
[8/6/2017 22:58:47] /bc PAGSEGURO CONSERTADO !!
[8/6/2017 22:58:49] /bc PAGSEGURO CONSERTADO !!
[8/6/2017 22:58:51] /bc PAGSEGURO CONSERTADO !!
[8/6/2017 22:58:52] /bc PAGSEGURO CONSERTADO !!
[8/6/2017 22:58:52] /bc PAGSEGURO CONSERTADO !!
[8/6/2017 22:58:53] /bc PAGSEGURO CONSERTADO !!
[8/6/2017 23:39:17] /goto xis de
[8/6/2017 23:40:57] /goto expert
[8/6/2017 23:41:13] /t
[8/6/2017 23:44:44] /reload creaturescripts
[8/6/2017 23:47:28] /goto Mlk Lerdao
[8/6/2017 23:48:2] /goto mlk rapidao
[8/6/2017 23:48:29] /c Mlk Rapidao
[8/6/2017 23:48:46] /c muleke pesadao
[8/6/2017 23:49:23] /c mlk rapidao
[8/6/2017 23:49:26] /c mlk pesadao
[8/6/2017 23:55:34] /t
[9/6/2017 10:19:8] /b DONATES CAIXA SUPER PROMOCAO !! PM AKI
[9/6/2017 10:19:9] /b DONATES CAIXA SUPER PROMOCAO !! PM AKI
[9/6/2017 10:19:10] /b DONATES CAIXA SUPER PROMOCAO !! PM AKI
[9/6/2017 10:19:12] /b DONATES CAIXA SUPER PROMOCAO !! PM AKI
[9/6/2017 10:19:13] /b DONATES CAIXA SUPER PROMOCAO !! PM AKI
[9/6/2017 10:19:14] /b DONATES CAIXA SUPER PROMOCAO !! PM AKI
[9/6/2017 10:19:14] /b DONATES CAIXA SUPER PROMOCAO !! PM AKI
[9/6/2017 10:19:15] /b DONATES CAIXA SUPER PROMOCAO !! PM AKI
[9/6/2017 10:19:15] /b DONATES CAIXA SUPER PROMOCAO !! PM AKI
[9/6/2017 10:19:16] /b DONATES CAIXA SUPER PROMOCAO !! PM AKI
[9/6/2017 10:19:16] /b DONATES CAIXA SUPER PROMOCAO !! PM AKI
[9/6/2017 10:19:16] /b DONATES CAIXA SUPER PROMOCAO !! PM AKI
[9/6/2017 10:19:17] /b DONATES CAIXA SUPER PROMOCAO !! PM AKI
[9/6/2017 10:19:17] /b DONATES CAIXA SUPER PROMOCAO !! PM AKI
[9/6/2017 10:19:18] /b DONATES CAIXA SUPER PROMOCAO !! PM AKI
[9/6/2017 10:19:18] /b DONATES CAIXA SUPER PROMOCAO !! PM AKI
[9/6/2017 10:19:19] /b DONATES CAIXA SUPER PROMOCAO !! PM AKI
[9/6/2017 10:19:19] /b DONATES CAIXA SUPER PROMOCAO !! PM AKI
[9/6/2017 10:19:20] /b DONATES CAIXA SUPER PROMOCAO !! PM AKI
[9/6/2017 10:19:20] /b DONATES CAIXA SUPER PROMOCAO !! PM AKI
[9/6/2017 10:19:20] /b DONATES CAIXA SUPER PROMOCAO !! PM AKI
[9/6/2017 10:19:21] /b DONATES CAIXA SUPER PROMOCAO !! PM AKI
[9/6/2017 10:19:21] /b DONATES CAIXA SUPER PROMOCAO !! PM AKI
[9/6/2017 10:19:21] /b DONATES CAIXA SUPER PROMOCAO !! PM AKI
[9/6/2017 10:19:22] /b DONATES CAIXA SUPER PROMOCAO !! PM AKI
[9/6/2017 10:19:22] /b DONATES CAIXA SUPER PROMOCAO !! PM AKI
[9/6/2017 10:19:22] /b DONATES CAIXA SUPER PROMOCAO !! PM AKI
[9/6/2017 10:19:23] /b DONATES CAIXA SUPER PROMOCAO !! PM AKI
[9/6/2017 10:19:23] /b DONATES CAIXA SUPER PROMOCAO !! PM AKI
[9/6/2017 10:19:23] /b DONATES CAIXA SUPER PROMOCAO !! PM AKI
[9/6/2017 10:19:24] /b DONATES CAIXA SUPER PROMOCAO !! PM AKI
[9/6/2017 10:19:24] /b DONATES CAIXA SUPER PROMOCAO !! PM AKI
[9/6/2017 10:19:24] /b DONATES CAIXA SUPER PROMOCAO !! PM AKI
[9/6/2017 10:19:25] /b DONATES CAIXA SUPER PROMOCAO !! PM AKI
[9/6/2017 10:19:25] /b DONATES CAIXA SUPER PROMOCAO !! PM AKI
[9/6/2017 10:19:25] /b DONATES CAIXA SUPER PROMOCAO !! PM AKI
[9/6/2017 10:19:26] /b DONATES CAIXA SUPER PROMOCAO !! PM AKI
[9/6/2017 10:19:26] /b DONATES CAIXA SUPER PROMOCAO !! PM AKI
[9/6/2017 10:19:28] /b DONATES CAIXA SUPER PROMOCAO !! PM AKI
[9/6/2017 10:19:29] /b DONATES CAIXA SUPER PROMOCAO !! PM AKI
[9/6/2017 10:39:35] /t
[9/6/2017 10:52:43] /goto Druidzin
[9/6/2017 10:52:47] /goto Druidzin
[9/6/2017 10:52:48] /goto Druidzin
[9/6/2017 10:52:49] /goto Druidzin
[9/6/2017 10:52:51] /goto Druidzin
[9/6/2017 10:52:53] /t
[9/6/2017 11:5:16] /goto On Push
[9/6/2017 11:5:27] /t
[9/6/2017 11:36:15] /t
