[14/11/2016 20:36:52] /ghost
[14/11/2016 20:44:6] /ghost
[14/11/2016 20:56:0] /i 7483
[14/11/2016 21:24:34] /a 2
[14/11/2016 21:31:28] /bc green 00:30 El Gato [487]: gogo promotion quest
[14/11/2016 21:33:28] /goto Intel
[14/11/2016 21:34:10] /t
[14/11/2016 21:35:16] /ghost
[14/11/2016 21:35:20] /goto El Gato
[14/11/2016 21:40:53] /ghost
[14/11/2016 21:43:32] /ghost
[14/11/2016 21:43:55] /a 
[14/11/2016 21:44:57] /c Dan Boladao
[14/11/2016 21:46:32] /c Dan Boladao
[14/11/2016 21:46:46] /c Erik Lehnsherr
[14/11/2016 21:46:58] /a
[14/11/2016 21:47:5] /a 10
[14/11/2016 21:47:57] /goto Araghozz
[14/11/2016 21:48:8] /goto Ratao
[14/11/2016 21:48:57] /c Araghozz
[14/11/2016 21:53:26] /c Adryan
[14/11/2016 21:56:15] /a 10
[14/11/2016 21:56:20] /a 5
[14/11/2016 21:56:32] /a 5
[14/11/2016 21:56:36] /a 5
[14/11/2016 21:56:41] /ghost
[14/11/2016 21:57:28] /ghost
[14/11/2016 22:13:10] /ghost
[14/11/2016 22:13:46] /ghost
[14/11/2016 22:15:22] /goto El gato
[14/11/2016 22:16:23] /i 2002
[14/11/2016 22:16:32] /i 12575
[14/11/2016 22:16:33] /i 12396
[14/11/2016 22:16:45] /i 2002
[14/11/2016 22:16:54] /i 12396
[14/11/2016 22:16:58] /i 8981
[14/11/2016 22:17:9] /i backpack
[14/11/2016 22:19:5] /i event coins
[14/11/2016 22:19:14] /t
[14/11/2016 22:19:49] /i event coins
[14/11/2016 22:20:53] /i 9971
[14/11/2016 22:21:20] /i 9971
[14/11/2016 22:21:34] /i  Event Coin
[14/11/2016 22:22:32] /i 2567
[14/11/2016 22:22:54] /i 6567
[14/11/2016 22:23:16] /i 6527
[14/11/2016 22:23:18] /i 6527
[14/11/2016 22:23:26] /i 2004
[14/11/2016 22:23:55] /i 6527
[14/11/2016 22:26:1] /goto Intel
[14/11/2016 22:26:48] /goto Her oz
[14/11/2016 22:33:40] /ghost
[14/11/2016 22:34:1] /ghost
[14/11/2016 22:39:24] /a 20
[14/11/2016 23:25:0] /ghost
[14/11/2016 23:25:33] /goto El Gato
[14/11/2016 23:26:28] /r
[14/11/2016 23:26:35] /r
[14/11/2016 23:26:51] /c El gato
[14/11/2016 23:27:44] /c Adryan
[14/11/2016 23:28:2] /ghost
[14/11/2016 23:40:55] /ghost
[14/11/2016 23:43:36] /b Vou esconder uma BP pelo MAPA com 2 DODGE ! ;D Vou dar dicas
[14/11/2016 23:43:44] /ghost
[14/11/2016 23:43:56] /b Vou esconder uma BP pelo MAPA com 2 DODGE ! ;D Vou dar dicas
[14/11/2016 23:43:57] /b Vou esconder uma BP pelo MAPA com 2 DODGE ! ;D Vou dar dicas
[14/11/2016 23:43:58] /b Vou esconder uma BP pelo MAPA com 2 DODGE ! ;D Vou dar dicas
[14/11/2016 23:44:1] /t
[14/11/2016 23:44:19] /b Vou esconder uma BP pelo MAPA com 2 DODGE ! ;D Vou dar dicas
[14/11/2016 23:45:25] /b Esperem
[14/11/2016 23:46:6] /b Vamos lá
[14/11/2016 23:46:30] /b Estou vendo um mar.
[14/11/2016 23:46:39] /b Dica 1° - Estou vendo um mar
[14/11/2016 23:47:38] /b Pallyzin GANHOU!
[14/11/2016 23:47:42] /b Vou fazer mais um <3
[14/11/2016 23:47:45] /t Pallyzin
[14/11/2016 23:47:54] /b Vou fazer uma com 2 critical dodge :D
[14/11/2016 23:48:0] /t
[14/11/2016 23:50:13] /b Ok, quem vai participar diga algo no HELP
[14/11/2016 23:51:0] /b Vamos lá ...
[14/11/2016 23:51:12] /b Dica numero 1 : Não estou na superficie.
[14/11/2016 23:51:41] /b Dica numero 1° - Não estou na superfície
[14/11/2016 23:51:42] /b Dica numero 1° - Não estou na superfície
[14/11/2016 23:51:43] /b Dica numero 1° - Não estou na superfície
[14/11/2016 23:51:43] /b Dica numero 1° - Não estou na superfície
[14/11/2016 23:51:50] /b Dica numero 1° - Não estou na superfície
[14/11/2016 23:52:26] /b Opá alguem passou perto... 
[14/11/2016 23:52:29] /b Dica numero 1° - Não estou na superfície
[14/11/2016 23:52:30] /b Dica numero 1° - Não estou na superfície
[14/11/2016 23:52:30] /b Dica numero 1° - Não estou na superfície
[14/11/2016 23:53:24] /b Vamos lá ... Dica numero 2° - Estou perto de um fantasma
[14/11/2016 23:53:25] /b Vamos lá ... Dica numero 2° - Estou perto de um fantasma
[14/11/2016 23:53:25] /b Vamos lá ... Dica numero 2° - Estou perto de um fantasma
[14/11/2016 23:53:26] /b Vamos lá ... Dica numero 2° - Estou perto de um fantasma
[14/11/2016 23:53:26] /b Vamos lá ... Dica numero 2° - Estou perto de um fantasma
[14/11/2016 23:53:27] /b Vamos lá ... Dica numero 2° - Estou perto de um fantasma
[14/11/2016 23:53:27] /b Vamos lá ... Dica numero 2° - Estou perto de um fantasma
[14/11/2016 23:53:27] /b Vamos lá ... Dica numero 2° - Estou perto de um fantasma
[14/11/2016 23:54:6] /b Vamos lá ... Dica numero 2° - Estou perto de um fantasma
[14/11/2016 23:54:7] /b Vamos lá ... Dica numero 2° - Estou perto de um fantasma
[14/11/2016 23:54:7] /b Vamos lá ... Dica numero 2° - Estou perto de um fantasma
[14/11/2016 23:54:8] /b Vamos lá ... Dica numero 2° - Estou perto de um fantasma
[14/11/2016 23:54:8] /b Vamos lá ... Dica numero 2° - Estou perto de um fantasma
[14/11/2016 23:55:26] /b 3 ° DICA : ESTOU DO LADO DE TRES CABEÇAS DE CAVEIRA
[14/11/2016 23:55:27] /b 3 ° DICA : ESTOU DO LADO DE TRES CABEÇAS DE CAVEIRA
[14/11/2016 23:55:27] /b 3 ° DICA : ESTOU DO LADO DE TRES CABEÇAS DE CAVEIRA
[14/11/2016 23:55:28] /b 3 ° DICA : ESTOU DO LADO DE TRES CABEÇAS DE CAVEIRA
[14/11/2016 23:55:28] /b 3 ° DICA : ESTOU DO LADO DE TRES CABEÇAS DE CAVEIRA
[14/11/2016 23:55:29] /b 3 ° DICA : ESTOU DO LADO DE TRES CABEÇAS DE CAVEIRA
[14/11/2016 23:55:29] /b 3 ° DICA : ESTOU DO LADO DE TRES CABEÇAS DE CAVEIRA
[14/11/2016 23:55:29] /b 3 ° DICA : ESTOU DO LADO DE TRES CABEÇAS DE CAVEIRA
[14/11/2016 23:55:30] /b 3 ° DICA : ESTOU DO LADO DE TRES CABEÇAS DE CAVEIRA
[14/11/2016 23:56:59] /b 5  E ULTIMA DICA: PASSEI POR MINHOCAS 
[14/11/2016 23:57:0] /b 5  E ULTIMA DICA: PASSEI POR MINHOCAS 
[14/11/2016 23:57:0] /b 5  E ULTIMA DICA: PASSEI POR MINHOCAS 
[14/11/2016 23:57:1] /b 5  E ULTIMA DICA: PASSEI POR MINHOCAS 
[14/11/2016 23:57:1] /b 5  E ULTIMA DICA: PASSEI POR MINHOCAS 
[14/11/2016 23:57:2] /b 5  E ULTIMA DICA: PASSEI POR MINHOCAS 
[14/11/2016 23:57:2] /b 5  E ULTIMA DICA: PASSEI POR MINHOCAS 
[14/11/2016 23:57:2] /b 5  E ULTIMA DICA: PASSEI POR MINHOCAS 
[14/11/2016 23:57:3] /b 5  E ULTIMA DICA: PASSEI POR MINHOCAS 
[14/11/2016 23:58:39] /b INTEL GANHOU 
[14/11/2016 23:58:46] /b INTEL GANHOU 
[14/11/2016 23:58:47] /b INTEL GANHOU 
[14/11/2016 23:58:47] /b INTEL GANHOU 
[14/11/2016 23:58:52] /t Intel
[14/11/2016 23:58:52] /t
[14/11/2016 23:58:56] /ghost
[14/11/2016 23:59:12] /b Quantos on?  
[14/11/2016 23:59:23] /b Vem templo quem tiver ON!
[15/11/2016 0:0:5] /goto Pallyzin
[15/11/2016 0:0:13] /a
[15/11/2016 0:0:32] /t
[15/11/2016 0:0:43] /t Pallyzin
[15/11/2016 0:1:3] /b QUEM TIVER ON VEM TP PRA EU VER SE FAÇO MAIS 1. 
[15/11/2016 0:3:19] /b Reclamações/Sugestões dizem HELP!
[15/11/2016 0:4:54] /goto Pallyzin
[15/11/2016 0:5:4] /t
[15/11/2016 0:6:11] /b Pessoal, peço um favor de verdade. Se houver algum anuncio, avisa para o Malware/Eu/Intel. Por favor!
[15/11/2016 0:13:23] /goto Ratao
[15/11/2016 0:13:34] /t Pallyzin
[15/11/2016 0:13:35] /t Ratao
[15/11/2016 0:13:36] /t
[15/11/2016 0:18:55] /i 6571
[15/11/2016 0:20:15] /ghost
[15/11/2016 10:32:54] /ghost
[15/11/2016 10:36:45] /bc green INVASÃO NO TEMPLO!
[15/11/2016 10:36:49] /bc green INVASÃO NO TEMPLO!
[15/11/2016 10:37:32] /bc green INVASÃO NO TEMPLO!
[15/11/2016 10:37:33] /bc green INVASÃO NO TEMPLO!
[15/11/2016 10:37:34] /bc green INVASÃO NO TEMPLO!
[15/11/2016 10:37:35] /bc green INVASÃO NO TEMPLO!
[15/11/2016 10:37:35] /bc green INVASÃO NO TEMPLO!
[15/11/2016 10:37:36] /bc green INVASÃO NO TEMPLO!
[15/11/2016 10:44:0] /a
[15/11/2016 10:45:51] /a
[15/11/2016 10:45:51] /a
[15/11/2016 10:46:1] /a
[15/11/2016 10:46:1] /a
[15/11/2016 10:46:1] /a
[15/11/2016 10:46:2] /a
[15/11/2016 10:46:2] /a
[15/11/2016 10:46:3] /a
[15/11/2016 10:46:3] /a
[15/11/2016 10:46:3] /a
[15/11/2016 10:46:3] /a
[15/11/2016 10:46:4] /a
[15/11/2016 10:46:4] /a
[15/11/2016 10:46:4] /a
[15/11/2016 10:46:4] /a
[15/11/2016 10:46:4] /a
[15/11/2016 10:46:5] /a
[15/11/2016 10:46:5] /a
[15/11/2016 10:46:9] /a
[15/11/2016 10:46:10] /a
[15/11/2016 10:46:10] /a
[15/11/2016 10:46:10] /a
[15/11/2016 10:46:10] /a
[15/11/2016 10:46:10] /a
[15/11/2016 10:46:11] /a
[15/11/2016 10:46:11] /a
[15/11/2016 10:46:11] /a
[15/11/2016 10:46:11] /a
[15/11/2016 10:54:4] /goto Marijuana
[15/11/2016 10:54:33] /t
[15/11/2016 10:56:11] /newtype 123
[15/11/2016 10:56:22] /newtype 99
[15/11/2016 10:56:33] /newtype 134
[15/11/2016 10:56:37] /newtype 555
[15/11/2016 10:56:41] /newtype 124
[15/11/2016 10:56:53] /newtype 40
[15/11/2016 10:56:56] /a 100
[15/11/2016 10:57:3] /newtype 222
[15/11/2016 10:57:21] /newtype 144
[15/11/2016 10:57:28] /newtype 137
[15/11/2016 10:57:32] /newtype 140
[15/11/2016 10:57:36] /newtype 300
[15/11/2016 10:57:54] /newtype 305
[15/11/2016 10:58:8] /newtype 340
[15/11/2016 10:58:15] /newtype 341
[15/11/2016 10:58:20] /newtype 345
[15/11/2016 10:58:29] /newtype 500
[15/11/2016 10:58:33] /newtype 666
[15/11/2016 10:58:42] /a
[15/11/2016 10:58:49] /newtype 123
[15/11/2016 10:58:54] /newtype 100
[15/11/2016 10:58:57] /newtype 99
[15/11/2016 10:58:59] /newtype 98
[15/11/2016 10:59:4] /newtype 50
[15/11/2016 10:59:10] /newtype 1
[15/11/2016 10:59:20] /newtype 3
[15/11/2016 10:59:30] /newtype 43
[15/11/2016 10:59:49] /newtype 99
[15/11/2016 10:59:52] /newtype 60
[15/11/2016 10:59:55] /newtype 65
[15/11/2016 10:59:58] /newtype 70
[15/11/2016 11:0:2] /newtype 80
[15/11/2016 11:0:12] /newtype 297
[15/11/2016 11:0:19] /newtype 256
[15/11/2016 11:0:25] /a
[15/11/2016 11:0:33] /newtype 230
[15/11/2016 11:0:39] /a
[15/11/2016 11:0:42] /a
[15/11/2016 11:0:59] /newtype 225
[15/11/2016 11:1:11] /t
[15/11/2016 11:2:34] /c Push On
[15/11/2016 11:4:42] /i donate wand
[15/11/2016 11:5:4] /t
[15/11/2016 11:15:48] /newtype 123
[15/11/2016 11:33:0] /a
[15/11/2016 11:33:2] /a
[15/11/2016 11:35:53] /c Brtres De pinheiral Eobixo
[15/11/2016 11:36:44] /c Trzm
[15/11/2016 11:37:0] /up 3
[15/11/2016 11:37:5] /c Trz,
[15/11/2016 11:37:8] /c Trz,
[15/11/2016 11:37:11] /c Trzm
[15/11/2016 11:37:45] /t
[15/11/2016 11:37:55] /up 3
[15/11/2016 11:38:2] /i 7424
[15/11/2016 11:38:14] /t
[15/11/2016 11:40:35] /m Dragon
[15/11/2016 11:40:44] /m drago
[15/11/2016 11:40:46] /m dragon
[15/11/2016 11:40:54] /m Dragon Lord
[15/11/2016 11:41:3] /m Dragon Lord
[15/11/2016 11:41:11] /m Demon
[15/11/2016 11:41:22] /t
[15/11/2016 11:54:33] /a
[15/11/2016 11:57:27] /t
[15/11/2016 11:57:44] /c Mukovisk
[15/11/2016 11:58:0] /t
[15/11/2016 11:58:34] /goto Mukovisk
[15/11/2016 11:58:38] /i 7470
[15/11/2016 11:58:41] /r
[15/11/2016 11:58:43] /r
[15/11/2016 11:58:53] /i 7450
[15/11/2016 11:59:9] /t
[15/11/2016 11:59:24] /c Mukovisk
[15/11/2016 11:59:48] /m Dragon
[15/11/2016 12:0:10] /c Mukovisk
[15/11/2016 12:0:13] /m Dragon lord
[15/11/2016 12:0:23] /m Dragon loes
[15/11/2016 12:0:26] /m Dragon Lord
[15/11/2016 12:0:34] /m Demon
[15/11/2016 12:1:28] /t
[15/11/2016 12:2:58] /r
[15/11/2016 12:3:1] /r
[15/11/2016 12:3:5] /r
[15/11/2016 12:3:9] /r
[15/11/2016 12:5:53] /goto Nick
[15/11/2016 12:6:0] /t
[15/11/2016 12:7:28] /bc green Seguinte como tem bastante gente ON. Vou esconder uma BP pelo mapa com 1 cave exclusiva. Vou dar dicas, assim que esconder ... 
[15/11/2016 12:7:29] /bc green Seguinte como tem bastante gente ON. Vou esconder uma BP pelo mapa com 1 cave exclusiva. Vou dar dicas, assim que esconder ... 
[15/11/2016 12:7:30] /bc green Seguinte como tem bastante gente ON. Vou esconder uma BP pelo mapa com 1 cave exclusiva. Vou dar dicas, assim que esconder ... 
[15/11/2016 12:7:31] /bc green Seguinte como tem bastante gente ON. Vou esconder uma BP pelo mapa com 1 cave exclusiva. Vou dar dicas, assim que esconder ... 
[15/11/2016 12:7:32] /bc green Seguinte como tem bastante gente ON. Vou esconder uma BP pelo mapa com 1 cave exclusiva. Vou dar dicas, assim que esconder ... 
[15/11/2016 12:7:33] /bc green Seguinte como tem bastante gente ON. Vou esconder uma BP pelo mapa com 1 cave exclusiva. Vou dar dicas, assim que esconder ... 
[15/11/2016 12:7:34] /bc green Seguinte como tem bastante gente ON. Vou esconder uma BP pelo mapa com 1 cave exclusiva. Vou dar dicas, assim que esconder ... 
[15/11/2016 12:7:35] /bc green Seguinte como tem bastante gente ON. Vou esconder uma BP pelo mapa com 1 cave exclusiva. Vou dar dicas, assim que esconder ... 
[15/11/2016 12:7:35] /bc green Seguinte como tem bastante gente ON. Vou esconder uma BP pelo mapa com 1 cave exclusiva. Vou dar dicas, assim que esconder ... 
[15/11/2016 12:7:36] /bc green Seguinte como tem bastante gente ON. Vou esconder uma BP pelo mapa com 1 cave exclusiva. Vou dar dicas, assim que esconder ... 
[15/11/2016 12:7:37] /bc green Seguinte como tem bastante gente ON. Vou esconder uma BP pelo mapa com 1 cave exclusiva. Vou dar dicas, assim que esconder ... 
[15/11/2016 12:7:38] /bc green Seguinte como tem bastante gente ON. Vou esconder uma BP pelo mapa com 1 cave exclusiva. Vou dar dicas, assim que esconder ... 
[15/11/2016 12:7:44] /ghost
[15/11/2016 12:11:2] /bc green Seguinte como tem bastante gente ON. Vou esconder uma BP pelo mapa com 1 cave exclusiva. Vou dar dicas, assim que esconder ... 
[15/11/2016 12:11:30] /bc green DICA NUMERO UM: ESTOU VENDO MAR! (ESTOU NA CITY)
[15/11/2016 12:11:31] /bc green DICA NUMERO UM: ESTOU VENDO MAR! (ESTOU NA CITY)
[15/11/2016 12:11:32] /bc green DICA NUMERO UM: ESTOU VENDO MAR! (ESTOU NA CITY)
[15/11/2016 12:11:33] /bc green DICA NUMERO UM: ESTOU VENDO MAR! (ESTOU NA CITY)
[15/11/2016 12:11:33] /bc green DICA NUMERO UM: ESTOU VENDO MAR! (ESTOU NA CITY)
[15/11/2016 12:11:34] /bc green DICA NUMERO UM: ESTOU VENDO MAR! (ESTOU NA CITY)
[15/11/2016 12:11:35] /bc green DICA NUMERO UM: ESTOU VENDO MAR! (ESTOU NA CITY)
[15/11/2016 12:11:36] /bc green DICA NUMERO UM: ESTOU VENDO MAR! (ESTOU NA CITY)
[15/11/2016 12:11:37] /bc green DICA NUMERO UM: ESTOU VENDO MAR! (ESTOU NA CITY)
[15/11/2016 12:12:4] /bc green DICA NUMERO UM: ESTOU VENDO MAR! (ESTOU NA CITY)
[15/11/2016 12:12:5] /bc green DICA NUMERO UM: ESTOU VENDO MAR! (ESTOU NA CITY)
[15/11/2016 12:12:6] /bc green DICA NUMERO UM: ESTOU VENDO MAR! (ESTOU NA CITY)
[15/11/2016 12:12:7] /bc green DICA NUMERO UM: ESTOU VENDO MAR! (ESTOU NA CITY)
[15/11/2016 12:12:36] /bc green DICA NUMERO UM: ESTOU VENDO MAR! (ESTOU NA CITY)
[15/11/2016 12:12:37] /bc green DICA NUMERO UM: ESTOU VENDO MAR! (ESTOU NA CITY)
[15/11/2016 12:12:38] /bc green DICA NUMERO UM: ESTOU VENDO MAR! (ESTOU NA CITY)
[15/11/2016 12:12:39] /bc green DICA NUMERO UM: ESTOU VENDO MAR! (ESTOU NA CITY)
[15/11/2016 12:12:39] /bc green DICA NUMERO UM: ESTOU VENDO MAR! (ESTOU NA CITY)
[15/11/2016 12:12:40] /bc green DICA NUMERO UM: ESTOU VENDO MAR! (ESTOU NA CITY)
[15/11/2016 12:12:41] /bc green DICA NUMERO UM: ESTOU VENDO MAR! (ESTOU NA CITY)
[15/11/2016 12:12:42] /bc green DICA NUMERO UM: ESTOU VENDO MAR! (ESTOU NA CITY)
[15/11/2016 12:13:8] /b Opá 2 caras passaram bem perto. 
[15/11/2016 12:13:27] /b A BACKPACK NAO ESTÁ TÂO APARENTE. TEM QUE VASCULHAR PRA ENCONTRAR ELA.
[15/11/2016 12:13:45] /b  DICA NUMERO DOIS: ESTOU VENDO UMA PONTE
[15/11/2016 12:13:45] /b  DICA NUMERO DOIS: ESTOU VENDO UMA PONTE
[15/11/2016 12:13:46] /b  DICA NUMERO DOIS: ESTOU VENDO UMA PONTE
[15/11/2016 12:13:46] /b  DICA NUMERO DOIS: ESTOU VENDO UMA PONTE
[15/11/2016 12:13:47] /b  DICA NUMERO DOIS: ESTOU VENDO UMA PONTE
[15/11/2016 12:13:47] /b  DICA NUMERO DOIS: ESTOU VENDO UMA PONTE
[15/11/2016 12:13:48] /b  DICA NUMERO DOIS: ESTOU VENDO UMA PONTE
[15/11/2016 12:13:48] /b  DICA NUMERO DOIS: ESTOU VENDO UMA PONTE
[15/11/2016 12:13:49] /b  DICA NUMERO DOIS: ESTOU VENDO UMA PONTE
[15/11/2016 12:13:49] /b  DICA NUMERO DOIS: ESTOU VENDO UMA PONTE
[15/11/2016 12:13:50] /b  DICA NUMERO DOIS: ESTOU VENDO UMA PONTE
[15/11/2016 12:14:28] /b Um cara chegou MUITO perto só que não procurou direito.
[15/11/2016 12:15:6] /b DICA NUMERO TRES : ESTOU VENDO UMA FOGUEIRA!
[15/11/2016 12:15:7] /b DICA NUMERO TRES : ESTOU VENDO UMA FOGUEIRA!
[15/11/2016 12:15:7] /b DICA NUMERO TRES : ESTOU VENDO UMA FOGUEIRA!
[15/11/2016 12:15:8] /b DICA NUMERO TRES : ESTOU VENDO UMA FOGUEIRA!
[15/11/2016 12:15:9] /b DICA NUMERO TRES : ESTOU VENDO UMA FOGUEIRA!
[15/11/2016 12:15:9] /b DICA NUMERO TRES : ESTOU VENDO UMA FOGUEIRA!
[15/11/2016 12:15:10] /b DICA NUMERO TRES : ESTOU VENDO UMA FOGUEIRA!
[15/11/2016 12:15:52] /b TEM GENTE SE MATANDO PERTO DA BACKPACK.
[15/11/2016 12:16:31] /b Um cara passou por cima da BP QUEWUEUWQEU
[15/11/2016 12:16:52] /b DICA NUMERO QUATRO: ESTOU VENDO ARVORES!
[15/11/2016 12:16:53] /b DICA NUMERO QUATRO: ESTOU VENDO ARVORES!
[15/11/2016 12:16:54] /b DICA NUMERO QUATRO: ESTOU VENDO ARVORES!
[15/11/2016 12:16:54] /b DICA NUMERO QUATRO: ESTOU VENDO ARVORES!
[15/11/2016 12:16:55] /b DICA NUMERO QUATRO: ESTOU VENDO ARVORES!
[15/11/2016 12:16:55] /b DICA NUMERO QUATRO: ESTOU VENDO ARVORES!
[15/11/2016 12:16:56] /b DICA NUMERO QUATRO: ESTOU VENDO ARVORES!
[15/11/2016 12:18:23] /b PESSOAL A BP NAO ESTÁ NA CARA! Tem que vascular entre as coisas.
[15/11/2016 12:18:27] /b Geral passando perto.
[15/11/2016 12:19:39] /b Como está dificil. Além da cave exclusiva vou colocar um dodge.
[15/11/2016 12:20:31] /b Mds um cara cabou de passar por cima.
[15/11/2016 12:21:11] /b Voce Nao Merece Sofrer GANHOU!
[15/11/2016 12:21:12] /b Voce Nao Merece Sofrer GANHOU!
[15/11/2016 12:21:13] /b Voce Nao Merece Sofrer GANHOU!
[15/11/2016 12:21:13] /b Voce Nao Merece Sofrer GANHOU!
[15/11/2016 12:21:14] /b Voce Nao Merece Sofrer GANHOU!
[15/11/2016 12:21:15] /b Voce Nao Merece Sofrer GANHOU!
[15/11/2016 12:21:15] /b Voce Nao Merece Sofrer GANHOU!
[15/11/2016 12:21:21] /ghost
[15/11/2016 12:21:37] /b Elisinha, tu ficou encima da BP por uns 2 minuto.
[15/11/2016 12:21:57] /c Elisinha Joga Facil
[15/11/2016 12:22:32] /ghost
[15/11/2016 12:22:33] /t
[15/11/2016 12:22:45] /b Vou fazer outro ... 
[15/11/2016 12:24:2] /b Agora escondi uma BP com 400 EVENT COINS. 
[15/11/2016 12:24:22] /b Agora escondi uma BP com 400 EVENT COINS. 
[15/11/2016 12:24:23] /b Agora escondi uma BP com 400 EVENT COINS. 
[15/11/2016 12:24:23] /b Agora escondi uma BP com 400 EVENT COINS. 
[15/11/2016 12:24:47] /b DICA NUMERO 1 : Estou sobre a neve.
[15/11/2016 12:24:53] /b DICA NUMERO 1 : Estou sobre a neve.
[15/11/2016 12:24:54] /b DICA NUMERO 1 : Estou sobre a neve.
[15/11/2016 12:24:54] /b DICA NUMERO 1 : Estou sobre a neve.
[15/11/2016 12:24:55] /b DICA NUMERO 1 : Estou sobre a neve.
[15/11/2016 12:24:55] /b DICA NUMERO 1 : Estou sobre a neve.
[15/11/2016 12:24:56] /b DICA NUMERO 1 : Estou sobre a neve.
[15/11/2016 12:24:56] /b DICA NUMERO 1 : Estou sobre a neve.
[15/11/2016 12:25:14] /b 3 passaram por perto.
[15/11/2016 12:25:30] /b WTF ta toddo mundo passando por perto.
[15/11/2016 12:26:7] /b DICA NUMERO DOIS: ESTOU VENDO UM MURO DE MADEIRA!
[15/11/2016 12:26:7] /b DICA NUMERO DOIS: ESTOU VENDO UM MURO DE MADEIRA!
[15/11/2016 12:26:8] /b DICA NUMERO DOIS: ESTOU VENDO UM MURO DE MADEIRA!
[15/11/2016 12:26:8] /b DICA NUMERO DOIS: ESTOU VENDO UM MURO DE MADEIRA!
[15/11/2016 12:26:8] /b DICA NUMERO DOIS: ESTOU VENDO UM MURO DE MADEIRA!
[15/11/2016 12:26:9] /b DICA NUMERO DOIS: ESTOU VENDO UM MURO DE MADEIRA!
[15/11/2016 12:26:9] /b DICA NUMERO DOIS: ESTOU VENDO UM MURO DE MADEIRA!
[15/11/2016 12:26:9] /b DICA NUMERO DOIS: ESTOU VENDO UM MURO DE MADEIRA!
[15/11/2016 12:26:50] /b Pessoal, procurem a BP, ela não está aparente.
[15/11/2016 12:27:32] /b Um cara ficou em cima USHAUHSAUHSAASH
[15/11/2016 12:28:6] /b Richard Henrique GANHOU!
[15/11/2016 12:28:7] /b Richard Henrique GANHOU!
[15/11/2016 12:28:7] /b Richard Henrique GANHOU!
[15/11/2016 12:28:7] /b Richard Henrique GANHOU!
[15/11/2016 12:28:8] /b Richard Henrique GANHOU!
[15/11/2016 12:28:8] /b Richard Henrique GANHOU!
[15/11/2016 12:28:9] /b Richard Henrique GANHOU!
[15/11/2016 12:28:9] /b Richard Henrique GANHOU!
[15/11/2016 12:28:13] /ghost
[15/11/2016 12:28:27] /b Richard Henrique GANHOU!
[15/11/2016 12:28:49] /goto Karolek Rp
[15/11/2016 12:28:59] /t
[15/11/2016 12:29:27] /b Pessoal não esqueçam de me avisar ou o INTEL sobre anuncios por favor.
[15/11/2016 12:30:24] /b Querem invasão? AVISEM no HELP!  (Monstro pode ou não doprar dodge/ critical dodge )
[15/11/2016 12:30:41] /b Querem invasão? AVISEM no HELP!  (Monstro pode ou não doprar dodge/ critical dodge )
[15/11/2016 12:30:41] /b Querem invasão? AVISEM no HELP!  (Monstro pode ou não doprar dodge/ critical dodge )
[15/11/2016 12:31:20] /c Assassina
[15/11/2016 12:31:35] /i 7424
[15/11/2016 12:32:37] /bc blue Guarda Costa do GOD está SOLTO PELA CIDADE!
[15/11/2016 12:32:51] /bc red Guarda Costa do GOD está SOLTO PELA CIDADE!
[15/11/2016 12:33:6] /bc green Guarda Costa do GOD está SOLTO PELA CIDADE!
[15/11/2016 12:33:7] /bc green Guarda Costa do GOD está SOLTO PELA CIDADE!
[15/11/2016 12:33:8] /bc green Guarda Costa do GOD está SOLTO PELA CIDADE!
[15/11/2016 12:33:9] /bc green Guarda Costa do GOD está SOLTO PELA CIDADE!
[15/11/2016 12:33:10] /bc green Guarda Costa do GOD está SOLTO PELA CIDADE!
[15/11/2016 12:33:11] /bc green Guarda Costa do GOD está SOLTO PELA CIDADE!
[15/11/2016 12:33:11] /bc green Guarda Costa do GOD está SOLTO PELA CIDADE!
[15/11/2016 12:33:12] /bc green Guarda Costa do GOD está SOLTO PELA CIDADE!
[15/11/2016 12:33:23] /bc green Guarda Costa do GOD está SOLTO PELA CIDADE!
[15/11/2016 12:33:38] /b VOU DESLIGAR O PVP JUSTAMENTE PRA TODO MUNDO PODER PARTICIPAR DA INVASÃO! 
[15/11/2016 12:33:50] /b Vou desligar 30 segundos.
[15/11/2016 12:34:5] /mode 2
[15/11/2016 12:34:24] /mode 1
[15/11/2016 12:34:32] /i 12575
[15/11/2016 12:34:39] /bc green Guarda Costa do GOD está SOLTO PELA CIDADE!
[15/11/2016 12:34:40] /bc green Guarda Costa do GOD está SOLTO PELA CIDADE!
[15/11/2016 12:34:40] /bc green Guarda Costa do GOD está SOLTO PELA CIDADE!
[15/11/2016 12:34:41] /bc green Guarda Costa do GOD está SOLTO PELA CIDADE!
[15/11/2016 12:34:49] /m Guarda Costas Do GOD
[15/11/2016 12:34:57] /bc green Guarda Costa do GOD está SOLTO PELA CIDADE!
[15/11/2016 12:34:58] /bc green Guarda Costa do GOD está SOLTO PELA CIDADE!
[15/11/2016 12:34:58] /bc green Guarda Costa do GOD está SOLTO PELA CIDADE!
[15/11/2016 12:35:29] /bc green Guarda Costa do GOD está SOLTO PELA CIDADE!
[15/11/2016 12:35:53] /bc green Guarda Costa do GOD está SOLTO PELA CIDADE!
[15/11/2016 12:35:54] /bc green Guarda Costa do GOD está SOLTO PELA CIDADE!
[15/11/2016 12:35:54] /bc green Guarda Costa do GOD está SOLTO PELA CIDADE!
[15/11/2016 12:35:55] /bc green Guarda Costa do GOD está SOLTO PELA CIDADE!
[15/11/2016 12:35:56] /bc green Guarda Costa do GOD está SOLTO PELA CIDADE!
[15/11/2016 12:35:57] /bc green Guarda Costa do GOD está SOLTO PELA CIDADE!
[15/11/2016 12:35:58] /bc green Guarda Costa do GOD está SOLTO PELA CIDADE!
[15/11/2016 12:36:21] /c Poco se
[15/11/2016 12:36:33] /c Poko Se
[15/11/2016 12:36:37] /c Poko se
[15/11/2016 12:36:42] /t
[15/11/2016 12:37:28] /c Poco se
[15/11/2016 12:37:33] /i 7424
[15/11/2016 12:38:4] /m Dragon Lord
[15/11/2016 12:38:10] /m Dragon Lord
[15/11/2016 12:38:19] /m Demon
[15/11/2016 12:38:43] /t
[15/11/2016 12:39:26] /a
[15/11/2016 12:40:22] /b Liberando PVP em 1 minuto!
[15/11/2016 12:40:36] /b Liberando PVP em 1 minuto!
[15/11/2016 12:40:37] /b Liberando PVP em 1 minuto!
[15/11/2016 12:40:44] /b Liberando PVP em 1 minuto!
[15/11/2016 12:40:58] /i 12575
[15/11/2016 12:41:9] /mode 2
[15/11/2016 12:43:43] /a
[15/11/2016 12:44:8] /a
[15/11/2016 12:44:15] /a
[15/11/2016 12:48:51] /ghost
[15/11/2016 12:48:52] /t
[15/11/2016 12:49:0] /ghost
[15/11/2016 12:57:57] /i 7424
[15/11/2016 12:58:39] /m Arcanjo Druid
[15/11/2016 12:58:41] /t
[15/11/2016 13:13:38] /up 3
[15/11/2016 13:13:42] /up 3
[15/11/2016 13:13:47] /c Mimade
[15/11/2016 13:14:30] /i 8854
[15/11/2016 13:14:49] /t Mimade
[15/11/2016 13:14:50] /t
[15/11/2016 13:29:28] /mute 2 Megan Fox
[15/11/2016 13:29:53] /mute 5 Megan Fox
[15/11/2016 13:30:34] /mute Megan Fox
[15/11/2016 13:34:23] /ghost
[15/11/2016 13:36:10] /ghost
[15/11/2016 14:0:4] /goto The End
[15/11/2016 14:1:8] /t
[15/11/2016 14:28:1] /c Roxzinha
[15/11/2016 14:28:32] /i 8854
[15/11/2016 14:57:46] /i backpack
[15/11/2016 14:57:56] /ghost
[15/11/2016 14:59:50] /bc green EVENTO! Vou esconder um backpack pela city. Contendo  2 DODGE . Vou dar dicas do lugar aonde ela vai estar e saiba que não vai estar totalmente visivel, ou seje, procure, revire ... :D
[15/11/2016 14:59:59] /bc green EVENTO! Vou esconder um backpack pela city. Contendo  2 DODGE . Vou dar dicas do lugar aonde ela vai estar e saiba que não vai estar totalmente visivel, ou seje, procure, revire ... :D
[15/11/2016 15:0:0] /bc green EVENTO! Vou esconder um backpack pela city. Contendo  2 DODGE . Vou dar dicas do lugar aonde ela vai estar e saiba que não vai estar totalmente visivel, ou seje, procure, revire ... :D
[15/11/2016 15:0:8] /bc green EVENTO! Vou esconder um backpack pela city. Contendo  2 DODGE . Vou dar dicas do lugar aonde ela vai estar e saiba que não vai estar totalmente visivel, ou seje, procure, revire ... :D
[15/11/2016 15:0:8] /bc green EVENTO! Vou esconder um backpack pela city. Contendo  2 DODGE . Vou dar dicas do lugar aonde ela vai estar e saiba que não vai estar totalmente visivel, ou seje, procure, revire ... :D
[15/11/2016 15:0:9] /bc green EVENTO! Vou esconder um backpack pela city. Contendo  2 DODGE . Vou dar dicas do lugar aonde ela vai estar e saiba que não vai estar totalmente visivel, ou seje, procure, revire ... :D
[15/11/2016 15:0:20] /bc green EVENTO! Vou esconder um backpack pela city. Contendo  2 DODGE . Vou dar dicas do lugar aonde ela vai estar e saiba que não vai estar totalmente visivel, ou seje, procure, revire ... :D
[15/11/2016 15:0:21] /bc green EVENTO! Vou esconder um backpack pela city. Contendo  2 DODGE . Vou dar dicas do lugar aonde ela vai estar e saiba que não vai estar totalmente visivel, ou seje, procure, revire ... :D
[15/11/2016 15:0:21] /bc green EVENTO! Vou esconder um backpack pela city. Contendo  2 DODGE . Vou dar dicas do lugar aonde ela vai estar e saiba que não vai estar totalmente visivel, ou seje, procure, revire ... :D
[15/11/2016 15:0:58] /bc green DICA NUMERO 1: ESTOU VENDO TELHADOS
[15/11/2016 15:0:58] /bc green DICA NUMERO 1: ESTOU VENDO TELHADOS
[15/11/2016 15:0:58] /bc green DICA NUMERO 1: ESTOU VENDO TELHADOS
[15/11/2016 15:0:59] /bc green DICA NUMERO 1: ESTOU VENDO TELHADOS
[15/11/2016 15:0:59] /bc green DICA NUMERO 1: ESTOU VENDO TELHADOS
[15/11/2016 15:1:0] /bc green DICA NUMERO 1: ESTOU VENDO TELHADOS
[15/11/2016 15:1:0] /bc green DICA NUMERO 1: ESTOU VENDO TELHADOS
[15/11/2016 15:1:0] /bc green DICA NUMERO 1: ESTOU VENDO TELHADOS
[15/11/2016 15:1:29] /i backpack
[15/11/2016 15:1:45] /bc green DICA NUMERO 1: ESTOU VENDO TELHADOS
[15/11/2016 15:2:45] /bc green DICA NUMERO 2: ESTOU RODIADO DE ARVORES
[15/11/2016 15:2:46] /bc green DICA NUMERO 2: ESTOU RODIADO DE ARVORES
[15/11/2016 15:2:46] /bc green DICA NUMERO 2: ESTOU RODIADO DE ARVORES
[15/11/2016 15:2:46] /bc green DICA NUMERO 2: ESTOU RODIADO DE ARVORES
[15/11/2016 15:2:47] /bc green DICA NUMERO 2: ESTOU RODIADO DE ARVORES
[15/11/2016 15:2:47] /bc green DICA NUMERO 2: ESTOU RODIADO DE ARVORES
[15/11/2016 15:2:47] /bc green DICA NUMERO 2: ESTOU RODIADO DE ARVORES
[15/11/2016 15:2:48] /bc green DICA NUMERO 2: ESTOU RODIADO DE ARVORES
[15/11/2016 15:2:48] /bc green DICA NUMERO 2: ESTOU RODIADO DE ARVORES
[15/11/2016 15:2:48] /bc green DICA NUMERO 2: ESTOU RODIADO DE ARVORES
[15/11/2016 15:2:49] /bc green DICA NUMERO 2: ESTOU RODIADO DE ARVORES
[15/11/2016 15:2:49] /bc green DICA NUMERO 2: ESTOU RODIADO DE ARVORES
[15/11/2016 15:2:50] /bc green DICA NUMERO 2: ESTOU RODIADO DE ARVORES
[15/11/2016 15:3:26] /b Tem 2 caras muito perto. Um cabou de passar por cima.
[15/11/2016 15:4:23] /b Pushxz GANHOU!
[15/11/2016 15:4:27] /b Pushxz GANHOU!
[15/11/2016 15:4:46] /i 7443
[15/11/2016 15:4:47] /i 7440
[15/11/2016 15:5:5] /bc green VOU FAZER MAIS UM!
[15/11/2016 15:5:32] /i backpack
[15/11/2016 15:7:45] /r
[15/11/2016 15:7:51] /i 2701
[15/11/2016 15:8:17] /bc green EVENTO! Vou esconder um backpack pela city. Contendo   EXP BONUS + CRITICAL DODGE    . Vou dar dicas do lugar aonde ela vai estar e saiba que não vai estar totalmente visivel, ou seje, procure, revire ... :D
[15/11/2016 15:8:22] /bc green EVENTO! Vou esconder um backpack pela city. Contendo   EXP BONUS + CRITICAL DODGE    . Vou dar dicas do lugar aonde ela vai estar e saiba que não vai estar totalmente visivel, ou seje, procure, revire ... :D
[15/11/2016 15:8:22] /bc green EVENTO! Vou esconder um backpack pela city. Contendo   EXP BONUS + CRITICAL DODGE    . Vou dar dicas do lugar aonde ela vai estar e saiba que não vai estar totalmente visivel, ou seje, procure, revire ... :D
[15/11/2016 15:8:23] /bc green EVENTO! Vou esconder um backpack pela city. Contendo   EXP BONUS + CRITICAL DODGE    . Vou dar dicas do lugar aonde ela vai estar e saiba que não vai estar totalmente visivel, ou seje, procure, revire ... :D
[15/11/2016 15:8:23] /bc green EVENTO! Vou esconder um backpack pela city. Contendo   EXP BONUS + CRITICAL DODGE    . Vou dar dicas do lugar aonde ela vai estar e saiba que não vai estar totalmente visivel, ou seje, procure, revire ... :D
[15/11/2016 15:8:24] /bc green EVENTO! Vou esconder um backpack pela city. Contendo   EXP BONUS + CRITICAL DODGE    . Vou dar dicas do lugar aonde ela vai estar e saiba que não vai estar totalmente visivel, ou seje, procure, revire ... :D
[15/11/2016 15:8:24] /bc green EVENTO! Vou esconder um backpack pela city. Contendo   EXP BONUS + CRITICAL DODGE    . Vou dar dicas do lugar aonde ela vai estar e saiba que não vai estar totalmente visivel, ou seje, procure, revire ... :D
[15/11/2016 15:8:24] /bc green EVENTO! Vou esconder um backpack pela city. Contendo   EXP BONUS + CRITICAL DODGE    . Vou dar dicas do lugar aonde ela vai estar e saiba que não vai estar totalmente visivel, ou seje, procure, revire ... :D
[15/11/2016 15:8:25] /bc green EVENTO! Vou esconder um backpack pela city. Contendo   EXP BONUS + CRITICAL DODGE    . Vou dar dicas do lugar aonde ela vai estar e saiba que não vai estar totalmente visivel, ou seje, procure, revire ... :D
[15/11/2016 15:8:25] /bc green EVENTO! Vou esconder um backpack pela city. Contendo   EXP BONUS + CRITICAL DODGE    . Vou dar dicas do lugar aonde ela vai estar e saiba que não vai estar totalmente visivel, ou seje, procure, revire ... :D
[15/11/2016 15:9:22] /bc green DICA NUMERO 1 ... ESTOU VENDO UMA ARVORE SOZINHA NO MEIO DA AGUA !
[15/11/2016 15:9:23] /bc green DICA NUMERO 1 ... ESTOU VENDO UMA ARVORE SOZINHA NO MEIO DA AGUA !
[15/11/2016 15:9:23] /bc green DICA NUMERO 1 ... ESTOU VENDO UMA ARVORE SOZINHA NO MEIO DA AGUA !
[15/11/2016 15:9:23] /bc green DICA NUMERO 1 ... ESTOU VENDO UMA ARVORE SOZINHA NO MEIO DA AGUA !
[15/11/2016 15:9:24] /bc green DICA NUMERO 1 ... ESTOU VENDO UMA ARVORE SOZINHA NO MEIO DA AGUA !
[15/11/2016 15:9:24] /bc green DICA NUMERO 1 ... ESTOU VENDO UMA ARVORE SOZINHA NO MEIO DA AGUA !
[15/11/2016 15:9:24] /bc green DICA NUMERO 1 ... ESTOU VENDO UMA ARVORE SOZINHA NO MEIO DA AGUA !
[15/11/2016 15:9:25] /bc green DICA NUMERO 1 ... ESTOU VENDO UMA ARVORE SOZINHA NO MEIO DA AGUA !
[15/11/2016 15:9:25] /bc green DICA NUMERO 1 ... ESTOU VENDO UMA ARVORE SOZINHA NO MEIO DA AGUA !
[15/11/2016 15:9:25] /bc green DICA NUMERO 1 ... ESTOU VENDO UMA ARVORE SOZINHA NO MEIO DA AGUA !
[15/11/2016 15:9:25] /bc green DICA NUMERO 1 ... ESTOU VENDO UMA ARVORE SOZINHA NO MEIO DA AGUA !
[15/11/2016 15:9:26] /bc green DICA NUMERO 1 ... ESTOU VENDO UMA ARVORE SOZINHA NO MEIO DA AGUA !
[15/11/2016 15:9:26] /bc green DICA NUMERO 1 ... ESTOU VENDO UMA ARVORE SOZINHA NO MEIO DA AGUA !
[15/11/2016 15:10:3] /bc green DICA NUMERO 1 ... ESTOU VENDO UMA ARVORE SOZINHA NO MEIO DA AGUA !
[15/11/2016 15:10:4] /bc green DICA NUMERO 1 ... ESTOU VENDO UMA ARVORE SOZINHA NO MEIO DA AGUA !
[15/11/2016 15:10:5] /bc green DICA NUMERO 1 ... ESTOU VENDO UMA ARVORE SOZINHA NO MEIO DA AGUA !
[15/11/2016 15:10:5] /bc green DICA NUMERO 1 ... ESTOU VENDO UMA ARVORE SOZINHA NO MEIO DA AGUA !
[15/11/2016 15:10:6] /bc green DICA NUMERO 1 ... ESTOU VENDO UMA ARVORE SOZINHA NO MEIO DA AGUA !
[15/11/2016 15:10:7] /bc green DICA NUMERO 1 ... ESTOU VENDO UMA ARVORE SOZINHA NO MEIO DA AGUA !
[15/11/2016 15:11:22] /bc green DICA NUMERO 2: ESTOU VENDO CACHOEIRA
[15/11/2016 15:11:22] /bc green DICA NUMERO 2: ESTOU VENDO CACHOEIRA
[15/11/2016 15:11:23] /bc green DICA NUMERO 2: ESTOU VENDO CACHOEIRA
[15/11/2016 15:11:23] /bc green DICA NUMERO 2: ESTOU VENDO CACHOEIRA
[15/11/2016 15:11:24] /bc green DICA NUMERO 2: ESTOU VENDO CACHOEIRA
[15/11/2016 15:11:24] /bc green DICA NUMERO 2: ESTOU VENDO CACHOEIRA
[15/11/2016 15:11:34] /bc green DICA NUMERO 2: ESTOU VENDO CACHOEIRA
[15/11/2016 15:11:34] /bc green DICA NUMERO 2: ESTOU VENDO CACHOEIRA
[15/11/2016 15:11:53] /c Mamamia
[15/11/2016 15:12:7] /bc green Mamamia GANHOU!
[15/11/2016 15:12:7] /bc green Mamamia GANHOU!
[15/11/2016 15:12:7] /bc green Mamamia GANHOU!
[15/11/2016 15:12:7] /bc green Mamamia GANHOU!
[15/11/2016 15:12:8] /bc green Mamamia GANHOU!
[15/11/2016 15:12:8] /bc green Mamamia GANHOU!
[15/11/2016 15:12:8] /bc green Mamamia GANHOU!
[15/11/2016 15:12:11] /bc green Mamamia GANHOU!
[15/11/2016 15:13:16] /ghost
[15/11/2016 15:14:31] /bc green A NOITE TEM MAIS PESSOAL :c
[15/11/2016 15:14:33] /t
[15/11/2016 15:14:44] /i 9971
[15/11/2016 15:15:13] /goto Druid Pandemonium
[15/11/2016 15:16:14] /i 7424
[15/11/2016 15:16:52] /m Demon Vip
[15/11/2016 15:17:5] /b Demon Vip
[15/11/2016 15:17:17] /b Sem querer galera.
[15/11/2016 15:17:34] /a
[15/11/2016 15:17:34] /a
[15/11/2016 15:17:37] /t
[15/11/2016 15:20:32] /up 3
[15/11/2016 15:20:35] /c Assassin
[15/11/2016 15:21:39] /t Assassin
[15/11/2016 15:21:53] /a
[15/11/2016 15:21:57] /a
[15/11/2016 15:22:2] /a
[15/11/2016 15:22:12] /a
[15/11/2016 15:22:15] /a
[15/11/2016 15:22:17] /a
[15/11/2016 15:22:20] /a 5
[15/11/2016 15:22:56] /a
[15/11/2016 15:31:24] /t
[15/11/2016 15:31:35] /up
[15/11/2016 15:32:31] /t
[15/11/2016 15:33:7] /a 2
[15/11/2016 15:36:54] /t
[15/11/2016 15:37:1] /goto Druid Pandemonium
[15/11/2016 15:37:11] /t
[15/11/2016 15:48:20] /goto On Push Two
[15/11/2016 15:48:28] /goto On Push Two
[15/11/2016 21:18:17] /b Alguem está online ? Se sim vai no help
[15/11/2016 21:22:53] /b Por favor, poderiam sugerir coisas ou dizer criticas construtivas para mim no HELP!?
[15/11/2016 21:22:56] /b Por favor, poderiam sugerir coisas ou dizer criticas construtivas para mim no HELP!?
[15/11/2016 21:22:57] /b Por favor, poderiam sugerir coisas ou dizer criticas construtivas para mim no HELP!?
[15/11/2016 21:22:58] /b Por favor, poderiam sugerir coisas ou dizer criticas construtivas para mim no HELP!?
[15/11/2016 21:22:58] /b Por favor, poderiam sugerir coisas ou dizer criticas construtivas para mim no HELP!?
[17/11/2016 8:12:31] /ghost
[18/11/2016 21:13:1] /ghost
[18/11/2016 21:13:14] /b Boa noite galera.
[18/11/2016 21:13:41] /b Alguém online?
[18/11/2016 21:13:54] /b To HELP!
[18/11/2016 21:17:15] /i wand of baiak
[18/11/2016 21:17:32] /m drago
[18/11/2016 21:17:35] /m dragon
[18/11/2016 21:23:32] /up
[18/11/2016 21:23:39] /down
[18/11/2016 21:27:25] /i new mage staff
[18/11/2016 21:28:43] /c Will Timewise
[18/11/2016 21:29:10] /up 3
[18/11/2016 21:29:16] /c Will Timewise
[18/11/2016 21:30:44] /t
[18/11/2016 21:30:59] /c Will Timewise
[18/11/2016 21:32:7] /clean
[18/11/2016 22:20:30] /ghost
[19/11/2016 20:52:50] /t
[19/11/2016 20:54:21] /ghost
[19/11/2016 20:54:51] /ghost
[19/11/2016 20:57:37] /ghost
[19/11/2016 20:58:32] /i New Donate Staff
[19/11/2016 20:58:48] /c Ezequiel Tavares
[19/11/2016 20:59:14] /ghost
[19/11/2016 20:59:22] /t
[19/11/2016 20:59:30] /ghost
[19/11/2016 21:0:19] /ghost
[19/11/2016 21:38:1] /c Francis papainn
[19/11/2016 21:38:7] /up 3
[19/11/2016 21:38:9] /c Francis papainn
[19/11/2016 21:38:13] /ghost
[19/11/2016 21:39:30] /t
[19/11/2016 21:39:35] /ghost
[24/11/2016 8:52:55] /goto Intel
[24/11/2016 8:53:24] /t
[24/11/2016 17:46:25] /up 3
[24/11/2016 17:46:35] /c Cortador de cana
[24/11/2016 17:47:53] /t
[24/11/2016 17:48:3] /up 3
[24/11/2016 17:48:10] /i 7420
[24/11/2016 17:48:22] /t Cortador de cana
[24/11/2016 17:48:23] /t
[6/12/2016 10:33:10] /ghost
[6/12/2016 10:38:53] /up 4
[6/12/2016 10:39:3] /t Francis papainn
[6/12/2016 10:39:13] /c Jabuticabinha
[6/12/2016 10:40:38] /i new kina ring
[6/12/2016 10:40:59] /i new kina boots
[6/12/2016 10:41:10] /i new kina legs
[6/12/2016 10:42:9] /i new kina armor
[6/12/2016 10:42:18] /i new kina helment
[6/12/2016 10:42:48] /i new kina shield
[6/12/2016 10:43:18] /i new kina sword
[6/12/2016 10:46:13] /t Jabuticabinha
[6/12/2016 10:46:54] /t
[11/12/2016 18:41:19] /ghost
[11/12/2016 18:41:29] /ghost
[11/12/2016 18:44:58] /ghost
[11/12/2016 18:45:40] /i 8981
[11/12/2016 18:46:0] /up 3
[11/12/2016 18:46:4] /c Jabuticabinha
[11/12/2016 18:46:38] /i new kina helment
[11/12/2016 18:46:48] /i new kina healmet
[11/12/2016 18:48:28] /i new kina helmet
[11/12/2016 18:48:43] /t
[11/12/2016 18:48:55] /i 7443
[11/12/2016 18:49:0] /up 3
[11/12/2016 18:56:6] /t Jabuticabinha
[11/12/2016 19:4:53] /t
[12/12/2016 10:56:9] /up 3
[12/12/2016 10:56:34] /c Jabuticabinha
[12/12/2016 10:58:1] /i addon doll
[12/12/2016 10:58:30] /t jabuticabinha
[12/12/2016 10:58:32] /t
[12/12/2016 11:2:37] /i 8981
[12/12/2016 11:2:39] /i 8981
[12/12/2016 11:2:42] /r
[12/12/2016 11:4:7] /i 7443
[12/12/2016 11:4:19] /i backpack
[12/12/2016 11:4:32] /i 2346
[12/12/2016 11:4:40] /i 8981
[12/12/2016 11:4:47] /i 7443
[12/12/2016 11:4:49] /i 7443
[12/12/2016 11:5:6] /up 3
[12/12/2016 11:5:10] /c Jabuticabinha
[12/12/2016 11:5:24] /t Jabuticabinha
[12/12/2016 11:5:25] /t
[13/12/2016 15:14:56] /t
[13/12/2016 15:14:59] /up 3
[13/12/2016 15:15:4] /c Jabuticabinha
[13/12/2016 15:16:32] /t
[13/12/2016 15:16:46] /t Jabuticabinha
[13/12/2016 15:19:22] /goto Intel
[13/12/2016 15:19:40] /t
[13/12/2016 15:33:17] /goto Koaksoakoksoaksaksokaoksa
[13/12/2016 15:33:33] /goto Koaksoakoskaiksaksoskaoksa
[13/12/2016 15:33:50] /ghost
[13/12/2016 15:34:23] /ghost
[13/12/2016 15:34:46] /goto Ed rullez
[13/12/2016 15:35:5] /t
[15/12/2016 15:10:38] /up 3
[15/12/2016 15:10:53] /c Jabuticabinha
[15/12/2016 15:12:22] /attr attack 220
[15/12/2016 15:12:52] /attr attack 200
[15/12/2016 15:13:10] /attr attck 200
[15/12/2016 15:14:6] /attr attack 300
[15/12/2016 15:14:28] /attr attack 300
[15/12/2016 15:15:17] /attr health 10000
[15/12/2016 15:16:53] /addskill Jabuticabinha, Distance 1
[15/12/2016 19:44:19] /i New Kina sword
[15/12/2016 19:44:31] /attr attack 120
[15/12/2016 19:44:40] /attr attack, 10
[15/12/2016 19:45:0] /attr health 100
[15/12/2016 19:45:14] /t Jabuticabinha
[15/12/2016 19:46:26] /t
[23/12/2016 15:23:1] /ghost
[23/12/2016 15:23:2] /t
[26/12/2016 17:5:47] /up 3
[26/12/2016 17:5:50] /i backpack
[26/12/2016 17:5:54] /i newkina boots
[26/12/2016 17:6:3] /i new kina boots
[26/12/2016 17:6:7] /i new kina ring
[26/12/2016 17:6:10] /i new kina armor
[26/12/2016 17:6:14] /i new kina legs
[26/12/2016 17:6:20] /i new kina helment
[26/12/2016 17:6:31] /i new kina helmet
[26/12/2016 17:6:40] /c Moranguinho
[26/12/2016 17:7:16] /i new kina shield
[26/12/2016 17:7:19] /i new kina axe
[26/12/2016 17:7:42] /i 2160
[26/12/2016 17:7:51] /i 9771
[26/12/2016 17:7:57] /r
[26/12/2016 17:7:59] /r
[26/12/2016 17:8:2] /r
[26/12/2016 17:8:3] /r
[26/12/2016 17:8:5] /r
[26/12/2016 17:8:11] /i 9971
[26/12/2016 17:8:25] /i Moranguinho
[26/12/2016 17:8:32] /t moranguinho
[26/12/2016 17:8:33] /t
[26/12/2016 17:9:51] /up
[26/12/2016 17:10:38] /a
[26/12/2016 17:10:39] /a
[26/12/2016 17:10:56] /up
[26/12/2016 17:11:5] /down
[26/12/2016 17:17:11] /t
[26/12/2016 17:17:19] /c Reineto
[26/12/2016 17:17:44] /i 7424
[26/12/2016 18:27:40] /t
[26/12/2016 19:13:51] /up 3
[26/12/2016 19:14:0] /i New mage boots
[26/12/2016 19:14:4] /i New mage cap
[26/12/2016 19:14:7] /i new mage ring
[26/12/2016 19:14:9] /i new mage armor
[26/12/2016 19:14:15] /i new mage helment
[26/12/2016 19:14:22] /i new mage hat
[26/12/2016 19:14:30] /i new mage helmet
[26/12/2016 19:14:36] /i new mage spellbook
[26/12/2016 19:14:39] /i new mage wand
[26/12/2016 19:14:48] /i new mage legs
[26/12/2016 19:14:59] /i New mage staff
[26/12/2016 19:32:8] /c Sabaticabu
[26/12/2016 19:32:47] /t Sabaticabu
[26/12/2016 19:33:55] /i cave exclusiva
[26/12/2016 19:34:2] /c Sabaticabu
[26/12/2016 19:34:25] /i double xp
[26/12/2016 19:34:35] /i 9971
[26/12/2016 19:34:51] /t Sabaticabu
[26/12/2016 19:36:24] /t
[26/12/2016 19:36:30] /clean
[26/12/2016 19:37:26] /goto Loco de pedra
[26/12/2016 19:37:56] /t
[26/12/2016 19:38:23] /c Recok
[26/12/2016 19:38:35] /i 8854
[26/12/2016 19:39:3] /ghost
[26/12/2016 19:39:13] /ghost
[26/12/2016 20:48:18] /ghost
[26/12/2016 20:49:6] /ghost
[27/12/2016 11:15:23] /t
[27/12/2016 11:15:30] /c Katrina
[27/12/2016 11:15:39] /i 7424
[27/12/2016 11:16:47] /ghost
[27/12/2016 11:17:5] /i 7424
[27/12/2016 11:17:7] /i 7424
[27/12/2016 11:18:54] /c catatau
[27/12/2016 11:20:23] /i cave exclusiva
[27/12/2016 11:21:3] /i 7443
[27/12/2016 11:24:3] /i 7424
[27/12/2016 11:24:13] /c Pirocossauro
[27/12/2016 11:24:18] /c Pirocossauro
[27/12/2016 11:24:43] /i 9971
[27/12/2016 11:24:46] /i 9971
[27/12/2016 11:25:14] /ghost
[27/12/2016 11:25:16] /goto Manteiga
[27/12/2016 11:25:20] /ghost
[27/12/2016 11:25:26] /ghost
[27/12/2016 11:25:52] /goto Manteiga
[27/12/2016 11:26:4] /ghost
[27/12/2016 11:26:38] /c Manteiga
[27/12/2016 11:28:4] /t
[27/12/2016 11:30:18] /ghost
[27/12/2016 11:30:56] /a 2
[27/12/2016 11:31:13] /goto Ursinho Pimpao
[27/12/2016 11:31:51] /goto Ursinho Pimpao
[27/12/2016 11:31:58] /a 4
[27/12/2016 11:32:2] /ghost
[27/12/2016 11:32:54] /a 3
[27/12/2016 11:33:15] /a 3
[27/12/2016 11:33:36] /mc
[27/12/2016 11:34:5] /goto Pirocossauro
[27/12/2016 11:34:8] /a
[27/12/2016 11:35:4] /t
[27/12/2016 11:36:24] /a 2
[27/12/2016 11:37:15] /ghost
[27/12/2016 11:38:29] /goto Cacicao
[27/12/2016 11:39:10] /ghost
[27/12/2016 11:40:37] /ghost
[27/12/2016 11:40:38] /t
[27/12/2016 11:41:7] /goto Dimax
[27/12/2016 11:41:16] /goto Dimax
[27/12/2016 11:41:20] /goto Dimax
[27/12/2016 11:41:57] /goto Dimax
[27/12/2016 11:42:6] /goto Cacicao
[27/12/2016 11:42:13] /ghost
[27/12/2016 11:45:10] /t
[27/12/2016 11:45:29] /goto Dimax
[27/12/2016 11:45:44] /t
[27/12/2016 11:46:0] /goto papa Dinno
[27/12/2016 11:47:45] /goto  Reineto
[27/12/2016 11:49:33] /t
[27/12/2016 11:49:38] /ghost
[27/12/2016 11:50:29] /goto Papa Dinno
[27/12/2016 11:50:56] /t
[27/12/2016 11:55:37] /goto Cacicao
[27/12/2016 11:56:50] /goto Recock
[27/12/2016 11:56:58] /goto Popoto
[27/12/2016 11:57:25] /i 2345
[27/12/2016 11:57:37] /r
[27/12/2016 11:57:38] /t
[27/12/2016 11:59:41] /goto Cacicao
[27/12/2016 12:0:10] /t
[27/12/2016 12:8:57] /c Cayenne
[27/12/2016 12:13:15] /t
[27/12/2016 12:16:20] /ghost
[27/12/2016 12:16:46] /ghost
[27/12/2016 12:16:47] /t
[27/12/2016 12:16:52] /goto Ceifador
[27/12/2016 12:20:44] /t
[27/12/2016 12:25:40] /owner Sabaticabu
[27/12/2016 12:25:55] /i event coin
[27/12/2016 12:25:58] /t
[27/12/2016 12:26:54] /i 2345
[27/12/2016 12:27:15] /i 2145
[27/12/2016 12:27:15] /i 2145
[27/12/2016 12:27:30] /i 2345
[27/12/2016 12:27:30] /i 2345
[27/12/2016 12:27:31] /i 2345
[27/12/2016 12:27:31] /i 2345
[27/12/2016 12:27:32] /i 2345
[27/12/2016 12:27:32] /i 2345
[27/12/2016 12:27:32] /i 2345
[27/12/2016 12:27:33] /i 2345
[27/12/2016 12:27:33] /i 2345
[27/12/2016 12:27:41] /i 2345
[27/12/2016 12:27:51] /i 2345
[27/12/2016 12:27:51] /i 2345
[27/12/2016 12:27:52] /i 2345
[27/12/2016 12:27:52] /i 2345
[27/12/2016 12:27:52] /i 2345
[27/12/2016 12:27:52] /i 2345
[27/12/2016 12:27:52] /i 2345
[27/12/2016 12:27:53] /i 2345
[27/12/2016 12:27:56] /i 2345
[27/12/2016 12:27:57] /i 2345
[27/12/2016 12:27:57] /i 2345
[27/12/2016 12:27:58] /i 2345
[27/12/2016 12:27:59] /i 2345
[27/12/2016 12:28:0] /i 2345
[27/12/2016 12:28:1] /i 2345
[27/12/2016 12:28:1] /i 2345
[27/12/2016 12:28:2] /i 2345
[27/12/2016 12:28:2] /i 2345
[27/12/2016 12:28:2] /i 2345
[27/12/2016 12:28:3] /i 2345
[27/12/2016 12:28:3] /i 2345
[27/12/2016 12:28:4] /i 2345
[27/12/2016 12:28:4] /i 2345
[27/12/2016 12:28:4] /i 2345
[27/12/2016 12:28:5] /i 2345
[27/12/2016 12:28:5] /i 2345
[27/12/2016 12:28:6] /i 2345
[27/12/2016 12:28:6] /i 2345
[27/12/2016 12:28:6] /i 2345
[27/12/2016 12:28:7] /i 2345
[27/12/2016 12:28:7] /i 2345
[27/12/2016 12:28:8] /i 2345
[27/12/2016 12:28:8] /i 2345
[27/12/2016 12:28:9] /i 2345
[27/12/2016 12:28:9] /i 2345
[27/12/2016 12:28:10] /i 2345
[27/12/2016 12:28:10] /i 2345
[27/12/2016 12:28:11] /i 2345
[27/12/2016 12:28:11] /i 2345
[27/12/2016 12:28:12] /i 2345
[27/12/2016 12:28:12] /i 2345
[27/12/2016 12:28:12] /i 2345
[27/12/2016 12:28:13] /i 2345
[27/12/2016 12:28:13] /i 2345
[27/12/2016 12:28:14] /i 2345
[27/12/2016 12:28:15] /i 2345
[27/12/2016 12:28:18] /c Sabaticabu
[27/12/2016 12:29:8] /t
[27/12/2016 12:30:22] /c Sabaticabu
[27/12/2016 12:30:22] /t
[27/12/2016 12:32:33] /up 4
[27/12/2016 12:32:36] /c No way
[27/12/2016 12:32:40] /c No Way
[27/12/2016 12:32:52] /r
[27/12/2016 12:32:54] /r 99
[27/12/2016 12:33:2] /r 100
[27/12/2016 12:35:50] /t No Way
[27/12/2016 12:36:38] /t
[27/12/2016 12:38:22] /ghost
[27/12/2016 12:38:55] /ghost
[27/12/2016 12:46:38] /t
[27/12/2016 12:47:15] /b Boa tarde galera ..
[27/12/2016 12:47:36] /b Vou esconder uma bp com 1 dodge e 1 critical .. Pelo mapa ! 
[27/12/2016 12:48:7] /b Ela não vai estar totalmente visivel, você tera que mexer pra encontra-lá.
[27/12/2016 12:48:15] /i backpack
[27/12/2016 12:48:17] /i dodge
[27/12/2016 12:48:20] /t
[27/12/2016 12:48:47] /i 12396
[27/12/2016 12:48:56] /i 12575
[27/12/2016 12:48:56] /t
[27/12/2016 12:49:8] /b Quando esconder vou começar dando dicas daonde está.
[27/12/2016 12:49:40] /b DICA NUMERO 1 : ESTOU VENDO UM MAR ! (LEMBRANDO QUE É APENAS NA CITY)
[27/12/2016 12:49:40] /b DICA NUMERO 1 : ESTOU VENDO UM MAR ! (LEMBRANDO QUE É APENAS NA CITY)
[27/12/2016 12:49:40] /b DICA NUMERO 1 : ESTOU VENDO UM MAR ! (LEMBRANDO QUE É APENAS NA CITY)
[27/12/2016 12:49:41] /b DICA NUMERO 1 : ESTOU VENDO UM MAR ! (LEMBRANDO QUE É APENAS NA CITY)
[27/12/2016 12:49:41] /b DICA NUMERO 1 : ESTOU VENDO UM MAR ! (LEMBRANDO QUE É APENAS NA CITY)
[27/12/2016 12:49:42] /b DICA NUMERO 1 : ESTOU VENDO UM MAR ! (LEMBRANDO QUE É APENAS NA CITY)
[27/12/2016 12:49:42] /b DICA NUMERO 1 : ESTOU VENDO UM MAR ! (LEMBRANDO QUE É APENAS NA CITY)
[27/12/2016 12:49:42] /b DICA NUMERO 1 : ESTOU VENDO UM MAR ! (LEMBRANDO QUE É APENAS NA CITY)
[27/12/2016 12:49:43] /b DICA NUMERO 1 : ESTOU VENDO UM MAR ! (LEMBRANDO QUE É APENAS NA CITY)
[27/12/2016 12:49:43] /b DICA NUMERO 1 : ESTOU VENDO UM MAR ! (LEMBRANDO QUE É APENAS NA CITY)
[27/12/2016 12:49:43] /b DICA NUMERO 1 : ESTOU VENDO UM MAR ! (LEMBRANDO QUE É APENAS NA CITY)
[27/12/2016 12:49:59] /b DICA NUMERO 1 : ESTOU VENDO UM MAR ! (LEMBRANDO QUE É APENAS NA CITY)
[27/12/2016 12:49:59] /b DICA NUMERO 1 : ESTOU VENDO UM MAR ! (LEMBRANDO QUE É APENAS NA CITY)
[27/12/2016 12:50:18] /i backpack
[27/12/2016 12:50:28] /b DICA NUMERO 1 : ESTOU VENDO UM MAR ! (LEMBRANDO QUE É APENAS NA CITY)
[27/12/2016 12:50:36] /t Me deu onda
[27/12/2016 12:50:39] /b DICA NUMERO 1 : ESTOU VENDO UM MAR ! (LEMBRANDO QUE É APENAS NA CITY)
[27/12/2016 12:50:51] /b Cabou de passar uma pessoa perto rs...
[27/12/2016 12:51:17] /b DICA NUMERO 2: AONDE ESTOU ESTÀ GELADO !!!!
[27/12/2016 12:51:18] /b DICA NUMERO 2: AONDE ESTOU ESTÀ GELADO !!!!
[27/12/2016 12:51:18] /b DICA NUMERO 2: AONDE ESTOU ESTÀ GELADO !!!!
[27/12/2016 12:51:19] /b DICA NUMERO 2: AONDE ESTOU ESTÀ GELADO !!!!
[27/12/2016 12:51:19] /b DICA NUMERO 2: AONDE ESTOU ESTÀ GELADO !!!!
[27/12/2016 12:51:20] /b DICA NUMERO 2: AONDE ESTOU ESTÀ GELADO !!!!
[27/12/2016 12:51:21] /b DICA NUMERO 2: AONDE ESTOU ESTÀ GELADO !!!!
[27/12/2016 12:51:21] /b DICA NUMERO 2: AONDE ESTOU ESTÀ GELADO !!!!
[27/12/2016 12:51:22] /b DICA NUMERO 2: AONDE ESTOU ESTÀ GELADO !!!!
[27/12/2016 12:51:22] /b DICA NUMERO 2: AONDE ESTOU ESTÀ GELADO !!!!
[27/12/2016 12:51:23] /b DICA NUMERO 2: AONDE ESTOU ESTÀ GELADO !!!!
[27/12/2016 12:51:23] /b DICA NUMERO 2: AONDE ESTOU ESTÀ GELADO !!!!
[27/12/2016 12:51:24] /b DICA NUMERO 2: AONDE ESTOU ESTÀ GELADO !!!!
[27/12/2016 12:51:24] /b DICA NUMERO 2: AONDE ESTOU ESTÀ GELADO !!!!
[27/12/2016 12:51:25] /b DICA NUMERO 2: AONDE ESTOU ESTÀ GELADO !!!!
[27/12/2016 12:51:25] /b DICA NUMERO 2: AONDE ESTOU ESTÀ GELADO !!!!
[27/12/2016 12:51:26] /b DICA NUMERO 2: AONDE ESTOU ESTÀ GELADO !!!!
[27/12/2016 12:51:26] /b DICA NUMERO 2: AONDE ESTOU ESTÀ GELADO !!!!
[27/12/2016 12:51:49] /t Semeion
[27/12/2016 12:51:57] /b Uma pessoa acabou de passar encima da BP queuwqeuwquewuqeuwq
[27/12/2016 12:52:52] /b DICA NUMERO 3: ESTOU VENDO BASTANTE ARVORES! (Relembrando, a BP não está totalmente visivel ) 
[27/12/2016 12:52:52] /b DICA NUMERO 3: ESTOU VENDO BASTANTE ARVORES! (Relembrando, a BP não está totalmente visivel ) 
[27/12/2016 12:52:53] /b DICA NUMERO 3: ESTOU VENDO BASTANTE ARVORES! (Relembrando, a BP não está totalmente visivel ) 
[27/12/2016 12:52:53] /b DICA NUMERO 3: ESTOU VENDO BASTANTE ARVORES! (Relembrando, a BP não está totalmente visivel ) 
[27/12/2016 12:52:53] /b DICA NUMERO 3: ESTOU VENDO BASTANTE ARVORES! (Relembrando, a BP não está totalmente visivel ) 
[27/12/2016 12:52:53] /b DICA NUMERO 3: ESTOU VENDO BASTANTE ARVORES! (Relembrando, a BP não está totalmente visivel ) 
[27/12/2016 12:52:54] /b DICA NUMERO 3: ESTOU VENDO BASTANTE ARVORES! (Relembrando, a BP não está totalmente visivel ) 
[27/12/2016 12:52:54] /b DICA NUMERO 3: ESTOU VENDO BASTANTE ARVORES! (Relembrando, a BP não está totalmente visivel ) 
[27/12/2016 12:52:54] /b DICA NUMERO 3: ESTOU VENDO BASTANTE ARVORES! (Relembrando, a BP não está totalmente visivel ) 
[27/12/2016 12:52:55] /b DICA NUMERO 3: ESTOU VENDO BASTANTE ARVORES! (Relembrando, a BP não está totalmente visivel ) /b DICA NUMERO 3: ESTOU VENDO BASTANTE ARVORES! (Relembrando, a BP não está totalmente visivel ) 
[27/12/2016 12:54:11] /c Mormaya
[27/12/2016 12:54:55] /b Mormaya GANHOU!
[27/12/2016 12:54:55] /b Mormaya GANHOU!
[27/12/2016 12:54:55] /b Mormaya GANHOU!
[27/12/2016 12:54:56] /b Mormaya GANHOU!
[27/12/2016 12:54:56] /b Mormaya GANHOU!
[27/12/2016 12:54:57] /b Mormaya GANHOU!
[27/12/2016 12:55:12] /t
[27/12/2016 12:55:31] /b Vou esconder mais 1 ..
[27/12/2016 12:55:40] /b Depois do evento battlefild . 
[27/12/2016 12:55:46] /goto Porsh
[27/12/2016 12:56:46] /b Pessoal, estou no chat " Ajuda " 
[27/12/2016 12:56:48] /goto Jardola
[27/12/2016 12:57:34] /goto Jardola
[27/12/2016 12:58:10] /bc green A PAGINA DO OT SE CHAMA:  Br-Baiak 
[27/12/2016 12:58:22] /goto Jardola
[27/12/2016 12:58:39] /a
[27/12/2016 12:58:39] /a
[27/12/2016 12:58:52] /r
[27/12/2016 12:59:1] /goto Jardola
[27/12/2016 12:59:48] /t
[27/12/2016 13:0:42] /bc green SEMPRE É BOM PARTICIPAR DOS EVENTOS, POIS DÃO " EVENT COIN " QUE DÁ PRA COMPRAR VÁRIAS COISAS ..
[27/12/2016 13:0:58] /bc green 16:00 Elisinha Joga Facil [301]: quem quer guild points manda pm 4/7
[27/12/2016 13:2:24] /goto Lord Canabianos
[27/12/2016 13:3:13] /t
[27/12/2016 13:4:39] /c Pally Bloock
[27/12/2016 13:4:52] /c Pally Bloock
[27/12/2016 13:58:32] /kick Porsh
[27/12/2016 13:58:38] /kick Dimax
[27/12/2016 14:12:7] /t
[27/12/2016 14:14:36] /owner Moranguinho
[27/12/2016 14:14:44] /c Moranguinho
[27/12/2016 14:15:0] /t
[27/12/2016 15:17:8] /bc green PESSOAL QUEM DONATOU DE A PARTIR DE 1 DE OUTUBRO, MANDA SEU COMPROVANTE COM DATA PARA A PAGINA DO OT NO FACEBOOK (BR-BAIAK) ! 
[27/12/2016 15:17:15] /bc green PESSOAL QUEM DONATOU DE A PARTIR DE 1 DE OUTUBRO, MANDA SEU COMPROVANTE COM DATA PARA A PAGINA DO OT NO FACEBOOK (BR-BAIAK) ! 
[27/12/2016 15:17:15] /bc green PESSOAL QUEM DONATOU DE A PARTIR DE 1 DE OUTUBRO, MANDA SEU COMPROVANTE COM DATA PARA A PAGINA DO OT NO FACEBOOK (BR-BAIAK) ! 
[27/12/2016 15:17:17] /bc green PESSOAL QUEM DONATOU DE A PARTIR DE 1 DE OUTUBRO, MANDA SEU COMPROVANTE COM DATA PARA A PAGINA DO OT NO FACEBOOK (BR-BAIAK) ! 
[27/12/2016 15:26:23] /goto Volkoff
[27/12/2016 15:26:33] /t
[27/12/2016 15:27:36] /ghost
[27/12/2016 15:27:45] /ghost
[27/12/2016 15:27:46] /t
[27/12/2016 16:49:28] /ghost
[27/12/2016 16:49:32] /c Supremo Mix
[27/12/2016 16:49:48] /ghost
[27/12/2016 16:54:34] /mute Adm Minha Wand bota, 3
[27/12/2016 16:56:48] /bc green RELEMBRANDO: PRA QUEM DEPOSITOU A PARTIR DE 1 DE OUTUBRO, MANDA O COMPROVANTE PARA A PAGINA DO OT NO FACEBOOK (BR-BAIAK) QUE SERÁ DEVOLVIDO!
[27/12/2016 16:56:50] /bc green RELEMBRANDO: PRA QUEM DEPOSITOU A PARTIR DE 1 DE OUTUBRO, MANDA O COMPROVANTE PARA A PAGINA DO OT NO FACEBOOK (BR-BAIAK) QUE SERÁ DEVOLVIDO!
[27/12/2016 16:56:51] /bc green RELEMBRANDO: PRA QUEM DEPOSITOU A PARTIR DE 1 DE OUTUBRO, MANDA O COMPROVANTE PARA A PAGINA DO OT NO FACEBOOK (BR-BAIAK) QUE SERÁ DEVOLVIDO!
[27/12/2016 16:56:51] /bc green RELEMBRANDO: PRA QUEM DEPOSITOU A PARTIR DE 1 DE OUTUBRO, MANDA O COMPROVANTE PARA A PAGINA DO OT NO FACEBOOK (BR-BAIAK) QUE SERÁ DEVOLVIDO!
[27/12/2016 16:56:52] /bc green RELEMBRANDO: PRA QUEM DEPOSITOU A PARTIR DE 1 DE OUTUBRO, MANDA O COMPROVANTE PARA A PAGINA DO OT NO FACEBOOK (BR-BAIAK) QUE SERÁ DEVOLVIDO!
[27/12/2016 16:56:52] /bc green RELEMBRANDO: PRA QUEM DEPOSITOU A PARTIR DE 1 DE OUTUBRO, MANDA O COMPROVANTE PARA A PAGINA DO OT NO FACEBOOK (BR-BAIAK) QUE SERÁ DEVOLVIDO!
[27/12/2016 17:10:29] /up 3
[27/12/2016 17:10:31] /down
[27/12/2016 17:11:0] /t
[27/12/2016 17:11:50] /up 
[27/12/2016 17:11:53] /i addon doll
[27/12/2016 17:11:58] /t
[27/12/2016 17:20:57] /up 3
[27/12/2016 17:20:59] /up
[27/12/2016 17:21:1] /c Adm Minha Wand bota
[27/12/2016 17:21:1] /t
[27/12/2016 17:40:59] /bc green PESSOAL NAO DEIXEM DE CURTIR DA PAGINA DO OT NO FACEBOOK :    BR-BAIAK!
[27/12/2016 20:29:49] /ghost
[27/12/2016 20:30:57] /ghost
[27/12/2016 20:30:57] /t
[28/12/2016 19:53:20] /up 3
[28/12/2016 19:53:22] /down
[28/12/2016 19:53:31] /down
[28/12/2016 19:53:39] /i backpack
[28/12/2016 19:53:53] /t
[28/12/2016 20:33:38] /i backpack
[28/12/2016 20:34:14] /i 6527
[28/12/2016 20:34:20] /i 6527
[28/12/2016 20:34:21] /i 6527
[28/12/2016 20:34:21] /i 6527
[28/12/2016 20:34:22] /i 6527
[28/12/2016 20:34:22] /i 6527
[28/12/2016 20:34:23] /i 6527
[28/12/2016 20:34:23] /i 6527
[28/12/2016 20:34:23] /i 6527
[28/12/2016 20:34:24] /i 6527
[28/12/2016 20:34:24] /i 6527
[28/12/2016 20:34:26] /i 6527
[28/12/2016 20:34:47] /i 6527
[28/12/2016 20:34:47] /i 6527
[28/12/2016 20:34:48] /i 6527
[28/12/2016 20:34:49] /i 6527
[28/12/2016 20:34:49] /i 6527
[28/12/2016 20:34:49] /i 6527
[28/12/2016 20:34:50] /i 6527
[28/12/2016 20:34:59] /i 6527
[28/12/2016 20:35:0] /i 6527
[28/12/2016 20:35:0] /i 6527
[28/12/2016 20:35:0] /i 6527
[28/12/2016 20:35:1] /i 6527
[28/12/2016 20:35:1] /i 6527
[28/12/2016 20:35:1] /i 6527
[28/12/2016 20:35:2] /i 6527
[28/12/2016 20:35:2] /i 6527
[28/12/2016 20:35:2] /i 6527
[28/12/2016 20:35:3] /i 6527
[28/12/2016 20:35:3] /i 6527
[28/12/2016 20:35:3] /i 6527
[28/12/2016 20:35:4] /i 6527
[28/12/2016 20:35:4] /i 6527
[28/12/2016 20:35:10] /up
[28/12/2016 20:53:31] /t
[28/12/2016 20:57:15] /goto Volkoff
[28/12/2016 20:57:42] /t
[28/12/2016 20:58:15] /goto Volkoff
[28/12/2016 21:30:5] /t
[28/12/2016 21:47:43] /up
[28/12/2016 21:47:48] /i addon doll
[28/12/2016 21:47:53] /t
[28/12/2016 21:48:56] /up
[28/12/2016 21:49:3] /i addon doll
[28/12/2016 21:49:6] /t
[29/12/2016 14:37:23] /owner Sabaticabu
[29/12/2016 14:37:24] /t
[29/12/2016 15:9:12] /ghost
[29/12/2016 15:9:25] /ghost
[29/12/2016 15:33:50] /b Acho que vai abrir vaga pra tutor ..
[29/12/2016 15:41:43] /up
[29/12/2016 15:41:58] /c Moranguinho
[29/12/2016 15:45:30] /goto Rules
[29/12/2016 15:45:39] /t
[29/12/2016 15:48:48] /goto Shadow Absolut
[29/12/2016 15:48:51] /t
[29/12/2016 15:51:16] /c Rules
[29/12/2016 15:51:16] /t
[29/12/2016 15:51:28] /c Moranguinho
[29/12/2016 15:51:28] /t
[29/12/2016 15:52:3] /t Moranguinho
[29/12/2016 15:52:18] /kick Moranguinho
[29/12/2016 16:1:42] /t Moranguinho
[29/12/2016 16:32:56] /goto volkoff
[29/12/2016 16:32:59] /t
[29/12/2016 16:49:7] /up
[29/12/2016 16:49:17] /c Moranguinho
[29/12/2016 16:49:18] /t
[29/12/2016 16:52:50] /ghost
[29/12/2016 16:55:5] /ghost
[29/12/2016 19:34:3] /goto Her Oz
[29/12/2016 19:34:8] /goto Now
[29/12/2016 19:34:11] /t
[29/12/2016 19:34:17] /ghost
[29/12/2016 19:40:19] /m Bazir
[29/12/2016 19:41:1] /m Guarda Costa do God
[29/12/2016 19:41:9] /b Guarda Costa do GOD
[29/12/2016 19:41:14] /b Mentira
[29/12/2016 19:41:42] /m Guarda costa do god
[29/12/2016 19:42:10] /m Bazir
[29/12/2016 19:46:46] /goto Elena Gilbert
[29/12/2016 19:47:19] /owner
[29/12/2016 19:48:6] /t
[29/12/2016 20:13:55] /goto Papa dinno
[29/12/2016 20:15:0] /t
[29/12/2016 20:19:58] /goto Adm Minha Wand bota 
[29/12/2016 20:20:10] /goto Lokao zika 
[29/12/2016 20:20:34] /c Papa Dinno
[29/12/2016 20:22:2] /t
[29/12/2016 20:23:7] /up 4
[29/12/2016 20:23:11] /c Xerereca
[29/12/2016 20:23:15] /t
[29/12/2016 20:23:28] /kick xerereca
[29/12/2016 20:24:15] /up 4
[29/12/2016 20:24:24] /c Xerereca
[29/12/2016 20:24:50] /a
[29/12/2016 20:24:52] /a
[29/12/2016 20:24:55] /a
[29/12/2016 20:25:22] /c Biribinha
[29/12/2016 20:27:24] /c Jubileu
[29/12/2016 20:28:23] /c Pingulir
[29/12/2016 20:28:26] /c Pingulin
[29/12/2016 20:29:12] /c Euwq
[29/12/2016 20:30:14] /c Pintudo
[29/12/2016 20:30:17] /c Joao Dedaum
[29/12/2016 20:31:39] /c Peitudo
[29/12/2016 20:32:44] /c Eita
[29/12/2016 20:33:28] /c Uepa
[29/12/2016 20:33:46] /t
[29/12/2016 20:34:55] /up 4
[29/12/2016 20:34:59] /c Jogador de lol
[29/12/2016 20:35:4] /c Jogador de tibia
[29/12/2016 20:35:26] /t
[29/12/2016 20:35:59] /ghost
[29/12/2016 20:36:40] /ghost
[29/12/2016 20:36:43] /up 4
[29/12/2016 20:36:45] /c Jaspion
[29/12/2016 20:36:47] /t
[29/12/2016 20:37:40] /up 4
[29/12/2016 20:37:42] /c Jadica
[29/12/2016 20:37:45] /t
[29/12/2016 20:38:37] /up 4
[29/12/2016 20:38:39] /c Mamae falei
[29/12/2016 20:38:41] /t
[29/12/2016 20:41:11] /up 4
[29/12/2016 20:41:14] /c Me puxa
[29/12/2016 20:41:17] /t
[29/12/2016 20:41:38] /up 4
[29/12/2016 20:41:40] /c Mamamita
[29/12/2016 20:41:53] /t
[29/12/2016 20:43:30] /ghost
[29/12/2016 20:44:21] /t
[29/12/2016 20:44:40] /a 2
[29/12/2016 20:44:57] /a 3
[29/12/2016 20:45:11] /t
[29/12/2016 20:45:14] /m Champion Undead Dragon
[29/12/2016 20:45:24] /m Champion Undead Dragon
[29/12/2016 20:45:29] /m Bazir
[29/12/2016 20:46:28] /m Bazir
[29/12/2016 20:46:29] /m Champion Undead Dragon
[29/12/2016 20:46:55] /m Champion Undead Dragon
[29/12/2016 20:46:58] /m Champion Undead Dragon
[29/12/2016 20:48:49] /m Bazir
[29/12/2016 20:49:11] /m Champion Undead Dragon
[29/12/2016 20:49:24] /a 2
[29/12/2016 20:49:43] /a 3
[29/12/2016 20:51:12] /t
[29/12/2016 20:51:20] /m Champion Undead Dragon
[29/12/2016 20:51:22] /m Champion Hellfire Fighter
[29/12/2016 20:51:23] /m Champion Undead Dragon
[29/12/2016 20:52:39] /a 2
[29/12/2016 20:52:59] /a 2
[29/12/2016 20:53:25] /t
[29/12/2016 20:53:29] /m Champion Undead Dragon
[29/12/2016 20:53:29] /m Champion Hellfire Fighter
[29/12/2016 20:53:29] /m Snake God Essence
[29/12/2016 20:54:31] /ghost
[29/12/2016 20:54:34] /ghost
[29/12/2016 20:55:14] /ghost
[29/12/2016 20:56:19] /newtype 123
[29/12/2016 20:56:33] /up 4
[29/12/2016 20:56:36] /c Basiado
[29/12/2016 20:56:43] /t
[29/12/2016 20:57:14] /up 4
[29/12/2016 20:57:18] /c Edgar Juegador
[29/12/2016 20:57:20] /t
[29/12/2016 20:57:43] /up 4
[29/12/2016 20:57:45] /c  Lapeiro
[29/12/2016 20:57:50] /t
[29/12/2016 20:58:37] /up 4
[29/12/2016 20:58:41] /c Mairon
[29/12/2016 20:58:51] /t
[29/12/2016 20:59:14] /up 4
[29/12/2016 20:59:19] /c Jesdis The avenger
[29/12/2016 20:59:23] /t
[29/12/2016 21:1:1] /i addon doll
[29/12/2016 21:1:28] /c Papa Dinno
[29/12/2016 21:2:23] /t
[29/12/2016 21:5:14] /i letter
[29/12/2016 21:5:42] /t
[29/12/2016 21:13:37] /mc
[29/12/2016 21:56:59] /t
[29/12/2016 22:2:35] /t
[29/12/2016 22:4:39] /up
[29/12/2016 22:4:52] /owner Me xupa
[29/12/2016 22:5:15] /owner Uepa
[29/12/2016 22:5:20] /t
[29/12/2016 23:21:48] /b Boa noite pessoal, bom jogo <3
[30/12/2016 9:34:1] /ghost
[30/12/2016 9:45:22] /up
[30/12/2016 9:46:38] /addskill Jerulino, magic, 1
[30/12/2016 9:47:4] /addskill Jerulino, distance,70
[30/12/2016 9:49:44] /addskill Jerulino, axe , 80
[30/12/2016 9:50:9] /addskill Jerulino, axe, 1
[30/12/2016 9:50:27] /addskill Jerulino, Club, 100
[30/12/2016 9:50:47] /addskill Jerulino, Fist, 120
[30/12/2016 9:51:3] /addskill Jerulino, Fist, 120
[30/12/2016 9:51:28] /addskill Jerulino, Fishing, 110
[30/12/2016 9:51:48] /t
[30/12/2016 9:51:58] /up 4
[30/12/2016 9:52:8] /c Vayne
[30/12/2016 9:52:20] /addskill Vayne, Distance, 110
[30/12/2016 9:52:46] /save
[30/12/2016 10:5:33] /t
[30/12/2016 10:5:38] /up 4
[30/12/2016 10:5:49] /i new pally armor
[30/12/2016 10:5:52] /i new pally legs
[30/12/2016 10:5:56] /i new pally helmet
[30/12/2016 10:6:0] /i new pally boots
[30/12/2016 10:6:6] /i new pally ring
[30/12/2016 10:6:11] /i new pally bow
[30/12/2016 10:6:16] /i new pally arrow
[30/12/2016 10:6:49] /i new pally shield
[30/12/2016 10:7:3] /i addon doll
[30/12/2016 10:7:39] /i 12575
[30/12/2016 10:8:16] /i 12396
[30/12/2016 10:8:48] /t
[30/12/2016 10:9:9] /goto Vayne
[30/12/2016 10:9:12] /t
[30/12/2016 10:9:16] /up 
[30/12/2016 10:9:20] /a 5
[30/12/2016 10:9:22] /c Vayne
[30/12/2016 10:9:36] /i cave exclusiva
[30/12/2016 10:10:37] /t
[30/12/2016 10:10:55] /t
[30/12/2016 10:10:57] /up 4
[30/12/2016 10:10:59] /c Vayne
[30/12/2016 10:11:2] /m Spider Fiery
[30/12/2016 10:11:21] /m Spider Fiery
[30/12/2016 10:14:29] /t
[30/12/2016 10:14:44] /a 2
[30/12/2016 10:14:53] /c Vayne
[30/12/2016 10:15:45] /up 4
[30/12/2016 10:15:49] /c Vayne
[30/12/2016 10:19:41] /i energy ring
[30/12/2016 10:24:50] /attr set time 99999
[30/12/2016 10:24:59] /attr set time 99999999999999999999999999
[30/12/2016 10:25:36] /i backpack
[30/12/2016 10:25:46] /i 2167
[30/12/2016 10:25:47] /i 2167
[30/12/2016 10:25:47] /i 2167
[30/12/2016 10:25:47] /i 2167
[30/12/2016 10:25:47] /i 2167
[30/12/2016 10:25:48] /i 2167
[30/12/2016 10:25:48] /i 2167
[30/12/2016 10:25:48] /i 2167
[30/12/2016 10:25:49] /i 2167
[30/12/2016 10:25:49] /i 2167
[30/12/2016 10:25:49] /i 2167
[30/12/2016 10:25:50] /i 2167/i 2167
[30/12/2016 10:25:50] /i 2167
[30/12/2016 10:25:50] /i 2167
[30/12/2016 10:25:51] /i 2167
[30/12/2016 10:25:51] /i 2167
[30/12/2016 10:25:54] /i 2167
[30/12/2016 10:25:54] /i 2167
[30/12/2016 10:25:55] /i 2167
[30/12/2016 10:25:55] /i 2167
[30/12/2016 10:25:55] /i 2167
[30/12/2016 10:25:55] /i 2167
[30/12/2016 10:27:24] /t
[30/12/2016 10:27:34] /c Vayne
[30/12/2016 10:31:37] /t
[30/12/2016 10:40:42] /ghost
[30/12/2016 10:41:11] /b To com uma house pequena encima do templo pra vender, alguem quer? 
[30/12/2016 10:41:31] /b Quem quiser .. 
[30/12/2016 10:42:51] /owner El Miiguelito
[30/12/2016 10:42:52] /t
[30/12/2016 10:42:55] /up 3
[30/12/2016 10:42:57] /down
[30/12/2016 10:43:1] /down
[30/12/2016 10:45:19] /t
[30/12/2016 10:45:22] /ghost
[30/12/2016 10:47:14] /ghost
[30/12/2016 10:47:26] /up 4
[30/12/2016 10:47:27] /c Grilinho Voltu
[30/12/2016 10:47:48] /t
[30/12/2016 10:49:17] /c Akira Silva
[30/12/2016 10:50:28] /i slingshot
[30/12/2016 10:50:32] /t
[30/12/2016 10:53:2] /i 7424
[30/12/2016 10:53:7] /c Holly day
[30/12/2016 10:55:8] /up 4
[30/12/2016 10:55:11] /c Anuncia aqui nao
[30/12/2016 10:56:27] /attr group 1
[30/12/2016 10:56:43] /t Anuncia aqui nao
[30/12/2016 10:57:13] /t
[30/12/2016 10:57:21] /attr group 2
[30/12/2016 10:57:55] /goto Akira silva
[30/12/2016 10:58:4] /t
[30/12/2016 10:59:9] /attr group 2
[30/12/2016 10:59:43] /attr group 3
[30/12/2016 11:4:38] /ghost
[30/12/2016 11:9:32] /ghost
[30/12/2016 11:11:31] /t
[30/12/2016 11:11:36] /ghost
[30/12/2016 11:14:29] /ghost
[30/12/2016 11:14:41] /ghost
[30/12/2016 11:15:3] /t
[30/12/2016 11:18:50] /addskill Vayne, distance, 1
[30/12/2016 11:19:16] /save
[30/12/2016 12:29:32] /r
[30/12/2016 12:29:34] /t
[30/12/2016 13:17:49] /t
[30/12/2016 13:53:41] /t
[30/12/2016 13:53:55] /goto Papa Dinno
[30/12/2016 13:53:56] /t
[30/12/2016 14:39:35] /up
[30/12/2016 14:39:44] /t
[30/12/2016 20:20:36] /i 7424
[30/12/2016 20:20:39] /i 7424
[30/12/2016 20:20:43] /c Alexx
[30/12/2016 20:20:58] /up
[30/12/2016 20:21:5] /t
[30/12/2016 21:35:7] /goto Volkoff
[30/12/2016 21:37:14] /a 3
[30/12/2016 21:37:24] /t
[30/12/2016 21:55:40] /i assassin star
[30/12/2016 21:55:41] /t
[30/12/2016 21:55:44] /up 3
[30/12/2016 21:55:52] /attr attack, 1
[30/12/2016 22:3:19] /c Vayne
[30/12/2016 22:3:24] /i cave exclusiva
[30/12/2016 22:3:24] /i double exp
[30/12/2016 22:3:56] /t Vayne
[30/12/2016 22:3:56] /t
[30/12/2016 22:4:13] /up 3
[30/12/2016 22:4:18] /c Vayne
[30/12/2016 22:4:48] /t Vayne
[30/12/2016 22:4:48] /t
[30/12/2016 22:6:25] /t
[31/12/2016 0:30:7] /goto Aldebaran Volkoff
[31/12/2016 0:30:15] /goto Rapha Volkoff
[31/12/2016 0:30:36] /goto Victor Volkoff
[31/12/2016 0:30:48] /t
[31/12/2016 0:31:0] /ghost
[31/12/2016 0:31:16] /ghost
[31/12/2016 0:35:46] /goto Leo Volkoff
[31/12/2016 0:36:15] /up 3
[31/12/2016 0:36:16] /down
[31/12/2016 0:36:19] /down
[31/12/2016 0:36:20] /down
[31/12/2016 0:38:32] /t
[31/12/2016 2:41:22] /goto Lider Volkoff
[31/12/2016 2:41:25] /t
[31/12/2016 2:41:29] /goto Noia
[31/12/2016 2:42:4] /goto Rapha Volkoff
[31/12/2016 2:42:11] /goto Ikki Volkoff
[31/12/2016 2:42:19] /goto Victor Volkoff
[31/12/2016 2:42:42] /c Vayne
[31/12/2016 2:44:41] /t Vayne
[31/12/2016 2:46:14] /goto Kokassaookoka Volkoff
[31/12/2016 2:46:21] /goto Rapha Volkoff
[31/12/2016 2:46:30] /goto Baiano Volkoff
[31/12/2016 2:46:39] /goto Leo Volkoff
[31/12/2016 2:46:56] /goto Victor Volkoff
[31/12/2016 2:47:11] /goto Aldebaran Volkoff
[31/12/2016 2:48:16] /t
[31/12/2016 2:48:26] /goto Forester
[31/12/2016 2:48:46] /goto Ikki Volkoff
[31/12/2016 2:48:50] /t
[1/1/2017 19:14:39] /i xbow
[1/1/2017 19:31:12] /ghost
[2/1/2017 11:47:53] /up 
[2/1/2017 11:47:58] /c Vayne
[2/1/2017 11:49:34] /ghost
[2/1/2017 11:49:48] /goto 14:49 Kokassaookoka Volkoff 
[2/1/2017 11:49:54] /goto Elena Gilbert
[2/1/2017 11:50:44] /goto Aldebaran Volkoff
[2/1/2017 11:50:57] /goto Kit Escovinhaddois
[2/1/2017 11:51:16] /goto Lider Volkoff
[2/1/2017 11:51:30] /goto Rapha Volkoff
[2/1/2017 11:51:31] /t
[2/1/2017 14:59:42] /b Galera, quem tiver on vai no "Help" ou "Ajuda" Plz.
[2/1/2017 15:0:26] /ghost
[2/1/2017 15:8:22] /ghost
[2/1/2017 15:11:19] /goto King devon
[2/1/2017 15:11:34] /t
[2/1/2017 15:14:30] /i 9971
[2/1/2017 15:17:3] /t
[2/1/2017 15:18:46] /ghost
[2/1/2017 15:41:11] /c Tiu Dog
[2/1/2017 15:41:17] /c Tiu Nog
[2/1/2017 15:45:46] /up 3
[2/1/2017 15:45:53] /c |Victor Volkoff
[2/1/2017 15:45:57] /c Victor Volkoff
[2/1/2017 15:51:43] /t Victor Volkoff
[2/1/2017 15:51:44] /c Nuke
[2/1/2017 15:52:6] /t Nuke
[2/1/2017 15:52:7] /t
[2/1/2017 15:53:53] /bc green 18:53 Elena Gilbert [507]: VOU BLOCAR QUEST DO SET, PRA QUEM PRECISAR AE
[2/1/2017 15:53:54] /bc green 18:53 Elena Gilbert [507]: VOU BLOCAR QUEST DO SET, PRA QUEM PRECISAR AE
[2/1/2017 15:53:55] /bc green 18:53 Elena Gilbert [507]: VOU BLOCAR QUEST DO SET, PRA QUEM PRECISAR AE
[2/1/2017 15:53:56] /bc green 18:53 Elena Gilbert [507]: VOU BLOCAR QUEST DO SET, PRA QUEM PRECISAR AE
[2/1/2017 15:53:56] /bc green 18:53 Elena Gilbert [507]: VOU BLOCAR QUEST DO SET, PRA QUEM PRECISAR AE
[2/1/2017 15:53:57] /bc green 18:53 Elena Gilbert [507]: VOU BLOCAR QUEST DO SET, PRA QUEM PRECISAR AE
[2/1/2017 15:53:57] /bc green 18:53 Elena Gilbert [507]: VOU BLOCAR QUEST DO SET, PRA QUEM PRECISAR AE
[2/1/2017 15:53:58] /bc green 18:53 Elena Gilbert [507]: VOU BLOCAR QUEST DO SET, PRA QUEM PRECISAR AE
[2/1/2017 15:53:58] /bc green 18:53 Elena Gilbert [507]: VOU BLOCAR QUEST DO SET, PRA QUEM PRECISAR AE
[2/1/2017 15:53:59] /bc green 18:53 Elena Gilbert [507]: VOU BLOCAR QUEST DO SET, PRA QUEM PRECISAR AE
[2/1/2017 15:53:59] /bc green 18:53 Elena Gilbert [507]: VOU BLOCAR QUEST DO SET, PRA QUEM PRECISAR AE
[2/1/2017 15:59:16] /up 4
[2/1/2017 16:0:34] /m Exp Bug
[2/1/2017 16:0:45] /addskill Edgar Juegador, level, 200
[2/1/2017 16:1:13] /addskill Mairon, level, 345
[2/1/2017 16:1:30] /addskill Pingulin, level, 354
[2/1/2017 16:1:52] /addskill Jesdis the Avenger, level, 434
[2/1/2017 16:2:57] /addskill Mamae falei, level, 342
[2/1/2017 16:3:4] /addskill Lapeiro, level, 234
[2/1/2017 16:3:11] /addskill Me puxa, level, 412
[2/1/2017 16:3:18] /addskill Joao Dedaum, level, 300
[2/1/2017 16:3:28] /addskill Basiado, level, 234
[2/1/2017 16:3:40] /addskill Biribinha, level, 345
[2/1/2017 16:3:53] /addskill Xereca, level, 123
[2/1/2017 16:4:5] /addskill Jogador de tibia, level, 322
[2/1/2017 16:4:15] /addskill Uepa, level, 456
[2/1/2017 16:4:23] /addskill Eita, level, 342
[2/1/2017 16:4:33] /addskill Peitudo, level, 111
[2/1/2017 16:4:43] /addskill Lapeiro, level, 323
[2/1/2017 16:4:51] /addskill Jubileu, 232
[2/1/2017 16:5:1] /addskill Jubuleu, level, 212
[2/1/2017 16:5:3] /t
[2/1/2017 16:5:55] /bc green 19:05 Victor Volkoff [582]: ALGUEM VAI QUERER IR NA QUEST DO AMULETO?
[2/1/2017 16:5:57] /bc green 19:05 Victor Volkoff [582]: ALGUEM VAI QUERER IR NA QUEST DO AMULETO?
[2/1/2017 16:5:57] /bc green 19:05 Victor Volkoff [582]: ALGUEM VAI QUERER IR NA QUEST DO AMULETO?
[2/1/2017 16:5:58] /bc green 19:05 Victor Volkoff [582]: ALGUEM VAI QUERER IR NA QUEST DO AMULETO?
[2/1/2017 16:5:58] /bc green 19:05 Victor Volkoff [582]: ALGUEM VAI QUERER IR NA QUEST DO AMULETO?
[2/1/2017 16:5:59] /bc green 19:05 Victor Volkoff [582]: ALGUEM VAI QUERER IR NA QUEST DO AMULETO?
[2/1/2017 16:5:59] /bc green 19:05 Victor Volkoff [582]: ALGUEM VAI QUERER IR NA QUEST DO AMULETO?
[2/1/2017 16:6:0] /bc green 19:05 Victor Volkoff [582]: ALGUEM VAI QUERER IR NA QUEST DO AMULETO?
[2/1/2017 16:6:3] /bc green 19:05 Victor Volkoff [582]: ALGUEM VAI QUERER IR NA QUEST DO AMULETO?
[2/1/2017 16:6:4] /bc green 19:05 Victor Volkoff [582]: ALGUEM VAI QUERER IR NA QUEST DO AMULETO?
[2/1/2017 16:6:8] /bc green 19:05 Victor Volkoff [582]: ALGUEM VAI QUERER IR NA QUEST DO AMULETO?
[2/1/2017 16:6:8] /bc green 19:05 Victor Volkoff [582]: ALGUEM VAI QUERER IR NA QUEST DO AMULETO?
[2/1/2017 16:6:9] /bc green 19:05 Victor Volkoff [582]: ALGUEM VAI QUERER IR NA QUEST DO AMULETO?
[2/1/2017 16:6:31] /save
[2/1/2017 16:7:22] /goto Hunting
[2/1/2017 16:7:25] /r
[2/1/2017 16:7:26] /r
[2/1/2017 16:7:28] /r
[2/1/2017 16:7:29] /r
[2/1/2017 16:7:30] /r
[2/1/2017 16:7:31] /r
[2/1/2017 16:7:32] /r
[2/1/2017 16:7:34] /r
[2/1/2017 16:7:35] /r
[2/1/2017 16:7:36] /r
[2/1/2017 16:7:39] /t
[2/1/2017 16:8:56] /bc green 19:08 Victor Volkoff [582]: QUEST PROMOTION AMANHÃ A NOITE
[2/1/2017 16:8:56] /bc green 19:08 Victor Volkoff [582]: QUEST PROMOTION AMANHÃ A NOITE
[2/1/2017 16:8:57] /bc green 19:08 Victor Volkoff [582]: QUEST PROMOTION AMANHÃ A NOITE
[2/1/2017 16:8:57] /bc green 19:08 Victor Volkoff [582]: QUEST PROMOTION AMANHÃ A NOITE
[2/1/2017 16:8:58] /bc green 19:08 Victor Volkoff [582]: QUEST PROMOTION AMANHÃ A NOITE
[2/1/2017 16:8:58] /bc green 19:08 Victor Volkoff [582]: QUEST PROMOTION AMANHÃ A NOITE
[2/1/2017 16:8:58] /bc green 19:08 Victor Volkoff [582]: QUEST PROMOTION AMANHÃ A NOITE
[2/1/2017 16:8:59] /bc green 19:08 Victor Volkoff [582]: QUEST PROMOTION AMANHÃ A NOITE
[2/1/2017 16:9:0] /bc green 19:08 Victor Volkoff [582]: QUEST PROMOTION AMANHÃ A NOITE
[2/1/2017 16:9:0] /bc green 19:08 Victor Volkoff [582]: QUEST PROMOTION AMANHÃ A NOITE
[2/1/2017 16:9:1] /bc green 19:08 Victor Volkoff [582]: QUEST PROMOTION AMANHÃ A NOITE
[2/1/2017 16:14:9] /goto Euwq
[2/1/2017 16:14:20] /r
[2/1/2017 16:14:40] /r
[2/1/2017 16:14:46] /r
[2/1/2017 16:14:49] /r
[2/1/2017 16:14:57] /t
[2/1/2017 16:16:15] /c Royal
[2/1/2017 16:18:10] /goto Kaaoo
[2/1/2017 16:18:14] /r
[2/1/2017 16:18:15] /r
[2/1/2017 16:18:16] /r
[2/1/2017 16:18:16] /r
[2/1/2017 16:18:17] /r
[2/1/2017 16:18:17] /r
[2/1/2017 16:18:18] /r
[2/1/2017 16:18:20] /r
[2/1/2017 16:18:22] /r
[2/1/2017 16:18:23] /r
[2/1/2017 16:18:24] /r
[2/1/2017 16:18:26] /save
[2/1/2017 16:18:33] /t
[2/1/2017 16:20:57] /b Pessoal, poderiam falar possiveis melhorias que o ot poderia oferecer no chat "Ajuda" ? Por favor
[2/1/2017 16:20:57] /b Pessoal, poderiam falar possiveis melhorias que o ot poderia oferecer no chat "Ajuda" ? Por favor
[2/1/2017 16:20:57] /b Pessoal, poderiam falar possiveis melhorias que o ot poderia oferecer no chat "Ajuda" ? Por favor
[2/1/2017 16:20:58] /b Pessoal, poderiam falar possiveis melhorias que o ot poderia oferecer no chat "Ajuda" ? Por favor
[2/1/2017 16:20:58] /b Pessoal, poderiam falar possiveis melhorias que o ot poderia oferecer no chat "Ajuda" ? Por favor
[2/1/2017 16:20:58] /b Pessoal, poderiam falar possiveis melhorias que o ot poderia oferecer no chat "Ajuda" ? Por favor
[2/1/2017 16:20:59] /b Pessoal, poderiam falar possiveis melhorias que o ot poderia oferecer no chat "Ajuda" ? Por favor
[2/1/2017 16:20:59] /b Pessoal, poderiam falar possiveis melhorias que o ot poderia oferecer no chat "Ajuda" ? Por favor
[2/1/2017 16:21:0] /b Pessoal, poderiam falar possiveis melhorias que o ot poderia oferecer no chat "Ajuda" ? Por favor
[2/1/2017 16:21:0] /b Pessoal, poderiam falar possiveis melhorias que o ot poderia oferecer no chat "Ajuda" ? Por favor
[2/1/2017 16:21:0] /b Pessoal, poderiam falar possiveis melhorias que o ot poderia oferecer no chat "Ajuda" ? Por favor
[2/1/2017 16:31:11] /goto Elena Gilbert
[2/1/2017 16:31:13] /c Nuke
[2/1/2017 16:31:17] /t
[2/1/2017 16:32:15] /i 2160
[2/1/2017 16:32:24] /i 9971
[2/1/2017 16:32:36] /c Vai toma
[2/1/2017 16:35:45] /t
[2/1/2017 19:18:56] /ghost
[2/1/2017 19:18:58] /up
[2/1/2017 19:19:5] /a 2
[2/1/2017 19:19:17] /c Vayne
[2/1/2017 19:22:40] /kick Vayne
[2/1/2017 19:38:35] /t
[2/1/2017 19:39:25] /kick Vayne
[2/1/2017 19:39:25] /t
[2/1/2017 19:39:51] /goto Vayne
[2/1/2017 19:40:29] /r
[2/1/2017 19:40:32] /r
[2/1/2017 19:42:33] /addskill Vayne, Distance, 1
[2/1/2017 19:42:44] /save
[2/1/2017 19:42:57] /t
[2/1/2017 19:45:17] /goto Jardan
[2/1/2017 19:45:23] /c Vayne
[2/1/2017 19:45:24] /t
[2/1/2017 20:41:38] /goto Jardan
[2/1/2017 20:44:50] /goto Jardan
[2/1/2017 20:44:53] /t
[2/1/2017 20:53:13] /goto Jardan
[2/1/2017 21:1:7] /kick Vayne
[2/1/2017 21:1:8] /t
