[5/6/2017 18:5:30] /ghost
[5/6/2017 18:5:38] /t
[5/6/2017 18:5:40] /t
[5/6/2017 18:6:11] /t
[5/6/2017 18:7:25] /bc Qualquer dúvida só chamar no chat "AJUDA"
[5/6/2017 18:7:25] /bc Qualquer dúvida só chamar no chat "AJUDA"
[5/6/2017 18:7:26] /bc Qualquer dúvida só chamar no chat "AJUDA"
[5/6/2017 18:7:27] /bc Qualquer dúvida só chamar no chat "AJUDA"
[5/6/2017 18:8:53] /bc Chamem seus amigos para jogar no Baiakinho!! 
[5/6/2017 18:8:54] /bc Chamem seus amigos para jogar no Baiakinho!! 
[5/6/2017 18:8:55] /bc Chamem seus amigos para jogar no Baiakinho!! 
[5/6/2017 18:8:55] /bc Chamem seus amigos para jogar no Baiakinho!! 
[5/6/2017 18:12:57] /goto Salvatore Chup Chup
[5/6/2017 18:13:2] /goto Salvatore Chup Chup
[5/6/2017 18:13:4] /ghost
[5/6/2017 18:14:2] /ghost
[5/6/2017 18:14:3] /t
[5/6/2017 18:15:34] /goto Ops Morreu
[5/6/2017 18:15:37] /ghost
[5/6/2017 18:15:38] /ghost
[5/6/2017 18:19:22] /t
[5/6/2017 18:19:37] /goto Clayverson
[5/6/2017 18:20:4] /down
[5/6/2017 18:20:15] /down
[5/6/2017 18:20:17] /down
[5/6/2017 18:21:30] /goto Clayverson
[5/6/2017 18:22:31] /t
[5/6/2017 18:28:31] /goto Destroyer Killer
[5/6/2017 18:28:52] /mute Easy Rush, 5
[5/6/2017 18:30:3] /mute Easy Rush, 10
[5/6/2017 18:30:20] /mute Salvatore Chup Chup, 10
[5/6/2017 18:31:14] /mute Easy Rush, 99
[5/6/2017 18:31:17] /mute Easy Rush, 99
[5/6/2017 18:31:19] /mute Easy Rush, 99
[5/6/2017 18:31:22] /mute Easy Rush, 99
[5/6/2017 18:31:23] /mute Easy Rush, 99
[5/6/2017 18:31:26] /mute Easy Rush, 99
[5/6/2017 18:31:28] /mute Easy Rush, 99
[5/6/2017 18:31:39] /goto Salvatore Chup Chup
[5/6/2017 18:31:43] /goto Salvatore Chup Chup
[5/6/2017 18:32:12] /t
[5/6/2017 18:32:15] /goto Salvatore Chup Chup
[5/6/2017 18:32:18] /goto Salvatore Chup Chup
[5/6/2017 18:32:18] /t
[5/6/2017 18:39:5] /goto Destroyer Killer
[5/6/2017 18:41:37] /goto Skyeer
[5/6/2017 18:41:39] /t
[5/6/2017 18:42:0] /goto Destroyer Killer
[5/6/2017 18:43:34] /goto Marcosx
[5/6/2017 18:43:46] /m Medusa Vip
[5/6/2017 18:43:48] /m Medusa Vip
[5/6/2017 18:43:49] /m Medusa Vip
[5/6/2017 18:43:50] /m Medusa Vip
[5/6/2017 18:43:51] /m Medusa Vip
[5/6/2017 18:43:52] /m Medusa Vip
[5/6/2017 18:43:56] /t
[5/6/2017 18:44:14] /goto Darnt
[5/6/2017 18:44:17] /t
[5/6/2017 18:44:23] /goto Joga Bolt
[5/6/2017 18:44:55] /m Grim Reaper Vip III
[5/6/2017 18:44:55] /m Grim Reaper Vip III
[5/6/2017 18:44:56] /m Grim Reaper Vip III
[5/6/2017 18:45:1] /m Grim Reaper Vip III
[5/6/2017 18:45:3] /m Grim Reaper Vip III
[5/6/2017 18:45:4] /m Grim Reaper Vip III
[5/6/2017 18:45:4] /m Grim Reaper Vip III
[5/6/2017 18:45:5] /m Grim Reaper Vip III
[5/6/2017 18:45:5] /m Grim Reaper Vip III
[5/6/2017 18:45:11] /m Grim Reaper Vip III
[5/6/2017 18:45:12] /m Grim Reaper Vip III
[5/6/2017 18:45:13] /m Grim Reaper Vip III
[5/6/2017 18:45:13] /m Grim Reaper Vip III
[5/6/2017 18:45:21] /m Grim Reaper Vip III
[5/6/2017 18:45:22] /m Grim Reaper Vip III
[5/6/2017 18:45:22] /m Grim Reaper Vip III
[5/6/2017 18:45:23] /m Grim Reaper Vip III
[5/6/2017 18:45:23] /m Grim Reaper Vip III
[5/6/2017 18:45:30] /mute Joga Bolt, 1
[5/6/2017 18:45:33] /m Grim Reaper Vip III
[5/6/2017 18:45:35] /m Grim Reaper Vip III
[5/6/2017 18:45:36] /m Grim Reaper Vip III
[5/6/2017 18:45:37] /m Grim Reaper Vip III
[5/6/2017 18:45:37] /m Grim Reaper Vip III
[5/6/2017 18:45:37] /m Grim Reaper Vip III
[5/6/2017 18:45:38] /m Grim Reaper Vip III
[5/6/2017 18:45:38] /m Grim Reaper Vip III
[5/6/2017 18:45:39] /m Grim Reaper Vip III
[5/6/2017 18:45:39] /m Grim Reaper Vip III
[5/6/2017 18:45:40] /m Grim Reaper Vip III
[5/6/2017 18:45:57] /t
[5/6/2017 18:46:12] /goto Salvatore Chup Chup
[5/6/2017 18:46:51] /goto Peuu Izi
[5/6/2017 18:47:9] /m Frost Dragon Vip
[5/6/2017 18:47:20] /m Frost Dragon Vip
[5/6/2017 18:47:22] /m Frost Dragon Vip
[5/6/2017 18:47:22] /m Frost Dragon Vip
[5/6/2017 18:47:23] /m Frost Dragon Vip
[5/6/2017 18:47:24] /m Frost Dragon Vip
[5/6/2017 18:47:24] /m Frost Dragon Vip
[5/6/2017 18:47:24] /m Frost Dragon Vip
[5/6/2017 18:47:25] /m Frost Dragon Vip
[5/6/2017 18:47:25] /m Frost Dragon Vip
[5/6/2017 18:47:26] /m Frost Dragon Vip
[5/6/2017 18:47:26] /m Frost Dragon Vip
[5/6/2017 18:47:27] /m Frost Dragon Vip
[5/6/2017 18:47:27] /m Frost Dragon Vip
[5/6/2017 18:47:27] /m Frost Dragon Vip
[5/6/2017 18:47:28] /m Frost Dragon Vip
[5/6/2017 18:47:28] /m Frost Dragon Vip
[5/6/2017 18:47:29] /m Frost Dragon Vip
[5/6/2017 18:47:29] /m Frost Dragon Vip
[5/6/2017 18:47:29] /m Frost Dragon Vip
[5/6/2017 18:47:35] /m Frost Dragon Vip
[5/6/2017 18:47:36] /m Frost Dragon Vip
[5/6/2017 18:47:37] /m Frost Dragon Vip
[5/6/2017 18:47:38] /m Frost Dragon Vip
[5/6/2017 18:47:38] /m Frost Dragon Vip
[5/6/2017 18:47:39] /m Frost Dragon Vip
[5/6/2017 18:47:39] /m Frost Dragon Vip
[5/6/2017 18:47:40] /m Frost Dragon Vip
[5/6/2017 18:47:40] /m Frost Dragon Vip
[5/6/2017 18:47:41] /m Frost Dragon Vip
[5/6/2017 18:47:41] /m Frost Dragon Vip
[5/6/2017 18:47:41] /m Frost Dragon Vip
[5/6/2017 18:47:42] /m Frost Dragon Vip
[5/6/2017 18:47:42] /m Frost Dragon Vip
[5/6/2017 18:47:43] /m Frost Dragon Vip
[5/6/2017 18:47:43] /m Frost Dragon Vip
[5/6/2017 18:47:43] /m Frost Dragon Vip
[5/6/2017 18:47:44] /m Frost Dragon Vip
[5/6/2017 18:47:44] /m Frost Dragon Vip
[5/6/2017 18:47:45] /m Frost Dragon Vip
[5/6/2017 18:47:45] /m Frost Dragon Vip
[5/6/2017 18:47:45] /m Frost Dragon Vip
[5/6/2017 18:47:46] /m Frost Dragon Vip
[5/6/2017 18:47:46] /m Frost Dragon Vip
[5/6/2017 18:47:47] /m Frost Dragon Vip
[5/6/2017 18:47:47] /m Frost Dragon Vip
[5/6/2017 18:47:48] /m Frost Dragon Vip
[5/6/2017 18:47:48] /m Frost Dragon Vip
[5/6/2017 18:47:48] /m Frost Dragon Vip
[5/6/2017 18:47:49] /m Frost Dragon Vip
[5/6/2017 18:47:49] /m Frost Dragon Vip
[5/6/2017 18:47:50] /m Frost Dragon Vip
[5/6/2017 18:47:50] /m Frost Dragon Vip
[5/6/2017 18:47:52] /m Frost Dragon Vip
[5/6/2017 18:47:52] /m Frost Dragon Vip
[5/6/2017 18:47:53] /m Frost Dragon Vip
[5/6/2017 18:47:53] /m Frost Dragon Vip
[5/6/2017 18:47:54] /m Frost Dragon Vip
[5/6/2017 18:47:54] /m Frost Dragon Vip
[5/6/2017 18:47:54] /m Frost Dragon Vip
[5/6/2017 18:47:55] /m Frost Dragon Vip
[5/6/2017 18:47:55] /m Frost Dragon Vip
[5/6/2017 18:47:55] /m Frost Dragon Vip
[5/6/2017 18:47:56] /m Frost Dragon Vip
[5/6/2017 18:47:56] /m Frost Dragon Vip
[5/6/2017 18:47:56] /m Frost Dragon Vip
[5/6/2017 18:48:4] /m Frost Dragon Vip
[5/6/2017 18:48:4] /m Frost Dragon Vip
[5/6/2017 18:48:5] /m Frost Dragon Vip
[5/6/2017 18:48:5] /m Frost Dragon Vip
[5/6/2017 18:48:6] /m Frost Dragon Vip
[5/6/2017 18:48:6] /m Frost Dragon Vip
[5/6/2017 18:48:7] /m Frost Dragon Vip
[5/6/2017 18:48:7] /m Frost Dragon Vip
[5/6/2017 18:48:7] /m Frost Dragon Vip
[5/6/2017 18:48:8] /m Frost Dragon Vip
[5/6/2017 18:48:8] /m Frost Dragon Vip
[5/6/2017 18:48:9] /m Frost Dragon Vip
[5/6/2017 18:48:9] /m Frost Dragon Vip
[5/6/2017 18:48:9] /m Frost Dragon Vip
[5/6/2017 18:48:10] /m Frost Dragon Vip
[5/6/2017 18:48:10] /m Frost Dragon Vip
[5/6/2017 18:48:10] /m Frost Dragon Vip
[5/6/2017 18:48:11] /m Frost Dragon Vip
[5/6/2017 18:48:11] /m Frost Dragon Vip
[5/6/2017 18:48:11] /m Frost Dragon Vip
[5/6/2017 18:48:12] /m Frost Dragon Vip
[5/6/2017 18:48:12] /m Frost Dragon Vip
[5/6/2017 18:48:12] /m Frost Dragon Vip
[5/6/2017 18:48:13] /m Frost Dragon Vip
[5/6/2017 18:48:13] /m Frost Dragon Vip
[5/6/2017 18:48:14] /m Frost Dragon Vip
[5/6/2017 18:48:14] /m Frost Dragon Vip
[5/6/2017 18:48:14] /m Frost Dragon Vip
[5/6/2017 18:48:15] /m Frost Dragon Vip
[5/6/2017 18:48:15] /m Frost Dragon Vip
[5/6/2017 18:48:15] /m Frost Dragon Vip
[5/6/2017 18:48:16] /m Frost Dragon Vip
[5/6/2017 18:48:16] /m Frost Dragon Vip
[5/6/2017 18:48:17] /m Frost Dragon Vip
[5/6/2017 18:48:17] /m Frost Dragon Vip
[5/6/2017 18:48:17] /m Frost Dragon Vip
[5/6/2017 18:48:18] /m Frost Dragon Vip
[5/6/2017 18:48:19] /m Frost Dragon Vip
[5/6/2017 18:48:59] /r
[5/6/2017 18:49:0] /r
[5/6/2017 18:49:2] /r
[5/6/2017 18:49:3] /r
[5/6/2017 18:49:4] /r
[5/6/2017 18:49:6] /r
[5/6/2017 18:49:9] /r
[5/6/2017 18:49:9] /t
[5/6/2017 18:49:54] /goto Muriley
[5/6/2017 18:50:4] /m Norgle Glacierbeard
[5/6/2017 18:50:15] /m Svoren The Mad
[5/6/2017 18:50:17] /m Svoren The Mad
[5/6/2017 18:50:21] /goto Muriley
[5/6/2017 18:50:53] /m Svoren The Mad
[5/6/2017 18:50:55] /goto Muriley
[5/6/2017 18:51:22] /goto Muriley
[5/6/2017 18:51:28] /t
[5/6/2017 18:52:40] /goto Xareu Jr
[5/6/2017 18:52:50] /t
[5/6/2017 18:53:20] /i crystal coin
[5/6/2017 18:58:39] /m phantom lord
[6/6/2017 11:46:14] !mc
[6/6/2017 11:55:6] /i 12575
[6/6/2017 11:55:12] /i 12396
[6/6/2017 11:57:46] /goto Mage Rushadeira
[6/6/2017 11:57:52] /t
[6/6/2017 12:0:19] /i Double Xp
[6/6/2017 12:0:27] /i 7443
[6/6/2017 12:0:40] /goto Mage Rushadeira
[6/6/2017 12:0:42] /t
[6/6/2017 12:45:31] /m Finger Killer
[6/6/2017 12:45:31] /m Finger Killer
[6/6/2017 12:45:32] /m Finger Killer
[6/6/2017 12:45:32] /t
[6/6/2017 12:46:46] /m Finger Killer
[6/6/2017 12:46:46] /m Finger Killer
[6/6/2017 12:46:47] /m Finger Killer
[6/6/2017 12:46:47] /m Finger Killer
[6/6/2017 12:46:47] /m Finger Killer
[6/6/2017 12:46:48] /t
[6/6/2017 12:47:45] /m Finger Killer
[6/6/2017 12:47:46] /m Finger Killer
[6/6/2017 12:47:46] /m Finger Killer
[6/6/2017 12:47:46] /m Finger Killer
[6/6/2017 12:47:47] /m Finger Killer
[6/6/2017 12:47:47] /m Finger Killer
[6/6/2017 12:47:47] /m Finger Killer
[6/6/2017 12:47:50] /m Finger Killer
[6/6/2017 12:47:50] /m Finger Killer
[6/6/2017 12:47:51] /t
[6/6/2017 12:58:42] /b 13:00 IREI FAZER EVENTO ESCONDE ESCONDE!! VALENDO PRIMEIRA RODADA 1 ADDON DOLL E 2 RODADA CAVE EXCLUSIVA!! CORRAM TEMPLO!!
[6/6/2017 12:58:43] /b 13:00 IREI FAZER EVENTO ESCONDE ESCONDE!! VALENDO PRIMEIRA RODADA 1 ADDON DOLL E 2 RODADA CAVE EXCLUSIVA!! CORRAM TEMPLO!!
[6/6/2017 12:58:45] /b 13:00 IREI FAZER EVENTO ESCONDE ESCONDE!! VALENDO PRIMEIRA RODADA 1 ADDON DOLL E 2 RODADA CAVE EXCLUSIVA!! CORRAM TEMPLO!!
[6/6/2017 12:58:46] /b 13:00 IREI FAZER EVENTO ESCONDE ESCONDE!! VALENDO PRIMEIRA RODADA 1 ADDON DOLL E 2 RODADA CAVE EXCLUSIVA!! CORRAM TEMPLO!!
[6/6/2017 12:58:47] /b 13:00 IREI FAZER EVENTO ESCONDE ESCONDE!! VALENDO PRIMEIRA RODADA 1 ADDON DOLL E 2 RODADA CAVE EXCLUSIVA!! CORRAM TEMPLO!!
[6/6/2017 12:58:49] /b 13:00 IREI FAZER EVENTO ESCONDE ESCONDE!! VALENDO PRIMEIRA RODADA 1 ADDON DOLL E 2 RODADA CAVE EXCLUSIVA!! CORRAM TEMPLO!!
[6/6/2017 12:58:53] /i addon doll
[6/6/2017 12:58:58] /i cave exclusiva
[6/6/2017 12:59:1] /b 13:00 IREI FAZER EVENTO ESCONDE ESCONDE!! VALENDO PRIMEIRA RODADA 1 ADDON DOLL E 2 RODADA CAVE EXCLUSIVA!! CORRAM TEMPLO!!
[6/6/2017 12:59:2] /b 13:00 IREI FAZER EVENTO ESCONDE ESCONDE!! VALENDO PRIMEIRA RODADA 1 ADDON DOLL E 2 RODADA CAVE EXCLUSIVA!! CORRAM TEMPLO!!
[6/6/2017 12:59:4] /b 13:00 IREI FAZER EVENTO ESCONDE ESCONDE!! VALENDO PRIMEIRA RODADA 1 ADDON DOLL E 2 RODADA CAVE EXCLUSIVA!! CORRAM TEMPLO!!
[6/6/2017 12:59:5] /b 13:00 IREI FAZER EVENTO ESCONDE ESCONDE!! VALENDO PRIMEIRA RODADA 1 ADDON DOLL E 2 RODADA CAVE EXCLUSIVA!! CORRAM TEMPLO!!
[6/6/2017 12:59:6] /b 13:00 IREI FAZER EVENTO ESCONDE ESCONDE!! VALENDO PRIMEIRA RODADA 1 ADDON DOLL E 2 RODADA CAVE EXCLUSIVA!! CORRAM TEMPLO!!
[6/6/2017 12:59:7] /b 13:00 IREI FAZER EVENTO ESCONDE ESCONDE!! VALENDO PRIMEIRA RODADA 1 ADDON DOLL E 2 RODADA CAVE EXCLUSIVA!! CORRAM TEMPLO!!
[6/6/2017 12:59:35] /b 13:00 IREI FAZER EVENTO ESCONDE ESCONDE!! VALENDO PRIMEIRA RODADA 1 ADDON DOLL E 2 RODADA CAVE EXCLUSIVA!! CORRAM TEMPLO!!
[6/6/2017 12:59:36] /b 13:00 IREI FAZER EVENTO ESCONDE ESCONDE!! VALENDO PRIMEIRA RODADA 1 ADDON DOLL E 2 RODADA CAVE EXCLUSIVA!! CORRAM TEMPLO!!
[6/6/2017 12:59:37] /b 13:00 IREI FAZER EVENTO ESCONDE ESCONDE!! VALENDO PRIMEIRA RODADA 1 ADDON DOLL E 2 RODADA CAVE EXCLUSIVA!! CORRAM TEMPLO!!
[6/6/2017 12:59:43] /b 13:00 IREI FAZER EVENTO ESCONDE ESCONDE!! VALENDO PRIMEIRA RODADA 1 ADDON DOLL E 2 RODADA CAVE EXCLUSIVA!! CORRAM TEMPLO!!
[6/6/2017 12:59:53] /r
[6/6/2017 12:59:57] /r
[6/6/2017 12:59:59] /r
[6/6/2017 13:0:0] /r
[6/6/2017 13:0:1] /r
[6/6/2017 13:0:18] /ghost
[6/6/2017 13:0:42] /b PRIMEIRO QUE ME ACHAR GANHA 1 ADDON DOLL!! VALENDO!!
[6/6/2017 13:0:43] /b PRIMEIRO QUE ME ACHAR GANHA 1 ADDON DOLL!! VALENDO!!
[6/6/2017 13:0:44] /b PRIMEIRO QUE ME ACHAR GANHA 1 ADDON DOLL!! VALENDO!!
[6/6/2017 13:0:45] /b PRIMEIRO QUE ME ACHAR GANHA 1 ADDON DOLL!! VALENDO!!
[6/6/2017 13:0:45] /b PRIMEIRO QUE ME ACHAR GANHA 1 ADDON DOLL!! VALENDO!!
[6/6/2017 13:0:46] /b PRIMEIRO QUE ME ACHAR GANHA 1 ADDON DOLL!! VALENDO!!
[6/6/2017 13:0:46] /b PRIMEIRO QUE ME ACHAR GANHA 1 ADDON DOLL!! VALENDO!!
[6/6/2017 13:0:47] /b PRIMEIRO QUE ME ACHAR GANHA 1 ADDON DOLL!! VALENDO!!
[6/6/2017 13:0:47] /b PRIMEIRO QUE ME ACHAR GANHA 1 ADDON DOLL!! VALENDO!!
[6/6/2017 13:1:20] /b PRIMEIRO QUE ME ACHAR GANHA 1 ADDON DOLL!! VALENDO!!
[6/6/2017 13:1:21] /b PRIMEIRO QUE ME ACHAR GANHA 1 ADDON DOLL!! VALENDO!!
[6/6/2017 13:2:30] /c Druid Rush
[6/6/2017 13:2:41] /b DRUID RUSH ACHOU!!
[6/6/2017 13:2:49] /t Druid Rush
[6/6/2017 13:2:50] /ghost
[6/6/2017 13:2:53] /t
[6/6/2017 13:5:5] /ghost
[6/6/2017 13:5:37] /b O PRIMEIRO QUE ME ACHAR AGORA GANHARÁ UM CAVE EXCLUSIVA!! VALENDO!!
[6/6/2017 13:5:38] /b O PRIMEIRO QUE ME ACHAR AGORA GANHARÁ UM CAVE EXCLUSIVA!! VALENDO!!
[6/6/2017 13:5:38] /b O PRIMEIRO QUE ME ACHAR AGORA GANHARÁ UM CAVE EXCLUSIVA!! VALENDO!!
[6/6/2017 13:5:39] /b O PRIMEIRO QUE ME ACHAR AGORA GANHARÁ UM CAVE EXCLUSIVA!! VALENDO!!
[6/6/2017 13:5:44] /b O PRIMEIRO QUE ME ACHAR AGORA GANHARÁ UM CAVE EXCLUSIVA!! VALENDO!!
[6/6/2017 13:5:45] /b O PRIMEIRO QUE ME ACHAR AGORA GANHARÁ UM CAVE EXCLUSIVA!! VALENDO!!
[6/6/2017 13:5:46] /b O PRIMEIRO QUE ME ACHAR AGORA GANHARÁ UM CAVE EXCLUSIVA!! VALENDO!!
[6/6/2017 13:6:0] /b O PRIMEIRO QUE ME ACHAR AGORA GANHARÁ UM CAVE EXCLUSIVA!! VALENDO!!
[6/6/2017 13:6:1] /b O PRIMEIRO QUE ME ACHAR AGORA GANHARÁ UM CAVE EXCLUSIVA!! VALENDO!!
[6/6/2017 13:6:18] /b 1 Dica: Estou perto de lobos.
[6/6/2017 13:6:38] /i bag
[6/6/2017 13:7:5] /b O PRIMEIRO QUE ME ACHAR AGORA GANHARÁ UM CAVE EXCLUSIVA!! VALENDO!!
[6/6/2017 13:7:16] /b O PRIMEIRO QUE ME ACHAR AGORA GANHARÁ UM CAVE EXCLUSIVA!! VALENDO!!
[6/6/2017 13:7:32] /b Arqueiro Black ACHOU!!
[6/6/2017 13:7:34] /b Arqueiro Black ACHOU!!
[6/6/2017 13:7:43] /i 1484
[6/6/2017 13:7:59] /r
[6/6/2017 13:8:2] /ghost
[6/6/2017 13:8:25] /m Finger killer
[6/6/2017 13:10:40] /ghost
[6/6/2017 13:10:47] /r
[6/6/2017 13:10:52] /r
[6/6/2017 13:10:53] /r
[6/6/2017 13:10:54] /ghost
[6/6/2017 13:10:58] /t
[6/6/2017 13:11:29] /i addon doll
[6/6/2017 13:11:37] /t
[6/6/2017 13:13:28] /goto super pai
[6/6/2017 13:13:32] /ghost
[6/6/2017 13:13:41] /ghost
[6/6/2017 13:13:43] /t
[6/6/2017 13:14:41] /goto super pai
[6/6/2017 13:14:45] /t
[6/6/2017 14:0:10] /m Green Phantom
[6/6/2017 14:0:11] /m Green Phantom
[6/6/2017 14:0:11] /m Green Phantom
[6/6/2017 14:0:12] /m Green Phantom
[6/6/2017 14:0:12] /m Green Phantom
[6/6/2017 14:0:12] /m Green Phantom
[6/6/2017 14:0:13] /m Green Phantom
[6/6/2017 14:0:13] /m Green Phantom
[6/6/2017 14:0:14] /m Green Phantom
[6/6/2017 14:0:15] /t
[6/6/2017 14:10:47] /goto Naumehojefff
[6/6/2017 14:11:18] /goto Crazy
[6/6/2017 14:21:50] /r
[6/6/2017 14:22:1] /r
[6/6/2017 14:22:2] /r
[6/6/2017 14:22:9] /r
[6/6/2017 14:22:40] /r
[6/6/2017 14:22:40] /r
[6/6/2017 14:22:41] /r
[6/6/2017 14:22:41] /r
[6/6/2017 14:22:47] /r
[6/6/2017 14:22:47] /r
[6/6/2017 14:22:47] /r
[6/6/2017 14:23:5] /clean
[6/6/2017 14:23:30] /clean
[6/6/2017 14:24:20] /clean
[6/6/2017 14:24:29] /clean
[6/6/2017 14:24:57] /clean
[6/6/2017 14:25:24] /i 1484
[6/6/2017 14:26:11] /clean
[6/6/2017 14:26:25] /r
[6/6/2017 14:31:36] /clean
[6/6/2017 14:41:2] /i 7441
[6/6/2017 14:41:5] /i 7443
[6/6/2017 14:41:55] /i 7443
[6/6/2017 14:42:5] /i Stamina Refil
[6/6/2017 14:42:9] /i Stamina Potion
[6/6/2017 14:42:12] /i Stamina Potion
[6/6/2017 14:42:31] /goto Mage Rushadeira
[6/6/2017 14:42:38] /t
[6/6/2017 14:47:24] /t Proks
[6/6/2017 15:3:58] /goto Mage Rushadeira
[6/6/2017 15:4:0] /c Netoo Rush
[6/6/2017 15:4:3] /c Netoo Rush
[6/6/2017 15:4:18] /t
[6/6/2017 15:4:38] /goto Mage Rushadeira
[6/6/2017 15:4:41] /c Netoo Rush
[6/6/2017 15:4:44] /c Netoo Rush
[6/6/2017 15:4:48] /c Netoo Rush
[6/6/2017 15:5:17] /c Netoo Rush
[6/6/2017 15:5:18] /c Netoo Rush
[6/6/2017 15:5:50] /c Netoo Rush
[6/6/2017 15:9:3] /goto Mage Rushadeira
[6/6/2017 15:9:5] /r
[6/6/2017 15:9:6] /r
[6/6/2017 15:10:19] /t
[6/6/2017 15:11:29] /goto Mage Rushadeira
[6/6/2017 15:11:33] /t
[6/6/2017 15:40:24] /m Phantom Lord
[6/6/2017 15:40:24] /m Phantom Lord
[6/6/2017 15:40:25] /m Phantom Lord
[6/6/2017 15:40:25] /m Phantom Lord
[6/6/2017 15:40:26] /m Phantom Lord
[6/6/2017 15:40:26] /m Phantom Lord
[6/6/2017 15:40:27] /m Phantom Lord
[6/6/2017 15:40:27] /m Phantom Lord
[6/6/2017 15:40:30] /m Phantom Lord
[6/6/2017 15:40:30] /m Phantom Lord
[6/6/2017 15:40:31] /m Phantom Lord
[6/6/2017 15:40:31] /m Phantom Lord
[6/6/2017 15:40:33] /m Phantom Lord
[6/6/2017 15:40:33] /m Phantom Lord
[6/6/2017 15:40:33] /m Phantom Lord
[6/6/2017 15:40:34] /m Phantom Lord
[6/6/2017 15:40:34] /m Phantom Lord
[6/6/2017 15:40:35] /t
[6/6/2017 15:43:11] /m Phantom Lord
[6/6/2017 15:43:11] /m Phantom Lord
[6/6/2017 15:43:11] /m Phantom Lord
[6/6/2017 15:43:12] /m Phantom Lord
[6/6/2017 15:43:12] /m Phantom Lord
[6/6/2017 15:43:12] /m Phantom Lord
[6/6/2017 15:43:12] /m Phantom Lord
[6/6/2017 15:43:12] /m Phantom Lord
[6/6/2017 15:43:12] /m Phantom Lord
[6/6/2017 15:43:13] /m Phantom Lord
[6/6/2017 15:43:13] /m Phantom Lord
[6/6/2017 15:43:13] /m Phantom Lord
[6/6/2017 15:43:13] /m Phantom Lord
[6/6/2017 15:43:13] /m Phantom Lord
[6/6/2017 15:43:13] /m Phantom Lord
[6/6/2017 15:43:14] /m Phantom Lord
[6/6/2017 15:43:14] /t
[6/6/2017 15:44:0] /r
[6/6/2017 15:44:1] /r
[6/6/2017 15:44:1] /r
[6/6/2017 15:44:3] /r
[6/6/2017 15:44:4] /r
[6/6/2017 15:44:7] /r
[6/6/2017 15:44:9] /r
[6/6/2017 15:44:10] /r
[6/6/2017 15:44:11] /r
[6/6/2017 15:44:15] /r
[6/6/2017 15:44:16] /r
[6/6/2017 15:44:17] /r
[6/6/2017 15:44:18] /r
[6/6/2017 15:44:22] /r
[6/6/2017 15:44:24] /r
[6/6/2017 15:44:26] /r
[6/6/2017 15:44:37] /r
[6/6/2017 15:44:38] /r
[6/6/2017 15:44:40] /r
[6/6/2017 15:44:43] /r
[6/6/2017 15:44:47] /r
[6/6/2017 15:44:52] /r
[6/6/2017 15:44:54] /r
[6/6/2017 15:44:55] /r
[6/6/2017 15:45:5] /r
[6/6/2017 15:45:6] /r
[6/6/2017 15:45:7] /r
[6/6/2017 15:45:9] /r
[6/6/2017 15:48:58] /i crystal coin
[6/6/2017 15:49:0] /i crystal coin
[6/6/2017 15:49:1] /i crystal coin
[6/6/2017 15:49:2] /i crystal coin
[6/6/2017 15:49:2] /i crystal coin
[6/6/2017 15:53:52] /i 9971
[6/6/2017 15:59:27] /bc AREA DONATE LIBERADA ATÉ 17:00 APROVEITA PRA FAZER A QUEST ANTES QUE FECHA!!! CHAMA Maaarialuizaa 
[6/6/2017 15:59:28] /bc AREA DONATE LIBERADA ATÉ 17:00 APROVEITA PRA FAZER A QUEST ANTES QUE FECHA!!! CHAMA Maaarialuizaa 
[6/6/2017 15:59:29] /bc AREA DONATE LIBERADA ATÉ 17:00 APROVEITA PRA FAZER A QUEST ANTES QUE FECHA!!! CHAMA Maaarialuizaa 
[6/6/2017 15:59:30] /bc AREA DONATE LIBERADA ATÉ 17:00 APROVEITA PRA FAZER A QUEST ANTES QUE FECHA!!! CHAMA Maaarialuizaa 
[6/6/2017 15:59:30] /bc AREA DONATE LIBERADA ATÉ 17:00 APROVEITA PRA FAZER A QUEST ANTES QUE FECHA!!! CHAMA Maaarialuizaa 
[6/6/2017 15:59:31] /bc AREA DONATE LIBERADA ATÉ 17:00 APROVEITA PRA FAZER A QUEST ANTES QUE FECHA!!! CHAMA Maaarialuizaa 
[6/6/2017 15:59:31] /bc AREA DONATE LIBERADA ATÉ 17:00 APROVEITA PRA FAZER A QUEST ANTES QUE FECHA!!! CHAMA Maaarialuizaa 
[6/6/2017 15:59:32] /bc AREA DONATE LIBERADA ATÉ 17:00 APROVEITA PRA FAZER A QUEST ANTES QUE FECHA!!! CHAMA Maaarialuizaa 
[6/6/2017 15:59:32] /bc AREA DONATE LIBERADA ATÉ 17:00 APROVEITA PRA FAZER A QUEST ANTES QUE FECHA!!! CHAMA Maaarialuizaa 
[6/6/2017 15:59:33] /bc AREA DONATE LIBERADA ATÉ 17:00 APROVEITA PRA FAZER A QUEST ANTES QUE FECHA!!! CHAMA Maaarialuizaa 
[6/6/2017 16:0:33] /bc AREA DONATE LIBERADA ATÉ 17:00 APROVEITA PRA FAZER A QUEST ANTES QUE FECHA!!! CHAMA Maaarialuizaa 
[6/6/2017 16:0:34] /bc AREA DONATE LIBERADA ATÉ 17:00 APROVEITA PRA FAZER A QUEST ANTES QUE FECHA!!! CHAMA Maaarialuizaa 
[6/6/2017 16:0:35] /bc AREA DONATE LIBERADA ATÉ 17:00 APROVEITA PRA FAZER A QUEST ANTES QUE FECHA!!! CHAMA Maaarialuizaa 
[6/6/2017 16:0:35] /bc AREA DONATE LIBERADA ATÉ 17:00 APROVEITA PRA FAZER A QUEST ANTES QUE FECHA!!! CHAMA Maaarialuizaa 
[6/6/2017 16:0:36] /bc AREA DONATE LIBERADA ATÉ 17:00 APROVEITA PRA FAZER A QUEST ANTES QUE FECHA!!! CHAMA Maaarialuizaa 
[6/6/2017 16:0:37] /bc AREA DONATE LIBERADA ATÉ 17:00 APROVEITA PRA FAZER A QUEST ANTES QUE FECHA!!! CHAMA Maaarialuizaa 
[6/6/2017 16:0:38] /bc AREA DONATE LIBERADA ATÉ 17:00 APROVEITA PRA FAZER A QUEST ANTES QUE FECHA!!! CHAMA Maaarialuizaa 
[6/6/2017 16:0:40] /bc AREA DONATE LIBERADA ATÉ 17:00 APROVEITA PRA FAZER A QUEST ANTES QUE FECHA!!! CHAMA Maaarialuizaa 
[6/6/2017 16:0:52] /goto Maaarialuizaa
[6/6/2017 16:1:2] /t
[6/6/2017 16:2:5] /bc AREA DONATE FECHARÁ AS 17:00 APROVEITEM E PRA FAZER A QUEST!!! ANTES QUE FECHA!!!
[6/6/2017 16:2:5] /bc AREA DONATE FECHARÁ AS 17:00 APROVEITEM E PRA FAZER A QUEST!!! ANTES QUE FECHA!!!
[6/6/2017 16:2:6] /bc AREA DONATE FECHARÁ AS 17:00 APROVEITEM E PRA FAZER A QUEST!!! ANTES QUE FECHA!!!
[6/6/2017 16:2:6] /bc AREA DONATE FECHARÁ AS 17:00 APROVEITEM E PRA FAZER A QUEST!!! ANTES QUE FECHA!!!
[6/6/2017 16:2:7] /bc AREA DONATE FECHARÁ AS 17:00 APROVEITEM E PRA FAZER A QUEST!!! ANTES QUE FECHA!!!
[6/6/2017 16:2:8] /bc AREA DONATE FECHARÁ AS 17:00 APROVEITEM E PRA FAZER A QUEST!!! ANTES QUE FECHA!!!
[6/6/2017 16:2:8] /bc AREA DONATE FECHARÁ AS 17:00 APROVEITEM E PRA FAZER A QUEST!!! ANTES QUE FECHA!!!
[6/6/2017 16:2:9] /bc AREA DONATE FECHARÁ AS 17:00 APROVEITEM E PRA FAZER A QUEST!!! ANTES QUE FECHA!!!
[6/6/2017 16:2:36] /bc AREA DONATE FECHARÁ AS 17:00 APROVEITEM E PRA FAZER A QUEST!!! ANTES QUE FECHA!!!
[6/6/2017 16:2:37] /bc AREA DONATE FECHARÁ AS 17:00 APROVEITEM E PRA FAZER A QUEST!!! ANTES QUE FECHA!!!
[6/6/2017 16:2:37] /bc AREA DONATE FECHARÁ AS 17:00 APROVEITEM E PRA FAZER A QUEST!!! ANTES QUE FECHA!!!
[6/6/2017 16:2:38] /bc AREA DONATE FECHARÁ AS 17:00 APROVEITEM E PRA FAZER A QUEST!!! ANTES QUE FECHA!!!
[6/6/2017 16:2:38] /bc AREA DONATE FECHARÁ AS 17:00 APROVEITEM E PRA FAZER A QUEST!!! ANTES QUE FECHA!!!
[6/6/2017 16:2:39] /bc AREA DONATE FECHARÁ AS 17:00 APROVEITEM E PRA FAZER A QUEST!!! ANTES QUE FECHA!!!
[6/6/2017 16:2:39] /bc AREA DONATE FECHARÁ AS 17:00 APROVEITEM E PRA FAZER A QUEST!!! ANTES QUE FECHA!!!
[6/6/2017 16:4:17] /goto Mega Rush
[6/6/2017 16:4:18] /ghost
[6/6/2017 16:4:26] /ghost
[6/6/2017 16:5:0] /c Mega Rush
[6/6/2017 16:5:11] /t
[6/6/2017 16:13:57] !mc
[7/6/2017 17:57:22] /i 9971
[7/6/2017 17:57:43] /b QUALQUER DUVIDA CHAMA "AJUDA"
[7/6/2017 17:57:43] /b QUALQUER DUVIDA CHAMA "AJUDA"
[7/6/2017 17:57:44] /b QUALQUER DUVIDA CHAMA "AJUDA"
[7/6/2017 17:57:45] /b QUALQUER DUVIDA CHAMA "AJUDA"
[7/6/2017 18:4:35] /goto Phanton
[7/6/2017 18:8:51] /goto Ed nois
[7/6/2017 18:11:18] /bc GALERA [HOJE 07.06] TEM BOSS QUE DROPA DONATE NA CITY!! AS 20:00
[7/6/2017 18:11:19] /bc GALERA [HOJE 07.06] TEM BOSS QUE DROPA DONATE NA CITY!! AS 20:00
[7/6/2017 18:11:20] /bc GALERA [HOJE 07.06] TEM BOSS QUE DROPA DONATE NA CITY!! AS 20:00
[7/6/2017 18:11:22] /bc GALERA [HOJE 07.06] TEM BOSS QUE DROPA DONATE NA CITY!! AS 20:00
[7/6/2017 18:11:22] /bc GALERA [HOJE 07.06] TEM BOSS QUE DROPA DONATE NA CITY!! AS 20:00
[7/6/2017 18:11:57] /m The Boss Striker
[7/6/2017 18:12:14] /m Phantom Lord
[7/6/2017 18:12:15] /m Phantom Lord
[7/6/2017 18:12:15] /m Phantom Lord
[7/6/2017 18:12:16] /m Phantom Lord
[7/6/2017 18:12:16] /m Phantom Lord
[7/6/2017 18:12:16] /m Phantom Lord
[7/6/2017 18:12:20] /m Phantom Lord
[7/6/2017 18:12:20] /m Phantom Lord
[7/6/2017 18:12:21] /m Phantom Lord
[7/6/2017 18:12:21] /m Phantom Lord
[7/6/2017 18:12:22] /t
[7/6/2017 18:12:45] /bc GALERA [HOJE 07.06] TEM BOSS QUE DROPA DONATE NA CITY!! AS 20:00
[7/6/2017 18:12:46] /bc GALERA [HOJE 07.06] TEM BOSS QUE DROPA DONATE NA CITY!! AS 20:00
[7/6/2017 18:12:47] /bc GALERA [HOJE 07.06] TEM BOSS QUE DROPA DONATE NA CITY!! AS 20:00
[7/6/2017 18:12:47] /bc GALERA [HOJE 07.06] TEM BOSS QUE DROPA DONATE NA CITY!! AS 20:00
[7/6/2017 18:13:33] /bc GALERA [HOJE 07.06] TEM BOSS QUE DROPA DONATE NA CITY!! AS 20:00
[7/6/2017 18:13:35] /bc GALERA [HOJE 07.06] TEM BOSS QUE DROPA DONATE NA CITY!! AS 20:00
[7/6/2017 18:13:35] /bc GALERA [HOJE 07.06] TEM BOSS QUE DROPA DONATE NA CITY!! AS 20:00
[7/6/2017 18:13:36] /bc GALERA [HOJE 07.06] TEM BOSS QUE DROPA DONATE NA CITY!! AS 20:00
[7/6/2017 18:13:37] /bc GALERA [HOJE 07.06] TEM BOSS QUE DROPA DONATE NA CITY!! AS 20:00
[7/6/2017 18:13:37] /bc GALERA [HOJE 07.06] TEM BOSS QUE DROPA DONATE NA CITY!! AS 20:00
[7/6/2017 18:13:38] /bc GALERA [HOJE 07.06] TEM BOSS QUE DROPA DONATE NA CITY!! AS 20:00
[7/6/2017 18:13:39] /bc GALERA [HOJE 07.06] TEM BOSS QUE DROPA DONATE NA CITY!! AS 20:00
[7/6/2017 18:13:40] /bc GALERA [HOJE 07.06] TEM BOSS QUE DROPA DONATE NA CITY!! AS 20:00
[7/6/2017 18:14:2] /bc GALERA [HOJE 07.06] TEM BOSS QUE DROPA DONATE NA CITY!! AS 20:00
[7/6/2017 18:14:3] /bc GALERA [HOJE 07.06] TEM BOSS QUE DROPA DONATE NA CITY!! AS 20:00
[7/6/2017 18:14:29] /bc GALERA [HOJE 07.06] TEM BOSS QUE DROPA DONATE NA CITY!! AS 20:00  >>> AREA DONATE SERÁ FECHADO AS 20:00
[7/6/2017 18:14:31] /bc GALERA [HOJE 07.06] TEM BOSS QUE DROPA DONATE NA CITY!! AS 20:00  >>> AREA DONATE SERÁ FECHADO AS 20:00
[7/6/2017 18:14:35] /bc GALERA [HOJE 07.06] TEM BOSS QUE DROPA DONATE NA CITY!! AS 20:00  >>> AREA DONATE SERÁ FECHADO AS 20:00
[7/6/2017 18:14:43] /bc GALERA [HOJE 07.06] TEM BOSS QUE DROPA DONATE NA CITY!! AS 20:00  >>> AREA DONATE SERÁ FECHADO AS 20:00
[7/6/2017 18:14:47] /bc GALERA [HOJE 07.06] TEM BOSS QUE DROPA DONATE NA CITY!! AS 20:00  >>> AREA DONATE SERÁ FECHADO AS 20:00
[7/6/2017 18:14:50] /bc GALERA [HOJE 07.06] TEM BOSS QUE DROPA DONATE NA CITY!! AS 20:00  >>> AREA DONATE SERÁ FECHADO AS 20:00
[7/6/2017 18:14:50] /bc GALERA [HOJE 07.06] TEM BOSS QUE DROPA DONATE NA CITY!! AS 20:00  >>> AREA DONATE SERÁ FECHADO AS 20:00
[7/6/2017 18:14:50] /bc GALERA [HOJE 07.06] TEM BOSS QUE DROPA DONATE NA CITY!! AS 20:00  >>> AREA DONATE SERÁ FECHADO AS 20:00
[7/6/2017 18:14:51] /bc GALERA [HOJE 07.06] TEM BOSS QUE DROPA DONATE NA CITY!! AS 20:00  >>> AREA DONATE SERÁ FECHADO AS 20:00
[7/6/2017 18:14:51] /bc GALERA [HOJE 07.06] TEM BOSS QUE DROPA DONATE NA CITY!! AS 20:00  >>> AREA DONATE SERÁ FECHADO AS 20:00
[7/6/2017 18:14:52] /bc GALERA [HOJE 07.06] TEM BOSS QUE DROPA DONATE NA CITY!! AS 20:00  >>> AREA DONATE SERÁ FECHADO AS 20:00
[7/6/2017 18:14:52] /bc GALERA [HOJE 07.06] TEM BOSS QUE DROPA DONATE NA CITY!! AS 20:00  >>> AREA DONATE SERÁ FECHADO AS 20:00
[7/6/2017 18:14:52] /bc GALERA [HOJE 07.06] TEM BOSS QUE DROPA DONATE NA CITY!! AS 20:00  >>> AREA DONATE SERÁ FECHADO AS 20:00
[7/6/2017 18:14:52] /bc GALERA [HOJE 07.06] TEM BOSS QUE DROPA DONATE NA CITY!! AS 20:00  >>> AREA DONATE SERÁ FECHADO AS 20:00
[7/6/2017 18:14:52] /bc GALERA [HOJE 07.06] TEM BOSS QUE DROPA DONATE NA CITY!! AS 20:00  >>> AREA DONATE SERÁ FECHADO AS 20:00
[7/6/2017 18:14:53] /bc GALERA [HOJE 07.06] TEM BOSS QUE DROPA DONATE NA CITY!! AS 20:00  >>> AREA DONATE SERÁ FECHADO AS 20:00
[7/6/2017 18:14:53] /bc GALERA [HOJE 07.06] TEM BOSS QUE DROPA DONATE NA CITY!! AS 20:00  >>> AREA DONATE SERÁ FECHADO AS 20:00
[7/6/2017 18:14:53] /bc GALERA [HOJE 07.06] TEM BOSS QUE DROPA DONATE NA CITY!! AS 20:00  >>> AREA DONATE SERÁ FECHADO AS 20:00
[7/6/2017 18:14:53] /bc GALERA [HOJE 07.06] TEM BOSS QUE DROPA DONATE NA CITY!! AS 20:00  >>> AREA DONATE SERÁ FECHADO AS 20:00
[7/6/2017 18:14:53] /bc GALERA [HOJE 07.06] TEM BOSS QUE DROPA DONATE NA CITY!! AS 20:00  >>> AREA DONATE SERÁ FECHADO AS 20:00
[7/6/2017 18:15:5] /bc GALERA [HOJE 07.06] TEM BOSS QUE DROPA DONATE NA CITY!! AS 20:00  >>> AREA DONATE SERÁ FECHADO AS 20:00
[7/6/2017 18:15:6] /bc GALERA [HOJE 07.06] TEM BOSS QUE DROPA DONATE NA CITY!! AS 20:00  >>> AREA DONATE SERÁ FECHADO AS 20:00
[7/6/2017 18:15:6] /bc GALERA [HOJE 07.06] TEM BOSS QUE DROPA DONATE NA CITY!! AS 20:00  >>> AREA DONATE SERÁ FECHADO AS 20:00
[7/6/2017 18:15:6] /bc GALERA [HOJE 07.06] TEM BOSS QUE DROPA DONATE NA CITY!! AS 20:00  >>> AREA DONATE SERÁ FECHADO AS 20:00
[7/6/2017 18:15:7] /bc GALERA [HOJE 07.06] TEM BOSS QUE DROPA DONATE NA CITY!! AS 20:00  >>> AREA DONATE SERÁ FECHADO AS 20:00
[7/6/2017 18:15:20] /bc GALERA [HOJE 07.06] TEM BOSS QUE DROPA DONATE NA CITY!! AS 20:00  >>> AREA DONATE SERÁ FECHADO AS 20:00
[7/6/2017 18:15:20] /bc GALERA [HOJE 07.06] TEM BOSS QUE DROPA DONATE NA CITY!! AS 20:00  >>> AREA DONATE SERÁ FECHADO AS 20:00
[7/6/2017 18:15:21] /bc GALERA [HOJE 07.06] TEM BOSS QUE DROPA DONATE NA CITY!! AS 20:00  >>> AREA DONATE SERÁ FECHADO AS 20:00
[7/6/2017 18:15:21] /bc GALERA [HOJE 07.06] TEM BOSS QUE DROPA DONATE NA CITY!! AS 20:00  >>> AREA DONATE SERÁ FECHADO AS 20:00
[7/6/2017 18:15:21] /bc GALERA [HOJE 07.06] TEM BOSS QUE DROPA DONATE NA CITY!! AS 20:00  >>> AREA DONATE SERÁ FECHADO AS 20:00
[7/6/2017 18:15:21] /bc GALERA [HOJE 07.06] TEM BOSS QUE DROPA DONATE NA CITY!! AS 20:00  >>> AREA DONATE SERÁ FECHADO AS 20:00
[7/6/2017 18:15:21] /bc GALERA [HOJE 07.06] TEM BOSS QUE DROPA DONATE NA CITY!! AS 20:00  >>> AREA DONATE SERÁ FECHADO AS 20:00
[7/6/2017 18:15:21] /bc GALERA [HOJE 07.06] TEM BOSS QUE DROPA DONATE NA CITY!! AS 20:00  >>> AREA DONATE SERÁ FECHADO AS 20:00
[7/6/2017 18:15:21] /bc GALERA [HOJE 07.06] TEM BOSS QUE DROPA DONATE NA CITY!! AS 20:00  >>> AREA DONATE SERÁ FECHADO AS 20:00
[7/6/2017 18:15:22] /bc GALERA [HOJE 07.06] TEM BOSS QUE DROPA DONATE NA CITY!! AS 20:00  >>> AREA DONATE SERÁ FECHADO AS 20:00
[7/6/2017 18:15:22] /bc GALERA [HOJE 07.06] TEM BOSS QUE DROPA DONATE NA CITY!! AS 20:00  >>> AREA DONATE SERÁ FECHADO AS 20:00
[7/6/2017 18:15:22] /bc GALERA [HOJE 07.06] TEM BOSS QUE DROPA DONATE NA CITY!! AS 20:00  >>> AREA DONATE SERÁ FECHADO AS 20:00
[7/6/2017 18:15:22] /bc GALERA [HOJE 07.06] TEM BOSS QUE DROPA DONATE NA CITY!! AS 20:00  >>> AREA DONATE SERÁ FECHADO AS 20:00
[7/6/2017 18:15:22] /bc GALERA [HOJE 07.06] TEM BOSS QUE DROPA DONATE NA CITY!! AS 20:00  >>> AREA DONATE SERÁ FECHADO AS 20:00
[7/6/2017 18:16:32] /bc GALERA [HOJE 07.06] TEM BOSS QUE DROPA DONATE NA CITY!! AS 20:00  >>> AREA DONATE SERÁ FECHADO AS 20:00
[7/6/2017 18:16:32] /bc GALERA [HOJE 07.06] TEM BOSS QUE DROPA DONATE NA CITY!! AS 20:00  >>> AREA DONATE SERÁ FECHADO AS 20:00
[7/6/2017 18:16:32] /bc GALERA [HOJE 07.06] TEM BOSS QUE DROPA DONATE NA CITY!! AS 20:00  >>> AREA DONATE SERÁ FECHADO AS 20:00
[7/6/2017 18:16:32] /bc GALERA [HOJE 07.06] TEM BOSS QUE DROPA DONATE NA CITY!! AS 20:00  >>> AREA DONATE SERÁ FECHADO AS 20:00
[7/6/2017 18:16:33] /bc GALERA [HOJE 07.06] TEM BOSS QUE DROPA DONATE NA CITY!! AS 20:00  >>> AREA DONATE SERÁ FECHADO AS 20:00
[7/6/2017 18:16:33] /bc GALERA [HOJE 07.06] TEM BOSS QUE DROPA DONATE NA CITY!! AS 20:00  >>> AREA DONATE SERÁ FECHADO AS 20:00
[7/6/2017 18:16:33] /bc GALERA [HOJE 07.06] TEM BOSS QUE DROPA DONATE NA CITY!! AS 20:00  >>> AREA DONATE SERÁ FECHADO AS 20:00
[7/6/2017 18:16:33] /bc GALERA [HOJE 07.06] TEM BOSS QUE DROPA DONATE NA CITY!! AS 20:00  >>> AREA DONATE SERÁ FECHADO AS 20:00
[7/6/2017 18:16:43] /m Phantom Lord
[7/6/2017 18:16:43] /m Phantom Lord
[7/6/2017 18:16:43] /m Phantom Lord
[7/6/2017 18:16:43] /m Phantom Lord
[7/6/2017 18:16:44] /m Phantom Lord
[7/6/2017 18:16:44] /m Phantom Lord
[7/6/2017 18:16:44] /m Phantom Lord
[7/6/2017 18:16:44] /m Phantom Lord
[7/6/2017 18:16:44] /m Phantom Lord
[7/6/2017 18:16:45] /m Phantom Lord
[7/6/2017 18:16:45] /m Phantom Lord
[7/6/2017 18:16:45] /t
[7/6/2017 18:24:2] /i spellbook of dark mysteries
[7/6/2017 18:24:56] /r
[7/6/2017 18:25:4] /r
[7/6/2017 18:25:16] /r
[7/6/2017 18:25:20] /r
[7/6/2017 18:25:21] /r
[7/6/2017 18:25:22] /r
[7/6/2017 18:25:23] /r
[7/6/2017 18:25:49] /goto Mage Rushadeira
[7/6/2017 18:26:13] /m Phelps
[7/6/2017 18:26:13] /m Phelps
[7/6/2017 18:26:14] /m Phelps
[7/6/2017 18:26:14] /m Phelps
[7/6/2017 18:26:14] /m Phelps
[7/6/2017 18:26:15] /m Phelps
[7/6/2017 18:26:28] /m Phelps
[7/6/2017 18:26:29] /m Phelps
[7/6/2017 18:26:29] /m Phelps
[7/6/2017 18:26:29] /m Phelps
[7/6/2017 18:26:32] /m Phelps
[7/6/2017 18:26:33] /m Phelps
[7/6/2017 18:26:53] /m Phelps
[7/6/2017 18:26:53] /m Phelps
[7/6/2017 18:26:55] /m Phelps
[7/6/2017 18:26:56] /m Phelps
[7/6/2017 18:26:58] /m Phelps
[7/6/2017 18:26:59] /m Phelps
[7/6/2017 18:27:0] /m Phelps
[7/6/2017 18:27:1] /m Phelps
[7/6/2017 18:27:1] /m Phelps
[7/6/2017 18:27:9] /m Phelps
[7/6/2017 18:27:11] /m Phelps
[7/6/2017 18:27:15] /m Phelps
[7/6/2017 18:27:18] /m Phelps
[7/6/2017 18:27:40] /m Baron Of The Room
[7/6/2017 18:27:55] /bc GALERA [HOJE 07.06] TEM BOSS QUE DROPA DONATE NA CITY!! AS 20:00  >>> AREA DONATE SERÁ FECHADO AS 20:00
[7/6/2017 18:28:21] /m Baron Of The Room
[7/6/2017 18:28:35] /m Phelps
[7/6/2017 18:28:36] /m Phelps
[7/6/2017 18:28:40] /m Phelps
[7/6/2017 18:28:41] /m Phelps
[7/6/2017 18:29:6] /m Baron Of The Room
[7/6/2017 18:29:59] /m Baron Of The Room
[7/6/2017 18:30:0] /m Baron Of The Room
[7/6/2017 18:30:1] /m Baron Of The Room
[7/6/2017 18:30:55] /m Baron Of The Room
[7/6/2017 18:30:56] /m Baron Of The Room
[7/6/2017 18:31:1] /r
[7/6/2017 18:31:12] /r
[7/6/2017 18:31:17] /r
[7/6/2017 18:31:27] /r
[7/6/2017 18:31:30] /r
[7/6/2017 18:31:32] /r
[7/6/2017 18:31:57] /a
[7/6/2017 18:31:57] /a
[7/6/2017 18:31:57] /a
[7/6/2017 18:31:58] /a
[7/6/2017 18:31:58] /a
[7/6/2017 18:31:58] /a
[7/6/2017 18:32:16] /c Mage Rushadeira
[7/6/2017 18:32:39] /t Mage Rushadeira
[7/6/2017 18:32:40] /t
[7/6/2017 18:32:47] /r
[7/6/2017 18:32:49] /r
[7/6/2017 18:32:50] /r
[7/6/2017 18:32:51] /r
[7/6/2017 18:32:56] /r
[7/6/2017 18:33:1] /r
[7/6/2017 18:33:2] /r
[7/6/2017 18:33:3] /r
[7/6/2017 18:33:24] /r
[7/6/2017 18:33:24] /r
[7/6/2017 18:33:26] /r
[7/6/2017 18:33:26] /r
[7/6/2017 18:33:56] /i 8535
[7/6/2017 18:33:58] /r
[7/6/2017 18:34:1] /r
[7/6/2017 18:34:2] /r
[7/6/2017 18:34:3] /t
[7/6/2017 18:34:6] /i 8535
[7/6/2017 18:34:21] /r
[7/6/2017 18:34:24] /r
[7/6/2017 18:34:25] /r
[7/6/2017 18:34:26] /r
[7/6/2017 18:34:26] /r
[7/6/2017 18:34:27] /r
[7/6/2017 18:34:27] /r
[7/6/2017 18:34:27] /r
[7/6/2017 18:34:28] /r
[7/6/2017 18:34:28] /r
[7/6/2017 18:34:28] /r
[7/6/2017 18:34:29] /r
[7/6/2017 18:34:29] /r
[7/6/2017 18:34:29] /r
[7/6/2017 18:34:30] /r
[7/6/2017 18:34:30] /r
[7/6/2017 18:34:30] /r
[7/6/2017 18:34:31] /r
[7/6/2017 18:34:31] /r
[7/6/2017 18:34:31] /r
[7/6/2017 18:34:31] /r
[7/6/2017 18:34:32] /r
[7/6/2017 18:34:32] /r
[7/6/2017 18:34:32] /r
[7/6/2017 18:34:33] /r
[7/6/2017 18:34:33] /r
[7/6/2017 18:34:33] /r
[7/6/2017 18:34:34] /r
[7/6/2017 18:34:34] /r
[7/6/2017 18:34:34] /r
[7/6/2017 18:34:35] /r
[7/6/2017 18:34:35] /r
[7/6/2017 18:34:35] /r
[7/6/2017 18:34:35] /r
[7/6/2017 18:34:37] /r
[7/6/2017 18:34:56] /r
[7/6/2017 18:34:57] /r
[7/6/2017 18:34:57] /r
[7/6/2017 18:34:57] /r
[7/6/2017 18:34:57] /r
[7/6/2017 18:34:57] /r
[7/6/2017 18:34:57] /r
[7/6/2017 18:34:57] /r
[7/6/2017 18:34:57] /r
[7/6/2017 18:34:57] /r
[7/6/2017 18:34:57] /r
[7/6/2017 18:34:57] /r
[7/6/2017 18:34:57] /r
[7/6/2017 18:34:57] /r
[7/6/2017 18:34:57] /r
[7/6/2017 18:34:58] /r
[7/6/2017 18:34:58] /r
[7/6/2017 18:34:58] /r
[7/6/2017 18:34:58] /r
[7/6/2017 18:34:58] /r
[7/6/2017 18:34:58] /r
[7/6/2017 18:34:59] /r
[7/6/2017 18:34:59] /r
[7/6/2017 18:34:59] /r
[7/6/2017 18:34:59] /r
[7/6/2017 18:35:0] /r
[7/6/2017 18:35:0] /r
[7/6/2017 18:35:1] /r
[7/6/2017 18:35:1] /r
[7/6/2017 18:35:1] /r
[7/6/2017 18:35:1] /r
[7/6/2017 18:35:1] /r
[7/6/2017 18:35:1] /r
[7/6/2017 18:35:2] /r
[7/6/2017 18:35:2] /r
[7/6/2017 18:35:2] /r
[7/6/2017 18:35:2] /r
[7/6/2017 18:35:2] /r
[7/6/2017 18:35:2] /r
[7/6/2017 18:35:2] /r
[7/6/2017 18:35:3] /r
[7/6/2017 18:35:3] /r
[7/6/2017 18:35:3] /r
[7/6/2017 18:35:3] /r
[7/6/2017 18:35:4] /r
[7/6/2017 18:35:4] /r
[7/6/2017 18:35:4] /r
[7/6/2017 18:35:4] /r
[7/6/2017 18:35:4] /r
[7/6/2017 18:35:4] /r
[7/6/2017 18:35:4] /r
[7/6/2017 18:35:4] /r
[7/6/2017 18:35:4] /r
[7/6/2017 18:35:4] /r
[7/6/2017 18:35:4] /r
[7/6/2017 18:35:4] /r
[7/6/2017 18:35:4] /r
[7/6/2017 18:35:4] /r
[7/6/2017 18:35:4] /r
[7/6/2017 18:35:4] /r
[7/6/2017 18:35:4] /r
[7/6/2017 18:35:4] /r
[7/6/2017 18:35:4] /r
[7/6/2017 18:35:4] /r
[7/6/2017 18:35:4] /r
[7/6/2017 18:35:4] /r
[7/6/2017 18:35:4] /r
[7/6/2017 18:35:4] /r
[7/6/2017 18:35:4] /r
[7/6/2017 18:35:4] /r
[7/6/2017 18:35:5] /r
[7/6/2017 18:35:5] /r
[7/6/2017 18:35:5] /r
[7/6/2017 18:35:5] /r
[7/6/2017 18:35:5] /r
[7/6/2017 18:35:5] /r
[7/6/2017 18:35:5] /r
[7/6/2017 18:35:5] /r
[7/6/2017 18:35:5] /r
[7/6/2017 18:35:5] /r
[7/6/2017 18:35:5] /r
[7/6/2017 18:35:5] /r
[7/6/2017 18:35:5] /r
[7/6/2017 18:35:5] /r
[7/6/2017 18:35:5] /r
[7/6/2017 18:35:5] /r
[7/6/2017 18:35:5] /r
[7/6/2017 18:35:5] /r
[7/6/2017 18:35:5] /r
[7/6/2017 18:35:5] /r
[7/6/2017 18:35:5] /r
[7/6/2017 18:35:5] /r
[7/6/2017 18:35:5] /r
[7/6/2017 18:35:5] /r
[7/6/2017 18:35:5] /r
[7/6/2017 18:35:5] /r
[7/6/2017 18:35:5] /r
[7/6/2017 18:35:5] /r
[7/6/2017 18:35:5] /r
[7/6/2017 18:35:6] /r
[7/6/2017 18:35:6] /r
[7/6/2017 18:35:6] /r
[7/6/2017 18:35:6] /r
[7/6/2017 18:35:6] /r
[7/6/2017 18:35:6] /r
[7/6/2017 18:35:6] /r
[7/6/2017 18:35:6] /r
[7/6/2017 18:35:6] /r
[7/6/2017 18:35:6] /r
[7/6/2017 18:35:6] /r
[7/6/2017 18:35:6] /r
[7/6/2017 18:35:6] /r
[7/6/2017 18:35:6] /r
[7/6/2017 18:35:6] /r
[7/6/2017 18:35:7] /r
[7/6/2017 18:35:7] /r
[7/6/2017 18:35:7] /r
[7/6/2017 18:35:18] /r
[7/6/2017 18:35:19] /r
[7/6/2017 18:35:19] /r
[7/6/2017 18:35:19] /r
[7/6/2017 18:35:19] /r
[7/6/2017 18:35:19] /r
[7/6/2017 18:35:19] /r
[7/6/2017 18:35:19] /r
[7/6/2017 18:35:19] /r
[7/6/2017 18:35:19] /r
[7/6/2017 18:35:19] /r
[7/6/2017 18:35:19] /r
[7/6/2017 18:35:19] /r
[7/6/2017 18:35:19] /r
[7/6/2017 18:35:19] /r
[7/6/2017 18:35:19] /r
[7/6/2017 18:35:19] /r
[7/6/2017 18:35:20] /r
[7/6/2017 18:35:20] /r
[7/6/2017 18:35:20] /r
[7/6/2017 18:35:20] /r
[7/6/2017 18:35:20] /r
[7/6/2017 18:35:20] /r
[7/6/2017 18:35:20] /r
[7/6/2017 18:35:20] /r
[7/6/2017 18:35:20] /r
[7/6/2017 18:35:20] /r
[7/6/2017 18:35:20] /r
[7/6/2017 18:35:20] /r
[7/6/2017 18:35:20] /r
[7/6/2017 18:35:20] /r
[7/6/2017 18:35:20] /r
[7/6/2017 18:35:20] /r
[7/6/2017 18:35:20] /r
[7/6/2017 18:35:20] /r
[7/6/2017 18:35:20] /r
[7/6/2017 18:35:20] /r
[7/6/2017 18:35:20] /r
[7/6/2017 18:35:20] /r
[7/6/2017 18:35:20] /r
[7/6/2017 18:35:20] /r
[7/6/2017 18:35:20] /r
[7/6/2017 18:35:20] /r
[7/6/2017 18:35:20] /r
[7/6/2017 18:35:21] /r
[7/6/2017 18:35:21] /r
[7/6/2017 18:35:21] /r
[7/6/2017 18:35:21] /r
[7/6/2017 18:35:21] /r
[7/6/2017 18:35:21] /r
[7/6/2017 18:35:21] /r
[7/6/2017 18:35:21] /r
[7/6/2017 18:35:21] /r
[7/6/2017 18:35:21] /r
[7/6/2017 18:35:21] /r
[7/6/2017 18:35:21] /r
[7/6/2017 18:35:21] /r
[7/6/2017 18:35:21] /r
[7/6/2017 18:35:21] /r
[7/6/2017 18:35:21] /r
[7/6/2017 18:35:21] /r
[7/6/2017 18:35:21] /r
[7/6/2017 18:35:21] /r
[7/6/2017 18:35:21] /r
[7/6/2017 18:35:21] /r
[7/6/2017 18:35:21] /r
[7/6/2017 18:35:21] /r
[7/6/2017 18:35:21] /r
[7/6/2017 18:35:21] /r
[7/6/2017 18:35:21] /r
[7/6/2017 18:35:22] /r
[7/6/2017 18:35:22] /r
[7/6/2017 18:35:22] /r
[7/6/2017 18:35:22] /r
[7/6/2017 18:35:22] /r
[7/6/2017 18:35:22] /r
[7/6/2017 18:35:22] /r
[7/6/2017 18:35:22] /r
[7/6/2017 18:35:22] /r
[7/6/2017 18:35:22] /r
[7/6/2017 18:35:22] /r
[7/6/2017 18:35:22] /r
[7/6/2017 18:35:22] /r
[7/6/2017 18:35:22] /r
[7/6/2017 18:35:22] /r
[7/6/2017 18:35:22] /r
[7/6/2017 18:35:22] /r
[7/6/2017 18:35:22] /r
[7/6/2017 18:35:22] /r
[7/6/2017 18:35:22] /r
[7/6/2017 18:35:22] /r
[7/6/2017 18:35:22] /r
[7/6/2017 18:35:22] /r
[7/6/2017 18:35:22] /r
[7/6/2017 18:35:22] /r
[7/6/2017 18:35:22] /r
[7/6/2017 18:35:22] /r
[7/6/2017 18:35:22] /r
[7/6/2017 18:35:23] /r
[7/6/2017 18:35:23] /r
[7/6/2017 18:35:23] /r
[7/6/2017 18:35:23] /r
[7/6/2017 18:35:23] /r
[7/6/2017 18:35:23] /r
[7/6/2017 18:35:23] /r
[7/6/2017 18:35:23] /r
[7/6/2017 18:35:23] /r
[7/6/2017 18:35:23] /r
[7/6/2017 18:35:23] /r
[7/6/2017 18:35:23] /r
[7/6/2017 18:35:23] /r
[7/6/2017 18:35:23] /r
[7/6/2017 18:35:23] /r
[7/6/2017 18:35:23] /r
[7/6/2017 18:35:23] /r
[7/6/2017 18:35:23] /r
[7/6/2017 18:35:23] /r
[7/6/2017 18:35:23] /r
[7/6/2017 18:35:23] /r
[7/6/2017 18:35:23] /r
[7/6/2017 18:35:23] /r
[7/6/2017 18:35:23] /r
[7/6/2017 18:35:23] /r
[7/6/2017 18:35:23] /r
[7/6/2017 18:35:23] /r
[7/6/2017 18:35:23] /r
[7/6/2017 18:35:24] /r
[7/6/2017 18:35:24] /r
[7/6/2017 18:35:24] /r
[7/6/2017 18:35:24] /r
[7/6/2017 18:35:24] /r
[7/6/2017 18:35:24] /r
[7/6/2017 18:35:24] /r
[7/6/2017 18:35:24] /r
[7/6/2017 18:35:24] /r
[7/6/2017 18:35:24] /r
[7/6/2017 18:35:24] /r
[7/6/2017 18:35:24] /r
[7/6/2017 18:35:24] /r
[7/6/2017 18:35:24] /r
[7/6/2017 18:35:24] /r
[7/6/2017 18:35:24] /r
[7/6/2017 18:35:24] /r
[7/6/2017 18:35:24] /r
[7/6/2017 18:35:24] /r
[7/6/2017 18:35:24] /r
[7/6/2017 18:35:24] /r
[7/6/2017 18:35:24] /r
[7/6/2017 18:35:24] /r
[7/6/2017 18:35:24] /r
[7/6/2017 18:35:24] /r
[7/6/2017 18:35:24] /r
[7/6/2017 18:35:24] /r
[7/6/2017 18:35:24] /r
[7/6/2017 18:35:25] /r
[7/6/2017 18:35:25] /r
[7/6/2017 18:35:25] /r
[7/6/2017 18:35:25] /r
[7/6/2017 18:35:25] /r
[7/6/2017 18:35:25] /r
[7/6/2017 18:35:25] /r
[7/6/2017 18:35:25] /r
[7/6/2017 18:35:25] /r
[7/6/2017 18:35:25] /r
[7/6/2017 18:35:25] /r
[7/6/2017 18:35:25] /r
[7/6/2017 18:35:25] /r
[7/6/2017 18:35:25] /r
[7/6/2017 18:35:25] /r
[7/6/2017 18:35:25] /r
[7/6/2017 18:35:25] /r
[7/6/2017 18:35:25] /r
[7/6/2017 18:35:25] /r
[7/6/2017 18:35:25] /r
[7/6/2017 18:35:25] /r
[7/6/2017 18:35:25] /r
[7/6/2017 18:35:25] /r
[7/6/2017 18:35:25] /r
[7/6/2017 18:35:25] /r
[7/6/2017 18:35:25] /r
[7/6/2017 18:35:26] /r
[7/6/2017 18:35:26] /r
[7/6/2017 18:35:26] /r
[7/6/2017 18:35:26] /r
[7/6/2017 18:35:26] /r
[7/6/2017 18:35:26] /r
[7/6/2017 18:35:26] /r
[7/6/2017 18:35:26] /r
[7/6/2017 18:35:26] /r
[7/6/2017 18:35:26] /r
[7/6/2017 18:35:26] /r
[7/6/2017 18:35:26] /r
[7/6/2017 18:35:26] /r
[7/6/2017 18:35:26] /r
[7/6/2017 18:35:26] /r
[7/6/2017 18:35:26] /r
[7/6/2017 18:35:26] /r
[7/6/2017 18:35:26] /r
[7/6/2017 18:35:26] /r
[7/6/2017 18:35:26] /r
[7/6/2017 18:35:26] /r
[7/6/2017 18:35:26] /r
[7/6/2017 18:35:26] /r
[7/6/2017 18:35:26] /r
[7/6/2017 18:35:26] /r
[7/6/2017 18:35:26] /r
[7/6/2017 18:35:27] /r
[7/6/2017 18:35:27] /r
[7/6/2017 18:35:27] /r
[7/6/2017 18:35:27] /r
[7/6/2017 18:35:27] /r
[7/6/2017 18:35:27] /r
[7/6/2017 18:35:27] /r
[7/6/2017 18:35:27] /r
[7/6/2017 18:35:27] /r
[7/6/2017 18:35:27] /r
[7/6/2017 18:35:27] /r
[7/6/2017 18:35:27] /r
[7/6/2017 18:35:27] /r
[7/6/2017 18:35:27] /r
[7/6/2017 18:35:27] /r
[7/6/2017 18:35:27] /r
[7/6/2017 18:35:27] /r
[7/6/2017 18:35:27] /r
[7/6/2017 18:35:27] /r
[7/6/2017 18:35:27] /r
[7/6/2017 18:35:27] /r
[7/6/2017 18:35:27] /r
[7/6/2017 18:35:27] /r
[7/6/2017 18:35:27] /r
[7/6/2017 18:35:27] /r
[7/6/2017 18:35:27] /r
[7/6/2017 18:35:27] /r
[7/6/2017 18:35:27] /r
[7/6/2017 18:35:28] /r
[7/6/2017 18:35:28] /r
[7/6/2017 18:35:28] /r
[7/6/2017 18:35:28] /r
[7/6/2017 18:35:28] /r
[7/6/2017 18:35:28] /r
[7/6/2017 18:35:28] /r
[7/6/2017 18:35:28] /r
[7/6/2017 18:35:28] /r
[7/6/2017 18:35:28] /r
[7/6/2017 18:35:28] /r
[7/6/2017 18:35:28] /r
[7/6/2017 18:35:28] /r
[7/6/2017 18:35:28] /r
[7/6/2017 18:35:28] /r
[7/6/2017 18:35:28] /r
[7/6/2017 18:35:28] /r
[7/6/2017 18:35:28] /r
[7/6/2017 18:35:28] /r
[7/6/2017 18:35:28] /r
[7/6/2017 18:35:28] /r
[7/6/2017 18:35:28] /r
[7/6/2017 18:35:28] /r
[7/6/2017 18:35:28] /r
[7/6/2017 18:35:28] /r
[7/6/2017 18:35:28] /r
[7/6/2017 18:35:28] /r
[7/6/2017 18:35:28] /r
[7/6/2017 18:35:29] /r
[7/6/2017 18:35:29] /r
[7/6/2017 18:35:29] /r
[7/6/2017 18:35:29] /r
[7/6/2017 18:35:29] /r
[7/6/2017 18:35:29] /r
[7/6/2017 18:35:29] /r
[7/6/2017 18:35:29] /r
[7/6/2017 18:35:29] /r
[7/6/2017 18:35:29] /r
[7/6/2017 18:35:29] /r
[7/6/2017 18:35:29] /r
[7/6/2017 18:35:29] /r
[7/6/2017 18:35:29] /r
[7/6/2017 18:35:29] /r
[7/6/2017 18:35:29] /r
[7/6/2017 18:35:29] /r
[7/6/2017 18:35:29] /r
[7/6/2017 18:35:29] /r
[7/6/2017 18:35:29] /r
[7/6/2017 18:35:29] /r
[7/6/2017 18:35:29] /r
[7/6/2017 18:35:29] /r
[7/6/2017 18:35:29] /r
[7/6/2017 18:35:29] /r
[7/6/2017 18:35:29] /r
[7/6/2017 18:35:29] /r
[7/6/2017 18:35:29] /r
[7/6/2017 18:35:30] /r
[7/6/2017 18:35:30] /r
[7/6/2017 18:35:30] /r
[7/6/2017 18:35:30] /r
[7/6/2017 18:35:30] /r
[7/6/2017 18:35:30] /r
[7/6/2017 18:35:30] /r
[7/6/2017 18:35:30] /r
[7/6/2017 18:35:30] /r
[7/6/2017 18:35:30] /r
[7/6/2017 18:35:30] /r
[7/6/2017 18:35:30] /r
[7/6/2017 18:35:30] /r
[7/6/2017 18:35:30] /r
[7/6/2017 18:35:30] /r
[7/6/2017 18:35:30] /r
[7/6/2017 18:35:30] /r
[7/6/2017 18:35:30] /r
[7/6/2017 18:35:30] /r
[7/6/2017 18:35:30] /r
[7/6/2017 18:35:30] /r
[7/6/2017 18:35:30] /r
[7/6/2017 18:35:30] /r
[7/6/2017 18:35:30] /r
[7/6/2017 18:35:30] /r
[7/6/2017 18:35:30] /r
[7/6/2017 18:35:30] /r
[7/6/2017 18:35:30] /r
[7/6/2017 18:35:30] /r
[7/6/2017 18:35:31] /r
[7/6/2017 18:35:31] /r
[7/6/2017 18:35:31] /r
[7/6/2017 18:35:31] /r
[7/6/2017 18:35:31] /r
[7/6/2017 18:35:31] /r
[7/6/2017 18:35:31] /r
[7/6/2017 18:35:31] /r
[7/6/2017 18:35:31] /r
[7/6/2017 18:35:31] /r
[7/6/2017 18:35:31] /r
[7/6/2017 18:35:31] /r
[7/6/2017 18:35:31] /r
[7/6/2017 18:35:31] /r
[7/6/2017 18:35:31] /r
[7/6/2017 18:35:31] /r
[7/6/2017 18:35:31] /r
[7/6/2017 18:35:31] /r
[7/6/2017 18:35:31] /r
[7/6/2017 18:35:31] /r
[7/6/2017 18:35:31] /r
[7/6/2017 18:35:31] /r
[7/6/2017 18:35:31] /r
[7/6/2017 18:35:31] /r
[7/6/2017 18:35:31] /r
[7/6/2017 18:35:32] /r
[7/6/2017 18:35:32] /r
[7/6/2017 18:35:32] /r
[7/6/2017 18:35:32] /r
[7/6/2017 18:35:32] /r
[7/6/2017 18:35:32] /r
[7/6/2017 18:35:32] /r
[7/6/2017 18:35:32] /r
[7/6/2017 18:35:32] /r
[7/6/2017 18:35:32] /r
[7/6/2017 18:35:32] /r
[7/6/2017 18:35:32] /r
[7/6/2017 18:35:32] /r
[7/6/2017 18:35:32] /r
[7/6/2017 18:35:32] /r
[7/6/2017 18:35:32] /r
[7/6/2017 18:35:32] /r
[7/6/2017 18:35:32] /r
[7/6/2017 18:35:32] /r
[7/6/2017 18:35:32] /r
[7/6/2017 18:35:32] /r
[7/6/2017 18:35:32] /r
[7/6/2017 18:35:32] /r
[7/6/2017 18:35:32] /r
[7/6/2017 18:35:32] /r
[7/6/2017 18:35:33] /r
[7/6/2017 18:35:33] /r
[7/6/2017 18:35:33] /r
[7/6/2017 18:35:33] /r
[7/6/2017 18:35:33] /r
[7/6/2017 18:35:33] /r
[7/6/2017 18:35:33] /r
[7/6/2017 18:35:33] /r
[7/6/2017 18:35:33] /r
[7/6/2017 18:35:33] /r
[7/6/2017 18:35:33] /r
[7/6/2017 18:35:33] /r
[7/6/2017 18:35:33] /r
[7/6/2017 18:35:33] /r
[7/6/2017 18:35:33] /r
[7/6/2017 18:35:33] /r
[7/6/2017 18:35:33] /r
[7/6/2017 18:35:33] /r
[7/6/2017 18:35:33] /r
[7/6/2017 18:35:33] /r
[7/6/2017 18:35:33] /r
[7/6/2017 18:35:33] /r
[7/6/2017 18:35:33] /r
[7/6/2017 18:35:33] /r
[7/6/2017 18:35:33] /r
[7/6/2017 18:35:33] /r
[7/6/2017 18:35:33] /r
[7/6/2017 18:35:33] /r
[7/6/2017 18:35:33] /r
[7/6/2017 18:35:33] /r
[7/6/2017 18:35:33] /r
[7/6/2017 18:35:33] /r
[7/6/2017 18:35:33] /r
[7/6/2017 18:35:34] /r
[7/6/2017 18:35:34] /r
[7/6/2017 18:35:34] /r
[7/6/2017 18:35:34] /r
[7/6/2017 18:35:34] /r
[7/6/2017 18:35:34] /r
[7/6/2017 18:35:34] /r
[7/6/2017 18:35:34] /r
[7/6/2017 18:35:34] /r
[7/6/2017 18:35:34] /r
[7/6/2017 18:35:34] /r
[7/6/2017 18:35:34] /r
[7/6/2017 18:35:34] /r
[7/6/2017 18:35:34] /r
[7/6/2017 18:35:34] /r
[7/6/2017 18:35:34] /r
[7/6/2017 18:35:34] /r
[7/6/2017 18:35:34] /r
[7/6/2017 18:35:34] /r
[7/6/2017 18:35:34] /r
[7/6/2017 18:35:34] /r
[7/6/2017 18:35:34] /r
[7/6/2017 18:35:34] /r
[7/6/2017 18:35:34] /r
[7/6/2017 18:35:34] /r
[7/6/2017 18:35:50] /i 5747
[7/6/2017 18:35:53] /r
[7/6/2017 18:36:3] /i 5774
[7/6/2017 18:36:16] /i 5774
[7/6/2017 18:36:17] /i 5774
[7/6/2017 18:36:38] /r
[7/6/2017 18:37:11] /r
[7/6/2017 18:37:12] /r
[7/6/2017 18:37:12] /r
[7/6/2017 18:37:12] /r
[7/6/2017 18:37:12] /r
[7/6/2017 18:37:12] /r
[7/6/2017 18:37:12] /r
[7/6/2017 18:37:12] /r
[7/6/2017 18:37:12] /r
[7/6/2017 18:37:12] /r
[7/6/2017 18:37:12] /r
[7/6/2017 18:37:12] /r
[7/6/2017 18:37:12] /r
[7/6/2017 18:37:12] /r
[7/6/2017 18:37:12] /r
[7/6/2017 18:37:12] /r
[7/6/2017 18:37:12] /r
[7/6/2017 18:37:12] /r
[7/6/2017 18:37:12] /r
[7/6/2017 18:37:13] /r
[7/6/2017 18:37:13] /r
[7/6/2017 18:37:13] /r
[7/6/2017 18:37:13] /r
[7/6/2017 18:37:13] /r
[7/6/2017 18:37:13] /r
[7/6/2017 18:37:13] /r
[7/6/2017 18:37:13] /r
[7/6/2017 18:37:13] /r
[7/6/2017 18:37:13] /r
[7/6/2017 18:37:13] /r
[7/6/2017 18:37:13] /r
[7/6/2017 18:37:13] /r
[7/6/2017 18:37:13] /r
[7/6/2017 18:37:13] /r
[7/6/2017 18:37:13] /r
[7/6/2017 18:37:13] /r
[7/6/2017 18:37:13] /r
[7/6/2017 18:37:13] /r
[7/6/2017 18:37:13] /r
[7/6/2017 18:37:13] /r
[7/6/2017 18:37:13] /r
[7/6/2017 18:37:30] /r
[7/6/2017 18:37:31] /r
[7/6/2017 18:37:31] /r
[7/6/2017 18:37:31] /r
[7/6/2017 18:37:31] /r
[7/6/2017 18:37:32] /r
[7/6/2017 18:37:32] /r
[7/6/2017 18:37:32] /r
[7/6/2017 18:37:32] /r
[7/6/2017 18:37:32] /r
[7/6/2017 18:37:32] /r
[7/6/2017 18:37:32] /r
[7/6/2017 18:37:32] /r
[7/6/2017 18:37:32] /r
[7/6/2017 18:37:32] /r
[7/6/2017 18:37:32] /r
[7/6/2017 18:37:32] /r
[7/6/2017 18:37:32] /r
[7/6/2017 18:37:33] /r
[7/6/2017 18:37:33] /r
[7/6/2017 18:37:33] /r
[7/6/2017 18:37:33] /r
[7/6/2017 18:37:33] /r
[7/6/2017 18:37:33] /r
[7/6/2017 18:37:33] /r
[7/6/2017 18:37:33] /r
[7/6/2017 18:37:33] /r
[7/6/2017 18:37:33] /r
[7/6/2017 18:37:33] /r
[7/6/2017 18:37:33] /r
[7/6/2017 18:37:33] /r
[7/6/2017 18:37:33] /r
[7/6/2017 18:37:33] /r
[7/6/2017 18:37:33] /r
[7/6/2017 18:37:33] /r
[7/6/2017 18:37:33] /r
[7/6/2017 18:37:33] /r
[7/6/2017 18:37:33] /r
[7/6/2017 18:37:33] /r
[7/6/2017 18:37:33] /r
[7/6/2017 18:37:33] /r
[7/6/2017 18:37:33] /r
[7/6/2017 18:37:34] /r
[7/6/2017 18:37:35] /r
[7/6/2017 18:37:36] /r
[7/6/2017 18:37:36] /r
[7/6/2017 18:37:36] /r
[7/6/2017 18:37:37] /r
[7/6/2017 18:37:38] /r
[7/6/2017 18:37:38] /r
[7/6/2017 18:37:39] /r
[7/6/2017 18:37:40] /r
[7/6/2017 18:37:40] /r
[7/6/2017 18:37:40] /r
[7/6/2017 18:37:49] /r
[7/6/2017 18:37:49] /r
[7/6/2017 18:37:49] /r
[7/6/2017 18:37:50] /r
[7/6/2017 18:37:50] /r
[7/6/2017 18:37:50] /r
[7/6/2017 18:37:50] /r
[7/6/2017 18:37:51] /r
[7/6/2017 18:37:51] /r
[7/6/2017 18:37:56] /r
[7/6/2017 18:37:56] /r
[7/6/2017 18:37:56] /r
[7/6/2017 18:37:56] /r
[7/6/2017 18:37:56] /r
[7/6/2017 18:37:56] /r
[7/6/2017 18:37:56] /r
[7/6/2017 18:37:56] /r
[7/6/2017 18:37:57] /r
[7/6/2017 18:37:57] /r
[7/6/2017 18:37:57] /r
[7/6/2017 18:37:57] /r
[7/6/2017 18:37:57] /r
[7/6/2017 18:37:57] /r
[7/6/2017 18:37:57] /r
[7/6/2017 18:37:57] /r
[7/6/2017 18:37:57] /r
[7/6/2017 18:37:57] /r
[7/6/2017 18:37:57] /r
[7/6/2017 18:37:57] /r
[7/6/2017 18:37:57] /r
[7/6/2017 18:37:57] /r
[7/6/2017 18:37:57] /r
[7/6/2017 18:37:57] /r
[7/6/2017 18:37:57] /r
[7/6/2017 18:37:57] /r
[7/6/2017 18:37:57] /r
[7/6/2017 18:37:57] /r
[7/6/2017 18:37:57] /r
[7/6/2017 18:37:57] /r
[7/6/2017 18:37:57] /r
[7/6/2017 18:37:57] /r
[7/6/2017 18:37:57] /r
[7/6/2017 18:37:57] /r
[7/6/2017 18:37:57] /r
[7/6/2017 18:37:58] /r
[7/6/2017 18:37:58] /r
[7/6/2017 18:37:58] /r
[7/6/2017 18:37:58] /r
[7/6/2017 18:37:58] /r
[7/6/2017 18:37:58] /r
[7/6/2017 18:37:58] /r
[7/6/2017 18:37:58] /r
[7/6/2017 18:37:58] /r
[7/6/2017 18:37:58] /r
[7/6/2017 18:37:58] /r
[7/6/2017 18:37:58] /r
[7/6/2017 18:37:58] /r
[7/6/2017 18:37:58] /r
[7/6/2017 18:37:58] /r
[7/6/2017 18:37:58] /r
[7/6/2017 18:37:58] /r
[7/6/2017 18:37:58] /r
[7/6/2017 18:37:58] /r
[7/6/2017 18:37:58] /r
[7/6/2017 18:37:58] /r
[7/6/2017 18:37:58] /r
[7/6/2017 18:37:58] /r
[7/6/2017 18:37:58] /r
[7/6/2017 18:37:58] /r
[7/6/2017 18:37:58] /r
[7/6/2017 18:37:58] /r
[7/6/2017 18:37:58] /r
[7/6/2017 18:37:59] /r
[7/6/2017 18:37:59] /r
[7/6/2017 18:37:59] /r
[7/6/2017 18:37:59] /r
[7/6/2017 18:37:59] /r
[7/6/2017 18:37:59] /r
[7/6/2017 18:37:59] /r
[7/6/2017 18:37:59] /r
[7/6/2017 18:37:59] /r
[7/6/2017 18:37:59] /r
[7/6/2017 18:37:59] /r
[7/6/2017 18:37:59] /r
[7/6/2017 18:37:59] /r
[7/6/2017 18:37:59] /r
[7/6/2017 18:37:59] /r
[7/6/2017 18:37:59] /r
[7/6/2017 18:37:59] /r
[7/6/2017 18:37:59] /r
[7/6/2017 18:37:59] /r
[7/6/2017 18:37:59] /r
[7/6/2017 18:37:59] /r
[7/6/2017 18:37:59] /r
[7/6/2017 18:37:59] /r
[7/6/2017 18:37:59] /r
[7/6/2017 18:37:59] /r
[7/6/2017 18:37:59] /r
[7/6/2017 18:37:59] /r
[7/6/2017 18:37:59] /r
[7/6/2017 18:38:0] /r
[7/6/2017 18:38:0] /r
[7/6/2017 18:38:0] /r
[7/6/2017 18:38:0] /r
[7/6/2017 18:38:0] /r
[7/6/2017 18:38:0] /r
[7/6/2017 18:38:0] /r
[7/6/2017 18:38:0] /r
[7/6/2017 18:38:0] /r
[7/6/2017 18:38:0] /r
[7/6/2017 18:38:0] /r
[7/6/2017 18:38:0] /r
[7/6/2017 18:38:0] /r
[7/6/2017 18:38:0] /r
[7/6/2017 18:38:0] /r
[7/6/2017 18:38:0] /r
[7/6/2017 18:38:0] /r
[7/6/2017 18:38:0] /r
[7/6/2017 18:38:0] /r
[7/6/2017 18:38:0] /r
[7/6/2017 18:38:0] /r
[7/6/2017 18:38:0] /r
[7/6/2017 18:38:0] /r
[7/6/2017 18:38:0] /r
[7/6/2017 18:38:0] /r
[7/6/2017 18:38:0] /r
[7/6/2017 18:38:0] /r
[7/6/2017 18:38:1] /r
[7/6/2017 18:38:2] /r
[7/6/2017 18:38:2] /r
[7/6/2017 18:38:2] /r
[7/6/2017 18:38:2] /r
[7/6/2017 18:38:2] /r
[7/6/2017 18:38:2] /r
[7/6/2017 18:38:2] /r
[7/6/2017 18:38:2] /r
[7/6/2017 18:38:2] /r
[7/6/2017 18:38:2] /r
[7/6/2017 18:38:2] /r
[7/6/2017 18:38:2] /r
[7/6/2017 18:38:2] /r
[7/6/2017 18:38:2] /r
[7/6/2017 18:38:2] /r
[7/6/2017 18:38:2] /r
[7/6/2017 18:38:2] /r
[7/6/2017 18:38:2] /r
[7/6/2017 18:38:2] /r
[7/6/2017 18:38:3] /r
[7/6/2017 18:38:3] /r
[7/6/2017 18:38:3] /r
[7/6/2017 18:38:3] /r
[7/6/2017 18:38:3] /r
[7/6/2017 18:38:3] /r
[7/6/2017 18:38:3] /r
[7/6/2017 18:38:3] /r
[7/6/2017 18:38:3] /r
[7/6/2017 18:38:3] /r
[7/6/2017 18:38:3] /r
[7/6/2017 18:39:13] /t
[7/6/2017 18:39:28] /t
[7/6/2017 18:41:24] /r
[7/6/2017 18:41:25] /r
[7/6/2017 18:41:26] /r
[7/6/2017 18:41:30] /r
[7/6/2017 18:41:30] /r
[7/6/2017 18:41:31] /r
[7/6/2017 18:41:38] /r
[7/6/2017 18:41:38] /r
[7/6/2017 18:41:39] /r
[7/6/2017 18:41:40] /r
[7/6/2017 18:41:40] /r
[7/6/2017 18:41:52] /r
[7/6/2017 18:41:52] /r
[7/6/2017 18:41:52] /r
[7/6/2017 18:41:52] /r
[7/6/2017 18:42:11] /r
[7/6/2017 18:42:12] /r
[7/6/2017 18:42:12] /r
[7/6/2017 18:42:12] /r
[7/6/2017 18:42:12] /r
[7/6/2017 18:42:12] /r
[7/6/2017 18:42:13] /r
[7/6/2017 18:42:13] /r
[7/6/2017 18:42:14] /r
[7/6/2017 18:42:14] /r
[7/6/2017 18:42:19] /r
[7/6/2017 18:42:21] /r
[7/6/2017 18:42:21] /r
[7/6/2017 18:42:22] /r
[7/6/2017 18:42:22] /r
[7/6/2017 18:42:27] /r
[7/6/2017 18:42:27] /r
[7/6/2017 18:42:27] /r
[7/6/2017 18:42:27] /r
[7/6/2017 18:42:27] /r
[7/6/2017 18:42:27] /r
[7/6/2017 18:42:27] /r
[7/6/2017 18:42:28] /r
[7/6/2017 18:42:28] /r
[7/6/2017 18:42:28] /r
[7/6/2017 18:42:28] /r
[7/6/2017 18:42:28] /r
[7/6/2017 18:42:28] /r
[7/6/2017 18:42:28] /r
[7/6/2017 18:42:28] /r
[7/6/2017 18:42:28] /r
[7/6/2017 18:42:28] /r
[7/6/2017 18:42:28] /r
[7/6/2017 18:42:28] /r
[7/6/2017 18:42:29] /r
[7/6/2017 18:42:29] /r
[7/6/2017 18:42:29] /r
[7/6/2017 18:42:29] /r
[7/6/2017 18:42:29] /r
[7/6/2017 18:42:46] /r
[7/6/2017 18:42:46] /r
[7/6/2017 18:42:47] /r
[7/6/2017 18:42:47] /r
[7/6/2017 18:42:47] /r
[7/6/2017 18:42:47] /r
[7/6/2017 18:42:47] /r
[7/6/2017 18:42:48] /r
[7/6/2017 18:42:48] /r
[7/6/2017 18:42:48] /r
[7/6/2017 18:42:52] /r
[7/6/2017 18:42:54] /r
[7/6/2017 18:42:54] /r
[7/6/2017 18:42:55] /r
[7/6/2017 18:42:55] /r
[7/6/2017 18:42:55] /r
[7/6/2017 18:42:55] /r
[7/6/2017 18:42:55] /r
[7/6/2017 18:42:55] /r
[7/6/2017 18:42:56] /r
[7/6/2017 18:42:56] /r
[7/6/2017 18:42:56] /r
[7/6/2017 18:42:56] /r
[7/6/2017 18:42:56] /r
[7/6/2017 18:42:56] /r
[7/6/2017 18:42:57] /r
[7/6/2017 18:43:16] /r
[7/6/2017 18:43:16] /r
[7/6/2017 18:43:17] /r
[7/6/2017 18:43:17] /r
[7/6/2017 18:43:17] /r
[7/6/2017 18:43:17] /r
[7/6/2017 18:43:17] /r
[7/6/2017 18:43:18] /r
[7/6/2017 18:43:20] /r
[7/6/2017 18:43:21] /r
[7/6/2017 18:43:22] /r
[7/6/2017 18:43:23] /r
[7/6/2017 18:43:23] /r
[7/6/2017 18:43:24] /r
[7/6/2017 18:43:24] /r
[7/6/2017 18:43:24] /r
[7/6/2017 18:43:25] /r
[7/6/2017 18:43:25] /r
[7/6/2017 18:43:25] /r
[7/6/2017 18:43:25] /r
[7/6/2017 18:43:25] /r
[7/6/2017 18:43:25] /r
[7/6/2017 18:43:26] /r
[7/6/2017 18:43:26] /r
[7/6/2017 18:43:27] /r
[7/6/2017 18:43:27] /r
[7/6/2017 18:43:27] /r
[7/6/2017 18:43:28] /r
[7/6/2017 18:43:30] /r
[7/6/2017 18:43:30] /r
[7/6/2017 18:43:30] /r
[7/6/2017 18:43:30] /r
[7/6/2017 18:43:32] /r
[7/6/2017 18:43:32] /r
[7/6/2017 18:43:33] /r
[7/6/2017 18:43:33] /r
[7/6/2017 18:43:33] /r
[7/6/2017 18:43:34] /r
[7/6/2017 18:43:34] /r
[7/6/2017 18:43:34] /r
[7/6/2017 18:43:34] /r
[7/6/2017 18:43:35] /r
[7/6/2017 18:43:35] /r
[7/6/2017 18:43:35] /r
[7/6/2017 18:43:35] /r
[7/6/2017 18:43:35] /r
[7/6/2017 18:43:36] /r
[7/6/2017 18:43:36] /r
[7/6/2017 18:43:36] /r
[7/6/2017 18:43:36] /r
[7/6/2017 18:43:36] /r
[7/6/2017 18:43:37] /r
[7/6/2017 18:43:37] /r
[7/6/2017 18:43:37] /r
[7/6/2017 18:43:39] /r
[7/6/2017 18:43:39] /r
[7/6/2017 18:43:39] /r
[7/6/2017 18:43:39] /r
[7/6/2017 18:43:40] /r
[7/6/2017 18:43:40] /r
[7/6/2017 18:43:40] /r
[7/6/2017 18:43:42] /r
[7/6/2017 18:43:43] /r
[7/6/2017 18:43:45] /r
[7/6/2017 18:43:45] /r
[7/6/2017 18:43:47] /r
[7/6/2017 18:43:51] /r
[7/6/2017 18:44:18] /i 5774
[7/6/2017 18:44:20] /i 5774
[7/6/2017 18:44:21] /i 5774
[7/6/2017 18:45:43] /i 5774
[7/6/2017 18:47:29] /i 5774
