[7/6/2017 19:39:7] /ghost
[7/6/2017 19:39:25] /a
[7/6/2017 19:39:25] /a
[7/6/2017 19:39:26] /a
[7/6/2017 19:39:27] /a 30
[7/6/2017 19:39:30] /a 30
[7/6/2017 19:39:32] /a 30
[7/6/2017 19:39:33] /a 30
[7/6/2017 19:40:23] /a
[7/6/2017 19:40:28] /a
[7/6/2017 19:40:29] /a
[7/6/2017 19:40:29] /a
[7/6/2017 19:41:58] /a
[7/6/2017 19:41:59] /a
[7/6/2017 19:42:0] /a
[7/6/2017 19:42:0] /a
[7/6/2017 19:42:8] /a 30
[7/6/2017 19:42:14] /m demon
[7/6/2017 19:43:24] /t
[7/6/2017 19:46:8] /goto Brand new
[7/6/2017 19:46:15] /ghost
[7/6/2017 19:49:35] /ghost
[7/6/2017 19:49:47] /c brand new
[7/6/2017 19:53:28] /a
[7/6/2017 19:53:34] /a 3
[7/6/2017 19:53:35] /a 3
[7/6/2017 19:53:35] /a 3
[7/6/2017 19:53:35] /a 3
[7/6/2017 19:53:36] /a 3
[7/6/2017 19:53:36] /a 3
[7/6/2017 19:53:37] /a 3
[7/6/2017 19:53:46] /a 20
[7/6/2017 19:53:47] /a 20
[7/6/2017 19:53:49] /a 20
[7/6/2017 19:53:50] /a 20
[7/6/2017 19:53:51] /a 20
[7/6/2017 19:53:52] /a
[7/6/2017 19:53:53] /a
[7/6/2017 19:53:53] /a
[7/6/2017 19:53:53] /a
[7/6/2017 19:53:54] /a
[7/6/2017 19:53:55] /a
[7/6/2017 19:53:55] /a
[7/6/2017 19:53:56] /a
[7/6/2017 19:53:56] /a
[7/6/2017 19:53:57] /a
[7/6/2017 19:53:57] /a
[7/6/2017 19:53:58] /a
[7/6/2017 19:53:58] /a
[7/6/2017 19:53:59] /a
[7/6/2017 19:54:0] /a
[7/6/2017 19:54:0] /a
[7/6/2017 19:54:1] /a
[7/6/2017 19:54:1] /a
[7/6/2017 19:54:3] /a 3
[7/6/2017 19:54:3] /a 3
[7/6/2017 19:54:4] /a 3
[7/6/2017 19:54:5] /a 3
[7/6/2017 19:54:6] /a 3
[7/6/2017 19:54:6] /a 3
[7/6/2017 19:54:7] /a 3
[7/6/2017 19:54:7] /a 3
[7/6/2017 19:54:8] /a 3
[7/6/2017 19:54:9] /a 3
[7/6/2017 19:54:10] /a 50
[7/6/2017 19:54:13] /a 100
[7/6/2017 19:54:17] /a 300
[7/6/2017 19:54:18] /a 300
[7/6/2017 19:54:21] /a 2400
[7/6/2017 19:54:25] /a 100
[7/6/2017 19:54:29] /a 50
[7/6/2017 19:54:31] /a 50
[7/6/2017 19:54:32] /a 50
[7/6/2017 19:54:33] /a 50
[7/6/2017 19:54:33] /a 50
[7/6/2017 19:54:35] /a
[7/6/2017 19:54:35] /a
[7/6/2017 19:54:36] /a
[7/6/2017 19:54:36] /a
[7/6/2017 19:54:36] /a
[7/6/2017 19:54:37] /a
[7/6/2017 19:54:37] /a
[7/6/2017 19:54:38] /a
[7/6/2017 19:54:38] /a
[7/6/2017 19:54:39] /a
[7/6/2017 19:54:39] /a
[7/6/2017 19:54:40] /a 4
[7/6/2017 19:54:41] /a 4
[7/6/2017 19:54:41] /a 4
[7/6/2017 19:54:42] /a 4
[7/6/2017 19:54:43] /a 4
[7/6/2017 19:54:44] /a 4
[7/6/2017 19:54:44] /a 4
[7/6/2017 19:54:45] /a 4
[7/6/2017 19:54:46] /a 4
[7/6/2017 19:54:46] /a 4
[7/6/2017 19:54:47] /a 4
[7/6/2017 19:54:47] /a 4
[7/6/2017 19:54:48] /a 4
[7/6/2017 19:54:48] /a 4
[7/6/2017 19:54:49] /a 4
[7/6/2017 19:54:49] /a 4
[7/6/2017 19:54:50] /a 4
[7/6/2017 19:54:51] /a 4
[7/6/2017 19:54:51] /a 4
[7/6/2017 19:54:52] /a 4
[7/6/2017 19:54:52] /a 4
[7/6/2017 19:54:53] /a 4
[7/6/2017 19:54:53] /a 4
[7/6/2017 19:54:54] /a 4
[7/6/2017 19:54:55] /a 4
[7/6/2017 19:54:55] /a 4
[7/6/2017 19:54:56] /a 4
[7/6/2017 19:54:56] /a 4
[7/6/2017 19:54:56] /a 4
[7/6/2017 19:54:57] /a 4
[7/6/2017 19:54:58] /a 4
[7/6/2017 19:55:0] /a 4
[7/6/2017 19:55:1] /a 4
[7/6/2017 19:55:17] /a 4
[7/6/2017 19:55:18] /a 4
[7/6/2017 19:55:19] /a 4
[7/6/2017 19:55:19] /a 4
[7/6/2017 19:55:20] /a 4
[7/6/2017 19:55:21] /a 4
[7/6/2017 19:55:21] /a 4
[7/6/2017 19:55:22] /a 4
[7/6/2017 19:55:26] /a 4
[7/6/2017 19:55:33] /a 50
[7/6/2017 19:55:37] /a 10
[7/6/2017 19:55:38] /a 10
[7/6/2017 19:55:39] /a 10
[7/6/2017 19:55:40] /a 10
[7/6/2017 19:55:40] /a 10
[7/6/2017 19:55:42] /a 10
[7/6/2017 19:55:43] /a 10
[7/6/2017 19:55:44] /a 10
[7/6/2017 19:55:45] /a 10
[7/6/2017 19:55:48] /a 10
[7/6/2017 19:55:48] /a 10
[7/6/2017 19:55:49] /a 10
[7/6/2017 19:55:50] /a 10
[7/6/2017 19:55:51] /a 10
[7/6/2017 19:56:3] /a 30
[7/6/2017 19:56:4] /a 30
[7/6/2017 19:56:6] /a 30
[7/6/2017 19:56:7] /a 30
[7/6/2017 19:56:9] /a 50
[7/6/2017 19:56:11] /a 50
[7/6/2017 19:56:13] /a 10
[7/6/2017 19:56:23] /a 40
[7/6/2017 19:56:25] /a 50
[7/6/2017 19:56:27] /a
[7/6/2017 19:56:28] /a
[7/6/2017 19:56:31] /a 10
[7/6/2017 19:56:32] /a 10
[7/6/2017 19:56:34] /a 10
[7/6/2017 19:56:35] /a 10
[7/6/2017 20:0:53] /t
[7/6/2017 20:1:36] /up
[7/6/2017 20:1:39] /up
[7/6/2017 20:1:41] /up
[7/6/2017 20:1:44] /c
[7/6/2017 20:1:46] /c a
[7/6/2017 20:1:54] /c demon
[7/6/2017 20:1:57] /c demon
[7/6/2017 20:2:1] /up
[7/6/2017 20:2:7] /t
[7/6/2017 20:2:35] /a
[7/6/2017 20:2:36] /a
[7/6/2017 20:2:38] /a
[7/6/2017 20:2:39] /a
[7/6/2017 20:3:20] /a
[7/6/2017 20:3:26] /t
[7/6/2017 20:7:3] /a 2
[7/6/2017 20:7:16] /t risan
[7/6/2017 20:8:14] /a 2
[7/6/2017 20:8:15] /a 2
[7/6/2017 20:8:16] /a 2
[7/6/2017 20:8:18] /a 2
[7/6/2017 20:8:19] /a 2
[7/6/2017 20:8:24] /a 10
[7/6/2017 20:8:27] /a
[7/6/2017 20:8:37] /a 3
[7/6/2017 20:8:38] /a 3
[7/6/2017 20:8:40] /a 3
[7/6/2017 20:8:42] /a 3
[7/6/2017 20:8:44] /a 3
[7/6/2017 20:8:45] /a 3
[7/6/2017 20:8:47] /a 3
[7/6/2017 20:8:50] /a 3
[7/6/2017 20:8:52] /a 3
[7/6/2017 20:8:53] /a 3
[7/6/2017 20:8:54] /a 3
[7/6/2017 20:8:56] /a
[7/6/2017 20:8:58] /a
[7/6/2017 20:9:1] /a 3
[7/6/2017 20:9:4] /a 3
[7/6/2017 20:9:7] /a 3
[7/6/2017 20:9:9] /a 3
[7/6/2017 20:9:12] /a 3
[7/6/2017 20:9:25] /a
[7/6/2017 20:9:29] /a
[7/6/2017 20:9:29] /a
[7/6/2017 20:9:31] /a
[7/6/2017 20:9:34] /a 4
[7/6/2017 20:9:35] /a 4
[7/6/2017 20:9:35] /a 4
[7/6/2017 20:9:36] /a 4
[7/6/2017 20:9:37] /a 4
[7/6/2017 20:9:40] /a 4
[7/6/2017 20:9:42] /a 4
[7/6/2017 20:9:43] /a 4
[7/6/2017 20:9:44] /a 4
[7/6/2017 20:9:49] /a
[7/6/2017 20:9:54] /a
[7/6/2017 20:10:3] /a 3
[7/6/2017 20:10:13] /a
[7/6/2017 20:10:14] /a
[7/6/2017 20:10:16] /a 3
[7/6/2017 20:10:17] /a 3
[7/6/2017 20:10:18] /a 3
[7/6/2017 20:10:20] /a
[7/6/2017 20:10:21] /a
[7/6/2017 20:10:49] /c oakley dragon wielki
[7/6/2017 20:11:8] /t oakley dragon wielki
[7/6/2017 20:11:11] /a
[7/6/2017 20:11:34] /a
[7/6/2017 20:11:36] /a
[7/6/2017 20:12:48] /t
[7/6/2017 20:17:5] /a 10
[7/6/2017 20:17:6] /a 10
[7/6/2017 20:17:7] /a 10
[7/6/2017 20:17:9] /a 10
[7/6/2017 20:17:13] /a 3
[7/6/2017 20:17:13] /a 3
[7/6/2017 20:18:51] /a 10
[7/6/2017 20:18:53] /a 10
[7/6/2017 20:19:0] /a 10
[7/6/2017 20:19:2] /a 10
[7/6/2017 20:19:3] /a 10
[7/6/2017 20:19:5] /a 10
[7/6/2017 20:19:7] /a 10
[7/6/2017 20:19:9] /a 10
[7/6/2017 20:20:21] /a 3
[7/6/2017 20:20:22] /a 3
[7/6/2017 20:20:23] /a 3
[7/6/2017 20:20:24] /a 3
[7/6/2017 20:20:25] /a 3
[7/6/2017 20:20:27] /a 3
[7/6/2017 20:20:27] /a 3
[7/6/2017 20:20:28] /a 3
[7/6/2017 20:20:29] /a 3
[7/6/2017 20:20:30] /a 3
[7/6/2017 20:20:31] /a 3
[7/6/2017 20:20:34] /a 3
[7/6/2017 20:20:35] /a 3
[7/6/2017 20:20:48] /a 3
[7/6/2017 20:20:49] /a 3
[7/6/2017 20:20:51] /a 3
[7/6/2017 20:20:52] /a 3
[7/6/2017 20:20:53] /a 3
[7/6/2017 20:20:54] /a 3
[7/6/2017 20:20:57] /a 3
[7/6/2017 20:20:57] /a 3
[7/6/2017 20:20:58] /a 3
[7/6/2017 20:20:59] /a 3
[7/6/2017 20:21:0] /a 3
[7/6/2017 20:21:2] /a 3
[7/6/2017 20:21:3] /a 3
[7/6/2017 20:21:4] /a 3
[7/6/2017 20:21:5] /a 3
[7/6/2017 20:21:6] /a 3
[7/6/2017 20:21:7] /a 3
[7/6/2017 20:21:7] /a 3
[7/6/2017 20:21:8] /a 3
[7/6/2017 20:21:9] /a 3
[7/6/2017 20:21:9] /a 3
[7/6/2017 20:21:10] /a 3
[7/6/2017 20:21:12] /a 3
[7/6/2017 20:21:12] /a 3
[7/6/2017 20:21:13] /a 3
[7/6/2017 20:21:14] /a 3
[7/6/2017 20:21:15] /a 3
[7/6/2017 20:21:16] /a 3
[7/6/2017 20:21:17] /a 3
[7/6/2017 20:21:17] /a 3
[7/6/2017 20:21:18] /a 3
[7/6/2017 20:21:19] /a 3
[7/6/2017 20:21:20] /a 3
[7/6/2017 20:21:21] /a 3
[7/6/2017 20:21:22] /a 3
[7/6/2017 20:21:23] /a 3
[7/6/2017 20:21:24] /a 3
[7/6/2017 20:21:24] /a 3
[7/6/2017 20:21:25] /a 3
[7/6/2017 20:21:26] /a 3
[7/6/2017 20:21:34] /a 3
[7/6/2017 20:21:34] /a 3
[7/6/2017 20:21:37] /a 3
[7/6/2017 20:21:43] /a 10
[7/6/2017 20:21:45] /a 10
[7/6/2017 20:21:46] /a 10
[7/6/2017 20:21:48] /a 10
[7/6/2017 20:21:50] /a 10
[7/6/2017 20:21:52] /a 10
[7/6/2017 20:21:58] /a 30
[7/6/2017 20:22:1] /a 10
[7/6/2017 20:22:2] /a 10
[7/6/2017 20:22:4] /a 10
[7/6/2017 20:22:7] /a 3
[7/6/2017 20:22:7] /a 3
[7/6/2017 20:22:8] /a 3
[7/6/2017 20:22:16] /a 20
[7/6/2017 20:22:19] /a 10
[7/6/2017 20:22:20] /a 10
[7/6/2017 20:22:22] /a 10
[7/6/2017 20:23:48] /c oakley dragon wielki
[7/6/2017 20:23:52] /t
[7/6/2017 20:24:15] /a 10
[7/6/2017 20:24:16] /a 10
[7/6/2017 20:24:17] /a 10
[7/6/2017 20:24:18] /a 10
[7/6/2017 20:24:18] /a 10
[7/6/2017 20:24:19] /a 10
[7/6/2017 20:24:20] /a 10
[7/6/2017 20:24:21] /a 10
[7/6/2017 20:24:21] /a 10
[7/6/2017 20:24:25] /a 3
[7/6/2017 20:24:26] /a 3
[7/6/2017 20:24:26] /a 3
[7/6/2017 20:24:30] /a 10
[7/6/2017 20:24:31] /a 10
[7/6/2017 20:24:32] /a 10
[7/6/2017 20:24:32] /a 10
[7/6/2017 20:24:33] /a 10
[7/6/2017 20:24:34] /a 10
[7/6/2017 20:24:34] /a 10
[7/6/2017 20:24:35] /a 10
[7/6/2017 20:24:36] /a 10
[7/6/2017 20:24:37] /a 10
[7/6/2017 20:24:38] /a 10
[7/6/2017 20:24:38] /a 10
[7/6/2017 20:24:39] /a 10
[7/6/2017 20:24:40] /a 10
[7/6/2017 20:24:40] /a 10
[7/6/2017 20:24:41] /a 10
[7/6/2017 20:24:42] /a 10
[7/6/2017 20:24:43] /a 10
[7/6/2017 20:24:43] /a 10
[7/6/2017 20:24:45] /a 10
[7/6/2017 20:24:46] /a 10
[7/6/2017 20:24:47] /a 10
[7/6/2017 20:24:48] /a 10
[7/6/2017 20:24:52] /a 10
[7/6/2017 20:24:53] /a 10
[7/6/2017 20:25:35] /c oakley dragon wielki
[7/6/2017 20:25:35] /t
[7/6/2017 20:26:51] /a 3
[7/6/2017 20:26:53] /a 10
[7/6/2017 20:26:55] /a 10
[7/6/2017 20:26:56] /a 10
[7/6/2017 20:26:58] /a 10
[7/6/2017 20:26:59] /a 10
[7/6/2017 20:27:0] /a 10
[7/6/2017 20:27:1] /a 10
[7/6/2017 20:27:2] /a 10
[7/6/2017 20:27:3] /a 10
[7/6/2017 20:27:5] /a 10
[7/6/2017 20:27:6] /a 10
[7/6/2017 20:27:7] /a 10
[7/6/2017 20:27:8] /a 10
[7/6/2017 20:27:10] /a 10
[7/6/2017 20:27:10] /a 10
[7/6/2017 20:27:12] /a 10
[7/6/2017 20:27:14] /a
[7/6/2017 20:27:15] /a
[7/6/2017 20:27:15] /a
[7/6/2017 20:27:16] /a
[7/6/2017 20:27:16] /a
[7/6/2017 20:27:17] /a
[7/6/2017 20:27:17] /a
[7/6/2017 20:27:17] /a
[7/6/2017 20:27:25] /a 1
[7/6/2017 20:27:27] /a 10
[7/6/2017 20:27:34] /a 10
[7/6/2017 20:29:5] /up
[7/6/2017 20:29:7] /up
[7/6/2017 20:29:9] /down
[7/6/2017 20:29:10] /down
[7/6/2017 20:29:11] /down
[7/6/2017 20:29:12] /down
[7/6/2017 20:29:17] /down
[7/6/2017 20:29:52] /a
[7/6/2017 20:29:56] /t
[7/6/2017 20:30:14] /a
[7/6/2017 20:30:17] /a
[7/6/2017 20:30:18] /a
[7/6/2017 20:30:23] /a 10
[7/6/2017 20:30:24] /a 10
[7/6/2017 20:30:25] /a 10
[7/6/2017 20:30:26] /a 10
[7/6/2017 20:30:27] /a 10
[7/6/2017 20:30:28] /a 10
[7/6/2017 20:31:8] /c oakley dragon wielki
[7/6/2017 20:31:10] /t
[7/6/2017 20:43:35] /t
[7/6/2017 20:48:39] /up
[7/6/2017 20:48:40] /up
[7/6/2017 20:48:41] /up
[7/6/2017 20:48:46] /bc
[7/6/2017 20:48:54] /bc .
[7/6/2017 20:48:57] /bc a
[7/6/2017 20:49:0] /bc
[7/6/2017 20:49:3] /a
[7/6/2017 20:49:4] /c
[7/6/2017 20:49:19] /m guarda costa do god
[7/6/2017 20:49:26] /m guarda costas do god
[7/6/2017 20:52:30] /t
[7/6/2017 20:53:53] /t
[7/6/2017 20:54:5] /a 1000
[7/6/2017 20:54:7] /a 1000
[7/6/2017 20:54:8] /a 1000
[7/6/2017 20:54:9] /a 1000
[7/6/2017 20:54:11] /a
[7/6/2017 20:54:11] /a
[7/6/2017 20:54:13] /a 10
[7/6/2017 20:54:14] /a 10
[7/6/2017 20:54:16] /a 20
[7/6/2017 20:54:17] /a 30
[7/6/2017 20:54:18] /a 6
[7/6/2017 20:54:20] /a 6
[7/6/2017 20:54:20] /a 6
[7/6/2017 20:54:21] /a 6
[7/6/2017 20:54:22] /a 6
[7/6/2017 20:54:22] /a 6
[7/6/2017 20:54:23] /a 6
[7/6/2017 20:54:24] /a 6
[7/6/2017 20:54:25] /a 6
[7/6/2017 20:54:26] /a 6
[7/6/2017 20:54:26] /a 6
[7/6/2017 20:54:27] /a 6
[7/6/2017 20:54:27] /a 6
[7/6/2017 20:54:28] /a 6
[7/6/2017 20:54:28] /a 6
[7/6/2017 20:54:30] /a 50
[7/6/2017 20:54:32] /a 100
[7/6/2017 20:54:34] /a 4
[7/6/2017 20:54:35] /a 4
[7/6/2017 20:54:36] /a 4
[7/6/2017 20:54:36] /a 4
[7/6/2017 20:54:37] /a 4
[7/6/2017 20:54:37] /a 4
[7/6/2017 20:54:38] /a 4
[7/6/2017 20:54:39] /a 10
[7/6/2017 20:54:39] /a 10
[7/6/2017 20:54:40] /a 10
[7/6/2017 20:54:40] /a 10
[7/6/2017 20:54:41] /a 10
[7/6/2017 20:54:42] /a 100
[7/6/2017 20:54:44] /a
[7/6/2017 20:54:44] /a
[7/6/2017 20:54:45] /a
[7/6/2017 20:54:45] /a
[7/6/2017 20:54:46] /a
[7/6/2017 20:54:50] /a 20
[7/6/2017 20:54:51] /a 20
[7/6/2017 20:54:54] /a 30
[7/6/2017 20:54:56] /a 30
[7/6/2017 20:54:57] /a 30
[7/6/2017 20:54:57] /a 30
[7/6/2017 20:54:58] /a 30
[7/6/2017 20:55:2] /a 300
[7/6/2017 20:55:4] /a 100
[7/6/2017 20:55:5] /a 100
[7/6/2017 20:55:9] /a 150
[7/6/2017 20:55:11] /a 100
[7/6/2017 20:55:13] /a 100
[7/6/2017 20:55:17] /a 10
[7/6/2017 20:55:17] /a 10
[7/6/2017 20:55:18] /a 10
[7/6/2017 20:55:18] /a 10
[7/6/2017 20:55:19] /a 10
[7/6/2017 20:55:19] /a 10
[7/6/2017 20:55:19] /a 10
[7/6/2017 20:55:20] /a 10
[7/6/2017 20:55:20] /a 10
[7/6/2017 20:55:21] /a 10
[7/6/2017 20:55:22] /a 100
[7/6/2017 20:55:26] /a 1000
[7/6/2017 20:55:28] /a 20000
[7/6/2017 20:55:29] /t
[7/6/2017 20:55:32] /up
[7/6/2017 20:55:33] /up
[7/6/2017 20:55:34] /up
[7/6/2017 20:55:36] /up
[7/6/2017 20:55:41] /c guardar costas do god
[7/6/2017 20:55:43] /c guardar costas do god
[7/6/2017 20:55:46] /c guarda costas do god
[7/6/2017 20:55:50] /down
[7/6/2017 20:55:53] /up
[7/6/2017 20:55:59] /goto guarda costas do god
[7/6/2017 20:56:1] /goto guarda costas do god
[7/6/2017 20:56:2] /goto guarda costas do god
[7/6/2017 20:56:3] /goto guarda costas do god
[7/6/2017 20:56:10] /t
[7/6/2017 20:57:14] /up 3
[7/6/2017 20:57:48] /wp
[7/6/2017 20:59:30] /t
[7/6/2017 21:8:35] /goto erick on
[7/6/2017 21:8:39] /goto alison on
[7/6/2017 21:8:43] /goto marliin on
[7/6/2017 21:9:0] /goto bernardo trem
[7/6/2017 21:9:5] /t
[7/6/2017 21:20:21] /goto ze pinguelo
[7/6/2017 21:20:36] /t
[7/6/2017 21:20:46] /up
[7/6/2017 21:20:46] /up
[7/6/2017 21:20:48] /up
[7/6/2017 21:20:50] /mc
[7/6/2017 21:21:6] /down
[7/6/2017 21:21:7] /down
[7/6/2017 21:21:19] /a
[7/6/2017 21:21:20] /a
[7/6/2017 21:21:27] /a
[7/6/2017 21:21:27] /a
[7/6/2017 21:21:28] /a
[7/6/2017 21:24:48] /a
[7/6/2017 21:25:23] /ghost
[7/6/2017 21:27:2] /a
[7/6/2017 21:27:22] /ghost
[7/6/2017 21:29:49] /a
[7/6/2017 21:29:51] /a
[7/6/2017 21:30:35] /goto crowley
[7/6/2017 21:30:39] /goto crowley
[7/6/2017 21:30:40] /goto crowley
[7/6/2017 21:30:45] /goto crowley
[7/6/2017 21:30:47] /goto crowley
[7/6/2017 21:30:49] /goto crowley
[7/6/2017 21:30:51] /goto crowley
[7/6/2017 21:30:57] /goto crowley
[7/6/2017 21:31:8] /a
[7/6/2017 21:31:12] /a 10
[7/6/2017 21:32:13] /a
[7/6/2017 21:32:14] /a
[7/6/2017 21:34:19] /goto crowley
[7/6/2017 21:34:39] /t
[7/6/2017 21:34:50] /up
[7/6/2017 21:34:51] /up
[7/6/2017 21:34:52] /up
[7/6/2017 21:49:50] /up
[7/6/2017 21:49:51] /up
[7/6/2017 21:49:53] /up
[7/6/2017 21:50:11] /c guarda costas do go
[7/6/2017 21:50:12] /c guarda costas do god
[7/6/2017 21:50:15] /t
[7/6/2017 21:52:16] /goto [adm] rubens
[7/6/2017 22:8:46] /t
[7/6/2017 22:9:55] /a 2
[7/6/2017 22:10:34] /a 2
[7/6/2017 22:10:44] /a 2
[7/6/2017 22:10:45] /a 2
[7/6/2017 22:14:3] /a
[7/6/2017 22:14:5] /a
[7/6/2017 22:14:8] /a
[7/6/2017 22:14:9] /a
[7/6/2017 22:14:10] /a
[7/6/2017 22:14:11] /a
[7/6/2017 22:14:12] /a
[7/6/2017 22:14:13] /a
[7/6/2017 22:14:54] /a
[7/6/2017 22:14:57] /a
[7/6/2017 22:14:58] /a
[7/6/2017 22:15:46] /t
[8/6/2017 0:20:33] /c marliin on
[8/6/2017 0:20:43] /c marliin on
[8/6/2017 0:20:47] /ghost
[8/6/2017 0:21:22] /ghost
[8/6/2017 0:22:8] /a
[8/6/2017 0:22:8] /a
[8/6/2017 0:22:9] /a
[8/6/2017 0:22:9] /a
[8/6/2017 0:22:11] /ghost
[8/6/2017 0:22:15] /a 10
[8/6/2017 0:22:16] /a 10
[8/6/2017 0:22:16] /a 10
[8/6/2017 0:22:17] /a 10
[8/6/2017 0:22:21] /ghost
[8/6/2017 0:23:51] /a 3
[8/6/2017 0:23:59] /a 3
[8/6/2017 0:24:2] /a 3
[8/6/2017 0:24:15] /a 10
[8/6/2017 0:24:18] /a 4
[8/6/2017 0:24:18] /a 4
[8/6/2017 0:24:19] /a 4
[8/6/2017 0:24:19] /a 4
[8/6/2017 0:24:20] /a 4
[8/6/2017 0:24:20] /a 4
[8/6/2017 0:24:20] /a 4
[8/6/2017 0:24:21] /a 4
[8/6/2017 0:24:21] /a 4
[8/6/2017 0:24:22] /a 4
[8/6/2017 0:24:22] /a 4
[8/6/2017 0:24:22] /a 4
[8/6/2017 0:24:23] /a 4
[8/6/2017 0:24:23] /a 4
[8/6/2017 0:24:23] /a 4
[8/6/2017 0:24:24] /a 4
[8/6/2017 0:24:24] /a 4
[8/6/2017 0:24:25] /a 4
[8/6/2017 0:24:25] /a 4
[8/6/2017 0:24:25] /a 4
[8/6/2017 0:24:26] /a 4
[8/6/2017 0:24:26] /a 4
[8/6/2017 0:24:29] /a
[8/6/2017 0:24:32] /c marliin on
[8/6/2017 0:24:42] /a
[8/6/2017 0:24:47] /a
[8/6/2017 0:24:50] /a 5
[8/6/2017 0:24:52] /a
[8/6/2017 0:24:55] /c marliin on
[8/6/2017 0:25:11] /t
[8/6/2017 0:26:7] /a 5
[8/6/2017 0:26:10] /a
[8/6/2017 0:26:12] /a 40
[8/6/2017 0:26:13] /a 40
[8/6/2017 0:26:15] /a 10
[8/6/2017 0:26:16] /a 10
[8/6/2017 0:26:17] /a 10
[8/6/2017 0:26:18] /a 10
[8/6/2017 0:26:18] /a 10
[8/6/2017 0:26:19] /a 10
[8/6/2017 0:26:19] /a 10
[8/6/2017 0:26:20] /a 10
[8/6/2017 0:26:27] /c marliin on
[8/6/2017 0:27:2] /a 10
[8/6/2017 0:27:2] /a 10
[8/6/2017 0:27:3] /a 10
[8/6/2017 0:27:9] /down
[8/6/2017 0:27:22] /c marliin on
[8/6/2017 0:27:24] /t
[8/6/2017 0:27:46] /a 10
[8/6/2017 0:27:47] /a 10
[8/6/2017 0:28:55] /down
[8/6/2017 0:28:56] /down
[8/6/2017 0:28:56] /down
[8/6/2017 0:29:0] /a
[8/6/2017 0:29:2] /a 10
[8/6/2017 0:29:50] /c alison on
[8/6/2017 12:32:41] /a 4
[8/6/2017 12:32:43] /a 4
[8/6/2017 12:32:47] /a 1
[8/6/2017 12:33:4] /a
[8/6/2017 12:33:4] /a
[8/6/2017 12:33:16] /a 10
[8/6/2017 12:33:17] /a 10
[8/6/2017 12:33:17] /a 10
[8/6/2017 12:33:18] /a 10
[8/6/2017 12:33:19] /a 10
[8/6/2017 12:33:19] /a 10
[8/6/2017 12:33:20] /a 10
[8/6/2017 12:33:21] /a 10
[8/6/2017 12:33:21] /a 10
[8/6/2017 12:33:22] /a 10
[8/6/2017 12:33:22] /a 10
[8/6/2017 12:33:24] /a 10
[8/6/2017 12:33:26] /a 4
[8/6/2017 12:33:28] /a 4
[8/6/2017 12:33:28] /a 4
[8/6/2017 12:33:30] /a 4
[8/6/2017 12:33:30] /t
[8/6/2017 12:41:7] /t
[8/6/2017 12:42:8] /t
[8/6/2017 15:50:57] /t
[8/6/2017 15:52:1] /goto proxy xd
[8/6/2017 15:52:3] /t
[8/6/2017 15:52:58] /goto crowley
[8/6/2017 15:53:4] /a
[8/6/2017 15:53:6] /a
[8/6/2017 15:53:7] /a
[8/6/2017 15:53:7] /a
[8/6/2017 15:54:59] /a
[8/6/2017 16:6:24] /a
[8/6/2017 16:6:26] /a
[8/6/2017 16:6:27] /a
[8/6/2017 16:6:28] /a 3
[8/6/2017 16:6:33] /a 3
[8/6/2017 16:6:35] /a 3
[8/6/2017 16:6:36] /a 3
[8/6/2017 16:6:37] /a 3
[8/6/2017 16:19:9] /t
[8/6/2017 22:33:46] /goto alison on
[8/6/2017 22:34:19] /a
[8/6/2017 22:34:29] /a
[8/6/2017 22:34:52] /a
[8/6/2017 22:34:54] /a
[8/6/2017 22:34:55] /a
[8/6/2017 22:34:57] /a
[8/6/2017 22:35:1] /a
[8/6/2017 22:35:3] /a
[8/6/2017 22:35:8] /a 10
[8/6/2017 22:35:11] /a 4
[8/6/2017 22:35:12] /a 4
[8/6/2017 22:35:12] /a 4
[8/6/2017 22:35:13] /a 4
[8/6/2017 22:35:13] /a 4
[8/6/2017 22:35:14] /a 4
[8/6/2017 22:35:14] /a 4
[8/6/2017 22:35:20] /a 4
[8/6/2017 22:35:20] /a 4
[8/6/2017 22:35:20] /a 4
[8/6/2017 22:35:21] /a 4
[8/6/2017 22:35:21] /a 4
[8/6/2017 22:36:28] /a 4
[8/6/2017 22:36:29] /a 4
[8/6/2017 22:36:29] /a 4
[8/6/2017 22:36:30] /a 4
[8/6/2017 22:36:31] /a 4
[8/6/2017 22:36:31] /a 4
[8/6/2017 22:36:32] /a 4
[8/6/2017 22:36:33] /a 4
[8/6/2017 22:36:34] /a 4
[8/6/2017 22:36:38] /c alison on
[8/6/2017 22:36:39] /a
[8/6/2017 22:36:40] /a
[8/6/2017 22:36:41] /a 10
[8/6/2017 22:36:56] /a
[8/6/2017 22:36:58] /a 3
[8/6/2017 22:37:1] /c alison on
[8/6/2017 22:37:6] /t
[8/6/2017 22:37:32] /t alison on
[8/6/2017 23:7:47] /a 3
[8/6/2017 23:7:50] /a 40
[8/6/2017 23:7:51] /a 40
[8/6/2017 23:7:52] /a 40
[8/6/2017 23:7:53] /a 40
[8/6/2017 23:7:54] /a 10
[8/6/2017 23:7:55] /a 10
[8/6/2017 23:7:56] /a 10
[8/6/2017 23:7:59] /c alison on
[8/6/2017 23:8:38] /t
[8/6/2017 23:8:42] /up
[8/6/2017 23:8:42] /up
[8/6/2017 23:8:43] /up
[8/6/2017 23:8:45] /up
[8/6/2017 23:8:59] /m treiner
[8/6/2017 23:10:0] /up
[8/6/2017 23:10:4] /a
[8/6/2017 23:10:5] /up
[8/6/2017 23:10:7] /c alison on
[8/6/2017 23:10:24] /ghost
[8/6/2017 23:10:44] /t alison on
[8/6/2017 23:10:55] /goto guarda costas do god
[8/6/2017 23:10:57] /a
[8/6/2017 23:11:2] /a
[8/6/2017 23:11:16] /t
[8/6/2017 23:11:47] /ghost
[8/6/2017 23:12:2] /a
[8/6/2017 23:12:4] /a
[8/6/2017 23:12:6] /ghost
[8/6/2017 23:12:32] /ghost
[8/6/2017 23:13:1] /ghost
[8/6/2017 23:14:41] /goto luna
[8/6/2017 23:14:59] /a
[8/6/2017 23:15:1] /down
[8/6/2017 23:15:25] /a
[8/6/2017 23:15:26] /a 3
[8/6/2017 23:15:26] /a 3
[8/6/2017 23:15:27] /a 3
[8/6/2017 23:15:28] /a 3
[8/6/2017 23:15:29] /a 3
[8/6/2017 23:15:29] /a 3
[8/6/2017 23:15:30] /a 3
[8/6/2017 23:15:30] /a 3
[8/6/2017 23:15:31] /a 3
[8/6/2017 23:15:33] /a
[8/6/2017 23:15:36] /a
[8/6/2017 23:15:38] /a
[8/6/2017 23:15:40] /a
[8/6/2017 23:16:11] /goto luna
[8/6/2017 23:16:15] /down
[8/6/2017 23:16:19] /a
[8/6/2017 23:16:32] /goto luna
[8/6/2017 23:16:33] /a
[8/6/2017 23:16:35] /down
[8/6/2017 23:18:0] /c luna
[8/6/2017 23:20:23] /ghost
[8/6/2017 23:20:26] /t
[8/6/2017 23:21:52] /up
[8/6/2017 23:21:53] /up
[8/6/2017 23:21:54] /up
[8/6/2017 23:22:39] /bc red, NEW
[8/6/2017 23:23:32] /goto devakaa
[8/6/2017 23:23:35] /goto devakaa
[8/6/2017 23:23:40] /t
[8/6/2017 23:23:58] /ghost
[8/6/2017 23:25:18] /a
[8/6/2017 23:25:20] /a
[8/6/2017 23:25:26] /ghost
[9/6/2017 13:1:32] /t
[9/6/2017 13:2:15] /a
[9/6/2017 13:2:18] /a
[9/6/2017 13:7:16] /bc Utilize o canal "Ajuda" apenas para duvidas
[9/6/2017 13:9:14] /t
[9/6/2017 13:19:19] /t
[9/6/2017 13:22:14] /goto alison on
[9/6/2017 13:22:19] /t
[11/6/2017 12:43:13] /a
[11/6/2017 12:43:13] /a
[11/6/2017 12:44:11] /goto [ADM] RUBENS
[11/6/2017 12:44:12] /goto [ADM] RUBENS
[11/6/2017 21:38:52] /up
[11/6/2017 21:38:53] /up
[11/6/2017 21:38:54] /up
[11/6/2017 21:39:11] /bc THE BOSS STRIKER EM 1 MIN NO TEMPLO
[11/6/2017 21:39:13] /bc THE BOSS STRIKER EM 1 MIN NO TEMPLO
[11/6/2017 21:39:25] /m the boss striker
[11/6/2017 21:39:30] /t
[11/6/2017 21:39:36] /bc THE BOSS STRIKER EM 1 MIN NO TEMPLO
[11/6/2017 21:39:37] /bc THE BOSS STRIKER EM 1 MIN NO TEMPLO
[11/6/2017 21:39:38] /bc THE BOSS STRIKER EM 1 MIN NO TEMPLO
[11/6/2017 21:39:39] /bc THE BOSS STRIKER EM 1 MIN NO TEMPLO
[11/6/2017 21:39:40] /bc THE BOSS STRIKER EM 1 MIN NO TEMPLO
[11/6/2017 21:39:42] /bc THE BOSS STRIKER EM 1 MIN NO TEMPLO
[11/6/2017 21:39:43] /bc THE BOSS STRIKER EM 1 MIN NO TEMPLO
[11/6/2017 21:39:45] /bc THE BOSS STRIKER EM 1 MIN NO TEMPLO
[11/6/2017 21:40:4] /m the boss striker
[11/6/2017 21:40:39] /goto guarda costas do god
[11/6/2017 21:40:43] /a 4
[11/6/2017 21:40:49] /a
[11/6/2017 21:41:0] /a
[11/6/2017 21:41:4] /a 4
[11/6/2017 21:41:5] /a 4
[11/6/2017 21:41:6] /a 4
[11/6/2017 21:41:6] /a 4
[11/6/2017 21:41:6] /a 4
[11/6/2017 21:41:7] /a 4
[11/6/2017 21:41:8] /a 4
[11/6/2017 21:41:8] /a 4
[11/6/2017 21:41:9] /a 4
[11/6/2017 21:41:9] /a 4
[11/6/2017 21:41:9] /a 4
[11/6/2017 21:41:10] /a 4
[11/6/2017 21:41:10] /a 4
[11/6/2017 21:41:11] /a 4
[11/6/2017 21:41:36] /goto guarda costas do god
[11/6/2017 21:41:38] /t
[11/6/2017 21:42:1] /a 10
[11/6/2017 21:42:2] /a 10
[11/6/2017 21:42:3] /a 10
[11/6/2017 21:42:4] /a 10
[11/6/2017 21:42:4] /a 10
[11/6/2017 21:42:5] /a 10
[11/6/2017 21:42:6] /a 10
[11/6/2017 21:42:7] /a 10
[11/6/2017 21:42:8] /a 10
[11/6/2017 21:42:9] /a 10
[11/6/2017 21:42:9] /a 10
[11/6/2017 21:42:12] /a 10
[11/6/2017 21:42:14] /a
[11/6/2017 21:42:15] /a
[11/6/2017 21:42:16] /a
[11/6/2017 21:42:30] /t
[11/6/2017 21:43:10] /a
[11/6/2017 21:43:36] /a 10
[11/6/2017 21:43:37] /up
[11/6/2017 21:44:22] /c marliin on 
[11/6/2017 21:44:30] /m guarda costas do god
[11/6/2017 21:44:33] /t
[11/6/2017 21:45:30] /goto marliin on
[11/6/2017 21:45:38] /c lucas on
[11/6/2017 21:46:39] /t
[11/6/2017 21:49:38] /a 2
[11/6/2017 21:49:44] /t
[11/6/2017 21:51:57] /ghost
[11/6/2017 21:53:1] /ghost
[11/6/2017 21:53:4] /goto Darnt
[11/6/2017 21:54:41] /goto rei
[11/6/2017 21:54:44] /goto king
[11/6/2017 21:54:46] /t
[11/6/2017 21:54:56] /a 10
[11/6/2017 21:54:56] /a 10
[11/6/2017 21:54:58] /up
[11/6/2017 21:55:0] /a 10
[11/6/2017 21:55:5] /m king
[11/6/2017 21:55:15] /m king of baiak
[11/6/2017 21:55:22] /goto marliin on
[11/6/2017 21:56:41] /t
[11/6/2017 21:56:53] /goto flz duel
[11/6/2017 21:57:16] /a 10
[11/6/2017 21:57:17] /a 10
[11/6/2017 21:57:18] /a 10
[11/6/2017 21:57:18] /a 10
[11/6/2017 21:57:20] /a 10
[11/6/2017 22:6:31] /goto marliin on
[11/6/2017 22:6:38] /t
[11/6/2017 22:7:38] /goto marliin on
[11/6/2017 22:7:45] /m guarda costas do god
[11/6/2017 22:8:35] /t
[12/6/2017 13:5:13] /t
[12/6/2017 13:6:44] /bc Atenção Server The BOSS STRIKER no temple em 2 minutos !
[12/6/2017 13:6:46] /bc Atenção Server The BOSS STRIKER no temple em 2 minutos !
[12/6/2017 13:6:48] /bc Atenção Server The BOSS STRIKER no temple em 2 minutos !
[12/6/2017 13:6:54] /bc Atenção Server The BOSS STRIKER no temple em 2 minutos !
[12/6/2017 13:6:54] /bc Atenção Server The BOSS STRIKER no temple em 2 minutos !
[12/6/2017 13:6:55] /bc Atenção Server The BOSS STRIKER no temple em 2 minutos !
[12/6/2017 13:7:17] /bc Atenção Server The BOSS STRIKER no temple em 1 minuto !
[12/6/2017 13:7:22] /bc Atenção Server The BOSS STRIKER no temple em 1 minuto !
[12/6/2017 13:7:32] /bc Atenção Server The BOSS STRIKER no temple em 1 minuto !
[12/6/2017 13:7:41] /bc Atenção Server The BOSS STRIKER no temple em 30 segundos
[12/6/2017 13:7:44] /bc Atenção Server The BOSS STRIKER no temple em 30 segundos
[12/6/2017 13:7:50] /bc Atenção Server The BOSS STRIKER no temple em 30 segundos
[12/6/2017 13:7:55] /bc Atenção Server The BOSS STRIKER no temple em 30 segundos
[12/6/2017 13:7:58] /bc Atenção Server The BOSS STRIKER no temple em 30 segundos
[12/6/2017 13:8:11] /bc Atenção Server The BOSS STRIKER no temple em 10 segundos
[12/6/2017 13:8:31] /m the boss striker
[12/6/2017 13:8:39] /bc Atenção Server The BOSS STRIKER no temple 
[12/6/2017 13:8:40] /bc Atenção Server The BOSS STRIKER no temple 
[12/6/2017 13:8:41] /bc Atenção Server The BOSS STRIKER no temple 
[12/6/2017 13:8:41] /bc Atenção Server The BOSS STRIKER no temple 
[12/6/2017 13:8:42] /bc Atenção Server The BOSS STRIKER no temple 
[12/6/2017 13:8:42] /bc Atenção Server The BOSS STRIKER no temple 
[12/6/2017 13:8:43] /bc Atenção Server The BOSS STRIKER no temple 
[12/6/2017 13:8:43] /bc Atenção Server The BOSS STRIKER no temple 
[12/6/2017 13:8:43] /bc Atenção Server The BOSS STRIKER no temple 
[12/6/2017 13:8:44] /bc Atenção Server The BOSS STRIKER no temple 
[12/6/2017 13:8:44] /bc Atenção Server The BOSS STRIKER no temple 
[12/6/2017 13:8:45] /bc Atenção Server The BOSS STRIKER no temple 
[12/6/2017 13:8:45] /bc Atenção Server The BOSS STRIKER no temple 
[12/6/2017 13:8:45] /bc Atenção Server The BOSS STRIKER no temple 
[12/6/2017 13:10:15] /a
[12/6/2017 13:10:26] /a
[12/6/2017 13:10:27] /a
[12/6/2017 13:11:9] /goto guarda costas do god
[12/6/2017 13:11:11] /a
[12/6/2017 13:11:12] /a 10
[12/6/2017 13:11:13] /a 10
[12/6/2017 13:11:15] /a 4
[12/6/2017 13:11:16] /a 1
[12/6/2017 13:11:24] /t
[12/6/2017 18:26:54] /goto cancer no saco
[12/6/2017 18:26:56] /goto cancer no saco
[12/6/2017 18:26:57] /goto cancer no saco
[12/6/2017 18:26:59] /goto cancer no saco
[12/6/2017 18:27:0] /goto cancer no saco
[12/6/2017 18:27:5] /goto cancer no saco
[12/6/2017 18:27:14] /ghost
[12/6/2017 18:27:33] /t
[12/6/2017 18:28:14] /a 3
[12/6/2017 18:29:3] /ghost
[12/6/2017 18:29:5] /ghost
[12/6/2017 18:29:6] /ghost
[12/6/2017 18:29:30] /c lucas on
[12/6/2017 18:29:32] /t
[12/6/2017 18:29:36] /ghost
[12/6/2017 18:29:53] /ghost
[12/6/2017 18:29:57] /goto druid da baixada
[12/6/2017 18:30:1] /goto druid baixada
[12/6/2017 18:30:8] /kick druid baixada
