[18/4/2017 8:58:59] /a 2
[18/4/2017 8:59:27] /a 4
[18/4/2017 9:1:23] /goto demon vip ii
[18/4/2017 9:1:37] /goto hydra vip ii
[18/4/2017 9:1:54] /c Adm Stilinsk
[18/4/2017 9:1:55] /c Adm Stilinsk
[18/4/2017 9:1:56] /c Adm Stilinsk
[18/4/2017 9:1:59] /c Adm Stilinsk
[18/4/2017 9:2:2] /c Adm Stilinsk
[18/4/2017 9:2:15] /goto adm st~
[18/4/2017 9:2:17] /goto adm st~
[18/4/2017 9:2:18] /goto adm st~
[18/4/2017 9:2:19] /goto adm st~
[18/4/2017 9:2:20] /goto adm st~
[18/4/2017 9:2:22] /goto adm st~
[18/4/2017 9:2:25] /goto adm st~
[18/4/2017 9:3:31] /goto fro~
[18/4/2017 9:3:38] /goto demon vip ii
[18/4/2017 9:3:44] /goto lord~
[18/4/2017 9:3:46] /goto lord of~
[18/4/2017 9:3:49] /goto lord of demon
[18/4/2017 9:6:4] /goto Adm Stilinsk
[18/4/2017 9:9:15] /a 2
[18/4/2017 9:10:20] /t
[18/4/2017 9:23:32] /i 10492
[18/4/2017 9:23:39] /r
[18/4/2017 9:23:40] /r
[18/4/2017 9:23:43] /r
[18/4/2017 9:23:44] /r
[18/4/2017 9:23:46] /r
[18/4/2017 9:23:46] /r
[18/4/2017 9:23:51] /i 9563
[18/4/2017 9:23:52] /i 9563
[18/4/2017 9:23:54] /i 9563
[18/4/2017 9:30:18] /i 457
[18/4/2017 9:30:19] /i 457
[18/4/2017 9:30:21] /i 457
[18/4/2017 9:30:21] /i 457
[18/4/2017 9:30:22] /i 457
[18/4/2017 9:30:24] /i 457
[18/4/2017 9:30:27] /i 457
[18/4/2017 9:30:33] /i 457
[18/4/2017 9:30:34] /i 457
[18/4/2017 9:30:35] /i 457
[18/4/2017 9:30:35] /i 457
[18/4/2017 9:30:36] /i 457
[18/4/2017 9:30:37] /i 457
[18/4/2017 9:30:58] /i 457
[18/4/2017 9:30:59] /i 457
[18/4/2017 9:31:0] /i 457
[18/4/2017 9:31:1] /i 457
[18/4/2017 9:31:2] /i 457
[18/4/2017 9:31:2] /i 457
[18/4/2017 9:31:4] /i 457
[18/4/2017 9:31:6] /i 457
[18/4/2017 9:31:7] /i 457
[18/4/2017 9:31:7] /i 457
[18/4/2017 9:31:9] /i 457
[18/4/2017 9:31:9] /i 457
[18/4/2017 9:31:10] /i 457
[18/4/2017 9:31:11] /i 457
[18/4/2017 9:31:14] /i 457
[18/4/2017 9:31:16] /i 457
[18/4/2017 9:31:17] /i 457
[18/4/2017 9:31:19] /i 457
[18/4/2017 9:31:19] /i 457
[18/4/2017 9:31:22] /i 457
[18/4/2017 9:31:23] /i 457
[18/4/2017 9:31:25] /i 457
[18/4/2017 9:31:25] /i 457
[18/4/2017 9:31:27] /i 457
[18/4/2017 9:31:28] /i 457
[18/4/2017 9:31:54] /i 457
[18/4/2017 9:31:55] /i 457
[18/4/2017 9:31:55] /i 457
[18/4/2017 9:31:59] /i 457
[18/4/2017 9:32:24] /i 457
[18/4/2017 9:32:25] /i 457
[18/4/2017 9:32:38] /i 457
[18/4/2017 9:32:38] /i 457
[18/4/2017 9:32:40] /i 457
[18/4/2017 9:32:41] /i 457
[18/4/2017 9:32:42] /i 457
[18/4/2017 9:32:42] /i 457
[18/4/2017 9:36:55] /a
[18/4/2017 9:37:5] /i 457
[18/4/2017 9:37:9] /i 457
[18/4/2017 9:37:10] /i 457
[18/4/2017 9:37:12] /i 457
[18/4/2017 9:37:13] /i 457
[18/4/2017 9:37:22] /i 11094
[18/4/2017 9:37:38] /i 11094
[18/4/2017 9:37:47] /i 457
[18/4/2017 9:37:48] /i 457
[18/4/2017 9:37:48] /i 457
[18/4/2017 9:37:49] /i 457
[18/4/2017 9:37:51] /i 457
[18/4/2017 9:37:52] /i 457
[18/4/2017 9:37:53] /i 457
[18/4/2017 9:37:53] /i 457
[18/4/2017 9:37:54] /i 457
[18/4/2017 9:37:55] /i 457
[18/4/2017 9:37:56] /i 457
[18/4/2017 9:37:58] /i 457
[18/4/2017 9:38:2] /a
[18/4/2017 9:38:3] /i 457
[18/4/2017 9:39:0] /i 457
[18/4/2017 9:39:4] /i 457
[18/4/2017 9:39:28] /i 457
[18/4/2017 9:39:30] /i 457
[18/4/2017 9:39:32] /i 457
[18/4/2017 9:39:34] /i 457
[18/4/2017 9:42:41] /i 457
[18/4/2017 9:42:46] /a
[18/4/2017 9:42:51] /i 11094
[18/4/2017 9:42:54] /a
[18/4/2017 9:42:56] /i 457
[18/4/2017 9:43:2] /i 11094
[18/4/2017 9:43:12] /i 11094
[18/4/2017 9:43:19] /i 457
[18/4/2017 9:43:22] /t
[18/4/2017 9:43:48] /ghost
[18/4/2017 10:20:7] /t
[18/4/2017 10:20:12] /goto ro~
[18/4/2017 10:39:59] /attr group 4
[18/4/2017 10:40:0] /r
[18/4/2017 10:59:55] /t
[18/4/2017 11:50:12] /ghost
[18/4/2017 11:50:16] /ghost
[18/4/2017 12:10:28] /bc v [DODGE] [CRITICAL] Será abaixado hoje a noite para 20kk, peço que aguardem!
[18/4/2017 12:10:34] /bc [DODGE] [CRITICAL] Será abaixado hoje a noite para 20kk, peço que aguardem!
[18/4/2017 12:10:43] /bc [DODGE] [CRITICAL] Será abaixado hoje a noite para 20kk, peço que aguardem!
[18/4/2017 12:10:44] /bc [DODGE] [CRITICAL] Será abaixado hoje a noite para 20kk, peço que aguardem!
[18/4/2017 12:10:52] /bc [DODGE] [CRITICAL] Será abaixado hoje a noite para 20kk, peço que aguardem!
[18/4/2017 12:11:5] /bc [DODGE] [CRITICAL] Será abaixado hoje a noite para 20kk, peço que aguardem!
[18/4/2017 12:11:18] /bc [DODGE] [CRITICAL] Será abaixado hoje a noite para 20kk, peço que aguardem!
[18/4/2017 12:11:27] /bc [DODGE] [CRITICAL] Será abaixado hoje a noite para 20kk, peço que aguardem!
[18/4/2017 12:13:39] /bc [DODGE] [CRITICAL] Será abaixado hoje a noite para 20kk, peço que aguardem!
[18/4/2017 12:16:14] /bc [DODGE] [CRITICAL] Será abaixado hoje a noite para 20kk, peço que aguardem!
[18/4/2017 12:17:52] /bc [DODGE] [CRITICAL] Será abaixado hoje a noite para 20kk, peço que aguardem!
[18/4/2017 12:18:21] /bc [DODGE] [CRITICAL] Será abaixado hoje a noite para 20kk, peço que aguardem!
[18/4/2017 12:18:54] /bc [DODGE] [CRITICAL] Será abaixado hoje a noite para 20kk, peço que aguardem!
[18/4/2017 12:20:44] /c True insec
[18/4/2017 12:22:45] /bc [DODGE] [CRITICAL] Será abaixado hoje a noite para 20kk, peço que aguardem!
[18/4/2017 12:22:46] /bc [DODGE] [CRITICAL] Será abaixado hoje a noite para 20kk, peço que aguardem!
[18/4/2017 12:23:3] /bc [DODGE] [CRITICAL] Será abaixado hoje a noite para 20kk, peço que aguardem!
[18/4/2017 12:30:38] /goto True insec
[18/4/2017 13:8:57] /goto irmao is
[18/4/2017 13:12:16] /i 2160
[18/4/2017 13:12:17] /i 2160
[18/4/2017 13:12:17] /i 2160
[18/4/2017 13:12:19] /i 2160
[18/4/2017 13:12:19] /i 2160
[18/4/2017 13:12:20] /i 2160
[18/4/2017 13:12:20] /i 2160
[18/4/2017 13:12:39] /c Teller
[18/4/2017 13:12:49] /c Teller
[18/4/2017 13:53:26] /t
[18/4/2017 14:3:4] /ghost
[18/4/2017 14:3:7] /c fransis on
[18/4/2017 14:3:17] /c francis on
[18/4/2017 14:3:49] /ghost
[18/4/2017 14:7:19] /c Support
[18/4/2017 14:7:22] /attr group 6
[18/4/2017 14:7:29] /promote support
[18/4/2017 14:7:30] /promote support
[18/4/2017 14:7:30] /promote support
[18/4/2017 14:7:31] /promote support
[18/4/2017 14:7:31] /promote support
[18/4/2017 14:7:32] /promote support
[18/4/2017 14:7:32] /promote support
[18/4/2017 14:8:22] /c support
[18/4/2017 15:7:44] /bc v 90 ON!! INVASÃO NA CITY
[18/4/2017 15:7:49] /bc  90 ON!! INVASÃO NA CITY
[18/4/2017 15:7:50] /bc  90 ON!! INVASÃO NA CITY
[18/4/2017 15:8:28] /bc  90 ONLINE!! INVASÃO NA CITY GALERA
[18/4/2017 15:10:55] /bc  90 ONLINE!! INVASÃO NA CITY GALERA
[18/4/2017 15:11:0] /bc  90 ONLINE!! INVASÃO NA CITY GALERA
[18/4/2017 15:11:12] /c gabrielz
[18/4/2017 15:11:32] /i 9693
[18/4/2017 15:11:35] /i 9693
[18/4/2017 15:11:36] /i 9693
[18/4/2017 15:11:36] /i 9693
[18/4/2017 15:11:37] /i 9693
[18/4/2017 15:11:37] /i 9693
[18/4/2017 15:11:38] /i 9693
[18/4/2017 15:11:38] /i 9693
[18/4/2017 15:11:54] /i 9693
[18/4/2017 15:11:55] /i 9693
[18/4/2017 15:12:57] /c support
[18/4/2017 15:13:25] /t
[18/4/2017 15:16:37] /t
[18/4/2017 15:16:50] /t
[18/4/2017 15:23:13] /a 2
[18/4/2017 15:23:14] /ghost
[18/4/2017 15:23:28] /ghost
[18/4/2017 15:23:28] /ghost
[18/4/2017 15:23:34] /ghost
[18/4/2017 15:23:39] /t Oakley
[18/4/2017 15:23:40] /t
[18/4/2017 15:58:41] /ghost
[18/4/2017 15:58:48] /ghost
[18/4/2017 16:22:51] /c Frist
[18/4/2017 16:28:16] /bc v AREA DONATE LIBERADA ATE 00H.
[18/4/2017 16:28:21] /bc  AREA DONATE LIBERADA ATE 00H.
[18/4/2017 18:22:59] /i 457
[18/4/2017 18:23:1] /i 457
[18/4/2017 18:23:2] /i 457
[18/4/2017 18:23:3] /i 457
[18/4/2017 18:23:4] /i 457
[18/4/2017 18:23:4] /i 457
[18/4/2017 18:23:5] /i 457
[18/4/2017 18:23:6] /i 457
[18/4/2017 18:23:8] /i 457
[18/4/2017 18:23:11] /i 457
[18/4/2017 18:23:13] /i 457
[18/4/2017 18:23:14] /i 457
[18/4/2017 18:23:15] /i 457
[18/4/2017 18:23:16] /i 457
[18/4/2017 18:23:17] /i 457
[18/4/2017 18:23:18] /i 457
[18/4/2017 18:23:19] /i 457
[18/4/2017 18:23:20] /i 457
[18/4/2017 18:23:22] /i 457
[18/4/2017 18:23:23] /i 457
[18/4/2017 18:23:25] /i 457
[18/4/2017 18:23:26] /i 457
[18/4/2017 18:23:27] /i 457
[18/4/2017 18:23:31] /i 457
[18/4/2017 18:23:32] /i 457
[18/4/2017 18:23:33] /i 457
[18/4/2017 18:23:35] /i 457
[18/4/2017 18:23:36] /i 457
[18/4/2017 18:23:41] /i 457
[18/4/2017 18:23:43] /i 457
[18/4/2017 18:23:45] /i 457
[18/4/2017 18:23:51] /i 457
[18/4/2017 18:23:51] /i 457
[18/4/2017 18:23:52] /i 457
[18/4/2017 18:23:53] /i 457
[18/4/2017 18:23:55] /i 457
[18/4/2017 18:23:55] /i 457
[18/4/2017 18:23:59] /i 457
[18/4/2017 18:23:59] /i 457
[18/4/2017 18:24:0] /i 457
[18/4/2017 18:24:13] /i 457
[18/4/2017 18:24:16] /i 457
[18/4/2017 18:24:17] /i 457
[18/4/2017 18:24:18] /i 457
[18/4/2017 18:24:18] /i 457
[18/4/2017 18:24:19] /i 457
[18/4/2017 18:24:20] /i 457
[18/4/2017 18:24:20] /i 457
[18/4/2017 18:24:21] /i 457
[18/4/2017 18:24:22] /i 457
[18/4/2017 18:24:22] /i 457
[18/4/2017 18:24:24] /i 457
[18/4/2017 18:24:25] /i 457
[18/4/2017 18:24:26] /i 457
[18/4/2017 18:24:26] /i 457
[18/4/2017 18:24:27] /i 457
[18/4/2017 18:24:28] /i 457
[18/4/2017 18:24:29] /i 457
[18/4/2017 18:24:34] /i 457
[18/4/2017 18:24:37] /i 457
[18/4/2017 18:24:39] /i 457
[18/4/2017 18:24:46] /i 457
[18/4/2017 18:24:56] /i 457
[18/4/2017 18:24:57] /i 457
[18/4/2017 18:24:58] /i 457
[18/4/2017 18:24:59] /i 457
[18/4/2017 18:24:59] /i 457
[18/4/2017 18:25:0] /i 457
[18/4/2017 18:25:0] /i 457
[18/4/2017 18:25:2] /i 457
[18/4/2017 18:25:4] /i 457
[18/4/2017 18:25:5] /i 457
[18/4/2017 18:25:5] /i 457
[18/4/2017 18:25:8] /i 457
[18/4/2017 18:25:10] /i 457
[18/4/2017 18:25:11] /i 457
[18/4/2017 18:25:12] /i 457
[18/4/2017 18:25:12] /i 457
[18/4/2017 18:25:13] /i 457
[18/4/2017 18:25:14] /i 457
[18/4/2017 18:25:15] /i 457
[18/4/2017 18:25:16] /i 457
[18/4/2017 18:25:17] /i 457
[18/4/2017 18:25:18] /i 457
[18/4/2017 18:25:18] /i 457
[18/4/2017 18:25:19] /i 457
[18/4/2017 18:25:23] /i 457
[18/4/2017 18:25:25] /i 457
[18/4/2017 18:25:28] /i 457
[18/4/2017 18:25:43] /i 11094
[18/4/2017 18:25:46] /i 11094
[18/4/2017 18:25:49] /i 11094
[18/4/2017 18:26:2] /i 457
[18/4/2017 18:26:37] /i 457
[18/4/2017 18:26:40] /i 457
[18/4/2017 18:26:48] /i 11094
[18/4/2017 18:27:5] /i 7350
[18/4/2017 18:27:13] /i 10492
[18/4/2017 18:27:30] /i 7350
[18/4/2017 18:27:32] /i 10492
[18/4/2017 18:27:37] /i 457
[18/4/2017 18:28:50] /i 457
[18/4/2017 18:28:55] /i 10492
[18/4/2017 18:29:0] /i 11094
[18/4/2017 18:29:5] /i 457
[18/4/2017 18:29:9] /i 11094
[18/4/2017 18:29:11] /i 457
[18/4/2017 18:29:15] /i 11094
[18/4/2017 18:29:17] /i 11094
[18/4/2017 18:29:19] /i 11094
[18/4/2017 18:29:55] /r
[18/4/2017 18:29:57] /r
[18/4/2017 18:29:59] /r
[18/4/2017 18:30:1] /r
[18/4/2017 18:30:2] /r
[18/4/2017 18:30:3] /r
[18/4/2017 18:30:12] /b AREA DONATE LIBERADA ATÉ 00H!!
[18/4/2017 18:30:13] /b AREA DONATE LIBERADA ATÉ 00H!!
[18/4/2017 18:30:14] /b AREA DONATE LIBERADA ATÉ 00H!!
[18/4/2017 18:30:15] /b AREA DONATE LIBERADA ATÉ 00H!!
[18/4/2017 18:31:1] /b AREA DONATE LIBERADA ATÉ 00H!!
[18/4/2017 18:31:37] /b AREA DONATE LIBERADA ATÉ 00H!!
[18/4/2017 18:31:38] /b AREA DONATE LIBERADA ATÉ 00H!!
[18/4/2017 18:33:23] /b AREA DONATE LIBERADA ATÉ 00H!!
[18/4/2017 18:37:23] /goto transao
[18/4/2017 18:37:58] /i new staff
[18/4/2017 18:39:13] /t
[18/4/2017 18:51:13] /i 11094
[18/4/2017 18:51:22] /i 457
[18/4/2017 18:51:32] /i 11094
[18/4/2017 18:51:34] /i 457
[18/4/2017 18:51:45] /r
[18/4/2017 18:51:51] /r
[18/4/2017 18:51:53] /r
[18/4/2017 18:51:53] /r
[18/4/2017 18:51:56] /r
[18/4/2017 18:51:57] /r
[18/4/2017 18:52:5] /i 9563
[18/4/2017 18:52:7] /i 9563
[18/4/2017 18:52:7] /i 9563
[18/4/2017 18:56:10] /b AREA DONATE LIBERADA ATE 00H!!
[18/4/2017 18:56:16] /bc v AREA DONATE LIBERADA ATE 00H!!
[18/4/2017 18:56:20] /bc  AREA DONATE LIBERADA ATE 00H!!
[18/4/2017 18:56:20] /bc  AREA DONATE LIBERADA ATE 00H!!
[18/4/2017 19:2:31] /c Lord'paulistinha
[18/4/2017 19:18:34] /bc v AREA DONATE LIBERADA ATE 00H!!
[18/4/2017 19:18:37] /bc v AREA DONATE LIBERADA ATE 00H!!
[18/4/2017 19:18:40] /bc v AREA DONATE LIBERADA ATE 00H!!
[18/4/2017 19:18:45] /bc AREA DONATE LIBERADA ATE 00H!!
[18/4/2017 19:18:46] /bc AREA DONATE LIBERADA ATE 00H!!
[18/4/2017 19:18:47] /bc AREA DONATE LIBERADA ATE 00H!!
[18/4/2017 19:19:13] /r
[18/4/2017 19:19:14] /r
[18/4/2017 19:19:16] /r
[18/4/2017 19:20:42] /bc AREA DONATE LIBERADA ATE 00H!!
[18/4/2017 19:21:18] /goto True insec
[18/4/2017 19:21:20] /goto True insec
[18/4/2017 19:21:24] /i addon doll
[18/4/2017 19:21:25] /i addon doll
[18/4/2017 19:21:42] /t
[18/4/2017 19:21:52] /c Apollo
[18/4/2017 19:22:48] /c 2641
[18/4/2017 19:22:53] /i 2641
[18/4/2017 19:22:55] /i 2641
[18/4/2017 19:22:58] /c apollo
[18/4/2017 19:23:3] /t
[18/4/2017 19:27:18] /bc v AREA DONATE LIBERADA ATE 00H!!
[18/4/2017 19:27:22] /bc AREA DONATE LIBERADA ATE 00H!!
[18/4/2017 19:27:23] /bc AREA DONATE LIBERADA ATE 00H!!
[18/4/2017 19:27:24] /bc AREA DONATE LIBERADA ATE 00H!!
[18/4/2017 19:31:26] /c sexy
[18/4/2017 19:31:29] /i addon doll
[18/4/2017 19:31:46] /c sexy
[18/4/2017 19:31:53] /c sexy
[18/4/2017 19:43:18] /bc AREA DONATE LIBERADA ATÉ 00H!
[18/4/2017 19:43:19] /bc AREA DONATE LIBERADA ATÉ 00H!
[18/4/2017 19:43:25] /bc AREA DONATE LIBERADA ATÉ 00H!
[18/4/2017 19:43:31] /i addon doll
[18/4/2017 19:43:46] /c lukao
[18/4/2017 19:43:48] /i addon doll
[18/4/2017 19:44:15] /c lukao
[18/4/2017 19:44:25] /c Big Bone Harmony
[18/4/2017 19:44:27] /i addon doll
[18/4/2017 19:45:33] /bc AREA DONATE LIBERADA ATÉ 00H!
[18/4/2017 19:45:36] /goto elder mago
[18/4/2017 19:45:41] /i addon doll
[18/4/2017 19:45:48] /c Elder Mago
[18/4/2017 19:46:17] /bc AREA DONATE LIBERADA ATÉ 00H!
[18/4/2017 19:46:19] /bc AREA DONATE LIBERADA ATÉ 00H!
[18/4/2017 19:46:24] /c Pascvoa Sonetto Lithe
[18/4/2017 19:46:28] /c Pascvoa Sonetto Lithe
[18/4/2017 19:46:33] /i addon doll
[18/4/2017 19:46:35] /c Pascvoa Sonetto Lithe
[18/4/2017 19:46:48] /t Pascvoa Sonetto Lithe
[18/4/2017 19:46:50] /t
[18/4/2017 19:46:54] /c Pascvoa Sonetto Lithe
[18/4/2017 19:47:6] /c malukko
[18/4/2017 19:47:32] /c malukko
[18/4/2017 19:47:36] /c malukko
[18/4/2017 19:47:38] /c malukko
[18/4/2017 19:47:42] /i addon doll
[18/4/2017 19:48:7] /i addon doll
[18/4/2017 19:48:12] /c Bankay
[18/4/2017 19:48:35] /t Bankay
[18/4/2017 19:48:55] /bc AREA DONATE LIBERADA ATÉ 00H!
[18/4/2017 19:53:41] /c Free Frag
[18/4/2017 19:53:43] /i addon doll
[18/4/2017 19:53:57] /c Free Frag
[18/4/2017 19:54:6] /bc AREA DONATE LIBERADA ATÉ 00H!
[18/4/2017 19:57:0] /c Diogozeeraa
[18/4/2017 19:57:4] /i addon doll
[18/4/2017 19:57:58] /c Diogozeeraa
[18/4/2017 19:58:25] /i addon doll
[18/4/2017 19:58:26] /i addon doll
[18/4/2017 19:59:5] /i addon doll
[18/4/2017 20:4:30] /c sorc solar
[18/4/2017 20:4:34] /i addon doll
[18/4/2017 20:4:36] /c sorc solar
[18/4/2017 20:4:38] /c sorc solar
[18/4/2017 20:4:55] /c sorc solar
[18/4/2017 20:6:27] /bc AREA DONATE LIBERADA ATE 00H!!
[18/4/2017 20:6:29] /bc AREA DONATE LIBERADA ATE 00H!!
[18/4/2017 20:6:36] /bc AREA DONATE LIBERADA ATE 00H!!
[18/4/2017 20:7:51] /bc 100 ON INVASAO NA CITY!!
[18/4/2017 20:7:52] /bc 100 ON INVASAO NA CITY!!
[18/4/2017 20:8:1] /bc 100 ON INVASAO NA CITY!!
[18/4/2017 20:8:11] /bc 100 ON INVASSAO NA CITY!!
[18/4/2017 20:8:44] /bc 100 ON INVASSAO NA CITY!!
[18/4/2017 20:8:52] /bc 100 ON INVASSAO NA CITY!!
[18/4/2017 20:9:49] /b 100 ON INVASSAO NA CITY!!
[18/4/2017 20:10:4] /b 100 ON INVASSAO NA CITY!! TEM 87
[18/4/2017 20:18:22] /b GALERA 100 ONLINE TEM INVASSAO NA CITY!!
[18/4/2017 20:18:25] /b GALERA 100 ONLINE TEM INVASSAO NA CITY!!
[18/4/2017 20:18:33] /b GALERA 100 ONLINE TEM INVASSAO NA CITY!! 91
[18/4/2017 20:21:9] /b GALERA 100 ONLINE TEM INVASSAO NA CITY!! 93
[18/4/2017 20:21:18] /b GALERA 100 ONLINE TEM INVASSAO NA CITY!! 93
[18/4/2017 20:21:34] /b AREA DONATE LIBERADA ATE 00H!
[18/4/2017 20:21:35] /b AREA DONATE LIBERADA ATE 00H!
[18/4/2017 20:21:37] /b AREA DONATE LIBERADA ATE 00H!
[18/4/2017 20:21:57] /goto tiro
[18/4/2017 20:22:3] /c tiro
[18/4/2017 20:22:5] /i addon doll
[18/4/2017 20:22:8] /c tiro
[18/4/2017 20:22:11] /i addon doll
[18/4/2017 20:22:30] /c Lady kina
[18/4/2017 20:22:36] /t Lady kina
[18/4/2017 20:22:39] /i addon doll
[18/4/2017 20:22:55] /b AREA DONATE LIBERADA ATE 00H!
[18/4/2017 20:22:57] /b AREA DONATE LIBERADA ATE 00H!
[18/4/2017 20:23:14] /goto elder mago
[18/4/2017 20:23:27] /b AREA DONATE LIBERADA ATE 00H!
[18/4/2017 20:23:32] /ghost
[18/4/2017 20:23:35] /ghost
[18/4/2017 20:24:0] /bc AREA DONATE LIBERADA ATE 00H!
[18/4/2017 20:24:6] /t
[18/4/2017 20:24:25] /a
[18/4/2017 20:24:30] /a
[18/4/2017 20:24:34] /t
[18/4/2017 20:25:10] /bc [AVISO] A BaiakNew foi invadida por Monstros, venha proteger a cidade!
[18/4/2017 20:25:18] /bc [AVISO] A BaiakNew foi invadida por Monstros, venha proteger a cidade!
[18/4/2017 20:25:32] /b LOOT DODGE E CRITICAL + GRANA
[18/4/2017 20:25:33] /b LOOT DODGE E CRITICAL + GRANA
[18/4/2017 20:25:35] /b LOOT DODGE E CRITICAL + GRANA
[18/4/2017 20:25:42] /bc [AVISO] A BaiakNew foi invadida por Monstros, venha proteger a cidade!
[18/4/2017 20:25:45] /bc [AVISO] A BaiakNew foi invadida por Monstros, venha proteger a cidade!
[18/4/2017 20:25:51] /b LOOT DODGE E CRITICAL + GRANA
[18/4/2017 20:26:13] /b LOOT DODGE E CRITICAL + GRANA
[18/4/2017 20:26:37] /b LOOT DODGE E CRITICAL + GRANA
[18/4/2017 20:26:40] /bc [AVISO] A BaiakNew foi invadida por Monstros, venha proteger a cidade!
[18/4/2017 20:26:52] /bc [AVISO] A BaiakNew foi invadida por Monstros, venha proteger a cidade!
[18/4/2017 20:26:54] /b LOOT DODGE E CRITICAL + GRANA
[18/4/2017 20:27:20] /b LOOT DODGE E CRITICAL + GRANA
[18/4/2017 20:27:23] /bc [AVISO] A BaiakNew foi invadida por Monstros, venha proteger a cidade!
[18/4/2017 20:27:54] /bc [AVISO] A BaiakNew foi invadida por Monstros, venha proteger a cidade!
[18/4/2017 20:28:14] /bc [AVISO] A BaiakNew foi invadida por Monstros, venha proteger a cidade!
[18/4/2017 20:28:35] /r
[18/4/2017 20:28:37] /r
[18/4/2017 20:28:38] /r
[18/4/2017 20:28:47] /bc [AVISO] A BaiakNew foi invadida por Monstros, venha proteger a cidade!
[18/4/2017 20:29:0] /bc [AVISO] A BaiakNew foi invadida por Monstros, venha proteger a cidade!
[18/4/2017 20:29:38] /b LOOT DODGE E CRITICAL + GRANA
[18/4/2017 20:29:39] /b LOOT DODGE E CRITICAL + GRANA
[18/4/2017 20:29:41] /t
[18/4/2017 20:29:53] /goto bielzin
[18/4/2017 20:29:56] /i addon doll
[18/4/2017 20:29:59] /goto belezin
[18/4/2017 20:30:10] /t
[18/4/2017 20:30:17] /c 21:26 New record: 100 players are logged in.
[18/4/2017 20:30:24] /c belezin
[18/4/2017 20:30:47] /b LOOT DODGE E CRITICAL + GRANA
[18/4/2017 20:30:48] /b LOOT DODGE E CRITICAL + GRANA
[18/4/2017 20:31:18] /b LOOT DODGE E CRITICAL + GRANA
[18/4/2017 20:32:10] /b LOOT DODGE E CRITICAL + GRANA
[18/4/2017 20:32:21] /goto tiro
[18/4/2017 20:32:48] /t
[18/4/2017 20:33:37] /clean
[18/4/2017 20:35:59] /b GALERA AREA DONATE LIBERADA ATÉ 00H!!
[18/4/2017 20:36:1] /b GALERA AREA DONATE LIBERADA ATÉ 00H!!
[18/4/2017 20:37:28] /goto lord demon
[18/4/2017 20:37:33] /goto lord of demon
[18/4/2017 20:37:39] /a 2
[18/4/2017 20:37:58] /c adm stilinks
[18/4/2017 20:38:0] /c adm stilinsk
[18/4/2017 20:41:2] /bc GALERA AREA DONATE LIBERADA ATÉ 00H!!
[18/4/2017 20:41:21] /bc GALERA AREA DONATE LIBERADA ATÉ 00H!! DODGE E CRITICAL 20KK NO UPDATE
[18/4/2017 20:41:22] /bc GALERA AREA DONATE LIBERADA ATÉ 00H!! DODGE E CRITICAL 20KK NO UPDATE
[18/4/2017 20:41:26] /bc GALERA AREA DONATE LIBERADA ATÉ 00H!! DODGE E CRITICAL 20KK NO UPDATE
[18/4/2017 20:41:31] /bc GALERA AREA DONATE LIBERADA ATÉ 00H!! DODGE E CRITICAL 20KK NO UPDATE
[18/4/2017 20:41:37] /bc GALERA AREA DONATE LIBERADA ATÉ 00H!! DODGE E CRITICAL 20KK NO UPDATE
[18/4/2017 20:41:38] /bc GALERA AREA DONATE LIBERADA ATÉ 00H!! DODGE E CRITICAL 20KK NO UPDATE
[18/4/2017 20:41:39] /bc GALERA AREA DONATE LIBERADA ATÉ 00H!! DODGE E CRITICAL 20KK NO UPDATE
[18/4/2017 20:42:2] /bc GALERA AREA DONATE LIBERADA ATÉ 00H!! DODGE E CRITICAL 20KK NO UPDATE
[18/4/2017 21:33:57] /bc GALERA AREA DONATE LIBERADA ATÉ 00H!! DODGE E CRITICAL 20KK NO UPDATE
[18/4/2017 21:33:59] /bc GALERA AREA DONATE LIBERADA ATÉ 00H!! DODGE E CRITICAL 20KK NO UPDATE
[18/4/2017 21:34:9] /goto Sorvetao
[18/4/2017 21:34:16] /bc GALERA AREA DONATE LIBERADA ATÉ 00H!! DODGE E CRITICAL 20KK NO UPDATE
[18/4/2017 21:34:21] /t
[18/4/2017 21:34:50] /goto sex~
[18/4/2017 21:34:54] /goto sexy girl
[18/4/2017 21:35:5] /i addon doll
[18/4/2017 21:35:30] /bc GALERA AREA DONATE LIBERADA ATÉ 00H!! DODGE E CRITICAL 20KK NO UPDATE
[18/4/2017 21:36:9] /bc GALERA AREA DONATE LIBERADA ATÉ 00H!! DODGE E CRITICAL 20KK NO UPDATE
[18/4/2017 21:36:34] /goto Gabrielshoow
[18/4/2017 21:36:40] /t
[18/4/2017 21:37:25] /bc GALERA AREA DONATE LIBERADA ATÉ 00H!! DODGE E CRITICAL 20KK NO UPDATE
[18/4/2017 21:37:40] /c Pally Bumbum
[18/4/2017 21:38:5] /i addon doll
[18/4/2017 21:38:27] /i addon doll
[18/4/2017 21:38:28] /c Sexy Girl
[18/4/2017 21:39:5] /t Sexy Girl
[18/4/2017 21:39:18] /c Sr Barriga
[18/4/2017 21:39:26] /i addon doll
[18/4/2017 21:40:29] /t seu barriga
[18/4/2017 21:40:35] /t sr barriga
[18/4/2017 21:40:42] /t
[18/4/2017 21:43:16] /bc GALERA AREA DONATE LIBERADA ATÉ 00H!! DODGE E CRITICAL 20KK NO UPDATE
[18/4/2017 21:43:58] /c Hellzor Dois
[18/4/2017 21:44:0] /i addon doll
[18/4/2017 21:44:2] /i addon doll
[18/4/2017 21:44:14] /c Hellzor Dois
[18/4/2017 21:44:19] /c Saywa
[18/4/2017 21:45:1] /c Super Tank Wild-gg
[18/4/2017 21:45:3] /i addon doll
[18/4/2017 21:45:24] /bc GALERA AREA DONATE LIBERADA ATÉ 00H!! DODGE E CRITICAL 20KK NO UPDATE
[18/4/2017 21:45:48] /c Kina Maluco
[18/4/2017 21:45:50] /i addon doll
[18/4/2017 21:45:52] /c Kina Maluco
[18/4/2017 21:45:54] /c Kina Maluco
[18/4/2017 21:46:4] /t Kina Maluco
[18/4/2017 21:46:28] /c Knight Down
[18/4/2017 21:46:32] /i addon doll
[18/4/2017 21:47:8] /bc GALERA AREA DONATE LIBERADA ATÉ 00H!! DODGE E CRITICAL 20KK NO UPDATE
[18/4/2017 21:48:51] /bc GALERA AREA DONATE LIBERADA ATÉ 00H!! DODGE E CRITICAL 20KK NO UPDATE
[18/4/2017 21:56:21] /bc GALERA AREA DONATE LIBERADA ATÉ 00H!! DODGE E CRITICAL 20KK NO UPDATE
[18/4/2017 21:56:45] /c Tenso
[18/4/2017 21:56:52] /i addon doll
[18/4/2017 21:56:54] /c Tenso
[18/4/2017 21:57:15] /c Tenso
[18/4/2017 21:58:14] /bc GALERA AREA DONATE LIBERADA ATÉ 00H!! DODGE E CRITICAL 20KK NO UPDATE
[18/4/2017 21:58:42] /bc GALERA AREA DONATE LIBERADA ATÉ 00H!! DODGE E CRITICAL 20KK NO UPDATE
[18/4/2017 22:1:58] /bc GALERA AREA DONATE LIBERADA ATÉ 00H!! DODGE E CRITICAL 20KK NO UPDATE
[18/4/2017 22:2:38] /c Fedexx
[18/4/2017 22:2:43] /i addon doll
[18/4/2017 22:2:53] /bc GALERA AREA DONATE LIBERADA ATÉ 00H!! DODGE E CRITICAL 20KK NO UPDATE
[18/4/2017 22:2:59] /c Fedexx
[18/4/2017 22:3:5] /c Fedexx
[18/4/2017 22:3:8] /c Fedexx
[18/4/2017 22:3:11] /t
[18/4/2017 22:11:50] /bc GALERA AREA DONATE LIBERADA ATÉ 00H!! DODGE E CRITICAL 20KK NO UPDATE
[18/4/2017 22:19:32] /c Airsoft
[18/4/2017 22:19:34] /c Airsoft
[18/4/2017 22:19:39] /c Airsoft
[18/4/2017 22:19:49] /c Airsoft
[18/4/2017 22:19:53] /c Airsoft
[18/4/2017 22:20:4] /c Barbaro
[18/4/2017 22:20:9] /i addon doll
[18/4/2017 22:20:10] /c Barbaro
[18/4/2017 22:20:17] /c Barbaro
[18/4/2017 22:20:26] /t Barbaro
[18/4/2017 22:20:27] /t
[18/4/2017 22:20:32] /c 
[18/4/2017 22:20:35] /c Barbaro
[18/4/2017 22:21:4] /c Hi Im Faker Godz
[18/4/2017 22:21:8] /c Hi Im Faker Godz
[18/4/2017 22:21:10] /i addon doll
[18/4/2017 22:21:20] /t Hi Im Faker Godz
[18/4/2017 22:21:22] /t
[18/4/2017 22:21:27] /c Hi Im Faker Godz
[18/4/2017 22:21:28] /c Hi Im Faker Godz
[18/4/2017 22:22:49] /c Lady sirland
[18/4/2017 22:22:54] /i addon doll
[18/4/2017 22:23:16] /c Lady sirland
[18/4/2017 22:27:10] /bc GALERA AREA DONATE LIBERADA ATÉ 00H!! DODGE E CRITICAL 20KK NO UPDATE
[18/4/2017 22:27:44] /i addon doll
[18/4/2017 22:27:51] /c Estelar Knight
[18/4/2017 22:28:34] /c Esquadrao Suicida
[18/4/2017 22:28:36] /i addon doll
[18/4/2017 22:29:5] /t Esquadrao Suicida
[18/4/2017 22:29:6] /t
[18/4/2017 22:29:10] /c Esquadrao Suicida
[18/4/2017 22:30:0] /c mago
[18/4/2017 22:30:3] /i addon doll
[18/4/2017 22:30:17] /addskill mago,level,1
[18/4/2017 22:31:2] /t
[18/4/2017 22:31:31] /c Muleke Mixx
[18/4/2017 22:31:33] /i addon doll
[18/4/2017 22:31:35] /c Muleke Mixx
[18/4/2017 22:31:36] /c Muleke Mixx
[18/4/2017 22:31:48] /t
[18/4/2017 22:31:49] /t
[18/4/2017 22:31:55] /c Muleke Mixx
[18/4/2017 22:32:54] /c Moonzinn
[18/4/2017 22:32:57] /i addon doll
[18/4/2017 22:33:4] /c Moonzinn
[18/4/2017 22:33:25] /c Moonzinn
[18/4/2017 22:38:47] /goto barbaro
[18/4/2017 22:38:52] /t
[18/4/2017 22:39:9] /c Terror Crusher
[18/4/2017 22:39:12] /i addon doll
[18/4/2017 22:39:19] /c Terror Crusher
[18/4/2017 22:39:31] /c Terror Crusher
[18/4/2017 23:46:44] /b VAMOS DEIXA AREA DONATE ESSA MADRUGADA!! BOM UP
[18/4/2017 23:46:46] /b VAMOS DEIXA AREA DONATE ESSA MADRUGADA!! BOM UP
[18/4/2017 23:48:13] /r
[18/4/2017 23:48:19] /r
[18/4/2017 23:48:28] /a 2
[18/4/2017 23:48:32] /t
[18/4/2017 23:48:39] /ghost
[18/4/2017 23:48:47] /r
[18/4/2017 23:50:6] /ghost
[18/4/2017 23:50:38] /i 8981
[18/4/2017 23:50:40] /i 8981
[18/4/2017 23:50:46] /i 8981
[18/4/2017 23:50:46] /i 8981
[18/4/2017 23:50:47] /i 8981
[18/4/2017 23:51:14] /attr action 0
[18/4/2017 23:51:16] /attr action 0
[18/4/2017 23:51:18] /attr action 0
[18/4/2017 23:51:37] /b VAMOS DEIXA AREA DONATE ESSA MADRUGADA!! BOM UP
[18/4/2017 23:52:2] /b VAMOS DEIXA AREA DONATE ESSA MADRUGADA!! BOM UP
[18/4/2017 23:59:19] /b VAMOS DEIXA AREA DONATE ESSA MADRUGADA!! BOM UP
[18/4/2017 23:59:36] /b VAMOS DEIXA AREA DONATE ESSA MADRUGADA!! BOM UP
[19/4/2017 0:4:40] /c /c Fanta Uva
[19/4/2017 0:4:51] /c /c Fanta Uva
[19/4/2017 0:4:52] /c Fanta Uva
[19/4/2017 0:4:58] /i addon doll
[19/4/2017 0:5:8] /c Fanta Uva
[19/4/2017 0:5:34] /b VAMOS DEIXA AREA DONATE ESSA MADRUGADA!! BOM UP
[19/4/2017 0:5:44] /b VAMOS DEIXA AREA DONATE ESSA MADRUGADA!! BOM UP
[19/4/2017 0:6:11] /b VAMOS DEIXA AREA DONATE ESSA MADRUGADA!! BOM UP
[19/4/2017 0:7:11] /c You'are right
[19/4/2017 0:7:13] /i addon doll
[19/4/2017 0:7:35] /c You'are right
[19/4/2017 0:7:54] /b VAMOS DEIXA AREA DONATE ESSA MADRUGADA!! BOM UP
[19/4/2017 0:11:59] /goto apollo
[19/4/2017 0:13:4] /a 5
[19/4/2017 0:13:26] /b VAMOS DEIXA AREA DONATE ESSA MADRUGADA!! BOM UP
[19/4/2017 0:13:29] /t
[19/4/2017 0:13:40] /ghost
[19/4/2017 0:13:47] /i addon doll
[19/4/2017 0:13:56] /ghost
[19/4/2017 0:14:10] /c Dede
[19/4/2017 0:14:17] /c Dev Onica
[19/4/2017 0:14:41] /c Dev Onica
[19/4/2017 0:14:44] /i addon doll
[19/4/2017 0:15:3] /b VAMOS DEIXA AREA DONATE ESSA MADRUGADA!! BOM UP
[19/4/2017 0:15:59] /c Dev Onica
[19/4/2017 0:16:7] /i 6221
[19/4/2017 0:16:9] /i 6221
[19/4/2017 0:16:10] /i 6221
[19/4/2017 0:16:12] /r
[19/4/2017 0:16:16] /r
[19/4/2017 0:16:17] /r
[19/4/2017 0:16:17] /r
[19/4/2017 0:16:27] /i new donate staff
[19/4/2017 0:16:28] /i new donate staff
[19/4/2017 0:17:3] /b VAMOS DEIXA AREA DONATE ESSA MADRUGADA!! BOM UP
[19/4/2017 0:17:55] /c Chupa Meu Pau
[19/4/2017 0:17:58] /i addon doll
[19/4/2017 0:18:17] /c Chupa Meu Pau
[19/4/2017 0:19:39] /b VAMOS DEIXA AREA DONATE ESSA MADRUGADA!! BOM UP
[19/4/2017 0:19:59] /c Doissetedois
[19/4/2017 0:20:5] /c Doissetedois
[19/4/2017 0:20:7] /c Doissetedois
[19/4/2017 0:20:10] /i addon doll
[19/4/2017 0:20:14] /c Doissetedois
[19/4/2017 0:20:23] /c Doissetedois
[19/4/2017 0:27:48] /b VAMOS DEIXA AREA DONATE ESSA MADRUGADA!! BOM UP
[19/4/2017 0:33:55] /ghost
[19/4/2017 0:35:21] /ghost
[19/4/2017 0:35:29] /i addon doll
[19/4/2017 0:46:28] /b VAMOS DEIXA AREA DONATE ESSA MADRUGADA!! BOM UP
[19/4/2017 0:46:33] /b VAMOS DEIXA AREA DONATE ESSA MADRUGADA!! BOM UP
[19/4/2017 0:48:27] /b VAMOS DEIXA AREA DONATE ESSA MADRUGADA!! BOM UP
[19/4/2017 0:48:47] /goto yakut
[19/4/2017 0:50:48] /b VAMOS DEIXA AREA DONATE ESSA MADRUGADA!! BOM UP
[19/4/2017 1:2:24] /b VAMOS DEIXA AREA DONATE ESSA MADRUGADA!! BOM UP
[19/4/2017 1:2:33] /c Bosss Mage
[19/4/2017 1:2:36] /i addon doll
[19/4/2017 1:2:44] /ghost
[19/4/2017 1:2:53] /ghost
[19/4/2017 1:3:9] /i addon doll
[19/4/2017 1:3:17] /i addon doll
[19/4/2017 1:3:56] /ghost
[19/4/2017 1:4:2] /ghost
[19/4/2017 1:4:3] /ghost
[19/4/2017 1:4:10] /ghost
[19/4/2017 1:4:10] /ghost
[19/4/2017 1:5:6] /ghost
[19/4/2017 1:5:53] /goto Gabrielshow
[19/4/2017 1:5:55] /goto Gabrielshow
[19/4/2017 1:5:58] /t
[19/4/2017 6:1:38] /t
[19/4/2017 6:1:49] /r
[19/4/2017 6:1:52] /r
[19/4/2017 6:2:10] /r
[19/4/2017 6:2:19] /r
[19/4/2017 6:2:20] /r
[19/4/2017 6:2:23] /r
[19/4/2017 6:2:24] /r
[19/4/2017 6:2:28] /r
[19/4/2017 6:2:37] /i 5771
[19/4/2017 6:2:40] /i 5771
[19/4/2017 6:2:49] /i 9563
[19/4/2017 6:2:50] /i 9563
[19/4/2017 6:2:51] /i 9563
[19/4/2017 6:9:8] /c Anjo bolado
[19/4/2017 6:9:22] /c Anjo bolado
[19/4/2017 6:10:5] /i addon doll
[19/4/2017 6:10:23] /c Fortuna Stret
[19/4/2017 6:15:59] /c Anjo bolado
[19/4/2017 6:16:32] /c Boladinho
[19/4/2017 6:16:35] /i addon doll
[19/4/2017 6:16:37] /c Boladinho
[19/4/2017 6:17:13] /c boladao
[19/4/2017 6:17:17] /c boladinho
[19/4/2017 6:20:16] /c Sxice
[19/4/2017 6:20:20] /i addon doll
[19/4/2017 6:20:46] /c Sxice
[19/4/2017 6:21:1] /c Vinni The King
[19/4/2017 6:21:10] /i addon doll
[19/4/2017 6:21:27] /c Vinni The King
[19/4/2017 6:24:51] /c teste
[19/4/2017 6:24:54] /i addon doll
[19/4/2017 6:24:58] /c teste
[19/4/2017 6:25:23] /c teste
[19/4/2017 6:25:46] /c Kiranda
[19/4/2017 6:25:53] /i addon doll
[19/4/2017 6:26:19] /c Kiranda
[19/4/2017 6:26:31] /i cave exclusiva
[19/4/2017 6:29:1] /i addon doll
[19/4/2017 6:29:2] /i addon doll
[19/4/2017 6:29:2] /i addon doll
[19/4/2017 6:38:33] /c fazer
[19/4/2017 6:38:35] /c fazer
[19/4/2017 6:38:48] /c fazer
[19/4/2017 6:38:55] /goto tommy
[19/4/2017 6:42:2] /c trem balla
[19/4/2017 6:42:5] /c trem balla
[19/4/2017 6:42:51] /c Trem Bala
[19/4/2017 6:42:53] /c Trem Bala
[19/4/2017 6:42:55] /c Trem Bala
[19/4/2017 6:43:6] /i addon doll
[19/4/2017 7:6:34] /c Xanaina
[19/4/2017 7:6:40] /i addon doll
[19/4/2017 7:14:20] /c canaviz
[19/4/2017 7:14:23] /c canabiz
[19/4/2017 7:14:28] /i addon doll
[19/4/2017 7:14:51] /c Canabiz
[19/4/2017 7:14:58] /goto marola
[19/4/2017 7:15:32] /i addon doll
[19/4/2017 7:15:32] /i addon doll
[19/4/2017 7:15:33] /i addon doll
[19/4/2017 7:15:33] /i addon doll
[19/4/2017 7:21:5] /t
[19/4/2017 7:22:22] /goto Adamovich
[19/4/2017 7:22:25] /goto Adamovich
[19/4/2017 7:22:34] /c Adamovich
[19/4/2017 7:22:36] /c Adamovich
[19/4/2017 7:22:37] /c Adamovich
[19/4/2017 7:23:46] /t
[19/4/2017 7:25:39] /goto para~
[19/4/2017 7:25:42] /goto para~
[19/4/2017 7:25:51] /t
[19/4/2017 7:27:57] /c Dede Nub
[19/4/2017 7:28:18] /c Dede Nub
[19/4/2017 7:28:32] /c Poh
[19/4/2017 7:29:21] /c Poh
[19/4/2017 7:32:21] /a 2
[19/4/2017 7:32:28] /c Poh
[19/4/2017 7:37:1] /i addon doll
[19/4/2017 7:37:10] /ghost
[19/4/2017 7:37:52] /c Rato
[19/4/2017 7:37:53] /c Rato
[19/4/2017 7:37:56] /c Rato
[19/4/2017 7:37:57] /c Rato
[19/4/2017 7:38:0] /i addon doll
[19/4/2017 7:38:5] /ghost
[19/4/2017 7:38:13] /c rato
[19/4/2017 7:38:34] /t Rato
[19/4/2017 7:39:3] /c Rato
[19/4/2017 7:39:31] /t Rato
[19/4/2017 7:39:32] /t
[19/4/2017 7:40:25] /i addon doll
[19/4/2017 7:40:52] /c Bengo
[19/4/2017 7:41:26] /a 2
[19/4/2017 7:41:33] /c canabiz
[19/4/2017 7:42:40] /ghost
[19/4/2017 7:42:47] /ghost
[19/4/2017 7:42:49] /ghost
[19/4/2017 7:42:55] /ghost
[19/4/2017 7:43:1] /c ek mostro
[19/4/2017 7:43:3] /i addon doll
[19/4/2017 7:43:27] /i new kina sword
[19/4/2017 7:43:28] /i new kina sword
[19/4/2017 7:45:1] /i cave exclusivva
[19/4/2017 7:45:3] /i cave exclusiva
[19/4/2017 7:45:13] /t Ek mostro
[19/4/2017 7:45:14] /t
[19/4/2017 7:55:6] /i addon doll
[19/4/2017 7:55:43] /c Paladin
[19/4/2017 7:55:44] /c Paladin
[19/4/2017 8:1:14] /i addon doll
[19/4/2017 8:1:46] /c Kolz Trumpz
[19/4/2017 8:5:0] /c Scofield
[19/4/2017 8:5:3] /i addon doll
[19/4/2017 8:5:36] /c Scofield
[19/4/2017 8:15:39] /c Adriana
[19/4/2017 8:15:44] /i addon doll
[19/4/2017 8:16:18] /c Adriana
[19/4/2017 8:16:22] /c Adriana
[19/4/2017 8:16:24] /c Adriana
[19/4/2017 8:17:42] /i addon doll
[19/4/2017 8:18:0] /ghost
[19/4/2017 8:18:11] /ghost
[19/4/2017 8:18:17] /goto adriana
[19/4/2017 8:18:20] /i 2160
[19/4/2017 8:18:24] /c adriana
[19/4/2017 8:18:26] /i 2160
[19/4/2017 8:18:32] /i 2160
[19/4/2017 8:18:33] /i 2160
[19/4/2017 8:18:34] /i 2160
[19/4/2017 8:19:9] /c Mallborox
[19/4/2017 8:27:42] /ghost
[19/4/2017 8:27:52] /ghost
[19/4/2017 8:27:55] /c Druis Pisicopata
[19/4/2017 8:28:2] /i addon doll
[19/4/2017 8:28:13] /i addon doll
[19/4/2017 8:28:28] /c Druis Pisicopata
[19/4/2017 8:32:49] /c Lakost
[19/4/2017 8:32:54] /c Lakost
[19/4/2017 8:33:3] /c Lakost
[19/4/2017 8:33:3] /c Lakost
[19/4/2017 8:33:4] /c Lakost
[19/4/2017 8:33:4] /c Lakost
[19/4/2017 8:33:5] /c Lakost
[19/4/2017 8:33:5] /c Lakost
[19/4/2017 8:33:27] /c Lakost
[19/4/2017 8:33:29] /c Lakost
[19/4/2017 8:35:41] /ghost
[19/4/2017 8:35:57] /c ozgi
[19/4/2017 8:35:59] /c ozgi
[19/4/2017 8:36:2] /i addon doll
[19/4/2017 8:36:3] /c ozgi
[19/4/2017 8:36:5] /c ozgi
[19/4/2017 8:36:7] /c ozgi
[19/4/2017 8:36:28] /c ozgi
[19/4/2017 8:36:56] /b BOM DIA!! <3
[19/4/2017 8:38:54] /c Druis Pisicopata
[19/4/2017 8:38:59] /i 2160
[19/4/2017 8:39:0] /i 2160
[19/4/2017 8:39:0] /i 2160
[19/4/2017 8:39:1] /i 2160
[19/4/2017 8:39:1] /i 2160
[19/4/2017 8:39:4] /i 2160
[19/4/2017 8:39:4] /i 2160
[19/4/2017 8:39:4] /i 2160
[19/4/2017 8:39:5] /i 2160
[19/4/2017 8:39:5] /i 2160
[19/4/2017 8:39:6] /i 2160
[19/4/2017 8:39:7] /i 2160
[19/4/2017 8:39:7] /i 2160
[19/4/2017 8:39:8] /i 2160
[19/4/2017 8:39:8] /i 2160
[19/4/2017 8:39:9] /i 2160
[19/4/2017 8:39:9] /i 2160
[19/4/2017 8:39:9] /i 2160
[19/4/2017 8:39:10] /i 2160
[19/4/2017 8:39:11] /i 2160
[19/4/2017 8:39:11] /i 2160
[19/4/2017 8:39:54] /ghost
[19/4/2017 8:41:43] /goto cain safadao
[19/4/2017 8:41:52] /i addon doll
[19/4/2017 8:41:59] /i addon doll
[19/4/2017 8:42:0] /i addon doll
[19/4/2017 8:42:14] /c Paranga De Dez
[19/4/2017 8:43:44] /c Paranga De Dez
[19/4/2017 8:43:45] /c Paranga De Dez
[19/4/2017 8:44:23] /c Cain Safadao
[19/4/2017 8:44:30] /i 9693
[19/4/2017 8:44:31] /i 9693
[19/4/2017 8:44:39] /i cave exclusiva
[19/4/2017 8:44:42] /i cave exclusiva
[19/4/2017 8:44:42] /i cave exclusiva
[19/4/2017 8:44:43] /i cave exclusiva
[19/4/2017 8:44:52] /t Cain Safadao
[19/4/2017 8:45:34] /goto Scofield
[19/4/2017 8:46:21] /goto Scofield
[19/4/2017 8:46:22] /goto Scofield
[19/4/2017 8:46:23] /goto Scofield
[19/4/2017 8:46:24] /goto Scofield
[19/4/2017 8:46:27] /goto Scofield
[19/4/2017 8:46:28] /goto Scofield
[19/4/2017 8:46:29] /goto Scofield
[19/4/2017 8:46:30] /goto Scofield
[19/4/2017 8:46:38] /c Adm Stilinsk
[19/4/2017 8:46:50] /t
[19/4/2017 8:49:18] /c Bengo
[19/4/2017 8:49:33] /c Bengo
[19/4/2017 8:49:35] /c Bengo
[19/4/2017 8:51:37] /goto bengo
[19/4/2017 8:51:43] /i cave exclusiva
[19/4/2017 8:52:45] /i addon doll
[19/4/2017 8:53:7] /c Paladina Pisicopata Bgdn
[19/4/2017 8:58:59] /goto take on me
[19/4/2017 8:59:3] /i cave exclusiva
[19/4/2017 9:1:18] /c elite knight
[19/4/2017 9:1:20] /c elite knight
[19/4/2017 9:1:23] /i addon doll
[19/4/2017 9:1:33] /c elite knight
[19/4/2017 9:3:43] /goto elite knight
[19/4/2017 9:3:50] /i cave exclusiva
[19/4/2017 9:3:55] /t 
[19/4/2017 9:9:47] /c Victorzeerah
[19/4/2017 9:9:50] /i addon doll
[19/4/2017 9:9:55] /c Victorzeerah
[19/4/2017 9:10:44] /i addon doll
[19/4/2017 9:10:45] /i addon doll
[19/4/2017 9:10:55] /i cave exclusiva
[19/4/2017 9:10:56] /i cave exclusiva
[19/4/2017 9:10:56] /i cave exclusiva
[19/4/2017 9:12:13] /c Victorzeerah
[19/4/2017 9:12:37] /i addon doll
[19/4/2017 9:12:49] /ghost
[19/4/2017 9:13:21] /ghost
[19/4/2017 9:13:22] /ghost
[19/4/2017 9:14:46] /c Smith Drzin
[19/4/2017 9:14:47] /c Smith Drzin
[19/4/2017 9:14:59] /goto zona lider
[19/4/2017 9:15:5] /i addon doll
[19/4/2017 9:15:17] /t
[19/4/2017 9:15:22] /ghost
[19/4/2017 9:25:24] /ghost
[19/4/2017 9:25:27] /newtype 12
[19/4/2017 9:26:2] /ghost
[19/4/2017 9:27:0] /ghost
[19/4/2017 9:27:9] /newtype 32
[19/4/2017 9:27:11] /newtype 32
[19/4/2017 9:27:22] /ghost
[19/4/2017 9:32:53] /c Data Mode On
[19/4/2017 9:32:56] /i addon doll
[19/4/2017 9:33:0] /c Data Mode On
[19/4/2017 9:33:16] /c Data Mode On
[19/4/2017 9:33:17] /c Data Mode On
[19/4/2017 9:40:13] /t
[19/4/2017 9:52:6] /goto Victorzeerah
[19/4/2017 9:52:37] /c Victorzeerah
[19/4/2017 9:52:45] /i cave exclusiva
[19/4/2017 9:52:50] /t Victorzeerah
[19/4/2017 9:53:17] /t
[19/4/2017 9:53:56] /up
[19/4/2017 9:53:56] /up
[19/4/2017 9:53:57] /up
[19/4/2017 9:54:16] /t
[19/4/2017 9:57:28] /c akos
[19/4/2017 9:57:30] /c akos
[19/4/2017 9:57:33] /i addon doll
[19/4/2017 9:57:52] /c Akos
[19/4/2017 9:58:29] /c Akos
[19/4/2017 9:58:44] /i 7424
[19/4/2017 10:4:0] /goto roach
[19/4/2017 10:4:2] /goto roach
[19/4/2017 10:4:5] /i addon doll
[19/4/2017 10:4:10] /c roach
[19/4/2017 10:4:18] /c roach
[19/4/2017 10:5:57] /goto Liiight Of Iron
[19/4/2017 10:6:1] /ghost
[19/4/2017 10:6:5] /i addon dol
[19/4/2017 10:6:6] /i addon doll
[19/4/2017 10:6:17] /c 
[19/4/2017 10:6:23] /c Liiight Of Iron
[19/4/2017 10:6:25] /c Liiight Of Iron
[19/4/2017 10:6:44] /c Liiight Of Iron
[19/4/2017 10:6:49] /ghost
[19/4/2017 10:7:14] /bc [AVISO] A BaiakNew foi invadida por Monstros, venha proteger a cidade!
[19/4/2017 10:7:15] /bc [AVISO] A BaiakNew foi invadida por Monstros, venha proteger a cidade!
[19/4/2017 10:7:27] /bc [AVISO] A BaiakNew foi invadida por Monstros, venha proteger a cidade!
[19/4/2017 10:7:48] /bc [AVISO] A BaiakNew foi invadida por Monstros, venha proteger a cidade!
[19/4/2017 10:8:28] /goto Victorzeerah
[19/4/2017 10:8:30] /goto Victorzeerah
[19/4/2017 10:8:31] /goto Victorzeerah
[19/4/2017 10:8:32] /goto Victorzeerah
[19/4/2017 10:8:33] /goto Victorzeerah
[19/4/2017 10:8:49] /t
[19/4/2017 10:41:43] /b GALERA SERVIDOR VAI CAIR E VOLTA EM 2 MINUTOS MOTIVO: CORREÇÕES URGENTE E TAMBEM O PUSH QUE VOCES TANTO TÃO PEDINDO
[19/4/2017 10:41:44] /b GALERA SERVIDOR VAI CAIR E VOLTA EM 2 MINUTOS MOTIVO: CORREÇÕES URGENTE E TAMBEM O PUSH QUE VOCES TANTO TÃO PEDINDO
[19/4/2017 10:41:45] /b GALERA SERVIDOR VAI CAIR E VOLTA EM 2 MINUTOS MOTIVO: CORREÇÕES URGENTE E TAMBEM O PUSH QUE VOCES TANTO TÃO PEDINDO
[19/4/2017 10:41:46] /b GALERA SERVIDOR VAI CAIR E VOLTA EM 2 MINUTOS MOTIVO: CORREÇÕES URGENTE E TAMBEM O PUSH QUE VOCES TANTO TÃO PEDINDO
[19/4/2017 10:41:47] /b GALERA SERVIDOR VAI CAIR E VOLTA EM 2 MINUTOS MOTIVO: CORREÇÕES URGENTE E TAMBEM O PUSH QUE VOCES TANTO TÃO PEDINDO
[19/4/2017 10:41:47] /b GALERA SERVIDOR VAI CAIR E VOLTA EM 2 MINUTOS MOTIVO: CORREÇÕES URGENTE E TAMBEM O PUSH QUE VOCES TANTO TÃO PEDINDO
[19/4/2017 10:41:48] /b GALERA SERVIDOR VAI CAIR E VOLTA EM 2 MINUTOS MOTIVO: CORREÇÕES URGENTE E TAMBEM O PUSH QUE VOCES TANTO TÃO PEDINDO
[19/4/2017 10:41:52] /b GALERA SERVIDOR VAI CAIR E VOLTA EM 2 MINUTOS MOTIVO: CORREÇÕES URGENTE E TAMBEM O PUSH QUE VOCES TANTO TÃO PEDINDO
[19/4/2017 10:41:57] /b GALERA SERVIDOR VAI CAIR E VOLTA EM 2 MINUTOS MOTIVO: CORREÇÕES URGENTE E TAMBEM O PUSH QUE VOCES TANTO TÃO PEDINDO
[19/4/2017 10:41:58] /b GALERA SERVIDOR VAI CAIR E VOLTA EM 2 MINUTOS MOTIVO: CORREÇÕES URGENTE E TAMBEM O PUSH QUE VOCES TANTO TÃO PEDINDO
[19/4/2017 10:41:58] /b GALERA SERVIDOR VAI CAIR E VOLTA EM 2 MINUTOS MOTIVO: CORREÇÕES URGENTE E TAMBEM O PUSH QUE VOCES TANTO TÃO PEDINDO
[19/4/2017 10:42:5] /b GALERA SERVIDOR VAI CAIR E VOLTA EM 2 MINUTOS MOTIVO: CORREÇÕES URGENTE E TAMBEM O PUSH QUE VOCES TANTO TÃO PEDINDO
[19/4/2017 10:45:50] /goto Mata Rindo
[19/4/2017 10:45:55] /i cave exclusiva
[19/4/2017 10:45:56] /i cave exclusiva
[19/4/2017 10:46:13] /a 2
[19/4/2017 10:46:36] /t Tanker Nice
[19/4/2017 10:46:41] /t Tanker Nice
[19/4/2017 10:46:54] /goto Victorzeerah
[19/4/2017 10:47:2] /i cave exclusiva
[19/4/2017 10:47:3] /i cave exclusiva
[19/4/2017 10:47:5] /i cave exclusiva
[19/4/2017 10:47:35] /a 3
[19/4/2017 10:47:38] /a 2
[19/4/2017 10:47:41] /c Realidade Cruel
[19/4/2017 10:48:9] /t Realidade Cruel
[19/4/2017 10:48:18] /c Victorzeerah
[19/4/2017 10:48:39] /goto Zona Lider
[19/4/2017 10:48:56] /t
[19/4/2017 10:50:14] /goto Take On Me
[19/4/2017 10:50:21] /i cave exclusiva
[19/4/2017 10:50:27] /c Take On Me
[19/4/2017 10:50:30] /c Take On Me
[19/4/2017 10:50:36] /t Take On Me
[19/4/2017 11:22:52] /ghost
[19/4/2017 11:23:1] /ghost
[19/4/2017 11:23:2] /ghost
[19/4/2017 11:27:36] /ghost
[19/4/2017 11:29:46] /ghost
[19/4/2017 11:29:53] /ghost
[19/4/2017 11:29:54] /ghost
[19/4/2017 11:30:30] /ghost
[19/4/2017 11:56:57] /goto adm st~
[19/4/2017 12:9:30] /c Ewrtn
[19/4/2017 12:9:34] /i addon doll
[19/4/2017 12:9:47] /c Ewrtn
[19/4/2017 12:10:3] /goto Liight Of Iron
[19/4/2017 12:10:12] /t
[19/4/2017 12:15:42] /c edmostro
[19/4/2017 12:15:46] /i addon doll
[19/4/2017 12:15:54] /ghost
[19/4/2017 12:15:59] /ghost
[19/4/2017 12:16:0] /ghost
[19/4/2017 12:16:3] /ghost
[19/4/2017 12:16:14] /t 13:10 Druid'sz [417]: cada travada da poha
[19/4/2017 12:16:16] /t
[19/4/2017 12:16:23] /c edmostro
[19/4/2017 12:18:22] /c Fortuna
[19/4/2017 12:18:36] /i addon doll
[19/4/2017 12:19:9] /c Fortuna
[19/4/2017 12:19:18] /c zeuuz
[19/4/2017 12:19:21] /c addon doll
[19/4/2017 12:19:23] /i addon doll
[19/4/2017 12:19:25] /c addon doll
[19/4/2017 12:21:21] /c Zeuus
[19/4/2017 12:21:22] /c Zeuus
[19/4/2017 12:47:20] /ghost
[19/4/2017 12:47:26] /ghost
[19/4/2017 12:47:27] /ghost
[19/4/2017 12:47:32] /ghost
[19/4/2017 12:49:48] /goto true insec
[19/4/2017 12:49:53] /i cave exclusiva
[19/4/2017 12:49:59] /t
[19/4/2017 12:50:52] /c Dr House
[19/4/2017 12:50:54] /i addon doll
[19/4/2017 12:51:34] /t dr house
[19/4/2017 12:51:39] /c bruxxo
[19/4/2017 12:51:41] /i addon doll
[19/4/2017 12:51:44] /t
[19/4/2017 12:51:56] /c bruxxo
[19/4/2017 12:52:6] /i cave exclusiva
[19/4/2017 12:52:41] /goto dr~
[19/4/2017 12:52:45] /goto dr house
[19/4/2017 12:52:56] /i addon doll
[19/4/2017 12:53:1] /c Dr House
[19/4/2017 12:53:28] /ghost
[19/4/2017 12:53:35] /i addon doll
[19/4/2017 12:53:37] /i addon doll
[19/4/2017 12:53:37] /i addon doll
[19/4/2017 12:53:38] /i addon doll
[19/4/2017 12:53:56] /c Ache Zeta
[19/4/2017 12:54:1] /ghost
[19/4/2017 12:54:17] /c Showask
[19/4/2017 12:54:26] /t Showask
[19/4/2017 12:54:27] /t
[19/4/2017 12:54:31] /c Showask
[19/4/2017 12:55:15] /c dr house
[19/4/2017 12:55:57] /goto True insec
[19/4/2017 12:56:3] /t
[19/4/2017 12:58:15] /goto bruxxo
[19/4/2017 12:58:19] /i cave exclusiva
[19/4/2017 12:58:21] /goto bruxxo
[19/4/2017 12:58:23] /goto bruxxo
[19/4/2017 12:58:31] /t
[19/4/2017 12:58:41] /c True insec
[19/4/2017 12:58:49] /c bruxxo
[19/4/2017 12:58:54] /c bruxxo
[19/4/2017 13:0:0] /goto true insec
[19/4/2017 13:0:13] /t
[19/4/2017 13:3:52] /c Donkey
[19/4/2017 13:3:57] /c Donkey
[19/4/2017 13:4:0] /c Donkey
[19/4/2017 13:4:1] /c Donkey
[19/4/2017 13:4:5] /c Donkey
[19/4/2017 13:4:9] /c Donkey
[19/4/2017 13:4:34] /c julian
[19/4/2017 13:4:57] /c Julian
[19/4/2017 13:7:55] /c Bobmarley
[19/4/2017 13:7:57] /c Bobmarley
[19/4/2017 13:8:6] /c Bobmarley
[19/4/2017 13:8:9] /c Bobmarley
[19/4/2017 13:8:10] /c Bobmarley
[19/4/2017 13:8:10] /c Bobmarley
[19/4/2017 13:8:10] /c Bobmarley
[19/4/2017 13:8:13] /c Bobmarley
[19/4/2017 13:8:17] /ghost
[19/4/2017 13:8:22] /ghost
[19/4/2017 13:8:30] /c Bobmarley
[19/4/2017 13:14:33] /t
[19/4/2017 13:17:42] /i removedor de frags
[19/4/2017 13:17:45] /i removedor de frag
[19/4/2017 13:18:34] /goto Gabrielshoow
[19/4/2017 13:18:44] /i 5468
[19/4/2017 13:18:45] /i 5468
[19/4/2017 13:18:47] /t
[19/4/2017 13:18:54] /c Gabrielshoow
[19/4/2017 13:19:46] /a 5
[19/4/2017 13:19:50] /a 6
[19/4/2017 13:20:0] /a 2
[19/4/2017 13:20:2] /a 2
[19/4/2017 13:20:3] /a 2
[19/4/2017 13:20:6] /a 2
[19/4/2017 13:20:7] /a 2
[19/4/2017 13:20:9] /a 2
[19/4/2017 13:20:19] /c Gabrielshoow
[19/4/2017 13:20:27] /a 5
[19/4/2017 13:20:30] /a 10
[19/4/2017 13:20:36] /c Gabrielshoow
[19/4/2017 13:20:46] /a 10
[19/4/2017 13:20:49] /a 6
[19/4/2017 13:20:56] /a 5
[19/4/2017 13:20:56] /a 5
[19/4/2017 13:20:57] /a 5
[19/4/2017 13:20:59] /a 5
[19/4/2017 13:21:4] /c Gabrielshoow
[19/4/2017 13:21:16] /a 10
[19/4/2017 13:21:29] /a 10
[19/4/2017 13:21:33] /a 10
[19/4/2017 13:21:39] /a 12
[19/4/2017 13:21:46] /c Gabrielshoow
[19/4/2017 13:21:50] /t
[19/4/2017 13:22:34] /bc [AVISO] A BaiakNew foi invadida por Monstros, venha proteger a cidade!
[19/4/2017 13:22:35] /bc [AVISO] A BaiakNew foi invadida por Monstros, venha proteger a cidade!
[19/4/2017 13:22:38] /bc [AVISO] A BaiakNew foi invadida por Monstros, venha proteger a cidade!
[19/4/2017 13:22:41] /bc [AVISO] A BaiakNew foi invadida por Monstros, venha proteger a cidade!
[19/4/2017 13:22:46] /bc [AVISO] A BaiakNew foi invadida por Monstros, venha proteger a cidade!
[19/4/2017 13:23:2] /t
[19/4/2017 13:23:4] /bc [AVISO] A BaiakNew foi invadida por Monstros, venha proteger a cidade!
