[6/11/2016 19:52:24] /promote always
[6/11/2016 19:52:25] /promote always
[6/11/2016 19:52:27] /promote always
[6/11/2016 19:52:30] /promote always
[6/11/2016 19:57:39] /closeserver
[6/11/2016 20:8:37] /i 9225
[6/11/2016 20:9:0] /i new donate staff
[6/11/2016 20:9:17] /a 2
[6/11/2016 20:9:27] /t
[6/11/2016 20:26:2] /i 2157
[6/11/2016 20:26:6] /i 2157
[6/11/2016 20:26:8] /i 2157
[6/11/2016 20:26:8] /i 2157
[6/11/2016 20:26:8] /i 2157
[6/11/2016 20:26:8] /i 2157
[6/11/2016 20:27:25] /i backpack
[6/11/2016 20:27:29] /i 2160
[6/11/2016 20:27:31] /i 2160
[6/11/2016 20:27:31] /i 2160
[6/11/2016 20:27:33] /i 2160
[6/11/2016 20:27:33] /i 2160
[6/11/2016 20:27:33] /i 2160
[6/11/2016 20:27:34] /i 2160
[6/11/2016 20:27:34] /i 2160
[6/11/2016 20:27:39] /closeserver
[6/11/2016 20:27:52] /i 2160
[6/11/2016 20:27:55] /i 2160
[6/11/2016 20:39:46] /closeserver
[6/11/2016 20:39:57] /i backpack
[6/11/2016 20:40:0] /i 2157
[6/11/2016 20:40:36] /i 2157
[6/11/2016 20:41:8] /i 2157
[6/11/2016 20:41:21] /i 2157
[6/11/2016 20:41:22] /i 2157
[6/11/2016 20:41:23] /i 2157
[6/11/2016 20:41:24] /i 2157
[6/11/2016 20:41:24] /i 2157
[6/11/2016 20:41:25] /i 2157
[6/11/2016 20:41:25] /i 2157
[6/11/2016 20:41:26] /i 2157
[6/11/2016 20:41:26] /i 2157
[6/11/2016 20:44:40] /t
[6/11/2016 20:46:48] /closeserver
[6/11/2016 20:46:59] /i backpack
[6/11/2016 20:47:2] /i 2157
[6/11/2016 20:47:15] /i 2157
[6/11/2016 20:55:17] /closeserver
[6/11/2016 20:55:26] /i backpack
[6/11/2016 20:55:33] /i 2157
[6/11/2016 20:55:34] /i 2157
[6/11/2016 20:55:35] /i 2157
[6/11/2016 20:55:57] /clean
[6/11/2016 20:59:28] /i 9225
[6/11/2016 20:59:30] /i 9225
[6/11/2016 20:59:37] /i 11094
[6/11/2016 21:1:31] /a 2
[6/11/2016 21:1:32] /a 2
[6/11/2016 21:1:32] /a 2
[6/11/2016 21:1:32] /a 2
[6/11/2016 21:1:33] /a 2
[6/11/2016 21:1:33] /a 2
[6/11/2016 21:1:33] /a 2
[6/11/2016 21:1:33] /a 2
[6/11/2016 21:1:33] /a 2
[6/11/2016 21:1:33] /a 2
[6/11/2016 21:1:34] /a 2
[6/11/2016 21:1:34] /a 2
[6/11/2016 21:1:34] /a 2
[6/11/2016 21:1:34] /a 2
[6/11/2016 21:1:34] /a 2
[6/11/2016 21:1:34] /a 2
[6/11/2016 21:1:34] /a 2
[6/11/2016 21:1:34] /a 2
[6/11/2016 21:1:34] /a 2
[6/11/2016 21:1:35] /a 2
[6/11/2016 21:1:35] /a 2
[6/11/2016 21:1:35] /a 2
[6/11/2016 21:1:35] /a 2
[6/11/2016 21:1:35] /a 2
[6/11/2016 21:1:35] /a 2
[6/11/2016 21:1:35] /a 2
[6/11/2016 21:1:35] /a 2
[6/11/2016 21:1:36] /a 2
[6/11/2016 21:1:37] /a 2
[6/11/2016 21:1:37] /a 2
[6/11/2016 21:1:37] /a 2
[6/11/2016 21:1:37] /a 2
[6/11/2016 21:1:37] /a 2
[6/11/2016 21:1:37] /a 2
[6/11/2016 21:1:37] /a 2
[6/11/2016 21:1:37] /a 2
[6/11/2016 21:1:37] /a 2
[6/11/2016 21:1:37] /a 2
[6/11/2016 21:1:38] /a 2
[6/11/2016 21:1:38] /a 2
[6/11/2016 21:1:38] /a 2
[6/11/2016 21:1:38] /a 2
[6/11/2016 21:1:39] /a 2
[6/11/2016 21:1:39] /a 2
[6/11/2016 21:1:39] /a 2
[6/11/2016 21:1:39] /a 2
[6/11/2016 21:1:39] /a 2
[6/11/2016 21:1:40] /a 2
[6/11/2016 21:1:40] /a 2
[6/11/2016 21:1:40] /a 2
[6/11/2016 21:1:40] /a 2
[6/11/2016 21:1:40] /a 2
[6/11/2016 21:1:40] /a 2
[6/11/2016 21:1:41] /a 2
[6/11/2016 21:1:41] /a 2
[6/11/2016 21:1:41] /a 2
[6/11/2016 21:1:41] /a 2
[6/11/2016 21:1:42] /a 2
[6/11/2016 21:1:42] /a 2
[6/11/2016 21:1:43] /a 2
[6/11/2016 21:1:48] /a 2
[6/11/2016 21:1:49] /a 2
[6/11/2016 21:1:49] /a 2
[6/11/2016 21:1:49] /a 2
[6/11/2016 21:1:49] /a 2
[6/11/2016 21:1:49] /a 2
[6/11/2016 21:1:49] /a 2
[6/11/2016 21:1:49] /a 2
[6/11/2016 21:1:49] /a 2
[6/11/2016 21:1:49] /a 2
[6/11/2016 21:1:49] /a 2
[6/11/2016 21:1:49] /a 2
[6/11/2016 21:1:49] /a 2
[6/11/2016 21:1:50] /a 2
[6/11/2016 21:1:50] /a 2
[6/11/2016 21:1:50] /a 2
[6/11/2016 21:1:50] /a 2
[6/11/2016 21:1:50] /a 2
[6/11/2016 21:1:50] /a 2
[6/11/2016 21:1:50] /a 2
[6/11/2016 21:1:50] /a 2
[6/11/2016 21:1:50] /a 2
[6/11/2016 21:1:50] /a 2
[6/11/2016 21:1:51] /a 2
[6/11/2016 21:1:51] /a 2
[6/11/2016 21:1:51] /a 2
[6/11/2016 21:1:51] /a 2
[6/11/2016 21:1:52] /a 2
[6/11/2016 21:1:52] /a 2
[6/11/2016 21:1:52] /a 2
[6/11/2016 21:1:52] /a 2
[6/11/2016 21:1:52] /a 2
[6/11/2016 21:1:52] /a 2
[6/11/2016 21:1:52] /a 2
[6/11/2016 21:1:52] /a 2
[6/11/2016 21:1:52] /a 2
[6/11/2016 21:1:52] /a 2
[6/11/2016 21:1:52] /a 2
[6/11/2016 21:1:53] /a 2
[6/11/2016 21:1:53] /a 2
[6/11/2016 21:1:53] /a 2
[6/11/2016 21:1:53] /a 2
[6/11/2016 21:1:53] /a 2
[6/11/2016 21:1:53] /a 2
[6/11/2016 21:1:53] /a 2
[6/11/2016 21:1:53] /a 2
[6/11/2016 21:1:53] /a 2
[6/11/2016 21:1:53] /a 2
[6/11/2016 21:1:54] /a 2
[6/11/2016 21:1:54] /a 2
[6/11/2016 21:1:54] /a 2
[6/11/2016 21:1:54] /a 2
[6/11/2016 21:1:54] /a 2
[6/11/2016 21:1:54] /a 2
[6/11/2016 21:1:54] /a 2
[6/11/2016 21:1:54] /a 2
[6/11/2016 21:1:54] /a 2
[6/11/2016 21:1:54] /a 2
[6/11/2016 21:1:55] /a 2
[6/11/2016 21:1:55] /a 2
[6/11/2016 21:1:55] /a 2
[6/11/2016 21:1:55] /a 2
[6/11/2016 21:1:56] /t
[6/11/2016 21:1:57] /a 2
[6/11/2016 21:2:2] /a 2
[6/11/2016 21:2:2] /a 2
[6/11/2016 21:2:2] /a 2
[6/11/2016 21:2:3] /a 2
[6/11/2016 21:2:3] /a 2
[6/11/2016 21:2:3] /a 2
[6/11/2016 21:2:3] /a 2
[6/11/2016 21:2:3] /a 2
[6/11/2016 21:2:3] /a 2
[6/11/2016 21:2:3] /a 2
[6/11/2016 21:2:3] /a 2
[6/11/2016 21:2:3] /a 2
[6/11/2016 21:2:3] /a 2
[6/11/2016 21:2:4] /a 2
[6/11/2016 21:2:4] /a 2
[6/11/2016 21:2:4] /a 2
[6/11/2016 21:2:4] /a 2
[6/11/2016 21:2:4] /a 2
[6/11/2016 21:2:4] /a 2
[6/11/2016 21:2:4] /a 2
[6/11/2016 21:2:4] /a 2
[6/11/2016 21:2:4] /a 2
[6/11/2016 21:2:4] /a 2
[6/11/2016 21:2:4] /a 2
[6/11/2016 21:2:4] /a 2
[6/11/2016 21:2:5] /a 2
[6/11/2016 21:2:5] /a 2
[6/11/2016 21:2:5] /a 2
[6/11/2016 21:2:5] /a 2
[6/11/2016 21:2:5] /a 2
[6/11/2016 21:2:5] /a 2
[6/11/2016 21:2:5] /a 2
[6/11/2016 21:2:5] /a 2
[6/11/2016 21:2:6] /a 2
[6/11/2016 21:2:6] /a 2
[6/11/2016 21:2:6] /a 2
[6/11/2016 21:2:6] /a 2
[6/11/2016 21:2:6] /a 2
[6/11/2016 21:2:6] /a 2
[6/11/2016 21:2:6] /a 2
[6/11/2016 21:2:6] /a 2
[6/11/2016 21:2:6] /a 2
[6/11/2016 21:2:6] /a 2
[6/11/2016 21:2:7] /a 2
[6/11/2016 21:2:7] /a 2
[6/11/2016 21:2:7] /a 2
[6/11/2016 21:2:7] /a 2
[6/11/2016 21:2:7] /a 2
[6/11/2016 21:2:8] /a 2
[6/11/2016 21:2:8] /a 2
[6/11/2016 21:2:8] /a 2
[6/11/2016 21:2:8] /a 2
[6/11/2016 21:2:8] /a 2
[6/11/2016 21:2:8] /a 2
[6/11/2016 21:2:8] /a 2
[6/11/2016 21:2:8] /a 2
[6/11/2016 21:2:8] /a 2
[6/11/2016 21:2:9] /a 2
[6/11/2016 21:2:9] /a 2
[6/11/2016 21:2:9] /a 2
[6/11/2016 21:2:9] /a 2
[6/11/2016 21:2:9] /a 2
[6/11/2016 21:2:9] /a 2
[6/11/2016 21:2:9] /a 2
[6/11/2016 21:2:9] /a 2
[6/11/2016 21:2:10] /a 2
[6/11/2016 21:2:10] /a 2
[6/11/2016 21:2:10] /a 2
[6/11/2016 21:2:10] /a 2
[6/11/2016 21:2:10] /a 2
[6/11/2016 21:2:10] /a 2
[6/11/2016 21:2:10] /a 2
[6/11/2016 21:2:10] /a 2
[6/11/2016 21:2:10] /a 2
[6/11/2016 21:2:10] /a 2
[6/11/2016 21:2:10] /a 2
[6/11/2016 21:2:10] /a 2
[6/11/2016 21:2:10] /a 2
[6/11/2016 21:2:10] /a 2
[6/11/2016 21:2:11] /a 2
[6/11/2016 21:2:11] /a 2
[6/11/2016 21:2:11] /a 2
[6/11/2016 21:2:11] /a 2
[6/11/2016 21:2:11] /a 2
[6/11/2016 21:2:11] /a 2
[6/11/2016 21:2:11] /a 2
[6/11/2016 21:2:12] /a 2
[6/11/2016 21:2:12] /a 2
[6/11/2016 21:2:12] /a 2
[6/11/2016 21:2:12] /a 2
[6/11/2016 21:2:12] /a 2
[6/11/2016 21:2:12] /a 2
[6/11/2016 21:2:12] /a 2
[6/11/2016 21:2:12] /a 2
[6/11/2016 21:2:12] /a 2
[6/11/2016 21:2:12] /a 2
[6/11/2016 21:2:13] /a 2
[6/11/2016 21:2:14] /a 2
[6/11/2016 21:2:14] /a 2
[6/11/2016 21:2:14] /a 2
[6/11/2016 21:2:15] /a 2
[6/11/2016 21:2:15] /a 2
[6/11/2016 21:2:15] /a 2
[6/11/2016 21:2:15] /a 2
[6/11/2016 21:2:16] /a 2
[6/11/2016 21:2:17] /a 2
[6/11/2016 21:2:17] /a 2
[6/11/2016 21:2:17] /a 2
[6/11/2016 21:2:17] /a 2
[6/11/2016 21:2:17] /a 2
[6/11/2016 21:2:18] /t
[6/11/2016 21:4:34] /a 2
[6/11/2016 21:4:35] /a 2
[6/11/2016 21:4:35] /a 2
[6/11/2016 21:4:35] /a 2
[6/11/2016 21:4:35] /a 2
[6/11/2016 21:4:35] /a 2
[6/11/2016 21:4:35] /a 2
[6/11/2016 21:4:35] /a 2
[6/11/2016 21:4:35] /a 2
[6/11/2016 21:4:35] /a 2
[6/11/2016 21:4:35] /a 2
[6/11/2016 21:4:36] /a 2
[6/11/2016 21:4:36] /a 2
[6/11/2016 21:4:36] /a 2
[6/11/2016 21:4:36] /a 2
[6/11/2016 21:4:36] /a 2
[6/11/2016 21:4:36] /a 2
[6/11/2016 21:4:36] /a 2
[6/11/2016 21:4:36] /a 2
[6/11/2016 21:4:37] /a 2
[6/11/2016 21:4:37] /a 2
[6/11/2016 21:4:37] /a 2
[6/11/2016 21:4:38] /a 2
[6/11/2016 21:4:38] /a 2
[6/11/2016 21:4:38] /a 2
[6/11/2016 21:4:39] /a 2
[6/11/2016 21:4:39] /a 2
[6/11/2016 21:4:39] /a 2
[6/11/2016 21:4:39] /a 2
[6/11/2016 21:4:39] /a 2
[6/11/2016 21:4:39] /a 2
[6/11/2016 21:4:39] /a 2
[6/11/2016 21:4:39] /a 2
[6/11/2016 21:4:39] /a 2
[6/11/2016 21:4:39] /a 2
[6/11/2016 21:4:40] /a 2
[6/11/2016 21:4:40] /a 2
[6/11/2016 21:4:40] /a 2
[6/11/2016 21:4:40] /a 2
[6/11/2016 21:4:40] /a 2
[6/11/2016 21:4:40] /a 2
[6/11/2016 21:4:40] /a 2
[6/11/2016 21:4:41] /a 2
[6/11/2016 21:4:41] /a 2
[6/11/2016 21:4:42] /a 2
[6/11/2016 21:4:42] /a 2
[6/11/2016 21:4:42] /a 2
[6/11/2016 21:4:42] /a 2
[6/11/2016 21:4:42] /a 2
[6/11/2016 21:4:42] /a 2
[6/11/2016 21:4:42] /a 2
[6/11/2016 21:4:43] /a 2
[6/11/2016 21:4:43] /a 2
[6/11/2016 21:4:43] /a 2
[6/11/2016 21:4:43] /a 2
[6/11/2016 21:4:43] /a 2
[6/11/2016 21:4:43] /a 2
[6/11/2016 21:4:43] /a 2
[6/11/2016 21:4:43] /a 2
[6/11/2016 21:4:43] /a 2
[6/11/2016 21:4:44] /a 2
[6/11/2016 21:4:44] /a 2
[6/11/2016 21:4:44] /a 2
[6/11/2016 21:4:44] /a 2
[6/11/2016 21:4:44] /a 2
[6/11/2016 21:4:44] /a 2
[6/11/2016 21:4:44] /a 2
[6/11/2016 21:4:44] /a 2
[6/11/2016 21:4:44] /a 2
[6/11/2016 21:4:44] /a 2
[6/11/2016 21:4:44] /a 2
[6/11/2016 21:4:44] /a 2
[6/11/2016 21:4:45] /a 2
[6/11/2016 21:4:45] /a 2
[6/11/2016 21:4:45] /a 2
[6/11/2016 21:4:45] /a 2
[6/11/2016 21:4:45] /a 2
[6/11/2016 21:4:45] /a 2
[6/11/2016 21:4:45] /a 2
[6/11/2016 21:4:45] /a 2
[6/11/2016 21:4:46] /a 2
[6/11/2016 21:4:46] /a 2
[6/11/2016 21:4:47] /a 2
[6/11/2016 21:4:47] /a 2
[6/11/2016 21:4:47] /a 2
[6/11/2016 21:4:47] /a 2
[6/11/2016 21:4:47] /a 2
[6/11/2016 21:4:47] /a 2
[6/11/2016 21:4:47] /a 2
[6/11/2016 21:4:47] /a 2
[6/11/2016 21:4:47] /a 2
[6/11/2016 21:4:47] /a 2
[6/11/2016 21:4:47] /a 2
[6/11/2016 21:4:48] /a 2
[6/11/2016 21:4:48] /a 2
[6/11/2016 21:4:48] /a 2
[6/11/2016 21:4:48] /a 2
[6/11/2016 21:4:48] /a 2
[6/11/2016 21:4:48] /a 2
[6/11/2016 21:4:48] /a 2
[6/11/2016 21:4:48] /a 2
[6/11/2016 21:4:49] /a 2
[6/11/2016 21:4:49] /a 2
[6/11/2016 21:4:49] /a 2
[6/11/2016 21:4:49] /a 2
[6/11/2016 21:4:49] /a 2
[6/11/2016 21:4:49] /a 2
[6/11/2016 21:4:49] /a 2
[6/11/2016 21:4:49] /a 2
[6/11/2016 21:4:49] /a 2
[6/11/2016 21:4:49] /a 2
[6/11/2016 21:4:50] /a 2
[6/11/2016 21:4:50] /a 2
[6/11/2016 21:4:50] /a 2
[6/11/2016 21:4:50] /a 2
[6/11/2016 21:4:50] /a 2
[6/11/2016 21:4:51] /a 2
[6/11/2016 21:4:51] /a 2
[6/11/2016 21:4:51] /a 2
[6/11/2016 21:4:51] /a 2
[6/11/2016 21:4:51] /a 2
[6/11/2016 21:4:51] /a 2
[6/11/2016 21:4:51] /a 2
[6/11/2016 21:4:51] /a 2
[6/11/2016 21:4:52] /a 2
[6/11/2016 21:4:52] /a 2
[6/11/2016 21:4:53] /a 2
[6/11/2016 21:4:53] /a 2
[6/11/2016 21:4:53] /a 2
[6/11/2016 21:4:53] /a 2
[6/11/2016 21:4:53] /a 2
[6/11/2016 21:4:53] /a 2
[6/11/2016 21:4:53] /a 2
[6/11/2016 21:4:53] /a 2
[6/11/2016 21:4:53] /a 2
[6/11/2016 21:4:53] /a 2
[6/11/2016 21:4:53] /a 2
[6/11/2016 21:4:54] /a 2
[6/11/2016 21:4:54] /a 2
[6/11/2016 21:4:55] /a 2
[6/11/2016 21:4:55] /a 2
[6/11/2016 21:4:55] /a 2
[6/11/2016 21:4:55] /a 2
[6/11/2016 21:4:55] /a 2
[6/11/2016 21:4:55] /a 2
[6/11/2016 21:4:55] /a 2
[6/11/2016 21:4:55] /a 2
[6/11/2016 21:4:56] /a 2
[6/11/2016 21:4:56] /a 2
[6/11/2016 21:4:56] /a 2
[6/11/2016 21:4:56] /a 2
[6/11/2016 21:4:56] /a 2
[6/11/2016 21:4:56] /a 2
[6/11/2016 21:4:56] /a 2
[6/11/2016 21:4:56] /a 2
[6/11/2016 21:4:56] /a 2
[6/11/2016 21:4:57] /a 2
[6/11/2016 21:4:57] /a 2
[6/11/2016 21:4:57] /a 2
[6/11/2016 21:4:57] /a 2
[6/11/2016 21:4:57] /a 2
[6/11/2016 21:4:58] /a 2
[6/11/2016 21:4:58] /a 2
[6/11/2016 21:4:58] /a 2
[6/11/2016 21:4:59] /a 2
[6/11/2016 21:4:59] /a 2
[6/11/2016 21:5:0] /a 2
[6/11/2016 21:5:0] /a 2
[6/11/2016 21:5:1] /a 2
[6/11/2016 21:5:1] /a 2
[6/11/2016 21:5:1] /a 2
[6/11/2016 21:5:1] /a 2
[6/11/2016 21:5:1] /a 2
[6/11/2016 21:5:1] /a 2
[6/11/2016 21:5:1] /a 2
[6/11/2016 21:5:1] /a 2
[6/11/2016 21:5:2] /a 2
[6/11/2016 21:5:2] /a 2
[6/11/2016 21:5:2] /a 2
[6/11/2016 21:5:2] /a 2
[6/11/2016 21:5:2] /a 2
[6/11/2016 21:5:2] /a 2
[6/11/2016 21:5:2] /a 2
[6/11/2016 21:5:3] /a 2
[6/11/2016 21:5:3] /a 2
[6/11/2016 21:5:3] /a 2
[6/11/2016 21:5:3] /a 2
[6/11/2016 21:5:4] /a 2
[6/11/2016 21:5:4] /a 2
[6/11/2016 21:5:4] /a 2
[6/11/2016 21:5:4] /a 2
[6/11/2016 21:5:5] /a 2
[6/11/2016 21:5:5] /a 2
[6/11/2016 21:5:5] /a 2
[6/11/2016 21:5:5] /a 2
[6/11/2016 21:5:5] /a 2
[6/11/2016 21:5:6] /a 2
[6/11/2016 21:5:6] /a 2
[6/11/2016 21:5:6] /a 2
[6/11/2016 21:5:6] /a 2
[6/11/2016 21:5:6] /a 2
[6/11/2016 21:5:7] /a 2
[6/11/2016 21:5:7] /a 2
[6/11/2016 21:5:8] /a 2
[6/11/2016 21:5:8] /a 2
[6/11/2016 21:5:8] /a 2
[6/11/2016 21:5:8] /a 2
[6/11/2016 21:5:8] /a 2
[6/11/2016 21:5:8] /a 2
[6/11/2016 21:5:9] /a 2
[6/11/2016 21:5:9] /a 2
[6/11/2016 21:5:9] /a 2
[6/11/2016 21:5:9] /a 2
[6/11/2016 21:5:9] /a 2
[6/11/2016 21:5:9] /a 2
[6/11/2016 21:5:9] /a 2
[6/11/2016 21:5:9] /a 2
[6/11/2016 21:5:9] /a 2
[6/11/2016 21:5:9] /a 2
[6/11/2016 21:5:9] /a 2
[6/11/2016 21:5:9] /a 2
[6/11/2016 21:5:9] /a 2
[6/11/2016 21:5:10] /a 2
[6/11/2016 21:5:10] /a 2
[6/11/2016 21:5:10] /a 2
[6/11/2016 21:5:10] /a 2
[6/11/2016 21:5:10] /a 2
[6/11/2016 21:5:10] /a 2
[6/11/2016 21:5:10] /a 2
[6/11/2016 21:5:10] /a 2
[6/11/2016 21:5:10] /a 2
[6/11/2016 21:5:11] /a 2
[6/11/2016 21:5:12] /a 2
[6/11/2016 21:5:12] /a 2
[6/11/2016 21:5:12] /a 2
[6/11/2016 21:5:12] /a 2
[6/11/2016 21:5:12] /a 2
[6/11/2016 21:5:13] /a 2
[6/11/2016 21:5:13] /a 2
[6/11/2016 21:5:13] /a 2
[6/11/2016 21:5:13] /a 2
[6/11/2016 21:5:13] /a 2
[6/11/2016 21:5:14] /a 2
[6/11/2016 21:5:14] /a 2
[6/11/2016 21:5:14] /a 2
[6/11/2016 21:5:15] /a 2
[6/11/2016 21:5:15] /a 2
[6/11/2016 21:5:15] /a 2
[6/11/2016 21:5:15] /a 2
[6/11/2016 21:5:16] /a 2
[6/11/2016 21:5:16] /a 2
[6/11/2016 21:5:16] /a 2
[6/11/2016 21:5:16] /a 2
[6/11/2016 21:5:17] /a 2
[6/11/2016 21:5:17] /a 2
[6/11/2016 21:5:18] /a 2
[6/11/2016 21:5:18] /a 2
[6/11/2016 21:5:18] /a 2
[6/11/2016 21:5:18] /a 2
[6/11/2016 21:5:18] /a 2
[6/11/2016 21:5:18] /a 2
[6/11/2016 21:5:18] /a 2
[6/11/2016 21:5:18] /a 2
[6/11/2016 21:5:18] /a 2
[6/11/2016 21:5:18] /a 2
[6/11/2016 21:5:18] /a 2
[6/11/2016 21:5:19] /a 2
[6/11/2016 21:5:19] /a 2
[6/11/2016 21:5:19] /a 2
[6/11/2016 21:5:19] /a 2
[6/11/2016 21:5:19] /a 2
[6/11/2016 21:5:20] /a 2
[6/11/2016 21:5:20] /a 2
[6/11/2016 21:5:20] /a 2
[6/11/2016 21:5:21] /a 2
[6/11/2016 21:5:21] /a 2
[6/11/2016 21:5:21] /a 2
[6/11/2016 21:5:21] /a 2
[6/11/2016 21:5:21] /a 2
[6/11/2016 21:5:21] /a 2
[6/11/2016 21:5:21] /a 2
[6/11/2016 21:5:22] /a 2
[6/11/2016 21:5:22] /a 2
[6/11/2016 21:5:22] /a 2
[6/11/2016 21:5:22] /a 2
[6/11/2016 21:5:24] /a 2
[6/11/2016 21:5:24] /a 2
[6/11/2016 21:5:24] /a 2
[6/11/2016 21:5:25] /a 2
[6/11/2016 21:5:25] /a 2
[6/11/2016 21:5:25] /a 2
[6/11/2016 21:5:25] /a 2
[6/11/2016 21:5:26] /a 2
[6/11/2016 21:5:26] /a 2
[6/11/2016 21:5:26] /a 2
[6/11/2016 21:5:26] /a 2
[6/11/2016 21:5:26] /a 2
[6/11/2016 21:5:26] /a 2
[6/11/2016 21:5:27] /a 2
[6/11/2016 21:5:27] /a 2
[6/11/2016 21:5:27] /a 2
[6/11/2016 21:10:34] /t
[6/11/2016 21:11:26] /a 2
[6/11/2016 21:11:29] /a 3
[6/11/2016 21:11:42] /t
[6/11/2016 21:18:21] /i backpacl
[6/11/2016 21:18:25] /i backpack
[6/11/2016 21:18:28] /i new staff
[6/11/2016 21:19:20] /i new mage staff
[6/11/2016 21:19:34] /a 2
[6/11/2016 21:19:54] /i new donate staff
[6/11/2016 21:21:31] /clean
[6/11/2016 21:21:40] /i blue backpack
[6/11/2016 21:21:46] /i new paladin boots
[6/11/2016 21:22:9] /i new mage boots
[6/11/2016 21:22:28] /i new mage legs
[6/11/2016 21:22:32] /i new mage robe
[6/11/2016 21:22:37] /i new mage armor
[6/11/2016 21:22:45] /i new mage helmet
[6/11/2016 21:22:55] /i new mage book
[6/11/2016 21:23:2] /i new mage shield
[6/11/2016 21:23:25] /i new mage spellbook
[6/11/2016 21:23:32] /i new mage staff
[6/11/2016 21:23:44] /i green backpack
[6/11/2016 21:23:50] /i new pally boots
[6/11/2016 21:23:54] /i new pally legs
[6/11/2016 21:23:59] /i new pally armor
[6/11/2016 21:24:2] /i new pally helmet
[6/11/2016 21:24:34] /i new pally bow
[6/11/2016 21:24:58] /i new pally ring
[6/11/2016 21:25:6] /i new mage ring
[6/11/2016 21:27:38] /i gray backpack
[6/11/2016 21:28:28] /i new kina boots
[6/11/2016 21:28:32] /i new kina legs
[6/11/2016 21:28:37] /i new kina armor
[6/11/2016 21:28:41] /i new kina helmet
[6/11/2016 21:28:45] /i new kina shield
[6/11/2016 21:28:49] /i new kina ring
[6/11/2016 21:29:14] /i new kina sword
[6/11/2016 21:29:18] /i new kina axe
[6/11/2016 21:29:21] /i new kina club
[6/11/2016 21:29:35] /t
[6/11/2016 21:32:26] /i new pally shield
[6/11/2016 21:39:11] /openserver
[6/11/2016 21:39:20] /closeserver
[6/11/2016 21:42:54] /openserver
[6/11/2016 21:43:9] /closeserver
[6/11/2016 21:48:3] /a 2
[6/11/2016 21:48:8] /i new donate
[6/11/2016 21:48:14] /i donate 30 days
[6/11/2016 21:48:38] /t
[6/11/2016 21:49:10] /i autoloot boost
[6/11/2016 21:50:15] /i autoloot boost
[7/11/2016 7:34:52] /closeserver
[7/11/2016 7:57:11] /i 10331
[7/11/2016 7:57:15] /r
[7/11/2016 8:3:13] /t
[7/11/2016 8:7:27] /goto skill seller
[7/11/2016 8:7:45] /t
[7/11/2016 8:8:3] /t
[7/11/2016 8:30:33] /closeserver
[7/11/2016 8:36:25] /closeserver
[7/11/2016 8:38:21] /closeserver
[7/11/2016 8:39:9] /goto Dodge/Critical Seller
[7/11/2016 8:39:25] /t
[7/11/2016 8:50:56] /closeserver
[7/11/2016 9:6:24] /closeserver
