[5/6/2017 15:33:19] /ghost
[5/6/2017 15:40:22] /ghost
[5/6/2017 16:25:35] /bc New record: 17 players are logged in.
[5/6/2017 16:31:14] /bc New record: 20 players are logged in.
[5/6/2017 16:35:13] /bc New record: 21 players are logged in.
[5/6/2017 16:35:50] /bc New record: 22 players are logged in.
[5/6/2017 16:35:52] /bc New record: 22 players are logged in.
[5/6/2017 16:35:53] /bc New record: 22 players are logged in.
[5/6/2017 16:36:42] /bc New record: 24 players are logged in.
[5/6/2017 16:40:21] /bc New record: 28 players are logged in.
[5/6/2017 16:48:9] /bc New record: 29 players are logged in.
[5/6/2017 17:6:18] /bc New record: 30 players are logged in.
[5/6/2017 17:9:49] /bc New record: 33 players are logged in.
[5/6/2017 17:11:35] /bc New record: 39 players are logged in.
[5/6/2017 17:13:57] /addskill hardcore,level,200
[5/6/2017 17:14:3] /c hardcore
[5/6/2017 17:15:15] /bc New record: 41 players are logged in.
[5/6/2017 17:15:33] /b GALERA 1HORA ONLINE New record: 41 players are logged in.
[5/6/2017 17:23:26] /bc New record: 42 players are logged in.
[5/6/2017 17:26:0] /bc New record: 43 players are logged in.
[5/6/2017 17:27:14] /bc New record: 45 players are logged in.
[5/6/2017 17:31:32] /bc BOA TARDE!!
[5/6/2017 17:32:7] /m the boss strikller
[5/6/2017 17:32:16] /bc New record: 46 players are logged in.
[5/6/2017 17:35:3] /m the boss~
[5/6/2017 17:35:8] /m the boss striller
[5/6/2017 17:35:11] /m the boss strillker
[5/6/2017 17:35:16] /m the boss striller
[5/6/2017 17:35:19] /m the boss strilker
[5/6/2017 17:36:5] /m The Boss Striker
[5/6/2017 17:36:26] /bc GALERA ' The BOSS STRIKER ' NA FRENTE DO TEMPLO!!! GOGO
[5/6/2017 17:36:28] /bc GALERA ' The BOSS STRIKER ' NA FRENTE DO TEMPLO!!! GOGO
[5/6/2017 17:36:29] /bc GALERA ' The BOSS STRIKER ' NA FRENTE DO TEMPLO!!! GOGO
[5/6/2017 17:36:32] /bc GALERA ' The BOSS STRIKER ' NA FRENTE DO TEMPLO!!! GOGO
[5/6/2017 17:36:35] /bc GALERA ' The BOSS STRIKER ' NA FRENTE DO TEMPLO!!! GOGO
[5/6/2017 17:36:43] /bc GALERA ' The BOSS STRIKER ' NA FRENTE DO TEMPLO!!! GOGO
[5/6/2017 17:36:47] /bc GALERA ' The BOSS STRIKER ' NA FRENTE DO TEMPLO!!! GOGO
[5/6/2017 17:37:5] /bc GALERA ' The BOSS STRIKER ' NA FRENTE DO TEMPLO!!! GOGO
[5/6/2017 17:37:23] /bc GALERA ' The BOSS STRIKER ' NA FRENTE DO TEMPLO!!! GOGO
[5/6/2017 17:37:40] /bc GALERA ' The BOSS STRIKER ' NA FRENTE DO TEMPLO!!! GOGO
[5/6/2017 17:39:45] /bc GALERA ' The BOSS STRIKER ' NA FRENTE DO TEMPLO!!! GOGO
[5/6/2017 17:39:50] /bc New record: 48 players are logged in.
[5/6/2017 17:39:52] /bc New record: 48 players are logged in.
[5/6/2017 17:40:46] /bc New record: 49 players are logged in.
[5/6/2017 17:40:52] /bc New record: 50 players are logged in.
[5/6/2017 17:41:6] /m The Boss Striker
[5/6/2017 17:41:18] /bc GALERA ' The BOSS STRIKER ' NA FRENTE DO TEMPLO!!! GOGO 50 ON
[5/6/2017 17:41:19] /bc GALERA ' The BOSS STRIKER ' NA FRENTE DO TEMPLO!!! GOGO 50 ON
[5/6/2017 17:41:26] /bc GALERA ' The BOSS STRIKER ' NA FRENTE DO TEMPLO!!! GOGO 50 ON
[5/6/2017 17:41:35] /bc GALERA ' The BOSS STRIKER ' NA FRENTE DO TEMPLO!!! GOGO 50 ON
[5/6/2017 17:41:36] /bc GALERA ' The BOSS STRIKER ' NA FRENTE DO TEMPLO!!! GOGO 50 ON
[5/6/2017 17:42:20] /bc GALERA ' The BOSS STRIKER ' NA FRENTE DO TEMPLO!!! GOGO 50 ON
[5/6/2017 17:42:22] /bc GALERA ' The BOSS STRIKER ' NA FRENTE DO TEMPLO!!! GOGO 50 ON
[5/6/2017 17:42:32] /bc GALERA ' The BOSS STRIKER ' NA FRENTE DO TEMPLO!!! GOGO 50 ON
[5/6/2017 17:47:20] /bc New record: 55 players are logged in.
[5/6/2017 17:47:30] /bc New record: 56 players are logged in.
[5/6/2017 17:48:0] /bc New record: 57 players are logged in.
[5/6/2017 17:48:3] /bc New record: 57 players are logged in.
[5/6/2017 17:49:23] /bc New record: 58 players are logged in
[5/6/2017 17:53:0] /bc GALERA HOJE NA MADRUGA TEM UPDATE!! NOVIDADES
[5/6/2017 17:53:43] /up
[5/6/2017 17:53:47] /down
[5/6/2017 17:54:25] /m the boss striker
[5/6/2017 17:54:40] /bc GALERA ' The BOSS STRIKER ' NA FRENTE DO TEMPLO!!! GOGO
[5/6/2017 18:2:33] /bc New record: 62 players are logged in.
[5/6/2017 18:4:34] /bc New record: 63 players are logged in.
[5/6/2017 18:4:36] /bc New record: 63 players are logged in.
[5/6/2017 18:5:25] /bc New record: 67 players are logged in.
[5/6/2017 18:5:32] /bc New record: 68 players are logged in.
[5/6/2017 18:53:20] /bc New record: 70 players are logged in.
[5/6/2017 18:53:29] /m The boss striker
[5/6/2017 18:53:42] /bc GALERA ' The BOSS STRIKER ' NA FRENTE DO TEMPLO!! GOGO
[5/6/2017 18:53:44] /bc GALERA ' The BOSS STRIKER ' NA FRENTE DO TEMPLO!! GOGO
[5/6/2017 18:53:46] /bc GALERA ' The BOSS STRIKER ' NA FRENTE DO TEMPLO!! GOGO
[5/6/2017 18:53:52] /bc GALERA ' The BOSS STRIKER ' NA FRENTE DO TEMPLO!! GOGO
[5/6/2017 18:53:54] /bc GALERA ' The BOSS STRIKER ' NA FRENTE DO TEMPLO!! GOGO
[5/6/2017 18:54:16] /bc GALERA ' The BOSS STRIKER ' NA FRENTE DO TEMPLO!! GOGO
[5/6/2017 18:54:19] /bc GALERA ' The BOSS STRIKER ' NA FRENTE DO TEMPLO!! GOGO
[5/6/2017 18:54:20] /bc GALERA ' The BOSS STRIKER ' NA FRENTE DO TEMPLO!! GOGO
[5/6/2017 18:54:22] /bc GALERA ' The BOSS STRIKER ' NA FRENTE DO TEMPLO!! GOGO
[5/6/2017 18:54:27] /bc GALERA ' The BOSS STRIKER ' NA FRENTE DO TEMPLO!! GOGO
[5/6/2017 18:55:1] /bc GALERA ' The BOSS STRIKER ' NA FRENTE DO TEMPLO!! GOGO
[5/6/2017 18:55:23] /bc GALERA ' The BOSS STRIKER ' NA FRENTE DO TEMPLO!! GOGO
[5/6/2017 18:55:24] /bc GALERA ' The BOSS STRIKER ' NA FRENTE DO TEMPLO!! GOGO
[5/6/2017 18:56:12] /bc GALERA ' The BOSS STRIKER ' NA FRENTE DO TEMPLO!! GOGO
[5/6/2017 18:56:34] /m The boss striker
[5/6/2017 18:56:36] /bc GALERA ' The BOSS STRIKER ' NA FRENTE DO TEMPLO!! GOGO
[5/6/2017 18:56:37] /bc GALERA ' The BOSS STRIKER ' NA FRENTE DO TEMPLO!! GOGO
[5/6/2017 18:56:38] /bc GALERA ' The BOSS STRIKER ' NA FRENTE DO TEMPLO!! GOGO
[5/6/2017 18:56:40] /bc GALERA ' The BOSS STRIKER ' NA FRENTE DO TEMPLO!! GOGO
[5/6/2017 18:57:16] /bc GALERA ' The BOSS STRIKER ' NA FRENTE DO TEMPLO!! GOGO
[5/6/2017 18:57:19] /bc GALERA ' The BOSS STRIKER ' NA FRENTE DO TEMPLO!! GOGO
[5/6/2017 18:58:2] /bc GALERA ' The BOSS STRIKER ' NA FRENTE DO TEMPLO!! GOGO
[5/6/2017 18:59:47] /bc New record: 72 players are logged in.
[5/6/2017 18:59:50] /bc New record: 72 players are logged in.
[5/6/2017 19:5:43] /goto Big Bang
[5/6/2017 19:5:57] /t
[5/6/2017 19:10:53] /bc New record: 74 players are logged in.
[5/6/2017 19:20:10] /bc New record: 75 players are logged in.
[5/6/2017 19:20:43] /bc New record: 78 players are logged in.
[5/6/2017 19:20:45] /bc New record: 78 players are logged in.
[5/6/2017 19:21:11] /m THE BOSS STRIKER
[5/6/2017 19:21:28] /bc GALERA ' The BOSS STRIKER ' NA FRENTE DO TEMPLO! GOOGO
[5/6/2017 19:21:29] /bc GALERA ' The BOSS STRIKER ' NA FRENTE DO TEMPLO! GOOGO
[5/6/2017 19:21:32] /bc GALERA ' The BOSS STRIKER ' NA FRENTE DO TEMPLO! GOOGO
[5/6/2017 19:21:34] /bc GALERA ' The BOSS STRIKER ' NA FRENTE DO TEMPLO! GOOGO
[5/6/2017 19:21:38] /bc GALERA ' The BOSS STRIKER ' NA FRENTE DO TEMPLO! GOOGO
[5/6/2017 19:21:41] /bc GALERA ' The BOSS STRIKER ' NA FRENTE DO TEMPLO! GOOGO
[5/6/2017 19:21:44] /bc GALERA ' The BOSS STRIKER ' NA FRENTE DO TEMPLO! GOOGO
[5/6/2017 19:21:46] /bc GALERA ' The BOSS STRIKER ' NA FRENTE DO TEMPLO! GOOGO
[5/6/2017 19:21:49] /bc GALERA ' The BOSS STRIKER ' NA FRENTE DO TEMPLO! GOOGO
[5/6/2017 19:21:58] /bc GALERA ' The BOSS STRIKER ' NA FRENTE DO TEMPLO! GOOGO
[5/6/2017 19:22:50] /bc GALERA ' The BOSS STRIKER ' NA FRENTE DO TEMPLO! GOOGO
[5/6/2017 19:22:51] /bc GALERA ' The BOSS STRIKER ' NA FRENTE DO TEMPLO! GOOGO
[5/6/2017 19:23:2] /bc GALERA ' The BOSS STRIKER ' NA FRENTE DO TEMPLO! GOOGO
[5/6/2017 22:17:40] /m The BOSS STRIKER
[5/6/2017 22:17:43] /bc GALERA ' The BOSS STRIKER ' NA FRENTE DO TEMPLO! GOOGO
[5/6/2017 22:17:43] /bc GALERA ' The BOSS STRIKER ' NA FRENTE DO TEMPLO! GOOGO
[5/6/2017 22:17:44] /bc GALERA ' The BOSS STRIKER ' NA FRENTE DO TEMPLO! GOOGO
[5/6/2017 22:18:17] /bc GALERA ' The BOSS STRIKER ' NA FRENTE DO TEMPLO! GOOGO
[5/6/2017 22:19:6] /bc GALERA ' The BOSS STRIKER ' NA FRENTE DO TEMPLO! GOOGO
[5/6/2017 22:23:10] /a 2
[5/6/2017 22:23:40] /bc GALERA AREA DONATE LIBERADA ATÉ AMANHÃ AS 17:00
[5/6/2017 22:23:44] /r
[5/6/2017 22:23:46] /r
[5/6/2017 22:23:49] /r
[5/6/2017 22:24:6] /i 12196
[5/6/2017 22:24:11] /bc GALERA AREA DONATE LIBERADA ATÉ AMANHÃ AS 17:00
[5/6/2017 22:24:20] /bc GALERA AREA DONATE LIBERADA ATÉ AMANHÃ AS 17:00
[5/6/2017 22:24:52] /bc GALERA AREA DONATE LIBERADA ATÉ AMANHÃ AS 17:00
[5/6/2017 22:25:16] /bc GALERA AREA DONATE LIBERADA ATÉ AMANHÃ AS 17:00
[5/6/2017 22:25:30] /bc GALERA AREA DONATE LIBERADA ATÉ AMANHÃ AS 17:00
[5/6/2017 22:28:28] /bc GALERA AREA DONATE LIBERADA ATÉ AMANHÃ AS 17:00
[5/6/2017 22:28:33] /bc GALERA AREA DONATE LIBERADA ATÉ AMANHÃ AS 17:00
[5/6/2017 22:29:8] /bc GALERA AREA DONATE LIBERADA ATÉ AMANHÃ AS 17:00
[5/6/2017 22:32:48] /bc GALERA AREA DONATE LIBERADA ATÉ AMANHÃ AS 17:00
[5/6/2017 22:35:23] /bc GALERA AREA DONATE LIBERADA ATÉ AMANHÃ AS 17:00
[5/6/2017 22:40:43] /bc GALERA AREA DONATE LIBERADA ATÉ AMANHÃ AS 17:00
[5/6/2017 22:43:37] /bc GALERA AREA DONATE LIBERADA ATÉ AMANHÃ AS 17:00
[5/6/2017 22:45:40] /i 3156
[5/6/2017 22:45:41] /i 3156
[5/6/2017 22:46:5] /i 11094
[5/6/2017 22:46:7] /i 11094
[5/6/2017 22:46:22] /bc GALERA AREA DONATE LIBERADA ATÉ AMANHÃ AS 17:00
[5/6/2017 22:48:53] /bc GALERA AREA DONATE LIBERADA ATÉ AMANHÃ AS 17:00
[5/6/2017 22:49:53] /m boss the stiker
[5/6/2017 22:49:56] /m boss the stiker
[5/6/2017 22:49:57] /m boss the stiker
[5/6/2017 22:50:6] /m the boss stilker
[5/6/2017 22:50:11] /m the boss striker
[5/6/2017 22:50:27] /bc GALERA ' The BOSS STRIKER ' NA FRENTE DO TEMPLO!! GOGO
[5/6/2017 22:50:28] /bc GALERA ' The BOSS STRIKER ' NA FRENTE DO TEMPLO!! GOGO
[5/6/2017 22:50:29] /bc GALERA ' The BOSS STRIKER ' NA FRENTE DO TEMPLO!! GOGO
[5/6/2017 22:50:33] /bc GALERA ' The BOSS STRIKER ' NA FRENTE DO TEMPLO!! GOGO
[5/6/2017 22:50:43] /bc GALERA ' The BOSS STRIKER ' NA FRENTE DO TEMPLO!! GOGO
[5/6/2017 22:50:56] /bc GALERA ' The BOSS STRIKER ' NA FRENTE DO TEMPLO!! GOGO
[5/6/2017 22:51:37] /bc GALERA ' The BOSS STRIKER ' NA FRENTE DO TEMPLO!! GOGO
[5/6/2017 22:52:4] /bc GALERA ' The BOSS STRIKER ' NA FRENTE DO TEMPLO!! GOGO
[5/6/2017 22:52:45] /goto Rp Passamal
[5/6/2017 22:52:59] /a
[5/6/2017 22:53:2] /t
[5/6/2017 22:53:14] /bc GALERA ' The BOSS STRIKER ' NA FRENTE DO TEMPLO!! GOGO
[5/6/2017 22:53:15] /bc GALERA ' The BOSS STRIKER ' NA FRENTE DO TEMPLO!! GOGO
[5/6/2017 22:53:16] /bc GALERA ' The BOSS STRIKER ' NA FRENTE DO TEMPLO!! GOGO
[5/6/2017 22:53:26] /m The BOSS STRIKER
[5/6/2017 22:53:29] /bc GALERA ' The BOSS STRIKER ' NA FRENTE DO TEMPLO!! GOGO
[5/6/2017 22:53:30] /bc GALERA ' The BOSS STRIKER ' NA FRENTE DO TEMPLO!! GOGO
[5/6/2017 22:53:53] /bc GALERA ' The BOSS STRIKER ' NA FRENTE DO TEMPLO!! GOGO
[5/6/2017 22:54:39] /bc GALERA ' The BOSS STRIKER ' NA FRENTE DO TEMPLO!! GOGO
[5/6/2017 22:54:40] /bc GALERA ' The BOSS STRIKER ' NA FRENTE DO TEMPLO!! GOGO
[5/6/2017 22:54:42] /bc GALERA ' The BOSS STRIKER ' NA FRENTE DO TEMPLO!! GOGO
[5/6/2017 22:54:47] /bc GALERA ' The BOSS STRIKER ' NA FRENTE DO TEMPLO!! GOGO
[5/6/2017 22:56:46] /bc GALERA AREA DONATE LIBERADA ATÉ AMANHÃ AS 17:00
[5/6/2017 22:56:58] /bc GALERA AREA DONATE LIBERADA ATÉ AMANHÃ AS 17:00
[5/6/2017 23:0:44] /goto Help
[5/6/2017 23:0:56] /attr group 4
[5/6/2017 23:1:1] /r
[5/6/2017 23:1:7] /bc New record: 88 players are logged in.
[5/6/2017 23:1:9] /bc New record: 88 players are logged in.
[5/6/2017 23:1:11] /t
[5/6/2017 23:1:15] /bc New record: 88 players are logged in.
[5/6/2017 23:1:33] /bc GALERA AREA DONATE LIBERADA ATÉ AMANHÃ AS 17:00
[5/6/2017 23:1:39] /bc GALERA AREA DONATE LIBERADA ATÉ AMANHÃ AS 17:00
[5/6/2017 23:3:35] /bc GALERA AREA DONATE LIBERADA ATÉ AMANHÃ AS 17:00
[5/6/2017 23:6:32] /bc GALERA AREA DONATE LIBERADA ATÉ AMANHÃ AS 17:00
[5/6/2017 23:7:47] /bc GALERA AREA DONATE LIBERADA ATÉ AMANHÃ AS 17:00
[5/6/2017 23:10:30] /bc GALERA AREA DONATE LIBERADA ATÉ AMANHÃ AS 17:00
[5/6/2017 23:11:39] /bc GALERA AREA DONATE LIBERADA ATÉ AMANHÃ AS 17:00
[5/6/2017 23:14:5] /bc New record: 90 players are logged in.
[5/6/2017 23:14:22] /bc GALERA AREA DONATE LIBERADA ATÉ AMANHÃ AS 17:00
[5/6/2017 23:14:34] /bc New record: 90 players are logged in.
[5/6/2017 23:18:33] /bc New record: 92 players are logged in.
[5/6/2017 23:18:34] /bc New record: 92 players are logged in.
[5/6/2017 23:18:46] /bc GALERA AREA DONATE LIBERADA ATÉ AMANHÃ AS 17:00
[5/6/2017 23:19:38] /bc GALERA AREA DONATE LIBERADA ATÉ AMANHÃ AS 17:00
[5/6/2017 23:20:31] /bc GALERA AREA DONATE LIBERADA ATÉ AMANHÃ AS 17:00
[5/6/2017 23:21:35] /bc GALERA AREA DONATE LIBERADA ATÉ AMANHÃ AS 17:00
[5/6/2017 23:22:17] /bc New record: 94 players are logged in.
[5/6/2017 23:23:5] /bc New record: 95 players are logged in.
[5/6/2017 23:23:24] /m boss the striker
[5/6/2017 23:23:32] /m the boss striker
[5/6/2017 23:23:45] /bc GALERA ' The BOSS STRIKER ' NA FRENTE DO TEMPLO!! GOGO
[5/6/2017 23:23:50] /bc GALERA ' The BOSS STRIKER ' NA FRENTE DO TEMPLO!! GOGO
[5/6/2017 23:23:52] /bc GALERA ' The BOSS STRIKER ' NA FRENTE DO TEMPLO!! GOGO
[5/6/2017 23:23:54] /bc GALERA ' The BOSS STRIKER ' NA FRENTE DO TEMPLO!! GOGO
[5/6/2017 23:24:4] /bc GALERA ' The BOSS STRIKER ' NA FRENTE DO TEMPLO!! GOGO
[5/6/2017 23:24:9] /bc GALERA ' The BOSS STRIKER ' NA FRENTE DO TEMPLO!! GOGO
[5/6/2017 23:24:23] /bc GALERA ' The BOSS STRIKER ' NA FRENTE DO TEMPLO!! GOGO
[5/6/2017 23:24:57] /bc GALERA ' The BOSS STRIKER ' NA FRENTE DO TEMPLO!! GOGO
[5/6/2017 23:25:1] /bc GALERA ' The BOSS STRIKER ' NA FRENTE DO TEMPLO!! GOGO
[5/6/2017 23:25:11] /bc GALERA AREA DONATE LIBERADA ATÉ AMANHÃ AS 17:00
[5/6/2017 23:25:25] /bc GALERA AREA DONATE LIBERADA ATÉ AMANHÃ AS 17:00
[5/6/2017 23:25:30] /bc GALERA ' The BOSS STRIKER ' NA FRENTE DO TEMPLO!! GOGO
[5/6/2017 23:25:32] /bc GALERA ' The BOSS STRIKER ' NA FRENTE DO TEMPLO!! GOGO
[5/6/2017 23:25:37] /bc GALERA ' The BOSS STRIKER ' NA FRENTE DO TEMPLO!! GOGO
[5/6/2017 23:25:54] /m The BOSS STRIKEr
[5/6/2017 23:25:55] /m The BOSS STRIKEr
[5/6/2017 23:25:59] /m The BOSS STRIKEr
[5/6/2017 23:26:3] /bc GALERA ' The BOSS STRIKER ' NA FRENTE DO TEMPLO!! GOGO
[5/6/2017 23:26:5] /bc GALERA ' The BOSS STRIKER ' NA FRENTE DO TEMPLO!! GOGO
[5/6/2017 23:26:12] /bc GALERA ' The BOSS STRIKER ' NA FRENTE DO TEMPLO!! GOGO
[5/6/2017 23:28:12] /bc GALERA AREA DONATE LIBERADA ATÉ AMANHÃ AS 17:00
[5/6/2017 23:28:15] /bc GALERA AREA DONATE LIBERADA ATÉ AMANHÃ AS 17:00
[5/6/2017 23:30:14] /bc GALERA AREA DONATE LIBERADA ATÉ AMANHÃ AS 17:00
[5/6/2017 23:38:56] /bc GALERA AREA DONATE LIBERADA ATÉ AMANHÃ AS 17:00
[5/6/2017 23:38:57] /bc GALERA AREA DONATE LIBERADA ATÉ AMANHÃ AS 17:00
[5/6/2017 23:39:3] /bc GALERA AREA DONATE LIBERADA ATÉ AMANHÃ AS 17:00
[5/6/2017 23:39:7] /bc GALERA AREA DONATE LIBERADA ATÉ AMANHÃ AS 17:00
[5/6/2017 23:39:15] /bc GALERA AREA DONATE LIBERADA ATÉ AMANHÃ AS 17:00
[5/6/2017 23:43:37] /bc GALERA AREA DONATE LIBERADA ATÉ AMANHÃ AS 17:00
[5/6/2017 23:45:3] /bc GALERA AREA DONATE LIBERADA ATÉ AMANHÃ AS 17:00
[5/6/2017 23:46:47] /bc GALERA AREA DONATE LIBERADA ATÉ AMANHÃ AS 17:00
[5/6/2017 23:47:36] /bc GALERA AREA DONATE LIBERADA ATÉ AMANHÃ AS 17:00
[5/6/2017 23:50:12] /bc GALERA AREA DONATE LIBERADA ATÉ AMANHÃ AS 17:00
[5/6/2017 23:50:13] /bc GALERA AREA DONATE LIBERADA ATÉ AMANHÃ AS 17:00
[5/6/2017 23:50:16] /bc GALERA AREA DONATE LIBERADA ATÉ AMANHÃ AS 17:00
[5/6/2017 23:50:18] /bc GALERA AREA DONATE LIBERADA ATÉ AMANHÃ AS 17:00
[5/6/2017 23:50:22] /bc GALERA AREA DONATE LIBERADA ATÉ AMANHÃ AS 17:00
[5/6/2017 23:50:24] /bc GALERA AREA DONATE LIBERADA ATÉ AMANHÃ AS 17:00
[5/6/2017 23:50:53] /bc GALERA AREA DONATE LIBERADA ATÉ AMANHÃ AS 17:00
[5/6/2017 23:52:22] /bc GALERA AREA DONATE LIBERADA ATÉ AMANHÃ AS 17:00
[5/6/2017 23:53:29] /bc GALERA AREA DONATE LIBERADA ATÉ AMANHÃ AS 17:00
[5/6/2017 23:54:1] /bc GALERA AREA DONATE LIBERADA ATÉ AMANHÃ AS 17:00
[6/6/2017 0:2:48] /bc GALERA AREA DONATE LIBERADA ATÉ AMANHÃ AS 17:00!!
[6/6/2017 0:3:6] /bc GALERA AREA DONATE LIBERADA ATÉ AMANHÃ AS 17:00H !!
[6/6/2017 0:5:6] /bc GALERA AREA DONATE LIBERADA ATÉ AMANHÃ AS 17:00H !!
[6/6/2017 0:10:59] /bc GALERA AREA DONATE LIBERADA ATÉ AMANHÃ AS 17:00H !!
[6/6/2017 0:11:9] /bc GALERA AREA DONATE LIBERADA ATÉ AMANHÃ AS 17:00H !!
[6/6/2017 0:13:44] /ghost
[6/6/2017 0:14:11] /c Bolso
[6/6/2017 0:14:16] /ghost
[6/6/2017 0:14:17] /t
[6/6/2017 0:14:36] /bc GALERA AREA DONATE LIBERADA ATÉ AMANHÃ AS 17:00H !!
[6/6/2017 0:16:1] /bc GALERA AREA DONATE LIBERADA ATÉ AMANHÃ AS 17:00H !!
[6/6/2017 0:28:23] /bc GALERA AREA DONATE LIBERADA ATÉ AMANHÃ AS 17:00H !!
[6/6/2017 0:28:59] /bc GALERA AREA DONATE LIBERADA ATÉ AMANHÃ AS 17:00H !!
[6/6/2017 0:29:46] /m the boss striker
[6/6/2017 0:30:7] /bc GALERA ' The BOSS STRIKER ' NA FRENTE DO TEMPLO!! GOGO
[6/6/2017 0:30:9] /bc GALERA ' The BOSS STRIKER ' NA FRENTE DO TEMPLO!! GOGO
[6/6/2017 0:30:13] /bc GALERA ' The BOSS STRIKER ' NA FRENTE DO TEMPLO!! GOGO
[6/6/2017 0:30:19] /bc GALERA ' The BOSS STRIKER ' NA FRENTE DO TEMPLO!! GOGO
[6/6/2017 0:30:25] /bc GALERA ' The BOSS STRIKER ' NA FRENTE DO TEMPLO!! GOGO
[6/6/2017 0:30:37] /bc GALERA ' The BOSS STRIKER ' NA FRENTE DO TEMPLO!! GOGO
[6/6/2017 0:30:49] /bc GALERA AREA DONATE LIBERADA ATÉ AMANHÃ AS 17:00H !!
[6/6/2017 0:31:7] /bc GALERA ' The BOSS STRIKER ' NA FRENTE DO TEMPLO!! GOGO
[6/6/2017 0:31:20] /bc GALERA ' The BOSS STRIKER ' NA FRENTE DO TEMPLO!! GOGO
[6/6/2017 0:31:52] /bc GALERA ' The BOSS STRIKER ' NA FRENTE DO TEMPLO!! GOGO
[6/6/2017 0:32:57] /bc GALERA ' The BOSS STRIKER ' NA FRENTE DO TEMPLO!! GOGO
[6/6/2017 0:33:9] /m The BOSS STRIKER
[6/6/2017 0:33:12] /bc GALERA ' The BOSS STRIKER ' NA FRENTE DO TEMPLO!! GOGO
[6/6/2017 0:33:12] /bc GALERA ' The BOSS STRIKER ' NA FRENTE DO TEMPLO!! GOGO
[6/6/2017 0:33:13] /bc GALERA ' The BOSS STRIKER ' NA FRENTE DO TEMPLO!! GOGO
[6/6/2017 0:33:17] /bc GALERA ' The BOSS STRIKER ' NA FRENTE DO TEMPLO!! GOGO
[6/6/2017 0:33:25] /bc GALERA ' The BOSS STRIKER ' NA FRENTE DO TEMPLO!! GOGO
[6/6/2017 0:33:37] /bc GALERA AREA DONATE LIBERADA ATÉ AMANHÃ AS 17:00H !!
[6/6/2017 0:33:40] /bc GALERA ' The BOSS STRIKER ' NA FRENTE DO TEMPLO!! GOGO
[6/6/2017 0:33:40] /bc GALERA ' The BOSS STRIKER ' NA FRENTE DO TEMPLO!! GOGO
[6/6/2017 0:33:41] /bc GALERA ' The BOSS STRIKER ' NA FRENTE DO TEMPLO!! GOGO
[6/6/2017 0:33:41] /bc GALERA ' The BOSS STRIKER ' NA FRENTE DO TEMPLO!! GOGO
[6/6/2017 0:33:41] /bc GALERA ' The BOSS STRIKER ' NA FRENTE DO TEMPLO!! GOGO
[6/6/2017 0:33:42] /bc GALERA ' The BOSS STRIKER ' NA FRENTE DO TEMPLO!! GOGO
[6/6/2017 0:35:52] /bc GALERA ' The BOSS STRIKER ' NA FRENTE DO TEMPLO!! GOGO
[6/6/2017 0:36:42] /bc GALERA AREA DONATE LIBERADA ATÉ AMANHÃ AS 17:00H !!
[6/6/2017 0:36:47] /bc GALERA AREA DONATE LIBERADA ATÉ AMANHÃ AS 17:00H !!
[6/6/2017 0:37:28] /bc GALERA AREA DONATE LIBERADA ATÉ AMANHÃ AS 17:00H !!
[6/6/2017 0:38:30] /t
[6/6/2017 0:38:46] /bc GALERA AREA DONATE LIBERADA ATÉ AMANHÃ AS 17:00H !!
[6/6/2017 0:46:38] /bc GALERA AREA DONATE LIBERADA ATÉ AMANHÃ AS 17:00H!!
[6/6/2017 0:46:39] /bc GALERA AREA DONATE LIBERADA ATÉ AMANHÃ AS 17:00H!!
[6/6/2017 0:46:43] /bc GALERA AREA DONATE LIBERADA ATÉ AMANHÃ AS 17:00H!!
[6/6/2017 0:47:4] /bc GALERA AREA DONATE LIBERADA ATÉ AMANHÃ AS 17:00H!!
[6/6/2017 0:47:9] /t
[6/6/2017 0:49:34] /m addon doll
[6/6/2017 0:50:1] /bc BOSS " ADDON DOLL " NA FRENTE DO TEMPLO!
[6/6/2017 0:50:2] /bc BOSS " ADDON DOLL " NA FRENTE DO TEMPLO!
[6/6/2017 0:50:5] /bc BOSS " ADDON DOLL " NA FRENTE DO TEMPLO!
[6/6/2017 0:50:9] /bc BOSS " ADDON DOLL " NA FRENTE DO TEMPLO!
[6/6/2017 0:50:46] /bc BOSS " ADDON DOLL " NA FRENTE DO TEMPLO!
[6/6/2017 0:50:55] /bc BOSS " ADDON DOLL " NA FRENTE DO TEMPLO! GOGO
[6/6/2017 0:55:53] /bc GALERA AREA DONATE LIBERADA ATÉ AMANHÃ AS 17:00H!!
[6/6/2017 0:56:18] /bc GALERA AREA DONATE LIBERADA ATÉ AMANHÃ AS 17:00H!!
[6/6/2017 1:1:20] /bc GALERA AREA DONATE LIBERADA ATÉ AMANHÃ AS 17:00H!!
[6/6/2017 1:4:50] /bc GALERA AREA DONATE LIBERADA ATÉ AMANHÃ AS 17:00H!!
[6/6/2017 1:7:49] /bc GALERA AREA DONATE LIBERADA ATÉ AMANHÃ AS 17:00H!!
[6/6/2017 1:7:52] /bc GALERA AREA DONATE LIBERADA ATÉ AMANHÃ AS 17:00H!!
[6/6/2017 1:7:52] /bc GALERA AREA DONATE LIBERADA ATÉ AMANHÃ AS 17:00H!!
[6/6/2017 1:10:13] /bc GALERA AREA DONATE LIBERADA ATÉ AMANHÃ AS 17:00H!!
[6/6/2017 1:15:14] /t
[6/6/2017 1:18:49] /m the boss striker
[6/6/2017 1:19:4] /bc GALERA ' The BOSS STRIKER' NA FRENTE DO TEMPLO!! GOGOGO
[6/6/2017 1:19:5] /bc GALERA ' The BOSS STRIKER' NA FRENTE DO TEMPLO!! GOGOGO
[6/6/2017 1:19:8] /bc GALERA ' The BOSS STRIKER' NA FRENTE DO TEMPLO!! GOGOGO
[6/6/2017 1:19:12] /bc GALERA ' The BOSS STRIKER' NA FRENTE DO TEMPLO!! GOGOGO
[6/6/2017 1:19:14] /bc GALERA ' The BOSS STRIKER' NA FRENTE DO TEMPLO!! GOGOGO
[6/6/2017 1:19:19] /bc GALERA ' The BOSS STRIKER' NA FRENTE DO TEMPLO!! GOGOGO
[6/6/2017 1:19:53] /bc GALERA ' The BOSS STRIKER' NA FRENTE DO TEMPLO!! GOGOGO
[6/6/2017 1:19:55] /bc GALERA ' The BOSS STRIKER' NA FRENTE DO TEMPLO!! GOGOGO
[6/6/2017 1:22:6] /bc GALERA AREA DONATE LIBERADA ATÉ AMANHÃ AS 17:0H!!
[6/6/2017 1:22:8] /bc GALERA AREA DONATE LIBERADA ATÉ AMANHÃ AS 17:0H!!
[6/6/2017 1:22:15] /bc GALERA AREA DONATE LIBERADA ATÉ AMANHÃ AS 17:0H!!
[6/6/2017 1:23:43] /bc GALERA AREA DONATE LIBERADA ATÉ AMANHÃ AS 17:0H!!
[6/6/2017 1:27:27] /bc GALERA AREA DONATE LIBERADA ATÉ AMANHÃ AS 17:0H!!
[6/6/2017 1:47:16] /bc GALERA AREA DONATE LIBERADA ATÉ AMANHA AS 17:00!!
[6/6/2017 1:47:18] /bc GALERA AREA DONATE LIBERADA ATÉ AMANHA AS 17:00!!
[6/6/2017 1:47:20] /bc GALERA AREA DONATE LIBERADA ATÉ AMANHA AS 17:00!!
[6/6/2017 1:48:22] /bc GALERA AREA DONATE LIBERADA ATÉ AMANHA AS 17:00!!
[6/6/2017 1:50:11] /bc GALERA AREA DONATE LIBERADA ATÉ AMANHA AS 17:00!!
[6/6/2017 1:51:53] /bc GALERA AREA DONATE LIBERADA ATÉ AMANHA AS 17:00!!
[6/6/2017 6:35:47] /ghost
[6/6/2017 6:35:58] /ghost
[6/6/2017 6:35:59] /ghost
[6/6/2017 6:36:16] /ghost
[6/6/2017 6:36:33] /ghost
[6/6/2017 6:36:38] /ghost
[6/6/2017 6:38:56] /bc GALERA AREA DONATE LIBERADA ATÉ AS 17:00H!!
[6/6/2017 6:38:58] /bc GALERA AREA DONATE LIBERADA ATÉ AS 17:00H!!
[6/6/2017 6:39:4] /bc GALERA AREA DONATE LIBERADA ATÉ AS 17:00H!!
[6/6/2017 6:42:14] /bc GALERA AREA DONATE LIBERADA ATÉ AS 17:00H!!
[6/6/2017 6:42:24] /bc GALERA AREA DONATE LIBERADA ATÉ AS 17:00H!!
[6/6/2017 6:46:5] /bc GALERA AREA DONATE LIBERADA ATÉ AS 17:00H!!
[6/6/2017 6:46:10] /bc GALERA AREA DONATE LIBERADA ATÉ AS 17:00H!!
[6/6/2017 6:46:15] /bc GALERA AREA DONATE LIBERADA ATÉ AS 17:00H!!
[6/6/2017 6:49:48] /bc GALERA AREA DONATE LIBERADA ATÉ AS 17:00H!!
[6/6/2017 6:52:33] /bc GALERA AREA DONATE LIBERADA ATÉ AS 17:00H!!
[6/6/2017 6:53:51] /bc GALERA AREA DONATE LIBERADA ATÉ AS 17:00H!!
[6/6/2017 6:53:55] /bc GALERA AREA DONATE LIBERADA ATÉ AS 17:00H!!
[6/6/2017 6:53:57] /bc GALERA AREA DONATE LIBERADA ATÉ AS 17:00H!!
[6/6/2017 6:56:7] /bc GALERA AREA DONATE LIBERADA ATÉ AS 17:00H!!
[6/6/2017 6:58:58] /bc GALERA AREA DONATE LIBERADA ATÉ AS 17:00H!!
[6/6/2017 6:59:4] /bc GALERA AREA DONATE LIBERADA ATÉ AS 17:00H!!
[6/6/2017 6:59:8] /t
[6/6/2017 6:59:15] /t
[6/6/2017 6:59:17] /bc GALERA AREA DONATE LIBERADA ATÉ AS 17:00H!!
[6/6/2017 6:59:24] /bc GALERA AREA DONATE LIBERADA ATÉ AS 17:00H!!
[6/6/2017 7:1:22] /bc GALERA AREA DONATE LIBERADA ATÉ AS 17:00H!!
[6/6/2017 7:1:32] /bc GALERA AREA DONATE LIBERADA ATÉ AS 17:00H!! GOGO
[6/6/2017 7:1:55] /bc GALERA AREA DONATE LIBERADA ATÉ AS 17:00H!! GOGO
[6/6/2017 7:2:15] /bc GALERA AREA DONATE LIBERADA ATÉ AS 17:00H!! GOGO
[6/6/2017 7:3:55] /bc GALERA AREA DONATE LIBERADA ATÉ AS 17:00H!! 
[6/6/2017 7:4:54] /ghost
[6/6/2017 7:4:58] /bc GALERA AREA DONATE LIBERADA ATÉ AS 17:00H!! 
[6/6/2017 7:5:0] /ghost
[6/6/2017 7:5:3] /ghost
[6/6/2017 7:5:4] /ghost
[6/6/2017 7:6:32] /bc GALERA AREA DONATE LIBERADA ATÉ AS 17:00H!! 
[6/6/2017 7:8:30] /bc GALERA AREA DONATE LIBERADA ATÉ AS 17:00H!! 
[6/6/2017 7:12:52] /bc GALERA AREA DONATE LIBERADA ATÉ AS 17:00H!! 
[6/6/2017 7:14:33] /bc GALERA AREA DONATE LIBERADA ATÉ AS 17:00H!! 
[6/6/2017 7:16:3] /bc GALERA AREA DONATE LIBERADA ATÉ AS 17:00H!! 
[6/6/2017 7:16:30] /bc GALERA AREA DONATE LIBERADA ATÉ AS 17:00H!! 
[6/6/2017 9:4:14] /bc GALERA AREA DONATE LIBERADA ATÉ AS 17:00H!! 
[6/6/2017 9:4:16] /bc GALERA AREA DONATE LIBERADA ATÉ AS 17:00H!! 
[6/6/2017 9:4:35] /bc GALERA AREA DONATE LIBERADA ATÉ AS 17:00H!! 
[6/6/2017 9:4:54] /m the boss striker
[6/6/2017 9:5:23] /bc GALERA ' The BOSS STRIKER ' NA FRENTE DO TEMPLO!! GOGO
[6/6/2017 9:5:24] /bc GALERA ' The BOSS STRIKER ' NA FRENTE DO TEMPLO!! GOGO
[6/6/2017 9:5:26] /bc GALERA ' The BOSS STRIKER ' NA FRENTE DO TEMPLO!! GOGO
[6/6/2017 9:5:31] /bc GALERA ' The BOSS STRIKER ' NA FRENTE DO TEMPLO!! GOGO
[6/6/2017 9:5:40] /bc GALERA ' The BOSS STRIKER ' NA FRENTE DO TEMPLO!! GOGO
[6/6/2017 9:7:48] /bc GALERA ' The BOSS STRIKER ' NA FRENTE DO TEMPLO!! GOGO
[6/6/2017 9:7:50] /bc GALERA ' The BOSS STRIKER ' NA FRENTE DO TEMPLO!! GOGO
[6/6/2017 9:8:58] /bc GALERA ' The BOSS STRIKER ' NA FRENTE DO TEMPLO!! GOGO
[6/6/2017 9:13:21] /bc GALERA ' The BOSS STRIKER ' NA FRENTE DO TEMPLO!! GOGO
[6/6/2017 9:13:24] /bc GALERA ' The BOSS STRIKER ' NA FRENTE DO TEMPLO!! GOGO
[6/6/2017 9:13:38] /m The BOSS STRIKER
[6/6/2017 9:13:41] /bc GALERA ' The BOSS STRIKER ' NA FRENTE DO TEMPLO!! GOGO
[6/6/2017 9:13:44] /bc GALERA ' The BOSS STRIKER ' NA FRENTE DO TEMPLO!! GOGO
[6/6/2017 9:16:47] /bc GALERA ' The BOSS STRIKER ' NA FRENTE DO TEMPLO!! GOGO
[6/6/2017 9:16:48] /bc GALERA ' The BOSS STRIKER ' NA FRENTE DO TEMPLO!! GOGO
[6/6/2017 9:16:49] /bc GALERA ' The BOSS STRIKER ' NA FRENTE DO TEMPLO!! GOGO
[6/6/2017 9:17:7] /bc GALERA ' The BOSS STRIKER ' NA FRENTE DO TEMPLO!! GOGO
[6/6/2017 9:20:49] /bc GALERA AREA DONATE LIBERADA ATÉ AS 17:00H!!
[6/6/2017 9:20:50] /bc GALERA AREA DONATE LIBERADA ATÉ AS 17:00H!!
[6/6/2017 9:20:55] /bc GALERA AREA DONATE LIBERADA ATÉ AS 17:00H!!
[6/6/2017 9:21:39] /bc GALERA AREA DONATE LIBERADA ATÉ AS 17:00H!!
[6/6/2017 9:26:22] /bc GALERA AREA DONATE LIBERADA ATÉ AS 17:00H!!
[6/6/2017 9:29:43] /bc GALERA AREA DONATE LIBERADA ATÉ AS 17:00H!!
[6/6/2017 9:30:10] /bc GALERA AREA DONATE LIBERADA ATÉ AS 17:00H!!
[6/6/2017 9:33:20] /bc GALERA AREA DONATE LIBERADA ATÉ AS 17:00H!!
[6/6/2017 9:34:21] /bc GALERA AREA DONATE LIBERADA ATÉ AS 17:00H!!
[6/6/2017 9:35:35] /bc GALERA AREA DONATE LIBERADA ATÉ AS 17:00H!!
[6/6/2017 9:35:59] /bc GALERA AREA DONATE LIBERADA ATÉ AS 17:00H!!
[6/6/2017 9:36:40] /bc GALERA AREA DONATE LIBERADA ATÉ AS 17:00H!!
[6/6/2017 9:38:30] /bc GALERA AREA DONATE LIBERADA ATÉ AS 17:00H!!
[6/6/2017 9:38:33] /bc GALERA AREA DONATE LIBERADA ATÉ AS 17:00H!!
[6/6/2017 9:38:34] /bc GALERA AREA DONATE LIBERADA ATÉ AS 17:00H!!
[6/6/2017 9:40:14] /bc GALERA AREA DONATE LIBERADA ATÉ AS 17:00H!!
[6/6/2017 9:43:43] /m the boss striker
[6/6/2017 9:43:59] /bc GALERA ' The BOSS STRIKER ' NA FRENTE DO TEMPLO!! GOGO
[6/6/2017 9:44:1] /bc GALERA ' The BOSS STRIKER ' NA FRENTE DO TEMPLO!! GOGO
[6/6/2017 9:44:13] /bc GALERA ' The BOSS STRIKER ' NA FRENTE DO TEMPLO!! GOGO
[6/6/2017 9:44:30] /bc GALERA ' The BOSS STRIKER ' NA FRENTE DO TEMPLO!! GOGO
[6/6/2017 9:44:31] /bc GALERA ' The BOSS STRIKER ' NA FRENTE DO TEMPLO!! GOGO
[6/6/2017 9:45:35] /bc GALERA ' The BOSS STRIKER ' NA FRENTE DO TEMPLO!! GOGO
[6/6/2017 9:46:0] /bc GALERA ' The BOSS STRIKER ' NA FRENTE DO TEMPLO!! GOGO
[6/6/2017 9:54:16] /bc GALERA AREA DONATE LIBERADA ATÉ 17:00H!!
[6/6/2017 9:56:9] /t
[6/6/2017 9:56:18] /bc GALERA AREA DONATE LIBERADA ATÉ 17:00H!!
[6/6/2017 10:1:56] /bc GALERA AREA DONATE LIBERADA ATÉ AS 17:00H!! 
[6/6/2017 10:1:59] /bc GALERA AREA DONATE LIBERADA ATÉ AS 17:00H!! 
[6/6/2017 10:3:6] /bc GALERA AREA DONATE LIBERADA ATÉ AS 17:00H!! 
[6/6/2017 11:8:20] /bc New record: 105 players are logged in.
[6/6/2017 11:8:21] /bc New record: 105 players are logged in.
[6/6/2017 11:8:30] /m the boss striker
[6/6/2017 11:8:48] /bc GALERA ' The BOSS STRIKER ' NA FRENTE DO TEMPLO!! GOGOGO
[6/6/2017 11:8:49] /bc GALERA ' The BOSS STRIKER ' NA FRENTE DO TEMPLO!! GOGOGO
[6/6/2017 11:9:1] /bc New record: 107 players are logged in.
[6/6/2017 11:9:10] /bc GALERA ' The BOSS STRIKER ' NA FRENTE DO TEMPLO!! GOGOGO
[6/6/2017 11:9:12] /bc GALERA ' The BOSS STRIKER ' NA FRENTE DO TEMPLO!! GOGOGO
[6/6/2017 11:11:1] /bc GALERA ' The BOSS STRIKER ' NA FRENTE DO TEMPLO!! GOGOGO
[6/6/2017 11:11:12] /m The BOSS STRIKER 
[6/6/2017 11:11:14] /bc GALERA ' The BOSS STRIKER ' NA FRENTE DO TEMPLO!! GOGOGO
[6/6/2017 11:11:15] /bc GALERA ' The BOSS STRIKER ' NA FRENTE DO TEMPLO!! GOGOGO
[6/6/2017 11:11:33] /bc New record: 108 players are logged in.
[6/6/2017 11:11:36] /bc New record: 108 players are logged in.
[6/6/2017 11:14:41] /bc New record: 109 players are logged in.
[6/6/2017 11:31:13] /bc New record: 110 players are logged in.
[6/6/2017 11:32:12] /t
[6/6/2017 11:32:39] /bc New record: 111 players are logged in.
[6/6/2017 11:33:30] /bc GALERA AREA DONATE LIBERADA ATÉ AS 17:00H!!
[6/6/2017 11:33:32] /bc GALERA AREA DONATE LIBERADA ATÉ AS 17:00H!!
[6/6/2017 11:33:47] /bc Eh Otroinha Carai GANHOU!
[6/6/2017 11:34:7] /bc GALERA AREA DONATE LIBERADA ATÉ AS 17:00H!!
[6/6/2017 11:35:6] /m The BOSS STRIKER
[6/6/2017 11:35:8] /bc GALERA ' The BOSS STRIKER ' NA FRENTE DO TEMPLO!! GOGOGO
[6/6/2017 11:35:10] /bc GALERA ' The BOSS STRIKER ' NA FRENTE DO TEMPLO!! GOGOGO
[6/6/2017 11:35:10] /bc GALERA ' The BOSS STRIKER ' NA FRENTE DO TEMPLO!! GOGOGO
[6/6/2017 11:35:13] /bc GALERA ' The BOSS STRIKER ' NA FRENTE DO TEMPLO!! GOGOGO
[6/6/2017 11:35:14] /bc GALERA ' The BOSS STRIKER ' NA FRENTE DO TEMPLO!! GOGOGO
[6/6/2017 11:35:22] /bc GALERA ' The BOSS STRIKER ' NA FRENTE DO TEMPLO!! GOGOGO
[6/6/2017 11:44:0] /bc GALERA AREA DONATE LIBERADA ATÉ AS 17:00H!!!!
[6/6/2017 11:44:1] /bc GALERA AREA DONATE LIBERADA ATÉ AS 17:00H!!!!
[6/6/2017 11:53:18] /bc New record: 115 players are logged in.
[6/6/2017 11:53:20] /bc New record: 115 players are logged in.
[6/6/2017 11:56:48] /bc GALERA AREA DONATE LIBERADA ATÉ AS 17:00H!!!!
[6/6/2017 11:56:49] /bc GALERA AREA DONATE LIBERADA ATÉ AS 17:00H!!!!
[6/6/2017 11:56:54] /bc GALERA AREA DONATE LIBERADA ATÉ AS 17:00H!!!!
[6/6/2017 12:2:16] /bc New record: 120 players are logged in.
[6/6/2017 12:2:16] /bc New record: 120 players are logged in.
[6/6/2017 12:2:17] /bc New record: 120 players are logged in.
[6/6/2017 12:3:54] /goto exe
[6/6/2017 12:4:13] /bc New record: 121 players are logged in.
[6/6/2017 12:4:14] /bc New record: 121 players are logged in.
[6/6/2017 12:4:14] /bc New record: 121 players are logged in.
[6/6/2017 12:5:38] /c Admin
[6/6/2017 12:8:36] /bc [AVISO] O Baiakinho foi invadida por Monstros, venha proteger a cidade!
[6/6/2017 12:8:38] /bc [AVISO] O Baiakinho foi invadida por Monstros, venha proteger a cidade!
[6/6/2017 12:8:55] /bc [AVISO] O Baiakinho foi invadida por Monstros, venha proteger a cidade!
[6/6/2017 12:8:58] /bc [AVISO] O Baiakinho foi invadida por Monstros, venha proteger a cidade!
[6/6/2017 12:9:13] /bc [AVISO] O Baiakinho foi invadida por Monstros, venha proteger a cidade!
[6/6/2017 12:9:21] /bc [AVISO] O Baiakinho foi invadida por Monstros, venha proteger a cidade!
[6/6/2017 12:10:7] /bc [AVISO] O Baiakinho foi invadida por Monstros, venha proteger a cidade!
[6/6/2017 12:10:9] /bc [AVISO] O Baiakinho foi invadida por Monstros, venha proteger a cidade!
[6/6/2017 12:10:43] /bc [AVISO] O Baiakinho foi invadida por Monstros, venha proteger a cidade!
[6/6/2017 12:12:3] /m the boss striker
[6/6/2017 12:12:15] /bc GALERA ' The BOSS STRIKER ' NA FRENTE DO TEMPLO!! GOGO
[6/6/2017 12:12:17] /bc GALERA ' The BOSS STRIKER ' NA FRENTE DO TEMPLO!! GOGO
[6/6/2017 12:12:26] /bc GALERA ' The BOSS STRIKER ' NA FRENTE DO TEMPLO!! GOGO
[6/6/2017 12:13:7] /bc GALERA ' The BOSS STRIKER ' NA FRENTE DO TEMPLO!! GOGO
[6/6/2017 12:13:8] /bc GALERA ' The BOSS STRIKER ' NA FRENTE DO TEMPLO!! GOGO
[6/6/2017 12:13:28] /bc New record: 124 players are logged in.
[6/6/2017 12:13:29] /bc New record: 124 players are logged in.
[6/6/2017 12:13:30] /bc New record: 124 players are logged in.
[6/6/2017 12:19:23] /bc GALERA AREA DONATE LIBERADA ATÉ AS 17:00H!!
[6/6/2017 12:19:24] /bc GALERA AREA DONATE LIBERADA ATÉ AS 17:00H!!
[6/6/2017 12:19:30] /bc GALERA AREA DONATE LIBERADA ATÉ AS 17:00H!!
[6/6/2017 12:19:40] /bc GALERA AREA DONATE LIBERADA ATÉ AS 17:00H!!
[6/6/2017 12:19:48] /bc GALERA AREA DONATE LIBERADA ATÉ AS 17:00H!!
[6/6/2017 12:20:0] /bc GALERA AREA DONATE LIBERADA ATÉ AS 17:00H!!
[6/6/2017 12:24:33] /bc New record: 127 players are logged in.
[6/6/2017 12:24:34] /bc New record: 127 players are logged in.
[6/6/2017 12:24:36] /bc New record: 127 players are logged in.
[6/6/2017 12:25:0] /bc New record: 127 players are logged in. 1 DIA ON > Uptime: 20 hours and 50 minutes.
[6/6/2017 12:25:3] /bc New record: 127 players are logged in. 1 DIA ON > Uptime: 20 hours and 50 minutes.
[6/6/2017 12:25:5] /bc New record: 127 players are logged in. 1 DIA ON > Uptime: 20 hours and 50 minutes.
[6/6/2017 12:25:7] /bc New record: 127 players are logged in. 1 DIA ON > Uptime: 20 hours and 50 minutes.
[6/6/2017 12:25:15] /bc New record: 127 players are logged in. 1 DIA ON > Uptime: 20 hours and 50 minutes.
[6/6/2017 12:25:51] /bc New record: 129 players are logged in.
[6/6/2017 12:25:52] /bc New record: 129 players are logged in.
[6/6/2017 12:25:52] /bc New record: 129 players are logged in.
[6/6/2017 12:25:54] /bc New record: 129 players are logged in.
[6/6/2017 12:26:10] /bc GALERA AREA DONATE LIBERADA ATÉ AS 17:00H!!
[6/6/2017 12:26:11] /bc GALERA AREA DONATE LIBERADA ATÉ AS 17:00H!!
[6/6/2017 12:26:15] /bc GALERA AREA DONATE LIBERADA ATÉ AS 17:00H!!
[6/6/2017 12:26:21] /goto admim
[6/6/2017 12:26:23] /goto admin
[6/6/2017 12:27:54] /bc GALERA AREA DONATE LIBERADA ATÉ AS 17:00H!!
[6/6/2017 12:36:39] /bc GALERA AREA DONATE LIBERADA ATÉ AS 17:00H!!
[6/6/2017 12:42:3] /bc GALERA AREA DONATE LIBERADA ATÉ AS 17:00H!!
[6/6/2017 12:42:5] /bc GALERA AREA DONATE LIBERADA ATÉ AS 17:00H!!
[6/6/2017 12:42:32] /m the boss striker
[6/6/2017 12:42:46] /bc GALERA ' The BOSS STRIKER ' NA FRENTE DO TEMPLO!! GOGOGO
[6/6/2017 12:42:47] /bc GALERA ' The BOSS STRIKER ' NA FRENTE DO TEMPLO!! GOGOGO
[6/6/2017 12:42:48] /bc GALERA ' The BOSS STRIKER ' NA FRENTE DO TEMPLO!! GOGOGO
[6/6/2017 12:43:46] /bc GALERA ' The BOSS STRIKER ' NA FRENTE DO TEMPLO!! GOGOGO
[6/6/2017 12:43:51] /bc GALERA ' The BOSS STRIKER ' NA FRENTE DO TEMPLO!! GOGOGO
[6/6/2017 12:46:11] /bc GALERA ' The BOSS STRIKER ' NA FRENTE DO TEMPLO!! GOGOGO
[6/6/2017 12:46:28] /m The BOSS STRIKER
[6/6/2017 12:46:33] /bc GALERA ' The BOSS STRIKER ' NA FRENTE DO TEMPLO!! GOGOGO
[6/6/2017 12:46:36] /bc GALERA ' The BOSS STRIKER ' NA FRENTE DO TEMPLO!! GOGOGO
[6/6/2017 12:46:37] /bc GALERA ' The BOSS STRIKER ' NA FRENTE DO TEMPLO!! GOGOGO
[6/6/2017 12:46:37] /bc GALERA ' The BOSS STRIKER ' NA FRENTE DO TEMPLO!! GOGOGO
[6/6/2017 12:46:38] /bc GALERA ' The BOSS STRIKER ' NA FRENTE DO TEMPLO!! GOGOGO
[6/6/2017 12:46:38] /bc GALERA ' The BOSS STRIKER ' NA FRENTE DO TEMPLO!! GOGOGO
[6/6/2017 12:50:30] /bc GALERA ' The BOSS STRIKER ' NA FRENTE DO TEMPLO!! GOGOGO
[6/6/2017 12:50:46] /bc GALERA ' Finger Killer ' NA FRENTE DO TEMPLO!! GOGOGO
[6/6/2017 12:50:49] /bc GALERA ' Finger Killer ' NA FRENTE DO TEMPLO!! GOGOGO
[6/6/2017 12:50:50] /bc GALERA ' Finger Killer ' NA FRENTE DO TEMPLO!! GOGOGO
[6/6/2017 12:51:1] /bc GALERA ' Finger Killer ' NA FRENTE DO TEMPLO!! GOGOGO
[6/6/2017 12:51:2] /bc GALERA ' Finger Killer ' NA FRENTE DO TEMPLO!! GOGOGO
[6/6/2017 12:58:0] /t
[6/6/2017 13:2:1] /bc New record: 131 players are logged in.
[6/6/2017 13:2:3] /bc New record: 131 players are logged in.
[6/6/2017 13:2:14] /bc New record: 131 players are logged in.
[6/6/2017 13:7:58] /bc New record: 138 players are logged in.
[6/6/2017 13:7:59] /bc New record: 138 players are logged in.
[6/6/2017 13:8:0] /bc New record: 138 players are logged in.
[6/6/2017 13:8:12] /bc New record: 139 players are logged in.
[6/6/2017 13:8:53] /bc GALERA AREA DONATE LIBERADA ATÉ AS 17:00H!!!
[6/6/2017 13:8:54] /bc GALERA AREA DONATE LIBERADA ATÉ AS 17:00H!!!
[6/6/2017 13:8:56] /bc GALERA AREA DONATE LIBERADA ATÉ AS 17:00H!!!
[6/6/2017 13:9:1] /bc GALERA AREA DONATE LIBERADA ATÉ AS 17:00H!!!
[6/6/2017 13:9:9] /bc GALERA AREA DONATE LIBERADA ATÉ AS 17:00H!!!
[6/6/2017 13:10:53] /bc GALERA AREA DONATE LIBERADA ATÉ AS 17:00H!!!
[6/6/2017 13:12:37] /bc GALERA AREA DONATE LIBERADA ATÉ AS 17:00H!!!
[6/6/2017 13:16:8] /bc New record: 141 players are logged in.
[6/6/2017 13:16:9] /bc New record: 141 players are logged in.
[6/6/2017 13:16:17] /b the boss striker
[6/6/2017 13:16:27] /m the boss striker
[6/6/2017 13:16:55] /bc GALERA The BOSS STRIKER NA FRENTE DO TEMPLO!! GOGO
[6/6/2017 13:16:56] /bc GALERA The BOSS STRIKER NA FRENTE DO TEMPLO!! GOGO
[6/6/2017 13:17:15] /bc GALERA The BOSS STRIKER NA FRENTE DO TEMPLO!! GOGO
[6/6/2017 13:19:59] /bc New record: 143 players are logged in.
[6/6/2017 13:20:1] /bc New record: 143 players are logged in.
[6/6/2017 13:20:43] /bc GALERA AREA DONATE LIBERADA ATE AS 17:00H!!!
[6/6/2017 13:20:47] /bc GALERA AREA DONATE LIBERADA ATE AS 17:00H!!!
[6/6/2017 13:20:50] /bc GALERA AREA DONATE LIBERADA ATE AS 17:00H!!!
[6/6/2017 13:20:59] /bc New record: 144 players are logged in.
[6/6/2017 13:21:6] /bc GALERA AREA DONATE LIBERADA ATE AS 17:00H!!!
[6/6/2017 13:21:31] /bc New record: 145 players are logged in.
[6/6/2017 13:21:55] /bc GALERA AREA DONATE LIBERADA ATE AS 17:00H!!!
[6/6/2017 13:27:16] /bc GALERA AREA DONATE LIBERADA ATE AS 17:00H!!!
[6/6/2017 13:27:19] /bc GALERA AREA DONATE LIBERADA ATE AS 17:00H!!!
[6/6/2017 13:27:20] /bc GALERA AREA DONATE LIBERADA ATE AS 17:00H!!!
[6/6/2017 13:27:26] /bc GALERA AREA DONATE LIBERADA ATE AS 17:00H!!!
[6/6/2017 13:27:37] /bc GALERA AREA DONATE LIBERADA ATE AS 17:00H!!!
[6/6/2017 13:29:32] /bc GALERA AREA DONATE LIBERADA ATE AS 17:00H!!!
[6/6/2017 13:31:6] /bc GALERA AREA DONATE LIBERADA ATE AS 17:00H!!!
[6/6/2017 13:33:27] /bc GALERA AREA DONATE LIBERADA ATE AS 17:00H!!!
[6/6/2017 13:38:39] /bc GALERA AREA DONATE LIBERADA ATE AS 17:00H!!!
[6/6/2017 13:42:11] /bc GALERA AREA DONATE LIBERADA ATE AS 17:00H!!!
[6/6/2017 13:45:24] /bc New record: 148 players are logged in.
[6/6/2017 13:45:37] /bc GALERA AREA DONATE LIBERADA ATE AS 17:00H!!!
[6/6/2017 13:48:32] /bc New record: 149 players are logged in.
[6/6/2017 13:48:33] /bc New record: 149 players are logged in.
[6/6/2017 13:49:12] /bc GALERA AREA DONATE LIBERADA ATE AS 17:00H!!!
[6/6/2017 13:51:39] /bc New record: 151 players are logged in.
[6/6/2017 13:51:40] /bc New record: 151 players are logged in.
[6/6/2017 13:51:41] /bc New record: 151 players are logged in.
[6/6/2017 13:51:56] /bc New record: 152 players are logged in.
[6/6/2017 13:52:40] /b GALERA 1 DIA ONLINE!!! 13:52 New record: 153 players are logged in. << Uptime: 22 hours and 17 minutes.
[6/6/2017 13:52:44] /b GALERA 1 DIA ONLINE!!! 13:52 New record: 153 players are logged in. << Uptime: 22 hours and 17 minutes.
[6/6/2017 13:52:49] /b GALERA 1 DIA ONLINE!!! 13:52 New record: 153 players are logged in. << Uptime: 22 hours and 17 minutes.
[6/6/2017 13:54:9] /b GALERA 1 DIA ONLINE!!! 13:52 New record: 153 players are logged in. << Uptime: 22 hours and 17 minutes.
[6/6/2017 13:54:10] /b GALERA 1 DIA ONLINE!!! 13:52 New record: 153 players are logged in. << Uptime: 22 hours and 17 minutes.
[6/6/2017 13:54:28] /bc GALERA AREA DONATE LIBERADA ATE AS 17:00H!!!
[6/6/2017 13:54:34] /bc GALERA AREA DONATE LIBERADA ATE AS 17:00H!!!
[6/6/2017 13:57:18] /t
[6/6/2017 13:57:38] /m the boss striker
[6/6/2017 13:58:3] /b GALERA ' The BOSS STRIKER ' NA FRENTE DO TEMPLO!! GOGO
[6/6/2017 13:58:4] /b GALERA ' The BOSS STRIKER ' NA FRENTE DO TEMPLO!! GOGO
[6/6/2017 13:58:6] /b GALERA ' The BOSS STRIKER ' NA FRENTE DO TEMPLO!! GOGOGO
[6/6/2017 13:58:11] /b GALERA ' The BOSS STRIKER ' NA FRENTE DO TEMPLO!! GOGOGO
[6/6/2017 13:59:1] /b GALERA ' The BOSS STRIKER ' NA FRENTE DO TEMPLO!! GOGOGO
[6/6/2017 13:59:15] /r
[6/6/2017 13:59:46] /r
[6/6/2017 14:0:8] /b GALERA ' The BOSS STRIKER ' NA FRENTE DO TEMPLO!! GOGOGO
[6/6/2017 14:0:21] /bc GALERA ' The BOSS STRIKER ' NA FRENTE DO TEMPLO!! GOGOGO
[6/6/2017 14:0:47] /m The BOSS STRIKER
[6/6/2017 14:1:5] /r
[6/6/2017 14:1:8] /r
[6/6/2017 14:1:18] /r
[6/6/2017 14:1:33] /bc GALERA ' The BOSS STRIKER ' NA FRENTE DO TEMPLO!! GOGOGO
[6/6/2017 14:1:49] /i 11437
[6/6/2017 14:2:1] /i 11442
[6/6/2017 14:2:3] /i 11442
[6/6/2017 14:2:14] /b GALERA ' The BOSS STRIKER ' NA FRENTE DO TEMPLO!! GOGOGO
[6/6/2017 14:2:19] /b GALERA ' The BOSS STRIKER ' NA FRENTE DO TEMPLO!! GOGOGO
[6/6/2017 14:10:42] /bc GALERA AREA DONATE LIBERADA ATE AS 17:00H!!!
[6/6/2017 14:10:58] /bc GALERA AREA DONATE LIBERADA ATE AS 17:00H!!!
[6/6/2017 14:11:38] /bc GALERA AREA DONATE LIBERADA ATE AS 17:00H!!!
[6/6/2017 14:14:56] /c dsakoewql
[6/6/2017 14:15:48] /ghost
[6/6/2017 14:16:27] /ghost
[6/6/2017 14:17:55] /r
[6/6/2017 14:17:57] /r
[6/6/2017 14:17:58] /r
[6/6/2017 14:17:59] /r
[6/6/2017 14:18:0] /r
[6/6/2017 14:18:5] /r
[6/6/2017 14:23:10] /r
[6/6/2017 14:23:15] /r
[6/6/2017 14:23:18] /r
[6/6/2017 14:23:23] /r
[6/6/2017 14:23:31] /r
[6/6/2017 14:23:33] /r
[6/6/2017 14:23:35] /r
[6/6/2017 14:23:36] /r
[6/6/2017 14:23:36] /r
[6/6/2017 14:23:37] /r
[6/6/2017 14:23:37] /r
[6/6/2017 14:23:38] /r
[6/6/2017 14:23:38] /r
[6/6/2017 14:23:39] /r
[6/6/2017 14:23:39] /r
[6/6/2017 14:23:40] /r
[6/6/2017 14:23:57] /r
[6/6/2017 14:24:3] /r
[6/6/2017 14:24:4] /r
[6/6/2017 14:24:4] /r
[6/6/2017 14:24:5] /r
[6/6/2017 14:24:5] /r
[6/6/2017 14:24:5] /r
[6/6/2017 14:24:6] /r
[6/6/2017 14:24:6] /r
[6/6/2017 14:24:7] /r
[6/6/2017 14:24:7] /r
[6/6/2017 14:24:7] /r
[6/6/2017 14:24:9] /r
[6/6/2017 14:24:10] /r
[6/6/2017 14:24:10] /r
[6/6/2017 14:24:10] /r
[6/6/2017 14:24:25] /r
[6/6/2017 14:24:25] /r
[6/6/2017 14:24:26] /r
[6/6/2017 14:24:26] /r
[6/6/2017 14:24:26] /r
[6/6/2017 14:24:27] /r
[6/6/2017 14:24:27] /r
[6/6/2017 14:24:28] /r
[6/6/2017 14:24:28] /r
[6/6/2017 14:24:28] /r
[6/6/2017 14:24:29] /r
[6/6/2017 14:24:29] /r
[6/6/2017 14:24:30] /r
[6/6/2017 14:24:30] /r
[6/6/2017 14:24:31] /r
[6/6/2017 14:24:31] /r
[6/6/2017 14:24:31] /r
[6/6/2017 14:32:24] /bc GALERA AREA DONATE LIBERADA ATÉ AS 17:00H!!
[6/6/2017 14:34:2] /bc GALERA AREA DONATE LIBERADA ATÉ AS 17:00H!!
[6/6/2017 14:34:36] /c admin
[6/6/2017 14:35:48] /bc GALERA AREA DONATE LIBERADA ATÉ AS 17:00H!!
[6/6/2017 14:37:8] /r
[6/6/2017 14:37:11] /r
[6/6/2017 14:37:14] /r
[6/6/2017 14:37:43] /b GALERA AREA DONATE LIBERADA ATE AS 17:00H!!
[6/6/2017 14:37:46] /b GALERA AREA DONATE LIBERADA ATE AS 17:00H!!
[6/6/2017 14:37:47] /b GALERA AREA DONATE LIBERADA ATE AS 17:00H!!
[6/6/2017 14:37:50] /b GALERA AREA DONATE LIBERADA ATE AS 17:00H!!
[6/6/2017 14:38:3] /b GALERA AREA DONATE LIBERADA ATE AS 17:00H!!
[6/6/2017 14:38:7] /b GALERA AREA DONATE LIBERADA ATE AS 17:00H!!
[6/6/2017 14:38:11] /ghost
[6/6/2017 14:38:44] /ghost
[6/6/2017 14:38:57] /b GALERA AREA DONATE LIBERADA ATE AS 17:00H!!
[6/6/2017 14:39:18] /b GALERA AREA DONATE LIBERADA ATE AS 17:00H!!
[6/6/2017 14:40:28] /b GALERA AREA DONATE LIBERADA ATE AS 17:00H!!
[6/6/2017 14:40:55] /b GALERA AREA DONATE LIBERADA ATE AS 17:00H!!
[6/6/2017 14:44:24] /b GALERA AREA DONATE LIBERADA ATE AS 17:00H!!
[6/6/2017 14:44:25] /b GALERA AREA DONATE LIBERADA ATE AS 17:00H!!
[6/6/2017 14:44:26] /b GALERA AREA DONATE LIBERADA ATE AS 17:00H!!
[6/6/2017 14:50:45] /b GALERA AREA DONATE LIBERADA ATE AS 17:00H!!
[6/6/2017 14:53:26] /m the boss striker
[6/6/2017 14:53:43] /bc GALERA ' The BOSS STRIKER ' NA FRENTE DO TEMPLO!! GOGO
[6/6/2017 14:53:44] /bc GALERA ' The BOSS STRIKER ' NA FRENTE DO TEMPLO!! GOGO
[6/6/2017 14:53:46] /bc GALERA ' The BOSS STRIKER ' NA FRENTE DO TEMPLO!! GOGO
[6/6/2017 14:53:58] /bc GALERA ' The BOSS STRIKER ' NA FRENTE DO TEMPLO!! GOGO
[6/6/2017 14:53:59] /bc GALERA ' The BOSS STRIKER ' NA FRENTE DO TEMPLO!! GOGO
[6/6/2017 14:54:8] /bc GALERA ' The BOSS STRIKER ' NA FRENTE DO TEMPLO!! GOGO
[6/6/2017 14:54:10] /bc GALERA ' The BOSS STRIKER ' NA FRENTE DO TEMPLO!! GOGO
[6/6/2017 14:54:10] /bc GALERA ' The BOSS STRIKER ' NA FRENTE DO TEMPLO!! GOGO
[6/6/2017 14:54:23] /bc GALERA ' The BOSS STRIKER ' NA FRENTE DO TEMPLO!! GOGO
[6/6/2017 14:54:30] /bc GALERA ' The BOSS STRIKER ' NA FRENTE DO TEMPLO!! GOGO
[6/6/2017 14:54:31] /bc GALERA ' The BOSS STRIKER ' NA FRENTE DO TEMPLO!! GOGO
[6/6/2017 14:54:36] /bc GALERA ' The BOSS STRIKER ' NA FRENTE DO TEMPLO!! GOGO
[6/6/2017 14:54:38] /bc GALERA ' The BOSS STRIKER ' NA FRENTE DO TEMPLO!! GOGO
[6/6/2017 15:8:22] /bc GALERA ' The BOSS STRIKER ' NA FRENTE DO TEMPLO!! GOGO
[6/6/2017 15:8:23] /bc GALERA ' The BOSS STRIKER ' NA FRENTE DO TEMPLO!! GOGO
[6/6/2017 15:8:23] /bc GALERA ' The BOSS STRIKER ' NA FRENTE DO TEMPLO!! GOGO
[6/6/2017 15:8:24] /bc GALERA ' The BOSS STRIKER ' NA FRENTE DO TEMPLO!! GOGO
[6/6/2017 15:8:29] /m the boss striker
[6/6/2017 15:8:33] /bc GALERA ' The BOSS STRIKER ' NA FRENTE DO TEMPLO!! GOGO
[6/6/2017 15:9:5] /bc GALERA ' The BOSS STRIKER ' NA FRENTE DO TEMPLO!! GOGO
[6/6/2017 15:9:10] /bc GALERA ' The BOSS STRIKER ' NA FRENTE DO TEMPLO!! GOGO
[6/6/2017 15:9:20] /bc GALERA ' The BOSS STRIKER ' NA FRENTE DO TEMPLO!! GOGO
[6/6/2017 15:9:28] /bc GALERA ' The BOSS STRIKER ' NA FRENTE DO TEMPLO!! GOGO
[6/6/2017 15:15:40] /bc GALERA AREA DONATE LIBERADA ATÉ AS 17:00H!!
[6/6/2017 15:22:4] /bc GALERA AREA DONATE LIBERADA ATÉ AS 17:00H!!
[6/6/2017 15:25:38] /bc GALERA AREA DONATE LIBERADA ATÉ AS 17:00H!!
[6/6/2017 15:26:18] /bc GALERA AREA DONATE LIBERADA ATÉ AS 17:00H!!
[6/6/2017 15:33:42] /bc GALERA AREA DONATE LIBERADA ATÉ AS 17:00H!!
[6/6/2017 15:37:5] /bc GALERA AREA DONATE LIBERADA ATÉ AS 17:00HORA!!
[6/6/2017 15:37:9] /bc GALERA AREA DONATE LIBERADA ATÉ AS 17:00HORA!!
[6/6/2017 15:37:26] /bc GALERA AREA DONATE LIBERADA ATÉ AS 17:00HORA!!
[6/6/2017 15:37:55] /bc [AVISO] O Baiakinho foi invadida por Monstros, venha proteger a cidade!
[6/6/2017 15:37:56] /bc [AVISO] O Baiakinho foi invadida por Monstros, venha proteger a cidade!
[6/6/2017 15:37:56] /t
[6/6/2017 15:38:3] /bc [AVISO] O Baiakinho foi invadida por Monstros, venha proteger a cidade!
[6/6/2017 15:38:14] /t
[6/6/2017 15:38:16] /bc [AVISO] O Baiakinho foi invadida por Monstros, venha proteger a cidade!
[6/6/2017 15:38:17] /bc [AVISO] O Baiakinho foi invadida por Monstros, venha proteger a cidade!
[6/6/2017 15:40:27] /bc [AVISO] O Baiakinho foi invadida por Monstros, venha proteger a cidade!
[6/6/2017 15:40:35] /bc [AVISO] O Baiakinho foi invadida por Monstros, venha proteger a cidade!
[6/6/2017 15:40:37] /bc [AVISO] O Baiakinho foi invadida por Monstros, venha proteger a cidade!
[6/6/2017 15:44:28] /bc [AVISO] O Baiakinho foi invadida por Monstros, venha proteger a cidade!
[6/6/2017 15:46:16] /bc [AVISO] O Baiakinho foi invadida por Monstros, venha proteger a cidade!
[6/6/2017 15:46:39] /m the boss striker
[6/6/2017 15:48:27] /bc [AVISO] O Baiakinho foi invadida por Monstros, venha proteger a cidade!
[6/6/2017 15:50:0] /bc GALERA AREA DONATE LIBERADA ATE AS 17:00HORA!!
[6/6/2017 15:50:2] /bc GALERA AREA DONATE LIBERADA ATE AS 17:00HORA!!
[6/6/2017 15:50:3] /bc GALERA AREA DONATE LIBERADA ATE AS 17:00HORA!!
[6/6/2017 15:50:4] /bc GALERA AREA DONATE LIBERADA ATE AS 17:00HORA!!
[6/6/2017 15:50:8] /bc GALERA AREA DONATE LIBERADA ATE AS 17:00HORA!!
[6/6/2017 15:55:15] /bc GALERA AREA DONATE LIBERADA ATÉ AS 17:00H!!
[6/6/2017 15:55:28] /bc GALERA AREA DONATE LIBERADA ATÉ AS 17:00H!!
[6/6/2017 15:58:23] /bc GALERA AREA DONATE LIBERADA ATÉ AS 17:00H!!
[6/6/2017 16:40:4] /m the boss striker
[6/6/2017 16:40:25] /bc GALERA ' The BOSS STRIKER ' NA FRENTE DO TEMPLO!!! GOGO
[6/6/2017 16:40:26] /bc GALERA ' The BOSS STRIKER ' NA FRENTE DO TEMPLO!!! GOGO
[6/6/2017 16:40:27] /bc GALERA ' The BOSS STRIKER ' NA FRENTE DO TEMPLO!!! GOGO
[6/6/2017 16:40:30] /bc GALERA ' The BOSS STRIKER ' NA FRENTE DO TEMPLO!!! GOGO
[6/6/2017 16:40:38] /bc New record: 157 players are logged in.
[6/6/2017 16:41:42] /bc GALERA ' The BOSS STRIKER ' NA FRENTE DO TEMPLO!!! GOGO
[6/6/2017 16:41:43] /bc GALERA ' The BOSS STRIKER ' NA FRENTE DO TEMPLO!!! GOGO
[6/6/2017 16:42:4] /bc GALERA ' The BOSS STRIKER ' NA FRENTE DO TEMPLO!!! GOGO
[6/6/2017 16:42:48] /bc GALERA ' The BOSS STRIKER ' NA FRENTE DO TEMPLO!!! GOGO
[6/6/2017 16:43:8] /bc GALERA ' The BOSS STRIKER ' NA FRENTE DO TEMPLO!!! GOGO
[6/6/2017 16:43:24] /bc GALERA ' The BOSS STRIKER ' NA FRENTE DO TEMPLO!!! GOGO
[6/6/2017 16:43:35] /m the boss striker
[6/6/2017 16:43:42] /bc GALERA ' The BOSS STRIKER ' NA FRENTE DO TEMPLO!!! GOGO
[6/6/2017 16:44:11] /bc GALERA ' The BOSS STRIKER ' NA FRENTE DO TEMPLO!!! GOGO
[6/6/2017 16:44:13] /bc GALERA ' The BOSS STRIKER ' NA FRENTE DO TEMPLO!!! GOGO
[6/6/2017 16:44:14] /bc GALERA ' The BOSS STRIKER ' NA FRENTE DO TEMPLO!!! GOGO
[6/6/2017 16:49:29] /i new mage staff
[6/6/2017 16:49:30] /i new mage staff
[6/6/2017 16:49:38] /c Ze Pinguelo
[6/6/2017 16:49:48] /i cave exclusiva
[6/6/2017 16:49:49] /i cave exclusiva
[6/6/2017 16:49:56] /t
[6/6/2017 16:50:13] /bc New record: 159 players are logged in.
[6/6/2017 17:12:8] /i 1229
[6/6/2017 17:12:9] /i 1229
[6/6/2017 17:12:10] /i 1229
[6/6/2017 17:12:21] /attr action 13615
[6/6/2017 17:12:30] /attr action 13615
[6/6/2017 17:12:32] /attr action 13615
[6/6/2017 17:12:37] /a 2
[6/6/2017 17:13:3] /a 2
[6/6/2017 17:16:29] /t
[6/6/2017 17:20:1] /bc [AVISO] O Baiakinho foi invadida por Monstros, venha proteger a cidade!
[6/6/2017 17:20:1] /t
[6/6/2017 17:20:8] /bc [AVISO] O Baiakinho foi invadida por Monstros, venha proteger a cidade!
[6/6/2017 17:20:26] /bc [AVISO] O Baiakinho foi invadida por Monstros, venha proteger a cidade!
[6/6/2017 17:20:41] /bc [AVISO] O Baiakinho foi invadida por Monstros, venha proteger a cidade!
[6/6/2017 17:21:3] /bc [AVISO] O Baiakinho foi invadida por Monstros, venha proteger a cidade!
[6/6/2017 17:21:21] /i 10428
[6/6/2017 17:21:23] /i 10428
[6/6/2017 17:21:25] /i 10428
[6/6/2017 17:21:32] /bc [AVISO] O Baiakinho foi invadida por Monstros, venha proteger a cidade!
[6/6/2017 17:22:14] /bc [AVISO] O Baiakinho foi invadida por Monstros, venha proteger a cidade!
[6/6/2017 17:22:20] /bc [AVISO] O Baiakinho foi invadida por Monstros, venha proteger a cidade!
[6/6/2017 17:22:49] /bc [AVISO] O Baiakinho foi invadida por Monstros, venha proteger a cidade!
[6/6/2017 17:23:7] /m the boss striker
[6/6/2017 17:23:12] /bc [AVISO] O Baiakinho foi invadida por Monstros, venha proteger a cidade!
[6/6/2017 17:23:34] /bc [AVISO] O Baiakinho foi invadida por Monstros, venha proteger a cidade!
[6/6/2017 17:23:55] /bc [AVISO] O Baiakinho foi invadida por Monstros, venha proteger a cidade!
[6/6/2017 17:40:24] /m addon doll
[6/6/2017 19:14:8] /m THE BOSS STRIKER
[6/6/2017 19:14:29] /bc GALERA ' The BOSS STRIKER ' NA FRENTE DO TEMPLO!!!! GOGOGO
[6/6/2017 19:14:30] /bc GALERA ' The BOSS STRIKER ' NA FRENTE DO TEMPLO!!!! GOGOGO
[6/6/2017 19:14:31] /bc GALERA ' The BOSS STRIKER ' NA FRENTE DO TEMPLO!!!! GOGOGO
[6/6/2017 19:14:33] /bc GALERA ' The BOSS STRIKER ' NA FRENTE DO TEMPLO!!!! GOGOGO
[6/6/2017 19:15:5] /bc GALERA ' The BOSS STRIKER ' NA FRENTE DO TEMPLO!!!! GOGOGO
[6/6/2017 19:15:13] /bc GALERA ' The BOSS STRIKER ' NA FRENTE DO TEMPLO!!!! GOGOGO
[6/6/2017 19:15:26] /bc GALERA ' The BOSS STRIKER ' NA FRENTE DO TEMPLO!!!! GOGOGO
[6/6/2017 19:16:18] /bc GALERA ' The BOSS STRIKER ' NA FRENTE DO TEMPLO!!!! GOGOGO
[6/6/2017 19:16:32] /bc GALERA ' The BOSS STRIKER ' NA FRENTE DO TEMPLO!!!! GOGOGO
[6/6/2017 19:16:38] /m THE BOSS STRIKER
[6/6/2017 19:16:40] /bc GALERA ' The BOSS STRIKER ' NA FRENTE DO TEMPLO!!!! GOGOGO
[6/6/2017 19:16:41] /bc GALERA ' The BOSS STRIKER ' NA FRENTE DO TEMPLO!!!! GOGOGO
[6/6/2017 19:16:41] /bc GALERA ' The BOSS STRIKER ' NA FRENTE DO TEMPLO!!!! GOGOGO
[6/6/2017 19:19:37] /bc New record: 183 players are logged in.
[6/6/2017 19:19:39] /bc New record: 183 players are logged in.
[6/6/2017 19:19:40] /bc New record: 183 players are logged in.
[6/6/2017 19:20:14] /b BOAA NOITEE!!
[6/6/2017 19:20:15] /b BOAA NOITEE!!
[6/6/2017 19:45:16] /b 200 on LIBERO AREA DONATE POR 1 DIA!!
[6/6/2017 19:45:18] /b 200 on LIBERO AREA DONATE POR 1 DIA!!
[6/6/2017 19:45:22] /b 200 on LIBERO AREA DONATE POR 1 DIA!!
[6/6/2017 19:45:52] /bc [AVISO] O Baiakinho foi invadida por Monstros, venha proteger a cidade!
[6/6/2017 19:45:53] /bc [AVISO] O Baiakinho foi invadida por Monstros, venha proteger a cidade!
[6/6/2017 19:45:54] /bc [AVISO] O Baiakinho foi invadida por Monstros, venha proteger a cidade!
[6/6/2017 19:46:7] /bc [AVISO] O Baiakinho foi invadida por Monstros, venha proteger a cidade!
[6/6/2017 19:46:8] /bc [AVISO] O Baiakinho foi invadida por Monstros, venha proteger a cidade!
[6/6/2017 19:46:23] /bc [AVISO] O Baiakinho foi invadida por Monstros, venha proteger a cidade!
[6/6/2017 19:46:25] /bc [AVISO] O Baiakinho foi invadida por Monstros, venha proteger a cidade!
[6/6/2017 19:46:26] /bc [AVISO] O Baiakinho foi invadida por Monstros, venha proteger a cidade!
[6/6/2017 19:46:26] /bc [AVISO] O Baiakinho foi invadida por Monstros, venha proteger a cidade!
[6/6/2017 19:47:26] /bc [AVISO] O Baiakinho foi invadida por Monstros, venha proteger a cidade!
[6/6/2017 19:47:28] /bc [AVISO] O Baiakinho foi invadida por Monstros, venha proteger a cidade!
[6/6/2017 19:51:11] /bc 200 ON LIBERO AREA DONATE POR 1 DIA!!
[6/6/2017 19:51:12] /bc 200 ON LIBERO AREA DONATE POR 1 DIA!!
[6/6/2017 19:52:5] /i wand of baiak
[6/6/2017 19:52:15] /c prohibited style
[6/6/2017 19:52:25] /i wand of baiak
[6/6/2017 19:52:37] /t
[6/6/2017 19:53:2] /bc 200 ON LIBERO AREA DONATE POR 1 DIA!!
[6/6/2017 19:55:6] /goto Satan is sad
[6/6/2017 20:21:35] /m the boss striker
[6/6/2017 20:21:54] /bc GALERA ' The BOSS STRIKER ' NA FRENTE DO TEMPLO!! GOGOGO
[6/6/2017 20:21:54] /bc GALERA ' The BOSS STRIKER ' NA FRENTE DO TEMPLO!! GOGOGO
[6/6/2017 20:21:55] /bc GALERA ' The BOSS STRIKER ' NA FRENTE DO TEMPLO!! GOGOGO
[6/6/2017 21:25:18] /bc New record: 190 players are logged in.
[6/6/2017 21:25:22] /bc New record: 190 players are logged in.
[6/6/2017 21:25:28] /bc New record: 190 players are logged in.
[6/6/2017 21:28:11] /bc New record: 194 players are logged in.
[6/6/2017 21:28:12] /bc New record: 194 players are logged in.
[6/6/2017 21:28:13] /bc New record: 194 players are logged in.
[6/6/2017 21:39:7] /bc [AVISO] O Baiakinho foi invadida por Monstros, venha proteger a cidade!
[6/6/2017 21:39:8] /bc [AVISO] O Baiakinho foi invadida por Monstros, venha proteger a cidade!
[6/6/2017 21:43:11] /bc [AVISO] O Baiakinho foi invadida por Monstros, venha proteger a cidade!
[6/6/2017 21:43:14] /bc [AVISO] O Baiakinho foi invadida por Monstros, venha proteger a cidade!
[6/6/2017 21:43:16] /bc [AVISO] O Baiakinho foi invadida por Monstros, venha proteger a cidade!
[6/6/2017 21:43:18] /bc [AVISO] O Baiakinho foi invadida por Monstros, venha proteger a cidade!
[6/6/2017 21:43:29] /m Finger Killer
[6/6/2017 21:43:33] /m Finger Killer
[6/6/2017 21:43:35] /bc [AVISO] O Baiakinho foi invadida por Monstros, venha proteger a cidade!
[6/6/2017 21:43:36] /bc [AVISO] O Baiakinho foi invadida por Monstros, venha proteger a cidade!
[6/6/2017 21:45:13] /i 11442
[6/6/2017 21:45:19] /i 10492
[6/6/2017 21:48:37] /bc [AVISO] O Baiakinho foi invadida por Monstros, venha proteger a cidade!
[6/6/2017 21:48:38] /bc [AVISO] O Baiakinho foi invadida por Monstros, venha proteger a cidade!
[6/6/2017 21:48:39] /bc [AVISO] O Baiakinho foi invadida por Monstros, venha proteger a cidade!
[6/6/2017 21:48:49] /bc [AVISO] O Baiakinho foi invadida por Monstros, venha proteger a cidade!
[6/6/2017 21:48:55] /bc [AVISO] O Baiakinho foi invadida por Monstros, venha proteger a cidade!
[6/6/2017 21:49:2] /t
[6/6/2017 21:50:44] /bc [AVISO] O Baiakinho foi invadida por Monstros, venha proteger a cidade!
[6/6/2017 21:50:49] /bc [AVISO] O Baiakinho foi invadida por Monstros, venha proteger a cidade!
[6/6/2017 22:8:58] /m the boss striker
[6/6/2017 22:9:14] /bc GALERA ' The BOSS STRIKER ' NA FRENTE DO TEMPLO!! GOGO
[6/6/2017 22:9:15] /bc GALERA ' The BOSS STRIKER ' NA FRENTE DO TEMPLO!! GOGO
[6/6/2017 22:9:16] /bc GALERA ' The BOSS STRIKER ' NA FRENTE DO TEMPLO!! GOGO
[6/6/2017 22:9:36] /bc GALERA ' The BOSS STRIKER ' NA FRENTE DO TEMPLO!! GOGO
[6/6/2017 22:10:18] /bc GALERA ' The BOSS STRIKER ' NA FRENTE DO TEMPLO!! GOGO
[6/6/2017 22:11:59] /bc GALERA ' The BOSS STRIKER ' NA FRENTE DO TEMPLO!! GOGO
[6/6/2017 22:12:20] /m the boss striker
[6/6/2017 22:12:24] /bc GALERA ' The BOSS STRIKER ' NA FRENTE DO TEMPLO!! GOGO
[6/6/2017 22:12:30] /bc GALERA ' The BOSS STRIKER ' NA FRENTE DO TEMPLO!! GOGO
[6/6/2017 22:12:33] /bc GALERA ' The BOSS STRIKER ' NA FRENTE DO TEMPLO!! GOGO
[6/6/2017 22:13:19] /bc GALERA ' The BOSS STRIKER ' NA FRENTE DO TEMPLO!! GOGO
[6/6/2017 22:16:43] /t
[6/6/2017 22:23:18] /bc New record: 195 players are logged in.
[6/6/2017 22:23:21] /bc New record: 195 players are logged in.
[6/6/2017 22:23:22] /bc New record: 195 players are logged in.
[6/6/2017 22:23:36] /b GALERA 200 ONLINE!! AREA DONATE LIBERADA POR 24HORAS
[6/6/2017 22:23:40] /b GALERA 200 ONLINE!! AREA DONATE LIBERADA POR 24HORAS
[6/6/2017 22:23:42] /b GALERA 200 ONLINE!! AREA DONATE LIBERADA POR 24HORAS
[6/6/2017 22:23:57] /b GALERA 200 ONLINE!! AREA DONATE LIBERADA POR 24HORAS
[6/6/2017 22:24:33] /b GALERA 200 ONLINE!! AREA DONATE LIBERADA POR 24HORAS
[6/6/2017 22:25:4] /b GALERA 200 ONLINE!! AREA DONATE LIBERADA POR 24HORAS 22:24 191 players online:
[6/6/2017 22:25:6] /b GALERA 200 ONLINE!! AREA DONATE LIBERADA POR 24HORAS 22:24 191 players online:
[6/6/2017 22:26:58] /b GALERA 200 ONLINE!! AREA DONATE LIBERADA POR 24HORAS 22:24 191 players online:
[6/6/2017 22:27:18] /bc New record: 196 players are logged in.
[6/6/2017 22:27:52] /c tulin
[6/6/2017 22:28:2] /i addon doll
[6/6/2017 22:28:3] /i addon doll
[6/6/2017 22:28:10] /i cave exclusiva
[6/6/2017 22:28:11] /i cave exclusiva
[6/6/2017 22:28:21] /t
[6/6/2017 22:29:6] /b GALERA 200 ONLINE VO LIBERA AREA DONATE!!
[6/6/2017 22:29:16] /b GALERA 200 ONLINE VO LIBERA AREA DONATE!! New record: 196 players are logged in.
[6/6/2017 22:29:31] /b GALERA 200 ONLINE VO LIBERA AREA DONATE!! 22:27 New record: 196 players are logged in.
[6/6/2017 22:29:33] /b GALERA 200 ONLINE VO LIBERA AREA DONATE!! 22:27 New record: 196 players are logged in.
[6/6/2017 22:29:36] /b GALERA 200 ONLINE VO LIBERA AREA DONATE!! 22:27 New record: 196 players are logged in.
[6/6/2017 22:29:43] /b GALERA 200 ONLINE VO LIBERA AREA DONATE!! 22:27 New record: 196 players are logged in.
[6/6/2017 22:31:25] /bc New record: 197 players are logged in.
[6/6/2017 22:31:49] /b GALERA 200 ONLINE VO LIBERA AREA DONATE!! 22:31 New record: 197 players are logged in.
[6/6/2017 22:31:52] /b GALERA 200 ONLINE VO LIBERA AREA DONATE!! 22:31 New record: 197 players are logged in.
[6/6/2017 22:34:33] /m the boss striker
[6/6/2017 22:34:47] /bc GALERA ' The BOSS STRIKER ' NA FRENTE DO TEMPLO!!! GOGO
[6/6/2017 22:34:48] /bc GALERA ' The BOSS STRIKER ' NA FRENTE DO TEMPLO!!! GOGO
[6/6/2017 22:35:11] /bc GALERA ' The BOSS STRIKER ' NA FRENTE DO TEMPLO!!! GOGO
[6/6/2017 22:35:13] /bc GALERA ' The BOSS STRIKER ' NA FRENTE DO TEMPLO!!! GOGO
[6/6/2017 22:35:46] /bc GALERA ' The BOSS STRIKER ' NA FRENTE DO TEMPLO!!! GOGO
[6/6/2017 22:36:12] /bc GALERA ' The BOSS STRIKER ' NA FRENTE DO TEMPLO!!! GOGO
[6/6/2017 23:2:7] /goto Teytey
[6/6/2017 23:5:17] /ghost
[6/6/2017 23:5:50] /ghost
[6/6/2017 23:11:33] /ghost
[6/6/2017 23:11:40] /ghost
[6/6/2017 23:11:41] /ghost
[6/6/2017 23:11:49] /ghost
[6/6/2017 23:15:50] /i cave exclusiva
[6/6/2017 23:15:51] /i cave exclusiva
[6/6/2017 23:15:52] /c Erick On
[6/6/2017 23:16:21] /ghost
[6/6/2017 23:16:27] /ghost
[6/6/2017 23:16:27] /ghost
[6/6/2017 23:16:32] /ghost
[6/6/2017 23:16:33] /ghost
[6/6/2017 23:16:36] /ghost
[6/6/2017 23:17:19] /c Druydex
[6/6/2017 23:17:22] /i addon doll
[6/6/2017 23:17:39] /c Leferty Ftn
[6/6/2017 23:17:45] /i addon doll
[6/6/2017 23:18:0] /t
[6/6/2017 23:18:8] /c Leferty Ftn
[6/6/2017 23:37:24] /ghost
[6/6/2017 23:37:26] /ghost
[6/6/2017 23:37:27] /ghost
[6/6/2017 23:37:32] /ghost
[6/6/2017 23:44:55] /m the boss striker
[6/6/2017 23:45:9] /bc GALERA ' The BOSS STRIKER ' NA FRENTE DO TEMPLO!! GOGO
[6/6/2017 23:45:10] /bc GALERA ' The BOSS STRIKER ' NA FRENTE DO TEMPLO!! GOGO
[6/6/2017 23:45:11] /bc GALERA ' The BOSS STRIKER ' NA FRENTE DO TEMPLO!! GOGO
[6/6/2017 23:45:20] /bc GALERA ' The BOSS STRIKER ' NA FRENTE DO TEMPLO!! GOGO
[6/6/2017 23:45:20] /bc GALERA ' The BOSS STRIKER ' NA FRENTE DO TEMPLO!! GOGO
[6/6/2017 23:45:38] /bc GALERA ' The BOSS STRIKER ' NA FRENTE DO TEMPLO!! GOGO
[6/6/2017 23:47:19] /goto monge~
[7/6/2017 6:34:34] /ghost
[7/6/2017 6:34:53] /c Hardcore
[7/6/2017 6:36:12] /ghost
[7/6/2017 7:0:31] /b BOM DIAA!!
[7/6/2017 7:0:33] /b BOM DIAA!!
[7/6/2017 7:0:33] /b BOM DIAA!!
[7/6/2017 7:0:37] /b BOM DIAA!!
[7/6/2017 7:0:47] /t
[7/6/2017 7:7:21] /m the boss striker
[7/6/2017 7:7:34] /bc GALERA The BOSS STRIKER NA FRENTE DO TEMPLO!! GOGOGO
[7/6/2017 7:7:36] /bc GALERA The BOSS STRIKER NA FRENTE DO TEMPLO!! GOGOGO
[7/6/2017 7:7:49] /bc GALERA ' The BOSS STRIKER '  NA FRENTE DO TEMPLO!! GOGOGO
[7/6/2017 7:7:51] /bc GALERA ' The BOSS STRIKER '  NA FRENTE DO TEMPLO!! GOGOGO
[7/6/2017 7:7:59] /bc GALERA ' The BOSS STRIKER '  NA FRENTE DO TEMPLO!! GOGOGO
[7/6/2017 7:20:18] /ghost
[7/6/2017 7:22:34] /ghost
[7/6/2017 7:28:13] /b BOM DIAA!
[7/6/2017 7:28:14] /b BOM DIAA!
[7/6/2017 7:28:17] /b BOM DIAA!
[7/6/2017 7:28:21] /b BOM DIAA!
[7/6/2017 7:28:23] /b BOM DIAA!
[7/6/2017 7:28:28] /ghost
[7/6/2017 7:29:17] /bc [AVISO] O Baiakinho foi invadida por Monstros, venha proteger a cidade!
[7/6/2017 7:29:18] /bc [AVISO] O Baiakinho foi invadida por Monstros, venha proteger a cidade!]
[7/6/2017 7:29:20] /ghost
[7/6/2017 7:29:30] /bc [AVISO] O Baiakinho foi invadida por Monstros, venha proteger a cidade!]
[7/6/2017 7:30:4] /bc [AVISO] O Baiakinho foi invadida por Monstros, venha proteger a cidade!]
[7/6/2017 7:30:6] /bc [AVISO] O Baiakinho foi invadida por Monstros, venha proteger a cidade!]
[7/6/2017 7:30:15] /bc [AVISO] O Baiakinho foi invadida por Monstros, venha proteger a cidade!]
[7/6/2017 7:30:20] /a 2
[7/6/2017 7:30:38] /bc [AVISO] O Baiakinho foi invadida por Monstros, venha proteger a cidade!]
[7/6/2017 7:30:52] /goto lucasz
[7/6/2017 7:30:55] /goto lucas
[7/6/2017 7:31:3] /goto How you life
[7/6/2017 7:31:10] /t How you life
[7/6/2017 7:31:16] /goto Darnt 
[7/6/2017 7:31:26] /goto Ze Pinguelo
[7/6/2017 7:31:30] /goto tulin
[7/6/2017 7:31:39] /goto Borussia 
[7/6/2017 7:31:49] /a 2
[7/6/2017 7:32:10] /goto Sensitive 
[7/6/2017 7:32:19] /goto Maconheiro
[7/6/2017 7:32:20] /t
[7/6/2017 7:32:31] /bc [AVISO] O Baiakinho foi invadida por Monstros, venha proteger a cidade!]
[7/6/2017 7:32:32] /bc [AVISO] O Baiakinho foi invadida por Monstros, venha proteger a cidade!
[7/6/2017 7:32:33] /bc [AVISO] O Baiakinho foi invadida por Monstros, venha proteger a cidade!
[7/6/2017 7:49:48] /b BOM DIAA <3
[7/6/2017 7:49:52] /ghost
[7/6/2017 7:50:36] /ghost
[7/6/2017 7:50:58] /c takelot
[7/6/2017 7:51:10] /i 2184
[7/6/2017 7:51:23] /i 2184
[7/6/2017 7:51:59] /a 200
[7/6/2017 7:52:1] /a 200
[7/6/2017 7:52:4] /a 200
[7/6/2017 7:52:7] /a up
[7/6/2017 7:52:15] /up
[7/6/2017 7:52:19] /a 20
[7/6/2017 7:52:21] /a 20
[7/6/2017 7:52:21] /a 20
[7/6/2017 7:52:22] /a 20
[7/6/2017 7:52:25] /a 20
[7/6/2017 7:52:25] /a 20
[7/6/2017 7:52:31] /a 2
[7/6/2017 7:52:32] /a 2
[7/6/2017 7:52:34] /a 2
[7/6/2017 7:52:59] /c takelot
[7/6/2017 7:53:23] /c How you life
[7/6/2017 7:55:33] /c Back Pack
[7/6/2017 7:55:41] /addskill Back Pack,level,200
[7/6/2017 7:56:22] /i wand of baiak
[7/6/2017 7:56:29] /i addon doll
[7/6/2017 7:56:30] /i addon doll
[7/6/2017 7:56:34] /i addon doll
[7/6/2017 7:57:5] /t
[7/6/2017 7:57:43] /goto takelot
[7/6/2017 7:57:48] /c borussia
[7/6/2017 7:57:57] /r
[7/6/2017 7:58:6] /t
[7/6/2017 8:1:42] /t
[7/6/2017 8:21:46] /t
[7/6/2017 8:36:16] /bc GALERA ' THE BOSS STRIKER ' NA FRENTE DO TEMPLO!! GOGO
[7/6/2017 8:36:17] /bc GALERA ' THE BOSS STRIKER ' NA FRENTE DO TEMPLO!! GOGO
[7/6/2017 8:36:17] /bc GALERA ' THE BOSS STRIKER ' NA FRENTE DO TEMPLO!! GOGO
[7/6/2017 8:36:19] /bc GALERA ' THE BOSS STRIKER ' NA FRENTE DO TEMPLO!! GOGO
[7/6/2017 8:36:23] /m the boss striker
[7/6/2017 8:36:28] /bc GALERA ' THE BOSS STRIKER ' NA FRENTE DO TEMPLO!! GOGO
[7/6/2017 8:37:5] /bc GALERA ' THE BOSS STRIKER ' NA FRENTE DO TEMPLO!! GOGO
[7/6/2017 8:37:7] /bc GALERA ' THE BOSS STRIKER ' NA FRENTE DO TEMPLO!! GOGO
[7/6/2017 8:37:9] /bc GALERA ' THE BOSS STRIKER ' NA FRENTE DO TEMPLO!! GOGO
[7/6/2017 8:37:25] /bc GALERA ' THE BOSS STRIKER ' NA FRENTE DO TEMPLO!! GOGO
[7/6/2017 8:37:51] /bc GALERA ' THE BOSS STRIKER ' NA FRENTE DO TEMPLO!! GOGO
[7/6/2017 8:37:53] /bc GALERA ' THE BOSS STRIKER ' NA FRENTE DO TEMPLO!! GOGO
[7/6/2017 9:28:56] /b BOM DIAA <#33
[7/6/2017 9:34:15] /bc [AVISO] O Baiakinho foi invadida por Monstros, venha proteger a cidade!
[7/6/2017 9:34:16] /bc [AVISO] O Baiakinho foi invadida por Monstros, venha proteger a cidade!
[7/6/2017 9:34:17] /bc [AVISO] O Baiakinho foi invadida por Monstros, venha proteger a cidade!
[7/6/2017 9:34:31] /bc [AVISO] O Baiakinho foi invadida por Monstros, venha proteger a cidade!
[7/6/2017 9:35:50] /bc [AVISO] O Baiakinho foi invadida por Monstros, venha proteger a cidade!
[7/6/2017 9:35:50] /bc [AVISO] O Baiakinho foi invadida por Monstros, venha proteger a cidade!
[7/6/2017 9:41:3] /m the boss striker
[7/6/2017 9:41:18] /bc GALERA ' THE BOSS STRIKER ' NA FRENTE DO TEMPLO!! GOGOGO
[7/6/2017 9:41:20] /bc GALERA ' THE BOSS STRIKER ' NA FRENTE DO TEMPLO!! GOGOGO
[7/6/2017 9:41:22] /bc GALERA ' THE BOSS STRIKER ' NA FRENTE DO TEMPLO!! GOGOGO
[7/6/2017 9:41:31] /bc GALERA ' THE BOSS STRIKER ' NA FRENTE DO TEMPLO!! GOGOGO
[7/6/2017 10:9:55] /goto admin
[7/6/2017 10:11:4] /bc GALERA DONATE PELA LOTERICA PM!!
[7/6/2017 10:11:10] /b GALERA DONATE PELA LOTERICA PM!!
[7/6/2017 10:11:21] /b GALERA DONATE PELA LOTERICA PM!! [PROMOÇÃ]
[7/6/2017 10:11:28] /b GALERA DONATE PELA LOTERICA PM!! [PROMOÇÃO]
[7/6/2017 10:13:14] /c Lu'crime
[7/6/2017 10:13:17] /i addon doll
[7/6/2017 10:21:45] /m the boss striker
[7/6/2017 10:22:0] /bc GALERA ' The BOSS STRIKER ' NA FRENTE DO TEMPLO!! GOGO
[7/6/2017 10:22:0] /bc GALERA ' The BOSS STRIKER ' NA FRENTE DO TEMPLO!! GOGO
[7/6/2017 10:22:4] /bc GALERA ' The BOSS STRIKER ' NA FRENTE DO TEMPLO!! GOGO
[7/6/2017 10:22:8] /m the boss striker
[7/6/2017 10:22:11] /bc GALERA ' The BOSS STRIKER ' NA FRENTE DO TEMPLO!! GOGO
[7/6/2017 10:22:12] /bc GALERA ' The BOSS STRIKER ' NA FRENTE DO TEMPLO!! GOGO
[7/6/2017 10:22:12] /bc GALERA ' The BOSS STRIKER ' NA FRENTE DO TEMPLO!! GOGO
[7/6/2017 10:22:12] /bc GALERA ' The BOSS STRIKER ' NA FRENTE DO TEMPLO!! GOGO
[7/6/2017 10:22:16] /bc GALERA ' The BOSS STRIKER ' NA FRENTE DO TEMPLO!! GOGO
[7/6/2017 10:22:21] /bc GALERA ' The BOSS STRIKER ' NA FRENTE DO TEMPLO!! GOGO
[7/6/2017 10:25:8] /bc GALERA ' The BOSS STRIKER ' NA FRENTE DO TEMPLO!! GOGO
[7/6/2017 10:25:9] /bc GALERA ' The BOSS STRIKER ' NA FRENTE DO TEMPLO!! GOGO
[7/6/2017 10:25:9] /bc GALERA ' The BOSS STRIKER ' NA FRENTE DO TEMPLO!! GOGO
[7/6/2017 10:25:13] /bc GALERA ' The BOSS STRIKER ' NA FRENTE DO TEMPLO!! GOGO
[7/6/2017 10:25:15] /bc GALERA ' The BOSS STRIKER ' NA FRENTE DO TEMPLO!! GOGO
[7/6/2017 11:17:49] /bc [AVISO] O Baiakinho foi invadida por Monstros, venha proteger a cidade!
[7/6/2017 11:17:54] /bc [AVISO] O Baiakinho foi invadida por Monstros, venha proteger a cidade!
[7/6/2017 11:17:57] /bc [AVISO] O Baiakinho foi invadida por Monstros, venha proteger a cidade!
[7/6/2017 11:18:2] /bc [AVISO] O Baiakinho foi invadida por Monstros, venha proteger a cidade!
[7/6/2017 11:18:11] /bc [AVISO] O Baiakinho foi invadida por Monstros, venha proteger a cidade!
[7/6/2017 11:34:38] /m the boss striker
[7/6/2017 11:35:1] /b GALERA ' THE BOSS STRIKER ' NA FRENTE DO TEMPLO!! GOGOGO
[7/6/2017 11:35:1] /b GALERA ' THE BOSS STRIKER ' NA FRENTE DO TEMPLO!! GOGOGO
[7/6/2017 11:35:2] /b GALERA ' THE BOSS STRIKER ' NA FRENTE DO TEMPLO!! GOGOGO
[7/6/2017 11:35:25] /b GALERA ' THE BOSS STRIKER ' NA FRENTE DO TEMPLO!! GOGOGO
[7/6/2017 11:35:26] /b GALERA ' THE BOSS STRIKER ' NA FRENTE DO TEMPLO!! GOGOGO
[7/6/2017 11:35:30] /m the boss striker
[7/6/2017 11:35:33] /b GALERA ' THE BOSS STRIKER ' NA FRENTE DO TEMPLO!! GOGOGO
[7/6/2017 11:35:36] /b GALERA ' THE BOSS STRIKER ' NA FRENTE DO TEMPLO!! GOGOGO
[7/6/2017 11:35:37] /b GALERA ' THE BOSS STRIKER ' NA FRENTE DO TEMPLO!! GOGOGO
[7/6/2017 11:35:42] /b GALERA ' THE BOSS STRIKER ' NA FRENTE DO TEMPLO!! GOGOGO
[7/6/2017 11:36:50] /b GALERA ' THE BOSS STRIKER ' NA FRENTE DO TEMPLO!! GOGOGO
[7/6/2017 11:36:50] /b GALERA ' THE BOSS STRIKER ' NA FRENTE DO TEMPLO!! GOGOGO
[7/6/2017 11:36:51] /b GALERA ' THE BOSS STRIKER ' NA FRENTE DO TEMPLO!! GOGOGO
[7/6/2017 11:36:51] /b GALERA ' THE BOSS STRIKER ' NA FRENTE DO TEMPLO!! GOGOGO
[7/6/2017 11:36:53] /b GALERA ' THE BOSS STRIKER ' NA FRENTE DO TEMPLO!! GOGOGO
[7/6/2017 11:46:48] /bc auto 200 listas 'Mining Demolidores' | setcolor 255 215 0 | useongrounditem 3456 4463 | <- HOTKEI DE MINNING!
[7/6/2017 11:46:50] /bc auto 200 listas 'Mining Demolidores' | setcolor 255 215 0 | useongrounditem 3456 4463 | <- HOTKEI DE MINNING!
[7/6/2017 11:46:51] /bc auto 200 listas 'Mining Demolidores' | setcolor 255 215 0 | useongrounditem 3456 4463 | <- HOTKEI DE MINNING!
[7/6/2017 11:49:3] /bc auto 200 listas 'Mining Demolidores' | setcolor 255 215 0 | useongrounditem 3456 4463 | <- HOTKEI DE MINNING!
[7/6/2017 12:15:7] /m THE BOSS STRIKER
[7/6/2017 12:15:30] /bc GALERA ' THE BOSS STRIKER ' NA FRENTE DO TEMPLO!!
[7/6/2017 12:15:31] /bc GALERA ' THE BOSS STRIKER ' NA FRENTE DO TEMPLO!!
[7/6/2017 12:15:35] /bc GALERA ' THE BOSS STRIKER ' NA FRENTE DO TEMPLO!!
[7/6/2017 12:15:55] /bc GALERA ' THE BOSS STRIKER ' NA FRENTE DO TEMPLO!!
[7/6/2017 12:16:57] /bc GALERA ' THE BOSS STRIKER ' NA FRENTE DO TEMPLO!!
[7/6/2017 12:17:39] /bc GALERA ' THE BOSS STRIKER ' NA FRENTE DO TEMPLO!!
[7/6/2017 12:20:10] /t Hardcore
[7/6/2017 12:20:12] /t
[7/6/2017 12:28:19] /bc GALERA SOBRE DONATE PM!! [PROMOÇÃO]
[7/6/2017 12:28:24] /b GALERA SOBRE DONATE PM!! [PROMOÇÃO]
[7/6/2017 12:28:25] /b GALERA SOBRE DONATE PM!! [PROMOÇÃO]
[7/6/2017 12:28:37] /b GALERA SOBRE DONATE PM!! [PROMOÇÃO]
[7/6/2017 12:28:45] /ghost
[7/6/2017 12:30:53] /ghost
[7/6/2017 12:31:31] /m the boss striker
[7/6/2017 12:31:37] /bc GALERA ' THE BOSS STRIKER ' NA FRENTE DO TEMPLO!!
[7/6/2017 12:31:38] /bc GALERA ' THE BOSS STRIKER ' NA FRENTE DO TEMPLO!!
[7/6/2017 12:31:38] /bc GALERA ' THE BOSS STRIKER ' NA FRENTE DO TEMPLO!!
[7/6/2017 12:32:8] /bc GALERA ' THE BOSS STRIKER ' NA FRENTE DO TEMPLO!!
[7/6/2017 12:32:10] /bc GALERA ' THE BOSS STRIKER ' NA FRENTE DO TEMPLO!!
[7/6/2017 12:32:10] /bc GALERA ' THE BOSS STRIKER ' NA FRENTE DO TEMPLO!!
[7/6/2017 12:32:14] /bc GALERA ' THE BOSS STRIKER ' NA FRENTE DO TEMPLO!!
[7/6/2017 12:32:30] /b VO ATÉ ATIVA OUTRO BOSS PORQUE ESSA CITY TA ANIMADA DMSS!!
[7/6/2017 12:32:30] /b VO ATÉ ATIVA OUTRO BOSS PORQUE ESSA CITY TA ANIMADA DMSS!!
[7/6/2017 12:32:32] /b VO ATÉ ATIVA OUTRO BOSS PORQUE ESSA CITY TA ANIMADA DMSS!!
[7/6/2017 12:32:32] /b VO ATÉ ATIVA OUTRO BOSS PORQUE ESSA CITY TA ANIMADA DMSS!!
[7/6/2017 12:32:33] /b VO ATÉ ATIVA OUTRO BOSS PORQUE ESSA CITY TA ANIMADA DMSS!!
[7/6/2017 12:32:34] /b VO ATÉ ATIVA OUTRO BOSS PORQUE ESSA CITY TA ANIMADA DMSS!!
[7/6/2017 12:32:36] /b VO ATÉ ATIVA OUTRO BOSS PORQUE ESSA CITY TA ANIMADA DMSS!! <3
[7/6/2017 12:32:37] /b VO ATÉ ATIVA OUTRO BOSS PORQUE ESSA CITY TA ANIMADA DMSS!! <3
[7/6/2017 12:32:38] /b VO ATÉ ATIVA OUTRO BOSS PORQUE ESSA CITY TA ANIMADA DMSS!! <3
[7/6/2017 12:32:38] /b VO ATÉ ATIVA OUTRO BOSS PORQUE ESSA CITY TA ANIMADA DMSS!! <3
[7/6/2017 12:32:43] /m the boss striker
[7/6/2017 12:32:45] /m the boss striker
[7/6/2017 12:32:48] /b VO ATÉ ATIVA OUTRO BOSS PORQUE ESSA CITY TA ANIMADA DMSS!! <3
[7/6/2017 12:33:0] /bc New record: 198 players are logged in.
[7/6/2017 12:33:44] /bc New record: 199 players are logged in
[7/6/2017 12:33:45] /bc New record: 199 players are logged in
[7/6/2017 12:33:46] /bc New record: 199 players are logged in
[7/6/2017 12:33:53] /bc New record: 199 players are logged in
[7/6/2017 12:34:16] /bc GALERA ' THE BOSS STRIKER ' NA FRENTE DO TEMPLO!!
[7/6/2017 12:34:17] /bc GALERA ' THE BOSS STRIKER ' NA FRENTE DO TEMPLO!!
[7/6/2017 12:34:17] /bc GALERA ' THE BOSS STRIKER ' NA FRENTE DO TEMPLO!!
[7/6/2017 12:34:18] /bc GALERA ' THE BOSS STRIKER ' NA FRENTE DO TEMPLO!!
[7/6/2017 12:34:21] /bc GALERA ' THE BOSS STRIKER ' NA FRENTE DO TEMPLO!!
[7/6/2017 12:34:25] /bc GALERA ' THE BOSS STRIKER ' NA FRENTE DO TEMPLO!!
[7/6/2017 12:34:31] /bc GALERA ' THE BOSS STRIKER ' NA FRENTE DO TEMPLO!!
[7/6/2017 12:38:48] /bc New record: 200 players are logged in.
[7/6/2017 12:44:58] /bc New record: 203 players are logged in.
[7/6/2017 12:46:27] /bc GALERAA HOJE 20:00 BOSS DONATE NA CITY!!
[7/6/2017 12:46:29] /bc GALERAA HOJE 20:00 BOSS DONATE NA CITY!!
[7/6/2017 12:47:4] /bc GALERAA [HOJE 07.06] AS 20:00 BOSS QUE DROPA DONATE NA CITY!!
[7/6/2017 12:47:6] /bc GALERAA [HOJE 07.06] AS 20:00 BOSS QUE DROPA DONATE NA CITY!!
[7/6/2017 12:47:10] /bc GALERAA [HOJE 07.06] AS 20:00 BOSS QUE DROPA DONATE NA CITY!!
[7/6/2017 12:47:14] /bc GALERAA [HOJE 07.06] AS 20:00 BOSS QUE DROPA DONATE NA CITY!! GERAL ON
[7/6/2017 12:47:16] /bc GALERAA [HOJE 07.06] AS 20:00 BOSS QUE DROPA DONATE NA CITY!! GERAL ON
[7/6/2017 12:47:17] /bc GALERAA [HOJE 07.06] AS 20:00 BOSS QUE DROPA DONATE NA CITY!! GERAL ON
[7/6/2017 12:47:21] /bc GALERAA [HOJE 07.06] AS 20:00 BOSS QUE DROPA DONATE NA CITY!! GERAL ON
[7/6/2017 12:47:26] /bc GALERAA [HOJE 07.06] AS 20:00 BOSS QUE DROPA DONATE NA CITY!!
[7/6/2017 12:47:34] /b GALERAA [HOJE 07.06] AS 20:00 BOSS QUE DROPA DONATE NA CITY!!
[7/6/2017 12:47:36] /b GALERAA [HOJE 07.06] AS 20:00 BOSS QUE DROPA DONATE NA CITY!!
[7/6/2017 12:47:43] /b GALERAA [HOJE 07.06] AS 20:00 BOSS QUE DROPA DONATE NA CITY!!
[7/6/2017 12:48:27] /b GALERAA [HOJE 07.06] AS 20:00 BOSS QUE DROPA DONATE NA CITY!!
[7/6/2017 12:48:53] /b GALERAA [HOJE 07.06] AS 20:00 BOSS QUE DROPA DONATE NA CITY!!
[7/6/2017 12:49:31] /b GALERAA [HOJE 07.06] AS 20:00 BOSS QUE DROPA DONATE NA CITY!! AREA DONATE LIBERADA ATÉ AS 20:00!! BOM JOGO
[7/6/2017 12:49:34] /r
[7/6/2017 12:49:36] /r
[7/6/2017 12:49:38] /r
[7/6/2017 12:49:47] /b AREA DONATE LIBERADA ATÉ AS 20:00!! BOM JOGO
[7/6/2017 12:49:53] /b AREA DONATE LIBERADA ATÉ AS 20:00!! BOM JOGO
[7/6/2017 12:50:17] /b GALERAA [HOJE 07.06] AS 20:00 BOSS QUE DROPA DONATE NA CITY!!
[7/6/2017 12:50:28] /b GALERAA [HOJE 07.06] AS 20:00 BOSS QUE DROPA DONATE NA CITY!!
[7/6/2017 12:51:14] /b AREA DONATE LIBERADA ATÉ AS 20:00!! BOM JOGO
[7/6/2017 12:51:23] /b AREA DONATE LIBERADA ATÉ AS 20:00H!! BOM JOGO
[7/6/2017 12:51:41] /b AREA DONATE LIBERADA ATÉ AS 20:00H!! BOM JOGO
[7/6/2017 12:51:53] /bc New record: 208 players are logged in.
[7/6/2017 12:51:54] /bc New record: 208 players are logged in.
[7/6/2017 12:52:57] /bc New record: 209 players are logged in.
[7/6/2017 12:53:9] /b GALERAA [HOJE 07.06] AS 20:00 BOSS QUE DROPA DONATE NA CITY!!
[7/6/2017 12:53:10] /b GALERAA [HOJE 07.06] AS 20:00 BOSS QUE DROPA DONATE NA CITY!!
[7/6/2017 12:54:11] /b GALERAA [HOJE 07.06] AS 20:00 BOSS QUE DROPA DONATE NA CITY!!
[7/6/2017 12:55:38] /b GALERAA [HOJE 07.06] AS 20:00 BOSS QUE DROPA DONATE NA CITY!!
[7/6/2017 12:55:59] /b GALERAA [HOJE 07.06] AS 20:00 BOSS QUE DROPA DONATE NA CITY!!
[7/6/2017 12:56:31] /b AREA DONATE LIBERADA ATÉ AS 20:00H!! BOM JOGO
[7/6/2017 12:59:17] /b GALERAA [HOJE 07.06] AS 20:00 BOSS QUE DROPA DONATE NA CITY!!
[7/6/2017 12:59:18] /b GALERAA [HOJE 07.06] AS 20:00 BOSS QUE DROPA DONATE NA CITY!!
[7/6/2017 12:59:49] /b GALERAA [HOJE 07.06] AS 20:00 BOSS QUE DROPA DONATE NA CITY!!
[7/6/2017 13:1:5] /bc New record: 213 players are logged in.
[7/6/2017 13:1:7] /bc New record: 213 players are logged in.
[7/6/2017 13:1:7] /bc New record: 213 players are logged in.
[7/6/2017 13:1:11] /bc New record: 213 players are logged in.
[7/6/2017 13:1:24] /b GALERAA [HOJE 07.06] AS 20:00 BOSS QUE DROPA DONATE NA CITY!!
[7/6/2017 13:3:44] /b AREA DONATE LIBERADA ATÉ AS 20:00H!! BOM JOGO
[7/6/2017 13:3:46] /b AREA DONATE LIBERADA ATÉ AS 20:00H!! BOM JOGO
[7/6/2017 13:5:22] /bc New record: 214 players are logged in.
[7/6/2017 13:5:26] /b AREA DONATE LIBERADA ATÉ AS 20:00H!! BOM JOGO
[7/6/2017 13:5:56] /b AREA DONATE LIBERADA ATÉ AS 20:00H!! BOM JOGO
[7/6/2017 13:7:28] /b GALERAA [HOJE 07.06] AS 20:00 BOSS QUE DROPA DONATE NA CITY!!
[7/6/2017 13:7:32] /b GALERAA [HOJE 07.06] AS 20:00 BOSS QUE DROPA DONATE NA CITY!!
[7/6/2017 13:7:56] /bc GALERAA [HOJE 07.06] AS 20:00 BOSS QUE DROPA DONATE NA CITY!!
[7/6/2017 13:7:57] /bc GALERAA [HOJE 07.06] AS 20:00 BOSS QUE DROPA DONATE NA CITY!!
[7/6/2017 13:13:13] /bc auto 200 listas 'Mining Baiakinho' | setcolor 255 215 0 | useongrounditem 3456 4463 |
[7/6/2017 13:13:15] /bc auto 200 listas 'Mining Baiakinho' | setcolor 255 215 0 | useongrounditem 3456 4463 |
[7/6/2017 13:13:34] /b auto 200 listas 'Mining Baiakinho' | setcolor 255 215 0 | useongrounditem 3456 4463 |
[7/6/2017 13:15:34] /t
[7/6/2017 13:16:10] /bc GALERAA [HOJE 07.06] AS 20:00 BOSS QUE DROPA DONATE NA CITY!!
[7/6/2017 13:18:25] /bc GALERAA [HOJE 07.06] AS 20:00 BOSS QUE DROPA DONATE NA CITY!!
[7/6/2017 13:23:16] /bc GALERA AREA DONATE LIBERADA ATÉ AS 20:00H!!! BOM JOGO
[7/6/2017 13:23:18] /bc GALERA AREA DONATE LIBERADA ATÉ AS 20:00H!!! BOM JOGO
[7/6/2017 13:23:45] /bc GALERA AREA DONATE LIBERADA ATÉ AS 20:00H!!! BOM JOGO
[7/6/2017 13:24:45] /bc GALERA AREA DONATE LIBERADA ATÉ AS 20:00H!!! BOM JOGO
[7/6/2017 13:26:50] /bc GALERAA [HOJE 07.06] AS 20:00 BOSS QUE DROPA DONATE NA CITY!!
[7/6/2017 13:26:51] /bc GALERAA [HOJE 07.06] AS 20:00 BOSS QUE DROPA DONATE NA CITY!!
[7/6/2017 13:27:38] /bc GALERAA [HOJE 07.06] AS 20:00 BOSS QUE DROPA DONATE NA CITY!!
[7/6/2017 13:28:20] /bc GALERAA [HOJE 07.06] AS 20:00 BOSS QUE DROPA DONATE NA CITY!!
[7/6/2017 13:32:17] /bc GALERAA [HOJE 07.06] AS 20:00 BOSS QUE DROPA DONATE NA CITY!!
[7/6/2017 13:32:25] /ghost
[7/6/2017 13:32:35] /ghost
[7/6/2017 13:32:42] /ghost
[7/6/2017 13:33:11] /ghost
[7/6/2017 13:33:17] /bc New record: 215 players are logged in.
[7/6/2017 13:33:18] /bc New record: 215 players are logged in.
[7/6/2017 13:33:24] /goto character
[7/6/2017 13:33:30] /goto chareacetr
[7/6/2017 13:33:37] /goto Chareacetr
[7/6/2017 13:33:47] /bc New record: 216 players are logged in.
[7/6/2017 13:33:48] /bc New record: 216 players are logged in.
[7/6/2017 13:34:12] /bc GALERAA [HOJE 07.06] AS 20:00 BOSS QUE DROPA DONATE NA CITY!!
[7/6/2017 13:34:14] /bc GALERAA [HOJE 07.06] AS 20:00 BOSS QUE DROPA DONATE NA CITY!!
[7/6/2017 13:34:43] /bc GALERA AREA DONATE LIBERADA ATÉ AS 20:00H!!! BOM JOGO
[7/6/2017 13:34:44] /bc GALERA AREA DONATE LIBERADA ATÉ AS 20:00H!!! BOM JOGO
[7/6/2017 13:34:45] /bc GALERA AREA DONATE LIBERADA ATÉ AS 20:00H!!! BOM JOGO
[7/6/2017 13:34:50] /bc New record: 218 players are logged in.
[7/6/2017 13:34:58] /bc GALERA AREA DONATE LIBERADA ATÉ AS 20:00H!!! BOM JOGO
[7/6/2017 13:35:8] /bc GALERA AREA DONATE LIBERADA ATÉ AS 20:00H!!! BOM JOGO
[7/6/2017 13:35:28] /bc New record: 219 players are logged in.
[7/6/2017 13:35:29] /bc New record: 219 players are logged in.
[7/6/2017 13:35:30] /bc New record: 219 players are logged in.
[7/6/2017 13:35:39] /bc New record: 220 players are logged in.
[7/6/2017 13:36:20] /bc New record: 222 players are logged in.
[7/6/2017 13:36:24] /bc New record: 223 players are logged in.
[7/6/2017 13:36:36] /bc GALERA AREA DONATE LIBERADA ATÉ AS 20:00H!!! BOM JOGO
[7/6/2017 13:36:41] /bc GALERA AREA DONATE LIBERADA ATÉ AS 20:00H!!! BOM JOGO
[7/6/2017 13:36:43] /bc GALERA AREA DONATE LIBERADA ATÉ AS 20:00H!!! BOM JOGO
[7/6/2017 13:36:49] /bc New record: 224 players are logged in.
[7/6/2017 13:41:45] /bc GALERA AREA DONATE LIBERADA ATÉ AS 20:00H!! BOM JOGO
[7/6/2017 13:41:47] /bc GALERA AREA DONATE LIBERADA ATÉ AS 20:00H!! BOM JOGO
[7/6/2017 13:45:16] /bc New record: 225 players are logged in.
[7/6/2017 13:45:57] /bc GALERA [HOJE 07.06] BOSS QUE DROPA DONATE NA CITY!! AS 20:00H
[7/6/2017 13:46:3] /bc GALERA [HOJE 07.06] BOSS QUE DROPA DONATE NA CITY!! AS 20:00H
[7/6/2017 13:46:5] /bc GALERA [HOJE 07.06] BOSS QUE DROPA DONATE NA CITY!! AS 20:00H
[7/6/2017 13:46:7] /bc GALERA [HOJE 07.06] BOSS QUE DROPA DONATE NA CITY!! AS 20:00H
[7/6/2017 13:46:8] /bc GALERA [HOJE 07.06] BOSS QUE DROPA DONATE NA CITY!! AS 20:00H
[7/6/2017 13:47:21] /bc GALERA [HOJE 07.06] BOSS QUE DROPA DONATE NA CITY!! AS 20:00H
[7/6/2017 13:52:58] /bc New record: 227 players are logged in.
[7/6/2017 13:54:34] /bc GALERA [HOJE 07.06] BOSS QUE DROPA DONATE NA CITY!! AS 20:00H
[7/6/2017 13:54:35] /bc GALERA [HOJE 07.06] BOSS QUE DROPA DONATE NA CITY!! AS 20:00H
[7/6/2017 13:54:37] /bc GALERA [HOJE 07.06] BOSS QUE DROPA DONATE NA CITY!! AS 20:00H
[7/6/2017 13:54:44] /bc GALERA [HOJE 07.06] BOSS QUE DROPA DONATE NA CITY!! AS 20:00H
[7/6/2017 13:56:37] /t
[7/6/2017 14:1:49] /bc New record: 229 players are logged in.
[7/6/2017 14:2:4] /bc GALERA AREA DONATE LIBERADA ATÉ AS 20:00H!! BOM JOGO
[7/6/2017 14:2:23] /bc GALERA AREA DONATE LIBERADA ATÉ AS 20:00H!! BOM JOGO
[7/6/2017 14:6:58] /bc GALERA [HOJE 07.06] BOSS QUE DROPA DONATE NA CITY!! AS 20:00H!!!
[7/6/2017 14:6:59] /bc GALERA [HOJE 07.06] BOSS QUE DROPA DONATE NA CITY!! AS 20:00H!!!
[7/6/2017 14:7:1] /bc GALERA [HOJE 07.06] BOSS QUE DROPA DONATE NA CITY!! AS 20:00H!!!
[7/6/2017 14:7:10] /bc GALERA [HOJE 07.06] BOSS QUE DROPA DONATE NA CITY!! AS 20:00H!!!
[7/6/2017 14:7:14] /bc GALERA [HOJE 07.06] BOSS QUE DROPA DONATE NA CITY!! AS 20:00H!!!
[7/6/2017 14:8:42] /bc GALERA [HOJE 07.06] BOSS QUE DROPA DONATE NA CITY!! AS 20:00H!!!
[7/6/2017 14:9:44] /bc GALERA [HOJE 07.06] BOSS QUE DROPA DONATE NA CITY!! AS 20:00H!!!
[7/6/2017 14:10:19] /bc GALERA [HOJE 07.06] BOSS QUE DROPA DONATE NA CITY!! AS 20:00H
[7/6/2017 14:10:36] /bc GALERA AREA DONATE LIBERADA ATÉ AS 20:00H!! BOM JOGO
[7/6/2017 14:10:37] /bc GALERA AREA DONATE LIBERADA ATÉ AS 20:00H!! BOM JOGO
[7/6/2017 15:18:58] /b BOA TARDEEE!!!
[7/6/2017 15:19:0] /b BOA TARDEEE!!!
[7/6/2017 15:20:57] /m the boss striker
[7/6/2017 15:21:10] /bc GALERA ' The BOSS STRIKER ' NA FRENTE DO TEMPLO!!! GOGOGO
[7/6/2017 15:21:11] /bc GALERA ' The BOSS STRIKER ' NA FRENTE DO TEMPLO!!! GOGOGO
[7/6/2017 15:21:13] /bc GALERA ' The BOSS STRIKER ' NA FRENTE DO TEMPLO!!! GOGOGO
[7/6/2017 15:21:15] /bc GALERA ' The BOSS STRIKER ' NA FRENTE DO TEMPLO!!! GOGOGO
[7/6/2017 15:21:16] /bc GALERA ' The BOSS STRIKER ' NA FRENTE DO TEMPLO!!! GOGOGO
[7/6/2017 15:21:18] /bc GALERA ' The BOSS STRIKER ' NA FRENTE DO TEMPLO!!! GOGOGO
[7/6/2017 15:21:32] /bc GALERA [HOJE 07.06] BOSS QUE DROPA DONATE NA CITY!! AS 20:00H!!!
[7/6/2017 15:21:33] /bc GALERA [HOJE 07.06] BOSS QUE DROPA DONATE NA CITY!! AS 20:00H!!!
[7/6/2017 15:21:34] /bc GALERA [HOJE 07.06] BOSS QUE DROPA DONATE NA CITY!! AS 20:00H!!!
[7/6/2017 15:21:38] /bc GALERA [HOJE 07.06] BOSS QUE DROPA DONATE NA CITY!! AS 20:00H!!!
[7/6/2017 15:23:0] /bc GALERA [HOJE 07.06] BOSS QUE DROPA DONATE NA CITY!! AS 20:00H!!!
[7/6/2017 15:23:14] /bc GALERA [HOJE 07.06] BOSS QUE DROPA DONATE NA CITY!! AS 20:00H!!!
[7/6/2017 15:27:15] /bc GALERA [HOJE 07.06] BOSS QUE DROPA DONATE NA CITY!! AS 20:00H!!!
[7/6/2017 15:30:32] /bc GALERA AREA DONATE LIBERADA ATÉ AS 20:00H!!! BOM JOGO
[7/6/2017 15:30:37] /bc GALERA AREA DONATE LIBERADA ATÉ AS 20:00H!!! BOM JOGO
[7/6/2017 15:30:48] /bc GALERA AREA DONATE LIBERADA ATÉ AS 20:00H!!! BOM JOGO
[7/6/2017 15:31:28] /bc GALERA AREA DONATE LIBERADA ATÉ AS 20:00H!!! BOM JOGO
[7/6/2017 15:36:43] /bc GALERA [HOJE 07.06] BOSS QUE DROPA DONATE NA CITY!! AS 20:00H!!!
[7/6/2017 15:44:36] /ghost
[7/6/2017 15:46:31] /bc GALERA [HOJE 07.06] BOSS QUE DROPA DONATE NA CITY!! AS 20:00H!!!
[7/6/2017 15:49:56] /bc auto 200 listas 'Mining Baiakinho' | setcolor 255 215 0 | useongrounditem 3456 4463 | <- HOTKEI DE MINNING!
[7/6/2017 15:50:7] /bc auto 200 listas 'Mining Baiakinho' | setcolor 255 215 0 | useongrounditem 3456 4463 | <- HOTKEI DE MINNING!
[7/6/2017 16:3:49] /bc GALERA [HOJE 07.06] BOSS QUE DROPA DONATE NA CITY!! AS 20:00H!!!
[7/6/2017 16:4:6] /bc GALERA AREA DONATE LIBERADA ATÉ AS 20:00H!! BOM JOGO
[7/6/2017 16:5:45] /bc GALERA GUARDA COSTAS DO GOD NA CITY VEM ALL !!!! ( server no pvp por enquanto)
[7/6/2017 16:5:48] /bc GALERA GUARDA COSTAS DO GOD NA CITY VEM ALL !!!! ( server no pvp por enquanto) DROPA DNT
[7/6/2017 16:5:49] /bc GALERA GUARDA COSTAS DO GOD NA CITY VEM ALL !!!! ( server no pvp por enquanto) DROPA DNT
[7/6/2017 16:5:49] /bc GALERA GUARDA COSTAS DO GOD NA CITY VEM ALL !!!! ( server no pvp por enquanto) DROPA DNT
[7/6/2017 16:5:50] /bc GALERA GUARDA COSTAS DO GOD NA CITY VEM ALL !!!! ( server no pvp por enquanto) DROPA DNT
[7/6/2017 16:5:50] /bc GALERA GUARDA COSTAS DO GOD NA CITY VEM ALL !!!! ( server no pvp por enquanto) DROPA DNT
[7/6/2017 16:5:57] /bc GALERA GUARDA COSTAS DO GOD NA CITY VEM ALL !!!! ( server no pvp por enquanto) DROPA DNT
[7/6/2017 16:5:58] /bc GALERA GUARDA COSTAS DO GOD NA CITY VEM ALL !!!! ( server no pvp por enquanto) DROPA DNT
[7/6/2017 16:5:58] /bc GALERA GUARDA COSTAS DO GOD NA CITY VEM ALL !!!! ( server no pvp por enquanto) DROPA DNT
[7/6/2017 16:5:58] /bc GALERA GUARDA COSTAS DO GOD NA CITY VEM ALL !!!! ( server no pvp por enquanto) DROPA DNT
[7/6/2017 16:5:59] /bc GALERA GUARDA COSTAS DO GOD NA CITY VEM ALL !!!! ( server no pvp por enquanto) DROPA DNT
[7/6/2017 16:6:5] /bc GALERA GUARDA COSTAS DO GOD NA CITY VEM ALL !!!! ( server no pvp por enquanto) DROPA DNT
[7/6/2017 16:6:5] /bc GALERA GUARDA COSTAS DO GOD NA CITY VEM ALL !!!! ( server no pvp por enquanto) DROPA DNT
[7/6/2017 16:6:13] /bc GALERA GUARDA COSTAS DO GOD NA CITY VEM ALL !!!! ( server no pvp por enquanto) DROPA DNT
[7/6/2017 16:6:14] /bc GALERA GUARDA COSTAS DO GOD NA CITY VEM ALL !!!! ( server no pvp por enquanto) DROPA DNT
[7/6/2017 16:6:47] /bc GALERA GUARDA COSTAS DO GOD NA CITY VEM ALL !!!! ( server no pvp por enquanto) DROPA DNT
[7/6/2017 16:6:57] /bc GALERA GUARDA COSTAS DO GOD NA CITY VEM ALL !!!! ( server no pvp por enquanto) DROPA DNT
[7/6/2017 16:7:11] /bc GALERA GUARDA COSTAS DO GOD NA CITY VEM ALL !!!! ( server no pvp por enquanto) DROPA DNT
[7/6/2017 16:8:13] /bc GALERA [HOJE 07.06] BOSS QUE DROPA DONATE NA CITY!! AS 20:00H!!!
[7/6/2017 16:8:15] /bc GALERA [HOJE 07.06] BOSS QUE DROPA DONATE NA CITY!! AS 20:00H!!!
[7/6/2017 16:8:16] /bc GALERA [HOJE 07.06] BOSS QUE DROPA DONATE NA CITY!! AS 20:00H!!!
[7/6/2017 16:8:18] /bc GALERA [HOJE 07.06] BOSS QUE DROPA DONATE NA CITY!! AS 20:00H!!!
[7/6/2017 16:8:28] /b 20:00 TEM MAIS!!
[7/6/2017 16:8:30] /b 20:00 TEM MAIS!!
[7/6/2017 16:8:40] /b 20:00 TEM MAIS!! FOI TEST ESSE AI
[7/6/2017 16:8:42] /b 20:00 TEM MAIS!! FOI TEST ESSE AI
[7/6/2017 16:8:48] /bc GALERA [HOJE 07.06] BOSS QUE DROPA DONATE NA CITY!! AS 20:00H!!!
[7/6/2017 16:9:44] /bc GALERA [HOJE 07.06] BOSS QUE DROPA DONATE NA CITY!! AS 20:00H!!!
[7/6/2017 16:9:50] /ghost
[7/6/2017 16:11:21] /bc GALERA [HOJE 07.06] BOSS QUE DROPA DONATE NA CITY!! AS 20:00H!!!
[7/6/2017 16:12:17] /ghost
[7/6/2017 16:12:46] /ghost
[7/6/2017 16:16:7] /bc GALERA [HOJE 07.06] BOSS QUE DROPA DONATE NA CITY!! AS 20:00H!!!
[7/6/2017 16:16:59] /t
[7/6/2017 16:22:51] /t
[7/6/2017 16:23:18] /bc GALERA [HOJE 07.06] BOSS QUE DROPA DONATE NA CITY!! AS 20:00H!!!
[7/6/2017 16:25:43] /bc GALERA [HOJE 07.06] BOSS QUE DROPA DONATE NA CITY!! AS 20:00H!!!
[7/6/2017 16:28:9] /bc AREA DONATE LIBERADA ATÉ AS 20:00H!!
[7/6/2017 16:36:30] /bc GALERA [HOJE 07.06] BOSS QUE DROPA DONATE NA CITY!! AS 20:00H!!!
[7/6/2017 16:45:30] /bc GALERA [HOJE 07.06] BOSS QUE DROPA DONATE NA CITY!! AS 20:00H!!!
[7/6/2017 16:48:48] /bc GALERA [HOJE 07.06] BOSS QUE DROPA DONATE NA CITY!! AS 20:00H!!!
[7/6/2017 16:49:28] /bc New record: 248 players are logged in.
[7/6/2017 16:50:36] /bc New record: 249 players are logged in.
[7/6/2017 16:52:21] /b GALERA SOBRE DONATE PM!! [PROMOÇÃO]
[7/6/2017 17:1:39] /bc GALERA [HOJE 07.06] BOSS QUE DROPA DONATE NA CITY!! AS 20:00H!!!
[7/6/2017 17:1:41] /bc GALERA [HOJE 07.06] BOSS QUE DROPA DONATE NA CITY!! AS 20:00H!!!
[7/6/2017 17:9:49] /bc [AVISO] O Baiakinho foi invadida por Monstros, venha proteger a cidade!
[7/6/2017 17:9:50] /bc [AVISO] O Baiakinho foi invadida por Monstros, venha proteger a cidade!
[7/6/2017 17:11:36] /bc [AVISO] O Baiakinho foi invadida por Monstros, venha proteger a cidade!
[7/6/2017 17:11:55] /bc [AVISO] O Baiakinho foi invadida por Monstros, venha proteger a cidade!
[7/6/2017 17:12:11] /t
[7/6/2017 17:24:43] /bc [AVISO] O Baiakinho foi invadida por Monstros, venha proteger a cidade!
[7/6/2017 17:27:44] /bc GALERA [HOJE 07.06] BOSS QUE DROPA DONATE NA CITY!! AS 20:00H!!
[7/6/2017 17:28:7] /bc GALERA [HOJE 07.06] BOSS QUE DROPA DONATE NA CITY!! AS 20:00H!!
