[10/6/2016 18:15:17] #b Boa noite pessoas, estou no channel "ajuda, ayuda, help" (Buenas noches, good night).
[10/6/2016 18:37:12] #b Jogares nivel oito atrapalhando pelego serão penalizados/ Players with nivel eight trap in fight, they will be penalized! Los jugadores de nivel ocho echar a perder la guerra, serán penalizados.
[10/6/2016 18:50:32] /mute Ze Da Maconhaa
[10/6/2016 18:50:57] /mute Ze Da Maconhaa, 60000000
[10/6/2016 18:50:59] /mute Ze Da Maconhaa, 60000000
[10/6/2016 18:51:27] /mute Piroca Atomica, 600000
[10/6/2016 18:51:35] /mute Piroca Atomica,60
[10/6/2016 18:51:38] /mute Piroca Atomica,60
[10/6/2016 18:53:43] /mute Ze Da Maconhaa, 50
[11/6/2016 18:15:37] #b Boa tarde!!
[11/6/2016 18:17:34] #b Alguém pode me informar se o npc MAD está comprando mais barato do que o (Autoloot booster) ? Agradeço.
[12/6/2016 23:51:27] #b Good night! Boa noite
[12/6/2016 23:54:9] #b Tem um monte de chorão reclamando dos mcs no castle, se a área NÃO FOR protect ZONE, PODEM TRAPAR! Afinal, vocês podem matar!!!!!! ¢¢
[12/6/2016 23:55:49] #b Sobre a terra legs e seus ladrões, é só vocês fecharem o elfbot que vocês conseguem dar look na legs. (About the item TERRA LEGS, close the elfbot and the look item works).
[13/6/2016 0:0:46] #b Alguém quer patrocinar algum evento? Mande mensagem privada! (Somente itens vip ou points) Someone wanna sponsor an event? (Only Itens vip and Points)
[13/6/2016 1:17:13] #b Warning people sell TERRA LEGS but say (sell new pally legs), close the elfbot and look item! (Atenção, pessoas estão vendendo terra legs mas estão falando que é a new pally legs, fechem o elfbot para poder dar look no item).
[13/6/2016 1:19:13] #b Próximos SS's o servidor terá limite de ip conection (Limite máximo será de 4 ips)
[13/6/2016 1:26:58] #b Alguém quer patrocinar algum evento?
[13/6/2016 1:36:46] #b Todos os bugs reportados, donation atrasadas já foram reportados. Agradeço à todos pela compreensão.
[13/6/2016 1:40:36] #b Escondi uma bp com 2kkk na cidade, quem achar, parabéns!
[13/6/2016 1:41:22] #b Have one backpack with 2kkk on city, search and found! 
[13/6/2016 1:42:23] #b 01:42 Nettosz [535]: achei! obrigado (Nettosz found the backpack)
[13/6/2016 1:42:56] #b Alguém quer patrocinar eventos como esse? Msg me
[13/6/2016 1:43:22] #b Venham no depot quem quiser patrocinar eventos! :)
[13/6/2016 1:45:25] #b Galaxy Pika Grande doou 30kk para o evento, quem quiser participar venha para o depot!
[13/6/2016 1:47:3] #b Warrior Bunny contribuiu com 30kk também, venham para o depot!
[13/6/2016 1:48:6] #b Skyze contribuiu com 200kk !
[13/6/2016 1:48:22] #b Já temos 260kk para o evento, quem mais vai participar?
[13/6/2016 1:49:46] #b 2 minutos para terminar as arrecadações, temos 260kk no bank do event, qualquer valor é válido.
[13/6/2016 1:50:25] #b Primabolan compareceu com 4kk !
[13/6/2016 1:51:6] #b Rolex Boom deu 53kk !
[13/6/2016 1:51:26] #b skyze deu mais 200kk !
[13/6/2016 1:52:18] #b 2 Wands de (New Donate Staff) pelo Galaxy Pika Grande, mais 200kk pelo Skyze !!
[13/6/2016 1:52:52] #b Exp bonus Event no bank também!
[13/6/2016 1:53:2] #b Rush on contribuiu com 10kk !
[13/6/2016 1:53:24] #b Temos 541kk no bank, 2 wands e exp bonus! Mais alguém?
[13/6/2016 1:53:37] #b Algum rico vai jogar points ou então item vip?
[13/6/2016 1:53:47] #b Pally Vingadora contribuiu com 13kk !
[13/6/2016 1:54:0] #b Rush On deu mais 6kk !
[13/6/2016 1:54:13] #b Alguém vai querer dar item vip ou point?
[13/6/2016 1:54:26] #b Evento vai começar !
[13/6/2016 1:54:47] #b Quero todos do lado de fora do depot...
[13/6/2016 1:55:9] #b Mages contribuiu com 5kk.
[13/6/2016 1:55:31] #b Todos do lado de fora do depot, iremos começar.
[13/6/2016 1:56:14] #b O evento será sobre: Perguntas sobre o Tibia! A primeira mensagem certa será o ganhador, se alguém mandar 2x será desclassificado.
[13/6/2016 1:56:33] #b Entendidos? Mande mensagem no depot.
[13/6/2016 1:56:54] #b Abrem o HELP CHANNEL! Vocês tem 1 minuto para abrir!
[13/6/2016 1:57:3] #b Abrem o HELP CHANNEL! Vocês tem 1 minuto para abrir!
[13/6/2016 1:57:24] #b Abrem o HELP CHANNEL! Vocês tem 1 minuto para abrir!
[13/6/2016 1:57:54] #b Valendo um addon doll ...
[13/6/2016 1:58:46] #b Qual o nome da primeira cidade quando o personagem loga a primeira vez no tibia? What is the name of the first city when the character logged in first time on tibia?
[13/6/2016 1:58:59] #b Lipe ganhou!
[13/6/2016 1:59:10] #b 01:58 Lipe [530]: ROOKGUARD
[13/6/2016 1:59:34] #b Lipe venha retirar seu premio no templo!
[13/6/2016 2:0:32] #b Agora ..
[13/6/2016 2:1:39] #b Qual melhor servidor de exp alta? What is the best server of exp hight? (cost 50kk)
[13/6/2016 2:2:20] #b 02:01 Eutunoisbotanela [502]: 
[13/6/2016 2:2:48] #b Valendo uma Staff New Donate ...
[13/6/2016 2:2:57] #b Valendo uma Staff New Donate ...
[13/6/2016 2:3:51] #b Qual nome do top level do Tibia e qual level atualmente ele se encontra? Which top level name Tibia and which level it currently is?
[13/6/2016 2:4:21] #b Leiam a pergunta e respondam
[13/6/2016 2:4:35] #b 02:04 Night Ekz [251]: kharsek 988
[13/6/2016 2:5:6] #b Night Ekz comparecer no templo para pegar sua recompensa.
[13/6/2016 2:6:7] #b Qual item que todos sonham em obter do ferumbras? Valendo 10kk
[13/6/2016 2:6:20] #b 02:06 Stefani [505]: ferumbras hat
[13/6/2016 2:6:51] #b VALENDO 300KK !!!!!!!!!!
[13/6/2016 2:7:6] #b Valendo 300kk ...
[13/6/2016 2:7:49] #b Em que ano o tibia foi lançado e qual estação de outono era predominante na época? (A RESPOSTA SÓ É VÁLIDA NO CANAL AJUDA/HELP CHANNEL)
[13/6/2016 2:8:16] #b Em que ano o tibia foi lançado e qual estação de outono era predominante na época? (A RESPOSTA SÓ É VÁLIDA NO CANAL AJUDA/HELP CHANNEL)
[13/6/2016 2:8:47] #b 02:08 Stefani [505]: 1995 outono (Eu dei a estação e ninguém se ligou, parabéns Stefani)
[13/6/2016 2:9:27] #b Valendo tudo ...
[13/6/2016 2:9:36] #b Valendo tudo ...
[13/6/2016 2:10:8] #b Valendo tudo ...
[13/6/2016 2:10:17] #b 93kk, wand donate e double exp ...
[13/6/2016 2:10:41] #b O Primeiro player ...
[13/6/2016 2:10:52] #b que tomar um hit ...
[13/6/2016 2:10:58] #b de ...
[13/6/2016 2:11:4] #b e me mandar mensagem ...
[13/6/2016 2:11:7] #b será o ganhador ...
[13/6/2016 2:11:11] #b ATENÇÃO
[13/6/2016 2:11:17] #b O MONSTRO DO HIT
[13/6/2016 2:11:21] #b QUE EU QUERO NA MENSAGEM
[13/6/2016 2:11:23] #b É ....
[13/6/2016 2:11:31] #b É ....................
[13/6/2016 2:11:38] #b É ............
[13/6/2016 2:12:5] #b HIT DE GIANT SPIDER !!!!!!!!!!!!!!!
[13/6/2016 2:12:29] #b 02:12 Eutunoisbotanela [502]: 02:11 You lose 230 mana due to an attack by a Giant Spider
[13/6/2016 2:13:47] #b Durante o evento escondi uma backpack com 1kkk patrocinado pelo jogador Thugsz. Procurem!
[13/6/2016 2:15:41] #b Perto do local tem wisp
[13/6/2016 2:16:5] #b Alguém encontrou?
[13/6/2016 2:16:21] #b Quem encontrou da look na backpack e manda msg
[13/6/2016 2:16:39] #b Quem encontrou da look na backpack e manda msg
[13/6/2016 2:16:57] #b 02:16 Plakaplaka [501]: 00:37 You see a crown backpack (Vol:20). It weighs 517.00 oz.
[13/6/2016 2:17:5] #b Sortudo e ganhador dos 1kkk patrocinado pelo Thugsz!
[13/6/2016 2:18:4] #b Acabou, agora somente jogadores que quiserem dar 1kkk na backpack para esconder, só mandar msg!
[13/6/2016 2:19:14] #b 02:19 Thugsz [553]: amanha vou da um blessing amulet as 21 horas da noite ta?
[13/6/2016 2:19:43] #b Amanhã as 21 horas da noite o jogador Thugsz irá dar um Blessing Amulet para um evento!!! Estejam todos online :) :)
[13/6/2016 2:24:2] #b Pally vingadora deu uma idéia surpreendente de um evento para amanhã taxa de inscrição 50kk 
[13/6/2016 2:25:57] #b 02:25 Thugsz [553]: pode divulgar que eu estou procurando time para quest de promotion que tenha ts?
[13/6/2016 2:28:37] #b 02:27 Thugsz [553]: TS PARA A QUEST 167.114.206.52:2313
[13/6/2016 15:24:52] #b Boa tarde.
[13/6/2016 15:25:36] #b Canal de Ajuda (help) para perguntas.
[13/6/2016 17:41:16] #b Todas as doações atrasadas serão entregues hoje, apenas aguardem. (All donations will be delivered late today.) (Todas las donaciones serán entregadas tarde hoy.)
[13/6/2016 20:12:11] #b Quem está com pontos atrasados?
[13/6/2016 20:21:15] #b Mais alguém com problemas na ativação de points? Someone have problems with the confirmation points?
[13/6/2016 20:22:59] #b Mais alguém com problemas na ativação de points? Someone have problems with the confirmation points?
[13/6/2016 20:28:26] #b PESSOAL O R.E//S.E.T NÃO FOI DE PONTOS, FOI DE LEVEL, SKILLS, ML, OS ITENS PERMANECERAM NO CHARACTER, OS PONTOS NÃO SERÃO DEVOLVIDOS AFINAL, VOCÊS FAZEM O QUE QUISEREM COM O POINT DE VOCÊS, ISSO FOI DITO NO SITE!
[13/6/2016 20:29:6] #b PERSONAL NO R.ES.E.T punto fue habilidades de nivel, ML, cuestiones quedaron en el carácter, los puntos no será devuelta después de todo, hacer lo que quiera con la punta de USTED, QUE DIJERON EL SITIO!
[13/6/2016 20:29:19] #b PERSONAL R.ES.E.T NOT POINT WAS THE LEVEL SKILLS, ML, ITEMS REMAINED IN CHARACTER, THE POINTS WILL NOT BE RETURNED AFTER ALL, YOU DO WHAT YOU WANT WITH THE POINT OF YOU, THAT WAS TOLD THE SITE!
[13/6/2016 20:43:38] #b NÃO EXISTE NENHUM ADM NO SERVIDOR ALÉM DO [ADM] CLAYTON, quem se passar por ele é BAN!
[13/6/2016 23:6:30] #b O que vocês acham do servidor receber 10 quests novas? Hahaha
[13/6/2016 23:7:25] #b Estou pensando em 8 quests novas para os free, inclusive de premium days. Também estou pensando numa quest da SUPER NEW VOC, apenas para vips 550+
[14/6/2016 19:0:4] #b Oie
[14/6/2016 23:3:56] #b hey oh !
[14/6/2016 23:4:28] #b Estou online, alguém tem alguma dúvida? Por favor, utilizar o help channel, obrigada!
[14/6/2016 23:6:55] #b Only Help Channel ( Ajuda)
[14/6/2016 23:17:24] /mute Paiva, 650
[14/6/2016 23:17:34] /mute on
[14/6/2016 23:17:36] /mute Paiva
[14/6/2016 23:17:39] /mute Paiva
[14/6/2016 23:21:32] /mute Furfles Shoastheydnk
[14/6/2016 23:23:54] /mute Furfles Shoastheydnk,50
[14/6/2016 23:26:24] /mute Strykerz, 50
[14/6/2016 23:26:34] /mute Plaaciws, 40
[14/6/2016 23:26:42] /mute Furfles Shoastheydnk,0
[14/6/2016 23:27:5] /mute Furfles Shoastheydnk, 1
[14/6/2016 23:27:24] /mute Furfles Shoastheydnk, off
[14/6/2016 23:27:29] /mute Furfles Shoastheydnk,off
[14/6/2016 23:28:52] /mute Devakao,50
[14/6/2016 23:32:13] /mute Devakao, 500
[14/6/2016 23:32:17] /mute Plaaciews, 500
[14/6/2016 23:32:27] /mute Plaaciws,500
[14/6/2016 23:32:30] /mute Plaaciws, 599
[14/6/2016 23:33:52] /mute Pally of Destructor,500
[14/6/2016 23:35:33] /mute Edhelthandszy Rpzor,500
[14/6/2016 23:39:54] /mute New Pally, 500
[14/6/2016 23:39:59] /mute Scouter, 500
[14/6/2016 23:40:47] /mute Edhelthandszy Rpzor
[14/6/2016 23:41:39] /mute Vai Taca Taca Taca, 500
[14/6/2016 23:43:46] /mute Ogazk, 500
[15/6/2016 0:42:11] /mute Qatar Airways,500
[15/6/2016 0:43:37] #b Nós da equipe Ba.i.a.k N.e.w.s agradecemos à presença de todos vocês jogadores, vocês são incriveis! Parabéns pra mim \o/ (We the server team, thanks to the presence of you all, you are incredible.) - Happy brithday to me!!!
[15/6/2016 0:44:14] /mute Mage De Oz, 500
[15/6/2016 0:46:7] /mute Mage De Oz
[15/6/2016 18:1:42] /mute Qatar Airways
[15/6/2016 18:1:48] /mute Osito Panda
[15/6/2016 18:3:8] /mute Old Max
[15/6/2016 18:5:23] /mute Happy Dude Toxo
[15/6/2016 18:6:29] /mute Osito Panda
[15/6/2016 18:10:24] /mute Osito Panda, 19082891028912891278917892891722
[15/6/2016 18:10:44] /mute Luckzeraa, 9182019281098219027182712
[15/6/2016 18:11:32] /mute Osito Panda,871526
[15/6/2016 18:14:8] /mute Triickzeera,817263
[15/6/2016 18:14:35] /mute Nowak,817283912
[15/6/2016 18:16:20] /mute Osito Panda,81266537189
[15/6/2016 18:17:48] /mute Osito Panda,81266537189
[15/6/2016 18:17:49] /mute Osito Panda,81266537189
[15/6/2016 18:17:50] /mute Osito Panda,81266537189
[15/6/2016 18:18:7] /mute Osito Panda,81266537189
[15/6/2016 18:18:38] /mute Osito Panda,81266537189
[15/6/2016 18:18:53] /mute Osito Panda,81266537189
[15/6/2016 18:19:5] /mute Luckzeraa
[15/6/2016 18:19:21] /mute Osito Panda,81266537189
[15/6/2016 18:19:22] /mute Osito Panda,81266537189
[15/6/2016 18:19:23] /mute Osito Panda,81266537189
[15/6/2016 18:19:23] /mute Osito Panda,81266537189
[15/6/2016 18:19:24] /mute Osito Panda,81266537189
[15/6/2016 18:19:24] /mute Osito Panda,81266537189
[15/6/2016 18:19:25] /mute Osito Panda,81266537189
[15/6/2016 18:19:25] /mute Osito Panda,81266537189
[15/6/2016 18:19:40] /mute Osito Panda,81266537189
[15/6/2016 18:19:41] /mute Osito Panda,81266537189
[15/6/2016 18:19:41] /mute Osito Panda,81266537189
[15/6/2016 18:19:41] /mute Osito Panda,81266537189
[15/6/2016 18:19:41] /mute Osito Panda,81266537189
[15/6/2016 18:19:49] /mute Osito Panda,81266537189
[15/6/2016 18:19:49] /mute Osito Panda,81266537189
[15/6/2016 18:19:49] /mute Osito Panda,81266537189
[15/6/2016 18:19:50] /mute Osito Panda,81266537189
[15/6/2016 18:21:0] /mute Osito Panda,81266537189
[15/6/2016 18:21:1] /mute Osito Panda,81266537189
[15/6/2016 18:21:1] /mute Osito Panda,81266537189
[15/6/2016 18:21:1] /mute Osito Panda,81266537189
[15/6/2016 18:21:2] /mute Osito Panda,81266537189
[15/6/2016 18:22:24] /mute Osito Panda,8126
[15/6/2016 18:22:24] /mute Osito Panda,8126
[15/6/2016 18:22:24] /mute Osito Panda,8126
[15/6/2016 18:22:25] /mute Osito Panda,8126
[15/6/2016 18:22:25] /mute Osito Panda,8126
[15/6/2016 18:22:25] /mute Osito Panda,8126
[15/6/2016 18:22:25] /mute Osito Panda,8126
[15/6/2016 18:22:26] /mute Osito Panda,8126
[15/6/2016 18:22:26] /mute Osito Panda,8126
[15/6/2016 18:22:26] /mute Osito Panda,8126
[15/6/2016 18:22:27] /mute Osito Panda,8126
[15/6/2016 18:22:27] /mute Osito Panda,8126
[15/6/2016 18:22:27] /mute Osito Panda,8126
[15/6/2016 18:22:28] /mute Osito Panda,8126
[15/6/2016 18:22:28] /mute Osito Panda,8126
[15/6/2016 18:22:28] /mute Osito Panda,8126
[15/6/2016 18:22:29] /mute Osito Panda,8126
[15/6/2016 18:22:29] /mute Osito Panda,8126
[15/6/2016 18:22:29] /mute Osito Panda,8126
[15/6/2016 18:22:30] /mute Osito Panda,8126
[15/6/2016 18:22:30] /mute Osito Panda,8126
[15/6/2016 18:22:30] /mute Osito Panda,8126
[15/6/2016 18:22:31] /mute Osito Panda,8126
[15/6/2016 18:22:31] /mute Osito Panda,8126
[15/6/2016 18:22:31] /mute Osito Panda,8126
[15/6/2016 18:22:32] /mute Osito Panda,8126
[15/6/2016 18:22:32] /mute Osito Panda,8126
[15/6/2016 18:22:32] /mute Osito Panda,8126
[15/6/2016 18:22:33] /mute Osito Panda,8126
[15/6/2016 18:22:33] /mute Osito Panda,8126
[15/6/2016 18:22:34] /mute Osito Panda,8126
[15/6/2016 18:22:34] /mute Osito Panda,8126
[15/6/2016 19:12:9] #b Castle destrapado! 
[15/6/2016 19:13:31] #b QUEM TRAPAR CASTLE É BAN!
[15/6/2016 19:15:0] #b Castle 24 hours OPENNED!
[15/6/2016 19:16:37] /mute Dwix Lestange
[15/6/2016 19:16:58] /mute Pally Of Destructor
[15/6/2016 19:35:18] #b Server no r.e.s.et, no h.a.ck.ed ! (Servidor não irá res.e.t.ar e muito menos foi hacked, isso são jogadores que não tem o que fazer.)
[15/6/2016 19:42:36] #b Who has not received the points, please send back confirmation to the email that is on site. - Quem ainda não recebeu os pontos, por favor mandar novamente a confirmação para o email que está no site.
[15/6/2016 19:43:22] #b Who has not received the points, please send back confirmation to the email that is on site. - Quem ainda não recebeu os pontos, por favor mandar novamente a confirmação para o email que está no site.
[15/6/2016 19:43:33] #b Que no ha recibido los puntos, por favor envíe de vuelta a la confirmación de correo electrónico que está en el sitio.
[15/6/2016 19:45:2] #b El correo electrónico es la página principal del sitio./O email se encontra na pagina inicial do site./The email is the home page of the site.
[15/6/2016 19:50:31] #b Who has not received the points, please send back confirmation to the email that is on site. - Quem ainda não recebeu os pontos, por favor mandar novamente a confirmação para o email que está no site.
[15/6/2016 19:50:38] #b Que no ha recibido los puntos, por favor envíe de vuelta a la confirmación de correo electrónico que está en el sitio.
[15/6/2016 19:50:46] #b El correo electrónico es la página principal del sitio./O email se encontra na pagina inicial do site./The email is the home page of the site.
[15/6/2016 19:53:15] /mute Moraleso
[15/6/2016 20:10:1] #b Who has not received the points, please send back confirmation to the email that is on site. - Quem ainda não recebeu os pontos, por favor mandar novamente a confirmação para o email que está no site.
[15/6/2016 21:50:15] #b SE NÃO ANDAREM PRA FRENTE NO NEW CASTLE, VÃO TOMAR BAN!
[16/6/2016 14:47:43] #b Tudo Normalizado, bom jogo à todos.
[16/6/2016 14:49:23] #b Os erros que estão acontecendo com entrega de vip, itens, serão normalizados em breve também, só peço que aguardem um pouco, porque hoje o trabalho foi duro.
[16/6/2016 23:40:16] #b Olá pessoal :)
[16/6/2016 23:41:1] #b Pessoal que estiver com problema com itens, por favor mandar email p o suporte para o clayton resolver.
[16/6/2016 23:41:34] #b Problem with bought points, vips, on site, sent email to suport Clayton on website.
[16/6/2016 23:43:20] #b NO HAVE BANNED, ALL BANNED RETIRE BECAUSE THE TUTOR VENEZUELANO!
[16/6/2016 23:45:38] #b Alguém vendendo premium? To querendo uma! :P
[16/6/2016 23:49:18] #b NÃO EXISTE ITEM PARA ATIVAR VIP (DOES NOT EXIST ITEM TO ACTIVATE ITEM) - ONLY EXIST ITEM TO ACTIVE PREMIUM POINTS (APENAS EXISTEM ITENS PARA ATIVAR PREMIUM POINTS) WHO SELL IS THIEF (QUEM VENDE É LADRÃO)!
[17/6/2016 0:26:51] #b Alguém quer trocar itens no fortera por itens aqui?
[17/6/2016 0:51:8] #b Buy Points (10) - Vip 15 days
[17/6/2016 0:59:49] #b Noiado é noiado.
[17/6/2016 1:8:43] #b Tenga cuidado cuando la caza, el servidor inestable. Be careful when hunting, unstable server. Cuidado ao caçar, servidor instável.
[17/6/2016 1:14:3] #b bUY 10 POINTS!
[17/6/2016 1:23:14] #b BUY 10 POINTS! (4kkk)
[17/6/2016 1:24:48] #b 01:23 Setzer [413]: tem como anunciar que estamos fazendo team pra new promotion quest?
[17/6/2016 1:33:6] #b BUY 10 POINTS! (4kkk)
[17/6/2016 1:34:24] #b BUY 8 POINTS FAST PLEASE
[17/6/2016 1:35:43] #b BUY 8 POINTS FAST PLEASE
[17/6/2016 1:44:2] #b 01:42 Overdose [403]: SELL 30 DIAS VIP < - PM  (THIEF)
[17/6/2016 1:44:44] #b BUY 8 POINTS FAST PLEASE
[17/6/2016 1:48:27] #b Buy 8 POINTS FAST
[17/6/2016 1:52:8] #b BUY 7 POINTS
[17/6/2016 1:53:12] #b BUY 7 POINTS
[17/6/2016 1:55:35] #b BUY 7 POINTS
[17/6/2016 1:58:8] #b BUY 7 POINTS
[17/6/2016 2:35:14] #b BUY 7 POINTS
[17/6/2016 13:11:43] #b 13:11 Extra Extra! O cara mais char love do server eh "Kryonzz", e se voce matar ele, o pagamento para voce eh de 16325 k ! (Vive em pz nos pombos bugando xp) kkkkkkkkkkkkkkkkkk
[17/6/2016 14:23:35] #b alguém quer itens no fortera por itens aqui?
[17/6/2016 16:57:22] #b General Cannabis trapando todos os jogadores do servidor, atenção.
[17/6/2016 23:10:58] /mute Qatar Airways
[18/6/2016 0:22:49] #b Eae galera, boa noite à todos. NÃO RESPONDO PRIVADO.
[18/6/2016 1:58:10] #b Alguém quer ir voc quest?
[18/6/2016 1:59:45] #b Voc quest daqui 3 minutos, venham para o teleport. (Vocation Quest in 3 minutes, come to teleport).
[18/6/2016 2:0:45] #b Voc quest daqui 3 minutos, venham para o teleport. (Vocation Quest in 3 minutes, come to teleport).
[18/6/2016 2:1:54] #b Quest after Event Snowball (Quest depois do evento Snowball)
[18/6/2016 2:2:53] #b Come all Quest, i'm inside. (Venham todos para a quest, estou dentro)
[18/6/2016 2:4:49] #b the quest starts.
[18/6/2016 2:53:52] #b Que time bom, deixando os outros pra trás... Nossa senhora, parabéns para os jogadores.
[18/6/2016 3:19:10] /mute Optimus Pryme
[18/6/2016 3:20:1] #b Alguém explica para o jogador Optimus Pryme que o Clayton demora à entregar os pontos? O mesmo sofre de algum tipo de déficit e se faz que não entende o que eu digo. Peço à todos encarecidamente que explicam à ele. Obrigada!
[18/6/2016 3:20:27] /mute Qatar Airways
[19/6/2016 23:57:36] #b Trapar castle é BAN!
[20/6/2016 18:46:44] #b Ficar jogando lixo no chão, se resulta em ban! Só um aviso para os espertinhos.
[20/6/2016 18:51:2] #b Quem pegar alguém jogando lixo no chão, por favor tirar print e me enviar quando estiver online! Obrigada
[20/6/2016 18:54:37] #b Kryonzz banido.
[20/6/2016 18:56:13] #b Foi avisado que quem jogasse lixo, ia ser banido, o mesmo disse que iria logar maker e continuar fazendo. Mandei todas as prints para o Clayton e o mesmo foi ban. Aos advogados de Kryonzz o ban dele não vai ser removido.
[20/6/2016 19:4:41] #b Kryonzz, toda conta que você entrar pra ficar falando besteira, vai ser banida. Jogue como um player normal, obedeça as regras.
[20/6/2016 20:8:23] #b O que vocês preferem hoje em dia? Ba.iak ou Global? 8.6 ou versão atual? E porque?
[20/6/2016 22:2:42] #b 22:02 Thugsz [628]: tem como perguntar pra mim se alguem joga no under?
[20/6/2016 22:42:49] #b Pessoal que está falando do Kryonzz, o mesmo vai ser deletado pelos comentários no site e usufruiu de bug. O mesmo recebia apoio do Danyel um ex membro da staff que foi afastado do cargo, pois roubou diversos jogadores.
[20/6/2016 22:47:49] #b Vamos fazer algumas alterações no servidor, preciso que todos me mandem uma opinião. O que vocês acham do UnderWar e dos outros servidores atuais? Map B.a.ai.ak ou Global? Versão 8.6 ou atual?
[20/6/2016 22:56:24] /mute Legend
[21/6/2016 1:1:53] #b Alguém joga no under?
[21/6/2016 1:9:21] #b Venezuelanos ?online
[21/6/2016 1:17:25] #b Los gringos que quieren donatar, me envían el mensaje, tengo la solución para usted!
[21/6/2016 1:33:13] #b Alguém com pagseguro, paypal?
[21/6/2016 1:34:19] #b Alguém com pagseguro, paypal?
[21/6/2016 1:35:36] #b Alguém com pagseguro, paypal?
[21/6/2016 1:41:46] #b Alguém com pagseguro, paypal?
[21/6/2016 1:45:59] #b Estou vendendo 4 full sets, 5kkk, blessing amulet, stamina infinita 2x, tudo super, maiores interessados msg. (tem que ter pagseguro ou paypal).
[21/6/2016 1:49:48] #b Estou vendendo 4 full sets, 5kkk, blessing amulet, stamina infinita 2x, tudo super, maiores interessados msg. (tem que ter pagseguro ou paypal).
[21/6/2016 1:54:0] #b Estou vendendo 4 full sets(ek,2mage,rp), 5kkk, blessing amulet, stamina infinita 2x, tudo super, maiores interessados msg. (tem que ter pagseguro ou paypal).
[23/6/2016 0:19:38] #b Banidos pessoas que estavam trapando castle.
[24/6/2016 14:11:52] #b .
[30/6/2016 14:26:34] #b Resetado amanhã.
[30/6/2016 14:27:5] #b RESET TOTAL! SÓ VAI TER POINTS QUEM DONATOU !!!!!!
[30/6/2016 14:27:6] #b RESET TOTAL! SÓ VAI TER POINTS QUEM DONATOU !!!!!!
[30/6/2016 14:27:6] #b RESET TOTAL! SÓ VAI TER POINTS QUEM DONATOU !!!!!!
[30/6/2016 14:27:7] #b RESET TOTAL! SÓ VAI TER POINTS QUEM DONATOU !!!!!!
[30/6/2016 14:27:7] #b RESET TOTAL! SÓ VAI TER POINTS QUEM DONATOU !!!!!!
[30/6/2016 14:27:7] #b RESET TOTAL! SÓ VAI TER POINTS QUEM DONATOU !!!!!!
[30/6/2016 14:27:7] #b RESET TOTAL! SÓ VAI TER POINTS QUEM DONATOU !!!!!!
[30/6/2016 14:27:8] #b RESET TOTAL! SÓ VAI TER POINTS QUEM DONATOU !!!!!!
[30/6/2016 14:27:31] #b RESET TOTAL! SÓ VAI TER POINTS QUEM DONATOU !!!!!!
[30/6/2016 14:27:32] #b RESET TOTAL! SÓ VAI TER POINTS QUEM DONATOU !!!!!!
[30/6/2016 14:27:32] #b RESET TOTAL! SÓ VAI TER POINTS QUEM DONATOU !!!!!!
[30/6/2016 14:27:32] #b RESET TOTAL! SÓ VAI TER POINTS QUEM DONATOU !!!!!!
[30/6/2016 14:27:33] #b RESET TOTAL! SÓ VAI TER POINTS QUEM DONATOU !!!!!!
[30/6/2016 14:27:33] #b RESET TOTAL! SÓ VAI TER POINTS QUEM DONATOU !!!!!!
[30/6/2016 14:27:33] #b RESET TOTAL! SÓ VAI TER POINTS QUEM DONATOU !!!!!!
[30/6/2016 14:27:34] #b RESET TOTAL! SÓ VAI TER POINTS QUEM DONATOU !!!!!!
[30/6/2016 14:27:34] #b RESET TOTAL! SÓ VAI TER POINTS QUEM DONATOU !!!!!!
[30/6/2016 14:27:34] #b RESET TOTAL! SÓ VAI TER POINTS QUEM DONATOU !!!!!!
[30/6/2016 14:27:35] #b RESET TOTAL! SÓ VAI TER POINTS QUEM DONATOU !!!!!!
[30/6/2016 14:27:35] #b RESET TOTAL! SÓ VAI TER POINTS QUEM DONATOU !!!!!!
[30/6/2016 14:27:35] #b RESET TOTAL! SÓ VAI TER POINTS QUEM DONATOU !!!!!!
[30/6/2016 14:27:36] #b RESET TOTAL! SÓ VAI TER POINTS QUEM DONATOU !!!!!!
[30/6/2016 14:27:36] #b RESET TOTAL! SÓ VAI TER POINTS QUEM DONATOU !!!!!!
[30/6/2016 14:27:36] #b RESET TOTAL! SÓ VAI TER POINTS QUEM DONATOU !!!!!!
[30/6/2016 14:27:36] #b RESET TOTAL! SÓ VAI TER POINTS QUEM DONATOU !!!!!!
[30/6/2016 14:27:37] #b RESET TOTAL! SÓ VAI TER POINTS QUEM DONATOU !!!!!!
[30/6/2016 14:27:37] #b RESET TOTAL! SÓ VAI TER POINTS QUEM DONATOU !!!!!!
[30/6/2016 14:27:37] #b RESET TOTAL! SÓ VAI TER POINTS QUEM DONATOU !!!!!!
[30/6/2016 14:27:38] #b RESET TOTAL! SÓ VAI TER POINTS QUEM DONATOU !!!!!!
[1/7/2016 13:59:13] #b alguém joga pokexgames? Someone play pokexgames?
[1/7/2016 14:1:16] #b Servidor não vai fechar, vai ser r.e.s.e.t.a.do
[7/7/2016 18:37:12] #b kk
[8/7/2016 10:18:48] /up
[8/7/2016 10:18:50] /up
[8/7/2016 10:19:24] /c Gabriel Aoua
[8/7/2016 10:19:30] /ghost
[8/7/2016 10:19:32] /t
[8/7/2016 10:19:35] /up
[8/7/2016 10:19:39] /goto Gabriel Aoua
[8/7/2016 10:19:44] /up
[8/7/2016 10:19:45] /up
[8/7/2016 10:19:47] /up
[8/7/2016 10:19:55] /up
[8/7/2016 10:20:1] /c Gabriel Aoua
[8/7/2016 10:20:3] /ghost
[8/7/2016 10:24:56] /ghost
[8/7/2016 10:25:0] /t
[8/7/2016 10:25:24] /i 8633
[8/7/2016 10:25:30] /c Gabriel Aoua
[8/7/2016 10:26:35] /up
[8/7/2016 10:26:38] /up
[8/7/2016 10:26:41] /c Gabriel Aoua
[8/7/2016 10:27:0] /c Gabriel Aoua
[8/7/2016 10:27:6] /ghost
[8/7/2016 10:29:23] /ghost
[8/7/2016 10:29:37] /r
