[7/7/2016 12:4:51] /ghost
[7/7/2016 12:5:39] /i 2160
[7/7/2016 12:5:43] /i 2160
[7/7/2016 12:6:3] /i 9971
[7/7/2016 12:6:5] /i 9971
[7/7/2016 12:20:13] /c xeros
[7/7/2016 12:20:34] /c xeros
[7/7/2016 12:29:10] /c xeros
[7/7/2016 12:29:25] /c xeros
[7/7/2016 12:29:51] /c xeros
[7/7/2016 12:30:0] /c xeros
[7/7/2016 12:30:2] /c xeros
[7/7/2016 12:30:3] /c xeros
[7/7/2016 12:30:5] /c xeros
[7/7/2016 12:30:11] /c xeros
[7/7/2016 12:30:13] /c xeros
[7/7/2016 12:32:9] /c xeros
[7/7/2016 12:32:16] /c xeros
[7/7/2016 12:32:38] /c peter
[7/7/2016 12:32:45] /c peter
[7/7/2016 12:33:4] /r
[7/7/2016 12:33:7] /r
[7/7/2016 12:33:14] /c peter
[7/7/2016 12:33:17] /c peter
[7/7/2016 12:33:22] /c peterr
[7/7/2016 12:33:26] /r
[7/7/2016 12:36:7] /c xeros
[7/7/2016 12:36:11] /c xeros
[7/7/2016 12:37:55] /owner xeros
[7/7/2016 12:39:0] /i 2000
[7/7/2016 12:39:9] /i 9971
[7/7/2016 12:39:9] /i 9971
[7/7/2016 12:39:13] /i 9971
[7/7/2016 12:39:14] /i 9971
[7/7/2016 12:39:14] /i 9971
[7/7/2016 12:39:16] /i 9971
[7/7/2016 12:39:18] /i 9971
[7/7/2016 12:39:19] /i 9971
[7/7/2016 12:39:19] /i 9971
[7/7/2016 12:39:20] /i 9971
[7/7/2016 12:39:21] /i 9971
[7/7/2016 12:39:21] /i 9971
[7/7/2016 12:39:22] /i 9971
[7/7/2016 12:39:23] /i 9971
[7/7/2016 12:39:23] /i 9971
[7/7/2016 12:39:24] /i 9971
[7/7/2016 12:39:25] /i 9971
[7/7/2016 12:39:25] /i 9971
[7/7/2016 12:39:26] /i 9971
[7/7/2016 12:39:27] /i 9971
[7/7/2016 12:39:32] /i 9971
[7/7/2016 12:39:32] /i 9971
[7/7/2016 12:39:33] /i 9971
[7/7/2016 12:39:34] /i 9971
[7/7/2016 12:39:36] /i 9971
[7/7/2016 12:39:37] /i 9971
[7/7/2016 12:39:38] /i 9971
[7/7/2016 12:39:44] /i 9971
[7/7/2016 12:39:45] /i 9971
[7/7/2016 12:39:47] /i 9971
[7/7/2016 12:39:48] /i 9971
[7/7/2016 12:39:50] /i 9971
[7/7/2016 12:39:51] /i 9971
[7/7/2016 12:39:52] /i 9971
[7/7/2016 12:39:54] /i 9971
[7/7/2016 12:39:55] /i 9971
[7/7/2016 12:40:7] /i 9971
[7/7/2016 12:40:9] /i 9971
[7/7/2016 12:40:9] /i 9971
[7/7/2016 12:40:11] /i 9971
[7/7/2016 12:40:12] /i 9971
[7/7/2016 12:40:13] /i 9971
[7/7/2016 12:40:14] /i 9971
[7/7/2016 12:40:16] /i 9971
[7/7/2016 12:40:17] /i 9971
[7/7/2016 12:40:19] /i 9971
[7/7/2016 12:40:21] /i 9971
[7/7/2016 12:42:46] /i 8981
[7/7/2016 12:42:57] /i 12396
[7/7/2016 12:43:9] /i 12575
[7/7/2016 12:43:19] /i 7443
[7/7/2016 12:43:28] /i 
[7/7/2016 12:44:24] /i 
[7/7/2016 12:44:30] /i 7443
[7/7/2016 12:44:55] /i 12575
[7/7/2016 12:45:10] /i 
[7/7/2016 12:45:30] /i 12396
[7/7/2016 12:45:40] /i 12396
[7/7/2016 12:45:41] /i 
[7/7/2016 12:45:46] /i 12575
[7/7/2016 12:45:50] /i 7443
[7/7/2016 12:47:45] /i 8981
[7/7/2016 12:47:47] /i 8981
[7/7/2016 12:47:48] /i 8981
[7/7/2016 12:47:49] /i 8981
[7/7/2016 12:47:49] /i 8981
[7/7/2016 12:47:57] /i 8981
[7/7/2016 15:35:9] /i 2000
[7/7/2016 15:35:14] /ghost
[7/7/2016 15:35:33] /i 7443
[7/7/2016 15:35:35] /i 7443
[7/7/2016 15:35:35] /i 7443
[7/7/2016 15:35:36] /i 7443
[7/7/2016 15:35:37] /i 7443
[7/7/2016 15:35:37] /i 7443
[7/7/2016 15:35:38] /i 7443
[7/7/2016 15:35:38] /i 7443
[7/7/2016 15:35:39] /i 7443
[7/7/2016 15:35:40] /i 7443
[7/7/2016 15:35:40] /i 7443
[7/7/2016 15:35:41] /i 7443
[7/7/2016 15:35:54] /i 8981
[7/7/2016 15:35:55] /i 8981
[7/7/2016 15:35:56] /i 8981
[7/7/2016 15:35:56] /i 8981
[7/7/2016 15:35:57] /i 8981
[7/7/2016 15:35:57] /i 8981
[7/7/2016 15:35:58] /i 8981
[7/7/2016 15:36:12] /i 2000
[7/7/2016 15:36:17] /i 8981
[7/7/2016 15:36:18] /i 8981
[7/7/2016 15:36:19] /i 8981
[7/7/2016 15:36:19] /i 8981
[7/7/2016 15:36:20] /i 8981
[7/7/2016 15:36:20] /i 8981
[7/7/2016 15:36:21] /i 8981
[7/7/2016 15:36:22] /i 8981
[7/7/2016 15:36:23] /i 8981
[7/7/2016 15:36:26] /i 7443
[7/7/2016 15:36:27] /i 7443
[7/7/2016 15:36:28] /i 7443
[7/7/2016 15:36:28] /i 7443
[7/7/2016 15:36:29] /i 7443
[7/7/2016 15:36:29] /i 7443
[7/7/2016 15:36:30] /i 7443
[7/7/2016 15:36:31] /i 7443
[7/7/2016 15:36:31] /i 7443
[7/7/2016 15:36:32] /i 7443
[7/7/2016 15:36:33] /i 7443
[7/7/2016 15:36:38] /i 7443
[7/7/2016 15:36:52] /i 2001
[7/7/2016 15:36:56] /i 7443
[7/7/2016 15:36:56] /i 7443
[7/7/2016 15:36:58] /i 7443
[7/7/2016 15:36:59] /i 7443
[7/7/2016 15:37:0] /i 7443
[7/7/2016 15:37:0] /i 7443
[7/7/2016 15:37:1] /i 7443
[7/7/2016 15:37:2] /i 7443
[7/7/2016 15:37:2] /i 7443
[7/7/2016 15:37:3] /i 7443
[7/7/2016 15:37:4] /i 7443
[7/7/2016 15:37:4] /i 7443
[7/7/2016 15:37:7] /i 8981
[7/7/2016 15:37:8] /i 8981
[7/7/2016 15:37:9] /i 8981
[7/7/2016 15:37:9] /i 8981
[7/7/2016 15:37:10] /i 8981
[7/7/2016 15:37:11] /i 8981
[7/7/2016 15:37:11] /i 8981
[7/7/2016 15:37:12] /i 8981
[7/7/2016 15:37:13] /i 8981
[7/7/2016 15:37:13] /i 8981
[7/7/2016 15:37:15] /i 7443
[7/7/2016 15:37:16] /i 7443
[7/7/2016 15:37:25] /i 7443
[7/7/2016 15:38:40] /i 2000
[7/7/2016 15:39:49] /i 6527
[7/7/2016 15:39:50] /i 6527
[7/7/2016 15:39:51] /i 6527
[7/7/2016 15:39:52] /i 6527
[7/7/2016 15:39:53] /i 6527
[7/7/2016 15:39:53] /i 6527
[7/7/2016 15:39:54] /i 6527
[7/7/2016 15:39:54] /i 6527
[7/7/2016 15:39:55] /i 6527
[7/7/2016 15:39:56] /i 6527
[7/7/2016 15:39:56] /i 6527
[7/7/2016 15:39:57] /i 6527
[7/7/2016 15:40:5] /i 2000
[7/7/2016 15:40:8] /i 6527
[7/7/2016 15:40:9] /i 6527
[7/7/2016 15:40:9] /i 6527
[7/7/2016 15:40:10] /i 6527
[7/7/2016 15:40:11] /i 6527
[7/7/2016 15:40:11] /i 6527
[7/7/2016 15:40:12] /i 6527
[7/7/2016 15:40:13] /i 6527
[7/7/2016 15:40:13] /i 6527
[7/7/2016 15:40:14] /i 6527
[7/7/2016 15:40:15] /i 6527
[7/7/2016 15:40:16] /i 6527
[7/7/2016 15:40:16] /i 6527
[7/7/2016 15:40:17] /i 6527
[7/7/2016 15:40:18] /i 6527
[7/7/2016 15:40:18] /i 6527
[7/7/2016 15:40:19] /i 6527
[7/7/2016 15:40:20] /i 6527
[7/7/2016 15:40:21] /i 6527
[7/7/2016 15:40:21] /i 6527
[7/7/2016 15:40:22] /i 6527
[7/7/2016 15:40:54] /i 2000
[7/7/2016 15:41:23] /i 12575
[7/7/2016 15:41:26] /i 12575
[7/7/2016 15:41:26] /i 12575
[7/7/2016 15:41:27] /i 12575
[7/7/2016 15:42:1] /i 12398
[7/7/2016 15:42:11] /i 12396
[7/7/2016 15:42:12] /i 12396
[7/7/2016 15:42:13] /i 12396
[7/7/2016 15:42:14] /i 12396
