[9/2/2017 9:40:34] /ghost
[9/2/2017 9:40:43] /a 1
[9/2/2017 9:40:55] /a 5
[9/2/2017 9:40:58] /a 5
[9/2/2017 9:41:8] /a 1
[9/2/2017 9:41:10] /a 1
[9/2/2017 9:41:10] /a 1
[9/2/2017 9:41:11] /a 1
[9/2/2017 9:41:11] /a 1
[9/2/2017 9:41:12] /a 1
[9/2/2017 9:41:16] /a 1
[9/2/2017 9:41:16] /a 1
[9/2/2017 9:41:18] /a 1
[9/2/2017 9:41:18] /a 1
[9/2/2017 9:41:18] /a 1
[9/2/2017 9:41:18] /a 1
[9/2/2017 9:41:20] /a 1
[9/2/2017 9:41:20] /a 1
[9/2/2017 9:41:20] /a 1
[9/2/2017 9:41:21] /a 1
[9/2/2017 9:41:21] /a 1
[9/2/2017 9:41:21] /a 1
[9/2/2017 9:41:21] /a 1
[9/2/2017 9:41:21] /a 1
[9/2/2017 9:41:22] /a 1
[9/2/2017 9:45:33] /ghost
[9/2/2017 9:46:19] /t
[9/2/2017 9:47:5] /a 1
[9/2/2017 9:47:7] /a 1
[9/2/2017 9:47:8] /a 1
[9/2/2017 9:47:9] /a 1
[9/2/2017 9:50:8] /goto Super Man
[9/2/2017 9:50:17] /a 1
[9/2/2017 9:52:30] /ghost
[9/2/2017 9:52:35] /t
[9/2/2017 9:53:46] /ghost
[9/2/2017 9:54:56] /ghost
[9/2/2017 9:57:46] /b ...
[9/2/2017 10:3:44] /ghost
[9/2/2017 10:3:44] /ghost
[9/2/2017 10:3:52] /ghost
[9/2/2017 10:3:57] /ghost
[9/2/2017 10:4:25] /ghost
[9/2/2017 10:4:51] /ghost
[9/2/2017 10:6:35] /ghost
[9/2/2017 10:10:47] /b Boa tarde a todos, vim avisar que o ot sera r.e.s.e.t.a.d.o hoje mesmo por melhorias ao ot! Qualquer duvida sobre o assunto me manda mp.
[9/2/2017 10:10:57] /b Boa tarde a todos, vim avisar que o ot sera r.e.s.e.t.a.d.o hoje mesmo por melhorias ao ot! Qualquer duvida sobre o assunto me manda mp.
[9/2/2017 10:11:7] /b Boa tarde a todos, vim avisar que o ot sera r.e.s.e.t.a.d.o hoje mesmo por melhorias ao ot! Qualquer duvida sobre o assunto me manda mp.
[9/2/2017 10:12:57] /b Boa tarde a todos, vim avisar que o ot sera r.e.s.e.t.a.d.o hoje mesmo por melhorias ao ot! Qualquer duvida sobre o assunto me manda mp.
[9/2/2017 10:14:12] /b Boa tarde a todos, vim avisar que o ot sera r.e.s.e.t.a.d.o hoje mesmo por melhorias ao ot! Qualquer duvida sobre o assunto me manda mp.
[9/2/2017 10:15:28] /b Boa tarde a todos qual seria a opnião de vocês sobre o r.e.s.e.t? Sim ou nao?
[9/2/2017 10:17:55] /ghost
[9/2/2017 10:18:56] /b Boa tarde a todos, vim avisar que o ot sera r.e.s.e.t.a.d.o hoje mesmo por melhorias ao ot! Qualquer duvida sobre o assunto me manda mp.
[9/2/2017 10:22:29] /goto Princesa Juh
[9/2/2017 10:22:33] /ghost
[9/2/2017 10:22:51] /goto Princesa Juh
[9/2/2017 10:24:14] /ghost
[9/2/2017 10:27:44] /ghost
[9/2/2017 10:29:3] /goto Seu
[9/2/2017 10:32:1] /a 1
[9/2/2017 10:32:9] /ghost
[9/2/2017 10:37:27] /goto Princesa Juh
[9/2/2017 10:37:38] /a 1
[9/2/2017 10:37:39] /a 1
[9/2/2017 10:46:17] /c Princesa Juh
[9/2/2017 10:48:59] /ghost
[9/2/2017 10:52:6] /ghost
[9/2/2017 11:30:25] /goto Roy
[9/2/2017 11:30:32] /goto Toy Navam
[9/2/2017 11:30:41] /goto Roy navam
[9/2/2017 11:31:10] /goto Voz de Verdade
[9/2/2017 11:31:17] /goto Voz da Verdade
[9/2/2017 11:31:40] /goto Dani vip
[9/2/2017 11:32:20] /t
[9/2/2017 12:7:25] /ghost
[9/2/2017 12:20:47] /goto Vuvuzela Africana
[9/2/2017 12:28:0] /a 1
[9/2/2017 12:28:2] /a 1
[9/2/2017 12:28:2] /a 1
[9/2/2017 12:28:2] /a 1
[9/2/2017 12:28:2] /a 1
[9/2/2017 12:28:2] /a 1
[9/2/2017 12:28:2] /a 1
[9/2/2017 12:28:2] /a 1
[9/2/2017 12:28:3] /a 1
[9/2/2017 12:28:4] /a 1
[9/2/2017 12:28:4] /a 1
[9/2/2017 12:28:4] /a 1
[9/2/2017 12:28:4] /a 1
[9/2/2017 12:28:5] /a 1
[9/2/2017 12:28:5] /a 1
[9/2/2017 12:28:5] /a 1
[9/2/2017 12:28:8] /a 1
[9/2/2017 12:28:8] /a 1
[9/2/2017 12:28:9] /a 1
[9/2/2017 12:28:9] /a 1
[9/2/2017 12:28:9] /a 1
[9/2/2017 12:28:39] /a 1
[9/2/2017 12:28:39] /a 1
[9/2/2017 12:28:39] /a 1
[9/2/2017 12:28:40] /a 1
[9/2/2017 12:28:40] /a 1
[9/2/2017 12:28:41] /a 1
[9/2/2017 12:28:41] /a 1
[9/2/2017 12:28:42] /a 1
[9/2/2017 12:28:42] /a 1
[9/2/2017 12:28:42] /a 1
[9/2/2017 12:28:42] /a 1
[9/2/2017 12:28:43] /a 1
[9/2/2017 12:28:43] /a 1
[9/2/2017 12:28:43] /a 1
[9/2/2017 12:36:16] /kick Vuvuzela Africana
[9/2/2017 12:36:20] /kick Seu Madruga
[9/2/2017 12:36:23] /t
[9/2/2017 12:43:18] /ghost
[9/2/2017 12:44:24] /t Albatrozz
[9/2/2017 12:44:33] /t Albratrozz
[9/2/2017 13:7:9] /goto Vuvuzela Koreana
[9/2/2017 13:10:34] /ghost
[9/2/2017 13:10:54] /goto Vuvuzela Africana
[9/2/2017 13:11:18] /t
[9/2/2017 13:11:28] /ghost
[9/2/2017 13:25:2] /ghost
[9/2/2017 13:26:32] /ghost
[9/2/2017 13:27:38] /b Pedidos de itens será ignorados!
[9/2/2017 13:33:26] /ghost
[9/2/2017 13:40:47] /ghost
[9/2/2017 13:46:24] /a 1
[9/2/2017 13:46:25] /a 1
[9/2/2017 13:47:16] /a 1
[9/2/2017 13:47:17] /a 1
[9/2/2017 13:47:17] /a 1
[9/2/2017 13:47:17] /a 1
[9/2/2017 13:47:18] /a 1
[9/2/2017 13:47:18] /a 1
[9/2/2017 13:47:21] /a 1
[9/2/2017 13:47:21] /a 1
[9/2/2017 13:47:21] /a 1
[9/2/2017 13:47:22] /a 1
[9/2/2017 13:47:22] /a 1
[9/2/2017 13:47:22] /a 1
[9/2/2017 13:48:15] /ghost
[9/2/2017 13:54:36] /ghost
[9/2/2017 13:56:15] /a 1
[9/2/2017 13:56:16] /a 1
[9/2/2017 13:56:16] /a 1
[9/2/2017 13:56:17] /a 1
[9/2/2017 13:56:18] /a 1
[9/2/2017 13:56:18] /a 1
[9/2/2017 13:56:18] /a 1
[9/2/2017 13:56:18] /a 1
[9/2/2017 13:56:19] /a 1
[9/2/2017 13:56:19] /a 1
[9/2/2017 13:56:19] /a 1
[9/2/2017 13:56:19] /a 1
[9/2/2017 13:56:20] /a 1
[9/2/2017 13:56:20] /a 1
[9/2/2017 13:56:20] /a 1
[9/2/2017 13:56:20] /a 1
[9/2/2017 13:56:20] /a 1
[9/2/2017 13:56:21] /a 1
[9/2/2017 13:56:21] /a 1
[9/2/2017 13:56:21] /a 1
[9/2/2017 13:56:21] /a 1
[9/2/2017 13:56:21] /a 1
[9/2/2017 13:56:22] /a 1
[9/2/2017 13:56:22] /a 1
[9/2/2017 13:56:22] /a 1
[9/2/2017 13:56:26] /a 1
[9/2/2017 13:56:29] /a 1
[9/2/2017 13:56:30] /a 1
[9/2/2017 13:56:50] /a 1
[9/2/2017 13:56:51] /a 1
[9/2/2017 13:57:18] /a 1
[9/2/2017 13:57:33] /t
[9/2/2017 15:5:55] /goto Albratrozz
[9/2/2017 15:14:40] /a 1
[9/2/2017 15:14:41] /a 1
[9/2/2017 15:14:43] /a 1
[9/2/2017 15:14:43] /a 1
[9/2/2017 15:14:44] /a 1
[9/2/2017 15:14:45] /a 1
[9/2/2017 15:14:49] /a 1
[9/2/2017 15:14:50] /a 1
[9/2/2017 15:14:51] /a 1
[9/2/2017 15:14:53] /a 1
[9/2/2017 15:14:53] /a 1
[9/2/2017 15:14:54] /a 1
[9/2/2017 15:14:55] /a 1
[9/2/2017 15:14:56] /a 1
[9/2/2017 15:14:56] /a 1
[9/2/2017 15:14:57] /a 1
[9/2/2017 15:14:57] /a 1
[9/2/2017 15:14:57] /a 1
[9/2/2017 15:14:58] /a 1
[9/2/2017 15:14:58] /a 1
[9/2/2017 15:15:21] /a 1
[9/2/2017 15:15:30] /a 1
[9/2/2017 15:15:54] /a 1
[9/2/2017 15:15:55] /a 1
[9/2/2017 15:15:55] /a 1
[9/2/2017 15:15:55] /a 1
[9/2/2017 15:15:55] /a 1
[9/2/2017 15:15:55] /a 1
[9/2/2017 15:16:21] /t
[13/2/2017 13:29:51] /ghost
[13/2/2017 13:30:32] /a 1
[13/2/2017 13:30:33] /a 1
[13/2/2017 13:30:33] /a 1
[13/2/2017 13:30:36] /a 1
[13/2/2017 13:30:36] /a 1
[13/2/2017 13:30:54] /t
[13/2/2017 13:31:2] /ghost
[13/2/2017 13:31:46] /ghost
[13/2/2017 13:41:12] /ghost
[13/2/2017 13:41:32] /ghost
[13/2/2017 13:52:51] /goto Tutor
[13/2/2017 13:53:59] /ghost
[13/2/2017 13:54:37] /ghost
[13/2/2017 13:56:2] /goto Ao Cubo
[13/2/2017 13:56:25] /goto Head Shot
[13/2/2017 13:56:49] /t
