[18/4/2017 20:38:52] /ghost
[18/4/2017 20:38:52] /t
[18/4/2017 20:48:26] /cliport
[18/4/2017 20:56:27] /goto hydra vip 2
[18/4/2017 20:56:31] /goto hydra vip
[18/4/2017 20:56:38] /a 2
[18/4/2017 20:56:38] /a 2
[18/4/2017 20:56:39] /a 2
[18/4/2017 20:56:39] /a 2
[18/4/2017 20:56:39] /a 2
[18/4/2017 20:56:39] /a 2
[18/4/2017 20:56:40] /a 2
[18/4/2017 20:56:40] /a 2
[18/4/2017 20:56:40] /a 2
[18/4/2017 20:56:40] /a 2
[18/4/2017 20:56:40] /a 2
[18/4/2017 20:56:40] /a 2
[18/4/2017 20:56:41] /a 2
[18/4/2017 20:56:41] /a 2
[18/4/2017 20:56:41] /a 2
[18/4/2017 20:56:41] /a 2
[18/4/2017 20:56:42] /a 2
[18/4/2017 20:56:42] /a 2
[18/4/2017 20:56:42] /a 2
[18/4/2017 20:56:42] /a 2
[18/4/2017 20:56:42] /a 2
[18/4/2017 20:56:42] /a 2
[18/4/2017 20:56:43] /a 2
[18/4/2017 20:56:43] /a 2
[18/4/2017 20:56:43] /a 2
[18/4/2017 20:56:43] /a 2
[18/4/2017 20:56:44] /a 2
[18/4/2017 20:56:44] /a 2
[18/4/2017 20:56:44] /a 2
[18/4/2017 20:56:44] /a 2
[18/4/2017 20:56:44] /a 2
[18/4/2017 20:56:45] /a 2
[18/4/2017 20:56:45] /a 2
[18/4/2017 20:56:45] /a 2
[18/4/2017 20:56:45] /a 2
[18/4/2017 20:56:45] /a 2
[18/4/2017 20:56:45] /a 2
[18/4/2017 20:56:46] /a 2
[18/4/2017 20:56:46] /a 2
[18/4/2017 20:56:46] /a 2
[18/4/2017 20:56:46] /a 2
[18/4/2017 20:56:46] /a 2
[18/4/2017 20:56:47] /a 2
[18/4/2017 20:56:47] /a 2
[18/4/2017 20:56:47] /a 2
[18/4/2017 20:56:47] /a 2
[18/4/2017 20:56:48] /a 2
[18/4/2017 20:56:48] /a 2
[18/4/2017 20:56:48] /a 2
[18/4/2017 20:56:48] /a 2
[18/4/2017 20:56:49] /a 2
[18/4/2017 20:56:49] /a 2
[18/4/2017 20:56:49] /a 2
[18/4/2017 20:56:50] /a 2
[18/4/2017 20:56:50] /a 2
[18/4/2017 20:56:50] /a 2
[18/4/2017 20:58:57] /t
[18/4/2017 21:2:37] /c Adm Stilinsk
[18/4/2017 21:3:29] /t
[19/4/2017 2:47:9] /goto support
[19/4/2017 2:47:10] /goto Shayera
[19/4/2017 2:56:54] /save
[19/4/2017 2:56:59] /bc Galera as 04:30 o servidor vai ficar off por 5 minutos para troca de site, hosting, backup, correções e melhorias... mas vai fica off 5 minutos no maximo e nada será perdido fiquem tranquilos!
[19/4/2017 2:57:0] /bc Galera as 04:30 o servidor vai ficar off por 5 minutos para troca de site, hosting, backup, correções e melhorias... mas vai fica off 5 minutos no maximo e nada será perdido fiquem tranquilos!
[19/4/2017 2:57:5] /bc Galera as 04:30 o servidor vai ficar off por 5 minutos para troca de site, hosting, backup, correções e melhorias... mas vai fica off 5 minutos no maximo e nada será perdido fiquem tranquilos!
[19/4/2017 3:15:38] /save
[19/4/2017 3:30:54] /b Servidor vai ficar offline volta ja maximo 5 minutos, vão para o pz!
[19/4/2017 3:30:55] /b Servidor vai ficar offline volta ja maximo 5 minutos, vão para o pz!
[19/4/2017 3:30:55] /b Servidor vai ficar offline volta ja maximo 5 minutos, vão para o pz!
[19/4/2017 3:30:56] /b Servidor vai ficar offline volta ja maximo 5 minutos, vão para o pz!
[19/4/2017 3:30:56] /b Servidor vai ficar offline volta ja maximo 5 minutos, vão para o pz!
[19/4/2017 3:30:57] /b Servidor vai ficar offline volta ja maximo 5 minutos, vão para o pz!
[19/4/2017 3:31:5] /b Servidor vai ficar offline volta ja maximo 5 minutos, vão para o pz!
[19/4/2017 3:31:37] /bc Servidor vai ficar offline volta ja maximo 5 minutos, vão para o pz!
[19/4/2017 3:31:38] /bc Servidor vai ficar offline volta ja maximo 5 minutos, vão para o pz!
[19/4/2017 3:31:39] /bc Servidor vai ficar offline volta ja maximo 5 minutos, vão para o pz!
[19/4/2017 3:31:39] /bc Servidor vai ficar offline volta ja maximo 5 minutos, vão para o pz!
[19/4/2017 3:31:42] /bc Servidor vai ficar offline volta ja maximo 5 minutos, vão para o pz!
[19/4/2017 3:31:44] /bc Servidor vai ficar offline volta ja maximo 5 minutos, vão para o pz!
[19/4/2017 3:31:58] /bc Servidor vai ficar offline volta ja maximo 5 minutos, vão para o pz!
[19/4/2017 3:32:2] /save
[19/4/2017 3:32:5] /shutdown
[19/4/2017 4:26:47] /b PRONTO NÃO VAI MAIS FICAR OFF ME PERDOEM POR TODO O TRANSTORNO E TEMPO OFF!
[19/4/2017 4:26:48] /b PRONTO NÃO VAI MAIS FICAR OFF ME PERDOEM POR TODO O TRANSTORNO E TEMPO OFF!
[19/4/2017 4:26:49] /b PRONTO NÃO VAI MAIS FICAR OFF ME PERDOEM POR TODO O TRANSTORNO E TEMPO OFF!
[19/4/2017 4:26:50] /b PRONTO NÃO VAI MAIS FICAR OFF ME PERDOEM POR TODO O TRANSTORNO E TEMPO OFF!
[19/4/2017 4:26:51] /b PRONTO NÃO VAI MAIS FICAR OFF ME PERDOEM POR TODO O TRANSTORNO E TEMPO OFF!
[19/4/2017 4:26:52] /b PRONTO NÃO VAI MAIS FICAR OFF ME PERDOEM POR TODO O TRANSTORNO E TEMPO OFF!
[19/4/2017 4:26:53] /b PRONTO NÃO VAI MAIS FICAR OFF ME PERDOEM POR TODO O TRANSTORNO E TEMPO OFF!
[19/4/2017 4:26:53] /b PRONTO NÃO VAI MAIS FICAR OFF ME PERDOEM POR TODO O TRANSTORNO E TEMPO OFF!
[19/4/2017 4:26:54] /b PRONTO NÃO VAI MAIS FICAR OFF ME PERDOEM POR TODO O TRANSTORNO E TEMPO OFF!
[19/4/2017 4:26:54] /b PRONTO NÃO VAI MAIS FICAR OFF ME PERDOEM POR TODO O TRANSTORNO E TEMPO OFF!
[19/4/2017 4:28:10] /b PRONTO NÃO VAI MAIS FICAR OFF ME PERDOEM POR TODO O TRANSTORNO E TEMPO OFF! - Melhorias na conexão, bugs corrigidos, Novo site muita mais lindo e moderno com calendario de eventos atualizado, embreve colocaremos um dedicado ainda mais lizo.
[19/4/2017 4:28:11] /b PRONTO NÃO VAI MAIS FICAR OFF ME PERDOEM POR TODO O TRANSTORNO E TEMPO OFF! - Melhorias na conexão, bugs corrigidos, Novo site muita mais lindo e moderno com calendario de eventos atualizado, embreve colocaremos um dedicado ainda mais lizo.
[19/4/2017 4:28:13] /b PRONTO NÃO VAI MAIS FICAR OFF ME PERDOEM POR TODO O TRANSTORNO E TEMPO OFF! - Melhorias na conexão, bugs corrigidos, Novo site muita mais lindo e moderno com calendario de eventos atualizado, embreve colocaremos um dedicado ainda mais lizo.
[19/4/2017 4:28:14] /b PRONTO NÃO VAI MAIS FICAR OFF ME PERDOEM POR TODO O TRANSTORNO E TEMPO OFF! - Melhorias na conexão, bugs corrigidos, Novo site muita mais lindo e moderno com calendario de eventos atualizado, embreve colocaremos um dedicado ainda mais lizo.
[19/4/2017 4:28:14] /b PRONTO NÃO VAI MAIS FICAR OFF ME PERDOEM POR TODO O TRANSTORNO E TEMPO OFF! - Melhorias na conexão, bugs corrigidos, Novo site muita mais lindo e moderno com calendario de eventos atualizado, embreve colocaremos um dedicado ainda mais lizo.
[19/4/2017 4:28:15] /b PRONTO NÃO VAI MAIS FICAR OFF ME PERDOEM POR TODO O TRANSTORNO E TEMPO OFF! - Melhorias na conexão, bugs corrigidos, Novo site muita mais lindo e moderno com calendario de eventos atualizado, embreve colocaremos um dedicado ainda mais lizo.
[19/4/2017 4:28:15] /b PRONTO NÃO VAI MAIS FICAR OFF ME PERDOEM POR TODO O TRANSTORNO E TEMPO OFF! - Melhorias na conexão, bugs corrigidos, Novo site muita mais lindo e moderno com calendario de eventos atualizado, embreve colocaremos um dedicado ainda mais lizo.
[19/4/2017 4:28:20] /b PRONTO NÃO VAI MAIS FICAR OFF ME PERDOEM POR TODO O TRANSTORNO E TEMPO OFF! - Melhorias na conexão, bugs corrigidos, Novo site muita mais lindo e moderno com calendario de eventos atualizado, embreve colocaremos um dedicado ainda mais lizo.
[19/4/2017 4:28:21] /b PRONTO NÃO VAI MAIS FICAR OFF ME PERDOEM POR TODO O TRANSTORNO E TEMPO OFF! - Melhorias na conexão, bugs corrigidos, Novo site muita mais lindo e moderno com calendario de eventos atualizado, embreve colocaremos um dedicado ainda mais lizo.
[19/4/2017 4:28:21] /b PRONTO NÃO VAI MAIS FICAR OFF ME PERDOEM POR TODO O TRANSTORNO E TEMPO OFF! - Melhorias na conexão, bugs corrigidos, Novo site muita mais lindo e moderno com calendario de eventos atualizado, embreve colocaremos um dedicado ainda mais lizo.
[19/4/2017 4:29:4] /attr actionid 0
[19/4/2017 4:29:5] /attr actionid 0
[19/4/2017 4:29:7] /attr actionid 0
[19/4/2017 4:29:22] /b AREA DONATE LIBERADA NOVAMENTE ATÉ DE MANHA!
[19/4/2017 4:29:22] /b AREA DONATE LIBERADA NOVAMENTE ATÉ DE MANHA!
[19/4/2017 4:29:23] /b AREA DONATE LIBERADA NOVAMENTE ATÉ DE MANHA!
[19/4/2017 4:29:23] /b AREA DONATE LIBERADA NOVAMENTE ATÉ DE MANHA!
[19/4/2017 4:29:25] /b AREA DONATE LIBERADA NOVAMENTE ATÉ DE MANHA!
[19/4/2017 4:29:25] /b AREA DONATE LIBERADA NOVAMENTE ATÉ DE MANHA!
[19/4/2017 4:29:26] /b AREA DONATE LIBERADA NOVAMENTE ATÉ DE MANHA!
[19/4/2017 4:30:18] /b O IP VAI CONTINUAR SENDO IP: 192.99.56.181
[19/4/2017 4:32:4] /a 2
[19/4/2017 4:32:5] /a 2
[19/4/2017 4:32:5] /a 2
[19/4/2017 4:32:6] /a 2
[19/4/2017 4:32:6] /a 2
[19/4/2017 4:32:6] /a 2
[19/4/2017 4:32:6] /a 2
[19/4/2017 4:32:6] /a 2
[19/4/2017 4:32:7] /a 2
[19/4/2017 4:32:7] /a 2
[19/4/2017 4:32:7] /a 2
[19/4/2017 4:32:8] /a 2
[19/4/2017 4:32:8] /a 2
[19/4/2017 4:32:9] /a 2
[19/4/2017 4:32:9] /a 2
[19/4/2017 4:32:9] /a 2
[19/4/2017 4:32:9] /a 2
[19/4/2017 4:32:9] /a 2
[19/4/2017 4:32:10] /a 2
[19/4/2017 4:32:13] /a 2
[19/4/2017 4:32:14] /a 2
[19/4/2017 4:32:14] /a 2
[19/4/2017 4:32:14] /a 2
[19/4/2017 4:32:14] /a 2
[19/4/2017 4:32:15] /a 2
[19/4/2017 4:32:15] /a 2
[19/4/2017 4:32:16] /a 2
[19/4/2017 4:32:16] /a 2
[19/4/2017 4:32:16] /a 2
[19/4/2017 4:32:16] /a 2
[19/4/2017 4:32:17] /a 2
[19/4/2017 4:32:18] /a 2
[19/4/2017 4:32:18] /a 2
[19/4/2017 4:32:18] /a 2
[19/4/2017 4:32:18] /a 2
[19/4/2017 4:32:19] /a 2
[19/4/2017 4:32:19] /a 2
[19/4/2017 4:32:19] /a 2
[19/4/2017 4:32:19] /a 2
[19/4/2017 4:32:20] /a 2
[19/4/2017 4:32:20] /a 2
[19/4/2017 4:32:20] /a 2
[19/4/2017 4:32:20] /a 2
[19/4/2017 4:32:20] /a 2
[19/4/2017 4:32:21] /a 2
[19/4/2017 4:32:21] /a 2
[19/4/2017 4:32:21] /a 2
[19/4/2017 4:32:29] /a 2
[19/4/2017 4:32:30] /a 2
[19/4/2017 4:32:30] /a 2
[19/4/2017 4:32:30] /a 2
[19/4/2017 4:32:30] /a 2
[19/4/2017 4:32:31] /a 2
[19/4/2017 4:32:31] /a 2
[19/4/2017 4:32:31] /a 2
[19/4/2017 4:32:31] /a 2
[19/4/2017 4:32:31] /a 2
[19/4/2017 4:32:32] /a 2
[19/4/2017 4:32:32] /a 2
[19/4/2017 4:32:32] /a 2
[19/4/2017 4:32:32] /a 2
[19/4/2017 4:32:32] /a 2
[19/4/2017 4:32:32] /a 2
[19/4/2017 4:32:33] /a 2
[19/4/2017 4:32:33] /a 2
[19/4/2017 4:32:33] /a 2
[19/4/2017 4:32:33] /a 2
[19/4/2017 4:32:33] /a 2
[19/4/2017 4:32:33] /a 2
[19/4/2017 4:32:35] /a 2
[19/4/2017 4:32:37] /a 2
[19/4/2017 4:32:37] /a 2
[19/4/2017 4:32:37] /a 2
[19/4/2017 4:32:37] /a 2
[19/4/2017 4:32:37] /a 2
[19/4/2017 4:32:38] /a 2
[19/4/2017 4:32:38] /a 2
[19/4/2017 4:32:38] /a 2
[19/4/2017 4:32:38] /a 2
[19/4/2017 4:32:38] /a 2
[19/4/2017 4:32:39] /a 2
[19/4/2017 4:32:39] /a 2
[19/4/2017 4:32:39] /a 2
[19/4/2017 4:32:39] /a 2
[19/4/2017 4:32:39] /a 2
[19/4/2017 4:32:40] /a 2
[19/4/2017 4:32:40] /a 2
[19/4/2017 4:32:40] /a 2
[19/4/2017 4:32:40] /a 2
[19/4/2017 4:32:40] /a 2
[19/4/2017 4:32:41] /a 2
[19/4/2017 4:32:41] /a 2
[19/4/2017 4:32:41] /a 2
[19/4/2017 4:32:41] /a 2
[19/4/2017 4:32:42] /a 2
[19/4/2017 4:32:42] /a 2
[19/4/2017 4:32:42] /a 2
[19/4/2017 4:32:42] /a 2
[19/4/2017 4:32:42] /a 2
[19/4/2017 4:32:42] /a 2
[19/4/2017 4:32:42] /a 2
[19/4/2017 4:32:43] /a 2
[19/4/2017 4:32:43] /a 2
[19/4/2017 4:32:43] /a 2
[19/4/2017 4:32:44] /a 2
[19/4/2017 4:32:48] /a 2
[19/4/2017 4:32:48] /a 2
[19/4/2017 4:32:49] /a 2
[19/4/2017 4:32:49] /a 2
[19/4/2017 4:32:49] /a 2
[19/4/2017 4:32:49] /a 2
[19/4/2017 4:32:49] /a 2
[19/4/2017 4:32:50] /a 2
[19/4/2017 4:32:50] /a 2
[19/4/2017 4:32:50] /a 2
[19/4/2017 4:32:50] /a 2
[19/4/2017 4:32:50] /a 2
[19/4/2017 4:32:51] /a 2
[19/4/2017 4:32:51] /a 2
[19/4/2017 4:32:51] /a 2
[19/4/2017 4:32:51] /a 2
[19/4/2017 4:32:52] /a 2
[19/4/2017 4:32:52] /a 2
[19/4/2017 4:32:52] /a 2
[19/4/2017 4:32:52] /a 2
[19/4/2017 4:32:52] /a 2
[19/4/2017 4:32:52] /a 2
[19/4/2017 4:32:53] /a 2
[19/4/2017 4:32:53] /a 2
[19/4/2017 4:32:53] /a 2
[19/4/2017 4:32:53] /a 2
[19/4/2017 4:32:53] /a 2
[19/4/2017 4:32:54] /a 2
[19/4/2017 4:32:54] /a 2
[19/4/2017 4:32:54] /a 2
[19/4/2017 4:32:54] /a 2
[19/4/2017 4:32:54] /a 2
[19/4/2017 4:32:55] /a 2
[19/4/2017 4:32:55] /a 2
[19/4/2017 4:32:55] /a 2
[19/4/2017 4:32:55] /a 2
[19/4/2017 4:32:55] /a 2
[19/4/2017 4:32:55] /a 2
[19/4/2017 4:32:56] /a 2
[19/4/2017 4:32:56] /a 2
[19/4/2017 4:32:56] /a 2
[19/4/2017 4:32:56] /a 2
[19/4/2017 4:32:56] /a 2
[19/4/2017 4:32:57] /a 2
[19/4/2017 4:32:57] /a 2
[19/4/2017 4:32:57] /a 2
[19/4/2017 4:32:57] /a 2
[19/4/2017 4:32:57] /a 2
[19/4/2017 4:32:58] /a 2
[19/4/2017 4:32:58] /a 2
[19/4/2017 4:32:58] /a 2
[19/4/2017 4:32:58] /a 2
[19/4/2017 4:32:58] /a 2
[19/4/2017 4:32:58] /a 2
[19/4/2017 4:32:59] /a 2
[19/4/2017 4:32:59] /a 2
[19/4/2017 4:32:59] /a 2
[19/4/2017 4:32:59] /a 2
[19/4/2017 4:32:59] /a 2
[19/4/2017 4:33:0] /a 2
[19/4/2017 4:33:0] /a 2
[19/4/2017 4:33:0] /a 2
[19/4/2017 4:33:0] /a 2
[19/4/2017 4:33:0] /a 2
[19/4/2017 4:33:1] /a 2
[19/4/2017 4:33:1] /a 2
[19/4/2017 4:33:2] /a 2
[19/4/2017 4:33:2] /a 2
[19/4/2017 4:33:2] /a 2
[19/4/2017 4:33:2] /a 2
[19/4/2017 4:33:2] /a 2
[19/4/2017 4:33:3] /a 2
[19/4/2017 4:33:3] /a 2
[19/4/2017 4:33:4] /a 2
[19/4/2017 4:33:4] /a 2
[19/4/2017 4:33:4] /a 2
[19/4/2017 4:33:4] /a 2
[19/4/2017 4:33:5] /a 2
[19/4/2017 4:33:5] /a 2
[19/4/2017 4:33:5] /a 2
[19/4/2017 4:33:6] /a 2
[19/4/2017 4:33:6] /a 2
[19/4/2017 4:33:6] /a 2
[19/4/2017 4:33:6] /a 2
[19/4/2017 4:33:6] /a 2
[19/4/2017 4:33:6] /a 2
[19/4/2017 4:33:7] /a 2
[19/4/2017 4:33:7] /a 2
[19/4/2017 4:33:7] /a 2
[19/4/2017 4:33:7] /a 2
[19/4/2017 4:33:8] /a 2
[19/4/2017 4:33:8] /a 2
[19/4/2017 4:33:8] /a 2
[19/4/2017 4:33:8] /a 2
[19/4/2017 4:33:9] /a 2
[19/4/2017 4:33:9] /a 2
[19/4/2017 4:33:9] /a 2
[19/4/2017 4:33:9] /a 2
[19/4/2017 4:33:9] /a 2
[19/4/2017 4:33:10] /a 2
[19/4/2017 4:33:10] /a 2
[19/4/2017 4:33:10] /a 2
[19/4/2017 4:33:11] /a 2
[19/4/2017 4:33:11] /a 2
[19/4/2017 4:33:11] /a 2
[19/4/2017 4:33:12] /a 2
[19/4/2017 4:33:12] /a 2
[19/4/2017 4:33:12] /a 2
[19/4/2017 4:33:12] /a 2
[19/4/2017 4:33:12] /a 2
[19/4/2017 4:33:13] /a 2
[19/4/2017 4:33:15] /a 2
[19/4/2017 4:33:15] /a 2
[19/4/2017 4:33:16] /a 2
[19/4/2017 4:33:16] /a 2
[19/4/2017 4:33:16] /a 2
[19/4/2017 4:33:16] /a 2
[19/4/2017 4:33:16] /a 2
[19/4/2017 4:33:17] /a 2
[19/4/2017 4:33:17] /a 2
[19/4/2017 4:33:17] /a 2
[19/4/2017 4:33:17] /a 2
[19/4/2017 4:33:17] /a 2
[19/4/2017 4:33:17] /a 2
[19/4/2017 4:33:18] /a 2
[19/4/2017 4:33:18] /a 2
[19/4/2017 4:33:18] /a 2
[19/4/2017 4:33:19] /a 2
[19/4/2017 4:33:19] /a 2
[19/4/2017 4:33:19] /a 2
[19/4/2017 4:33:19] /a 2
[19/4/2017 4:33:19] /a 2
[19/4/2017 4:33:20] /a 2
[19/4/2017 4:33:20] /a 2
[19/4/2017 4:33:20] /a 2
[19/4/2017 4:33:20] /a 2
[19/4/2017 4:33:20] /a 2
[19/4/2017 4:33:20] /a 2
[19/4/2017 4:33:21] /a 2
[19/4/2017 4:33:21] /a 2
[19/4/2017 4:33:21] /a 2
[19/4/2017 4:33:21] /a 2
[19/4/2017 4:33:22] /a 2
[19/4/2017 4:33:22] /a 2
[19/4/2017 4:33:22] /a 2
[19/4/2017 4:33:22] /a 2
[19/4/2017 4:33:23] /a 2
[19/4/2017 4:33:23] /a 2
[19/4/2017 4:33:23] /a 2
[19/4/2017 4:33:23] /a 2
[19/4/2017 4:33:23] /a 2
[19/4/2017 4:33:24] /a 2
[19/4/2017 4:33:24] /a 2
[19/4/2017 4:33:24] /a 2
[19/4/2017 4:33:24] /a 2
[19/4/2017 4:33:24] /a 2
[19/4/2017 4:33:24] /a 2
[19/4/2017 4:33:27] /a 2
[19/4/2017 4:33:27] /a 2
[19/4/2017 4:33:27] /a 2
[19/4/2017 4:33:27] /a 2
[19/4/2017 4:33:28] /a 2
[19/4/2017 4:33:28] /a 2
[19/4/2017 4:33:28] /a 2
[19/4/2017 4:33:28] /a 2
[19/4/2017 4:33:29] /a 2
[19/4/2017 4:33:29] /a 2
[19/4/2017 4:33:29] /a 2
[19/4/2017 4:33:29] /a 2
[19/4/2017 4:33:29] /a 2
[19/4/2017 4:33:29] /a 2
[19/4/2017 4:33:30] /a 2
[19/4/2017 4:33:31] /a 2
[19/4/2017 4:33:31] /a 2
[19/4/2017 4:33:33] /r
[19/4/2017 4:33:35] /a 2
[19/4/2017 4:33:35] /a 2
[19/4/2017 4:33:38] /r
[19/4/2017 4:33:39] /r
[19/4/2017 4:33:43] /r
[19/4/2017 4:33:44] /r
[19/4/2017 4:33:46] /r
[19/4/2017 4:33:49] /r
[19/4/2017 4:33:50] /r
[19/4/2017 4:33:51] /r
[19/4/2017 4:33:52] /r
[19/4/2017 4:33:58] /c knight askban
[19/4/2017 4:34:1] /c Pol Pol Tei Tei
[19/4/2017 4:34:5] /r
[19/4/2017 4:34:12] /a 2
[19/4/2017 4:34:16] /a 2
[19/4/2017 4:34:17] /a 2
[19/4/2017 4:34:17] /a 2
[19/4/2017 4:34:18] /a 2
[19/4/2017 4:34:18] /a 2
[19/4/2017 4:34:18] /a 2
[19/4/2017 4:34:19] /a 2
[19/4/2017 4:34:20] /a 2
[19/4/2017 4:34:26] /t
[19/4/2017 4:34:36] /a 2
[19/4/2017 4:35:0] /goto pol pol tei tei
[19/4/2017 4:35:9] /goto knight askaban
[19/4/2017 4:35:18] /goto knight askban
[19/4/2017 4:35:20] /a 2
[19/4/2017 4:35:21] /a 2
[19/4/2017 4:35:21] /a 2
[19/4/2017 4:35:22] /a 2
[19/4/2017 4:35:23] /a 2
[19/4/2017 4:35:23] /a 2
[19/4/2017 4:35:24] /a 2
[19/4/2017 4:35:37] /a 2
[19/4/2017 4:36:47] /a 2
[19/4/2017 4:36:48] /a 2
[19/4/2017 4:36:48] /a 2
[19/4/2017 4:36:48] /a 2
[19/4/2017 4:36:49] /a 2
[19/4/2017 4:36:49] /a 2
[19/4/2017 4:36:49] /a 2
[19/4/2017 4:36:50] /a 2
[19/4/2017 4:36:52] /a 2
[19/4/2017 4:36:52] /a 2
[19/4/2017 4:36:52] /a 2
[19/4/2017 4:36:52] /a 2
[19/4/2017 4:36:52] /a 2
[19/4/2017 4:36:53] /a 2
[19/4/2017 4:36:53] /a 2
[19/4/2017 4:36:53] /a 2
[19/4/2017 4:36:53] /a 2
[19/4/2017 4:36:53] /a 2
[19/4/2017 4:36:53] /a 2
[19/4/2017 4:36:54] /a 2
[19/4/2017 4:36:54] /a 2
[19/4/2017 4:36:54] /a 2
[19/4/2017 4:36:54] /a 2
[19/4/2017 4:36:54] /a 2
[19/4/2017 4:36:54] /a 2
[19/4/2017 4:36:55] /a 2
[19/4/2017 4:36:55] /a 2
[19/4/2017 4:36:55] /a 2
[19/4/2017 4:36:55] /a 2
[19/4/2017 4:36:55] /a 2
[19/4/2017 4:36:55] /a 2
[19/4/2017 4:36:55] /a 2
[19/4/2017 4:36:57] /c knight askban
[19/4/2017 4:36:58] /a 2
[19/4/2017 4:36:59] /t
[19/4/2017 4:37:0] /a 2
[19/4/2017 4:37:0] /a 2
[19/4/2017 4:37:1] /a 2
[19/4/2017 4:37:3] /goto knight askban
[19/4/2017 4:37:6] /c pol pol tei tei
[19/4/2017 4:37:7] /a 2
[19/4/2017 4:37:7] /a 2
[19/4/2017 4:37:10] /a 2
[19/4/2017 4:37:10] /a 2
[19/4/2017 4:37:10] /a 2
[19/4/2017 4:37:10] /a 2
[19/4/2017 4:37:10] /a 2
[19/4/2017 4:37:10] /a 2
[19/4/2017 4:37:11] /a 2
[19/4/2017 4:37:11] /a 2
[19/4/2017 4:37:13] /a 2
[19/4/2017 4:37:13] /a 2
[19/4/2017 4:37:13] /a 2
[19/4/2017 4:37:14] /a 2
[19/4/2017 4:37:14] /a 2
[19/4/2017 4:37:14] /a 2
[19/4/2017 4:37:14] /a 2
[19/4/2017 4:37:14] /a 2
[19/4/2017 4:37:14] /a 2
[19/4/2017 4:37:15] /a 2
[19/4/2017 4:37:15] /a 2
[19/4/2017 4:37:15] /a 2
[19/4/2017 4:37:16] /a 2
[19/4/2017 4:37:17] /a 2
[19/4/2017 4:37:17] /a 2
[19/4/2017 4:37:19] /a 2
[19/4/2017 4:37:22] /t
[19/4/2017 4:37:22] /a 2
[19/4/2017 4:37:23] /a 2
[19/4/2017 4:37:23] /a 2
[19/4/2017 4:37:24] /a 2
[19/4/2017 4:37:24] /a 2
[19/4/2017 4:37:25] /a 2
[19/4/2017 4:37:29] /a 2
[19/4/2017 4:37:29] /a 2
[19/4/2017 4:37:29] /a 2
[19/4/2017 4:37:29] /a 2
[19/4/2017 4:37:30] /a 2
[19/4/2017 4:37:30] /a 2
[19/4/2017 4:37:31] /a 2
[19/4/2017 4:37:31] /a 2
[19/4/2017 4:37:31] /a 2
[19/4/2017 4:37:31] /a 2
[19/4/2017 4:37:32] /a 2
[19/4/2017 4:37:32] /a 2
[19/4/2017 4:37:32] /a 2
[19/4/2017 4:37:33] /a 2
[19/4/2017 4:37:33] /a 2
[19/4/2017 4:37:33] /a 2
[19/4/2017 4:37:34] /a 2
[19/4/2017 4:37:34] /a 2
[19/4/2017 4:37:34] /a 2
[19/4/2017 4:37:35] /a 2
[19/4/2017 4:37:35] /a 2
[19/4/2017 4:37:35] /a 2
[19/4/2017 4:37:36] /a 2
[19/4/2017 4:37:36] /a 2
[19/4/2017 4:37:36] /a 2
[19/4/2017 4:37:36] /a 2
[19/4/2017 4:37:36] /a 2
[19/4/2017 4:37:36] /a 2
[19/4/2017 4:37:36] /a 2
[19/4/2017 4:37:37] /a 2
[19/4/2017 4:37:37] /a 2
[19/4/2017 4:37:37] /a 2
[19/4/2017 4:37:37] /a 2
[19/4/2017 4:37:37] /a 2
[19/4/2017 4:37:37] /a 2
[19/4/2017 4:37:38] /a 2
[19/4/2017 4:37:38] /a 2
[19/4/2017 4:37:38] /a 2
[19/4/2017 4:37:40] /a 2
[19/4/2017 4:38:9] /goto Terror Crusher
[19/4/2017 4:38:25] /a 2
[19/4/2017 4:38:25] /a 2
[19/4/2017 4:38:25] /a 2
[19/4/2017 4:38:26] /a 2
[19/4/2017 4:38:26] /a 2
[19/4/2017 4:39:1] /bc AREA DONATE FOI LIBERADA NOVAMENTE ATÉ DE MANHA, SERVER NÃO CAIR MAIS DESCULPEM O TRANSTORNO, VÁRIAS MELHORIAS FORAM FEITAS E NOVO SITE MAIS TOP E SEGURO FOI ADICIONADO.
[19/4/2017 4:40:45] /i 12225
[19/4/2017 4:40:46] /r
[19/4/2017 4:40:47] /r
[19/4/2017 4:40:49] /r
[19/4/2017 4:40:52] /r
[19/4/2017 4:41:14] /i 3227
[19/4/2017 4:41:15] /i 3227
[19/4/2017 4:41:30] /i 3228
[19/4/2017 4:41:42] /i 12225
[19/4/2017 4:48:34] /goto pol pol tei tei
[19/4/2017 5:4:13] /t
[19/4/2017 5:4:36] /t
[19/4/2017 5:29:13] /bc AREA DONATE LIBERADA ATÉ AS 08:00!
[19/4/2017 5:29:13] /bc AREA DONATE LIBERADA ATÉ AS 08:00!
[19/4/2017 5:29:14] /bc AREA DONATE LIBERADA ATÉ AS 08:00!
[19/4/2017 5:29:17] /bc AREA DONATE LIBERADA ATÉ AS 08:00!
[19/4/2017 5:35:24] /ghost
[19/4/2017 5:35:33] /i addon doll
[19/4/2017 5:35:52] /ghost
[19/4/2017 6:9:4] /mc
[19/4/2017 6:9:46] /goto Fanyc
[19/4/2017 6:9:49] /goto the best
[19/4/2017 6:9:50] /t
[19/4/2017 6:11:15] /goto Hyde
[19/4/2017 6:31:20] /ghost
[19/4/2017 6:31:23] /ghost
[19/4/2017 6:31:32] /ghost
[19/4/2017 6:31:33] /ghost
[19/4/2017 6:49:25] /bc [ATENÇÃO] AREA DONATE FECHA EM 10 MINUTOS!
[19/4/2017 6:49:40] /bc [ATENÇÃO] AREA DONATE FECHA EM 10 MINUTOS!
[19/4/2017 7:4:28] /attr actionid,13600
[19/4/2017 7:4:29] /attr actionid,13600
[19/4/2017 7:4:37] /attr actionid 13600
[19/4/2017 7:4:38] /attr actionid 13600
[19/4/2017 7:4:40] /attr actionid 13600
[19/4/2017 7:4:58] /b AREA DONATE FECHA NOVAMENTE SOMENTE PARA JOGADORES VIP DONATE.
[19/4/2017 7:9:29] /goto Anjo bolado
[19/4/2017 7:33:28] /save
[19/4/2017 7:33:31] /reload globalevents
[19/4/2017 7:38:25] /goto medley
[19/4/2017 8:14:33] /goto Adm Stilinsk
[19/4/2017 8:23:24] /a 2
[19/4/2017 8:23:24] /a 2
[19/4/2017 8:23:24] /a 2
[19/4/2017 8:23:25] /a 2
[19/4/2017 8:23:25] /a 2
[19/4/2017 8:23:25] /a 2
[19/4/2017 8:23:25] /a 2
[19/4/2017 9:13:58] /reload config
[19/4/2017 9:36:43] /reload config
[19/4/2017 9:47:4] /save
[19/4/2017 9:53:49] /goto medley
[19/4/2017 9:54:21] /goto medley
[19/4/2017 9:55:0] /goto medley
[19/4/2017 9:55:33] /goto medley
[19/4/2017 9:55:40] /a 1
[19/4/2017 9:55:45] /a 1
[19/4/2017 9:55:56] /goto medley
[19/4/2017 9:56:0] /goto medley
[19/4/2017 10:12:48] /t
[19/4/2017 10:14:13] /t
[19/4/2017 10:16:59] /t
[19/4/2017 10:40:8] /b GALERA SERVIDOR VAI CAIR E VOLTA EM 2 MINUTOS MOTIVO: CORREÇÕES URGENTE E TAMBEM O PUSH QUE VOCES TANTO TÃO PEDINDO
[19/4/2017 10:40:9] /b GALERA SERVIDOR VAI CAIR E VOLTA EM 2 MINUTOS MOTIVO: CORREÇÕES URGENTE E TAMBEM O PUSH QUE VOCES TANTO TÃO PEDINDO
[19/4/2017 10:40:9] /b GALERA SERVIDOR VAI CAIR E VOLTA EM 2 MINUTOS MOTIVO: CORREÇÕES URGENTE E TAMBEM O PUSH QUE VOCES TANTO TÃO PEDINDO
[19/4/2017 10:40:9] /b GALERA SERVIDOR VAI CAIR E VOLTA EM 2 MINUTOS MOTIVO: CORREÇÕES URGENTE E TAMBEM O PUSH QUE VOCES TANTO TÃO PEDINDO
[19/4/2017 10:40:10] /b GALERA SERVIDOR VAI CAIR E VOLTA EM 2 MINUTOS MOTIVO: CORREÇÕES URGENTE E TAMBEM O PUSH QUE VOCES TANTO TÃO PEDINDO
[19/4/2017 10:40:10] /b GALERA SERVIDOR VAI CAIR E VOLTA EM 2 MINUTOS MOTIVO: CORREÇÕES URGENTE E TAMBEM O PUSH QUE VOCES TANTO TÃO PEDINDO
[19/4/2017 10:40:10] /b GALERA SERVIDOR VAI CAIR E VOLTA EM 2 MINUTOS MOTIVO: CORREÇÕES URGENTE E TAMBEM O PUSH QUE VOCES TANTO TÃO PEDINDO
[19/4/2017 10:40:11] /b GALERA SERVIDOR VAI CAIR E VOLTA EM 2 MINUTOS MOTIVO: CORREÇÕES URGENTE E TAMBEM O PUSH QUE VOCES TANTO TÃO PEDINDO
[19/4/2017 10:40:11] /b GALERA SERVIDOR VAI CAIR E VOLTA EM 2 MINUTOS MOTIVO: CORREÇÕES URGENTE E TAMBEM O PUSH QUE VOCES TANTO TÃO PEDINDO
[19/4/2017 10:40:11] /b GALERA SERVIDOR VAI CAIR E VOLTA EM 2 MINUTOS MOTIVO: CORREÇÕES URGENTE E TAMBEM O PUSH QUE VOCES TANTO TÃO PEDINDO
[19/4/2017 10:40:12] /b GALERA SERVIDOR VAI CAIR E VOLTA EM 2 MINUTOS MOTIVO: CORREÇÕES URGENTE E TAMBEM O PUSH QUE VOCES TANTO TÃO PEDINDO
[19/4/2017 10:40:12] /b GALERA SERVIDOR VAI CAIR E VOLTA EM 2 MINUTOS MOTIVO: CORREÇÕES URGENTE E TAMBEM O PUSH QUE VOCES TANTO TÃO PEDINDO
[19/4/2017 10:40:12] /b GALERA SERVIDOR VAI CAIR E VOLTA EM 2 MINUTOS MOTIVO: CORREÇÕES URGENTE E TAMBEM O PUSH QUE VOCES TANTO TÃO PEDINDO
[19/4/2017 10:40:13] /b GALERA SERVIDOR VAI CAIR E VOLTA EM 2 MINUTOS MOTIVO: CORREÇÕES URGENTE E TAMBEM O PUSH QUE VOCES TANTO TÃO PEDINDO
[19/4/2017 10:40:13] /b GALERA SERVIDOR VAI CAIR E VOLTA EM 2 MINUTOS MOTIVO: CORREÇÕES URGENTE E TAMBEM O PUSH QUE VOCES TANTO TÃO PEDINDO
[19/4/2017 10:40:13] /b GALERA SERVIDOR VAI CAIR E VOLTA EM 2 MINUTOS MOTIVO: CORREÇÕES URGENTE E TAMBEM O PUSH QUE VOCES TANTO TÃO PEDINDO
[19/4/2017 10:40:13] /b GALERA SERVIDOR VAI CAIR E VOLTA EM 2 MINUTOS MOTIVO: CORREÇÕES URGENTE E TAMBEM O PUSH QUE VOCES TANTO TÃO PEDINDO
[19/4/2017 10:40:14] /b GALERA SERVIDOR VAI CAIR E VOLTA EM 2 MINUTOS MOTIVO: CORREÇÕES URGENTE E TAMBEM O PUSH QUE VOCES TANTO TÃO PEDINDO
[19/4/2017 10:40:14] /b GALERA SERVIDOR VAI CAIR E VOLTA EM 2 MINUTOS MOTIVO: CORREÇÕES URGENTE E TAMBEM O PUSH QUE VOCES TANTO TÃO PEDINDO
[19/4/2017 10:41:9] /bc GALERA SERVIDOR VAI CAIR E VOLTA EM 2 MINUTOS MOTIVO: CORREÇÕES URGENTE E TAMBEM O PUSH QUE VOCES TANTO TÃO PEDINDO
[19/4/2017 10:41:9] /bc GALERA SERVIDOR VAI CAIR E VOLTA EM 2 MINUTOS MOTIVO: CORREÇÕES URGENTE E TAMBEM O PUSH QUE VOCES TANTO TÃO PEDINDO
[19/4/2017 10:41:9] /bc GALERA SERVIDOR VAI CAIR E VOLTA EM 2 MINUTOS MOTIVO: CORREÇÕES URGENTE E TAMBEM O PUSH QUE VOCES TANTO TÃO PEDINDO
[19/4/2017 10:41:18] /bc 2~~3 MINUTO TA DE VOLTA!
[19/4/2017 10:41:18] /bc 2~~3 MINUTO TA DE VOLTA!
[19/4/2017 10:41:18] /bc 2~~3 MINUTO TA DE VOLTA!
[19/4/2017 10:41:18] /bc 2~~3 MINUTO TA DE VOLTA!
[19/4/2017 10:41:18] /bc 2~~3 MINUTO TA DE VOLTA!
[19/4/2017 10:41:18] /bc 2~~3 MINUTO TA DE VOLTA!
[19/4/2017 10:41:52] /save
[19/4/2017 10:42:6] /save
[19/4/2017 10:42:15] /shutdown
[19/4/2017 10:45:0] /t
[19/4/2017 10:45:8] /t
[19/4/2017 10:46:48] /reload config
[19/4/2017 10:47:43] /t
[19/4/2017 11:7:4] /a 2
[19/4/2017 11:7:4] /a 2
[19/4/2017 11:7:5] /a 2
[19/4/2017 11:7:5] /a 2
[19/4/2017 11:7:5] /a 2
[19/4/2017 11:7:5] /a 2
[19/4/2017 11:7:5] /a 2
[19/4/2017 11:7:5] /a 2
[19/4/2017 11:7:6] /a 2
[19/4/2017 11:7:6] /a 2
[19/4/2017 11:7:6] /a 2
[19/4/2017 11:7:6] /a 2
[19/4/2017 11:7:7] /a 2
[19/4/2017 11:7:7] /a 2
[19/4/2017 11:7:7] /a 2
[19/4/2017 11:7:7] /a 2
[19/4/2017 11:7:7] /a 2
[19/4/2017 11:7:7] /a 2
[19/4/2017 11:7:8] /a 2
[19/4/2017 11:7:8] /a 2
[19/4/2017 11:7:8] /a 2
[19/4/2017 11:7:9] /a 2
[19/4/2017 11:7:9] /a 2
[19/4/2017 11:7:9] /a 2
[19/4/2017 11:7:9] /a 2
[19/4/2017 11:7:10] /a 2
[19/4/2017 11:7:10] /a 2
[19/4/2017 11:7:10] /a 2
[19/4/2017 11:7:10] /a 2
[19/4/2017 11:7:11] /a 2
[19/4/2017 11:7:11] /a 2
