[20/6/2017 19:34:43] /waredron go
[20/6/2017 19:46:43] /waredron go
[20/6/2017 19:56:28] /waredron go
[20/6/2017 20:1:24] /waredron go
[22/6/2017 20:9:24] /waredron go..
[22/6/2017 20:9:38] /waredron go
[22/6/2017 20:9:40] /waredron go
[22/6/2017 20:9:40] /waredron go
[22/6/2017 20:9:41] /waredron go
[22/6/2017 20:9:41] /waredron go
[22/6/2017 20:10:0] /waredron invite,loucos do push,30
[22/6/2017 20:10:1] /waredron invite,loucos do push,30
[22/6/2017 20:12:26] /waredron go
[26/6/2017 16:1:59] /waredron invite,os lapidarios,50
[26/6/2017 16:2:1] /waredron invite,os lapidarios,50
[26/6/2017 19:15:5] /waredron invite,c d g,30
[26/6/2017 19:21:7] /waredron go
[26/6/2017 19:32:40] /waredron go
[26/6/2017 19:33:8] /waredron go
[26/6/2017 19:37:54] /waredron go
[26/6/2017 19:38:52] /waredron go
[26/6/2017 19:41:30] /waredron go
[26/6/2017 19:53:0] /waredron go
