[7/6/2017 21:55:46] /ghost
[7/6/2017 21:56:13] /ghost
[7/6/2017 21:56:18] /ghost
[7/6/2017 21:56:20] /goto marllin on
[7/6/2017 21:56:24] /goto alison on
[7/6/2017 21:56:48] /clean 1
[7/6/2017 21:57:38] /bc QUERO VER A GALERA PELEGANDO PELO (CASTELO) CADE OS VALENTINHOS ? RS
[7/6/2017 21:57:42] /bc QUERO VER A GALERA PELEGANDO PELO (CASTELO) CADE OS VALENTINHOS ? RS
[7/6/2017 21:57:44] /t
[7/6/2017 21:58:2] /bc QUERO VER A GALERA PELEGANDO PELO (CASTELO) CADE OS VALENTINHOS ? (BK CASTLE) AGUARDA VOCE , CADE OS BRABOS ? 
[7/6/2017 21:58:34] /bc QUERO VER A GALERA PELEGANDO PELO (CASTELO) CADE OS VALENTINHOS ? (BK CASTLE) AGUARDA VOCE , CADE OS BRABOS ? 
[7/6/2017 21:58:53] /bc QUERO VER A GALERA PELEGANDO PELO (CASTELO) CADE OS VALENTINHOS ? (BK CASTLE) AGUARDA VOCE , CADE OS BRABOS ? 
[7/6/2017 21:59:50] /bc QUERO VER A GALERA PELEGANDO PELO (CASTELO) CADE OS VALENTINHOS ? (BK CASTLE) AGUARDA VOCE , CADE OS BRABOS ? 
[7/6/2017 22:0:55] /bc QUERO VER A GALERA PELEGANDO PELO (CASTELO) CADE OS VALENTINHOS ? (BK CASTLE) AGUARDA VOCE , CADE OS BRABOS ? 
[7/6/2017 22:0:57] /bc QUERO VER A GALERA PELEGANDO PELO (CASTELO) CADE OS VALENTINHOS ? (BK CASTLE) AGUARDA VOCE , CADE OS BRABOS ? 
[7/6/2017 22:1:8] /bc QUERO VER A GALERA PELEGANDO PELO (CASTELO) CADE OS VALENTINHOS ? (BK CASTLE) AGUARDA VOCE , CADE OS BRABOS ? 
[7/6/2017 22:3:47] /a 3
[7/6/2017 22:4:0] /bc QUERO VER A GALERA PELEGANDO PELO (CASTELO) CADE OS VALENTINHOS ? (BK CASTLE) AGUARDA VOCE , CADE OS BRABOS ? 
[7/6/2017 22:4:5] /ghost
[7/6/2017 22:4:49] /bc QUERO VER A GALERA PELEGANDO PELO (CASTELO) CADE OS VALENTINHOS ? (BK CASTLE) AGUARDA VOCE , CADE OS BRABOS ? 
[7/6/2017 22:4:52] /ghost
[7/6/2017 22:4:56] /goto jarbas
[7/6/2017 22:4:59] /ghost
[7/6/2017 22:5:12] /ghost
[7/6/2017 22:5:15] /t
[7/6/2017 22:8:28] /bc QUERO VER A GALERA PELEGANDO PELO (CASTELO) CADE OS VALENTINHOS ? (BK CASTLE) AGUARDA VOCE , CADE OS BRABOS ? 
[7/6/2017 22:11:6] /bc QUERO VER A GALERA PELEGANDO PELO (CASTELO) CADE OS VALENTINHOS ? (BK CASTLE) AGUARDA VOCE , CADE OS BRABOS ? 
[7/6/2017 22:13:15] /bc QUERO VER A GALERA PELEGANDO PELO (CASTELO) CADE OS VALENTINHOS ? (BK CASTLE) AGUARDA VOCE , CADE OS BRABOS ? 
[7/6/2017 22:14:0] /t
[7/6/2017 22:15:39] /bc QUERO VER A GALERA PELEGANDO PELO (CASTELO) CADE OS VALENTINHOS ? (BK CASTLE) AGUARDA VOCE , CADE OS BRABOS ? 
[7/6/2017 22:16:16] /bc QUERO VER A GALERA PELEGANDO PELO (CASTELO) CADE OS VALENTINHOS ? (BK CASTLE) AGUARDA VOCE , CADE OS BRABOS ? 
[7/6/2017 22:16:45] /bc QUERO VER A GALERA PELEGANDO PELO (CASTELO) CADE OS VALENTINHOS ? (BK CASTLE) AGUARDA VOCE , CADE OS BRABOS ? 
[7/6/2017 22:17:32] /bc QUERO VER A GALERA PELEGANDO PELO (CASTELO) CADE OS VALENTINHOS ? (BK CASTLE) AGUARDA VOCE , CADE OS BRABOS ? 
[7/6/2017 22:19:14] /bc QUERO VER A GALERA PELEGANDO PELO (CASTELO) CADE OS VALENTINHOS ? (BK CASTLE) AGUARDA VOCE , CADE OS BRABOS ? 
[7/6/2017 22:20:0] /bc QUERO VER A GALERA PELEGANDO PELO (CASTELO) CADE OS VALENTINHOS ? (BK CASTLE) AGUARDA VOCE , CADE OS BRABOS ? 
[7/6/2017 22:20:31] /goto Joga Facil Sz
[7/6/2017 22:20:45] /t
[7/6/2017 22:21:2] /up
[7/6/2017 22:21:28] /bc QUERO VER A GALERA PELEGANDO PELO (CASTELO) CADE OS VALENTINHOS ? (BK CASTLE) AGUARDA VOCE , CADE OS BRABOS ? 
[7/6/2017 22:22:24] /bc QUERO VER A GALERA PELEGANDO PELO (CASTELO) CADE OS VALENTINHOS ? (BK CASTLE) AGUARDA VOCE , CADE OS BRABOS ? 
[7/6/2017 22:24:17] /bc QUERO VER A GALERA PELEGANDO PELO (CASTELO) CADE OS VALENTINHOS ? (BK CASTLE) AGUARDA VOCE , CADE OS BRABOS ? 
[7/6/2017 22:26:15] /bc QUERO VER A GALERA PELEGANDO PELO (CASTELO) CADE OS VALENTINHOS ? (BK CASTLE) AGUARDA VOCE , CADE OS BRABOS ? 
[7/6/2017 22:34:56] /goto comedador
[7/6/2017 22:35:11] /goto joao on
[7/6/2017 22:35:22] /goto Death Crazy
[7/6/2017 22:36:30] /goto Beat
[7/6/2017 22:36:37] /t
[7/6/2017 22:37:3] /goto Death Crazy
[7/6/2017 22:37:10] /kick Death Crazy
[7/6/2017 22:37:17] /goto Ziggy
[7/6/2017 22:37:20] /kick Ziggy
[7/6/2017 22:37:28] /kick Ziggy
[7/6/2017 22:37:31] /kick Ziggy
[7/6/2017 22:37:59] /bc THE BOSS STRIKER (ENFRENTE AO TEMPLO) VENHAM TODOS \O
[7/6/2017 22:38:2] /bc THE BOSS STRIKER (ENFRENTE AO TEMPLO) VENHAM TODOS \O
[7/6/2017 22:38:3] /bc THE BOSS STRIKER (ENFRENTE AO TEMPLO) VENHAM TODOS \O
[7/6/2017 22:38:3] /bc THE BOSS STRIKER (ENFRENTE AO TEMPLO) VENHAM TODOS \O
[7/6/2017 22:38:3] /bc THE BOSS STRIKER (ENFRENTE AO TEMPLO) VENHAM TODOS \O
[7/6/2017 22:38:4] /bc THE BOSS STRIKER (ENFRENTE AO TEMPLO) VENHAM TODOS \O
[7/6/2017 22:38:8] /m the boss striker
[7/6/2017 22:38:24] /goto Joga Facil Sz
[7/6/2017 22:38:26] /t
[7/6/2017 22:38:36] /goto Wtp Lucas
[7/6/2017 22:38:39] /goto Wtp Lucas
[7/6/2017 22:38:58] /bc THE BOSS STRIKER (ENFRENTE AO TEMPLO) VENHAM TODOS \O
[7/6/2017 22:39:0] /bc THE BOSS STRIKER (ENFRENTE AO TEMPLO) VENHAM TODOS \O
[7/6/2017 22:39:3] /m king of baiak
[7/6/2017 22:40:23] /a 30
[7/6/2017 22:40:24] /a 30
[7/6/2017 22:40:24] /a 30
[7/6/2017 22:40:27] /c Alison On
[7/6/2017 22:40:32] /ghost
[7/6/2017 22:40:38] /ghost
[7/6/2017 22:40:42] /t Alison On
[7/6/2017 22:40:43] /t
[7/6/2017 22:41:10] /t
[7/6/2017 22:43:24] /goto Rhianzinhow
[7/6/2017 22:48:35] /ghost
[7/6/2017 22:48:42] /clean 1
[7/6/2017 22:49:23] /kick Wtp Lucas
[7/6/2017 22:49:44] /ghost
[7/6/2017 22:51:25] /goto Prohibited Style
[7/6/2017 23:8:13] /goto Rhianzinhow
[7/6/2017 23:8:37] /goto Joao On
[7/6/2017 23:8:39] /goto erick on
[7/6/2017 23:8:42] /goto alison on
[7/6/2017 23:8:44] /t
[7/6/2017 23:29:52] /goto alison on
[7/6/2017 23:29:54] /t
[7/6/2017 23:40:10] /i magma monocle
[7/6/2017 23:40:18] /i magma coat
[7/6/2017 23:40:19] /i magma coat
[7/6/2017 23:40:20] /i magma monocle
[7/6/2017 23:40:25] /i magma monocle
[7/6/2017 23:40:28] /i magma monocle
[7/6/2017 23:40:31] /i magma coat
[7/6/2017 23:40:32] /i magma coat
[7/6/2017 23:40:36] /i magma legs
[7/6/2017 23:40:37] /i magma legs
[7/6/2017 23:40:40] /i magma legs
[7/6/2017 23:40:41] /i magma legs
[7/6/2017 23:40:53] /i magma legs
[7/6/2017 23:41:13] /i backpack
[7/6/2017 23:41:34] /i ranger legs
[7/6/2017 23:41:44] /i destru armor
[7/6/2017 23:41:51] /i vip free armor
[7/6/2017 23:41:59] /i dragon scale helmet
[7/6/2017 23:42:20] /t
[7/6/2017 23:49:22] /ghost
[7/6/2017 23:49:32] /newtype 127,Clayverson
[7/6/2017 23:51:10] /goto expert
[7/6/2017 23:53:42] /goto expert
[8/6/2017 10:23:10] /ghost
[8/6/2017 10:23:30] /clean 1
[8/6/2017 10:24:30] /bc -> THE BOSS STRIKER (ENFRENTE AO TEMPLO) <-
[8/6/2017 10:24:31] /bc -> THE BOSS STRIKER (ENFRENTE AO TEMPLO) <-
[8/6/2017 10:24:32] /bc -> THE BOSS STRIKER (ENFRENTE AO TEMPLO) <-
[8/6/2017 10:24:34] /t
[8/6/2017 10:24:36] /bc -> THE BOSS STRIKER (ENFRENTE AO TEMPLO) <-
[8/6/2017 10:24:39] /m the boss striker
[8/6/2017 10:24:46] /bc -> THE BOSS STRIKER (ENFRENTE AO TEMPLO) <-
[8/6/2017 10:24:47] /bc -> THE BOSS STRIKER (ENFRENTE AO TEMPLO) <-
[8/6/2017 10:24:50] /bc -> THE BOSS STRIKER (ENFRENTE AO TEMPLO) <-
[8/6/2017 10:24:51] /bc -> THE BOSS STRIKER (ENFRENTE AO TEMPLO) <-
[8/6/2017 10:24:55] /bc -> THE BOSS STRIKER (ENFRENTE AO TEMPLO) <-
[8/6/2017 10:25:11] /bc -> THE BOSS STRIKER (ENFRENTE AO TEMPLO) <-
[8/6/2017 10:25:26] /bc -> THE BOSS STRIKER (ENFRENTE AO TEMPLO) <-
[8/6/2017 10:25:27] /bc -> THE BOSS STRIKER (ENFRENTE AO TEMPLO) <-
[8/6/2017 10:25:37] /bc -> THE BOSS STRIKER (ENFRENTE AO TEMPLO) <-
[8/6/2017 10:25:37] /bc -> THE BOSS STRIKER (ENFRENTE AO TEMPLO) <-
[8/6/2017 10:25:52] /bc -> THE BOSS STRIKER (ENFRENTE AO TEMPLO) <-
[8/6/2017 10:25:57] /bc -> THE BOSS STRIKER (ENFRENTE AO TEMPLO) <-
[8/6/2017 10:26:10] /m king of baiak
[8/6/2017 10:26:12] /bc -> THE BOSS STRIKER (ENFRENTE AO TEMPLO) <-
[8/6/2017 10:26:18] /m addon doll
[8/6/2017 10:26:39] /bc -> THE BOSS STRIKER (ENFRENTE AO TEMPLO) <-
[8/6/2017 10:26:39] /bc -> THE BOSS STRIKER (ENFRENTE AO TEMPLO) <-
[8/6/2017 10:26:44] /m addon doll
[8/6/2017 10:26:44] /m addon doll
[8/6/2017 10:26:46] /m addon doll
[8/6/2017 10:27:14] /m addon doll
[8/6/2017 10:32:37] /ghost
[8/6/2017 10:36:14] /i surprise box
[8/6/2017 10:36:17] /i surprise
[8/6/2017 10:38:15] /goto pandoro
[8/6/2017 10:38:18] /goto pandoro
[8/6/2017 10:39:32] /newtype 302
[8/6/2017 10:41:16] /goto Destroyer Killer
[8/6/2017 10:41:19] /goto obi
[8/6/2017 10:41:22] /c Destroyer Killer
[8/6/2017 10:41:24] /t
[8/6/2017 10:41:53] /b DUVIDAS&SUGESTOES CTRL+O  (CHANNEL AJUDA).
[8/6/2017 10:42:37] /goto xablau
[8/6/2017 10:43:0] /t
[8/6/2017 10:46:17] /clean 2
[8/6/2017 10:48:5] /bc 10:48 Rudy Fox [435]: PROCURO TIME PRA IR PROMOTION QUEST
[8/6/2017 10:48:11] /bc 10:48 Rudy Fox [435]: PROCURO TIME PRA IR PROMOTION QUEST
[8/6/2017 11:13:7] /m triple exp
[8/6/2017 11:13:16] /goto Tulin
[8/6/2017 11:13:28] /goto lucas
[8/6/2017 11:13:31] /goto lucaz
[8/6/2017 11:13:43] /t
[8/6/2017 11:21:31] /bc SE  BATER NEW  RECORD HOJE DE 280+ (BOSSING DONATE+INVASAO BASICA).
[8/6/2017 11:36:45] /clean 2
[8/6/2017 11:41:4] /ghost
[8/6/2017 11:41:5] /goto Hyde
[8/6/2017 11:41:11] /goto Hyde
[8/6/2017 11:41:16] /goto Hyde
[8/6/2017 11:41:17] /ghost
[8/6/2017 11:41:48] /t
[8/6/2017 11:50:7] /up
[8/6/2017 11:50:9] /up
[8/6/2017 11:50:11] /up
[8/6/2017 11:50:22] /t
[8/6/2017 11:50:24] /goto rudy fox
[8/6/2017 11:50:27] /t
[8/6/2017 11:50:42] /r
[8/6/2017 11:50:45] /ghost
[8/6/2017 11:50:46] /r
[8/6/2017 11:50:48] /r
[8/6/2017 11:50:49] /r
[8/6/2017 11:50:49] /r
[8/6/2017 11:50:50] /r
[8/6/2017 11:51:3] /r  
[8/6/2017 11:51:6] /clean
[8/6/2017 11:51:7] /r
[8/6/2017 11:51:24] /up
[8/6/2017 11:51:24] /up
[8/6/2017 11:51:25] /up
[8/6/2017 11:51:28] /i 1195
[8/6/2017 11:51:30] /r
[8/6/2017 11:51:31] /r
[8/6/2017 11:51:32] /t
[8/6/2017 11:57:24] /bc SE CHEGAR A 280+ ON (BOSSING DONATE+INVASAO) 280+ VAMOS LA?
[8/6/2017 11:57:31] /bc SE CHEGAR A 280+ ON (BOSSING DONATE+INVASAO) 280+ VAMOS LA?
[8/6/2017 11:57:32] /bc SE CHEGAR A 280+ ON (BOSSING DONATE+INVASAO) 280+ VAMOS LA?
[8/6/2017 11:58:43] /ghost
[8/6/2017 11:59:30] /bc -> THE BOSS STRIKER ENFRENTE AO TEMPLO <- CADE OS CHEFOES DO PELEGO ? \O/
[8/6/2017 11:59:32] /bc -> THE BOSS STRIKER ENFRENTE AO TEMPLO <- CADE OS CHEFOES DO PELEGO ? \O/
[8/6/2017 11:59:41] /m the boss striker
[8/6/2017 11:59:47] /bc -> THE BOSS STRIKER ENFRENTE AO TEMPLO <- CADE OS CHEFOES DO PELEGO ? \O/
[8/6/2017 12:0:0] /bc -> THE BOSS STRIKER ENFRENTE AO TEMPLO <- CADE OS CHEFOES DO PELEGO ? \O/
[8/6/2017 12:0:7] /m addon doll
[8/6/2017 12:0:37] /bc -> THE BOSS STRIKER ENFRENTE AO TEMPLO <- CADE OS CHEFOES DO PELEGO ? \O/
[8/6/2017 12:1:47] /m king of baiak
[8/6/2017 12:1:58] /ghost
[8/6/2017 12:7:18] /t
[8/6/2017 12:7:31] /goto Luiz mdc
[8/6/2017 12:7:35] /t
[8/6/2017 12:10:33] /bc SE CHEGAR A 280+ ONLINE , TERA BOSSING DONATE+INVASAO BASICA! E UNS EVENTOS ESCONDE ESCONDE , BORA ? 
[8/6/2017 12:11:20] /goto Perry
[8/6/2017 12:11:22] /t
[8/6/2017 12:13:53] /goto Perry
[8/6/2017 12:13:56] /ghost
[8/6/2017 12:13:59] /goto Perry
[8/6/2017 12:14:9] /goto Perry
[8/6/2017 12:14:13] /goto Perry
[8/6/2017 12:14:20] /ghost
[8/6/2017 12:14:25] /t
[8/6/2017 12:16:17] /goto alison on
[8/6/2017 12:16:21] /goto erick on
[8/6/2017 12:16:24] /t
[8/6/2017 12:18:12] /bc SE CHEGAR A 280+ LEMBRANDO (BOSSING DONATE NA CITY) QUERO 50 PLAYERS QUANDO BATER 280+ NA CITY (TERA BOSSING+INVASAO BASICA) <-
[8/6/2017 12:18:14] /bc SE CHEGAR A 280+ LEMBRANDO (BOSSING DONATE NA CITY) QUERO 50 PLAYERS QUANDO BATER 280+ NA CITY (TERA BOSSING+INVASAO BASICA) <-
[8/6/2017 12:18:48] /bc SE CHEGAR A 280+ LEMBRANDO (BOSSING DONATE NA CITY) QUERO 50 PLAYERS QUANDO BATER 280+ NA CITY (TERA BOSSING+INVASAO BASICA) <-
[8/6/2017 12:23:30] /bc SE CHEGAR A 280+ LEMBRANDO (BOSSING DONATE NA CITY) QUERO 50 PLAYERS QUANDO BATER 280+ NA CITY (TERA BOSSING+INVASAO BASICA) <-
[8/6/2017 12:27:15] /bc SE CHEGAR A 280+ LEMBRANDO (BOSSING DONATE NA CITY) QUERO 50 PLAYERS QUANDO BATER 280+ NA CITY (TERA BOSSING+INVASAO BASICA) <-
[8/6/2017 12:28:56] /bc SE CHEGAR A 280+ ONLINES  (TERA BOSSING DONATE)+INVASAO BASICA!!  ^^
[8/6/2017 12:28:59] /bc SE CHEGAR A 280+ ONLINES  (TERA BOSSING DONATE)+INVASAO BASICA!!  ^^
[8/6/2017 12:29:11] /bc SE CHEGAR A 280+ ONLINES  (TERA BOSSING DONATE)+INVASAO BASICA!!  ^^
[8/6/2017 12:30:9] /i new donate axe
[8/6/2017 12:30:41] /i new kina sword
[8/6/2017 12:31:38] /i magic suphurs
[8/6/2017 12:35:5] /goto Hyde
[8/6/2017 12:42:22] /bc SE TIVER 280+ ON (BOSSING DONATE ALL CITY) + INVASAO  BASICA , FALTA POUCO !!!!! BATEU 281,  JA SOLTO O BOSSING..
[8/6/2017 12:44:22] /bc SE TIVER 280+ ON (BOSSING DONATE ALL CITY) + INVASAO  BASICA , FALTA POUCO !!!!! BATEU 281,  JA SOLTO O BOSSING..
[8/6/2017 12:46:37] /bc SE TIVER 280+ ON (BOSSING DONATE ALL CITY) + INVASAO  BASICA , FALTA POUCO !!!!! BATEU 281,  JA SOLTO O BOSSING..
[8/6/2017 12:46:59] /bc SE TIVER 280+ ON (BOSSING DONATE ALL CITY) + INVASAO  BASICA , FALTA POUCO !!!!! BATEU 281,  JA SOLTO O BOSSING..
[8/6/2017 12:47:43] /bc SE TIVER 280+ ON (BOSSING DONATE ALL CITY) + INVASAO  BASICA , FALTA POUCO !!!!! BATEU 281,  JA SOLTO O BOSSING..
[8/6/2017 12:48:9] /bc SE TIVER 280+ ON (BOSSING DONATE ALL CITY) + INVASAO  BASICA , FALTA POUCO !!!!! BATEU 281,  JA SOLTO O BOSSING..
[8/6/2017 12:50:52] /bc SE TIVER 280+ ON (BOSSING DONATE ALL CITY) + INVASAO  BASICA , FALTA POUCO !!!!! BATEU 281,  JA SOLTO O BOSSING..
[8/6/2017 12:51:44] /bc SE TIVER 280+ ON (BOSSING DONATE ALL CITY) + INVASAO  BASICA , FALTA POUCO !!!!! BATEU 281,  JA SOLTO O BOSSING..
[8/6/2017 12:52:24] /bc VOU POR NO-PVP , QUANDO TIVER UNS  30 NEGO NA CITY , EU TIRO O NO-PVP E SOLTO O BOSSING (DONATE) VENHAM TODOS.
[8/6/2017 12:52:25] /bc VOU POR NO-PVP , QUANDO TIVER UNS  30 NEGO NA CITY , EU TIRO O NO-PVP E SOLTO O BOSSING (DONATE) VENHAM TODOS.
[8/6/2017 12:52:25] /bc VOU POR NO-PVP , QUANDO TIVER UNS  30 NEGO NA CITY , EU TIRO O NO-PVP E SOLTO O BOSSING (DONATE) VENHAM TODOS.
[8/6/2017 12:52:28] /mode 2
[8/6/2017 12:52:32] /bc VOU POR NO-PVP , QUANDO TIVER UNS  30 NEGO NA CITY , EU TIRO O NO-PVP E SOLTO O BOSSING (DONATE) VENHAM TODOS.
[8/6/2017 12:52:33] /bc VOU POR NO-PVP , QUANDO TIVER UNS  30 NEGO NA CITY , EU TIRO O NO-PVP E SOLTO O BOSSING (DONATE) VENHAM TODOS.
[8/6/2017 12:52:34] /bc VOU POR NO-PVP , QUANDO TIVER UNS  30 NEGO NA CITY , EU TIRO O NO-PVP E SOLTO O BOSSING (DONATE) VENHAM TODOS.
[8/6/2017 12:52:36] /bc VOU POR NO-PVP , QUANDO TIVER UNS  30 NEGO NA CITY , EU TIRO O NO-PVP E SOLTO O BOSSING (DONATE) VENHAM TODOS.
[8/6/2017 12:52:36] /bc VOU POR NO-PVP , QUANDO TIVER UNS  30 NEGO NA CITY , EU TIRO O NO-PVP E SOLTO O BOSSING (DONATE) VENHAM TODOS.
[8/6/2017 12:52:38] /bc VOU POR NO-PVP , QUANDO TIVER UNS  30 NEGO NA CITY , EU TIRO O NO-PVP E SOLTO O BOSSING (DONATE) VENHAM TODOS.
[8/6/2017 12:55:14] /clean 1
[8/6/2017 12:56:0] /bc QUERO 30 FORA DO TEMPLO (NO PVP POR 1MIN) VOU CRIAR O BOSSING DONATE".
[8/6/2017 12:56:2] /bc QUERO 30 FORA DO TEMPLO (NO PVP POR 1MIN) VOU CRIAR O BOSSING DONATE".
[8/6/2017 12:56:3] /bc QUERO 30 FORA DO TEMPLO (NO PVP POR 1MIN) VOU CRIAR O BOSSING DONATE".
[8/6/2017 12:56:5] /mode 2
[8/6/2017 12:56:9] /bc QUERO 30 FORA DO TEMPLO (NO PVP POR 1MIN) VOU CRIAR O BOSSING DONATE".
[8/6/2017 12:56:14] /mode 2
[8/6/2017 12:56:17] /mode 1
[8/6/2017 12:56:23] /bc QUERO 30 FORA DO TEMPLO (NO PVP POR 1MIN) VOU CRIAR O BOSSING DONATE".
[8/6/2017 12:56:26] /bc QUERO 30 FORA DO TEMPLO (NO PVP POR 1MIN) VOU CRIAR O BOSSING DONATE".
[8/6/2017 12:56:27] /bc QUERO 30 FORA DO TEMPLO (NO PVP POR 1MIN) VOU CRIAR O BOSSING DONATE".
[8/6/2017 12:56:35] /bc QUERO 30 FORA DO TEMPLO (NO PVP POR 1MIN) VOU CRIAR O BOSSING DONATE".
[8/6/2017 12:56:36] /bc QUERO 30 FORA DO TEMPLO (NO PVP POR 1MIN) VOU CRIAR O BOSSING DONATE".
[8/6/2017 12:56:45] /m guarda costas do god
[8/6/2017 12:56:49] /m guarda costas do god
[8/6/2017 12:56:56] /i 2160
[8/6/2017 12:57:4] /t
[8/6/2017 12:57:6] /m Guarda Costas Do GOD
[8/6/2017 12:57:8] /mode 2
[8/6/2017 12:57:20] /bc BOSSING DONATE (NA CITY) DROPPING = ITENS DONATE.
[8/6/2017 12:57:22] /bc BOSSING DONATE (NA CITY) DROPPING = ITENS DONATE.
[8/6/2017 12:57:24] /bc BOSSING DONATE (NA CITY) DROPPING = ITENS DONATE.
[8/6/2017 12:57:24] /bc BOSSING DONATE (NA CITY) DROPPING = ITENS DONATE.
[8/6/2017 12:57:29] /bc BOSSING DONATE (NA CITY) DROPPING = ITENS DONATE.
[8/6/2017 12:57:33] /bc BOSSING DONATE (NA CITY) DROPPING = ITENS DONATE.
[8/6/2017 12:57:37] /bc BOSSING DONATE (NA CITY) DROPPING = ITENS DONATE.
[8/6/2017 12:58:3] /bc BOSSING DONATE (NA CITY) DROPPING = ITENS DONATE.
[8/6/2017 12:58:11] /bc BOSSING DONATE (NA CITY) DROPPING = ITENS DONATE.
[8/6/2017 12:58:26] /bc BOSSING DONATE (NA CITY) DROPPING = ITENS DONATE.
[8/6/2017 12:59:11] /bc BOSSING DONATE (NA CITY) DROPPING = ITENS DONATE.
[8/6/2017 13:0:24] /bc BOSSING DONATE (NA CITY) DROPPING = ITENS DONATE.
[8/6/2017 13:0:51] /bc BOSSING DONATE (NA CITY) DROPPING = ITENS DONATE.
[8/6/2017 13:1:11] /bc BOSSING DONATE (NA CITY) DROPPING = ITENS DONATE.
[8/6/2017 13:1:25] /bc BOSSING DONATE (NA CITY) DROPPING = ITENS DONATE.
[8/6/2017 13:1:34] /bc BOSSING DONATE (NA CITY) DROPPING = ITENS DONATE.
[8/6/2017 13:1:37] /bc BOSSING DONATE (NA CITY) DROPPING = ITENS DONATE.
[8/6/2017 13:3:27] /m king of baiak
[8/6/2017 13:3:29] /m addon doll
[8/6/2017 13:3:30] /m addon doll
[8/6/2017 13:5:12] /i cave exclsuiva
[8/6/2017 13:5:18] /i cave exclusiva
[8/6/2017 13:5:33] /bc TEM 3 CAVES EXCLUSIVA ESCONDIDA NA CITY (PROCUREM)
[8/6/2017 13:5:33] /bc TEM 3 CAVES EXCLUSIVA ESCONDIDA NA CITY (PROCUREM)
[8/6/2017 13:5:34] /bc TEM 3 CAVES EXCLUSIVA ESCONDIDA NA CITY (PROCUREM)
[8/6/2017 13:5:35] /bc TEM 3 CAVES EXCLUSIVA ESCONDIDA NA CITY (PROCUREM)
[8/6/2017 13:5:35] /bc TEM 3 CAVES EXCLUSIVA ESCONDIDA NA CITY (PROCUREM)
[8/6/2017 13:5:36] /i cave exclusiva
[8/6/2017 13:5:51] /a 3
[8/6/2017 13:6:0] /i cave exclusiva
[8/6/2017 13:6:21] /bc TEM 3 CAVES EXCLUSIVA ESCONDIDA NA CITY (PROCUREM)
[8/6/2017 13:6:22] /bc TEM 3 CAVES EXCLUSIVA ESCONDIDA NA CITY (PROCUREM)
[8/6/2017 13:6:23] /bc TEM 3 CAVES EXCLUSIVA ESCONDIDA NA CITY (PROCUREM)
[8/6/2017 13:6:34] /t
[8/6/2017 13:6:58] /i 7443
[8/6/2017 13:6:59] /i 7443
[8/6/2017 13:7:3] /a  100
[8/6/2017 13:7:45] /b VALENDO 2 DOUBLE EXP (2 CAVE EXCLUSIVAS) ME ACHE!!! TO SEM /GHOST !!!! PROCUREM ... boa sorte ;)
[8/6/2017 13:7:47] /ghost
[8/6/2017 13:8:19] /b VALENDO 2 DOUBLE EXP (2 CAVE EXCLUSIVAS) ME ACHE!!! TO SEM /GHOST !!!! PROCUREM ... boa sorte ;)
[8/6/2017 13:9:31] /b VALENDO 2 DOUBLE EXP (2 CAVE EXCLUSIVAS) ME ACHE!!! TO SEM /GHOST !!!! PROCUREM ... boa sorte ;)
[8/6/2017 13:10:15] /b VALENDO 2 DOUBLE EXP (2 CAVE EXCLUSIVAS) ME ACHE!!! TO SEM /GHOST !!!! PROCUREM ... boa sorte ;)
[8/6/2017 13:10:30] /b Borussia <- achou ..
[8/6/2017 13:10:31] /b Borussia <- achou ..
[8/6/2017 13:10:31] /b Borussia <- achou ..
[8/6/2017 13:10:32] /b Borussia <- achou ..
[8/6/2017 13:10:46] /i cave exclusiva
[8/6/2017 13:10:47] /i cave exclusiva
[8/6/2017 13:10:57] /t
[8/6/2017 13:11:3] /ghost
[8/6/2017 13:11:12] /goto obi
[8/6/2017 13:11:14] /c Isku Lutz
[8/6/2017 13:12:4] /m piru do adm
[8/6/2017 13:12:13] /t
[8/6/2017 13:13:1] /giveitem 7443
[8/6/2017 13:13:3] /giveitem 7443,all
[8/6/2017 13:13:10] /giveitem 7443, alison on
[8/6/2017 13:13:15] /giveitem 7443, Support In Game
[8/6/2017 13:13:22] /giveitem Support In Game,7443
[8/6/2017 13:13:33] /giveitem all,7443
[8/6/2017 13:13:38] /giveitem all7443
[8/6/2017 13:13:42] /giveitem ,7443
[8/6/2017 13:13:48] /giveitem alison on,7443
[8/6/2017 13:13:52] /giveitem Support In Game,7443
[8/6/2017 13:14:23] /i new mage boots
[8/6/2017 13:15:17] /giveitem alison on,12644
[8/6/2017 13:15:40] /goto alison on
[8/6/2017 13:47:59] /i cave exclusiva
[8/6/2017 13:48:6] /giveitem
[8/6/2017 13:48:13] /giveitem Alison On,8981
[8/6/2017 13:51:57] /c pandoro
[8/6/2017 13:52:15] /t
[8/6/2017 13:54:37] /ghost
[8/6/2017 13:58:7] /t
[8/6/2017 14:16:57] /ghost
[8/6/2017 14:17:10] /clean 1
[8/6/2017 14:30:11] /clean 1
[8/6/2017 14:32:28] /t
[8/6/2017 14:34:39] /goto lucaz
[8/6/2017 14:34:45] /ghost
[8/6/2017 14:34:49] /ghost
[8/6/2017 14:35:3] /goto Tulin  
[8/6/2017 14:35:7] /t
[8/6/2017 14:37:6] /goto Arqueiro Black
[8/6/2017 14:37:16] /goto Arqueiro Black
[8/6/2017 14:37:24] /t
[8/6/2017 14:38:8] /goto Samuelin Sofrencia
[8/6/2017 14:38:12] /t
[8/6/2017 14:38:45] /goto alison on
[8/6/2017 14:38:47] /t
[8/6/2017 14:42:3] /bc 14:41 New record: 288 players are logged in <- BORA BATER 300 ? 
[8/6/2017 14:42:55] /t
[8/6/2017 17:9:52] /goto knighter
[8/6/2017 17:9:55] /ghost
[8/6/2017 17:11:48] /goto knighter
[8/6/2017 17:12:0] /c Harper
[8/6/2017 17:12:41] /ghost
[8/6/2017 17:12:41] /t
[8/6/2017 17:12:51] /clean 1
[8/6/2017 17:20:49] /goto antonio nunes
[8/6/2017 17:20:52] /ghost
[8/6/2017 17:21:32] /goto antonio nunes
[8/6/2017 17:21:34] /ghost
[8/6/2017 17:23:17] /goto antonio nunes
[8/6/2017 17:23:31] /goto antonio nunes
[8/6/2017 17:26:47] /c Lord Matador
[8/6/2017 17:27:5] /c  144.217.19.53 
[8/6/2017 17:27:17] /c Lord Matador
[8/6/2017 17:27:22] /c Lord Matador
[8/6/2017 17:27:24] /c Lord Matador
[8/6/2017 17:27:29] /t
[8/6/2017 17:32:29] /goto alison on
[8/6/2017 17:32:31] /t
[8/6/2017 17:34:1] /bc -> THE BOSS STRIKER  ENFRENTE AO TEMPLO , CADE OS BANDIDAO ? <- VENHAM TODOS !!!!
[8/6/2017 17:34:11] /bc -> THE BOSS STRIKER  ENFRENTE AO TEMPLO , CADE OS BANDIDAO ? <- VENHAM TODOS !!!!
[8/6/2017 17:34:17] /bc -> THE BOSS STRIKER  ENFRENTE AO TEMPLO , CADE OS BANDIDAO ? <- VENHAM TODOS !!!!
[8/6/2017 17:34:18] /bc -> THE BOSS STRIKER  ENFRENTE AO TEMPLO , CADE OS BANDIDAO ? <- VENHAM TODOS !!!!
[8/6/2017 17:34:20] /bc -> THE BOSS STRIKER  ENFRENTE AO TEMPLO , CADE OS BANDIDAO ? <- VENHAM TODOS !!!!
[8/6/2017 17:34:22] /bc -> THE BOSS STRIKER  ENFRENTE AO TEMPLO , CADE OS BANDIDAO ? <- VENHAM TODOS !!!!
[8/6/2017 17:34:25] /bc -> THE BOSS STRIKER  ENFRENTE AO TEMPLO , CADE OS BANDIDAO ? <- VENHAM TODOS !!!!
[8/6/2017 17:34:29] /m the boss striker
[8/6/2017 17:34:36] /bc -> THE BOSS STRIKER  ENFRENTE AO TEMPLO , CADE OS BANDIDAO ? <- VENHAM TODOS !!!!
[8/6/2017 17:34:38] /bc -> THE BOSS STRIKER  ENFRENTE AO TEMPLO , CADE OS BANDIDAO ? <- VENHAM TODOS !!!!
[8/6/2017 17:36:10] /bc -> THE BOSS STRIKER ENFRENTE AO TEMPLO <- VENHAM TODOS LOOTING NO CHAO !!!! XD
[8/6/2017 17:36:11] /bc -> THE BOSS STRIKER ENFRENTE AO TEMPLO <- VENHAM TODOS LOOTING NO CHAO !!!! XD
[8/6/2017 17:36:11] /bc -> THE BOSS STRIKER ENFRENTE AO TEMPLO <- VENHAM TODOS LOOTING NO CHAO !!!! XD
[8/6/2017 17:36:16] /m addon doll
[8/6/2017 17:52:54] /t
[8/6/2017 18:29:42] /goto la quica
[8/6/2017 18:38:28] /goto how you fire
[8/6/2017 18:38:33] /goto tulin
[8/6/2017 18:38:43] /goto Wtp Luca
[8/6/2017 18:38:44] /goto Wtp Lucas
[8/6/2017 18:38:55] /goto Roneyzao Best Ek
[8/6/2017 18:39:4] /goto Lucaz
[8/6/2017 18:39:16] /goto How you lif
[8/6/2017 18:39:17] /goto How you life
[8/6/2017 19:12:56] /goto Leogolas
[8/6/2017 19:17:30] /a 2
[8/6/2017 19:17:31] /a 2
[8/6/2017 19:17:57] /a  3
[8/6/2017 19:18:0] /a  3
[8/6/2017 19:18:2] /a  3
[8/6/2017 19:18:2] /a  3
[8/6/2017 19:18:5] /a  3
[8/6/2017 19:18:6] /a  3
[8/6/2017 19:18:7] /a  3
[8/6/2017 19:18:7] /a  3
[8/6/2017 19:18:8] /a  3
[8/6/2017 19:18:8] /a  3
[8/6/2017 19:18:8] /a  3
[8/6/2017 19:18:9] /a  3
[8/6/2017 19:18:9] /a  3
[8/6/2017 19:18:9] /a  3
[8/6/2017 19:18:10] /a  3
[8/6/2017 19:18:10] /a  3
[8/6/2017 19:18:10] /a  3
[8/6/2017 19:18:11] /a  3
[8/6/2017 19:18:11] /a  3
[8/6/2017 19:18:12] /a  3
[8/6/2017 19:18:12] /a  3
[8/6/2017 19:18:12] /a  3
[8/6/2017 19:18:13] /a  3
[8/6/2017 19:18:13] /a  3
[8/6/2017 19:18:14] /a  3
[8/6/2017 19:18:15] /a  3
[8/6/2017 19:18:15] /a  3
[8/6/2017 19:18:16] /a  3
[8/6/2017 19:18:16] /a  3
[8/6/2017 19:18:17] /a  3
[8/6/2017 19:18:18] /a  3
[8/6/2017 19:18:18] /a  3
[8/6/2017 19:18:19] /a  3
[8/6/2017 19:18:46] /t
[8/6/2017 19:19:1] /goto Chapolinho Crazy
[8/6/2017 19:19:3] /t
[8/6/2017 19:48:29] /goto alison on
[8/6/2017 20:7:21] /goto page up
[8/6/2017 20:7:26] /goto page down
[8/6/2017 20:30:21] /bc BOA NOITE/DUVIDAS NO "AJUDA" CTRL+O 
[8/6/2017 20:30:29] /i new donate axe
[8/6/2017 20:30:34] /goto Awesome Maylay
[8/6/2017 20:30:38] /goto Awesome Maylay
[8/6/2017 20:30:40] /goto Awesome Maylay
[8/6/2017 20:30:41] /goto Awesome Maylay
[8/6/2017 20:30:41] /goto Awesome Maylay
[8/6/2017 20:30:54] /ghost
[8/6/2017 20:30:58] /goto Awesome Maylay
[8/6/2017 20:31:5] /ghost
[8/6/2017 20:31:8] /t
[8/6/2017 20:31:31] /goto Joga Facil Sz
[8/6/2017 20:31:42] /ghost
[8/6/2017 20:31:53] /ghost
[8/6/2017 20:37:38] /goto Owner Wickdness
[8/6/2017 20:37:43] /t Owner Wickdness
[8/6/2017 20:38:20] /t
[8/6/2017 20:51:3] /goto alison on
[9/6/2017 0:41:10] /goto harper
[9/6/2017 0:46:23] /a 3
[9/6/2017 0:46:27] /a  3
[9/6/2017 2:7:38] /goto [ADM] Rubens
[9/6/2017 5:23:13] /goto alison on
[9/6/2017 5:23:43] /t
[9/6/2017 5:23:52] /goto expert
[9/6/2017 10:42:54] /goto alison on
[9/6/2017 10:43:17] /t
[9/6/2017 10:44:2] /bc -> THE BOSS STRIKER  <- ENFRENTE AOE TEMPLO (VENHAM TODOS ALL)
[9/6/2017 10:44:3] /bc -> THE BOSS STRIKER  <- ENFRENTE AOE TEMPLO (VENHAM TODOS ALL)
[9/6/2017 10:44:3] /bc -> THE BOSS STRIKER  <- ENFRENTE AOE TEMPLO (VENHAM TODOS ALL)
[9/6/2017 10:44:3] /bc -> THE BOSS STRIKER  <- ENFRENTE AOE TEMPLO (VENHAM TODOS ALL)
[9/6/2017 10:44:4] /bc -> THE BOSS STRIKER  <- ENFRENTE AOE TEMPLO (VENHAM TODOS ALL)
[9/6/2017 10:44:4] /bc -> THE BOSS STRIKER  <- ENFRENTE AOE TEMPLO (VENHAM TODOS ALL)
[9/6/2017 10:44:5] /bc -> THE BOSS STRIKER  <- ENFRENTE AOE TEMPLO (VENHAM TODOS ALL)
[9/6/2017 10:44:10] /bc -> THE BOSS STRIKER  <- ENFRENTE AOE TEMPLO (VENHAM TODOS ALL)
[9/6/2017 10:44:14] /m the boss striker
[9/6/2017 10:44:19] /bc -> THE BOSS STRIKER  <- ENFRENTE AOE TEMPLO (VENHAM TODOS ALL)
[9/6/2017 10:44:20] /bc -> THE BOSS STRIKER  <- ENFRENTE AOE TEMPLO (VENHAM TODOS ALL)
[9/6/2017 10:44:21] /bc -> THE BOSS STRIKER  <- ENFRENTE AOE TEMPLO (VENHAM TODOS ALL)
[9/6/2017 10:44:23] /m addon doll
[9/6/2017 10:44:36] /bc -> THE BOSS STRIKER  <- ENFRENTE AOE TEMPLO (VENHAM TODOS ALL)
[9/6/2017 10:45:28] /bc -> THE BOSS STRIKER  <- ENFRENTE AOE TEMPLO (VENHAM TODOS ALL)
[9/6/2017 10:45:29] /bc -> THE BOSS STRIKER  <- ENFRENTE AOE TEMPLO (VENHAM TODOS ALL)
[9/6/2017 10:45:29] /bc -> THE BOSS STRIKER  <- ENFRENTE AOE TEMPLO (VENHAM TODOS ALL)
[9/6/2017 10:45:30] /bc -> THE BOSS STRIKER  <- ENFRENTE AOE TEMPLO (VENHAM TODOS ALL)
[9/6/2017 10:45:34] /m king of baiak
[9/6/2017 10:45:41] /bc -> THE BOSS STRIKER  <- ENFRENTE AOE TEMPLO (VENHAM TODOS ALL)
[9/6/2017 10:46:46] /m king of baiak
[9/6/2017 10:46:49] /m addon doll
[9/6/2017 10:46:51] /m addon doll
[9/6/2017 10:52:34] /goto cdm of
[9/6/2017 10:52:39] /clean 1
[9/6/2017 14:7:24] /ghost
[9/6/2017 14:9:44] /attr health -9999999999
[9/6/2017 14:32:53] /bc #AVISO# NAO DEIXE DANDO UE, EM CAVE, SE PERDER ITENS DONATE , ENFIM DENTRE OUTRAS COISAS (A STAFF NÃO SE RESPONSABILIZA POR PERCA DE ITENS) AVISO APENAS PARA OS NOVATINHOS.
[9/6/2017 14:33:22] /ghost
[9/6/2017 14:34:17] /goto Pedro Thekinos
[9/6/2017 14:34:20] /t
[9/6/2017 14:34:37] /goto alison on
[9/6/2017 14:34:53] /goto Ze Pinguelo
[9/6/2017 14:36:47] /clean 1
[9/6/2017 14:37:25] /goto destroy killer
[9/6/2017 14:38:1] /goto Destroyer Killer
[9/6/2017 14:38:45] /goto Ze Pinguelo
[9/6/2017 14:39:22] /goto Joga Facil Sz
[9/6/2017 14:39:29] /t
[9/6/2017 14:39:53] /goto Destroyer Killer
[9/6/2017 14:42:11] /ghost
[9/6/2017 14:45:30] /t
[9/6/2017 14:46:25] /ghost
[9/6/2017 14:46:26] /goto wtp lucas
[9/6/2017 14:46:39] /goto fortuna on
[9/6/2017 14:47:6] /goto  fortuna on
[9/6/2017 14:49:32] /goto Crover
[9/6/2017 14:51:33] /goto Joga Facil Sz
[9/6/2017 14:51:35] /ghost
[9/6/2017 14:52:17] /goto Fanatic
[9/6/2017 14:52:28] /goto Fanatic
[9/6/2017 14:55:11] /goto Crover
[9/6/2017 14:55:45] /t
[9/6/2017 14:56:34] /t
[9/6/2017 14:56:35] /up
[9/6/2017 14:56:35] /up
[9/6/2017 14:56:36] /up
[9/6/2017 14:56:37] /c Peguei Red
[9/6/2017 15:1:11] /t
[9/6/2017 15:1:14] /clean 1
