[18/4/2017 14:11:5] /up
[18/4/2017 14:11:6] /up
[18/4/2017 14:11:7] /up
[18/4/2017 14:11:13] /down
[18/4/2017 14:11:14] /down
[18/4/2017 14:11:16] /down
[18/4/2017 14:12:4] /ghost
[18/4/2017 14:12:6] /ghost
[18/4/2017 14:12:9] /up
[18/4/2017 14:12:9] /up
[18/4/2017 14:12:9] /up
[18/4/2017 14:12:10] /up
[18/4/2017 14:12:12] /t
[18/4/2017 14:12:16] /a 50
[18/4/2017 14:12:17] /a 50
[18/4/2017 14:12:18] /a 50
[18/4/2017 14:12:19] /a 30
[18/4/2017 14:13:33] /c Adm Stilinsk
[18/4/2017 14:18:41] /i sellpoints
[18/4/2017 14:18:46] /i premium points
[18/4/2017 14:18:51] /ghost
[18/4/2017 14:18:54] /t
[18/4/2017 14:29:20] /c Juninmetralha
[18/4/2017 14:34:13] /down
[18/4/2017 14:34:30] /goto the boss striker
[18/4/2017 14:34:36] /up
[18/4/2017 14:34:37] /up
[18/4/2017 14:34:37] /up
[18/4/2017 14:34:42] /m the boss striker
[18/4/2017 14:34:48] /r
[18/4/2017 14:34:50] /r
[18/4/2017 14:34:57] /bc GALERA , BOSS NA CITY , VENHAM TODOS.
[18/4/2017 14:34:57] /bc GALERA , BOSS NA CITY , VENHAM TODOS.
[18/4/2017 14:34:58] /bc GALERA , BOSS NA CITY , VENHAM TODOS.
[18/4/2017 14:34:58] /bc GALERA , BOSS NA CITY , VENHAM TODOS.
[18/4/2017 14:35:4] /t
[18/4/2017 14:35:20] /i 1481
[18/4/2017 14:35:21] /i 1481
[18/4/2017 14:35:23] /i 1481
[18/4/2017 14:35:24] /i 1481
[18/4/2017 14:35:26] /i 1481
[18/4/2017 14:35:28] /m the boss striker
[18/4/2017 14:35:33] /bc GALERA , BOSS NA CITY , VENHAM TODOS.
[18/4/2017 14:35:34] /bc GALERA , BOSS NA CITY , VENHAM TODOS.
[18/4/2017 14:35:34] /bc GALERA , BOSS NA CITY , VENHAM TODOS.
[18/4/2017 14:35:35] /bc GALERA , BOSS NA CITY , VENHAM TODOS.
[18/4/2017 14:35:47] /bc GALERA , BOSS NA CITY , VENHAM TODOS.
[18/4/2017 14:36:10] /bc BOSS NA CITY, ENFRENTE O TEMPLO... VENHAM TODOS ;)
[18/4/2017 14:36:24] /bc BOSS NA CITY, ENFRENTE O TEMPLO... VENHAM TODOS ;)
[18/4/2017 14:37:9] /bc BOSS NA CITY, ENFRENTE O TEMPLO... VENHAM TODOS ;)
[18/4/2017 14:37:57] /bc BOSS NA CITY, ENFRENTE O TEMPLO... VENHAM TODOS ;)
[18/4/2017 14:39:54] /bc BOSS NA CITY, ENFRENTE O TEMPLO... VENHAM TODOS ;)
[18/4/2017 14:40:12] /bc BOSS NA CITY, ENFRENTE O TEMPLO... VENHAM TODOS ;)
[18/4/2017 14:40:24] /bc BOSS NA CITY, ENFRENTE O TEMPLO... VENHAM TODOS ;)
[18/4/2017 14:40:38] /bc BOSS NA CITY, ENFRENTE O TEMPLO... VENHAM TODOS ;)
[18/4/2017 14:40:50] /bc BOSS NA CITY, ENFRENTE O TEMPLO... VENHAM TODOS ;)
[18/4/2017 14:41:21] /bc BOSS NA CITY, ENFRENTE O TEMPLO... VENHAM TODOS ;)
[18/4/2017 14:41:49] /bc BOSS NA CITY, ENFRENTE O TEMPLO... VENHAM TODOS ;)
[18/4/2017 14:43:5] /bc BOSS NA CITY, ENFRENTE O TEMPLO... VENHAM TODOS ;)
[18/4/2017 14:43:20] /bc BOSS NA CITY, ENFRENTE O TEMPLO... VENHAM TODOS ;)
[18/4/2017 14:43:54] /bc BOSS NA CITY, ENFRENTE O TEMPLO... VENHAM TODOS ;)
[18/4/2017 14:44:10] /bc BOSS NA CITY, ENFRENTE O TEMPLO... VENHAM TODOS ;)
[18/4/2017 14:44:30] /bc BOSS NA CITY, ENFRENTE O TEMPLO... VENHAM TODOS ;)
[18/4/2017 14:45:2] /bc BOSS NA CITY, ENFRENTE O TEMPLO... VENHAM TODOS ;)
[18/4/2017 14:45:10] /r
[18/4/2017 14:45:13] /r
[18/4/2017 14:45:15] /r
[18/4/2017 14:45:18] /r
[18/4/2017 14:45:20] /r
[18/4/2017 14:45:22] /r
[18/4/2017 14:46:5] /t
[18/4/2017 14:47:35] /i 1481
[18/4/2017 14:47:37] /i 1481
[18/4/2017 14:47:39] /i 1481
[18/4/2017 14:47:40] /i 1481
[18/4/2017 14:47:42] /i 1481
[18/4/2017 14:47:46] /c the boss striker
[18/4/2017 14:48:36] /up
[18/4/2017 14:48:36] /up
[18/4/2017 14:48:36] /up
[18/4/2017 14:48:42] /ghost
[18/4/2017 14:48:46] /c Francis Ladrao Is
[18/4/2017 14:53:2] /ghost
[18/4/2017 14:53:3] /t
[18/4/2017 14:53:16] /attr health -999
[18/4/2017 14:53:18] /attr health -999
[18/4/2017 14:53:22] /attr health -999
[18/4/2017 14:53:23] /attr health -999
[18/4/2017 14:53:24] /attr health -999
[18/4/2017 14:53:25] /attr health -999
[18/4/2017 14:53:25] /attr health -999
[18/4/2017 14:53:26] /attr health -999
[18/4/2017 14:53:26] /attr health -999
[18/4/2017 14:53:26] /attr health -999
[18/4/2017 14:53:27] /attr health -999
[18/4/2017 14:53:27] /attr health -999
[18/4/2017 14:53:28] /attr health -999
[18/4/2017 14:53:29] /attr health -999
[18/4/2017 14:53:32] /attr health -9999
[18/4/2017 14:53:34] /attr health -9999
[18/4/2017 14:53:36] /attr health -9999
[18/4/2017 14:53:37] /attr health -9999
[18/4/2017 14:53:38] /attr health -9999
[18/4/2017 14:53:39] /attr health -9999
[18/4/2017 14:53:40] /attr health -9999
[18/4/2017 14:53:40] /attr health -9999
[18/4/2017 14:53:41] /attr health -9999
[18/4/2017 14:53:41] /attr health -9999
[18/4/2017 14:53:42] /attr health -9999
[18/4/2017 14:53:42] /attr health -9999
[18/4/2017 14:53:43] /attr health -9999
[18/4/2017 14:53:43] /attr health -9999
[18/4/2017 14:53:43] /attr health -9999
[18/4/2017 14:53:44] /attr health -9999
[18/4/2017 14:53:44] /attr health -9999
[18/4/2017 14:53:45] /attr health -9999
[18/4/2017 14:53:45] /attr health -9999
[18/4/2017 14:53:45] /attr health -9999
[18/4/2017 14:53:46] /attr health -9999
[18/4/2017 14:53:47] /attr health -9999
[18/4/2017 14:53:47] /attr health -9999
[18/4/2017 14:53:48] /attr health -9999
[18/4/2017 14:53:48] /attr health -9999
[18/4/2017 14:53:49] /attr health -9999
[18/4/2017 14:53:49] /attr health -9999
[18/4/2017 14:53:50] /attr health -9999
[18/4/2017 14:53:50] /attr health -9999
[18/4/2017 14:53:51] /attr health -9999
[18/4/2017 14:53:51] /attr health -9999
[18/4/2017 14:53:51] /attr health -9999
[18/4/2017 14:53:52] /attr health -9999
[18/4/2017 14:53:52] /attr health -9999
[18/4/2017 14:53:52] /attr health -9999
[18/4/2017 14:53:53] /attr health -9999
[18/4/2017 14:53:53] /attr health -9999
[18/4/2017 14:53:54] /attr health -9999
[18/4/2017 14:53:55] /attr health -9999
[18/4/2017 14:53:55] /attr health -9999
[18/4/2017 14:53:56] /attr health -9999
[18/4/2017 14:53:56] /attr health -9999
[18/4/2017 14:53:57] /attr health -9999
[18/4/2017 14:54:8] /attr health -1555
[18/4/2017 14:54:10] /attr health -1555
[18/4/2017 14:54:12] /attr health -15555
[18/4/2017 14:54:14] /attr health -15555
[18/4/2017 14:54:15] /attr health -15555
[18/4/2017 14:54:16] /attr health -15555
[18/4/2017 14:54:16] /attr health -15555
[18/4/2017 14:54:17] /attr health -15555
[18/4/2017 14:54:18] /attr health -15555
[18/4/2017 14:54:18] /attr health -15555
[18/4/2017 14:54:18] /attr health -15555
[18/4/2017 14:54:20] /attr health -15555
[18/4/2017 14:54:20] /attr health -15555
[18/4/2017 14:54:20] /attr health -15555
[18/4/2017 14:54:21] /attr health -15555
[18/4/2017 14:54:21] /attr health -15555
[18/4/2017 14:54:21] /attr health -15555
[18/4/2017 14:54:29] /attr health -25555
[18/4/2017 14:54:31] /attr health -25555
[18/4/2017 14:54:32] /attr health -25555
[18/4/2017 14:54:33] /attr health -25555
[18/4/2017 14:54:34] /attr health -25555
[18/4/2017 14:54:34] /attr health -25555
[18/4/2017 14:54:35] /attr health -25555
[18/4/2017 14:54:35] /attr health -25555
[18/4/2017 14:54:36] /attr health -25555
[18/4/2017 14:54:36] /attr health -25555
[18/4/2017 14:54:36] /attr health -25555
[18/4/2017 14:54:37] /attr health -25555
[18/4/2017 14:54:37] /attr health -25555
[18/4/2017 14:54:38] /attr health -25555
[18/4/2017 14:54:38] /attr health -25555
[18/4/2017 14:54:39] /attr health -25555
[18/4/2017 14:54:39] /attr health -25555
[18/4/2017 14:54:40] /attr health -25555
[18/4/2017 14:55:26] /attr health -9999
[18/4/2017 14:55:28] /attr health -9999
[18/4/2017 14:55:29] /attr health -9999
[18/4/2017 14:55:29] /attr health -9999
[18/4/2017 14:55:30] /attr health -9999
[18/4/2017 14:55:33] /attr health -9999
[18/4/2017 14:55:33] /attr health -9999
[18/4/2017 14:55:34] /attr health -9999
[18/4/2017 14:55:34] /attr health -9999
[18/4/2017 14:55:34] /attr health -9999
[18/4/2017 14:55:34] /attr health -9999
[18/4/2017 14:55:34] /attr health -9999
[18/4/2017 14:55:34] /attr health -9999
[18/4/2017 14:55:34] /attr health -9999
[18/4/2017 14:55:35] /attr health -9999
[18/4/2017 14:55:35] /attr health -9999
[18/4/2017 14:55:35] /attr health -9999
[18/4/2017 14:55:35] /attr health -9999
[18/4/2017 14:55:35] /attr health -9999
[18/4/2017 14:55:35] /attr health -9999
[18/4/2017 14:55:35] /attr health -9999
[18/4/2017 14:55:35] /attr health -9999
[18/4/2017 14:55:35] /attr health -9999
[18/4/2017 14:55:35] /attr health -9999
[18/4/2017 14:55:35] /attr health -9999
[18/4/2017 14:55:35] /attr health -9999
[18/4/2017 14:55:35] /attr health -9999
[18/4/2017 14:55:35] /attr health -9999
[18/4/2017 14:55:35] /attr health -9999
[18/4/2017 14:55:36] /attr health -9999
[18/4/2017 14:55:36] /attr health -9999
[18/4/2017 14:55:36] /attr health -9999
[18/4/2017 14:55:36] /attr health -9999
[18/4/2017 14:55:36] /attr health -9999
[18/4/2017 14:55:36] /attr health -9999
[18/4/2017 14:55:36] /attr health -9999
[18/4/2017 14:55:36] /attr health -9999
[18/4/2017 14:55:36] /attr health -9999
[18/4/2017 14:55:36] /attr health -9999
[18/4/2017 14:55:36] /attr health -9999
[18/4/2017 14:55:36] /attr health -9999
[18/4/2017 14:55:36] /attr health -9999
[18/4/2017 14:55:36] /attr health -9999
[18/4/2017 14:55:36] /attr health -9999
[18/4/2017 14:55:36] /attr health -9999
[18/4/2017 14:55:36] /attr health -9999
[18/4/2017 14:55:36] /attr health -9999
[18/4/2017 14:55:36] /attr health -9999
[18/4/2017 14:55:36] /attr health -9999
[18/4/2017 14:55:37] /attr health -9999
[18/4/2017 14:55:37] /attr health -9999
[18/4/2017 14:55:37] /attr health -9999
[18/4/2017 14:55:37] /attr health -9999
[18/4/2017 14:55:37] /attr health -9999
[18/4/2017 14:55:37] /attr health -9999
[18/4/2017 14:55:37] /attr health -9999
[18/4/2017 14:55:37] /attr health -9999
[18/4/2017 14:55:37] /attr health -9999
[18/4/2017 14:55:37] /attr health -9999
[18/4/2017 14:55:37] /attr health -9999
[18/4/2017 14:55:37] /attr health -9999
[18/4/2017 14:55:37] /attr health -9999
[18/4/2017 14:55:37] /attr health -9999
[18/4/2017 14:55:37] /attr health -9999
[18/4/2017 14:55:37] /attr health -9999
[18/4/2017 14:55:37] /attr health -9999
[18/4/2017 14:55:37] /attr health -9999
[18/4/2017 14:55:37] /attr health -9999
[18/4/2017 14:55:38] /attr health -9999
[18/4/2017 14:55:38] /attr health -9999
[18/4/2017 14:55:38] /attr health -9999
[18/4/2017 14:55:38] /attr health -9999
[18/4/2017 14:55:38] /attr health -9999
[18/4/2017 14:55:38] /attr health -9999
[18/4/2017 14:55:38] /attr health -9999
[18/4/2017 14:55:38] /attr health -9999
[18/4/2017 14:55:38] /attr health -9999
[18/4/2017 14:55:38] /attr health -9999
[18/4/2017 14:55:38] /attr health -9999
[18/4/2017 14:55:38] /attr health -9999
[18/4/2017 14:55:38] /attr health -9999
[18/4/2017 14:55:38] /attr health -9999
[18/4/2017 14:55:38] /attr health -9999
[18/4/2017 14:55:38] /attr health -9999
[18/4/2017 14:55:38] /attr health -9999
[18/4/2017 14:55:38] /attr health -9999
[18/4/2017 14:55:38] /attr health -9999
[18/4/2017 14:55:38] /attr health -9999
[18/4/2017 14:55:38] /attr health -9999
[18/4/2017 14:55:39] /attr health -9999
[18/4/2017 14:55:39] /attr health -9999
[18/4/2017 14:55:39] /attr health -9999
[18/4/2017 14:55:39] /attr health -9999
[18/4/2017 14:55:39] /attr health -9999
[18/4/2017 14:55:39] /attr health -9999
[18/4/2017 14:55:39] /attr health -9999
[18/4/2017 14:55:39] /attr health -9999
[18/4/2017 14:55:39] /attr health -9999
[18/4/2017 14:55:39] /attr health -9999
[18/4/2017 14:55:39] /attr health -9999
[18/4/2017 14:55:39] /attr health -9999
[18/4/2017 14:55:39] /attr health -9999
[18/4/2017 14:55:40] /attr health -9999
[18/4/2017 14:55:40] /attr health -9999
[18/4/2017 14:55:40] /attr health -9999
[18/4/2017 14:55:40] /attr health -9999
[18/4/2017 14:55:40] /attr health -9999
[18/4/2017 14:55:40] /attr health -9999
[18/4/2017 14:55:40] /attr health -9999
[18/4/2017 14:55:40] /attr health -9999
[18/4/2017 14:55:40] /attr health -9999
[18/4/2017 14:55:40] /attr health -9999
[18/4/2017 14:55:40] /attr health -9999
[18/4/2017 14:55:40] /attr health -9999
[18/4/2017 14:55:40] /attr health -9999
[18/4/2017 14:55:40] /attr health -9999
[18/4/2017 14:55:40] /attr health -9999
[18/4/2017 14:55:41] /attr health -9999
[18/4/2017 14:55:41] /attr health -9999
[18/4/2017 14:55:41] /attr health -9999
[18/4/2017 14:55:41] /attr health -9999
[18/4/2017 14:55:41] /attr health -9999
[18/4/2017 14:55:41] /attr health -9999
[18/4/2017 14:55:41] /attr health -9999
[18/4/2017 14:55:42] /attr health -9999
[18/4/2017 14:55:42] /attr health -9999
[18/4/2017 14:55:42] /attr health -9999
[18/4/2017 14:55:42] /attr health -9999
[18/4/2017 14:55:42] /attr health -9999
[18/4/2017 14:55:42] /attr health -9999
[18/4/2017 14:55:42] /attr health -9999
[18/4/2017 14:55:42] /attr health -9999
[18/4/2017 14:55:42] /attr health -9999
[18/4/2017 14:55:42] /attr health -9999
[18/4/2017 14:55:42] /attr health -9999
[18/4/2017 14:55:43] /attr health -9999
[18/4/2017 14:55:43] /attr health -9999
[18/4/2017 14:55:43] /attr health -9999
[18/4/2017 14:55:43] /attr health -9999
[18/4/2017 14:55:43] /attr health -9999
[18/4/2017 14:55:43] /attr health -9999
[18/4/2017 14:55:43] /attr health -9999
[18/4/2017 14:55:43] /attr health -9999
[18/4/2017 14:55:43] /attr health -9999
[18/4/2017 14:55:43] /attr health -9999
[18/4/2017 14:55:43] /attr health -9999
[18/4/2017 14:55:43] /attr health -9999
[18/4/2017 14:55:55] /attr health -9999
[18/4/2017 14:55:56] /attr health -9999
[18/4/2017 14:55:56] /attr health -9999
[18/4/2017 14:55:57] /attr health -9999
[18/4/2017 14:55:57] /attr health -9999
[18/4/2017 14:55:57] /attr health -9999
[18/4/2017 14:55:58] /attr health -9999
[18/4/2017 14:55:58] /attr health -9999
[18/4/2017 14:55:58] /attr health -9999
[18/4/2017 14:55:59] /attr health -9999
[18/4/2017 14:55:59] /attr health -9999
[18/4/2017 14:56:1] /attr health -9999
[18/4/2017 14:56:2] /attr health -9999
[18/4/2017 14:56:3] /attr health -9999
[18/4/2017 14:56:6] /r
[18/4/2017 14:56:8] /r
[18/4/2017 14:56:9] /r
[18/4/2017 14:56:9] /r
[18/4/2017 14:56:10] /r
[18/4/2017 14:57:23] /save
[18/4/2017 15:12:57] /c Lord Allysom
[18/4/2017 15:13:3] /c Lord Allysom
[18/4/2017 15:13:8] /c goto medley
[18/4/2017 15:13:14] /goto medley
[18/4/2017 15:13:41] /bc green , JUNTE EVENT COINS (E MONTE CAVE EXCLUSIVAS) BOSS PELA CITY... GOGO TODOS VENHAM ;)
[18/4/2017 15:13:45] /bc , JUNTE EVENT COINS (E MONTE CAVE EXCLUSIVAS) BOSS PELA CITY... GOGO TODOS VENHAM ;)
[18/4/2017 15:13:54] /bc , JUNTE EVENT COINS (E MONTE CAVE EXCLUSIVAS) BOSS PELA CITY... GOGO TODOS VENHAM ;)
[18/4/2017 15:14:22] /bc , JUNTE EVENT COINS (E MONTE CAVE EXCLUSIVAS) BOSS PELA CITY... GOGO TODOS VENHAM ;)
[18/4/2017 15:14:23] /t
[18/4/2017 15:14:34] /r
[18/4/2017 15:14:37] /r
[18/4/2017 15:14:40] /bc , JUNTE EVENT COINS (E MONTE CAVE EXCLUSIVAS) BOSS PELA CITY... GOGO TODOS VENHAM ;)
[18/4/2017 15:14:45] /r
[18/4/2017 15:14:46] /r
[18/4/2017 15:14:49] /r
[18/4/2017 15:14:54] /bc , JUNTE EVENT COINS (E MONTE CAVE EXCLUSIVAS) BOSS PELA CITY... GOGO TODOS VENHAM ;)
[18/4/2017 15:15:57] /bc , JUNTE EVENT COINS (E MONTE CAVE EXCLUSIVAS) BOSS PELA CITY... GOGO TODOS VENHAM ;)
[18/4/2017 15:19:50] /bc , JUNTE EVENT COINS (E MONTE CAVE EXCLUSIVAS) BOSS PELA CITY... GOGO TODOS VENHAM ;)
[18/4/2017 15:19:50] /bc , JUNTE EVENT COINS (E MONTE CAVE EXCLUSIVAS) BOSS PELA CITY... GOGO TODOS VENHAM ;)
[18/4/2017 15:28:40] /c Ciclonado
[18/4/2017 15:29:0] /c Lady sirland
[18/4/2017 15:43:21] /ghost
[18/4/2017 15:44:13] /t
[18/4/2017 15:44:24] /c Ticumianasala
[18/4/2017 15:44:25] /c Ticumianasala
[18/4/2017 15:45:21] /b GALERA , ME RESPONDEM NO HELP , PALLY ESTA LIXO ? ;)
[18/4/2017 15:45:22] /b GALERA , ME RESPONDEM NO HELP , PALLY ESTA LIXO ? ;)
[18/4/2017 15:45:22] /b GALERA , ME RESPONDEM NO HELP , PALLY ESTA LIXO ? ;)
[18/4/2017 15:45:31] /b GALERA , ME RESPONDEM NO HELP , PALLY ESTA LIXO ? ;)
[18/4/2017 15:53:56] /goto undead miner worker
[18/4/2017 15:55:22] /newtype 75
[18/4/2017 15:55:26] /newtype 302
[18/4/2017 15:56:5] /goto hero
[18/4/2017 15:56:8] /c fernanda
[18/4/2017 15:56:15] /goto hero
[18/4/2017 15:56:20] /c fernanda
[18/4/2017 15:56:33] /t
[18/4/2017 15:57:10] /c niid
[18/4/2017 15:57:16] /addskill Niid,level,30
[18/4/2017 16:11:33] /c Dois P
[18/4/2017 16:11:35] /c Dois P
[18/4/2017 16:13:5] /c Sapo Pica
[18/4/2017 16:14:13] /goto shayera
[18/4/2017 16:16:7] /ghost
[18/4/2017 16:16:8] /c Vinicius
[18/4/2017 16:19:6] /bc GALERA CHAMEM OS AMIGOS PARA O SERVIDOR ;)
[18/4/2017 16:19:40] /t
[18/4/2017 16:19:50] /ghost
[18/4/2017 16:22:49] /c Frist
[18/4/2017 16:26:59] /t
[18/4/2017 16:27:16] /r
[18/4/2017 16:27:26] /attr action 13600
[18/4/2017 16:27:28] /r
[18/4/2017 16:27:29] /r
[18/4/2017 16:27:35] /r
[18/4/2017 16:27:36] /r
[18/4/2017 16:27:38] /r
[18/4/2017 16:27:39] /r
[18/4/2017 16:27:40] /r
[18/4/2017 16:27:54] /bc AREA DONATE LIBERADA ATE 00H.
[18/4/2017 16:28:6] /bc AREA DONATE LIBERADA ATE 00H.
[18/4/2017 16:28:12] /r
[18/4/2017 16:28:25] /bc AREA DONATE LIBERADA ATE 00H.
[18/4/2017 16:28:54] /bc AREA DONATE LIBERADA ATE 00H.
[18/4/2017 16:33:3] /bc green AREA DONATE LIBERADA ATE AS 00H.
[18/4/2017 16:33:8] /bc AREA DONATE LIBERADA ATE AS 00H.
[18/4/2017 16:33:24] /ghost
[18/4/2017 16:33:28] /goto gabriel
[18/4/2017 16:33:30] /bc AREA DONATE LIBERADA ATE AS 00H.
[18/4/2017 16:33:45] /bc AREA DONATE LIBERADA ATE AS 00H.
[18/4/2017 16:34:42] /attr action 12195
[18/4/2017 16:34:51] /bc AREA DONATE LIBERADA ATE AS 00H.
[18/4/2017 16:35:35] /bc AREA DONATE LIBERADA ATE AS 00H.
[18/4/2017 16:36:5] /goto Ciclonado
[18/4/2017 16:36:8] /bc AREA DONATE LIBERADA ATE AS 00H.
[18/4/2017 16:36:11] /bc AREA DONATE LIBERADA ATE AS 00H.
[18/4/2017 16:36:18] /goto Ed Da Noia
[18/4/2017 16:38:57] /bc AREA DONATE LIBERADA ATE AS 00H.
[18/4/2017 16:39:3] /bc AREA DONATE LIBERADA ATE AS 00H.
[18/4/2017 16:40:34] /bc AREA DONATE LIBERADA ATE AS 00H.
[18/4/2017 16:40:46] /goto medley
[18/4/2017 16:43:2] /bc AREA DONATE LIBERADA ATE AS 00H.
[18/4/2017 16:43:2] /bc AREA DONATE LIBERADA ATE AS 00H.
[18/4/2017 16:43:4] /bc AREA DONATE LIBERADA ATE AS 00H.
[18/4/2017 16:43:7] /bc AREA DONATE LIBERADA ATE AS 00H.
[18/4/2017 16:43:15] /bc AREA DONATE LIBERADA ATE AS 00H.
[18/4/2017 16:43:36] /bc AREA DONATE LIBERADA ATE AS 00H.
[18/4/2017 17:23:30] /goto undead mine worker
[18/4/2017 17:28:47] /attr action 3152
[18/4/2017 17:28:50] /attr action 3152
[18/4/2017 17:28:51] /attr action 3152
[18/4/2017 22:2:37] /bc AREA DONATE LIBERADA ATE 00H
[18/4/2017 22:2:39] /bc AREA DONATE LIBERADA ATE 00H
[18/4/2017 22:2:40] /bc AREA DONATE LIBERADA ATE 00H
[18/4/2017 22:2:41] /bc AREA DONATE LIBERADA ATE 00H
[18/4/2017 22:2:44] /bc AREA DONATE LIBERADA ATE 00H
[18/4/2017 22:2:44] /bc AREA DONATE LIBERADA ATE 00H
[18/4/2017 22:2:50] /bc AREA DONATE LIBERADA ATE 00H
[18/4/2017 22:3:5] /ghost
[18/4/2017 22:3:53] /r
[18/4/2017 22:4:20] /up
[18/4/2017 22:4:20] /up
[18/4/2017 22:4:21] /up
[18/4/2017 22:4:23] /reload monster
[18/4/2017 22:4:28] /m the boss striker
[18/4/2017 22:5:26] /b TA LAG O SERVIDOR ? QUEM TIVER A PACIENCIA DE AGUARDA , ESTAREMOS MIGRANDO PARA NOSSO SERVIDOR PRA UMA MAQUINA COM MAIS CAPACIDADE DE SUPORTA 500 A 800 PLAYERS ;) 
[18/4/2017 22:6:9] /reload monster
[18/4/2017 22:6:20] /r
[18/4/2017 22:6:22] /r
[18/4/2017 22:6:24] /m the boss striker
[18/4/2017 22:6:26] /r
[18/4/2017 22:6:38] /ghost
[18/4/2017 22:6:39] /t
[18/4/2017 22:6:50] /bc BOSS ENFRENTE AO TEMPLO , VENHAM TODOS ;)
[18/4/2017 22:6:50] /bc BOSS ENFRENTE AO TEMPLO , VENHAM TODOS ;)
[18/4/2017 22:6:51] /bc BOSS ENFRENTE AO TEMPLO , VENHAM TODOS ;)
[18/4/2017 22:6:51] /bc BOSS ENFRENTE AO TEMPLO , VENHAM TODOS ;)
[18/4/2017 22:6:51] /bc BOSS ENFRENTE AO TEMPLO , VENHAM TODOS ;)
[18/4/2017 22:6:55] /m the boss striker
[18/4/2017 22:7:1] /bc BOSS ENFRENTE AO TEMPLO , VENHAM TODOS ;)
[18/4/2017 22:7:14] /bc BOSS ENFRENTE AO TEMPLO , VENHAM TODOS ;)
[18/4/2017 22:7:40] /bc BOSS ENFRENTE AO TEMPLO , VENHAM TODOS ;)
[18/4/2017 22:7:55] /bc BOSS ENFRENTE AO TEMPLO , VENHAM TODOS ;)
[18/4/2017 22:8:15] /bc BOSS ENFRENTE AO TEMPLO , VENHAM TODOS ;)
[18/4/2017 22:8:27] /bc LEMBRANDO LOOT DO BOSS CAI NO CHAO !!!
[18/4/2017 22:8:28] /bc LEMBRANDO LOOT DO BOSS CAI NO CHAO !!!
[18/4/2017 22:8:29] /bc BOSS ENFRENTE AO TEMPLO , VENHAM TODOS ;)
[18/4/2017 22:8:44] /bc BOSS ENFRENTE AO TEMPLO , VENHAM TODOS ;)
[18/4/2017 22:9:42] /t
[18/4/2017 22:11:2] /bc AREA DONATE LIBERADA ATE 00H.
[18/4/2017 22:11:4] /bc AREA DONATE LIBERADA ATE 00H.
[18/4/2017 22:11:5] /bc AREA DONATE LIBERADA ATE 00H.
[18/4/2017 22:16:59] /bc AREA DONATE LIBERADA ATE 00H
[18/4/2017 22:17:1] /bc AREA DONATE LIBERADA ATE 00H
[18/4/2017 22:17:1] /bc AREA DONATE LIBERADA ATE 00H
[18/4/2017 22:20:33] /bc AREA DONATE LIBERADA ATE 00H
[18/4/2017 22:23:15] /goto ciclonado
[18/4/2017 22:29:48] /ghost
[18/4/2017 22:30:9] /b O SERVIDOR DE MADRUGADA , PASSARA POR UM PROCESSO DE TROCA DE MAQUINA , PARA UMA MELHOR QUE SUPORTE MAIS QUANTIDADE DE PLAYERS . 
[18/4/2017 22:30:23] /goto mago
[18/4/2017 22:31:5] /t Mago
[18/4/2017 22:31:5] /ghost
[18/4/2017 22:31:6] /t
[18/4/2017 22:31:20] /goto mago
[18/4/2017 22:32:41] /goto mago
[18/4/2017 22:32:45] /goto mago
[18/4/2017 22:50:11] /bc AREA DONATE LIBERADA ATE AS 00H APENAS..
[18/4/2017 22:50:15] /bc AREA DONATE LIBERADA ATE AS 00H APENAS..
[18/4/2017 22:50:19] /bc AREA DONATE LIBERADA ATE AS 00H APENAS..
[18/4/2017 22:50:22] /bc AREA DONATE LIBERADA ATE AS 00H APENAS..
[18/4/2017 22:50:29] /bc AREA DONATE LIBERADA ATE AS 00H APENAS..
[18/4/2017 22:50:36] /bc AREA DONATE LIBERADA ATE AS 00H APENAS..
[18/4/2017 22:50:50] /bc AREA DONATE LIBERADA ATE AS 00H APENAS..
[18/4/2017 22:50:58] /bc AREA DONATE LIBERADA ATE AS 00H APENAS..
[18/4/2017 22:51:13] /bc AREA DONATE LIBERADA ATE AS 00H APENAS..
[18/4/2017 22:52:24] /bc AREA DONATE LIBERADA ATE AS 00H APENAS..
[18/4/2017 22:53:9] /bc AREA DONATE LIBERADA ATE AS 00H APENAS..
[18/4/2017 22:54:7] /bc AREA DONATE LIBERADA ATE AS 00H APENAS..
[18/4/2017 22:54:54] /bc AREA DONATE LIBERADA ATE AS 00H APENAS..
[18/4/2017 22:55:1] /bc AREA DONATE LIBERADA ATE AS 00H APENAS..
[18/4/2017 22:56:6] /bc AREA DONATE LIBERADA ATE AS 00H APENAS..
[18/4/2017 22:56:8] /bc AREA DONATE LIBERADA ATE AS 00H APENAS..
[18/4/2017 23:0:19] /bc AREA DONATE LIBERADA ATE AS 00H APENAS..
[18/4/2017 23:0:28] /attr action 13600
[18/4/2017 23:0:31] /attr action 13600
[18/4/2017 23:0:32] /attr action 13600
[18/4/2017 23:22:38] /t
[18/4/2017 23:24:1] /bc BOSS ENFRENTE AO TEMPLO , (BOSS DA MADRUGADA)
[18/4/2017 23:24:2] /bc BOSS ENFRENTE AO TEMPLO , (BOSS DA MADRUGADA)
[18/4/2017 23:24:2] /bc BOSS ENFRENTE AO TEMPLO , (BOSS DA MADRUGADA)
[18/4/2017 23:24:2] /bc BOSS ENFRENTE AO TEMPLO , (BOSS DA MADRUGADA)
[18/4/2017 23:24:6] /m the boss striker
[18/4/2017 23:24:9] /bc BOSS ENFRENTE AO TEMPLO , (BOSS DA MADRUGADA)
[18/4/2017 23:24:10] /bc BOSS ENFRENTE AO TEMPLO , (BOSS DA MADRUGADA)
[18/4/2017 23:24:10] /bc BOSS ENFRENTE AO TEMPLO , (BOSS DA MADRUGADA)
[18/4/2017 23:24:11] /bc BOSS ENFRENTE AO TEMPLO , (BOSS DA MADRUGADA)
[18/4/2017 23:25:14] /bc BOSS ENFRENTE AO TEMPLO , (BOSS DA MADRUGADA)
[18/4/2017 23:26:47] /t
[18/4/2017 23:28:15] /a
[18/4/2017 23:28:16] /up
[18/4/2017 23:28:17] /r
[18/4/2017 23:28:20] /down
[18/4/2017 23:30:2] /r
[18/4/2017 23:30:3] /r
[18/4/2017 23:30:4] /r
[18/4/2017 23:30:26] /r
[18/4/2017 23:32:30] /ghost
[18/4/2017 23:34:49] /ghost
[18/4/2017 23:38:31] /ghost
[18/4/2017 23:38:42] /ghost
[18/4/2017 23:38:51] /ghost
[18/4/2017 23:40:48] /i regeneration boots
[18/4/2017 23:41:4] /ghost
[18/4/2017 23:41:28] /c Henrique Dragon Wielki
[18/4/2017 23:42:10] /goto Hyde
[18/4/2017 23:42:13] /i firebomb rune
[19/4/2017 0:6:7] /i magma monocle
[19/4/2017 0:6:17] /i magma coat
[19/4/2017 0:6:21] /i magma legs
[19/4/2017 0:6:26] /i regeneration boots
[19/4/2017 0:7:3] /i galaxy spellbook
[19/4/2017 0:8:9] /addskill Belth Wintershade,250
[19/4/2017 0:8:20] /addskill Belth Wintershade,level,250
[19/4/2017 0:11:16] /goto Belth Wintershade
[19/4/2017 0:11:54] /i new donate staff
[19/4/2017 0:12:32] /i promote ring
[19/4/2017 0:12:36] /i paw amulet
[19/4/2017 0:13:49] /i addon doll
[19/4/2017 1:20:45] /c diabo do meu odio
[19/4/2017 1:20:50] /i promote ring
[19/4/2017 1:21:1] /i new donate staff
[19/4/2017 1:21:6] /i galaxy spellbook
[19/4/2017 1:21:11] /i regeneration boots
[19/4/2017 1:21:14] /i paw amulet
[19/4/2017 1:21:32] /i magma monocle
[19/4/2017 1:21:37] /i magma coat
[19/4/2017 1:21:41] /i magma legs
[19/4/2017 1:22:0] /addskill Diabo Do Meu Odio,level,250
[19/4/2017 1:22:8] /addskill Diabo Do Meu Odio,magic level,80
[19/4/2017 1:22:12] /i gold ingot
[19/4/2017 1:33:18] /bc BOSS ENFRENTE AO TEMPLO , OS CORAJOSOS VENHAM ;)
[19/4/2017 1:33:18] /bc BOSS ENFRENTE AO TEMPLO , OS CORAJOSOS VENHAM ;)
[19/4/2017 1:33:18] /bc BOSS ENFRENTE AO TEMPLO , OS CORAJOSOS VENHAM ;)
[19/4/2017 1:33:20] /bc BOSS ENFRENTE AO TEMPLO , OS CORAJOSOS VENHAM ;)
[19/4/2017 1:33:20] /bc BOSS ENFRENTE AO TEMPLO , OS CORAJOSOS VENHAM ;)
[19/4/2017 1:33:24] /m the boss striker
[19/4/2017 1:33:28] /m the boss striker
[19/4/2017 1:33:30] /r
[19/4/2017 1:33:32] /bc BOSS ENFRENTE AO TEMPLO , OS CORAJOSOS VENHAM ;)
[19/4/2017 1:33:33] /bc BOSS ENFRENTE AO TEMPLO , OS CORAJOSOS VENHAM ;)
[19/4/2017 1:33:33] /bc BOSS ENFRENTE AO TEMPLO , OS CORAJOSOS VENHAM ;)
[19/4/2017 1:33:33] /bc BOSS ENFRENTE AO TEMPLO , OS CORAJOSOS VENHAM ;)
[19/4/2017 1:35:0] /bc BOSS ENFRENTE AO TEMPLO , OS CORAJOSOS VENHAM ;)
[19/4/2017 1:35:0] /bc BOSS ENFRENTE AO TEMPLO , OS CORAJOSOS VENHAM ;)
[19/4/2017 1:35:0] /bc BOSS ENFRENTE AO TEMPLO , OS CORAJOSOS VENHAM ;)
[19/4/2017 1:35:1] /bc BOSS ENFRENTE AO TEMPLO , OS CORAJOSOS VENHAM ;)
[19/4/2017 1:35:1] /bc BOSS ENFRENTE AO TEMPLO , OS CORAJOSOS VENHAM ;)
[19/4/2017 1:35:1] /bc BOSS ENFRENTE AO TEMPLO , OS CORAJOSOS VENHAM ;)
[19/4/2017 1:35:1] /bc BOSS ENFRENTE AO TEMPLO , OS CORAJOSOS VENHAM ;)
[19/4/2017 1:35:29] /bc BOSS ENFRENTE AO TEMPLO , OS CORAJOSOS VENHAM ;)
[19/4/2017 1:35:30] /bc BOSS ENFRENTE AO TEMPLO , OS CORAJOSOS VENHAM ;)
[19/4/2017 1:36:21] /m gerador vermelho
[19/4/2017 1:37:37] /attr health -5000
[19/4/2017 1:37:41] /attr health -50000
[19/4/2017 1:37:42] /attr health -50000
[19/4/2017 1:37:43] /attr health -50000
[19/4/2017 1:37:44] /attr health -50000
[19/4/2017 1:37:45] /attr health -500000
[19/4/2017 1:37:46] /attr health -500000
[19/4/2017 1:37:47] /attr health -500000
[19/4/2017 1:37:47] /attr health -500000
[19/4/2017 1:37:47] /attr health -500000
[19/4/2017 1:37:48] /attr health -500000
[19/4/2017 1:37:48] /attr health -500000
[19/4/2017 1:37:49] /attr health -500000
[19/4/2017 1:37:49] /attr health -500000
[19/4/2017 1:37:49] /attr health -500000
[19/4/2017 1:37:49] /attr health -500000
[19/4/2017 1:37:50] /attr health -500000
[19/4/2017 1:37:50] /attr health -500000
[19/4/2017 1:37:50] /attr health -500000
[19/4/2017 1:39:0] /bc BOSS ENFRENTE AO TEMPLO , OS CORAJOSOS VENHAM ;)
[19/4/2017 1:39:1] /bc BOSS ENFRENTE AO TEMPLO , OS CORAJOSOS VENHAM ;)
[19/4/2017 1:39:1] /bc BOSS ENFRENTE AO TEMPLO , OS CORAJOSOS VENHAM ;)
[19/4/2017 1:39:1] /bc BOSS ENFRENTE AO TEMPLO , OS CORAJOSOS VENHAM ;)
[19/4/2017 1:39:24] /c velhinho
[19/4/2017 1:39:26] /c velinho
[19/4/2017 1:39:35] /bc BOSS ENFRENTE AO TEMPLO , OS CORAJOSOS VENHAM ;)
[19/4/2017 1:39:36] /bc BOSS ENFRENTE AO TEMPLO , OS CORAJOSOS VENHAM ;)
[19/4/2017 1:39:36] /bc BOSS ENFRENTE AO TEMPLO , OS CORAJOSOS VENHAM ;)
[19/4/2017 1:40:48] /bc green O ULTIMO BOSS DA MADRUGADA , AMANHA TEM MAIS...
[19/4/2017 1:40:49] /bc green O ULTIMO BOSS DA MADRUGADA , AMANHA TEM MAIS...
[19/4/2017 1:40:55] /bc O ULTIMO BOSS DA MADRUGADA , AMANHA TEM MAIS...
[19/4/2017 1:40:55] /bc O ULTIMO BOSS DA MADRUGADA , AMANHA TEM MAIS...
[19/4/2017 1:40:56] /bc O ULTIMO BOSS DA MADRUGADA , AMANHA TEM MAIS...
[19/4/2017 1:41:0] /m the boss striker
[19/4/2017 1:41:11] /bc boa noite ;)
[19/4/2017 1:43:19] /bc BOSS ENFRENTE AO TEMPLO , OS CORAJOSOS VENHAM ;)
[19/4/2017 1:43:20] /bc BOSS ENFRENTE AO TEMPLO , OS CORAJOSOS VENHAM ;)
[19/4/2017 1:43:20] /bc BOSS ENFRENTE AO TEMPLO , OS CORAJOSOS VENHAM ;)
[19/4/2017 1:43:20] /bc BOSS ENFRENTE AO TEMPLO , OS CORAJOSOS VENHAM ;)
[19/4/2017 2:14:50] /i super addon doll
[19/4/2017 2:14:57] /i super addon dolll
[19/4/2017 2:15:5] /goto diabo do meu odio
[19/4/2017 2:15:27] /goto diabo do meu odio
[19/4/2017 2:15:29] /i super addon dolll
[19/4/2017 2:15:35] /i super addon dollll
[19/4/2017 2:15:40] /i addon doll
[19/4/2017 2:15:43] /i addon doll
[19/4/2017 2:15:45] /i addon doll
[19/4/2017 2:15:47] /i addon doll
[19/4/2017 2:15:49] /i addon doll
[19/4/2017 2:15:50] /i addon doll
[19/4/2017 2:15:52] /i addon doll
[19/4/2017 2:15:53] /i addon doll
[19/4/2017 9:19:5] /bc BOSS DA MANHA (THE BOSS STRIKER,VENHAM ENFRENTE AO TEMPLO) CORAJOSOS ? 
[19/4/2017 9:19:7] /bc BOSS DA MANHA (THE BOSS STRIKER,VENHAM ENFRENTE AO TEMPLO) CORAJOSOS ? 
[19/4/2017 9:19:8] /bc BOSS DA MANHA (THE BOSS STRIKER,VENHAM ENFRENTE AO TEMPLO) CORAJOSOS ? 
[19/4/2017 9:19:14] /m the boss striker
[19/4/2017 9:19:19] /bc BOSS DA MANHA (THE BOSS STRIKER,VENHAM ENFRENTE AO TEMPLO) CORAJOSOS ? 
[19/4/2017 9:19:22] /bc BOSS DA MANHA (THE BOSS STRIKER,VENHAM ENFRENTE AO TEMPLO) CORAJOSOS ? 
[19/4/2017 9:19:28] /bc BOSS DA MANHA (THE BOSS STRIKER,VENHAM ENFRENTE AO TEMPLO) CORAJOSOS ? 
[19/4/2017 9:19:51] /bc BOSS DA MANHA (THE BOSS STRIKER,VENHAM ENFRENTE AO TEMPLO) CORAJOSOS ? 
[19/4/2017 9:20:14] /bc BOSS DA MANHA (THE BOSS STRIKER,VENHAM ENFRENTE AO TEMPLO) CORAJOSOS ? 
[19/4/2017 9:20:25] /bc BOSS DA MANHA (THE BOSS STRIKER,VENHAM ENFRENTE AO TEMPLO) CORAJOSOS ? 
[19/4/2017 9:20:52] /bc BOSS DA MANHA (THE BOSS STRIKER,VENHAM ENFRENTE AO TEMPLO) CORAJOSOS ? 
[19/4/2017 9:21:19] /bc BOSS DA MANHA (THE BOSS STRIKER,VENHAM ENFRENTE AO TEMPLO) CORAJOSOS ? 
[19/4/2017 9:22:2] /bc BOSS DA MANHA (THE BOSS STRIKER,VENHAM ENFRENTE AO TEMPLO) CORAJOSOS ? 
[19/4/2017 9:22:12] /bc BOSS DA MANHA (THE BOSS STRIKER,VENHAM ENFRENTE AO TEMPLO) CORAJOSOS ? 
[19/4/2017 9:24:20] /ghost
[19/4/2017 9:25:42] /newtype Ticumianasala,12
[19/4/2017 9:25:54] /newtype 12,Ticumianasala
[19/4/2017 9:26:3] /newtype 102,Ticumianasala
[19/4/2017 9:26:6] /newtype 103,Ticumianasala
[19/4/2017 9:26:11] /newtype 63,Ticumianasala
[19/4/2017 9:26:15] /newtype 75,Ticumianasala
[19/4/2017 9:26:31] /newtype 20,Ticumianasala
[19/4/2017 9:26:39] /newtype 111,Ticumianasala
[19/4/2017 9:27:8] /newtype 111,Sr Barriga
[19/4/2017 9:28:37] /c adm stilinsk
[19/4/2017 9:28:41] /ghost
[19/4/2017 9:45:36] /i magma legs
[19/4/2017 9:45:41] /goto Belth Wintershade
[19/4/2017 9:51:33] /clean
[19/4/2017 10:1:14] /bc BOSS ENFRENTE AO TEMPLO , VENHAM TODOS PROXIMO BOSS AS 15;00
[19/4/2017 10:1:16] /bc BOSS ENFRENTE AO TEMPLO , VENHAM TODOS PROXIMO BOSS AS 15;00
[19/4/2017 10:1:16] /bc BOSS ENFRENTE AO TEMPLO , VENHAM TODOS PROXIMO BOSS AS 15;00
[19/4/2017 10:1:17] /bc BOSS ENFRENTE AO TEMPLO , VENHAM TODOS PROXIMO BOSS AS 15;00
[19/4/2017 10:1:17] /bc BOSS ENFRENTE AO TEMPLO , VENHAM TODOS PROXIMO BOSS AS 15;00
[19/4/2017 10:1:18] /bc BOSS ENFRENTE AO TEMPLO , VENHAM TODOS PROXIMO BOSS AS 15;00
[19/4/2017 10:1:18] /bc BOSS ENFRENTE AO TEMPLO , VENHAM TODOS PROXIMO BOSS AS 15;00
[19/4/2017 10:1:19] /bc BOSS ENFRENTE AO TEMPLO , VENHAM TODOS PROXIMO BOSS AS 15;00
[19/4/2017 10:1:25] /m the boss striker
[19/4/2017 10:1:33] /bc BOSS ENFRENTE AO TEMPLO , VENHAM TODOS PROXIMO BOSS AS 15;00
[19/4/2017 10:1:55] /bc BOSS ENFRENTE AO TEMPLO!!!!!
[19/4/2017 10:2:1] /bc BOSS ENFRENTE AO TEMPLO!!!!! VENHAM TODOS ;)
[19/4/2017 10:2:2] /bc BOSS ENFRENTE AO TEMPLO!!!!! VENHAM TODOS ;)
[19/4/2017 10:2:2] /bc BOSS ENFRENTE AO TEMPLO!!!!! VENHAM TODOS ;)
[19/4/2017 10:3:22] /bc BOSS ENFRENTE AO TEMPLO!!!!! VENHAM TODOS ;)
[19/4/2017 10:3:23] /bc BOSS ENFRENTE AO TEMPLO!!!!! VENHAM TODOS ;)
[19/4/2017 10:3:23] /bc BOSS ENFRENTE AO TEMPLO!!!!! VENHAM TODOS ;)
[19/4/2017 10:4:2] /bc BOSS ENFRENTE AO TEMPLO!!!!! VENHAM TODOS ;)
[19/4/2017 10:4:3] /bc BOSS ENFRENTE AO TEMPLO!!!!! VENHAM TODOS ;)
[19/4/2017 10:17:3] /t
[19/4/2017 10:17:16] /t
[19/4/2017 10:17:21] /n Dodge/Critical Seller
[19/4/2017 10:17:25] /m Dodge/Critical Seller
[19/4/2017 10:17:29] /c Dodge/Critical Seller
[19/4/2017 10:22:44] /goto sou rei
[19/4/2017 10:25:37] /c Hi Push On Yes
[19/4/2017 10:26:2] /c Hi Erick On Yes
[19/4/2017 10:26:4] /ghost
[19/4/2017 10:26:11] /ghost
[19/4/2017 10:26:16] /t
[19/4/2017 10:32:7] /c Bernadete Abusada
[19/4/2017 10:32:8] /c Bernadete Abusada
[19/4/2017 10:32:14] /i galaxy spellbook
[19/4/2017 10:32:19] /i regeneration boots
[19/4/2017 10:32:25] /i paw amulet
[19/4/2017 10:32:29] /t
[19/4/2017 10:34:1] /bc THE BOSS STRIKER (ENFRENTE AO TEMPLO) CORAJOSOS ? CADE ...
[19/4/2017 10:34:3] /bc THE BOSS STRIKER (ENFRENTE AO TEMPLO) CORAJOSOS ? CADE ...
[19/4/2017 10:34:10] /m the boss striker
[19/4/2017 10:34:15] /bc THE BOSS STRIKER (ENFRENTE AO TEMPLO) CORAJOSOS ? CADE ...
[19/4/2017 10:34:34] /bc THE BOSS STRIKER (ENFRENTE AO TEMPLO) CORAJOSOS ? CADE ...
[19/4/2017 10:35:25] /bc THE BOSS STRIKER (ENFRENTE AO TEMPLO) CORAJOSOS ? CADE ...
[19/4/2017 10:35:26] /bc THE BOSS STRIKER (ENFRENTE AO TEMPLO) CORAJOSOS ? CADE ...
[19/4/2017 10:35:26] /bc THE BOSS STRIKER (ENFRENTE AO TEMPLO) CORAJOSOS ? CADE ...
[19/4/2017 10:40:47] /up
[19/4/2017 10:40:48] /up
[19/4/2017 10:40:51] /up
[19/4/2017 10:40:54] /c sou rei
[19/4/2017 10:41:29] /goto Zona Lider
[19/4/2017 10:41:31] /goto druid'sz
[19/4/2017 10:41:38] /b QUEM TA NA CAVE EXCLUSIVA AVISA..
[19/4/2017 10:41:38] /b QUEM TA NA CAVE EXCLUSIVA AVISA..
[19/4/2017 10:41:39] /b QUEM TA NA CAVE EXCLUSIVA AVISA..
[19/4/2017 10:41:39] /b QUEM TA NA CAVE EXCLUSIVA AVISA..
[19/4/2017 10:41:54] /goto Mata Rindo
[19/4/2017 10:42:14] /goto Rafa Paramax
[19/4/2017 10:46:9] /goto Druid'sz
[19/4/2017 10:46:40] /ghost
[19/4/2017 10:48:29] /t
[19/4/2017 10:48:30] /up
[19/4/2017 10:48:34] /up
[19/4/2017 10:48:34] /up
[19/4/2017 10:48:39] /c Zona Lider
[19/4/2017 10:48:44] /c Druid'sz
[19/4/2017 10:48:54] /i cave exclusiva
[19/4/2017 10:48:58] /i cave exclusiva
[19/4/2017 10:49:13] /t Druid'sz
[19/4/2017 10:49:15] /t zona lider
[19/4/2017 10:49:19] /c Victorzeerah
[19/4/2017 10:49:44] /i cave exclusiva
[19/4/2017 10:49:51] /t Victorzeerah
[19/4/2017 10:49:52] /ghost
[19/4/2017 10:49:53] /t
[19/4/2017 10:50:3] /goto Esquadrao Suicida
[19/4/2017 10:50:59] /c Luiz Gustavo
[19/4/2017 10:51:33] /bc JUNTE OS EVENT COINS ATRAVES DE INVASAO NA CITY (VENHAM) , QUEM SABE NAO MONTEM UMA CAVE EX. 
[19/4/2017 10:51:59] /c Snob
[19/4/2017 10:52:0] /c Snob
[19/4/2017 10:52:41] /bc PRA COMPENSAR A GALERA (THE BOSS STRIKER+INVASAO NA CITY, JUNTEM SEUS DODGE+EVENT COINS , VENHAM TODOS).
[19/4/2017 10:52:43] /bc PRA COMPENSAR A GALERA (THE BOSS STRIKER+INVASAO NA CITY, JUNTEM SEUS DODGE+EVENT COINS , VENHAM TODOS).
[19/4/2017 10:52:50] /m the boss striker
[19/4/2017 10:52:52] /m the boss striker
[19/4/2017 10:52:57] /bc PRA COMPENSAR A GALERA (THE BOSS STRIKER+INVASAO NA CITY, JUNTEM SEUS DODGE+EVENT COINS , VENHAM TODOS).
[19/4/2017 10:53:37] /bc PRA COMPENSAR A GALERA (THE BOSS STRIKER+INVASAO NA CITY, JUNTEM SEUS DODGE+EVENT COINS , VENHAM TODOS).
[19/4/2017 11:24:42] /clean
[19/4/2017 11:27:4] /c Adm Stilinsk
[19/4/2017 11:30:37] /newtype 75
[19/4/2017 11:30:38] /ghost
[19/4/2017 11:30:47] /newtype 266
[19/4/2017 11:50:27] /b VENHAM ENFRENTE AO TEMPLO (TODOS GOGOGOGO)
[19/4/2017 11:50:27] /b VENHAM ENFRENTE AO TEMPLO (TODOS GOGOGOGO)
[19/4/2017 11:50:28] /b VENHAM ENFRENTE AO TEMPLO (TODOS GOGOGOGO)
[19/4/2017 11:50:33] /m the boss striker
[19/4/2017 11:51:5] /bc VENHAM ENFRENTE O TEMPLO (BOSS)
[19/4/2017 11:51:5] /bc VENHAM ENFRENTE O TEMPLO (BOSS)
[19/4/2017 11:51:6] /bc VENHAM ENFRENTE O TEMPLO (BOSS)
[19/4/2017 11:51:6] /bc VENHAM ENFRENTE O TEMPLO (BOSS)
[19/4/2017 11:51:57] /bc VENHAM ENFRENTE O TEMPLO (BOSS)
[19/4/2017 11:51:58] /bc VENHAM ENFRENTE O TEMPLO (BOSS)
[19/4/2017 11:52:54] /ghost
[19/4/2017 11:52:56] /i dodge stone
[19/4/2017 11:59:11] /clean
[19/4/2017 13:8:40] /bc VENHAM CITY (THE BOSS STRIKER FAST)
[19/4/2017 13:8:40] /bc VENHAM CITY (THE BOSS STRIKER FAST)
[19/4/2017 13:8:41] /bc VENHAM CITY (THE BOSS STRIKER FAST)
[19/4/2017 13:8:41] /bc VENHAM CITY (THE BOSS STRIKER FAST)
[19/4/2017 13:8:41] /bc VENHAM CITY (THE BOSS STRIKER FAST)
[19/4/2017 13:8:45] /m the boss striker
[19/4/2017 13:8:50] /bc VENHAM CITY (THE BOSS STRIKER FAST)
[19/4/2017 13:8:51] /bc VENHAM CITY (THE BOSS STRIKER FAST)
[19/4/2017 13:8:51] /bc VENHAM CITY (THE BOSS STRIKER FAST)
[19/4/2017 13:8:51] /bc VENHAM CITY (THE BOSS STRIKER FAST)
[19/4/2017 13:8:52] /bc VENHAM CITY (THE BOSS STRIKER FAST)
[19/4/2017 13:9:29] /bc VENHAM CITY (THE BOSS STRIKER FAST)
[19/4/2017 13:9:30] /bc VENHAM CITY (THE BOSS STRIKER FAST)
[19/4/2017 13:9:30] /bc VENHAM CITY (THE BOSS STRIKER FAST)
[19/4/2017 13:9:31] /bc VENHAM CITY (THE BOSS STRIKER FAST)
[19/4/2017 13:19:39] /i 2160
[19/4/2017 13:20:38] /t
[19/4/2017 13:43:22] /bc TRAVADAS? AS TRAVADAS ESTAO CONSTANTES ? AJUDE A MANTER O SERVIDOR , E PARA QUE POSSAMOS ESTA MELHORANDO , SOBRE ESSA QUESTAO PRECISAMOS QUE DOE, AJUDEM E COLABOREM , AGRADEÇO DESDE JA!! 
[19/4/2017 13:54:22] /goto Character
[19/4/2017 13:54:26] /ghost
[19/4/2017 13:54:30] /goto deed poll
[19/4/2017 13:54:32] /goto ded poll
[19/4/2017 13:54:41] /ghost
[19/4/2017 13:54:50] /ghost
[19/4/2017 13:55:5] /ghost
[19/4/2017 13:55:5] /t
[19/4/2017 13:57:23] /goto lukinhas vus
[19/4/2017 14:0:12] /bc THE BOSS STRIKER (ENFRENTE AO TEMPLO) CORAJOSOS CADE VCS??? 
[19/4/2017 14:0:14] /bc THE BOSS STRIKER (ENFRENTE AO TEMPLO) CORAJOSOS CADE VCS??? 
[19/4/2017 14:0:16] /m the boss striker
[19/4/2017 14:0:30] /bc THE BOSS STRIKER (ENFRENTE AO TEMPLO) CORAJOSOS CADE VCS??? 
[19/4/2017 14:0:30] /bc THE BOSS STRIKER (ENFRENTE AO TEMPLO) CORAJOSOS CADE VCS??? 
[19/4/2017 14:0:44] /bc THE BOSS STRIKER (ENFRENTE AO TEMPLO) CORAJOSOS CADE VCS??? 
[19/4/2017 14:0:48] /bc green THE BOSS STRIKER (ENFRENTE AO TEMPLO) CORAJOSOS CADE VCS??? 
[19/4/2017 14:0:51] /bc green THE BOSS STRIKER (ENFRENTE AO TEMPLO) CORAJOSOS CADE VCS??? 
[19/4/2017 14:0:51] /bc green THE BOSS STRIKER (ENFRENTE AO TEMPLO) CORAJOSOS CADE VCS??? 
[19/4/2017 14:0:51] /bc green THE BOSS STRIKER (ENFRENTE AO TEMPLO) CORAJOSOS CADE VCS??? 
[19/4/2017 14:1:1] /bc THE BOSS STRIKER (ENFRENTE AO TEMPLO) CORAJOSOS CADE VCS??? 
[19/4/2017 14:1:2] /bc THE BOSS STRIKER (ENFRENTE AO TEMPLO) CORAJOSOS CADE VCS??? 
[19/4/2017 14:1:32] /bc THE BOSS STRIKER (ENFRENTE AO TEMPLO) CORAJOSOS CADE VCS??? 
[19/4/2017 14:1:32] /bc THE BOSS STRIKER (ENFRENTE AO TEMPLO) CORAJOSOS CADE VCS??? 
[19/4/2017 14:1:33] /bc THE BOSS STRIKER (ENFRENTE AO TEMPLO) CORAJOSOS CADE VCS??? 
[19/4/2017 14:1:33] /bc THE BOSS STRIKER (ENFRENTE AO TEMPLO) CORAJOSOS CADE VCS??? 
[19/4/2017 14:1:53] /bc THE BOSS STRIKER (ENFRENTE AO TEMPLO) CORAJOSOS CADE VCS??? 
[19/4/2017 14:1:53] /bc THE BOSS STRIKER (ENFRENTE AO TEMPLO) CORAJOSOS CADE VCS??? 
[19/4/2017 14:4:33] /i blessing amulet
[19/4/2017 14:5:0] /goto Belth Wintershade
[19/4/2017 14:8:29] /r
[19/4/2017 14:10:16] /goto grim reaper vip iii
[19/4/2017 14:10:18] /goto grim reaper vip iii
[19/4/2017 14:29:26] /b SERVIDOR LAG? OK TUDO BEM .... ESTAMOS PASSANDO POR ALGUMAS COISAS! NADA DE NUKER , MAIS SIM POR NOSSA MAQUINA NAO TER O SUPORT , A GENTE NAO IMAGINAVA QUE EM 1 DIA DE SERVIDOR O OT IA BATER 150+.
[19/4/2017 14:30:15] /goto Hi Push On Yes
[19/4/2017 14:30:22] /goto hi erick yes
[19/4/2017 14:30:27] /goto hi erick push yes
[19/4/2017 14:31:3] /goto Hawk'z
[19/4/2017 14:40:47] /c  Adm Stilinsk
[19/4/2017 14:41:36] /c medley
[19/4/2017 14:41:40] /c [adm] medley
