[4/6/2016 18:38:50] /waredron go
[4/6/2016 18:48:7] /waredron go
[4/6/2016 18:51:20] /waredron go
[4/6/2016 18:55:50] /waredron go
[4/6/2016 18:57:11] /waredron go
[4/6/2016 19:1:12] /waredron go
[4/6/2016 19:5:41] /waredron go
[4/6/2016 19:8:23] /waredron go
[4/6/2016 19:15:33] /waredron go
[4/6/2016 19:17:49] /waredron go
[4/6/2016 19:22:50] /waredron go
[4/6/2016 19:27:21] /waredron go
[4/6/2016 19:39:37] /waredron go
[4/6/2016 19:44:7] /waredron go
[4/6/2016 19:48:19] /waredron go
[4/6/2016 19:48:38] /waredron go
[4/6/2016 19:48:41] /waredron go
[9/6/2016 22:31:50] /waredron accept, achromatize
[9/6/2016 22:31:56] /waredron go
[9/6/2016 22:53:48] /waredron go
[9/6/2016 22:59:14] /waredron go
[9/6/2016 23:5:50] /waredron go
[9/6/2016 23:7:15] /waredron go
[13/6/2016 22:22:37] /waredron invite, brothers of war
[13/6/2016 22:23:43] /waredron go
[13/6/2016 22:33:57] /waredron go
[13/6/2016 22:34:22] /waredron go
[13/6/2016 22:35:15] /waredron go
[13/6/2016 22:38:58] /waredron go
[13/6/2016 22:40:7] /waredron go
[13/6/2016 22:42:11] /waredron go
[13/6/2016 22:47:42] /waredron go
[13/6/2016 22:48:32] /waredron go
[13/6/2016 22:51:24] /waredron go
[13/6/2016 22:54:15] /waredron go
[13/6/2016 23:3:42] /waredron go
[13/6/2016 23:10:6] /waredron go
[13/6/2016 23:19:44] /waredron go
[13/6/2016 23:21:19] /waredron go
[13/6/2016 23:24:19] /waredron invite, brothers of war
[13/6/2016 23:29:49] /waredron end
[13/6/2016 23:29:58] /waredron end, brothers of war
[13/6/2016 23:45:30] /waredron accept, rola na sarah
[13/6/2016 23:45:33] /waredron go
