[21/4/2017 16:32:32] /ghost
[21/4/2017 16:36:55] /ghost
[21/4/2017 16:39:47] /b Duvidas ? HELP , Chamem seus amigos para jogar Bom jogo !!
[21/4/2017 16:39:48] /b Duvidas ? HELP , Chamem seus amigos para jogar Bom jogo !!
[21/4/2017 16:39:49] /b Duvidas ? HELP , Chamem seus amigos para jogar Bom jogo !!
[21/4/2017 16:39:51] /ghost
[21/4/2017 16:40:6] /a 10
[21/4/2017 16:40:8] /a 10
[21/4/2017 16:40:10] /a 10
[21/4/2017 16:40:17] /a 4
[21/4/2017 16:40:19] /a 4
[21/4/2017 16:40:19] /a 4
[21/4/2017 16:40:19] /a 4
[21/4/2017 16:40:20] /a 4
[21/4/2017 16:40:21] /a 4
[21/4/2017 16:40:21] /a 4
[21/4/2017 16:40:21] /a 4
[21/4/2017 16:40:22] /a 4
[21/4/2017 16:40:22] /a 4
[21/4/2017 16:40:23] /a 4
[21/4/2017 16:40:25] /a 4
[21/4/2017 16:40:26] /a 4
[21/4/2017 16:40:29] /down
[21/4/2017 16:40:33] /a 10
[21/4/2017 16:40:35] /a 10
[21/4/2017 16:40:36] /a 10
[21/4/2017 16:40:38] /up
[21/4/2017 16:40:40] /up
[21/4/2017 16:40:42] /a 4
[21/4/2017 16:40:42] /a 4
[21/4/2017 16:40:43] /a 4
[21/4/2017 16:41:0] /a 10
[21/4/2017 16:41:1] /a 10
[21/4/2017 16:41:3] /down
[21/4/2017 16:41:33] /down
[21/4/2017 16:41:34] /down
[21/4/2017 16:41:36] /down
[21/4/2017 16:41:37] /a 4
[21/4/2017 16:41:39] /down
[21/4/2017 16:41:40] /up
[21/4/2017 16:41:50] /down
[21/4/2017 16:41:55] /a
[21/4/2017 16:41:57] /a
[21/4/2017 16:41:59] /a
[21/4/2017 16:42:0] /a
[21/4/2017 16:42:2] /a
[21/4/2017 16:42:2] /a
[21/4/2017 16:42:4] /a 3
[21/4/2017 16:42:6] /a 3
[21/4/2017 16:42:8] /a 3
[21/4/2017 16:42:11] /a
[21/4/2017 16:42:44] /c victorzeerah
[21/4/2017 16:42:50] /t victorzeerah
[21/4/2017 16:43:16] /t
[21/4/2017 16:43:42] /a 10
[21/4/2017 16:43:45] /a 10
[21/4/2017 16:43:46] /a 10
[21/4/2017 16:43:47] /a 10
[21/4/2017 16:43:48] /a 4
[21/4/2017 16:43:50] /a 10
[21/4/2017 16:43:51] /a 10
[21/4/2017 16:43:52] /a 10
[21/4/2017 16:43:52] /a 10
[21/4/2017 16:43:53] /a 10
[21/4/2017 16:43:56] /a 10
[21/4/2017 16:43:57] /a 10
[21/4/2017 16:43:58] /a 10
[21/4/2017 16:43:59] /a 10
[21/4/2017 16:43:59] /a 10
[21/4/2017 16:44:2] /a 10
[21/4/2017 16:44:4] /a 10
[21/4/2017 16:44:5] /a 10
[21/4/2017 16:44:6] /a 10/a 10
[21/4/2017 16:44:7] /a 10/a 10
[21/4/2017 16:44:8] /a 10
[21/4/2017 16:44:8] /a 10
[21/4/2017 16:44:8] /a 10
[21/4/2017 16:44:11] /a 10
[21/4/2017 16:44:18] /a 10
[21/4/2017 16:44:19] /a 10
[21/4/2017 16:44:21] /a 10
[21/4/2017 16:44:26] /a 10
[21/4/2017 16:44:27] /a 10
[21/4/2017 16:44:27] /a 10
[21/4/2017 16:44:29] /a 10
[21/4/2017 16:44:31] /a 2
[21/4/2017 16:44:34] /a 10
[21/4/2017 16:44:35] /a 10
[21/4/2017 16:44:40] /a 10
[21/4/2017 16:44:40] /a 10
[21/4/2017 16:44:41] /a 10
[21/4/2017 16:44:42] /a 10
[21/4/2017 16:44:42] /a 10
[21/4/2017 16:44:43] /a 10
[21/4/2017 16:44:43] /a 10
[21/4/2017 16:44:44] /a 10
[21/4/2017 16:44:44] /a 10
[21/4/2017 16:44:45] /a 10
[21/4/2017 16:44:49] /a 10
[21/4/2017 16:44:50] /a 10
[21/4/2017 16:44:52] /a 2
[21/4/2017 16:44:54] /a 10
[21/4/2017 16:44:56] /a 10
[21/4/2017 16:44:56] /a 10
[21/4/2017 16:44:57] /a 10
[21/4/2017 16:44:58] /a 10
[21/4/2017 16:45:0] /a 2
[21/4/2017 16:45:5] /a 10
[21/4/2017 16:45:6] /a 10
[21/4/2017 16:45:6] /a 10
[21/4/2017 16:45:7] /a 10
[21/4/2017 16:45:12] /a 10
[21/4/2017 16:45:13] /a 10
[21/4/2017 16:45:14] /a 10
[21/4/2017 16:45:14] /a 10
[21/4/2017 16:45:16] /a 10
[21/4/2017 16:45:17] /a 10
[21/4/2017 16:45:18] /a 10
[21/4/2017 16:45:21] /a 10
[21/4/2017 16:45:22] /a 10
[21/4/2017 16:45:22] /a 10
[21/4/2017 16:45:23] /a 10
[21/4/2017 16:45:24] /a 10
[21/4/2017 16:45:24] /a 10
[21/4/2017 16:45:26] /a 2
[21/4/2017 16:45:52] /a 10
[21/4/2017 16:45:54] /a 10
[21/4/2017 16:45:57] /a 10
[21/4/2017 16:45:58] /a 10
[21/4/2017 16:45:59] /a 10
[21/4/2017 16:46:0] /a 10
[21/4/2017 16:46:1] /a 10
[21/4/2017 16:46:2] /a 10
[21/4/2017 16:46:4] /a 10
[21/4/2017 16:47:30] /a 10
[21/4/2017 16:47:34] /a 4
[21/4/2017 16:47:34] /a 4
[21/4/2017 16:47:35] /a 4
[21/4/2017 16:47:35] /a 4
[21/4/2017 16:47:36] /a 4
[21/4/2017 16:47:38] /down
[21/4/2017 16:47:41] /up
[21/4/2017 16:47:43] /down
[21/4/2017 16:47:44] /a 4
[21/4/2017 16:47:44] /a 4
[21/4/2017 16:47:45] /a 4
[21/4/2017 16:47:45] /a 4
[21/4/2017 16:47:46] /a 4
[21/4/2017 16:47:46] /a 4
[21/4/2017 16:47:46] /a 4
[21/4/2017 16:47:47] /a 4
[21/4/2017 16:47:47] /a 4
[21/4/2017 16:47:48] /a 4
[21/4/2017 16:47:48] /a 4
[21/4/2017 16:47:49] /a 4
[21/4/2017 16:47:49] /a 4
[21/4/2017 16:47:49] /a 4
[21/4/2017 16:47:50] /a 4
[21/4/2017 16:47:51] /a 4
[21/4/2017 16:47:51] /a 4
[21/4/2017 16:47:52] /a 4
[21/4/2017 16:47:52] /a 4
[21/4/2017 16:48:8] /c victorzeerah
[21/4/2017 16:48:13] /t
[21/4/2017 16:48:17] /c victorzeerah
[21/4/2017 16:49:8] /goto Neuronio Sub Consciente
[21/4/2017 16:49:26] /goto Neuronio Sub Consciente
[21/4/2017 16:49:28] /a 4
[21/4/2017 16:49:29] /a 4
[21/4/2017 16:49:29] /a 4
[21/4/2017 16:49:34] /c /goto Neuronio Sub Consciente
[21/4/2017 16:49:41] /c Neuronio Sub consciente
[21/4/2017 16:49:50] /a 10
[21/4/2017 16:49:51] /a 10
[21/4/2017 16:49:51] /a 10
[21/4/2017 16:49:54] /a 10
[21/4/2017 16:49:55] /a 10
[21/4/2017 16:49:56] /a 10
[21/4/2017 16:49:56] /a 10
[21/4/2017 16:49:56] /a 10
[21/4/2017 16:49:57] /a 10
[21/4/2017 16:49:58] /a 10
[21/4/2017 16:49:58] /a 10
[21/4/2017 16:49:58] /a 10
[21/4/2017 16:49:59] /a 10
[21/4/2017 16:50:0] /a 10
[21/4/2017 16:50:9] /c Neuronio Sub Consciente
[21/4/2017 16:50:20] /ghost
[21/4/2017 16:51:35] /ghost
[21/4/2017 16:51:36] /t
[21/4/2017 16:52:33] /goto sorvetao
[21/4/2017 16:52:49] /t
[21/4/2017 16:54:15] /goto Mohamed Mcz
[21/4/2017 16:54:19] /t
[21/4/2017 16:55:13] /b Duvidas? Help Chamem Seus Amigos Para Jogar Bom Jogo!!!
[21/4/2017 16:55:14] /b Duvidas? Help Chamem Seus Amigos Para Jogar Bom Jogo!!!
[21/4/2017 16:55:15] /b Duvidas? Help Chamem Seus Amigos Para Jogar Bom Jogo!!!
[21/4/2017 16:55:15] /b Duvidas? Help Chamem Seus Amigos Para Jogar Bom Jogo!!!
[21/4/2017 17:0:14] /ghost
[21/4/2017 17:3:43] /b Duvidas? Help Chamem Seus Amigos Para Jogar Bom Jogo!!!
[21/4/2017 17:3:44] /b Duvidas? Help Chamem Seus Amigos Para Jogar Bom Jogo!!!
[21/4/2017 17:3:44] /b Duvidas? Help Chamem Seus Amigos Para Jogar Bom Jogo!!!
[21/4/2017 17:3:45] /b Duvidas? Help Chamem Seus Amigos Para Jogar Bom Jogo!!!
[21/4/2017 17:3:45] /b Duvidas? Help Chamem Seus Amigos Para Jogar Bom Jogo!!!
[21/4/2017 17:5:4] /b Duvidas ? Help?
[21/4/2017 17:5:4] /b Duvidas ? Help?
[21/4/2017 17:5:5] /b Duvidas ? Help?
[21/4/2017 17:5:22] /goto Neuronio Sub Consciente
[21/4/2017 17:6:1] /t
[21/4/2017 17:16:54] /ghost
[21/4/2017 17:17:23] /a 20
[21/4/2017 17:17:24] /a 20
[21/4/2017 17:17:24] /a 20
[21/4/2017 17:17:25] /a 20
[21/4/2017 17:17:25] /a 20
[21/4/2017 17:17:26] /a 20
[21/4/2017 17:17:28] /a 20
[21/4/2017 17:17:28] /a 20
[21/4/2017 17:17:31] /a 10
[21/4/2017 17:17:32] /a 10
[21/4/2017 17:17:37] /a 40
[21/4/2017 17:17:38] /a 40
[21/4/2017 17:17:38] /a 40
[21/4/2017 17:17:39] /a 40
[21/4/2017 17:17:41] /a 10
[21/4/2017 17:17:42] /a 10
[21/4/2017 17:17:43] /a 10
[21/4/2017 17:17:44] /a 10
[21/4/2017 17:17:45] /a 10
[21/4/2017 17:17:46] /a 10
[21/4/2017 17:17:49] /a 10
[21/4/2017 17:17:50] /a 10
[21/4/2017 17:17:51] /a 10
[21/4/2017 17:17:53] /a 10
[21/4/2017 17:17:54] /a 10
[21/4/2017 17:17:55] /a 10
[21/4/2017 17:17:56] /a 10
[21/4/2017 17:17:57] /a 10
[21/4/2017 17:17:58] /a 10
[21/4/2017 17:17:59] /a 10
[21/4/2017 17:18:7] /a 4
[21/4/2017 17:18:7] /a 4
[21/4/2017 17:18:7] /a 4
[21/4/2017 17:18:10] /c Doissetedois
[21/4/2017 17:18:26] /ghost
[21/4/2017 17:19:19] /ghost
[21/4/2017 17:19:22] /t doissetedois
[21/4/2017 17:19:23] /t
[21/4/2017 17:20:59] /c Doissetedois
[21/4/2017 17:21:27] /goto Doissetedois
[21/4/2017 17:21:44] /a 10
[21/4/2017 17:21:45] /a 10
[21/4/2017 17:21:45] /a 10
[21/4/2017 17:21:46] /a 10
[21/4/2017 17:21:47] /a 10
[21/4/2017 17:21:48] /a 10
[21/4/2017 17:21:50] /a 4
[21/4/2017 17:21:51] /a 4
[21/4/2017 17:21:54] /a 4
[21/4/2017 17:22:17] /a 4
[21/4/2017 17:22:18] /a 4
[21/4/2017 17:22:19] /a 4
[21/4/2017 17:22:20] /a 4/a 4
[21/4/2017 17:22:20] /a 4
[21/4/2017 17:22:21] /a 4/a 4
[21/4/2017 17:22:22] /a 4
[21/4/2017 17:22:22] /a 4
[21/4/2017 17:22:24] /a 4/a 4
[21/4/2017 17:22:24] /a 4
[21/4/2017 17:22:24] /a 4
[21/4/2017 17:22:25] /a 4
[21/4/2017 17:22:25] /a 4
[21/4/2017 17:22:39] /goto MOHAMED MCZ
[21/4/2017 17:22:45] /t
[21/4/2017 17:38:46] /c Ed xxt
[21/4/2017 17:39:19] /a 4
[21/4/2017 17:39:20] /a 4
[21/4/2017 17:39:20] /a 4
[21/4/2017 17:39:24] /c Elder xxt
[21/4/2017 17:39:27] /c elder xxt
[21/4/2017 17:39:36] /c ed xxt
[21/4/2017 17:40:3] /goto Mohamed Mcz
[21/4/2017 17:40:20] /ghost
[21/4/2017 17:40:21] /a
[21/4/2017 17:40:35] /ghost
[21/4/2017 17:40:35] /t
[21/4/2017 17:40:47] /goto Mohamed Mcz
[21/4/2017 17:40:51] /ghost
[21/4/2017 17:40:59] /goto mohamed mcz
[21/4/2017 17:41:15] /ghost
[21/4/2017 17:42:59] /c victorzeerah
[21/4/2017 17:44:52] /a 100
[21/4/2017 17:44:53] /a 10
[21/4/2017 17:44:54] /a 10
[21/4/2017 17:44:56] /a 10
[21/4/2017 17:44:57] /down
[21/4/2017 17:46:37] /c marlin on
[21/4/2017 17:46:57] /ghost
[21/4/2017 17:47:28] /c Mohamed mcz
[21/4/2017 17:47:42] /goto /goto Mohamed Mcz
[21/4/2017 17:47:44] /goto /goto Mohamed Mcz
[21/4/2017 17:47:45] /goto Mohamed Mcz
[21/4/2017 17:47:49] /c Marlin on
[21/4/2017 17:47:51] /ghost
[21/4/2017 17:48:51] /a 10
[21/4/2017 17:48:55] /a 10
[21/4/2017 17:48:57] /a 10
[21/4/2017 17:48:59] /a 10
[21/4/2017 17:49:1] /a 10
[21/4/2017 17:49:2] /a 10
[21/4/2017 17:49:7] /a 10
[21/4/2017 17:49:8] /a 10
[21/4/2017 17:49:9] /a 10
[21/4/2017 17:49:10] /a 10
[21/4/2017 17:49:14] /a 10
[21/4/2017 17:49:14] /a 10
[21/4/2017 17:49:14] /a 10
[21/4/2017 17:49:16] /a 10
[21/4/2017 17:49:17] /a 10
[21/4/2017 17:49:18] /a 10
[21/4/2017 17:49:20] /a 10
[21/4/2017 17:49:26] /a 10
[21/4/2017 17:49:27] /a 10
[21/4/2017 17:49:28] /a 10
[21/4/2017 17:49:30] /a 10
[21/4/2017 17:49:32] /a 5
[21/4/2017 17:49:36] /a 10
[21/4/2017 17:49:37] /a 10
[21/4/2017 17:49:38] /a 10
[21/4/2017 17:49:39] /a 10
[21/4/2017 17:49:39] /a 10
[21/4/2017 17:49:40] /a 10
[21/4/2017 17:49:41] /a 10
[21/4/2017 17:49:42] /a 10
[21/4/2017 17:49:43] /a 10
[21/4/2017 17:49:43] /a 10
[21/4/2017 17:49:44] /a 10
[21/4/2017 17:49:45] /a 10
[21/4/2017 17:49:46] /a 10
[21/4/2017 17:49:46] /a 10
[21/4/2017 17:49:48] /a 10
[21/4/2017 17:49:49] /a 10
[21/4/2017 17:49:50] /a 10
[21/4/2017 17:49:51] /a 10
[21/4/2017 17:49:52] /a 10
[21/4/2017 17:49:53] /a 4
[21/4/2017 17:50:1] /a 10
[21/4/2017 17:50:3] /a 10
[21/4/2017 17:50:4] /a 10
[21/4/2017 17:50:4] /a 10
[21/4/2017 17:50:6] /a 10
[21/4/2017 17:50:7] /a 10
[21/4/2017 17:50:8] /a 10/a 10
[21/4/2017 17:50:9] /a 10
[21/4/2017 17:50:10] /a 10
[21/4/2017 17:50:17] /a 10
[21/4/2017 17:50:18] /a 10
[21/4/2017 17:50:19] /a 10
[21/4/2017 17:50:20] /a 10
[21/4/2017 17:50:21] /a 10
[21/4/2017 17:50:22] /a 10
[21/4/2017 17:50:23] /a 10
[21/4/2017 17:50:24] /a 10
[21/4/2017 17:50:28] /a 10
[21/4/2017 17:50:29] /a 10
[21/4/2017 17:50:30] /a 10/a 10
[21/4/2017 17:50:31] /a 10/a 10
[21/4/2017 17:50:37] /a 10
[21/4/2017 17:50:38] /a 10
[21/4/2017 17:50:39] /a 10
[21/4/2017 17:50:40] /a 10
[21/4/2017 17:50:45] /a 10
[21/4/2017 17:50:47] /a 10
[21/4/2017 17:50:48] /a 10
[21/4/2017 17:50:49] /a 10
[21/4/2017 17:50:50] /a 10
[21/4/2017 17:50:50] /a 10
[21/4/2017 17:50:50] /a 10
[21/4/2017 17:50:51] /a 10
[21/4/2017 17:50:51] /a 10
[21/4/2017 17:50:52] /a 10
[21/4/2017 17:50:53] /a 10
[21/4/2017 17:50:54] /a 10
[21/4/2017 17:50:55] /a 10
[21/4/2017 17:50:57] /a 10
[21/4/2017 17:51:2] /a 10
[21/4/2017 17:51:8] /a 10
[21/4/2017 17:51:9] /a 10
[21/4/2017 17:51:11] /a 10
[21/4/2017 17:51:11] /a 10
[21/4/2017 17:51:12] /a 10
[21/4/2017 17:51:13] /a 10
[21/4/2017 17:51:14] /a 10
[21/4/2017 17:51:14] /a 10
[21/4/2017 17:51:15] /a 10
[21/4/2017 17:51:17] /a 10
[21/4/2017 17:51:19] /a 10
[21/4/2017 17:51:21] /a 10
[21/4/2017 17:51:22] /a 10
[21/4/2017 17:51:23] /a 10
[21/4/2017 17:51:26] /a 10/a 10
[21/4/2017 17:51:26] /a 10
[21/4/2017 17:51:27] /a 10
[21/4/2017 17:51:48] /a 10
[21/4/2017 17:51:49] /a 10
[21/4/2017 17:51:49] /a 10
[21/4/2017 17:51:51] /a 10
[21/4/2017 17:51:53] /ghost
[21/4/2017 17:51:54] /a 10
[21/4/2017 17:51:55] /a 10
[21/4/2017 17:51:56] /a 10
[21/4/2017 17:51:59] /a 10
[21/4/2017 17:51:59] /a 10
[21/4/2017 17:51:59] /a 10
[21/4/2017 17:52:0] /a 10
[21/4/2017 17:52:2] /a 10
[21/4/2017 17:52:8] /a 10
[21/4/2017 17:52:9] /a 10
[21/4/2017 17:52:10] /a 10
[21/4/2017 17:52:11] /a 10
[21/4/2017 17:52:12] /a 10
[21/4/2017 17:52:13] /a 10
[21/4/2017 17:52:15] /a 10
[21/4/2017 17:52:17] /a 10
[21/4/2017 17:52:17] /a 10
[21/4/2017 17:52:18] /a 10
[21/4/2017 17:52:19] /a 10
[21/4/2017 17:52:19] /a 10
[21/4/2017 17:52:20] /a 10
[21/4/2017 17:52:20] /a 10
[21/4/2017 17:52:21] /a 10
[21/4/2017 17:52:22] /a 10
[21/4/2017 17:52:24] /a 10
[21/4/2017 17:53:42] /a 10
[21/4/2017 17:53:42] /a 10
[21/4/2017 17:53:43] /a 10
[21/4/2017 17:53:49] /a 10
[21/4/2017 17:53:51] /a 10
[21/4/2017 17:53:52] /a 10
[21/4/2017 17:53:53] /a 10
[21/4/2017 17:53:54] /a 10
[21/4/2017 17:53:56] /a 4
[21/4/2017 17:54:3] /a 10
[21/4/2017 17:54:4] /a 10
[21/4/2017 17:54:5] /a 10
[21/4/2017 17:54:7] /a 10
[21/4/2017 17:54:8] /a 10
[21/4/2017 17:54:9] /a 10
[21/4/2017 17:54:10] /a 10
[21/4/2017 17:54:11] /a 10
[21/4/2017 17:54:12] /a 10
[21/4/2017 17:54:13] /a 10
[21/4/2017 17:54:15] /a 10
[21/4/2017 17:54:16] /a 10
[21/4/2017 17:54:17] /a 10
[21/4/2017 17:54:18] /a 10
[21/4/2017 17:54:19] /a 10
[21/4/2017 17:54:20] /a 10
[21/4/2017 17:54:21] /a 10
[21/4/2017 17:54:23] /a 10
[21/4/2017 17:54:24] /a 10
[21/4/2017 17:54:25] /a 10
[21/4/2017 17:54:26] /a 10
[21/4/2017 17:54:28] /a 10
[21/4/2017 17:54:29] /a 10
[21/4/2017 17:54:31] /a 10
[21/4/2017 17:54:32] /a 10
[21/4/2017 17:54:33] /a 10
[21/4/2017 17:54:48] /a 10
[21/4/2017 17:54:48] /a 10
[21/4/2017 17:54:49] /a 10
[21/4/2017 17:54:50] /a 10
[21/4/2017 17:54:50] /a 10
[21/4/2017 17:54:51] /a 10
[21/4/2017 17:54:56] /a 4
[21/4/2017 17:54:59] /a 4
[21/4/2017 17:54:59] /a 4
[21/4/2017 17:55:0] /a 4
[21/4/2017 17:55:1] /a 4
[21/4/2017 17:55:2] /a 4
[21/4/2017 17:55:8] /a 4
[21/4/2017 17:55:9] /a 4
[21/4/2017 17:55:10] /a 4
[21/4/2017 17:55:10] /a 4
[21/4/2017 17:55:10] /a 4
[21/4/2017 17:55:13] /a 4
[21/4/2017 17:55:13] /a 4
[21/4/2017 17:55:14] /a 4
[21/4/2017 17:55:15] /a 4
[21/4/2017 17:55:15] /a 4
[21/4/2017 17:55:16] /a 4
[21/4/2017 17:55:17] /a 4
[21/4/2017 17:55:18] /a 4
[21/4/2017 17:55:19] /a 4
[21/4/2017 17:55:20] /a 4
[21/4/2017 17:55:20] /a 4
[21/4/2017 17:55:21] /a 4
[21/4/2017 17:55:22] /a 4
[21/4/2017 17:55:22] /a 4
[21/4/2017 17:55:23] /a 4
[21/4/2017 17:55:24] /a 4
[21/4/2017 17:55:24] /a 4
[21/4/2017 17:55:25] /a 4
[21/4/2017 17:55:25] /a 4
[21/4/2017 17:55:26] /a 4
[21/4/2017 17:55:27] /a 4
[21/4/2017 17:55:27] /a 4
[21/4/2017 17:55:28] /a 4
[21/4/2017 17:55:28] /a 4
[21/4/2017 17:55:29] /a 4
[21/4/2017 17:55:29] /a 4
[21/4/2017 17:55:30] /a 4
[21/4/2017 17:55:30] /a 4
[21/4/2017 17:55:30] /a 4
[21/4/2017 17:55:31] /a 4
[21/4/2017 17:55:32] /a 4
[21/4/2017 17:55:32] /a 4
[21/4/2017 17:55:33] /a 4
[21/4/2017 17:55:33] /a 4
[21/4/2017 17:55:34] /a 4
[21/4/2017 17:55:35] /a 4
[21/4/2017 17:55:36] /a 4
[21/4/2017 17:55:36] /a 4
[21/4/2017 17:55:37] /a 4
[21/4/2017 17:55:37] /a 4
[21/4/2017 17:55:38] /a 4
[21/4/2017 17:55:39] /a 4
[21/4/2017 17:55:39] /a 4
[21/4/2017 17:55:40] /a 4
[21/4/2017 17:55:41] /a 4
[21/4/2017 17:55:42] /a 4
[21/4/2017 17:55:44] /a 4
[21/4/2017 17:55:45] /a 4
[21/4/2017 17:55:46] /a 4
[21/4/2017 17:55:46] /a 4
[21/4/2017 17:55:48] /a 4
[21/4/2017 17:55:51] /a 4
[21/4/2017 17:55:53] /a 4
[21/4/2017 17:55:54] /a 4
[21/4/2017 17:55:54] /a 4
[21/4/2017 17:55:55] /a 4
[21/4/2017 17:55:56] /a 4
[21/4/2017 17:55:57] /a 4
[21/4/2017 17:55:57] /a 4
[21/4/2017 17:55:58] /a 4
[21/4/2017 17:55:58] /a 4
[21/4/2017 17:55:59] /a 4
[21/4/2017 17:56:0] /a 4
[21/4/2017 17:56:0] /a 4
[21/4/2017 17:56:1] /a 4
[21/4/2017 17:56:1] /a 4
[21/4/2017 17:56:2] /a 4
[21/4/2017 17:56:2] /a 4
[21/4/2017 17:56:2] /a 4
[21/4/2017 17:56:2] /a 4
[21/4/2017 17:56:3] /a 4
[21/4/2017 17:56:3] /a 4
[21/4/2017 17:56:4] /a 4
[21/4/2017 17:56:4] /a 4
[21/4/2017 17:56:4] /a 4
[21/4/2017 17:56:6] /a 4
[21/4/2017 17:56:7] /a 4
[21/4/2017 17:56:8] /a 4/a 4
[21/4/2017 17:56:8] /a 4
[21/4/2017 17:56:9] /a 4
[21/4/2017 17:56:9] /a 4
[21/4/2017 17:56:9] /a 4
[21/4/2017 17:56:10] /a 4
[21/4/2017 17:56:11] /a 4
[21/4/2017 17:56:11] /a 4
[21/4/2017 17:56:12] /a 4
[21/4/2017 17:56:13] /a 4
[21/4/2017 17:56:13] /a 4
[21/4/2017 17:56:14] /a 4
[21/4/2017 17:56:15] /a 4
[21/4/2017 17:56:16] /a 4
[21/4/2017 17:56:17] /a 4/a 4
[21/4/2017 17:56:18] /a 4
[21/4/2017 17:56:18] /a 4
[21/4/2017 17:56:19] /a 4
[21/4/2017 17:56:21] /a 4
[21/4/2017 17:56:21] /a 4
[21/4/2017 17:56:21] /a 4
[21/4/2017 17:56:22] /a 4
[21/4/2017 17:56:22] /a 4
[21/4/2017 17:56:23] /a 4
[21/4/2017 17:56:23] /a 4
[21/4/2017 17:56:23] /a 4
[21/4/2017 17:56:25] /a 4
[21/4/2017 17:56:26] /a 4
[21/4/2017 17:56:26] /a 4
[21/4/2017 17:56:27] /a 4
[21/4/2017 17:56:30] /a 4
[21/4/2017 17:56:30] /a 4
[21/4/2017 17:56:31] /a 4
[21/4/2017 17:56:31] /a 4
[21/4/2017 17:56:31] /a 4
[21/4/2017 17:56:31] /a 4
[21/4/2017 17:56:32] /a 4
[21/4/2017 17:56:32] /a 4
[21/4/2017 17:56:33] /a 4
[21/4/2017 17:56:33] /a 4
[21/4/2017 17:56:34] /a 4
[21/4/2017 17:56:35] /a 4
[21/4/2017 17:56:35] /a 4
[21/4/2017 17:56:35] /a 4
[21/4/2017 17:56:35] /a 4
[21/4/2017 17:56:36] /a 4
[21/4/2017 17:56:36] /a 4
[21/4/2017 17:56:37] /a 4
[21/4/2017 17:56:41] /a 4
[21/4/2017 17:56:42] /a 4
[21/4/2017 17:56:42] /a 4
[21/4/2017 17:56:43] /a 4
[21/4/2017 17:56:43] /a 4
[21/4/2017 17:56:44] /a 4
[21/4/2017 17:56:45] /a 4
[21/4/2017 17:56:45] /a 4
[21/4/2017 17:56:45] /a 4
[21/4/2017 17:56:46] /a 4
[21/4/2017 17:56:47] /a 4
[21/4/2017 17:56:47] /a 4
[21/4/2017 17:56:48] /a 4
[21/4/2017 17:56:50] /a 4
[21/4/2017 17:56:50] /a 4
[21/4/2017 17:56:51] /a 4
[21/4/2017 17:56:51] /a 4
[21/4/2017 17:56:52] /a 4
[21/4/2017 17:56:52] /a 4
[21/4/2017 17:56:53] /a 4
[21/4/2017 17:56:53] /a 4
[21/4/2017 17:56:54] /a 4
[21/4/2017 17:56:55] /a 4
[21/4/2017 17:56:56] /a 4
[21/4/2017 17:56:57] /a 4
[21/4/2017 17:56:57] /a 4
[21/4/2017 17:56:57] /a 4
[21/4/2017 17:56:58] /a 4
[21/4/2017 17:56:58] /a 4
[21/4/2017 17:56:58] /a 4
[21/4/2017 17:56:59] /a 4
[21/4/2017 17:56:59] /a 4
[21/4/2017 17:56:59] /a 4
[21/4/2017 17:57:0] /a 4
[21/4/2017 17:57:1] /a 4
[21/4/2017 17:57:1] /a 4
[21/4/2017 17:57:3] /a
[21/4/2017 17:57:5] /a 4
[21/4/2017 17:57:5] /a 4
[21/4/2017 17:57:5] /a 4
[21/4/2017 17:57:6] /a 4
[21/4/2017 17:57:6] /a 4
[21/4/2017 17:57:6] /a 4
[21/4/2017 17:57:7] /a 4
[21/4/2017 17:57:8] /a 4
[21/4/2017 17:57:8] /a 4
[21/4/2017 17:57:9] /a 4
[21/4/2017 17:57:11] /a 4
[21/4/2017 17:57:13] /a 4
[21/4/2017 17:57:14] /a 4
[21/4/2017 17:57:15] /a 4
[21/4/2017 17:57:15] /a 4
[21/4/2017 17:57:15] /a 4
[21/4/2017 17:57:16] /a 4
[21/4/2017 17:57:17] /a 4
[21/4/2017 17:57:17] /a 4
[21/4/2017 17:57:17] /a 4
[21/4/2017 17:57:17] /a 4
[21/4/2017 17:57:18] /a 4
[21/4/2017 17:57:18] /a 4
[21/4/2017 17:57:19] /a 4
[21/4/2017 17:57:19] /a 4
[21/4/2017 17:57:20] /a 4
[21/4/2017 17:57:20] /a 4
[21/4/2017 17:57:21] /a 4
[21/4/2017 17:57:21] /a 4
[21/4/2017 17:57:21] /a 4
[21/4/2017 17:57:22] /a 4
[21/4/2017 17:57:22] /a 4
[21/4/2017 17:57:22] /a 4
[21/4/2017 17:57:23] /a 4
[21/4/2017 17:57:24] /a 4
[21/4/2017 17:57:24] /a 4
[21/4/2017 17:57:25] /a 4
[21/4/2017 17:57:25] /a 4
[21/4/2017 17:57:26] /a 4
[21/4/2017 17:57:26] /a 4
[21/4/2017 17:57:26] /a 4
[21/4/2017 17:57:28] /a 4
[21/4/2017 17:57:28] /a 4
[21/4/2017 17:57:28] /a 4
[21/4/2017 17:57:29] /a 4
[21/4/2017 17:57:30] /a 4
[21/4/2017 17:57:30] /a 4
[21/4/2017 17:57:31] /a 4
[21/4/2017 17:57:32] /a 4
[21/4/2017 17:57:32] /a 4
[21/4/2017 17:57:32] /a 4
[21/4/2017 17:57:32] /a 4
[21/4/2017 17:57:37] /a 4
[21/4/2017 17:57:38] /a 4
[21/4/2017 17:57:38] /a 4
[21/4/2017 17:57:38] /a 4
[21/4/2017 17:57:38] /a 4
[21/4/2017 17:57:39] /a 4
[21/4/2017 17:57:39] /a 4
[21/4/2017 17:57:39] /a 4
[21/4/2017 17:57:39] /a 4
[21/4/2017 17:57:40] /a 4
[21/4/2017 17:57:40] /a 4
[21/4/2017 17:57:40] /a 4
[21/4/2017 17:57:40] /a 4
[21/4/2017 17:57:41] /a 4
[21/4/2017 17:57:41] /a 4
[21/4/2017 17:57:41] /a 4
[21/4/2017 17:57:42] /a 4
[21/4/2017 17:57:42] /a 4
[21/4/2017 17:57:42] /a 4
[21/4/2017 17:57:43] /a 4
[21/4/2017 17:57:43] /a 4
[21/4/2017 17:57:43] /a 4
[21/4/2017 17:57:44] /a 4
[21/4/2017 17:57:44] /a 4
[21/4/2017 17:57:44] /a 4
[21/4/2017 17:57:45] /a 4
[21/4/2017 17:57:45] /a 4
[21/4/2017 17:57:45] /a 4
[21/4/2017 17:57:46] /a 4
[21/4/2017 17:57:46] /a 4
[21/4/2017 17:57:46] /a 4
[21/4/2017 17:57:47] /a 4
[21/4/2017 17:57:47] /a 4
[21/4/2017 17:57:47] /a 4
[21/4/2017 17:57:47] /a 4
[21/4/2017 17:57:48] /a 4
[21/4/2017 17:57:48] /a 4
[21/4/2017 17:57:49] /a 4
[21/4/2017 17:57:49] /a 4
[21/4/2017 17:57:49] /a 4
[21/4/2017 17:57:50] /a 4
[21/4/2017 17:57:54] /a 4
[21/4/2017 17:57:55] /a 4
[21/4/2017 17:57:55] /a 4
[21/4/2017 17:57:55] /a 4
[21/4/2017 17:57:56] /a 4
[21/4/2017 17:57:56] /a 4
[21/4/2017 17:57:56] /a 4
[21/4/2017 17:57:57] /a 4
[21/4/2017 17:57:57] /a 4
[21/4/2017 17:57:57] /a 4
[21/4/2017 17:57:58] /a 4
[21/4/2017 17:57:58] /a 4
[21/4/2017 17:57:58] /a 4
[21/4/2017 17:57:58] /a 4
[21/4/2017 17:57:59] /a 4
[21/4/2017 17:58:0] /a 4
[21/4/2017 17:58:0] /a 4
[21/4/2017 17:58:0] /a 4
[21/4/2017 17:58:1] /a 4
[21/4/2017 17:58:2] /a 4
[21/4/2017 17:58:5] /a 4
[21/4/2017 17:58:5] /a 4
[21/4/2017 17:58:5] /a 4
[21/4/2017 17:58:6] /a 4
[21/4/2017 17:58:6] /a 4
[21/4/2017 17:58:7] /a 4
[21/4/2017 17:58:7] /a 4
[21/4/2017 17:58:8] /a 4
[21/4/2017 17:58:8] /a 4
[21/4/2017 17:58:9] /a 4
[21/4/2017 17:58:10] /a 4
[21/4/2017 17:58:10] /a 4
[21/4/2017 17:58:10] /a 4
[21/4/2017 17:58:11] /a 4
[21/4/2017 17:58:11] /a 4
[21/4/2017 17:58:12] /a 4
[21/4/2017 17:58:12] /a 4
[21/4/2017 17:58:13] /a 4
[21/4/2017 17:58:13] /a 4
[21/4/2017 17:58:14] /a 4
[21/4/2017 17:58:14] /a 4
[21/4/2017 17:58:14] /a 4
[21/4/2017 17:58:15] /a 4
[21/4/2017 17:58:15] /a 4
[21/4/2017 17:58:15] /a 4
[21/4/2017 17:58:15] /a 4
[21/4/2017 17:58:16] /a 4
[21/4/2017 17:58:16] /a 4
[21/4/2017 17:58:17] /a 4
[21/4/2017 17:58:17] /a 4
[21/4/2017 17:58:17] /a 4
[21/4/2017 17:58:18] /a 4
[21/4/2017 17:58:19] /a 4
[21/4/2017 17:58:19] /a 4
[21/4/2017 17:58:19] /a 4
[21/4/2017 17:58:20] /a 4
[21/4/2017 17:58:20] /a 4
[21/4/2017 17:58:21] /a 4
[21/4/2017 17:58:23] /a 4
[21/4/2017 17:58:23] /a 4
[21/4/2017 17:58:23] /a 4
[21/4/2017 17:58:24] /a 4
[21/4/2017 17:58:24] /a 4
[21/4/2017 17:58:24] /a 4
[21/4/2017 17:58:25] /a 4
[21/4/2017 17:58:25] /a 4
[21/4/2017 17:58:25] /a 4
[21/4/2017 17:58:25] /a 4
[21/4/2017 17:58:26] /a 4
[21/4/2017 17:58:27] /a 4
[21/4/2017 17:58:27] /a 4
[21/4/2017 17:58:27] /a 4
[21/4/2017 17:58:28] /a 4
[21/4/2017 17:58:28] /a 4
[21/4/2017 17:58:28] /a 4
[21/4/2017 17:58:28] /a 4
[21/4/2017 17:58:29] /a 4
[21/4/2017 17:58:30] /a 4
[21/4/2017 17:58:30] /a 4
[21/4/2017 17:58:31] /a 4
[21/4/2017 17:58:32] /a 4
[21/4/2017 17:58:32] /a 4
[21/4/2017 17:58:32] /a 4
[21/4/2017 17:58:33] /a 4
[21/4/2017 17:58:33] /a 4
[21/4/2017 17:58:33] /a 4
[21/4/2017 17:58:34] /a 4
[21/4/2017 17:58:34] /a 4
[21/4/2017 17:58:35] /a 4
[21/4/2017 17:58:35] /a 4
[21/4/2017 17:58:35] /a 4
[21/4/2017 17:58:36] /a 4
[21/4/2017 17:58:36] /a 4
[21/4/2017 17:58:36] /a 4
[21/4/2017 17:58:37] /a 4
[21/4/2017 17:58:39] /a 4
[21/4/2017 17:58:39] /a 4
[21/4/2017 17:58:40] /a 4
[21/4/2017 17:58:40] /a 4
[21/4/2017 17:58:40] /a 4
[21/4/2017 17:58:41] /a 4
[21/4/2017 17:58:41] /a 4
[21/4/2017 17:58:41] /a 4
[21/4/2017 17:58:42] /a 4
[21/4/2017 17:58:42] /a 4/a 4
[21/4/2017 17:58:43] /a 4
[21/4/2017 17:58:43] /a 4
[21/4/2017 17:58:43] /a 4
[21/4/2017 17:58:43] /a 4
[21/4/2017 17:58:44] /a 4
[21/4/2017 17:58:44] /a 4
[21/4/2017 17:58:44] /a 4
[21/4/2017 17:58:45] /a 4
[21/4/2017 17:58:45] /a 4
[21/4/2017 17:58:46] /a 4
[21/4/2017 17:58:46] /a 4
[21/4/2017 17:58:46] /a 4
[21/4/2017 17:58:46] /a 4
[21/4/2017 17:58:47] /a 4
[21/4/2017 17:58:47] /a 4
[21/4/2017 17:58:47] /a 4
[21/4/2017 17:58:48] /a 4
[21/4/2017 17:58:48] /a 4
[21/4/2017 17:58:49] /a 4
[21/4/2017 17:58:49] /a 4
[21/4/2017 17:58:49] /a 4
[21/4/2017 17:58:49] /a 4
[21/4/2017 17:58:50] /a 4
[21/4/2017 17:58:50] /a 4
[21/4/2017 17:58:50] /a 4
[21/4/2017 17:58:51] /a 4
[21/4/2017 17:58:51] /a 4
[21/4/2017 17:58:52] /a 4
[21/4/2017 17:58:52] /a 4
[21/4/2017 17:58:52] /a 4
[21/4/2017 17:58:53] /a 4
[21/4/2017 17:58:53] /a 4
[21/4/2017 17:58:53] /a 4
[21/4/2017 17:58:54] /a 4
[21/4/2017 17:58:54] /a 4
[21/4/2017 17:58:54] /a 4
[21/4/2017 17:58:54] /a 4
[21/4/2017 17:58:55] /a 4
[21/4/2017 17:58:55] /a 4
[21/4/2017 17:58:55] /a 4
[21/4/2017 17:58:56] /a 4
[21/4/2017 17:58:56] /a 4
[21/4/2017 17:58:56] /a 4
[21/4/2017 17:58:57] /a 4
[21/4/2017 17:58:57] /a 4
[21/4/2017 17:58:59] /a 4
[21/4/2017 17:58:59] /a 4
[21/4/2017 17:59:2] /a 4
[21/4/2017 17:59:2] /a 4
[21/4/2017 17:59:2] /a 4
[21/4/2017 17:59:2] /a 4
[21/4/2017 17:59:2] /a 4
[21/4/2017 17:59:3] /a 4
[21/4/2017 17:59:3] /a 4
[21/4/2017 17:59:4] /a 4
[21/4/2017 17:59:4] /a 4
[21/4/2017 17:59:4] /a 4
[21/4/2017 17:59:5] /a 4
[21/4/2017 17:59:5] /a 4
[21/4/2017 17:59:6] /a 4
[21/4/2017 17:59:6] /a 4
[21/4/2017 17:59:6] /a 4
[21/4/2017 17:59:7] /a 4
[21/4/2017 17:59:7] /a 4
[21/4/2017 17:59:7] /a 4
[21/4/2017 17:59:7] /a 4
[21/4/2017 17:59:8] /a 4
[21/4/2017 17:59:8] /a 4
[21/4/2017 17:59:9] /a 4
[21/4/2017 17:59:9] /a 4
[21/4/2017 17:59:9] /a 4
[21/4/2017 17:59:10] /a 4
[21/4/2017 17:59:10] /a 4
[21/4/2017 17:59:10] /a 4
[21/4/2017 17:59:12] /a 4
[21/4/2017 17:59:12] /a 4
[21/4/2017 17:59:13] /a 4
[21/4/2017 17:59:13] /a 4
[21/4/2017 17:59:13] /a 4
[21/4/2017 17:59:14] /a 4
[21/4/2017 17:59:14] /a 4
[21/4/2017 17:59:14] /a 4
[21/4/2017 17:59:15] /a 4
[21/4/2017 17:59:15] /a 4
[21/4/2017 17:59:15] /a 4
[21/4/2017 17:59:15] /a 4
[21/4/2017 17:59:16] /a 4
[21/4/2017 17:59:16] /a 4
[21/4/2017 17:59:16] /a 4
[21/4/2017 17:59:17] /a 4
[21/4/2017 17:59:17] /a 4
[21/4/2017 17:59:17] /a 4
[21/4/2017 17:59:18] /a 4
[21/4/2017 17:59:18] /a 4
[21/4/2017 17:59:18] /a 4
[21/4/2017 17:59:19] /a 4
[21/4/2017 17:59:19] /a 4
[21/4/2017 17:59:19] /a 4
[21/4/2017 17:59:20] /a 4
[21/4/2017 17:59:20] /a 4
[21/4/2017 17:59:20] /a 4
[21/4/2017 17:59:20] /a 4
[21/4/2017 17:59:21] /a 4
[21/4/2017 17:59:21] /a 4
[21/4/2017 17:59:21] /a 4
[21/4/2017 17:59:22] /a 4
[21/4/2017 17:59:22] /a 4
[21/4/2017 17:59:23] /a 4
[21/4/2017 17:59:23] /a 4
[21/4/2017 17:59:23] /a 4
[21/4/2017 17:59:24] /a 4
[21/4/2017 17:59:24] /a 4
[21/4/2017 17:59:24] /a 4
[21/4/2017 17:59:25] /a 4
[21/4/2017 17:59:25] /a 4
[21/4/2017 17:59:25] /a 4
[21/4/2017 17:59:26] /a 4
[21/4/2017 17:59:26] /a 4
[21/4/2017 17:59:26] /a 4
[21/4/2017 17:59:27] /a 4
[21/4/2017 17:59:27] /a 4
[21/4/2017 17:59:27] /a 4
[21/4/2017 17:59:28] /a 4
[21/4/2017 17:59:28] /a 4
[21/4/2017 17:59:29] /a 4
[21/4/2017 17:59:29] /a 4
[21/4/2017 17:59:30] /a 4
[21/4/2017 17:59:30] /a 4
[21/4/2017 17:59:30] /a 4
[21/4/2017 17:59:31] /a 4
[21/4/2017 17:59:31] /a 4
[21/4/2017 17:59:32] /a 4
[21/4/2017 17:59:32] /a 4
[21/4/2017 17:59:32] /a 4
[21/4/2017 17:59:33] /a 4
[21/4/2017 17:59:33] /a 4
[21/4/2017 17:59:33] /a 4
[21/4/2017 17:59:34] /a 4
[21/4/2017 17:59:34] /a 4
[21/4/2017 17:59:34] /a 4
[21/4/2017 17:59:35] /a 4
[21/4/2017 17:59:35] /a 4
[21/4/2017 17:59:35] /a 4
[21/4/2017 17:59:36] /a 4
[21/4/2017 17:59:36] /a 4
[21/4/2017 17:59:36] /a 4
[21/4/2017 17:59:37] /a 4
[21/4/2017 17:59:37] /a 4
[21/4/2017 17:59:37] /a 4
[21/4/2017 17:59:38] /a 4
[21/4/2017 17:59:38] /a 4v
[21/4/2017 17:59:39] /a 4
[21/4/2017 17:59:39] /a 4
[21/4/2017 17:59:40] /a 4
[21/4/2017 17:59:40] /a 4
[21/4/2017 17:59:40] /a 4
[21/4/2017 17:59:40] /a 4
[21/4/2017 17:59:41] /a 4
[21/4/2017 17:59:41] /a 4
[21/4/2017 17:59:41] /a 4
[21/4/2017 17:59:42] /a 4
[21/4/2017 17:59:43] /a 4
[21/4/2017 17:59:43] /a 4
[21/4/2017 17:59:43] /a 4
[21/4/2017 17:59:44] /a 4
[21/4/2017 17:59:44] /a 4
[21/4/2017 17:59:44] /a 4
[21/4/2017 17:59:45] /a 4
[21/4/2017 17:59:45] /a 4
[21/4/2017 17:59:45] /a 4
[21/4/2017 17:59:46] /a 4
[21/4/2017 17:59:46] /a 4
[21/4/2017 17:59:46] /a 4
[21/4/2017 17:59:46] /a 4
[21/4/2017 17:59:47] /a 4
[21/4/2017 17:59:47] /a 4
[21/4/2017 17:59:47] /a 4
[21/4/2017 17:59:48] /a 4
[21/4/2017 17:59:48] /a 4
[21/4/2017 17:59:49] /a 4
[21/4/2017 17:59:49] /a 4
[21/4/2017 17:59:50] /a 4
[21/4/2017 17:59:50] /a 4
[21/4/2017 17:59:51] /a 4
[21/4/2017 17:59:51] /a 4
[21/4/2017 17:59:52] /a 4
[21/4/2017 17:59:53] /a 4
[21/4/2017 17:59:54] /a 4
[21/4/2017 17:59:54] /a 4
[21/4/2017 17:59:54] /a 4
[21/4/2017 17:59:56] /a 5
[21/4/2017 17:59:56] /a 5
[21/4/2017 17:59:57] /a 5
[21/4/2017 17:59:58] /a 5
[21/4/2017 17:59:58] /a 5
[21/4/2017 17:59:59] /a 5
[21/4/2017 17:59:59] /a 5
[21/4/2017 18:0:0] /a 5
[21/4/2017 18:0:0] /a 5
[21/4/2017 18:0:0] /a 5
[21/4/2017 18:0:2] /a 5
[21/4/2017 18:0:8] /a 5
[21/4/2017 18:0:8] /a 5
[21/4/2017 18:0:9] /a 5
[21/4/2017 18:0:9] /a 5
[21/4/2017 18:0:10] /a 5
[21/4/2017 18:0:10] /a 5
[21/4/2017 18:0:10] /a 5
[21/4/2017 18:0:11] /a 5
[21/4/2017 18:0:11] /a 5
[21/4/2017 18:0:11] /a 5
[21/4/2017 18:0:12] /a 5
[21/4/2017 18:0:12] /a 5
[21/4/2017 18:0:12] /a 5
[21/4/2017 18:0:12] /a 5
[21/4/2017 18:0:13] /a 5
[21/4/2017 18:0:13] /a 5
[21/4/2017 18:0:13] /a 5
[21/4/2017 18:0:14] /a 5
[21/4/2017 18:0:14] /a 5
[21/4/2017 18:0:15] /a 5
[21/4/2017 18:0:15] /a 5
[21/4/2017 18:0:15] /a 5
[21/4/2017 18:0:16] /a 5
[21/4/2017 18:0:16] /a 5
[21/4/2017 18:0:16] /a 5
[21/4/2017 18:0:17] /a 5
[21/4/2017 18:0:17] /a 5
[21/4/2017 18:0:17] /a 5
[21/4/2017 18:0:18] /a 5
[21/4/2017 18:0:18] /a 5
[21/4/2017 18:0:18] /a 5
[21/4/2017 18:0:22] /a 5
[21/4/2017 18:0:22] /a 5/a 5
[21/4/2017 18:0:22] /a 5
[21/4/2017 18:0:22] /a 5
[21/4/2017 18:0:23] /a 5
[21/4/2017 18:0:23] /a 5
[21/4/2017 18:0:27] /a 5
[21/4/2017 18:0:27] /a 5
[21/4/2017 18:0:27] /a 5
[21/4/2017 18:0:28] /a 5
[21/4/2017 18:0:28] /a 5
[21/4/2017 18:0:29] /a 5
[21/4/2017 18:0:29] /a 5
[21/4/2017 18:0:29] /a 5
[21/4/2017 18:0:29] /a 5
[21/4/2017 18:0:30] /a 5
[21/4/2017 18:0:30] /a 5
[21/4/2017 18:0:31] /a 5
[21/4/2017 18:0:31] /a 5
[21/4/2017 18:0:31] /a 5
[21/4/2017 18:0:32] /a 5
[21/4/2017 18:0:32] /a 5
[21/4/2017 18:0:32] /a 5
[21/4/2017 18:0:32] /a 5
[21/4/2017 18:0:34] /a 5
[21/4/2017 18:0:35] /a 5
[21/4/2017 18:0:35] /a 5
[21/4/2017 18:0:36] /a 5
[21/4/2017 18:0:36] /a 5
[21/4/2017 18:0:36] /a 5
[21/4/2017 18:0:37] /a 5
[21/4/2017 18:0:37] /a 5
[21/4/2017 18:0:38] /a 5
[21/4/2017 18:0:38] /a 5
[21/4/2017 18:0:38] /a 5
[21/4/2017 18:0:39] /a 5
[21/4/2017 18:0:40] /a 5
[21/4/2017 18:0:40] /a 5
[21/4/2017 18:0:40] /a 5
[21/4/2017 18:0:41] /a 5
[21/4/2017 18:0:41] /a 5
[21/4/2017 18:0:42] /a 5
[21/4/2017 18:0:43] /a 5
[21/4/2017 18:0:43] /a 5
[21/4/2017 18:0:43] /a 5
[21/4/2017 18:0:44] /a 5
[21/4/2017 18:0:44] /a 5
[21/4/2017 18:0:44] /a 5
[21/4/2017 18:0:45] /a 5
[21/4/2017 18:0:45] /a 5
[21/4/2017 18:0:45] /a 5
[21/4/2017 18:0:46] /a 5
[21/4/2017 18:0:47] /a 5
[21/4/2017 18:0:48] /a 5
[21/4/2017 18:0:48] /a 5
[21/4/2017 18:0:48] /a 5
[21/4/2017 18:0:49] /a 5
[21/4/2017 18:0:49] /a 5
[21/4/2017 18:0:50] /a 5
[21/4/2017 18:0:50] /a 5
[21/4/2017 18:0:50] /a 5
[21/4/2017 18:0:51] /a 5
[21/4/2017 18:0:51] /a 5
[21/4/2017 18:0:52] /a 5
[21/4/2017 18:0:52] /a 5
[21/4/2017 18:0:53] /a 5
[21/4/2017 18:0:54] /a 5
[21/4/2017 18:0:54] /a 5
[21/4/2017 18:0:55] /a 5
[21/4/2017 18:0:55] /a 5
[21/4/2017 18:0:56] /a 5
[21/4/2017 18:0:57] /a 5
[21/4/2017 18:0:57] /a 5
[21/4/2017 18:0:57] /a 5
[21/4/2017 18:0:57] /a 5
[21/4/2017 18:0:57] /a 5
[21/4/2017 18:0:58] /a 5
[21/4/2017 18:0:58] /a 5
[21/4/2017 18:0:58] /a 5
[21/4/2017 18:0:59] /a 5
[21/4/2017 18:0:59] /a 5
[21/4/2017 18:0:59] /a 5
[21/4/2017 18:0:59] /a 5
[21/4/2017 18:1:0] /a 5
[21/4/2017 18:1:0] /a 5
[21/4/2017 18:1:0] /a 5
[21/4/2017 18:1:2] /a 5
[21/4/2017 18:1:2] /a 5
[21/4/2017 18:1:3] /a 5
[21/4/2017 18:1:3] /a 5
[21/4/2017 18:1:4] /a 5
[21/4/2017 18:1:4] /a 5
[21/4/2017 18:1:5] /a 5
[21/4/2017 18:1:5] /a 5
[21/4/2017 18:1:5] /a 5
[21/4/2017 18:1:6] /a 5
[21/4/2017 18:1:6] /a 5
[21/4/2017 18:1:6] /a 5
[21/4/2017 18:1:6] /a 5
[21/4/2017 18:1:7] /a 5
[21/4/2017 18:1:7] /a 5
[21/4/2017 18:1:8] /a 5
[21/4/2017 18:1:9] /a 5
[21/4/2017 18:1:9] /a 5
[21/4/2017 18:1:10] /a 5
[21/4/2017 18:1:10] /a 5
[21/4/2017 18:1:10] /a 5
[21/4/2017 18:1:12] /a 5
[21/4/2017 18:1:12] /a 5
[21/4/2017 18:1:12] /a 5
[21/4/2017 18:1:15] /a 5
[21/4/2017 18:1:16] /a 5
[21/4/2017 18:1:16] /a 5
[21/4/2017 18:1:17] /a 5
[21/4/2017 18:1:17] /a 5
[21/4/2017 18:1:17] /a 5
[21/4/2017 18:1:18] /a 5
[21/4/2017 18:1:18] /a 5
[21/4/2017 18:1:18] /a 5
[21/4/2017 18:1:18] /a 5
[21/4/2017 18:1:19] /a 5
[21/4/2017 18:1:19] /a 5
[21/4/2017 18:1:19] /a 5
[21/4/2017 18:1:19] /a 5
[21/4/2017 18:1:20] /a 5
[21/4/2017 18:1:20] /a 5
[21/4/2017 18:1:20] /a 5
[21/4/2017 18:1:21] /a 5/a 5
[21/4/2017 18:1:21] /a 5
[21/4/2017 18:1:21] /a 5
[21/4/2017 18:1:22] /a 5
[21/4/2017 18:1:22] /a 5
[21/4/2017 18:1:22] /a 5
[21/4/2017 18:1:24] /a 5
[21/4/2017 18:1:24] /a 5
[21/4/2017 18:1:24] /a 5
[21/4/2017 18:1:25] /a 5
[21/4/2017 18:1:25] /a 5
[21/4/2017 18:1:25] /a 5
[21/4/2017 18:1:26] /a 5
[21/4/2017 18:1:26] /a 5
[21/4/2017 18:1:26] /a 5
[21/4/2017 18:1:27] /a 5
[21/4/2017 18:1:27] /a 5
[21/4/2017 18:1:28] /a 5
[21/4/2017 18:1:28] /a 5
[21/4/2017 18:1:29] /a 5
[21/4/2017 18:1:29] /a 5
[21/4/2017 18:1:30] /a 5
[21/4/2017 18:1:30] /a 5
[21/4/2017 18:1:30] /a 5
[21/4/2017 18:1:31] /a 5
[21/4/2017 18:1:32] /a 5
[21/4/2017 18:1:32] /a 5
[21/4/2017 18:1:32] /a 5
[21/4/2017 18:1:33] /a 5
[21/4/2017 18:1:33] /a 5
[21/4/2017 18:1:33] /a 5
[21/4/2017 18:1:34] /a 5
[21/4/2017 18:1:34] /a 5
[21/4/2017 18:1:34] /a 5
[21/4/2017 18:1:34] /a 5
[21/4/2017 18:1:35] /a 5
[21/4/2017 18:1:35] /a 5
[21/4/2017 18:1:36] /a 5
[21/4/2017 18:1:47] /a 5
[21/4/2017 18:1:48] /a 5
[21/4/2017 18:1:48] /a 5
[21/4/2017 18:1:48] /a 5
[21/4/2017 18:1:48] /a 5
[21/4/2017 18:1:49] /a 5
[21/4/2017 18:1:49] /a 5
[21/4/2017 18:1:50] /a 5
[21/4/2017 18:1:50] /a 5
[21/4/2017 18:1:51] /a 5
[21/4/2017 18:1:51] /a 5
[21/4/2017 18:1:52] /a 5
[21/4/2017 18:1:52] /a 5
[21/4/2017 18:1:52] /a 5
[21/4/2017 18:1:52] /a 5
[21/4/2017 18:1:53] /a 5
[21/4/2017 18:1:53] /a 5
[21/4/2017 18:1:53] /a 5
[21/4/2017 18:1:54] /a 5
[21/4/2017 18:1:54] /a 5
[21/4/2017 18:1:55] /a 5
[21/4/2017 18:1:55] /a 5
[21/4/2017 18:1:56] /a 5
[21/4/2017 18:1:57] /a 5
[21/4/2017 18:1:58] /a 5
[21/4/2017 18:1:59] /a 5
[21/4/2017 18:2:0] /a 5
[21/4/2017 18:2:0] /a 5
[21/4/2017 18:2:1] /a 5
[21/4/2017 18:2:1] /a 5
[21/4/2017 18:2:1] /a 5
[21/4/2017 18:2:1] /a 5
[21/4/2017 18:2:2] /a 5
[21/4/2017 18:2:2] /a 5
[21/4/2017 18:2:2] /a 5
[21/4/2017 18:2:3] /a 5
[21/4/2017 18:2:3] /a 5
[21/4/2017 18:2:3] /a 5
[21/4/2017 18:2:4] /a 5
[21/4/2017 18:2:5] /a 5
[21/4/2017 18:2:5] /a 5
[21/4/2017 18:2:5] /a 5
[21/4/2017 18:2:6] /a 5
[21/4/2017 18:2:6] /a 5
[21/4/2017 18:2:6] /a 5
[21/4/2017 18:2:7] /a 5
[21/4/2017 18:2:7] /a 5
[21/4/2017 18:2:7] /a 5
[21/4/2017 18:2:8] /a 5
[21/4/2017 18:2:8] /a 5
[21/4/2017 18:2:8] /a 5
[21/4/2017 18:2:9] /a 5
[21/4/2017 18:2:10] /a 5
[21/4/2017 18:2:10] /a 5
[21/4/2017 18:2:11] /a 5
[21/4/2017 18:2:12] /a 5
[21/4/2017 18:2:12] /a 5
[21/4/2017 18:2:12] /a 5
[21/4/2017 18:2:13] /a 5
[21/4/2017 18:2:13] /a 5
[21/4/2017 18:2:13] /a 5
[21/4/2017 18:2:14] /a 5
[21/4/2017 18:2:14] /a 5
[21/4/2017 18:2:14] /a 5
[21/4/2017 18:2:14] /a 5
[21/4/2017 18:2:15] /a 5
[21/4/2017 18:2:15] /a 5
[21/4/2017 18:2:15] /a 5
[21/4/2017 18:2:15] /a 5
[21/4/2017 18:2:16] /a 5
[21/4/2017 18:2:16] /a 5
[21/4/2017 18:2:16] /a 5
[21/4/2017 18:2:17] /a 5
[21/4/2017 18:2:17] /a 5
[21/4/2017 18:2:18] /a 5
[21/4/2017 18:2:19] /a 5
[21/4/2017 18:2:19] /a 5
[21/4/2017 18:2:20] /a 5
[21/4/2017 18:2:20] /a 5
[21/4/2017 18:2:20] /a 5
[21/4/2017 18:2:20] /a 5
[21/4/2017 18:2:21] /a 5
[21/4/2017 18:2:21] /a 5
[21/4/2017 18:2:21] /a 5
[21/4/2017 18:2:22] /a 5
[21/4/2017 18:2:22] /a 5
[21/4/2017 18:2:22] /a 5
[21/4/2017 18:2:23] /a 5
[21/4/2017 18:2:23] /a 5
[21/4/2017 18:2:23] /a 5
[21/4/2017 18:2:23] /a 5
[21/4/2017 18:2:24] /a 5
[21/4/2017 18:2:24] /a 5
[21/4/2017 18:2:24] /a 5
[21/4/2017 18:2:25] /a 5
[21/4/2017 18:2:25] /a 5
[21/4/2017 18:2:25] /a 5
[21/4/2017 18:2:26] /a 5
[21/4/2017 18:2:26] /a 5
[21/4/2017 18:2:29] /a 5
[21/4/2017 18:2:29] /a 5
[21/4/2017 18:2:29] /a 5
[21/4/2017 18:2:29] /a 5
[21/4/2017 18:2:30] /a 5
[21/4/2017 18:2:30] /a 5
[21/4/2017 18:2:30] /a 5
[21/4/2017 18:2:31] /a 5
[21/4/2017 18:2:31] /a 5
[21/4/2017 18:2:31] /a 5
[21/4/2017 18:2:32] /a 5
[21/4/2017 18:2:32] /a 5
[21/4/2017 18:2:32] /a 5
[21/4/2017 18:2:33] /a 5
[21/4/2017 18:2:33] /a 5
[21/4/2017 18:2:33] /a 5
[21/4/2017 18:2:34] /a 5
[21/4/2017 18:2:34] /a 5
[21/4/2017 18:2:35] /a 5
[21/4/2017 18:2:36] /a 5
[21/4/2017 18:2:36] /a 5
[21/4/2017 18:2:37] /a 5
[21/4/2017 18:2:37] /a 5
[21/4/2017 18:2:38] /a 5
[21/4/2017 18:2:38] /a 5
[21/4/2017 18:2:39] /a 5
[21/4/2017 18:2:40] /a 5
[21/4/2017 18:2:42] /a 5
[21/4/2017 18:2:42] /a 5
[21/4/2017 18:2:43] /a 5
[21/4/2017 18:2:43] /a 5
[21/4/2017 18:2:43] /a 5
[21/4/2017 18:2:43] /a 5
[21/4/2017 18:2:44] /a 5
[21/4/2017 18:2:45] /a 5
[21/4/2017 18:2:45] /a 5
[21/4/2017 18:2:45] /a 5
[21/4/2017 18:2:46] /a 5
[21/4/2017 18:2:46] /a 5
[21/4/2017 18:2:47] /a 5
[21/4/2017 18:2:47] /a 5
[21/4/2017 18:2:47] /a 5
[21/4/2017 18:2:48] /a 5
[21/4/2017 18:2:48] /a 5
[21/4/2017 18:2:49] /a 5
[21/4/2017 18:2:49] /a 5
[21/4/2017 18:2:49] /a 5
[21/4/2017 18:2:50] /a 5
[21/4/2017 18:2:51] /a 5
[21/4/2017 18:2:51] /a 5
[21/4/2017 18:2:51] /a 5
[21/4/2017 18:2:51] /a 5
[21/4/2017 18:2:52] /a 5
[21/4/2017 18:2:52] /a 5
[21/4/2017 18:2:54] /a 5
[21/4/2017 18:2:54] /a 5
[21/4/2017 18:2:55] /a 5
[21/4/2017 18:2:55] /a 5
[21/4/2017 18:2:56] /a 5
[21/4/2017 18:2:56] /a 5/a 5
[21/4/2017 18:2:57] /a 5
[21/4/2017 18:2:57] /a 5
[21/4/2017 18:2:57] /a 5
[21/4/2017 18:2:57] /a 5
[21/4/2017 18:2:58] /a 5
[21/4/2017 18:2:58] /a 5
[21/4/2017 18:2:58] /a 5
[21/4/2017 18:2:59] /a 5
[21/4/2017 18:2:59] /a 5
[21/4/2017 18:2:59] /a 5
[21/4/2017 18:2:59] /a 5
[21/4/2017 18:3:0] /a 5
[21/4/2017 18:3:0] /a 5
[21/4/2017 18:3:0] /a 5
[21/4/2017 18:3:2] /a 5/a 5
[21/4/2017 18:3:2] /a 5
[21/4/2017 18:3:2] /a 5
[21/4/2017 18:3:3] /a 5
[21/4/2017 18:3:3] /a 5
[21/4/2017 18:3:4] /a 5
[21/4/2017 18:3:5] /a 5
[21/4/2017 18:3:5] /a 5
[21/4/2017 18:3:5] /a 5
[21/4/2017 18:3:5] /a 5
[21/4/2017 18:3:6] /a 5
[21/4/2017 18:3:6] /a 5
[21/4/2017 18:3:7] /a 5
[21/4/2017 18:3:8] /a 5
[21/4/2017 18:3:15] /a 5
[21/4/2017 18:3:15] /a 5
[21/4/2017 18:3:26] /a 5
[21/4/2017 18:3:26] /a 5
[21/4/2017 18:3:27] /a 5
[21/4/2017 18:3:27] /a 5
[21/4/2017 18:3:27] /a 5
[21/4/2017 18:3:28] /a 5
[21/4/2017 18:3:41] /c marliin on
[21/4/2017 18:3:51] /c Victorzeerah
[21/4/2017 18:3:54] /c Marlin on
[21/4/2017 18:3:55] /ghost
[21/4/2017 18:3:57] /goto Kuwz Qar
[21/4/2017 18:3:59] /goto victorzeerah
[21/4/2017 18:4:0] /c Kuwz Qar
[21/4/2017 18:4:4] /c Mohamed mcz
[21/4/2017 18:4:5] /t
[21/4/2017 18:4:53] /goto victorzeerah
[21/4/2017 18:4:54] /c Paris Saint Germain
[21/4/2017 18:4:55] /t
[21/4/2017 18:5:26] /b DUVIDAS ? HELP
[21/4/2017 18:5:27] /b DUVIDAS ? HELP
[21/4/2017 18:5:31] /goto Baalsz S
[21/4/2017 18:6:32] /goto ball sz
[21/4/2017 18:6:58] /goto Baalsz S
[21/4/2017 18:7:18] /goto victorzeerah
[21/4/2017 18:7:53] /t
[21/4/2017 18:12:11] /goto Paris Saint Germain
[21/4/2017 18:12:13] /up
[21/4/2017 18:12:13] /up
[21/4/2017 18:12:15] /up
[21/4/2017 18:12:18] /a 2
[21/4/2017 18:12:19] /c Paris Saint Germain
[21/4/2017 18:12:23] /ghost
